2022-04-21 22:37:23,643 DEBUG Namespace(arch='vgg11_bn', attack_client=0, attack_epochs=300, attack_style='SoftTrain_option', average_time=1, batch_size=128, bottleneck_option='None', cutlayer=4, data_proportion=0.02, dataset='cifar10', filename='ace_V2_epoch_vgg11_bn_cutlayer_4_client_1_seed125_dataset_cifar10_lr_0.05_200epoch', folder='saves/baseline', learning_rate=0.005, noniid_ratio=1.0, num_client=1, num_epochs='best', num_query=1000, random_seed=123, regularization='None', regularization_strength=0.0, scheme='V2_epoch', surrogate_arch='same', test_best=True, train_clas_layer=3.0)
2022-04-21 22:37:27,121 DEBUG Test (client-0):	Loss 0.6165 (0.3623)	Prec@1 81.250 (91.890)
2022-04-21 22:37:27,121 DEBUG  * Prec@1 91.890
2022-04-21 22:37:27,122 DEBUG 6
2022-04-21 22:37:27,122 DEBUG surrogate parameter has 6 trainable parameters!
2022-04-21 22:37:29,482 DEBUG epoch: 0, val_acc: 5.23, val_fidelity: 4.91
2022-04-21 22:37:30,600 DEBUG epoch: 1, train_acc: 20.748197078704834, val_acc: 54.26, fidel_score: 55.79, acc_loss: 2.222695529460907, grad_loss: None
2022-04-21 22:37:31,722 DEBUG epoch: 2, train_acc: 86.012619972229, val_acc: 91.37, fidel_score: 97.09, acc_loss: 1.7131559997797012, grad_loss: None
2022-04-21 22:37:32,851 DEBUG epoch: 3, train_acc: 96.2890625, val_acc: 91.49, fidel_score: 97.96, acc_loss: 1.1529273614287376, grad_loss: None
2022-04-21 22:37:33,980 DEBUG epoch: 4, train_acc: 96.86748790740967, val_acc: 91.66, fidel_score: 98.87, acc_loss: 0.699481338262558, grad_loss: None
2022-04-21 22:37:35,112 DEBUG epoch: 5, train_acc: 97.829026222229, val_acc: 91.75, fidel_score: 99.04, acc_loss: 0.48256003484129906, grad_loss: None
2022-04-21 22:37:36,246 DEBUG epoch: 6, train_acc: 97.25060081481934, val_acc: 91.84, fidel_score: 99.09, acc_loss: 0.3183487132191658, grad_loss: None
2022-04-21 22:37:37,375 DEBUG epoch: 7, train_acc: 99.0234375, val_acc: 91.77, fidel_score: 99.05, acc_loss: 0.18150953948497772, grad_loss: None
2022-04-21 22:37:38,505 DEBUG epoch: 8, train_acc: 97.66376209259033, val_acc: 91.79, fidel_score: 98.96, acc_loss: 0.18298089876770973, grad_loss: None
2022-04-21 22:37:39,624 DEBUG epoch: 9, train_acc: 97.51352119445801, val_acc: 91.83, fidel_score: 98.89, acc_loss: 0.16359080653637648, grad_loss: None
2022-04-21 22:37:40,759 DEBUG epoch: 10, train_acc: 98.53515625, val_acc: 91.78, fidel_score: 98.82, acc_loss: 0.11836009565740824, grad_loss: None
2022-04-21 22:37:41,880 DEBUG epoch: 11, train_acc: 97.265625, val_acc: 91.77, fidel_score: 98.79, acc_loss: 0.13317349553108215, grad_loss: None
2022-04-21 22:37:43,010 DEBUG epoch: 12, train_acc: 98.88070869445801, val_acc: 91.78, fidel_score: 98.75, acc_loss: 0.0915780896320939, grad_loss: None
2022-04-21 22:37:44,135 DEBUG epoch: 13, train_acc: 98.49008369445801, val_acc: 91.81, fidel_score: 98.83, acc_loss: 0.101383444853127, grad_loss: None
2022-04-21 22:37:45,256 DEBUG epoch: 14, train_acc: 97.75390625, val_acc: 91.88, fidel_score: 98.67, acc_loss: 0.12643226515501738, grad_loss: None
2022-04-21 22:37:46,381 DEBUG epoch: 15, train_acc: 97.58864116668701, val_acc: 91.86, fidel_score: 98.6, acc_loss: 0.1145998272113502, grad_loss: None
2022-04-21 22:37:47,498 DEBUG epoch: 16, train_acc: 97.39332866668701, val_acc: 91.92, fidel_score: 98.56, acc_loss: 0.13091062707826495, grad_loss: None
2022-04-21 22:37:48,629 DEBUG epoch: 17, train_acc: 98.44501209259033, val_acc: 91.93, fidel_score: 98.49, acc_loss: 0.10618070885539055, grad_loss: None
2022-04-21 22:37:49,778 DEBUG epoch: 18, train_acc: 97.75390625, val_acc: 91.86, fidel_score: 98.51, acc_loss: 0.10536575736477971, grad_loss: None
2022-04-21 22:37:50,897 DEBUG epoch: 19, train_acc: 98.6328125, val_acc: 91.81, fidel_score: 98.53, acc_loss: 0.08334402879700065, grad_loss: None
2022-04-21 22:37:52,026 DEBUG epoch: 20, train_acc: 98.33984375, val_acc: 91.83, fidel_score: 98.47, acc_loss: 0.08823966886848211, grad_loss: None
2022-04-21 22:37:53,159 DEBUG epoch: 21, train_acc: 97.16796875, val_acc: 91.96, fidel_score: 98.33, acc_loss: 0.12625895394012332, grad_loss: None
2022-04-21 22:37:54,269 DEBUG epoch: 22, train_acc: 96.97265625, val_acc: 91.99, fidel_score: 98.24, acc_loss: 0.12214612867683172, grad_loss: None
2022-04-21 22:37:55,406 DEBUG epoch: 23, train_acc: 98.46754741668701, val_acc: 91.99, fidel_score: 98.23, acc_loss: 0.08116897195577621, grad_loss: None
2022-04-21 22:37:56,540 DEBUG epoch: 24, train_acc: 97.731369972229, val_acc: 92.0, fidel_score: 98.2, acc_loss: 0.12001317227259278, grad_loss: None
2022-04-21 22:37:57,691 DEBUG epoch: 25, train_acc: 98.39242744445801, val_acc: 91.98, fidel_score: 98.2, acc_loss: 0.08934793854132295, grad_loss: None
2022-04-21 22:37:58,806 DEBUG epoch: 26, train_acc: 97.12289619445801, val_acc: 91.96, fidel_score: 98.24, acc_loss: 0.11802508542314172, grad_loss: None
2022-04-21 22:37:59,945 DEBUG epoch: 27, train_acc: 96.38671875, val_acc: 91.96, fidel_score: 98.32, acc_loss: 0.1420080957468599, grad_loss: None
2022-04-21 22:38:01,055 DEBUG epoch: 28, train_acc: 98.03185081481934, val_acc: 91.93, fidel_score: 98.34, acc_loss: 0.08408438181504607, grad_loss: None
2022-04-21 22:38:02,170 DEBUG epoch: 29, train_acc: 99.12109375, val_acc: 91.95, fidel_score: 98.25, acc_loss: 0.05341967404820025, grad_loss: None
2022-04-21 22:38:03,304 DEBUG epoch: 30, train_acc: 99.12109375, val_acc: 91.96, fidel_score: 98.28, acc_loss: 0.05783237610012293, grad_loss: None
2022-04-21 22:38:04,430 DEBUG epoch: 31, train_acc: 99.000901222229, val_acc: 91.93, fidel_score: 98.35, acc_loss: 0.05798866506665945, grad_loss: None
2022-04-21 22:38:05,551 DEBUG epoch: 32, train_acc: 95.778244972229, val_acc: 91.96, fidel_score: 98.29, acc_loss: 0.16317247319966555, grad_loss: None
2022-04-21 22:38:06,693 DEBUG epoch: 33, train_acc: 99.782151222229, val_acc: 91.92, fidel_score: 98.26, acc_loss: 0.03668876620940864, grad_loss: None
2022-04-21 22:38:07,819 DEBUG epoch: 34, train_acc: 99.31640625, val_acc: 91.91, fidel_score: 98.16, acc_loss: 0.050046773394569755, grad_loss: None
2022-04-21 22:38:08,939 DEBUG epoch: 35, train_acc: 97.88160991668701, val_acc: 91.87, fidel_score: 98.15, acc_loss: 0.09334352845326066, grad_loss: None
2022-04-21 22:38:10,070 DEBUG epoch: 36, train_acc: 98.00180244445801, val_acc: 91.86, fidel_score: 97.96, acc_loss: 0.08927546860650182, grad_loss: None
2022-04-21 22:38:11,195 DEBUG epoch: 37, train_acc: 98.53515625, val_acc: 91.84, fidel_score: 98.0, acc_loss: 0.0745419361628592, grad_loss: None
2022-04-21 22:38:12,307 DEBUG epoch: 38, train_acc: 98.317307472229, val_acc: 91.91, fidel_score: 98.03, acc_loss: 0.07791388733312488, grad_loss: None
2022-04-21 22:38:13,437 DEBUG epoch: 39, train_acc: 98.414963722229, val_acc: 91.93, fidel_score: 98.13, acc_loss: 0.07895216229371727, grad_loss: None
2022-04-21 22:38:14,559 DEBUG epoch: 40, train_acc: 98.414963722229, val_acc: 91.91, fidel_score: 98.1, acc_loss: 0.07552361115813255, grad_loss: None
2022-04-21 22:38:15,690 DEBUG epoch: 41, train_acc: 98.88070869445801, val_acc: 91.88, fidel_score: 98.02, acc_loss: 0.05285503342747688, grad_loss: None
2022-04-21 22:38:16,819 DEBUG epoch: 42, train_acc: 95.5078125, val_acc: 91.86, fidel_score: 97.97, acc_loss: 0.16765773412771523, grad_loss: None
2022-04-21 22:38:17,925 DEBUG epoch: 43, train_acc: 98.92578125, val_acc: 91.9, fidel_score: 98.02, acc_loss: 0.05844219750724733, grad_loss: None
2022-04-21 22:38:19,055 DEBUG epoch: 44, train_acc: 98.14453125, val_acc: 91.92, fidel_score: 98.05, acc_loss: 0.08177581382915378, grad_loss: None
2022-04-21 22:38:20,198 DEBUG epoch: 45, train_acc: 97.731369972229, val_acc: 91.87, fidel_score: 97.85, acc_loss: 0.0965007885824889, grad_loss: None
2022-04-21 22:38:21,336 DEBUG epoch: 46, train_acc: 98.88070869445801, val_acc: 91.9, fidel_score: 97.83, acc_loss: 0.06941238534636796, grad_loss: None
2022-04-21 22:38:22,453 DEBUG epoch: 47, train_acc: 97.29567241668701, val_acc: 91.87, fidel_score: 97.81, acc_loss: 0.09484333428554237, grad_loss: None
2022-04-21 22:38:23,559 DEBUG epoch: 48, train_acc: 98.805588722229, val_acc: 91.91, fidel_score: 97.82, acc_loss: 0.06912523647770286, grad_loss: None
2022-04-21 22:38:24,670 DEBUG epoch: 49, train_acc: 97.829026222229, val_acc: 91.92, fidel_score: 97.88, acc_loss: 0.09353145444765687, grad_loss: None
2022-04-21 22:38:25,796 DEBUG epoch: 50, train_acc: 98.2421875, val_acc: 91.94, fidel_score: 97.93, acc_loss: 0.08256239327602088, grad_loss: None
2022-04-21 22:38:26,915 DEBUG epoch: 51, train_acc: 97.536057472229, val_acc: 92.02, fidel_score: 97.91, acc_loss: 0.10278949094936252, grad_loss: None
2022-04-21 22:38:28,034 DEBUG epoch: 52, train_acc: 98.707932472229, val_acc: 91.99, fidel_score: 97.88, acc_loss: 0.05546051519922912, grad_loss: None
2022-04-21 22:38:29,159 DEBUG epoch: 53, train_acc: 98.512619972229, val_acc: 91.95, fidel_score: 97.88, acc_loss: 0.06218475103378296, grad_loss: None
2022-04-21 22:38:30,290 DEBUG epoch: 54, train_acc: 98.07692241668701, val_acc: 91.92, fidel_score: 97.89, acc_loss: 0.08081026142463088, grad_loss: None
2022-04-21 22:38:31,415 DEBUG epoch: 55, train_acc: 98.903244972229, val_acc: 91.94, fidel_score: 97.92, acc_loss: 0.060128675773739815, grad_loss: None
2022-04-21 22:38:32,543 DEBUG epoch: 56, train_acc: 97.81400203704834, val_acc: 91.93, fidel_score: 97.95, acc_loss: 0.09669966576620936, grad_loss: None
2022-04-21 22:38:33,689 DEBUG epoch: 57, train_acc: 97.55859375, val_acc: 91.96, fidel_score: 97.86, acc_loss: 0.08685713214799762, grad_loss: None
2022-04-21 22:38:34,820 DEBUG epoch: 58, train_acc: 98.707932472229, val_acc: 91.94, fidel_score: 97.99, acc_loss: 0.06586865242570639, grad_loss: None
2022-04-21 22:38:35,941 DEBUG epoch: 59, train_acc: 99.12860584259033, val_acc: 91.95, fidel_score: 98.12, acc_loss: 0.046495381044223905, grad_loss: None
2022-04-21 22:38:37,075 DEBUG epoch: 60, train_acc: 95.99609375, val_acc: 91.94, fidel_score: 98.11, acc_loss: 0.17125288490206003, grad_loss: None
2022-04-21 22:38:38,209 DEBUG epoch: 61, train_acc: 98.828125, val_acc: 91.95, fidel_score: 98.13, acc_loss: 0.05480693280696869, grad_loss: None
2022-04-21 22:38:39,336 DEBUG epoch: 62, train_acc: 97.08533668518066, val_acc: 91.97, fidel_score: 98.11, acc_loss: 0.11589924129657447, grad_loss: None
2022-04-21 22:38:40,465 DEBUG epoch: 63, train_acc: 99.000901222229, val_acc: 91.94, fidel_score: 98.13, acc_loss: 0.0638064593076706, grad_loss: None
2022-04-21 22:38:41,593 DEBUG epoch: 64, train_acc: 98.317307472229, val_acc: 91.94, fidel_score: 98.12, acc_loss: 0.08224583463743329, grad_loss: None
2022-04-21 22:38:42,738 DEBUG epoch: 65, train_acc: 98.53515625, val_acc: 91.96, fidel_score: 98.12, acc_loss: 0.06685246340930462, grad_loss: None
2022-04-21 22:38:43,861 DEBUG epoch: 66, train_acc: 97.36328125, val_acc: 91.97, fidel_score: 98.15, acc_loss: 0.10154000902548432, grad_loss: None
2022-04-21 22:38:44,978 DEBUG epoch: 67, train_acc: 97.536057472229, val_acc: 91.97, fidel_score: 98.15, acc_loss: 0.08527973340824246, grad_loss: None
2022-04-21 22:38:46,113 DEBUG epoch: 68, train_acc: 98.57271575927734, val_acc: 91.98, fidel_score: 98.12, acc_loss: 0.07052144594490528, grad_loss: None
2022-04-21 22:38:47,237 DEBUG epoch: 69, train_acc: 98.828125, val_acc: 91.96, fidel_score: 98.13, acc_loss: 0.06722275610081851, grad_loss: None
2022-04-21 22:38:48,365 DEBUG epoch: 70, train_acc: 97.39332866668701, val_acc: 91.96, fidel_score: 98.16, acc_loss: 0.10666284756734967, grad_loss: None
2022-04-21 22:38:49,486 DEBUG epoch: 71, train_acc: 99.27133369445801, val_acc: 91.95, fidel_score: 98.15, acc_loss: 0.05422884109430015, grad_loss: None
2022-04-21 22:38:50,619 DEBUG epoch: 72, train_acc: 98.68539619445801, val_acc: 91.96, fidel_score: 98.15, acc_loss: 0.06301909685134888, grad_loss: None
2022-04-21 22:38:51,747 DEBUG epoch: 73, train_acc: 98.27223491668701, val_acc: 91.97, fidel_score: 98.1, acc_loss: 0.0831170896999538, grad_loss: None
2022-04-21 22:38:52,875 DEBUG epoch: 74, train_acc: 98.09945869445801, val_acc: 91.98, fidel_score: 98.06, acc_loss: 0.07426906656473875, grad_loss: None
2022-04-21 22:38:54,003 DEBUG epoch: 75, train_acc: 98.59525203704834, val_acc: 91.96, fidel_score: 98.03, acc_loss: 0.0719859073869884, grad_loss: None
2022-04-21 22:38:55,125 DEBUG epoch: 76, train_acc: 99.0234375, val_acc: 91.95, fidel_score: 98.04, acc_loss: 0.05023660906590521, grad_loss: None
2022-04-21 22:38:56,254 DEBUG epoch: 77, train_acc: 97.39332866668701, val_acc: 91.97, fidel_score: 98.03, acc_loss: 0.09148925170302391, grad_loss: None
2022-04-21 22:38:57,369 DEBUG epoch: 78, train_acc: 97.8515625, val_acc: 91.93, fidel_score: 98.0, acc_loss: 0.08311119116842747, grad_loss: None
2022-04-21 22:38:58,497 DEBUG epoch: 79, train_acc: 98.046875, val_acc: 91.95, fidel_score: 97.98, acc_loss: 0.08708098507486284, grad_loss: None
2022-04-21 22:38:59,635 DEBUG epoch: 80, train_acc: 98.414963722229, val_acc: 91.93, fidel_score: 98.0, acc_loss: 0.06743401964195073, grad_loss: None
2022-04-21 22:39:00,768 DEBUG epoch: 81, train_acc: 97.36328125, val_acc: 91.93, fidel_score: 97.99, acc_loss: 0.09328082576394081, grad_loss: None
2022-04-21 22:39:01,911 DEBUG epoch: 82, train_acc: 97.27313709259033, val_acc: 91.94, fidel_score: 98.0, acc_loss: 0.11088737891986966, grad_loss: None
2022-04-21 22:39:03,036 DEBUG epoch: 83, train_acc: 97.29567241668701, val_acc: 91.93, fidel_score: 98.02, acc_loss: 0.10560279153287411, grad_loss: None
2022-04-21 22:39:04,165 DEBUG epoch: 84, train_acc: 97.0703125, val_acc: 91.92, fidel_score: 97.99, acc_loss: 0.1267813751474023, grad_loss: None
2022-04-21 22:39:05,306 DEBUG epoch: 85, train_acc: 99.36898994445801, val_acc: 91.94, fidel_score: 97.95, acc_loss: 0.049617034615948796, grad_loss: None
2022-04-21 22:39:06,429 DEBUG epoch: 86, train_acc: 97.829026222229, val_acc: 91.93, fidel_score: 97.92, acc_loss: 0.10138539178296924, grad_loss: None
2022-04-21 22:39:07,566 DEBUG epoch: 87, train_acc: 98.2421875, val_acc: 91.94, fidel_score: 97.92, acc_loss: 0.08102255337871611, grad_loss: None
2022-04-21 22:39:08,699 DEBUG epoch: 88, train_acc: 97.91917037963867, val_acc: 91.91, fidel_score: 97.92, acc_loss: 0.09277866035699844, grad_loss: None
2022-04-21 22:39:09,835 DEBUG epoch: 89, train_acc: 98.92578125, val_acc: 91.91, fidel_score: 97.87, acc_loss: 0.06487074354663491, grad_loss: None
2022-04-21 22:39:10,974 DEBUG epoch: 90, train_acc: 98.2421875, val_acc: 91.9, fidel_score: 97.85, acc_loss: 0.07324019959196448, grad_loss: None
2022-04-21 22:39:12,105 DEBUG epoch: 91, train_acc: 98.2421875, val_acc: 91.88, fidel_score: 97.8, acc_loss: 0.08192269876599312, grad_loss: None
2022-04-21 22:39:13,267 DEBUG epoch: 92, train_acc: 98.6328125, val_acc: 91.88, fidel_score: 97.77, acc_loss: 0.06945900525897741, grad_loss: None
2022-04-21 22:39:14,389 DEBUG epoch: 93, train_acc: 98.828125, val_acc: 91.88, fidel_score: 97.77, acc_loss: 0.06119796494022012, grad_loss: None
2022-04-21 22:39:15,523 DEBUG epoch: 94, train_acc: 98.219651222229, val_acc: 91.9, fidel_score: 97.79, acc_loss: 0.07600597431883216, grad_loss: None
2022-04-21 22:39:16,659 DEBUG epoch: 95, train_acc: 98.53515625, val_acc: 91.9, fidel_score: 97.79, acc_loss: 0.06325589492917061, grad_loss: None
2022-04-21 22:39:17,794 DEBUG epoch: 96, train_acc: 98.2421875, val_acc: 91.91, fidel_score: 97.83, acc_loss: 0.08501045405864716, grad_loss: None
2022-04-21 22:39:18,923 DEBUG epoch: 97, train_acc: 99.609375, val_acc: 91.87, fidel_score: 97.85, acc_loss: 0.04702056967653334, grad_loss: None
2022-04-21 22:39:20,053 DEBUG epoch: 98, train_acc: 97.31820869445801, val_acc: 91.86, fidel_score: 97.83, acc_loss: 0.09826689725741744, grad_loss: None
2022-04-21 22:39:21,176 DEBUG epoch: 99, train_acc: 98.33984375, val_acc: 91.86, fidel_score: 97.76, acc_loss: 0.08835090463981032, grad_loss: None
2022-04-21 22:39:22,295 DEBUG epoch: 100, train_acc: 98.33984375, val_acc: 91.86, fidel_score: 97.75, acc_loss: 0.06982625415548682, grad_loss: None
2022-04-21 22:39:23,424 DEBUG epoch: 101, train_acc: 97.54356956481934, val_acc: 91.84, fidel_score: 97.76, acc_loss: 0.09647201863117516, grad_loss: None
2022-04-21 22:39:24,550 DEBUG epoch: 102, train_acc: 98.828125, val_acc: 91.84, fidel_score: 97.78, acc_loss: 0.060319331707432866, grad_loss: None
2022-04-21 22:39:25,679 DEBUG epoch: 103, train_acc: 98.707932472229, val_acc: 91.87, fidel_score: 97.82, acc_loss: 0.06364087550900877, grad_loss: None
2022-04-21 22:39:26,809 DEBUG epoch: 104, train_acc: 98.14453125, val_acc: 91.87, fidel_score: 97.87, acc_loss: 0.08836839441210032, grad_loss: None
2022-04-21 22:39:27,941 DEBUG epoch: 105, train_acc: 97.75390625, val_acc: 91.86, fidel_score: 97.85, acc_loss: 0.0852194600738585, grad_loss: None
2022-04-21 22:39:29,067 DEBUG epoch: 106, train_acc: 98.512619972229, val_acc: 91.88, fidel_score: 97.82, acc_loss: 0.05715159373357892, grad_loss: None
2022-04-21 22:39:30,189 DEBUG epoch: 107, train_acc: 97.93419456481934, val_acc: 91.92, fidel_score: 97.84, acc_loss: 0.08886141958646476, grad_loss: None
2022-04-21 22:39:31,309 DEBUG epoch: 108, train_acc: 98.4375, val_acc: 91.92, fidel_score: 97.85, acc_loss: 0.07135466253384948, grad_loss: None
2022-04-21 22:39:32,440 DEBUG epoch: 109, train_acc: 97.55859375, val_acc: 91.91, fidel_score: 97.86, acc_loss: 0.10412562498822808, grad_loss: None
2022-04-21 22:39:33,571 DEBUG epoch: 110, train_acc: 99.000901222229, val_acc: 91.9, fidel_score: 97.87, acc_loss: 0.05694631254300475, grad_loss: None
2022-04-21 22:39:34,711 DEBUG epoch: 111, train_acc: 98.76051616668701, val_acc: 91.91, fidel_score: 97.87, acc_loss: 0.06617281143553555, grad_loss: None
2022-04-21 22:39:35,841 DEBUG epoch: 112, train_acc: 98.414963722229, val_acc: 91.91, fidel_score: 97.84, acc_loss: 0.07001302414573729, grad_loss: None
2022-04-21 22:39:36,974 DEBUG epoch: 113, train_acc: 97.74639415740967, val_acc: 91.92, fidel_score: 97.84, acc_loss: 0.092117081861943, grad_loss: None
2022-04-21 22:39:38,092 DEBUG epoch: 114, train_acc: 97.75390625, val_acc: 91.93, fidel_score: 97.85, acc_loss: 0.0909056942909956, grad_loss: None
2022-04-21 22:39:39,206 DEBUG epoch: 115, train_acc: 99.24879741668701, val_acc: 91.93, fidel_score: 97.84, acc_loss: 0.04143850994296372, grad_loss: None
2022-04-21 22:39:40,327 DEBUG epoch: 116, train_acc: 98.92578125, val_acc: 91.92, fidel_score: 97.85, acc_loss: 0.06355172651819885, grad_loss: None
2022-04-21 22:39:41,456 DEBUG epoch: 117, train_acc: 98.14453125, val_acc: 91.92, fidel_score: 97.85, acc_loss: 0.09754126286134124, grad_loss: None
2022-04-21 22:39:42,581 DEBUG epoch: 118, train_acc: 98.73046875, val_acc: 91.93, fidel_score: 97.88, acc_loss: 0.05927557637915015, grad_loss: None
2022-04-21 22:39:43,714 DEBUG epoch: 119, train_acc: 98.317307472229, val_acc: 91.93, fidel_score: 97.9, acc_loss: 0.08684172132052481, grad_loss: None
2022-04-21 22:39:44,841 DEBUG epoch: 120, train_acc: 98.6328125, val_acc: 91.93, fidel_score: 97.92, acc_loss: 0.06941406964324415, grad_loss: None
2022-04-21 22:39:45,956 DEBUG epoch: 121, train_acc: 98.36989116668701, val_acc: 91.9, fidel_score: 97.92, acc_loss: 0.07743653352372348, grad_loss: None
2022-04-21 22:39:47,094 DEBUG epoch: 122, train_acc: 99.21875, val_acc: 91.9, fidel_score: 97.95, acc_loss: 0.0556237178388983, grad_loss: None
2022-04-21 22:39:48,213 DEBUG epoch: 123, train_acc: 99.0234375, val_acc: 91.9, fidel_score: 97.95, acc_loss: 0.05652868887409568, grad_loss: None
2022-04-21 22:39:49,324 DEBUG epoch: 124, train_acc: 98.53515625, val_acc: 91.9, fidel_score: 97.97, acc_loss: 0.06812283955514431, grad_loss: None
2022-04-21 22:39:50,447 DEBUG epoch: 125, train_acc: 96.53695869445801, val_acc: 91.91, fidel_score: 97.96, acc_loss: 0.11046422272920609, grad_loss: None
2022-04-21 22:39:51,567 DEBUG epoch: 126, train_acc: 97.90414619445801, val_acc: 91.91, fidel_score: 97.96, acc_loss: 0.08293314184993505, grad_loss: None
2022-04-21 22:39:52,694 DEBUG epoch: 127, train_acc: 99.196213722229, val_acc: 91.9, fidel_score: 97.93, acc_loss: 0.05191489774733782, grad_loss: None
2022-04-21 22:39:53,810 DEBUG epoch: 128, train_acc: 98.53515625, val_acc: 91.9, fidel_score: 97.9, acc_loss: 0.07145521370694041, grad_loss: None
2022-04-21 22:39:54,931 DEBUG epoch: 129, train_acc: 97.70883369445801, val_acc: 91.92, fidel_score: 97.88, acc_loss: 0.0891519421711564, grad_loss: None
2022-04-21 22:39:56,066 DEBUG epoch: 130, train_acc: 98.54266834259033, val_acc: 91.88, fidel_score: 97.89, acc_loss: 0.06942625693045557, grad_loss: None
2022-04-21 22:39:57,190 DEBUG epoch: 131, train_acc: 98.07692241668701, val_acc: 91.88, fidel_score: 97.87, acc_loss: 0.0726600622292608, grad_loss: None
2022-04-21 22:39:58,306 DEBUG epoch: 132, train_acc: 94.97445869445801, val_acc: 91.9, fidel_score: 97.87, acc_loss: 0.16931375535205007, grad_loss: None
2022-04-21 22:39:59,425 DEBUG epoch: 133, train_acc: 97.94921875, val_acc: 91.89, fidel_score: 97.86, acc_loss: 0.07998052448965609, grad_loss: None
2022-04-21 22:40:00,552 DEBUG epoch: 134, train_acc: 97.83653831481934, val_acc: 91.9, fidel_score: 97.87, acc_loss: 0.07194444863125682, grad_loss: None
2022-04-21 22:40:01,683 DEBUG epoch: 135, train_acc: 98.09945869445801, val_acc: 91.9, fidel_score: 97.89, acc_loss: 0.0799306882545352, grad_loss: None
2022-04-21 22:40:02,795 DEBUG epoch: 136, train_acc: 98.512619972229, val_acc: 91.9, fidel_score: 97.89, acc_loss: 0.06088596652261913, grad_loss: None
2022-04-21 22:40:03,917 DEBUG epoch: 137, train_acc: 97.71634578704834, val_acc: 91.9, fidel_score: 97.91, acc_loss: 0.08293861150741577, grad_loss: None
2022-04-21 22:40:05,036 DEBUG epoch: 138, train_acc: 99.51171875, val_acc: 91.89, fidel_score: 97.9, acc_loss: 0.03674359037540853, grad_loss: None
2022-04-21 22:40:06,158 DEBUG epoch: 139, train_acc: 98.610276222229, val_acc: 91.9, fidel_score: 97.92, acc_loss: 0.06504136649891734, grad_loss: None
2022-04-21 22:40:07,285 DEBUG epoch: 140, train_acc: 98.12950706481934, val_acc: 91.91, fidel_score: 97.92, acc_loss: 0.0815569362603128, grad_loss: None
2022-04-21 22:40:08,407 DEBUG epoch: 141, train_acc: 97.265625, val_acc: 91.93, fidel_score: 97.92, acc_loss: 0.10254749446175992, grad_loss: None
2022-04-21 22:40:09,552 DEBUG epoch: 142, train_acc: 98.4375, val_acc: 91.87, fidel_score: 97.87, acc_loss: 0.07854502741247416, grad_loss: None
2022-04-21 22:40:10,671 DEBUG epoch: 143, train_acc: 98.046875, val_acc: 91.87, fidel_score: 97.83, acc_loss: 0.08667641039937735, grad_loss: None
2022-04-21 22:40:11,813 DEBUG epoch: 144, train_acc: 98.121994972229, val_acc: 91.89, fidel_score: 97.84, acc_loss: 0.0837636988144368, grad_loss: None
2022-04-21 22:40:12,939 DEBUG epoch: 145, train_acc: 99.0234375, val_acc: 91.91, fidel_score: 97.88, acc_loss: 0.05064726481214166, grad_loss: None
2022-04-21 22:40:14,081 DEBUG epoch: 146, train_acc: 97.829026222229, val_acc: 91.91, fidel_score: 97.88, acc_loss: 0.09297249047085643, grad_loss: None
2022-04-21 22:40:15,202 DEBUG epoch: 147, train_acc: 96.92758369445801, val_acc: 91.92, fidel_score: 97.88, acc_loss: 0.11035016272217035, grad_loss: None
2022-04-21 22:40:16,328 DEBUG epoch: 148, train_acc: 98.29477119445801, val_acc: 91.88, fidel_score: 97.86, acc_loss: 0.07864941679872572, grad_loss: None
2022-04-21 22:40:17,449 DEBUG epoch: 149, train_acc: 98.121994972229, val_acc: 91.84, fidel_score: 97.81, acc_loss: 0.07886625570245087, grad_loss: None
2022-04-21 22:40:18,570 DEBUG epoch: 150, train_acc: 98.53515625, val_acc: 91.85, fidel_score: 97.8, acc_loss: 0.06824774551205337, grad_loss: None
2022-04-21 22:40:19,692 DEBUG epoch: 151, train_acc: 97.94921875, val_acc: 91.85, fidel_score: 97.8, acc_loss: 0.08076441567391157, grad_loss: None
2022-04-21 22:40:20,840 DEBUG epoch: 152, train_acc: 96.82992744445801, val_acc: 91.86, fidel_score: 97.8, acc_loss: 0.11829841299913824, grad_loss: None
2022-04-21 22:40:21,957 DEBUG epoch: 153, train_acc: 98.64032459259033, val_acc: 91.86, fidel_score: 97.8, acc_loss: 0.06924489280208945, grad_loss: None
2022-04-21 22:40:23,080 DEBUG epoch: 154, train_acc: 97.17548084259033, val_acc: 91.85, fidel_score: 97.81, acc_loss: 0.10025515407323837, grad_loss: None
2022-04-21 22:40:24,213 DEBUG epoch: 155, train_acc: 96.46935081481934, val_acc: 91.86, fidel_score: 97.82, acc_loss: 0.12559412326663733, grad_loss: None
2022-04-21 22:40:25,346 DEBUG epoch: 156, train_acc: 97.926682472229, val_acc: 91.86, fidel_score: 97.82, acc_loss: 0.0870513110421598, grad_loss: None
2022-04-21 22:40:26,498 DEBUG epoch: 157, train_acc: 98.49008369445801, val_acc: 91.86, fidel_score: 97.82, acc_loss: 0.05922203278169036, grad_loss: None
2022-04-21 22:40:27,626 DEBUG epoch: 158, train_acc: 98.903244972229, val_acc: 91.87, fidel_score: 97.81, acc_loss: 0.05976916942745447, grad_loss: None
2022-04-21 22:40:28,736 DEBUG epoch: 159, train_acc: 99.000901222229, val_acc: 91.88, fidel_score: 97.81, acc_loss: 0.0600612701382488, grad_loss: None
2022-04-21 22:40:29,849 DEBUG epoch: 160, train_acc: 98.53515625, val_acc: 91.88, fidel_score: 97.81, acc_loss: 0.06405982794240117, grad_loss: None
2022-04-21 22:40:30,972 DEBUG epoch: 161, train_acc: 97.61868953704834, val_acc: 91.86, fidel_score: 97.8, acc_loss: 0.0932384692132473, grad_loss: None
2022-04-21 22:40:32,098 DEBUG epoch: 162, train_acc: 98.58773994445801, val_acc: 91.86, fidel_score: 97.8, acc_loss: 0.07464596815407276, grad_loss: None
2022-04-21 22:40:33,214 DEBUG epoch: 163, train_acc: 97.75390625, val_acc: 91.86, fidel_score: 97.8, acc_loss: 0.08642263803631067, grad_loss: None
2022-04-21 22:40:34,375 DEBUG epoch: 164, train_acc: 99.90234375, val_acc: 91.88, fidel_score: 97.8, acc_loss: 0.028780391672626138, grad_loss: None
2022-04-21 22:40:35,496 DEBUG epoch: 165, train_acc: 97.17548084259033, val_acc: 91.87, fidel_score: 97.8, acc_loss: 0.09860480949282646, grad_loss: None
2022-04-21 22:40:36,638 DEBUG epoch: 166, train_acc: 98.805588722229, val_acc: 91.85, fidel_score: 97.81, acc_loss: 0.05702709755860269, grad_loss: None
2022-04-21 22:40:37,777 DEBUG epoch: 167, train_acc: 99.15114116668701, val_acc: 91.85, fidel_score: 97.81, acc_loss: 0.053102994337677956, grad_loss: None
2022-04-21 22:40:38,898 DEBUG epoch: 168, train_acc: 98.49008369445801, val_acc: 91.84, fidel_score: 97.81, acc_loss: 0.07047042855992913, grad_loss: None
2022-04-21 22:40:40,019 DEBUG epoch: 169, train_acc: 98.024338722229, val_acc: 91.86, fidel_score: 97.81, acc_loss: 0.07844236376695335, grad_loss: None
2022-04-21 22:40:41,144 DEBUG epoch: 170, train_acc: 97.88160991668701, val_acc: 91.88, fidel_score: 97.82, acc_loss: 0.08141734171658754, grad_loss: None
2022-04-21 22:40:42,249 DEBUG epoch: 171, train_acc: 98.93329334259033, val_acc: 91.88, fidel_score: 97.82, acc_loss: 0.06048661679960787, grad_loss: None
2022-04-21 22:40:43,372 DEBUG epoch: 172, train_acc: 98.97836494445801, val_acc: 91.87, fidel_score: 97.83, acc_loss: 0.05129062430933118, grad_loss: None
2022-04-21 22:40:44,493 DEBUG epoch: 173, train_acc: 99.31640625, val_acc: 91.87, fidel_score: 97.85, acc_loss: 0.04883769131265581, grad_loss: None
2022-04-21 22:40:45,616 DEBUG epoch: 174, train_acc: 98.707932472229, val_acc: 91.87, fidel_score: 97.85, acc_loss: 0.0635048970580101, grad_loss: None
2022-04-21 22:40:46,734 DEBUG epoch: 175, train_acc: 97.68629741668701, val_acc: 91.88, fidel_score: 97.85, acc_loss: 0.0951307830400765, grad_loss: None
2022-04-21 22:40:47,874 DEBUG epoch: 176, train_acc: 97.10787200927734, val_acc: 91.89, fidel_score: 97.84, acc_loss: 0.10188606311567128, grad_loss: None
2022-04-21 22:40:48,999 DEBUG epoch: 177, train_acc: 98.4375, val_acc: 91.89, fidel_score: 97.86, acc_loss: 0.06923617026768625, grad_loss: None
2022-04-21 22:40:50,146 DEBUG epoch: 178, train_acc: 97.70883369445801, val_acc: 91.88, fidel_score: 97.87, acc_loss: 0.08127631596289575, grad_loss: None
2022-04-21 22:40:51,266 DEBUG epoch: 179, train_acc: 99.0234375, val_acc: 91.89, fidel_score: 97.86, acc_loss: 0.057086565531790257, grad_loss: None
2022-04-21 22:40:52,401 DEBUG epoch: 180, train_acc: 97.36328125, val_acc: 91.89, fidel_score: 97.86, acc_loss: 0.10277456068433821, grad_loss: None
2022-04-21 22:40:53,518 DEBUG epoch: 181, train_acc: 99.000901222229, val_acc: 91.87, fidel_score: 97.88, acc_loss: 0.06367982970550656, grad_loss: None
2022-04-21 22:40:54,643 DEBUG epoch: 182, train_acc: 98.24969959259033, val_acc: 91.87, fidel_score: 97.88, acc_loss: 0.07405493734404445, grad_loss: None
2022-04-21 22:40:55,783 DEBUG epoch: 183, train_acc: 97.17548084259033, val_acc: 91.88, fidel_score: 97.87, acc_loss: 0.10781904216855764, grad_loss: None
2022-04-21 22:40:56,904 DEBUG epoch: 184, train_acc: 98.85817241668701, val_acc: 91.87, fidel_score: 97.88, acc_loss: 0.06741667119786143, grad_loss: None
2022-04-21 22:40:58,035 DEBUG epoch: 185, train_acc: 97.46844959259033, val_acc: 91.88, fidel_score: 97.87, acc_loss: 0.0980762168765068, grad_loss: None
2022-04-21 22:40:59,158 DEBUG epoch: 186, train_acc: 99.21875, val_acc: 91.88, fidel_score: 97.86, acc_loss: 0.05115648126229644, grad_loss: None
2022-04-21 22:41:00,283 DEBUG epoch: 187, train_acc: 99.0234375, val_acc: 91.88, fidel_score: 97.86, acc_loss: 0.05067142890766263, grad_loss: None
2022-04-21 22:41:01,424 DEBUG epoch: 188, train_acc: 99.000901222229, val_acc: 91.88, fidel_score: 97.85, acc_loss: 0.05941453925333917, grad_loss: None
2022-04-21 22:41:02,556 DEBUG epoch: 189, train_acc: 98.17457866668701, val_acc: 91.87, fidel_score: 97.86, acc_loss: 0.07935067010112107, grad_loss: None
2022-04-21 22:41:03,684 DEBUG epoch: 190, train_acc: 97.22055244445801, val_acc: 91.87, fidel_score: 97.84, acc_loss: 0.1019544533919543, grad_loss: None
2022-04-21 22:41:04,809 DEBUG epoch: 191, train_acc: 98.2421875, val_acc: 91.87, fidel_score: 97.86, acc_loss: 0.07694244827143848, grad_loss: None
2022-04-21 22:41:05,936 DEBUG epoch: 192, train_acc: 98.805588722229, val_acc: 91.89, fidel_score: 97.84, acc_loss: 0.06974482908844948, grad_loss: None
2022-04-21 22:41:07,062 DEBUG epoch: 193, train_acc: 99.4140625, val_acc: 91.89, fidel_score: 97.84, acc_loss: 0.051304599503055215, grad_loss: None
2022-04-21 22:41:08,188 DEBUG epoch: 194, train_acc: 98.046875, val_acc: 91.89, fidel_score: 97.84, acc_loss: 0.08465089788660407, grad_loss: None
2022-04-21 22:41:09,324 DEBUG epoch: 195, train_acc: 98.66285991668701, val_acc: 91.88, fidel_score: 97.83, acc_loss: 0.06097210664302111, grad_loss: None
2022-04-21 22:41:10,435 DEBUG epoch: 196, train_acc: 97.17548084259033, val_acc: 91.87, fidel_score: 97.85, acc_loss: 0.10937445797026157, grad_loss: None
2022-04-21 22:41:11,553 DEBUG epoch: 197, train_acc: 98.39242744445801, val_acc: 91.87, fidel_score: 97.85, acc_loss: 0.07647492340765893, grad_loss: None
2022-04-21 22:41:12,690 DEBUG epoch: 198, train_acc: 98.828125, val_acc: 91.87, fidel_score: 97.85, acc_loss: 0.061101597500965, grad_loss: None
2022-04-21 22:41:13,820 DEBUG epoch: 199, train_acc: 99.31640625, val_acc: 91.87, fidel_score: 97.85, acc_loss: 0.05205267132259905, grad_loss: None
2022-04-21 22:41:14,950 DEBUG epoch: 200, train_acc: 98.53515625, val_acc: 91.87, fidel_score: 97.85, acc_loss: 0.06817845208570361, grad_loss: None
2022-04-21 22:41:16,062 DEBUG epoch: 201, train_acc: 97.68629741668701, val_acc: 91.87, fidel_score: 97.85, acc_loss: 0.09870421863161027, grad_loss: None
2022-04-21 22:41:17,198 DEBUG epoch: 202, train_acc: 99.0234375, val_acc: 91.87, fidel_score: 97.85, acc_loss: 0.054897361900657415, grad_loss: None
2022-04-21 22:41:18,329 DEBUG epoch: 203, train_acc: 99.05348491668701, val_acc: 91.87, fidel_score: 97.85, acc_loss: 0.05786893330514431, grad_loss: None
2022-04-21 22:41:19,455 DEBUG epoch: 204, train_acc: 96.50691032409668, val_acc: 91.85, fidel_score: 97.87, acc_loss: 0.13286301214247942, grad_loss: None
2022-04-21 22:41:20,577 DEBUG epoch: 205, train_acc: 97.633713722229, val_acc: 91.86, fidel_score: 97.89, acc_loss: 0.09480896382592618, grad_loss: None
2022-04-21 22:41:21,694 DEBUG epoch: 206, train_acc: 98.805588722229, val_acc: 91.87, fidel_score: 97.88, acc_loss: 0.06100371293723583, grad_loss: None
2022-04-21 22:41:22,826 DEBUG epoch: 207, train_acc: 97.51352119445801, val_acc: 91.87, fidel_score: 97.88, acc_loss: 0.09623598959296942, grad_loss: None
2022-04-21 22:41:23,948 DEBUG epoch: 208, train_acc: 98.73046875, val_acc: 91.88, fidel_score: 97.87, acc_loss: 0.0565086817368865, grad_loss: None
2022-04-21 22:41:25,114 DEBUG epoch: 209, train_acc: 98.66285991668701, val_acc: 91.88, fidel_score: 97.87, acc_loss: 0.0629569161683321, grad_loss: None
2022-04-21 22:41:26,232 DEBUG epoch: 210, train_acc: 98.83563709259033, val_acc: 91.88, fidel_score: 97.87, acc_loss: 0.054889446357265115, grad_loss: None
2022-04-21 22:41:27,351 DEBUG epoch: 211, train_acc: 98.52013206481934, val_acc: 91.87, fidel_score: 97.88, acc_loss: 0.06041086162440479, grad_loss: None
2022-04-21 22:41:28,468 DEBUG epoch: 212, train_acc: 96.91255950927734, val_acc: 91.88, fidel_score: 97.89, acc_loss: 0.11325448006391525, grad_loss: None
2022-04-21 22:41:29,596 DEBUG epoch: 213, train_acc: 96.97265625, val_acc: 91.87, fidel_score: 97.88, acc_loss: 0.118121731095016, grad_loss: None
2022-04-21 22:41:30,729 DEBUG epoch: 214, train_acc: 99.000901222229, val_acc: 91.87, fidel_score: 97.88, acc_loss: 0.05622232938185334, grad_loss: None
2022-04-21 22:41:31,851 DEBUG epoch: 215, train_acc: 97.731369972229, val_acc: 91.86, fidel_score: 97.87, acc_loss: 0.08953185006976128, grad_loss: None
2022-04-21 22:41:32,970 DEBUG epoch: 216, train_acc: 97.829026222229, val_acc: 91.86, fidel_score: 97.86, acc_loss: 0.09629434044472873, grad_loss: None
2022-04-21 22:41:34,096 DEBUG epoch: 217, train_acc: 98.68539619445801, val_acc: 91.86, fidel_score: 97.86, acc_loss: 0.05803105770610273, grad_loss: None
2022-04-21 22:41:35,209 DEBUG epoch: 218, train_acc: 98.73046875, val_acc: 91.84, fidel_score: 97.86, acc_loss: 0.06248547206632793, grad_loss: None
2022-04-21 22:41:36,340 DEBUG epoch: 219, train_acc: 98.73046875, val_acc: 91.85, fidel_score: 97.85, acc_loss: 0.06163448141887784, grad_loss: None
2022-04-21 22:41:37,462 DEBUG epoch: 220, train_acc: 98.53515625, val_acc: 91.84, fidel_score: 97.83, acc_loss: 0.076544432900846, grad_loss: None
2022-04-21 22:41:38,601 DEBUG epoch: 221, train_acc: 99.32391834259033, val_acc: 91.84, fidel_score: 97.84, acc_loss: 0.0404124790802598, grad_loss: None
2022-04-21 22:41:39,735 DEBUG epoch: 222, train_acc: 96.80739116668701, val_acc: 91.85, fidel_score: 97.85, acc_loss: 0.12535992311313748, grad_loss: None
2022-04-21 22:41:40,862 DEBUG epoch: 223, train_acc: 98.828125, val_acc: 91.85, fidel_score: 97.85, acc_loss: 0.06321734981611371, grad_loss: None
2022-04-21 22:41:41,985 DEBUG epoch: 224, train_acc: 98.317307472229, val_acc: 91.85, fidel_score: 97.85, acc_loss: 0.07959774625487626, grad_loss: None
2022-04-21 22:41:43,118 DEBUG epoch: 225, train_acc: 98.024338722229, val_acc: 91.85, fidel_score: 97.85, acc_loss: 0.07199001079425216, grad_loss: None
2022-04-21 22:41:44,267 DEBUG epoch: 226, train_acc: 97.55859375, val_acc: 91.84, fidel_score: 97.86, acc_loss: 0.0963550319429487, grad_loss: None
2022-04-21 22:41:45,397 DEBUG epoch: 227, train_acc: 98.2421875, val_acc: 91.85, fidel_score: 97.87, acc_loss: 0.08908638637512922, grad_loss: None
2022-04-21 22:41:46,502 DEBUG epoch: 228, train_acc: 98.68539619445801, val_acc: 91.86, fidel_score: 97.85, acc_loss: 0.0601984728127718, grad_loss: None
2022-04-21 22:41:47,628 DEBUG epoch: 229, train_acc: 98.42247581481934, val_acc: 91.86, fidel_score: 97.85, acc_loss: 0.06410901225171983, grad_loss: None
2022-04-21 22:41:48,755 DEBUG epoch: 230, train_acc: 98.14453125, val_acc: 91.88, fidel_score: 97.83, acc_loss: 0.07482351502403617, grad_loss: None
2022-04-21 22:41:49,893 DEBUG epoch: 231, train_acc: 98.2421875, val_acc: 91.89, fidel_score: 97.82, acc_loss: 0.07459172187373042, grad_loss: None
2022-04-21 22:41:51,017 DEBUG epoch: 232, train_acc: 97.39332866668701, val_acc: 91.88, fidel_score: 97.82, acc_loss: 0.11268489249050617, grad_loss: None
2022-04-21 22:41:52,136 DEBUG epoch: 233, train_acc: 98.97836494445801, val_acc: 91.87, fidel_score: 97.83, acc_loss: 0.06363190221600235, grad_loss: None
2022-04-21 22:41:53,264 DEBUG epoch: 234, train_acc: 99.17367744445801, val_acc: 91.87, fidel_score: 97.83, acc_loss: 0.05198600562289357, grad_loss: None
2022-04-21 22:41:54,391 DEBUG epoch: 235, train_acc: 98.707932472229, val_acc: 91.87, fidel_score: 97.83, acc_loss: 0.06674571707844734, grad_loss: None
2022-04-21 22:41:55,528 DEBUG epoch: 236, train_acc: 98.27223491668701, val_acc: 91.88, fidel_score: 97.82, acc_loss: 0.06682116817682981, grad_loss: None
2022-04-21 22:41:56,650 DEBUG epoch: 237, train_acc: 97.46844959259033, val_acc: 91.88, fidel_score: 97.82, acc_loss: 0.09752165200188756, grad_loss: None
2022-04-21 22:41:57,764 DEBUG epoch: 238, train_acc: 97.633713722229, val_acc: 91.87, fidel_score: 97.83, acc_loss: 0.08391164964996278, grad_loss: None
2022-04-21 22:41:58,902 DEBUG epoch: 239, train_acc: 99.12109375, val_acc: 91.87, fidel_score: 97.85, acc_loss: 0.05846587708219886, grad_loss: None
2022-04-21 22:42:00,028 DEBUG epoch: 240, train_acc: 98.92578125, val_acc: 91.87, fidel_score: 97.85, acc_loss: 0.05905229179188609, grad_loss: None
2022-04-21 22:42:01,162 DEBUG epoch: 241, train_acc: 99.12109375, val_acc: 91.87, fidel_score: 97.85, acc_loss: 0.057986414059996605, grad_loss: None
2022-04-21 22:42:02,293 DEBUG epoch: 242, train_acc: 97.69380950927734, val_acc: 91.87, fidel_score: 97.85, acc_loss: 0.08329121582210064, grad_loss: None
2022-04-21 22:42:03,439 DEBUG epoch: 243, train_acc: 98.54266834259033, val_acc: 91.87, fidel_score: 97.85, acc_loss: 0.05217651813291013, grad_loss: None
2022-04-21 22:42:04,547 DEBUG epoch: 244, train_acc: 99.17367744445801, val_acc: 91.87, fidel_score: 97.85, acc_loss: 0.05366091360338032, grad_loss: None
2022-04-21 22:42:05,679 DEBUG epoch: 245, train_acc: 98.07692241668701, val_acc: 91.87, fidel_score: 97.85, acc_loss: 0.08243945520371199, grad_loss: None
2022-04-21 22:42:06,801 DEBUG epoch: 246, train_acc: 99.21875, val_acc: 91.88, fidel_score: 97.86, acc_loss: 0.04783021449111402, grad_loss: None
2022-04-21 22:42:07,921 DEBUG epoch: 247, train_acc: 99.0234375, val_acc: 91.88, fidel_score: 97.86, acc_loss: 0.05390446772798896, grad_loss: None
2022-04-21 22:42:09,056 DEBUG epoch: 248, train_acc: 97.01021575927734, val_acc: 91.88, fidel_score: 97.86, acc_loss: 0.10550211207009852, grad_loss: None
2022-04-21 22:42:10,193 DEBUG epoch: 249, train_acc: 97.97926616668701, val_acc: 91.88, fidel_score: 97.86, acc_loss: 0.07572942646220326, grad_loss: None
2022-04-21 22:42:11,320 DEBUG epoch: 250, train_acc: 99.4140625, val_acc: 91.88, fidel_score: 97.86, acc_loss: 0.03789152577519417, grad_loss: None
2022-04-21 22:42:12,431 DEBUG epoch: 251, train_acc: 97.8515625, val_acc: 91.87, fidel_score: 97.87, acc_loss: 0.09330044966191053, grad_loss: None
2022-04-21 22:42:13,576 DEBUG epoch: 252, train_acc: 97.52103328704834, val_acc: 91.86, fidel_score: 97.86, acc_loss: 0.0937096681445837, grad_loss: None
2022-04-21 22:42:14,708 DEBUG epoch: 253, train_acc: 98.85817241668701, val_acc: 91.87, fidel_score: 97.87, acc_loss: 0.0684023885987699, grad_loss: None
2022-04-21 22:42:15,849 DEBUG epoch: 254, train_acc: 98.4375, val_acc: 91.87, fidel_score: 97.87, acc_loss: 0.0681229589972645, grad_loss: None
2022-04-21 22:42:16,968 DEBUG epoch: 255, train_acc: 99.098557472229, val_acc: 91.87, fidel_score: 97.87, acc_loss: 0.04746351460926235, grad_loss: None
2022-04-21 22:42:18,098 DEBUG epoch: 256, train_acc: 98.317307472229, val_acc: 91.87, fidel_score: 97.87, acc_loss: 0.0829839373473078, grad_loss: None
2022-04-21 22:42:19,231 DEBUG epoch: 257, train_acc: 98.46754741668701, val_acc: 91.87, fidel_score: 97.87, acc_loss: 0.06988693377934396, grad_loss: None
2022-04-21 22:42:20,358 DEBUG epoch: 258, train_acc: 98.317307472229, val_acc: 91.86, fidel_score: 97.86, acc_loss: 0.06640310841612518, grad_loss: None
2022-04-21 22:42:21,482 DEBUG epoch: 259, train_acc: 98.03185081481934, val_acc: 91.86, fidel_score: 97.86, acc_loss: 0.08681412413716316, grad_loss: None
2022-04-21 22:42:22,602 DEBUG epoch: 260, train_acc: 99.000901222229, val_acc: 91.87, fidel_score: 97.87, acc_loss: 0.04947100207209587, grad_loss: None
2022-04-21 22:42:23,734 DEBUG epoch: 261, train_acc: 98.414963722229, val_acc: 91.87, fidel_score: 97.87, acc_loss: 0.07234010915271938, grad_loss: None
2022-04-21 22:42:24,864 DEBUG epoch: 262, train_acc: 98.49008369445801, val_acc: 91.88, fidel_score: 97.86, acc_loss: 0.06460901908576488, grad_loss: None
2022-04-21 22:42:26,005 DEBUG epoch: 263, train_acc: 98.12950706481934, val_acc: 91.88, fidel_score: 97.86, acc_loss: 0.074274986051023, grad_loss: None
2022-04-21 22:42:27,126 DEBUG epoch: 264, train_acc: 96.90504741668701, val_acc: 91.88, fidel_score: 97.86, acc_loss: 0.11468217778019607, grad_loss: None
2022-04-21 22:42:28,252 DEBUG epoch: 265, train_acc: 99.34645366668701, val_acc: 91.88, fidel_score: 97.86, acc_loss: 0.05532895866781473, grad_loss: None
2022-04-21 22:42:29,375 DEBUG epoch: 266, train_acc: 98.78305244445801, val_acc: 91.88, fidel_score: 97.86, acc_loss: 0.05437021562829614, grad_loss: None
2022-04-21 22:42:30,502 DEBUG epoch: 267, train_acc: 98.19711494445801, val_acc: 91.88, fidel_score: 97.86, acc_loss: 0.06558181368745863, grad_loss: None
2022-04-21 22:42:31,629 DEBUG epoch: 268, train_acc: 98.828125, val_acc: 91.87, fidel_score: 97.87, acc_loss: 0.0580673988442868, grad_loss: None
2022-04-21 22:42:32,755 DEBUG epoch: 269, train_acc: 98.2421875, val_acc: 91.87, fidel_score: 97.87, acc_loss: 0.08573633059859276, grad_loss: None
2022-04-21 22:42:33,867 DEBUG epoch: 270, train_acc: 98.42247581481934, val_acc: 91.87, fidel_score: 97.87, acc_loss: 0.06556992116384208, grad_loss: None
2022-04-21 22:42:34,995 DEBUG epoch: 271, train_acc: 98.33984375, val_acc: 91.87, fidel_score: 97.87, acc_loss: 0.07093752967193723, grad_loss: None
2022-04-21 22:42:36,124 DEBUG epoch: 272, train_acc: 97.80648994445801, val_acc: 91.87, fidel_score: 97.87, acc_loss: 0.07741466583684087, grad_loss: None
2022-04-21 22:42:37,248 DEBUG epoch: 273, train_acc: 97.15294456481934, val_acc: 91.87, fidel_score: 97.87, acc_loss: 0.12172523816116154, grad_loss: None
2022-04-21 22:42:38,381 DEBUG epoch: 274, train_acc: 98.39242744445801, val_acc: 91.87, fidel_score: 97.87, acc_loss: 0.08384300186298788, grad_loss: None
2022-04-21 22:42:39,504 DEBUG epoch: 275, train_acc: 99.0234375, val_acc: 91.87, fidel_score: 97.87, acc_loss: 0.06018174486234784, grad_loss: None
2022-04-21 22:42:40,630 DEBUG epoch: 276, train_acc: 99.196213722229, val_acc: 91.88, fidel_score: 97.88, acc_loss: 0.05273103667423129, grad_loss: None
2022-04-21 22:42:41,751 DEBUG epoch: 277, train_acc: 96.92758369445801, val_acc: 91.88, fidel_score: 97.88, acc_loss: 0.11773939616978168, grad_loss: None
2022-04-21 22:42:42,872 DEBUG epoch: 278, train_acc: 99.31640625, val_acc: 91.88, fidel_score: 97.88, acc_loss: 0.04373488016426563, grad_loss: None
2022-04-21 22:42:43,993 DEBUG epoch: 279, train_acc: 99.21875, val_acc: 91.89, fidel_score: 97.87, acc_loss: 0.056368445977568626, grad_loss: None
2022-04-21 22:42:45,116 DEBUG epoch: 280, train_acc: 98.68539619445801, val_acc: 91.89, fidel_score: 97.87, acc_loss: 0.06786813959479332, grad_loss: None
2022-04-21 22:42:46,233 DEBUG epoch: 281, train_acc: 99.56430244445801, val_acc: 91.89, fidel_score: 97.87, acc_loss: 0.03902011993341148, grad_loss: None
2022-04-21 22:42:47,366 DEBUG epoch: 282, train_acc: 98.53515625, val_acc: 91.89, fidel_score: 97.87, acc_loss: 0.06851155613549054, grad_loss: None
2022-04-21 22:42:48,488 DEBUG epoch: 283, train_acc: 98.39242744445801, val_acc: 91.89, fidel_score: 97.87, acc_loss: 0.07634979579597712, grad_loss: None
2022-04-21 22:42:49,625 DEBUG epoch: 284, train_acc: 98.92578125, val_acc: 91.89, fidel_score: 97.87, acc_loss: 0.05974161205813289, grad_loss: None
2022-04-21 22:42:50,751 DEBUG epoch: 285, train_acc: 96.68719959259033, val_acc: 91.88, fidel_score: 97.88, acc_loss: 0.1247007455676794, grad_loss: None
2022-04-21 22:42:51,885 DEBUG epoch: 286, train_acc: 98.317307472229, val_acc: 91.88, fidel_score: 97.88, acc_loss: 0.07581897731870413, grad_loss: None
2022-04-21 22:42:53,018 DEBUG epoch: 287, train_acc: 99.000901222229, val_acc: 91.86, fidel_score: 97.86, acc_loss: 0.06341382535174489, grad_loss: None
2022-04-21 22:42:54,155 DEBUG epoch: 288, train_acc: 98.09945869445801, val_acc: 91.87, fidel_score: 97.85, acc_loss: 0.09253693837672472, grad_loss: None
2022-04-21 22:42:55,289 DEBUG epoch: 289, train_acc: 98.046875, val_acc: 91.88, fidel_score: 97.86, acc_loss: 0.07522273249924183, grad_loss: None
2022-04-21 22:42:56,421 DEBUG epoch: 290, train_acc: 96.49188709259033, val_acc: 91.88, fidel_score: 97.86, acc_loss: 0.13065396808087826, grad_loss: None
2022-04-21 22:42:57,549 DEBUG epoch: 291, train_acc: 97.90414619445801, val_acc: 91.87, fidel_score: 97.85, acc_loss: 0.07468260265886784, grad_loss: None
2022-04-21 22:42:58,677 DEBUG epoch: 292, train_acc: 97.926682472229, val_acc: 91.88, fidel_score: 97.86, acc_loss: 0.07194074359722435, grad_loss: None
2022-04-21 22:42:59,801 DEBUG epoch: 293, train_acc: 99.21875, val_acc: 91.88, fidel_score: 97.86, acc_loss: 0.05301517830230296, grad_loss: None
2022-04-21 22:43:00,935 DEBUG epoch: 294, train_acc: 97.03275203704834, val_acc: 91.88, fidel_score: 97.86, acc_loss: 0.11002437165006995, grad_loss: None
2022-04-21 22:43:02,069 DEBUG epoch: 295, train_acc: 97.85907459259033, val_acc: 91.88, fidel_score: 97.86, acc_loss: 0.0988725614733994, grad_loss: None
2022-04-21 22:43:03,197 DEBUG epoch: 296, train_acc: 98.2421875, val_acc: 91.88, fidel_score: 97.86, acc_loss: 0.08485736674629152, grad_loss: None
2022-04-21 22:43:04,318 DEBUG epoch: 297, train_acc: 99.0234375, val_acc: 91.88, fidel_score: 97.86, acc_loss: 0.059103394858539104, grad_loss: None
2022-04-21 22:43:05,455 DEBUG epoch: 298, train_acc: 98.73046875, val_acc: 91.88, fidel_score: 97.86, acc_loss: 0.0598593323957175, grad_loss: None
2022-04-21 22:43:06,599 DEBUG epoch: 299, train_acc: 99.4140625, val_acc: 91.88, fidel_score: 97.86, acc_loss: 0.048602537252008915, grad_loss: None
2022-04-21 22:43:07,727 DEBUG epoch: 300, train_acc: 97.81400203704834, val_acc: 91.88, fidel_score: 97.86, acc_loss: 0.08663458004593849, grad_loss: None
2022-04-21 22:43:07,727 DEBUG load best stealed model.
2022-04-21 22:43:07,727 DEBUG Best perform model, val_acc: 92.02, fidel_score: 97.91, acc_loss: 0.10278949094936252
2022-04-21 22:43:07,728 DEBUG load cloest stealed model.
2022-04-21 22:43:07,728 DEBUG Closest perform model, val_acc: 91.84, fidel_score: 99.09, acc_loss: 0.10278949094936252
