2022-04-27 20:27:09,408 DEBUG Namespace(arch='vgg11_bn', attack_client=0, attack_epochs=300, attack_style='SoftTrain_option', average_time=1, batch_size=128, bottleneck_option='None', cutlayer=4, data_proportion=0.02, dataset='cifar10', filename='ace_V2_epoch_vgg11_bn_cutlayer_4_client_1_seed125_dataset_cifar10_lr_0.05_200epoch', folder='saves/baseline', learning_rate=0.05, noniid_ratio=1.0, num_client=1, num_epochs='best', num_query=10000, random_seed=123, regularization='None', regularization_strength=0.0, scheme='V2_epoch', surrogate_arch='same', test_best=True, train_clas_layer=6.0)
2022-04-27 20:27:14,796 DEBUG Test (client-0):	Loss 0.6165 (0.3623)	Prec@1 81.250 (91.890)
2022-04-27 20:27:14,796 DEBUG  * Prec@1 91.890
2022-04-27 20:27:14,885 DEBUG 18
2022-04-27 20:27:14,885 DEBUG surrogate parameter has 18 trainable parameters!
2022-04-27 20:27:19,970 DEBUG epoch: 0, val_acc: 10.14, val_fidelity: 10.31
2022-04-27 20:27:21,837 DEBUG epoch: 1, train_acc: 15.640023946762085, val_acc: 19.69, fidel_score: 19.82, acc_loss: 3.052453726530075, grad_loss: None
2022-04-27 20:27:23,843 DEBUG epoch: 2, train_acc: 22.731370210647583, val_acc: 26.95, fidel_score: 27.24, acc_loss: 2.0958820432424545, grad_loss: None
2022-04-27 20:27:25,950 DEBUG epoch: 3, train_acc: 32.21905040740967, val_acc: 37.24, fidel_score: 37.24, acc_loss: 1.7954951524734497, grad_loss: None
2022-04-27 20:27:28,090 DEBUG epoch: 4, train_acc: 40.602463722229004, val_acc: 45.95, fidel_score: 46.24, acc_loss: 1.506839707493782, grad_loss: None
2022-04-27 20:27:30,035 DEBUG epoch: 5, train_acc: 50.25540828704834, val_acc: 52.42, fidel_score: 53.0, acc_loss: 1.3411375135183334, grad_loss: None
2022-04-27 20:27:32,074 DEBUG epoch: 6, train_acc: 57.399338722229004, val_acc: 61.57, fidel_score: 62.84, acc_loss: 1.212887391448021, grad_loss: None
2022-04-27 20:27:34,215 DEBUG epoch: 7, train_acc: 67.05979537963867, val_acc: 63.54, fidel_score: 65.11, acc_loss: 0.9336399137973785, grad_loss: None
2022-04-27 20:27:36,333 DEBUG epoch: 8, train_acc: 71.42427825927734, val_acc: 72.35, fidel_score: 73.72, acc_loss: 0.8269998729228973, grad_loss: None
2022-04-27 20:27:38,531 DEBUG epoch: 9, train_acc: 78.48557662963867, val_acc: 73.54, fidel_score: 74.5, acc_loss: 0.686719261109829, grad_loss: None
2022-04-27 20:27:40,586 DEBUG epoch: 10, train_acc: 82.27914619445801, val_acc: 75.65, fidel_score: 77.36, acc_loss: 0.5871962681412697, grad_loss: None
2022-04-27 20:27:42,659 DEBUG epoch: 11, train_acc: 85.02854537963867, val_acc: 77.69, fidel_score: 79.85, acc_loss: 0.5181347839534283, grad_loss: None
2022-04-27 20:27:44,609 DEBUG epoch: 12, train_acc: 86.33563709259033, val_acc: 80.27, fidel_score: 81.99, acc_loss: 0.5263353325426579, grad_loss: None
2022-04-27 20:27:46,351 DEBUG epoch: 13, train_acc: 90.36959075927734, val_acc: 80.42, fidel_score: 82.09, acc_loss: 0.3972339741885662, grad_loss: None
2022-04-27 20:27:48,347 DEBUG epoch: 14, train_acc: 89.16015625, val_acc: 80.88, fidel_score: 82.46, acc_loss: 0.4088668003678322, grad_loss: None
2022-04-27 20:27:50,485 DEBUG epoch: 15, train_acc: 91.69170665740967, val_acc: 81.51, fidel_score: 83.38, acc_loss: 0.3404105119407177, grad_loss: None
2022-04-27 20:27:52,436 DEBUG epoch: 16, train_acc: 93.90775203704834, val_acc: 83.0, fidel_score: 84.51, acc_loss: 0.30601953715085983, grad_loss: None
2022-04-27 20:27:54,211 DEBUG epoch: 17, train_acc: 93.96784782409668, val_acc: 82.53, fidel_score: 84.31, acc_loss: 0.29905656166374683, grad_loss: None
2022-04-27 20:27:55,846 DEBUG epoch: 18, train_acc: 93.54717540740967, val_acc: 83.19, fidel_score: 85.26, acc_loss: 0.31124125607311726, grad_loss: None
2022-04-27 20:27:57,913 DEBUG epoch: 19, train_acc: 93.07391834259033, val_acc: 83.2, fidel_score: 84.9, acc_loss: 0.314017828553915, grad_loss: None
2022-04-27 20:27:59,899 DEBUG epoch: 20, train_acc: 95.53785991668701, val_acc: 84.1, fidel_score: 86.09, acc_loss: 0.2382981162518263, grad_loss: None
2022-04-27 20:28:01,895 DEBUG epoch: 21, train_acc: 95.17728328704834, val_acc: 84.39, fidel_score: 86.74, acc_loss: 0.23988841101527214, grad_loss: None
2022-04-27 20:28:03,877 DEBUG epoch: 22, train_acc: 94.71153831481934, val_acc: 83.42, fidel_score: 85.49, acc_loss: 0.24839329905807972, grad_loss: None
2022-04-27 20:28:06,061 DEBUG epoch: 23, train_acc: 96.31910991668701, val_acc: 84.07, fidel_score: 86.39, acc_loss: 0.20248275250196457, grad_loss: None
2022-04-27 20:28:08,093 DEBUG epoch: 24, train_acc: 97.265625, val_acc: 84.41, fidel_score: 86.1, acc_loss: 0.19479127135127783, grad_loss: None
2022-04-27 20:28:10,089 DEBUG epoch: 25, train_acc: 96.364182472229, val_acc: 83.18, fidel_score: 85.32, acc_loss: 0.2053533922880888, grad_loss: None
2022-04-27 20:28:12,030 DEBUG epoch: 26, train_acc: 96.38671875, val_acc: 83.71, fidel_score: 85.93, acc_loss: 0.2122619990259409, grad_loss: None
2022-04-27 20:28:14,134 DEBUG epoch: 27, train_acc: 96.364182472229, val_acc: 83.4, fidel_score: 85.84, acc_loss: 0.23396453261375427, grad_loss: None
2022-04-27 20:28:16,218 DEBUG epoch: 28, train_acc: 96.76231956481934, val_acc: 83.92, fidel_score: 85.71, acc_loss: 0.19569526799023151, grad_loss: None
2022-04-27 20:28:18,201 DEBUG epoch: 29, train_acc: 97.51352119445801, val_acc: 83.87, fidel_score: 86.13, acc_loss: 0.18536052107810974, grad_loss: None
2022-04-27 20:28:20,150 DEBUG epoch: 30, train_acc: 97.97926616668701, val_acc: 84.61, fidel_score: 86.6, acc_loss: 0.1657644473016262, grad_loss: None
2022-04-27 20:28:22,248 DEBUG epoch: 31, train_acc: 98.68539619445801, val_acc: 85.19, fidel_score: 87.27, acc_loss: 0.14405296742916107, grad_loss: None
2022-04-27 20:28:24,224 DEBUG epoch: 32, train_acc: 98.512619972229, val_acc: 84.49, fidel_score: 86.61, acc_loss: 0.14558767527341843, grad_loss: None
2022-04-27 20:28:26,206 DEBUG epoch: 33, train_acc: 98.39242744445801, val_acc: 85.1, fidel_score: 87.26, acc_loss: 0.16185995191335678, grad_loss: None
2022-04-27 20:28:27,913 DEBUG epoch: 34, train_acc: 98.707932472229, val_acc: 84.9, fidel_score: 87.19, acc_loss: 0.14859199989587069, grad_loss: None
2022-04-27 20:28:29,601 DEBUG epoch: 35, train_acc: 99.12109375, val_acc: 85.49, fidel_score: 87.6, acc_loss: 0.13641429971903563, grad_loss: None
2022-04-27 20:28:31,586 DEBUG epoch: 36, train_acc: 98.76051616668701, val_acc: 85.45, fidel_score: 88.08, acc_loss: 0.14207487739622593, grad_loss: None
2022-04-27 20:28:33,598 DEBUG epoch: 37, train_acc: 96.96514415740967, val_acc: 85.43, fidel_score: 88.0, acc_loss: 0.17337009776383638, grad_loss: None
2022-04-27 20:28:35,605 DEBUG epoch: 38, train_acc: 97.95673084259033, val_acc: 84.93, fidel_score: 87.29, acc_loss: 0.15231890324503183, grad_loss: None
2022-04-27 20:28:37,432 DEBUG epoch: 39, train_acc: 97.90414619445801, val_acc: 84.61, fidel_score: 86.66, acc_loss: 0.16491238214075565, grad_loss: None
2022-04-27 20:28:39,587 DEBUG epoch: 40, train_acc: 98.93329334259033, val_acc: 84.47, fidel_score: 86.55, acc_loss: 0.1351481033489108, grad_loss: None
2022-04-27 20:28:41,845 DEBUG epoch: 41, train_acc: 99.196213722229, val_acc: 84.1, fidel_score: 86.33, acc_loss: 0.14183608256280422, grad_loss: None
2022-04-27 20:28:43,936 DEBUG epoch: 42, train_acc: 99.70703125, val_acc: 84.47, fidel_score: 86.61, acc_loss: 0.12141075730323792, grad_loss: None
2022-04-27 20:28:45,970 DEBUG epoch: 43, train_acc: 99.12109375, val_acc: 85.28, fidel_score: 87.57, acc_loss: 0.12059699464589357, grad_loss: None
2022-04-27 20:28:48,043 DEBUG epoch: 44, train_acc: 99.196213722229, val_acc: 85.65, fidel_score: 87.37, acc_loss: 0.12125485390424728, grad_loss: None
2022-04-27 20:28:50,070 DEBUG epoch: 45, train_acc: 98.68539619445801, val_acc: 85.35, fidel_score: 87.48, acc_loss: 0.1397215574979782, grad_loss: None
2022-04-27 20:28:51,970 DEBUG epoch: 46, train_acc: 99.4140625, val_acc: 85.55, fidel_score: 87.74, acc_loss: 0.11969833821058273, grad_loss: None
2022-04-27 20:28:53,628 DEBUG epoch: 47, train_acc: 98.73798084259033, val_acc: 84.85, fidel_score: 86.93, acc_loss: 0.13204504176974297, grad_loss: None
2022-04-27 20:28:55,266 DEBUG epoch: 48, train_acc: 98.78305244445801, val_acc: 85.52, fidel_score: 87.7, acc_loss: 0.13794790487736464, grad_loss: None
2022-04-27 20:28:57,295 DEBUG epoch: 49, train_acc: 98.512619972229, val_acc: 84.91, fidel_score: 86.94, acc_loss: 0.13979330752044916, grad_loss: None
2022-04-27 20:28:59,312 DEBUG epoch: 50, train_acc: 98.73046875, val_acc: 85.39, fidel_score: 87.66, acc_loss: 0.1315842168405652, grad_loss: None
2022-04-27 20:29:01,344 DEBUG epoch: 51, train_acc: 98.68539619445801, val_acc: 85.39, fidel_score: 87.66, acc_loss: 0.146297886967659, grad_loss: None
2022-04-27 20:29:03,324 DEBUG epoch: 52, train_acc: 99.27133369445801, val_acc: 85.38, fidel_score: 87.37, acc_loss: 0.11832533869892359, grad_loss: None
2022-04-27 20:29:05,491 DEBUG epoch: 53, train_acc: 98.903244972229, val_acc: 86.16, fidel_score: 88.3, acc_loss: 0.1271217931061983, grad_loss: None
2022-04-27 20:29:07,406 DEBUG epoch: 54, train_acc: 98.88070869445801, val_acc: 85.76, fidel_score: 88.22, acc_loss: 0.12791439797729254, grad_loss: None
2022-04-27 20:29:09,439 DEBUG epoch: 55, train_acc: 99.90234375, val_acc: 85.9, fidel_score: 88.09, acc_loss: 0.09825572744011879, grad_loss: None
2022-04-27 20:29:11,469 DEBUG epoch: 56, train_acc: 99.8046875, val_acc: 86.12, fidel_score: 88.36, acc_loss: 0.10110304784029722, grad_loss: None
2022-04-27 20:29:13,658 DEBUG epoch: 57, train_acc: 98.97836494445801, val_acc: 85.62, fidel_score: 87.59, acc_loss: 0.12479554582387209, grad_loss: None
2022-04-27 20:29:15,638 DEBUG epoch: 58, train_acc: 98.88070869445801, val_acc: 85.67, fidel_score: 87.66, acc_loss: 0.12863308750092983, grad_loss: None
2022-04-27 20:29:17,770 DEBUG epoch: 59, train_acc: 99.4140625, val_acc: 85.74, fidel_score: 87.7, acc_loss: 0.11235228274017572, grad_loss: None
2022-04-27 20:29:20,047 DEBUG epoch: 60, train_acc: 99.8046875, val_acc: 85.92, fidel_score: 88.01, acc_loss: 0.10016565304249525, grad_loss: None
2022-04-27 20:29:22,171 DEBUG epoch: 61, train_acc: 99.489182472229, val_acc: 85.65, fidel_score: 87.76, acc_loss: 0.11521675251424313, grad_loss: None
2022-04-27 20:29:24,259 DEBUG epoch: 62, train_acc: 99.196213722229, val_acc: 85.87, fidel_score: 88.08, acc_loss: 0.11870322469621897, grad_loss: None
2022-04-27 20:29:26,450 DEBUG epoch: 63, train_acc: 99.90234375, val_acc: 86.11, fidel_score: 88.19, acc_loss: 0.09710433334112167, grad_loss: None
2022-04-27 20:29:28,570 DEBUG epoch: 64, train_acc: 99.0234375, val_acc: 86.26, fidel_score: 88.35, acc_loss: 0.12571060378104448, grad_loss: None
2022-04-27 20:29:30,698 DEBUG epoch: 65, train_acc: 99.4140625, val_acc: 86.48, fidel_score: 88.76, acc_loss: 0.1033771587535739, grad_loss: None
2022-04-27 20:29:32,979 DEBUG epoch: 66, train_acc: 99.8046875, val_acc: 86.41, fidel_score: 88.53, acc_loss: 0.09725532494485378, grad_loss: None
2022-04-27 20:29:35,052 DEBUG epoch: 67, train_acc: 99.0234375, val_acc: 86.38, fidel_score: 88.48, acc_loss: 0.11280702706426382, grad_loss: None
2022-04-27 20:29:37,055 DEBUG epoch: 68, train_acc: 99.609375, val_acc: 86.44, fidel_score: 88.68, acc_loss: 0.10507911443710327, grad_loss: None
2022-04-27 20:29:39,152 DEBUG epoch: 69, train_acc: 99.21875, val_acc: 86.55, fidel_score: 88.71, acc_loss: 0.11151260696351528, grad_loss: None
2022-04-27 20:29:41,175 DEBUG epoch: 70, train_acc: 99.8046875, val_acc: 86.3, fidel_score: 88.39, acc_loss: 0.09726393967866898, grad_loss: None
2022-04-27 20:29:43,121 DEBUG epoch: 71, train_acc: 99.51171875, val_acc: 86.21, fidel_score: 88.25, acc_loss: 0.10321128740906715, grad_loss: None
2022-04-27 20:29:44,734 DEBUG epoch: 72, train_acc: 99.70703125, val_acc: 86.38, fidel_score: 88.47, acc_loss: 0.10241672117263079, grad_loss: None
2022-04-27 20:29:46,362 DEBUG epoch: 73, train_acc: 99.90234375, val_acc: 86.39, fidel_score: 88.48, acc_loss: 0.09441404696553946, grad_loss: None
2022-04-27 20:29:48,336 DEBUG epoch: 74, train_acc: 99.56430244445801, val_acc: 86.31, fidel_score: 88.53, acc_loss: 0.10142864659428596, grad_loss: None
2022-04-27 20:29:50,357 DEBUG epoch: 75, train_acc: 99.879807472229, val_acc: 86.27, fidel_score: 88.41, acc_loss: 0.0966353202238679, grad_loss: None
2022-04-27 20:29:52,374 DEBUG epoch: 76, train_acc: 99.70703125, val_acc: 86.39, fidel_score: 88.57, acc_loss: 0.09642763994634151, grad_loss: None
2022-04-27 20:29:54,253 DEBUG epoch: 77, train_acc: 99.8046875, val_acc: 86.25, fidel_score: 88.57, acc_loss: 0.09206601232290268, grad_loss: None
2022-04-27 20:29:56,444 DEBUG epoch: 78, train_acc: 99.609375, val_acc: 86.49, fidel_score: 88.83, acc_loss: 0.09732911735773087, grad_loss: None
2022-04-27 20:29:58,611 DEBUG epoch: 79, train_acc: 99.609375, val_acc: 86.94, fidel_score: 89.19, acc_loss: 0.10503263771533966, grad_loss: None
2022-04-27 20:30:00,699 DEBUG epoch: 80, train_acc: 99.51171875, val_acc: 86.52, fidel_score: 88.58, acc_loss: 0.10059133544564247, grad_loss: None
2022-04-27 20:30:02,731 DEBUG epoch: 81, train_acc: 99.90234375, val_acc: 86.29, fidel_score: 88.47, acc_loss: 0.0911245932802558, grad_loss: None
2022-04-27 20:30:04,807 DEBUG epoch: 82, train_acc: 99.70703125, val_acc: 86.37, fidel_score: 88.78, acc_loss: 0.09634826146066189, grad_loss: None
2022-04-27 20:30:06,811 DEBUG epoch: 83, train_acc: 99.17367744445801, val_acc: 86.6, fidel_score: 88.92, acc_loss: 0.11058226320892572, grad_loss: None
2022-04-27 20:30:08,785 DEBUG epoch: 84, train_acc: 99.90234375, val_acc: 86.5, fidel_score: 88.68, acc_loss: 0.09392724465578794, grad_loss: None
2022-04-27 20:30:10,495 DEBUG epoch: 85, train_acc: 100.0, val_acc: 86.4, fidel_score: 88.54, acc_loss: 0.09124249406158924, grad_loss: None
2022-04-27 20:30:12,129 DEBUG epoch: 86, train_acc: 100.0, val_acc: 86.4, fidel_score: 88.68, acc_loss: 0.09372626338154078, grad_loss: None
2022-04-27 20:30:14,088 DEBUG epoch: 87, train_acc: 99.90234375, val_acc: 86.78, fidel_score: 88.84, acc_loss: 0.09482351690530777, grad_loss: None
2022-04-27 20:30:16,036 DEBUG epoch: 88, train_acc: 99.70703125, val_acc: 86.6, fidel_score: 88.73, acc_loss: 0.1004699245095253, grad_loss: None
2022-04-27 20:30:18,105 DEBUG epoch: 89, train_acc: 99.8046875, val_acc: 86.41, fidel_score: 88.58, acc_loss: 0.09470677003264427, grad_loss: None
2022-04-27 20:30:20,043 DEBUG epoch: 90, train_acc: 99.8046875, val_acc: 86.61, fidel_score: 88.8, acc_loss: 0.09783704485744238, grad_loss: None
2022-04-27 20:30:22,055 DEBUG epoch: 91, train_acc: 99.684494972229, val_acc: 86.37, fidel_score: 88.62, acc_loss: 0.10286355204880238, grad_loss: None
2022-04-27 20:30:24,227 DEBUG epoch: 92, train_acc: 99.8046875, val_acc: 86.39, fidel_score: 88.47, acc_loss: 0.09722193144261837, grad_loss: None
2022-04-27 20:30:26,307 DEBUG epoch: 93, train_acc: 99.90234375, val_acc: 86.52, fidel_score: 88.72, acc_loss: 0.09280009474605322, grad_loss: None
2022-04-27 20:30:28,330 DEBUG epoch: 94, train_acc: 99.293869972229, val_acc: 86.59, fidel_score: 88.55, acc_loss: 0.10268541797995567, grad_loss: None
2022-04-27 20:30:30,301 DEBUG epoch: 95, train_acc: 100.0, val_acc: 86.5, fidel_score: 88.6, acc_loss: 0.09171628952026367, grad_loss: None
2022-04-27 20:30:32,370 DEBUG epoch: 96, train_acc: 99.8046875, val_acc: 86.79, fidel_score: 88.93, acc_loss: 0.09663750045001507, grad_loss: None
2022-04-27 20:30:34,322 DEBUG epoch: 97, train_acc: 99.4140625, val_acc: 86.4, fidel_score: 88.45, acc_loss: 0.10202330909669399, grad_loss: None
2022-04-27 20:30:36,011 DEBUG epoch: 98, train_acc: 99.70703125, val_acc: 86.63, fidel_score: 89.0, acc_loss: 0.09635618142783642, grad_loss: None
2022-04-27 20:30:37,725 DEBUG epoch: 99, train_acc: 99.879807472229, val_acc: 86.66, fidel_score: 88.97, acc_loss: 0.09269822482019663, grad_loss: None
2022-04-27 20:30:39,735 DEBUG epoch: 100, train_acc: 100.0, val_acc: 86.59, fidel_score: 88.95, acc_loss: 0.09005217719823122, grad_loss: None
2022-04-27 20:30:41,750 DEBUG epoch: 101, train_acc: 99.684494972229, val_acc: 86.59, fidel_score: 88.73, acc_loss: 0.09545301180332899, grad_loss: None
2022-04-27 20:30:43,713 DEBUG epoch: 102, train_acc: 99.196213722229, val_acc: 86.58, fidel_score: 88.84, acc_loss: 0.10367458872497082, grad_loss: None
2022-04-27 20:30:45,504 DEBUG epoch: 103, train_acc: 99.70703125, val_acc: 86.47, fidel_score: 88.55, acc_loss: 0.10045832674950361, grad_loss: None
2022-04-27 20:30:47,509 DEBUG epoch: 104, train_acc: 99.8046875, val_acc: 86.56, fidel_score: 88.96, acc_loss: 0.09426906332373619, grad_loss: None
2022-04-27 20:30:49,685 DEBUG epoch: 105, train_acc: 99.56430244445801, val_acc: 86.61, fidel_score: 88.78, acc_loss: 0.09857685398310423, grad_loss: None
2022-04-27 20:30:51,845 DEBUG epoch: 106, train_acc: 99.8046875, val_acc: 86.59, fidel_score: 88.84, acc_loss: 0.09494852554053068, grad_loss: None
2022-04-27 20:30:53,962 DEBUG epoch: 107, train_acc: 99.782151222229, val_acc: 86.54, fidel_score: 88.7, acc_loss: 0.09641485381871462, grad_loss: None
2022-04-27 20:30:56,232 DEBUG epoch: 108, train_acc: 100.0, val_acc: 86.59, fidel_score: 88.8, acc_loss: 0.08888899721205235, grad_loss: None
2022-04-27 20:30:58,280 DEBUG epoch: 109, train_acc: 99.8046875, val_acc: 86.57, fidel_score: 88.48, acc_loss: 0.09019018523395061, grad_loss: None
2022-04-27 20:31:00,251 DEBUG epoch: 110, train_acc: 99.782151222229, val_acc: 86.75, fidel_score: 88.88, acc_loss: 0.0936008645221591, grad_loss: None
2022-04-27 20:31:02,016 DEBUG epoch: 111, train_acc: 99.90234375, val_acc: 86.37, fidel_score: 88.77, acc_loss: 0.09103849902749062, grad_loss: None
2022-04-27 20:31:04,117 DEBUG epoch: 112, train_acc: 99.8046875, val_acc: 86.6, fidel_score: 88.92, acc_loss: 0.09278444666415453, grad_loss: None
2022-04-27 20:31:06,192 DEBUG epoch: 113, train_acc: 100.0, val_acc: 86.26, fidel_score: 88.57, acc_loss: 0.0870719701051712, grad_loss: None
2022-04-27 20:31:08,150 DEBUG epoch: 114, train_acc: 100.0, val_acc: 86.39, fidel_score: 88.6, acc_loss: 0.08784347586333752, grad_loss: None
2022-04-27 20:31:09,947 DEBUG epoch: 115, train_acc: 99.90234375, val_acc: 86.78, fidel_score: 88.91, acc_loss: 0.08817238174378872, grad_loss: None
2022-04-27 20:31:11,576 DEBUG epoch: 116, train_acc: 99.90234375, val_acc: 86.34, fidel_score: 88.59, acc_loss: 0.08979098033159971, grad_loss: None
2022-04-27 20:31:13,697 DEBUG epoch: 117, train_acc: 99.54176616668701, val_acc: 86.6, fidel_score: 88.84, acc_loss: 0.10022195428609848, grad_loss: None
2022-04-27 20:31:15,656 DEBUG epoch: 118, train_acc: 99.8046875, val_acc: 86.81, fidel_score: 88.83, acc_loss: 0.09502245485782623, grad_loss: None
2022-04-27 20:31:17,291 DEBUG epoch: 119, train_acc: 99.8046875, val_acc: 86.78, fidel_score: 89.12, acc_loss: 0.08944033831357956, grad_loss: None
2022-04-27 20:31:18,747 DEBUG epoch: 120, train_acc: 100.0, val_acc: 86.57, fidel_score: 88.73, acc_loss: 0.08506037201732397, grad_loss: None
2022-04-27 20:31:20,405 DEBUG epoch: 121, train_acc: 99.90234375, val_acc: 86.51, fidel_score: 88.78, acc_loss: 0.09030667692422867, grad_loss: None
2022-04-27 20:31:21,941 DEBUG epoch: 122, train_acc: 99.8046875, val_acc: 86.46, fidel_score: 88.77, acc_loss: 0.09477100428193808, grad_loss: None
2022-04-27 20:31:23,711 DEBUG epoch: 123, train_acc: 99.684494972229, val_acc: 86.63, fidel_score: 88.65, acc_loss: 0.09498866833746433, grad_loss: None
2022-04-27 20:31:25,279 DEBUG epoch: 124, train_acc: 99.90234375, val_acc: 86.82, fidel_score: 89.02, acc_loss: 0.0910307839512825, grad_loss: None
2022-04-27 20:31:27,122 DEBUG epoch: 125, train_acc: 100.0, val_acc: 86.86, fidel_score: 89.05, acc_loss: 0.08647019509226084, grad_loss: None
2022-04-27 20:31:29,103 DEBUG epoch: 126, train_acc: 99.8046875, val_acc: 86.58, fidel_score: 88.84, acc_loss: 0.09158943220973015, grad_loss: None
2022-04-27 20:31:31,011 DEBUG epoch: 127, train_acc: 99.90234375, val_acc: 86.68, fidel_score: 88.97, acc_loss: 0.09271639864891768, grad_loss: None
2022-04-27 20:31:32,911 DEBUG epoch: 128, train_acc: 99.879807472229, val_acc: 87.0, fidel_score: 89.23, acc_loss: 0.09425907582044601, grad_loss: None
2022-04-27 20:31:35,295 DEBUG epoch: 129, train_acc: 99.90234375, val_acc: 86.64, fidel_score: 88.82, acc_loss: 0.09108090493828058, grad_loss: None
2022-04-27 20:31:37,331 DEBUG epoch: 130, train_acc: 99.879807472229, val_acc: 86.88, fidel_score: 89.08, acc_loss: 0.08907609526067972, grad_loss: None
2022-04-27 20:31:39,262 DEBUG epoch: 131, train_acc: 99.70703125, val_acc: 86.69, fidel_score: 89.12, acc_loss: 0.09830151032656431, grad_loss: None
2022-04-27 20:31:41,432 DEBUG epoch: 132, train_acc: 99.391526222229, val_acc: 86.65, fidel_score: 88.93, acc_loss: 0.10168769583106041, grad_loss: None
2022-04-27 20:31:43,371 DEBUG epoch: 133, train_acc: 99.782151222229, val_acc: 86.52, fidel_score: 88.69, acc_loss: 0.0902410289272666, grad_loss: None
2022-04-27 20:31:45,351 DEBUG epoch: 134, train_acc: 99.8046875, val_acc: 86.45, fidel_score: 88.65, acc_loss: 0.09206851851195097, grad_loss: None
2022-04-27 20:31:47,388 DEBUG epoch: 135, train_acc: 99.70703125, val_acc: 86.81, fidel_score: 89.15, acc_loss: 0.0971014853566885, grad_loss: None
2022-04-27 20:31:49,399 DEBUG epoch: 136, train_acc: 100.0, val_acc: 86.71, fidel_score: 89.1, acc_loss: 0.08558549731969833, grad_loss: None
2022-04-27 20:31:51,243 DEBUG epoch: 137, train_acc: 99.8046875, val_acc: 86.8, fidel_score: 89.12, acc_loss: 0.08989324234426022, grad_loss: None
2022-04-27 20:31:53,310 DEBUG epoch: 138, train_acc: 99.8046875, val_acc: 86.75, fidel_score: 89.1, acc_loss: 0.09193989168852568, grad_loss: None
2022-04-27 20:31:55,138 DEBUG epoch: 139, train_acc: 99.90234375, val_acc: 86.69, fidel_score: 88.96, acc_loss: 0.08813699707388878, grad_loss: None
2022-04-27 20:31:56,905 DEBUG epoch: 140, train_acc: 100.0, val_acc: 86.61, fidel_score: 88.95, acc_loss: 0.08896053768694401, grad_loss: None
2022-04-27 20:31:58,893 DEBUG epoch: 141, train_acc: 100.0, val_acc: 86.63, fidel_score: 88.87, acc_loss: 0.0867456654086709, grad_loss: None
2022-04-27 20:32:00,896 DEBUG epoch: 142, train_acc: 100.0, val_acc: 86.5, fidel_score: 88.72, acc_loss: 0.08835755381733179, grad_loss: None
2022-04-27 20:32:02,873 DEBUG epoch: 143, train_acc: 99.90234375, val_acc: 86.5, fidel_score: 88.61, acc_loss: 0.08792442455887794, grad_loss: None
2022-04-27 20:32:04,937 DEBUG epoch: 144, train_acc: 99.8046875, val_acc: 86.78, fidel_score: 89.07, acc_loss: 0.08861780166625977, grad_loss: None
2022-04-27 20:32:06,932 DEBUG epoch: 145, train_acc: 99.90234375, val_acc: 86.59, fidel_score: 88.91, acc_loss: 0.08964292798191309, grad_loss: None
2022-04-27 20:32:08,757 DEBUG epoch: 146, train_acc: 99.8046875, val_acc: 86.57, fidel_score: 88.89, acc_loss: 0.08926583267748356, grad_loss: None
2022-04-27 20:32:10,740 DEBUG epoch: 147, train_acc: 100.0, val_acc: 86.61, fidel_score: 88.89, acc_loss: 0.08330636005848646, grad_loss: None
2022-04-27 20:32:12,830 DEBUG epoch: 148, train_acc: 100.0, val_acc: 86.61, fidel_score: 88.79, acc_loss: 0.08450929261744022, grad_loss: None
2022-04-27 20:32:14,861 DEBUG epoch: 149, train_acc: 99.90234375, val_acc: 86.61, fidel_score: 88.86, acc_loss: 0.08974547125399113, grad_loss: None
2022-04-27 20:32:16,826 DEBUG epoch: 150, train_acc: 99.8046875, val_acc: 86.75, fidel_score: 89.05, acc_loss: 0.0887382673099637, grad_loss: None
2022-04-27 20:32:18,967 DEBUG epoch: 151, train_acc: 100.0, val_acc: 86.72, fidel_score: 89.07, acc_loss: 0.08465691935271025, grad_loss: None
2022-04-27 20:32:20,913 DEBUG epoch: 152, train_acc: 99.8046875, val_acc: 86.61, fidel_score: 88.75, acc_loss: 0.08786196447908878, grad_loss: None
2022-04-27 20:32:23,089 DEBUG epoch: 153, train_acc: 99.684494972229, val_acc: 86.77, fidel_score: 89.06, acc_loss: 0.09598309732973576, grad_loss: None
2022-04-27 20:32:25,202 DEBUG epoch: 154, train_acc: 99.31640625, val_acc: 86.78, fidel_score: 88.9, acc_loss: 0.1021483726799488, grad_loss: None
2022-04-27 20:32:27,321 DEBUG epoch: 155, train_acc: 100.0, val_acc: 86.71, fidel_score: 88.92, acc_loss: 0.08423953503370285, grad_loss: None
2022-04-27 20:32:29,394 DEBUG epoch: 156, train_acc: 99.879807472229, val_acc: 86.71, fidel_score: 89.1, acc_loss: 0.09127250965684652, grad_loss: None
2022-04-27 20:32:31,419 DEBUG epoch: 157, train_acc: 99.90234375, val_acc: 86.9, fidel_score: 89.21, acc_loss: 0.08606944512575865, grad_loss: None
2022-04-27 20:32:33,541 DEBUG epoch: 158, train_acc: 99.609375, val_acc: 86.69, fidel_score: 88.82, acc_loss: 0.09699293598532677, grad_loss: None
2022-04-27 20:32:35,557 DEBUG epoch: 159, train_acc: 100.0, val_acc: 86.77, fidel_score: 88.96, acc_loss: 0.0879189632833004, grad_loss: None
2022-04-27 20:32:37,293 DEBUG epoch: 160, train_acc: 99.90234375, val_acc: 86.93, fidel_score: 89.21, acc_loss: 0.08763881120830774, grad_loss: None
2022-04-27 20:32:39,086 DEBUG epoch: 161, train_acc: 99.90234375, val_acc: 86.58, fidel_score: 88.96, acc_loss: 0.09228383004665375, grad_loss: None
2022-04-27 20:32:41,117 DEBUG epoch: 162, train_acc: 99.8046875, val_acc: 86.54, fidel_score: 88.8, acc_loss: 0.08897185884416103, grad_loss: None
2022-04-27 20:32:43,053 DEBUG epoch: 163, train_acc: 99.8046875, val_acc: 86.58, fidel_score: 88.87, acc_loss: 0.08887402154505253, grad_loss: None
2022-04-27 20:32:44,840 DEBUG epoch: 164, train_acc: 100.0, val_acc: 86.81, fidel_score: 89.06, acc_loss: 0.08649945165961981, grad_loss: None
2022-04-27 20:32:46,644 DEBUG epoch: 165, train_acc: 100.0, val_acc: 86.81, fidel_score: 89.16, acc_loss: 0.08652045205235481, grad_loss: None
2022-04-27 20:32:48,748 DEBUG epoch: 166, train_acc: 99.70703125, val_acc: 86.54, fidel_score: 88.91, acc_loss: 0.09451012872159481, grad_loss: None
2022-04-27 20:32:50,724 DEBUG epoch: 167, train_acc: 99.8046875, val_acc: 86.41, fidel_score: 88.56, acc_loss: 0.09149360191076994, grad_loss: None
2022-04-27 20:32:52,832 DEBUG epoch: 168, train_acc: 99.90234375, val_acc: 86.82, fidel_score: 89.02, acc_loss: 0.0899862265214324, grad_loss: None
2022-04-27 20:32:54,775 DEBUG epoch: 169, train_acc: 99.90234375, val_acc: 86.64, fidel_score: 88.89, acc_loss: 0.08576926775276661, grad_loss: None
2022-04-27 20:32:56,887 DEBUG epoch: 170, train_acc: 99.90234375, val_acc: 86.69, fidel_score: 89.02, acc_loss: 0.08667272236198187, grad_loss: None
2022-04-27 20:32:58,838 DEBUG epoch: 171, train_acc: 100.0, val_acc: 86.54, fidel_score: 88.97, acc_loss: 0.08468104247003794, grad_loss: None
2022-04-27 20:33:00,964 DEBUG epoch: 172, train_acc: 99.90234375, val_acc: 86.83, fidel_score: 89.04, acc_loss: 0.08611234743148088, grad_loss: None
2022-04-27 20:33:03,010 DEBUG epoch: 173, train_acc: 99.90234375, val_acc: 86.76, fidel_score: 89.05, acc_loss: 0.09071582835167646, grad_loss: None
2022-04-27 20:33:05,001 DEBUG epoch: 174, train_acc: 99.90234375, val_acc: 86.71, fidel_score: 89.02, acc_loss: 0.0908319940790534, grad_loss: None
2022-04-27 20:33:06,996 DEBUG epoch: 175, train_acc: 99.90234375, val_acc: 86.68, fidel_score: 88.79, acc_loss: 0.0872415667399764, grad_loss: None
2022-04-27 20:33:09,087 DEBUG epoch: 176, train_acc: 99.879807472229, val_acc: 86.59, fidel_score: 88.86, acc_loss: 0.0864094477146864, grad_loss: None
2022-04-27 20:33:11,109 DEBUG epoch: 177, train_acc: 100.0, val_acc: 86.66, fidel_score: 88.78, acc_loss: 0.08494922332465649, grad_loss: None
2022-04-27 20:33:13,156 DEBUG epoch: 178, train_acc: 99.90234375, val_acc: 86.63, fidel_score: 89.01, acc_loss: 0.08812422584742308, grad_loss: None
2022-04-27 20:33:15,113 DEBUG epoch: 179, train_acc: 99.90234375, val_acc: 86.85, fidel_score: 89.06, acc_loss: 0.08481376152485609, grad_loss: None
2022-04-27 20:33:17,111 DEBUG epoch: 180, train_acc: 100.0, val_acc: 86.55, fidel_score: 88.74, acc_loss: 0.0870770700275898, grad_loss: None
2022-04-27 20:33:18,990 DEBUG epoch: 181, train_acc: 100.0, val_acc: 86.94, fidel_score: 88.98, acc_loss: 0.0843625720590353, grad_loss: None
2022-04-27 20:33:21,110 DEBUG epoch: 182, train_acc: 100.0, val_acc: 86.72, fidel_score: 88.9, acc_loss: 0.08611955773085356, grad_loss: None
2022-04-27 20:33:22,940 DEBUG epoch: 183, train_acc: 99.90234375, val_acc: 86.83, fidel_score: 89.2, acc_loss: 0.08602652791887522, grad_loss: None
2022-04-27 20:33:24,728 DEBUG epoch: 184, train_acc: 99.90234375, val_acc: 86.8, fidel_score: 88.86, acc_loss: 0.08865871094167233, grad_loss: None
2022-04-27 20:33:26,674 DEBUG epoch: 185, train_acc: 100.0, val_acc: 86.86, fidel_score: 89.2, acc_loss: 0.08694057911634445, grad_loss: None
2022-04-27 20:33:28,724 DEBUG epoch: 186, train_acc: 99.684494972229, val_acc: 86.9, fidel_score: 88.93, acc_loss: 0.09086580574512482, grad_loss: None
2022-04-27 20:33:30,631 DEBUG epoch: 187, train_acc: 100.0, val_acc: 86.69, fidel_score: 89.0, acc_loss: 0.08674794808030128, grad_loss: None
2022-04-27 20:33:32,391 DEBUG epoch: 188, train_acc: 100.0, val_acc: 86.91, fidel_score: 89.07, acc_loss: 0.08523815590888262, grad_loss: None
2022-04-27 20:33:34,404 DEBUG epoch: 189, train_acc: 100.0, val_acc: 86.54, fidel_score: 88.79, acc_loss: 0.08687223307788372, grad_loss: None
2022-04-27 20:33:36,463 DEBUG epoch: 190, train_acc: 100.0, val_acc: 86.51, fidel_score: 88.74, acc_loss: 0.08468280639499426, grad_loss: None
2022-04-27 20:33:38,539 DEBUG epoch: 191, train_acc: 99.70703125, val_acc: 86.91, fidel_score: 89.02, acc_loss: 0.09180206712335348, grad_loss: None
2022-04-27 20:33:40,501 DEBUG epoch: 192, train_acc: 99.90234375, val_acc: 86.75, fidel_score: 89.0, acc_loss: 0.08740195538848639, grad_loss: None
2022-04-27 20:33:42,597 DEBUG epoch: 193, train_acc: 99.782151222229, val_acc: 86.81, fidel_score: 88.78, acc_loss: 0.08924199175089598, grad_loss: None
2022-04-27 20:33:44,639 DEBUG epoch: 194, train_acc: 100.0, val_acc: 86.49, fidel_score: 88.62, acc_loss: 0.08438492193818092, grad_loss: None
2022-04-27 20:33:46,819 DEBUG epoch: 195, train_acc: 99.70703125, val_acc: 86.89, fidel_score: 89.03, acc_loss: 0.09286140650510788, grad_loss: None
2022-04-27 20:33:48,841 DEBUG epoch: 196, train_acc: 99.4140625, val_acc: 86.54, fidel_score: 88.83, acc_loss: 0.09609735291451216, grad_loss: None
2022-04-27 20:33:50,973 DEBUG epoch: 197, train_acc: 99.90234375, val_acc: 86.73, fidel_score: 88.96, acc_loss: 0.08665535412728786, grad_loss: None
2022-04-27 20:33:53,131 DEBUG epoch: 198, train_acc: 100.0, val_acc: 86.88, fidel_score: 89.15, acc_loss: 0.08630027249455452, grad_loss: None
2022-04-27 20:33:55,102 DEBUG epoch: 199, train_acc: 99.489182472229, val_acc: 86.67, fidel_score: 88.97, acc_loss: 0.09157657530158758, grad_loss: None
2022-04-27 20:33:57,002 DEBUG epoch: 200, train_acc: 100.0, val_acc: 86.75, fidel_score: 89.02, acc_loss: 0.08604239486157894, grad_loss: None
2022-04-27 20:33:59,289 DEBUG epoch: 201, train_acc: 100.0, val_acc: 86.52, fidel_score: 88.78, acc_loss: 0.08553924318403006, grad_loss: None
2022-04-27 20:34:01,235 DEBUG epoch: 202, train_acc: 99.8046875, val_acc: 86.58, fidel_score: 88.73, acc_loss: 0.09641341213136911, grad_loss: None
2022-04-27 20:34:03,198 DEBUG epoch: 203, train_acc: 100.0, val_acc: 87.0, fidel_score: 89.13, acc_loss: 0.08496268279850483, grad_loss: None
2022-04-27 20:34:05,209 DEBUG epoch: 204, train_acc: 99.8046875, val_acc: 86.69, fidel_score: 88.86, acc_loss: 0.08807144779711962, grad_loss: None
2022-04-27 20:34:07,146 DEBUG epoch: 205, train_acc: 100.0, val_acc: 86.82, fidel_score: 89.18, acc_loss: 0.08538972306996584, grad_loss: None
2022-04-27 20:34:09,044 DEBUG epoch: 206, train_acc: 99.8046875, val_acc: 86.78, fidel_score: 88.93, acc_loss: 0.09315179567784071, grad_loss: None
2022-04-27 20:34:10,892 DEBUG epoch: 207, train_acc: 99.75961494445801, val_acc: 86.63, fidel_score: 89.09, acc_loss: 0.08806236367672682, grad_loss: None
2022-04-27 20:34:12,877 DEBUG epoch: 208, train_acc: 99.8046875, val_acc: 86.63, fidel_score: 89.08, acc_loss: 0.08978922013193369, grad_loss: None
2022-04-27 20:34:14,800 DEBUG epoch: 209, train_acc: 100.0, val_acc: 86.49, fidel_score: 88.91, acc_loss: 0.08622025512158871, grad_loss: None
2022-04-27 20:34:16,686 DEBUG epoch: 210, train_acc: 99.90234375, val_acc: 86.77, fidel_score: 89.19, acc_loss: 0.08707929030060768, grad_loss: None
2022-04-27 20:34:18,705 DEBUG epoch: 211, train_acc: 99.70703125, val_acc: 87.05, fidel_score: 89.07, acc_loss: 0.09528333507478237, grad_loss: None
2022-04-27 20:34:20,545 DEBUG epoch: 212, train_acc: 99.90234375, val_acc: 86.61, fidel_score: 88.89, acc_loss: 0.08657687157392502, grad_loss: None
2022-04-27 20:34:22,366 DEBUG epoch: 213, train_acc: 99.609375, val_acc: 86.63, fidel_score: 88.99, acc_loss: 0.09461570344865322, grad_loss: None
2022-04-27 20:34:24,321 DEBUG epoch: 214, train_acc: 100.0, val_acc: 86.88, fidel_score: 88.8, acc_loss: 0.08661933802068233, grad_loss: None
2022-04-27 20:34:26,373 DEBUG epoch: 215, train_acc: 100.0, val_acc: 86.61, fidel_score: 88.85, acc_loss: 0.08770735282450914, grad_loss: None
2022-04-27 20:34:28,373 DEBUG epoch: 216, train_acc: 99.90234375, val_acc: 86.72, fidel_score: 89.13, acc_loss: 0.08840291202068329, grad_loss: None
2022-04-27 20:34:30,447 DEBUG epoch: 217, train_acc: 100.0, val_acc: 87.06, fidel_score: 88.99, acc_loss: 0.08383113518357277, grad_loss: None
2022-04-27 20:34:32,458 DEBUG epoch: 218, train_acc: 100.0, val_acc: 86.64, fidel_score: 89.05, acc_loss: 0.08658511657267809, grad_loss: None
2022-04-27 20:34:34,313 DEBUG epoch: 219, train_acc: 99.70703125, val_acc: 86.72, fidel_score: 88.9, acc_loss: 0.09216627385467291, grad_loss: None
2022-04-27 20:34:36,407 DEBUG epoch: 220, train_acc: 99.70703125, val_acc: 86.7, fidel_score: 89.18, acc_loss: 0.08957281708717346, grad_loss: None
2022-04-27 20:34:38,468 DEBUG epoch: 221, train_acc: 100.0, val_acc: 86.58, fidel_score: 88.85, acc_loss: 0.08370083477348089, grad_loss: None
2022-04-27 20:34:40,470 DEBUG epoch: 222, train_acc: 100.0, val_acc: 86.58, fidel_score: 88.83, acc_loss: 0.08448499999940395, grad_loss: None
2022-04-27 20:34:42,552 DEBUG epoch: 223, train_acc: 99.90234375, val_acc: 86.99, fidel_score: 89.17, acc_loss: 0.09036802593618631, grad_loss: None
2022-04-27 20:34:44,675 DEBUG epoch: 224, train_acc: 100.0, val_acc: 86.8, fidel_score: 88.77, acc_loss: 0.08517045713961124, grad_loss: None
2022-04-27 20:34:46,708 DEBUG epoch: 225, train_acc: 99.90234375, val_acc: 86.8, fidel_score: 89.03, acc_loss: 0.08920311275869608, grad_loss: None
2022-04-27 20:34:48,844 DEBUG epoch: 226, train_acc: 100.0, val_acc: 86.8, fidel_score: 89.1, acc_loss: 0.08402750547975302, grad_loss: None
2022-04-27 20:34:50,766 DEBUG epoch: 227, train_acc: 99.90234375, val_acc: 86.61, fidel_score: 88.94, acc_loss: 0.08906037174165249, grad_loss: None
2022-04-27 20:34:52,718 DEBUG epoch: 228, train_acc: 99.54176616668701, val_acc: 86.83, fidel_score: 88.94, acc_loss: 0.09649617783725262, grad_loss: None
2022-04-27 20:34:54,666 DEBUG epoch: 229, train_acc: 99.782151222229, val_acc: 86.8, fidel_score: 89.14, acc_loss: 0.09033093880861998, grad_loss: None
2022-04-27 20:34:56,647 DEBUG epoch: 230, train_acc: 99.90234375, val_acc: 86.64, fidel_score: 88.95, acc_loss: 0.0853654919192195, grad_loss: None
2022-04-27 20:34:58,566 DEBUG epoch: 231, train_acc: 99.8046875, val_acc: 86.57, fidel_score: 88.75, acc_loss: 0.08661917969584465, grad_loss: None
2022-04-27 20:35:00,605 DEBUG epoch: 232, train_acc: 99.8046875, val_acc: 86.51, fidel_score: 88.82, acc_loss: 0.08602173998951912, grad_loss: None
2022-04-27 20:35:02,460 DEBUG epoch: 233, train_acc: 99.90234375, val_acc: 86.66, fidel_score: 88.75, acc_loss: 0.08718653582036495, grad_loss: None
2022-04-27 20:35:04,279 DEBUG epoch: 234, train_acc: 99.8046875, val_acc: 86.69, fidel_score: 88.7, acc_loss: 0.08843033574521542, grad_loss: None
2022-04-27 20:35:06,222 DEBUG epoch: 235, train_acc: 99.879807472229, val_acc: 86.65, fidel_score: 88.94, acc_loss: 0.09170880354940891, grad_loss: None
2022-04-27 20:35:08,229 DEBUG epoch: 236, train_acc: 100.0, val_acc: 86.67, fidel_score: 88.79, acc_loss: 0.08533144276589155, grad_loss: None
2022-04-27 20:35:10,098 DEBUG epoch: 237, train_acc: 100.0, val_acc: 86.54, fidel_score: 88.89, acc_loss: 0.08582221064716578, grad_loss: None
2022-04-27 20:35:11,860 DEBUG epoch: 238, train_acc: 100.0, val_acc: 86.99, fidel_score: 89.14, acc_loss: 0.08604083955287933, grad_loss: None
2022-04-27 20:35:13,839 DEBUG epoch: 239, train_acc: 99.90234375, val_acc: 86.93, fidel_score: 89.14, acc_loss: 0.08742118626832962, grad_loss: None
2022-04-27 20:35:15,877 DEBUG epoch: 240, train_acc: 99.90234375, val_acc: 86.76, fidel_score: 88.95, acc_loss: 0.08755673840641975, grad_loss: None
2022-04-27 20:35:17,960 DEBUG epoch: 241, train_acc: 99.8046875, val_acc: 86.61, fidel_score: 88.82, acc_loss: 0.0875809770077467, grad_loss: None
2022-04-27 20:35:19,975 DEBUG epoch: 242, train_acc: 99.70703125, val_acc: 86.75, fidel_score: 88.97, acc_loss: 0.08577275276184082, grad_loss: None
2022-04-27 20:35:22,068 DEBUG epoch: 243, train_acc: 99.56430244445801, val_acc: 86.54, fidel_score: 88.71, acc_loss: 0.09639997128397226, grad_loss: None
2022-04-27 20:35:24,192 DEBUG epoch: 244, train_acc: 99.70703125, val_acc: 86.8, fidel_score: 88.93, acc_loss: 0.0933285653591156, grad_loss: None
2022-04-27 20:35:26,333 DEBUG epoch: 245, train_acc: 99.782151222229, val_acc: 86.51, fidel_score: 88.47, acc_loss: 0.08847946021705866, grad_loss: None
2022-04-27 20:35:28,410 DEBUG epoch: 246, train_acc: 100.0, val_acc: 86.83, fidel_score: 89.21, acc_loss: 0.08638822380453348, grad_loss: None
2022-04-27 20:35:30,635 DEBUG epoch: 247, train_acc: 99.90234375, val_acc: 86.6, fidel_score: 88.93, acc_loss: 0.0843622274696827, grad_loss: None
2022-04-27 20:35:32,712 DEBUG epoch: 248, train_acc: 100.0, val_acc: 86.67, fidel_score: 88.78, acc_loss: 0.08683155477046967, grad_loss: None
2022-04-27 20:35:34,809 DEBUG epoch: 249, train_acc: 99.90234375, val_acc: 86.77, fidel_score: 88.95, acc_loss: 0.08754288125783205, grad_loss: None
2022-04-27 20:35:36,820 DEBUG epoch: 250, train_acc: 99.879807472229, val_acc: 86.66, fidel_score: 88.78, acc_loss: 0.08862948603928089, grad_loss: None
2022-04-27 20:35:38,851 DEBUG epoch: 251, train_acc: 99.90234375, val_acc: 86.53, fidel_score: 88.77, acc_loss: 0.08369480725377798, grad_loss: None
2022-04-27 20:35:40,966 DEBUG epoch: 252, train_acc: 100.0, val_acc: 86.78, fidel_score: 88.82, acc_loss: 0.08583618979901075, grad_loss: None
2022-04-27 20:35:42,894 DEBUG epoch: 253, train_acc: 100.0, val_acc: 86.63, fidel_score: 88.86, acc_loss: 0.08297483809292316, grad_loss: None
2022-04-27 20:35:44,628 DEBUG epoch: 254, train_acc: 99.8046875, val_acc: 86.69, fidel_score: 89.08, acc_loss: 0.0867689112201333, grad_loss: None
2022-04-27 20:35:46,564 DEBUG epoch: 255, train_acc: 99.879807472229, val_acc: 86.55, fidel_score: 88.74, acc_loss: 0.08613026794046164, grad_loss: None
2022-04-27 20:35:48,523 DEBUG epoch: 256, train_acc: 99.90234375, val_acc: 86.77, fidel_score: 88.92, acc_loss: 0.08505366835743189, grad_loss: None
2022-04-27 20:35:50,395 DEBUG epoch: 257, train_acc: 99.90234375, val_acc: 86.81, fidel_score: 89.02, acc_loss: 0.09041078481823206, grad_loss: None
2022-04-27 20:35:52,279 DEBUG epoch: 258, train_acc: 99.70703125, val_acc: 86.4, fidel_score: 88.71, acc_loss: 0.09208664484322071, grad_loss: None
2022-04-27 20:35:54,277 DEBUG epoch: 259, train_acc: 99.90234375, val_acc: 86.68, fidel_score: 88.77, acc_loss: 0.08795012719929218, grad_loss: None
2022-04-27 20:35:56,227 DEBUG epoch: 260, train_acc: 99.879807472229, val_acc: 86.64, fidel_score: 88.93, acc_loss: 0.0916368430480361, grad_loss: None
2022-04-27 20:35:58,024 DEBUG epoch: 261, train_acc: 100.0, val_acc: 86.44, fidel_score: 88.78, acc_loss: 0.0880839554592967, grad_loss: None
2022-04-27 20:36:00,000 DEBUG epoch: 262, train_acc: 99.90234375, val_acc: 86.88, fidel_score: 88.88, acc_loss: 0.08811735548079014, grad_loss: None
2022-04-27 20:36:02,033 DEBUG epoch: 263, train_acc: 99.90234375, val_acc: 86.59, fidel_score: 88.58, acc_loss: 0.08695102855563164, grad_loss: None
2022-04-27 20:36:04,124 DEBUG epoch: 264, train_acc: 99.90234375, val_acc: 86.88, fidel_score: 89.13, acc_loss: 0.08563539013266563, grad_loss: None
2022-04-27 20:36:06,036 DEBUG epoch: 265, train_acc: 99.8046875, val_acc: 86.85, fidel_score: 88.85, acc_loss: 0.08931616134941578, grad_loss: None
2022-04-27 20:36:08,237 DEBUG epoch: 266, train_acc: 100.0, val_acc: 86.7, fidel_score: 89.04, acc_loss: 0.08578293211758137, grad_loss: None
2022-04-27 20:36:10,127 DEBUG epoch: 267, train_acc: 100.0, val_acc: 86.94, fidel_score: 89.35, acc_loss: 0.08510993048548698, grad_loss: None
2022-04-27 20:36:12,092 DEBUG epoch: 268, train_acc: 99.782151222229, val_acc: 86.79, fidel_score: 88.94, acc_loss: 0.09169754944741726, grad_loss: None
2022-04-27 20:36:14,183 DEBUG epoch: 269, train_acc: 99.90234375, val_acc: 86.72, fidel_score: 89.14, acc_loss: 0.08552901726216078, grad_loss: None
2022-04-27 20:36:16,270 DEBUG epoch: 270, train_acc: 100.0, val_acc: 86.61, fidel_score: 88.88, acc_loss: 0.0820187758654356, grad_loss: None
2022-04-27 20:36:18,295 DEBUG epoch: 271, train_acc: 100.0, val_acc: 86.9, fidel_score: 89.24, acc_loss: 0.08850147668272257, grad_loss: None
2022-04-27 20:36:20,418 DEBUG epoch: 272, train_acc: 99.782151222229, val_acc: 86.66, fidel_score: 88.97, acc_loss: 0.08923803828656673, grad_loss: None
2022-04-27 20:36:22,350 DEBUG epoch: 273, train_acc: 99.8046875, val_acc: 86.85, fidel_score: 89.09, acc_loss: 0.08847456611692905, grad_loss: None
2022-04-27 20:36:24,406 DEBUG epoch: 274, train_acc: 99.90234375, val_acc: 86.64, fidel_score: 89.08, acc_loss: 0.08501383196562529, grad_loss: None
2022-04-27 20:36:26,407 DEBUG epoch: 275, train_acc: 99.90234375, val_acc: 86.75, fidel_score: 88.92, acc_loss: 0.08645964786410332, grad_loss: None
2022-04-27 20:36:28,455 DEBUG epoch: 276, train_acc: 99.90234375, val_acc: 86.73, fidel_score: 88.81, acc_loss: 0.08475588820874691, grad_loss: None
2022-04-27 20:36:30,280 DEBUG epoch: 277, train_acc: 100.0, val_acc: 86.86, fidel_score: 89.1, acc_loss: 0.08659257274121046, grad_loss: None
2022-04-27 20:36:32,073 DEBUG epoch: 278, train_acc: 99.879807472229, val_acc: 86.61, fidel_score: 88.88, acc_loss: 0.09157163556665182, grad_loss: None
2022-04-27 20:36:34,089 DEBUG epoch: 279, train_acc: 99.8046875, val_acc: 86.98, fidel_score: 89.15, acc_loss: 0.09075003769248724, grad_loss: None
2022-04-27 20:36:36,003 DEBUG epoch: 280, train_acc: 100.0, val_acc: 86.78, fidel_score: 89.03, acc_loss: 0.08625392522662878, grad_loss: None
2022-04-27 20:36:37,898 DEBUG epoch: 281, train_acc: 99.70703125, val_acc: 86.58, fidel_score: 88.81, acc_loss: 0.09680282231420279, grad_loss: None
2022-04-27 20:36:39,807 DEBUG epoch: 282, train_acc: 99.90234375, val_acc: 86.67, fidel_score: 88.92, acc_loss: 0.0852727135643363, grad_loss: None
2022-04-27 20:36:41,965 DEBUG epoch: 283, train_acc: 99.90234375, val_acc: 86.68, fidel_score: 88.91, acc_loss: 0.08774861320853233, grad_loss: None
2022-04-27 20:36:43,909 DEBUG epoch: 284, train_acc: 99.8046875, val_acc: 86.6, fidel_score: 88.81, acc_loss: 0.08805638831108809, grad_loss: None
2022-04-27 20:36:45,932 DEBUG epoch: 285, train_acc: 99.90234375, val_acc: 86.52, fidel_score: 88.51, acc_loss: 0.0855988273397088, grad_loss: None
2022-04-27 20:36:47,949 DEBUG epoch: 286, train_acc: 99.8046875, val_acc: 86.54, fidel_score: 88.85, acc_loss: 0.08621014468371868, grad_loss: None
2022-04-27 20:36:49,959 DEBUG epoch: 287, train_acc: 100.0, val_acc: 86.66, fidel_score: 88.67, acc_loss: 0.08454547263681889, grad_loss: None
2022-04-27 20:36:52,017 DEBUG epoch: 288, train_acc: 99.8046875, val_acc: 86.66, fidel_score: 88.92, acc_loss: 0.08980000205338001, grad_loss: None
2022-04-27 20:36:54,044 DEBUG epoch: 289, train_acc: 99.8046875, val_acc: 86.83, fidel_score: 89.17, acc_loss: 0.09241855423897505, grad_loss: None
2022-04-27 20:36:55,851 DEBUG epoch: 290, train_acc: 99.879807472229, val_acc: 86.87, fidel_score: 88.98, acc_loss: 0.08839991129934788, grad_loss: None
2022-04-27 20:36:57,861 DEBUG epoch: 291, train_acc: 100.0, val_acc: 86.85, fidel_score: 89.01, acc_loss: 0.0858770851045847, grad_loss: None
2022-04-27 20:37:00,126 DEBUG epoch: 292, train_acc: 99.90234375, val_acc: 86.59, fidel_score: 88.76, acc_loss: 0.08850662410259247, grad_loss: None
2022-04-27 20:37:02,185 DEBUG epoch: 293, train_acc: 99.90234375, val_acc: 86.56, fidel_score: 88.6, acc_loss: 0.08609527815133333, grad_loss: None
2022-04-27 20:37:04,103 DEBUG epoch: 294, train_acc: 99.90234375, val_acc: 86.67, fidel_score: 88.72, acc_loss: 0.08822333626449108, grad_loss: None
2022-04-27 20:37:06,199 DEBUG epoch: 295, train_acc: 99.90234375, val_acc: 86.52, fidel_score: 88.86, acc_loss: 0.08914928138256073, grad_loss: None
2022-04-27 20:37:08,143 DEBUG epoch: 296, train_acc: 100.0, val_acc: 86.63, fidel_score: 89.12, acc_loss: 0.08411707822233438, grad_loss: None
2022-04-27 20:37:10,076 DEBUG epoch: 297, train_acc: 100.0, val_acc: 86.41, fidel_score: 88.8, acc_loss: 0.08751009590923786, grad_loss: None
2022-04-27 20:37:12,116 DEBUG epoch: 298, train_acc: 99.90234375, val_acc: 86.66, fidel_score: 89.05, acc_loss: 0.08413830492645502, grad_loss: None
2022-04-27 20:37:14,007 DEBUG epoch: 299, train_acc: 99.879807472229, val_acc: 86.92, fidel_score: 89.03, acc_loss: 0.08751839119940996, grad_loss: None
2022-04-27 20:37:15,836 DEBUG epoch: 300, train_acc: 99.8046875, val_acc: 86.78, fidel_score: 88.99, acc_loss: 0.09058541338890791, grad_loss: None
2022-04-27 20:37:15,836 DEBUG load best stealed model.
2022-04-27 20:37:15,836 DEBUG Best perform model, val_acc: 87.06, fidel_score: 88.99, acc_loss: 0.08510993048548698
2022-04-27 20:37:15,837 DEBUG load cloest stealed model.
2022-04-27 20:37:15,837 DEBUG Closest perform model, val_acc: 86.94, fidel_score: 89.35, acc_loss: 0.08510993048548698
