2022-04-21 11:54:47,692 DEBUG Namespace(arch='vgg11_bn', attack_client=0, attack_epochs=300, attack_style='Generator_option', average_time=1, batch_size=128, bottleneck_option='None', cutlayer=4, data_proportion=0.0, dataset='cifar10', filename='ace_V2_epoch_vgg11_bn_cutlayer_4_client_1_seed125_dataset_cifar10_lr_0.05_200epoch', folder='saves/baseline', learning_rate=0.005, noniid_ratio=1.0, num_client=1, num_epochs='best', num_query=1000, random_seed=123, regularization='None', regularization_strength=0.0, scheme='V2_epoch', surrogate_arch='same', test_best=True, train_clas_layer=2.0)
2022-04-21 11:54:51,679 DEBUG Test (client-0):	Loss 0.6165 (0.3623)	Prec@1 81.250 (91.890)
2022-04-21 11:54:51,680 DEBUG  * Prec@1 91.890
2022-04-21 11:54:51,680 DEBUG load 1.weight to surrogate
2022-04-21 11:54:51,680 DEBUG load 1.bias to surrogate
2022-04-21 11:54:51,681 DEBUG 4
2022-04-21 11:54:51,681 DEBUG surrogate parameter has 4 trainable parameters!
2022-04-21 11:54:51,953 DEBUG Train step: 10	 CE_Loss: 6.2437376976 diversity_Loss: 0.7335489988 bc_losses (G):  0.0000000000  bc_losses (D)):  0.0000000000
2022-04-21 11:54:51,953 DEBUG End of Training: 10	 CE_Loss: 6.2437376976 diversity_Loss: 0.7335489988 bc_losses (G):  0.0000000000  bc_losses (D)):  0.0000000000
2022-04-21 11:54:52,537 DEBUG epoch: 0, val_acc: 10.16
2022-04-21 11:54:53,727 DEBUG epoch: 1, train_acc: 14.21875, val_acc: 20.0, acc_loss: 2.272777795791626, grad_loss: None
2022-04-21 11:54:55,008 DEBUG epoch: 2, train_acc: 24.1796875, val_acc: 20.51, acc_loss: 2.1858851075172425, grad_loss: None
2022-04-21 11:54:56,695 DEBUG epoch: 3, train_acc: 26.71875, val_acc: 20.69, acc_loss: 2.113206171989441, grad_loss: None
2022-04-21 11:54:58,385 DEBUG epoch: 4, train_acc: 29.6484375, val_acc: 21.93, acc_loss: 2.053172045946121, grad_loss: None
2022-04-21 11:55:00,074 DEBUG epoch: 5, train_acc: 33.3984375, val_acc: 26.52, acc_loss: 2.0033283650875093, grad_loss: None
2022-04-21 11:55:01,742 DEBUG epoch: 6, train_acc: 34.0625, val_acc: 27.94, acc_loss: 1.9530061185359955, grad_loss: None
2022-04-21 11:55:03,272 DEBUG epoch: 7, train_acc: 35.5859375, val_acc: 26.66, acc_loss: 1.9038913428783417, grad_loss: None
2022-04-21 11:55:04,427 DEBUG epoch: 8, train_acc: 36.171875, val_acc: 27.4, acc_loss: 1.8750547528266908, grad_loss: None
2022-04-21 11:55:05,560 DEBUG epoch: 9, train_acc: 38.125, val_acc: 26.68, acc_loss: 1.852005088329315, grad_loss: None
2022-04-21 11:55:06,593 DEBUG epoch: 10, train_acc: 36.8359375, val_acc: 26.28, acc_loss: 1.8161104619503021, grad_loss: None
2022-04-21 11:55:07,675 DEBUG epoch: 11, train_acc: 37.4609375, val_acc: 27.42, acc_loss: 1.8091531455516816, grad_loss: None
2022-04-21 11:55:09,003 DEBUG epoch: 12, train_acc: 38.7890625, val_acc: 26.28, acc_loss: 1.7670189797878266, grad_loss: None
2022-04-21 11:55:10,326 DEBUG epoch: 13, train_acc: 38.0859375, val_acc: 25.98, acc_loss: 1.7681095480918885, grad_loss: None
2022-04-21 11:55:11,431 DEBUG epoch: 14, train_acc: 39.9609375, val_acc: 24.89, acc_loss: 1.7418233692646026, grad_loss: None
2022-04-21 11:55:12,545 DEBUG epoch: 15, train_acc: 40.15625, val_acc: 24.88, acc_loss: 1.7275395750999452, grad_loss: None
2022-04-21 11:55:13,904 DEBUG epoch: 16, train_acc: 39.1796875, val_acc: 25.17, acc_loss: 1.7236217319965363, grad_loss: None
2022-04-21 11:55:15,593 DEBUG epoch: 17, train_acc: 39.8828125, val_acc: 24.65, acc_loss: 1.7086883008480072, grad_loss: None
2022-04-21 11:55:17,271 DEBUG epoch: 18, train_acc: 40.0390625, val_acc: 25.29, acc_loss: 1.6847371280193328, grad_loss: None
2022-04-21 11:55:18,959 DEBUG epoch: 19, train_acc: 41.4453125, val_acc: 27.5, acc_loss: 1.6775235533714294, grad_loss: None
2022-04-21 11:55:20,648 DEBUG epoch: 20, train_acc: 40.546875, val_acc: 29.06, acc_loss: 1.682148915529251, grad_loss: None
2022-04-21 11:55:22,027 DEBUG epoch: 21, train_acc: 40.3125, val_acc: 27.58, acc_loss: 1.6681836903095246, grad_loss: None
2022-04-21 11:55:23,109 DEBUG epoch: 22, train_acc: 41.484375, val_acc: 29.74, acc_loss: 1.6470767557621002, grad_loss: None
2022-04-21 11:55:24,211 DEBUG epoch: 23, train_acc: 41.953125, val_acc: 29.55, acc_loss: 1.6494168400764466, grad_loss: None
2022-04-21 11:55:25,277 DEBUG epoch: 24, train_acc: 44.3359375, val_acc: 28.82, acc_loss: 1.6202159166336059, grad_loss: None
2022-04-21 11:55:26,440 DEBUG epoch: 25, train_acc: 43.125, val_acc: 28.94, acc_loss: 1.6112460255622865, grad_loss: None
2022-04-21 11:55:27,791 DEBUG epoch: 26, train_acc: 43.59375, val_acc: 28.76, acc_loss: 1.6099724471569061, grad_loss: None
2022-04-21 11:55:28,926 DEBUG epoch: 27, train_acc: 43.5546875, val_acc: 28.38, acc_loss: 1.6246775805950164, grad_loss: None
2022-04-21 11:55:30,048 DEBUG epoch: 28, train_acc: 41.2890625, val_acc: 28.95, acc_loss: 1.6416594088077545, grad_loss: None
2022-04-21 11:55:31,154 DEBUG epoch: 29, train_acc: 41.40625, val_acc: 28.73, acc_loss: 1.6418720841407777, grad_loss: None
2022-04-21 11:55:32,653 DEBUG epoch: 30, train_acc: 42.421875, val_acc: 28.8, acc_loss: 1.6049363732337951, grad_loss: None
2022-04-21 11:55:34,343 DEBUG epoch: 31, train_acc: 43.7890625, val_acc: 28.58, acc_loss: 1.5909593164920808, grad_loss: None
2022-04-21 11:55:36,012 DEBUG epoch: 32, train_acc: 44.9609375, val_acc: 28.45, acc_loss: 1.5766364276409148, grad_loss: None
2022-04-21 11:55:37,700 DEBUG epoch: 33, train_acc: 43.515625, val_acc: 28.4, acc_loss: 1.5988022983074188, grad_loss: None
2022-04-21 11:55:39,386 DEBUG epoch: 34, train_acc: 43.5546875, val_acc: 28.42, acc_loss: 1.5844085276126862, grad_loss: None
2022-04-21 11:55:40,668 DEBUG epoch: 35, train_acc: 41.953125, val_acc: 28.51, acc_loss: 1.6072578251361846, grad_loss: None
2022-04-21 11:55:41,791 DEBUG epoch: 36, train_acc: 43.125, val_acc: 28.69, acc_loss: 1.6111286342144013, grad_loss: None
2022-04-21 11:55:42,961 DEBUG epoch: 37, train_acc: 43.7890625, val_acc: 28.58, acc_loss: 1.5850566923618317, grad_loss: None
2022-04-21 11:55:44,046 DEBUG epoch: 38, train_acc: 43.984375, val_acc: 28.41, acc_loss: 1.5679526150226593, grad_loss: None
2022-04-21 11:55:45,229 DEBUG epoch: 39, train_acc: 43.359375, val_acc: 28.03, acc_loss: 1.5692520022392273, grad_loss: None
2022-04-21 11:55:46,473 DEBUG epoch: 40, train_acc: 46.6015625, val_acc: 28.52, acc_loss: 1.541334444284439, grad_loss: None
2022-04-21 11:55:47,559 DEBUG epoch: 41, train_acc: 45.7421875, val_acc: 28.1, acc_loss: 1.547926664352417, grad_loss: None
2022-04-21 11:55:48,660 DEBUG epoch: 42, train_acc: 44.453125, val_acc: 27.37, acc_loss: 1.5555242240428924, grad_loss: None
2022-04-21 11:55:49,779 DEBUG epoch: 43, train_acc: 44.1015625, val_acc: 27.77, acc_loss: 1.5748612046241761, grad_loss: None
2022-04-21 11:55:51,462 DEBUG epoch: 44, train_acc: 46.0546875, val_acc: 27.73, acc_loss: 1.5417352676391602, grad_loss: None
2022-04-21 11:55:53,122 DEBUG epoch: 45, train_acc: 45.390625, val_acc: 27.85, acc_loss: 1.5340762615203858, grad_loss: None
2022-04-21 11:55:54,812 DEBUG epoch: 46, train_acc: 44.9609375, val_acc: 27.91, acc_loss: 1.5441830158233643, grad_loss: None
2022-04-21 11:55:56,515 DEBUG epoch: 47, train_acc: 44.4140625, val_acc: 27.51, acc_loss: 1.5439539849758148, grad_loss: None
2022-04-21 11:55:58,180 DEBUG epoch: 48, train_acc: 44.453125, val_acc: 27.69, acc_loss: 1.5584507226943969, grad_loss: None
2022-04-21 11:55:59,326 DEBUG epoch: 49, train_acc: 44.8046875, val_acc: 27.86, acc_loss: 1.5509023249149323, grad_loss: None
2022-04-21 11:56:00,428 DEBUG epoch: 50, train_acc: 45.625, val_acc: 28.14, acc_loss: 1.5284382998943329, grad_loss: None
2022-04-21 11:56:01,541 DEBUG epoch: 51, train_acc: 44.921875, val_acc: 27.92, acc_loss: 1.5530541002750398, grad_loss: None
2022-04-21 11:56:02,601 DEBUG epoch: 52, train_acc: 44.6875, val_acc: 27.91, acc_loss: 1.5373384058475494, grad_loss: None
2022-04-21 11:56:03,817 DEBUG epoch: 53, train_acc: 43.828125, val_acc: 28.08, acc_loss: 1.5607191622257233, grad_loss: None
2022-04-21 11:56:05,009 DEBUG epoch: 54, train_acc: 46.09375, val_acc: 27.6, acc_loss: 1.509753543138504, grad_loss: None
2022-04-21 11:56:06,146 DEBUG epoch: 55, train_acc: 46.2109375, val_acc: 28.03, acc_loss: 1.5244590044021606, grad_loss: None
2022-04-21 11:56:07,244 DEBUG epoch: 56, train_acc: 45.6640625, val_acc: 28.01, acc_loss: 1.542921382188797, grad_loss: None
2022-04-21 11:56:08,441 DEBUG epoch: 57, train_acc: 45.9765625, val_acc: 27.79, acc_loss: 1.5290197074413299, grad_loss: None
2022-04-21 11:56:10,141 DEBUG epoch: 58, train_acc: 43.75, val_acc: 27.72, acc_loss: 1.5487220287322998, grad_loss: None
2022-04-21 11:56:11,833 DEBUG epoch: 59, train_acc: 46.2109375, val_acc: 28.21, acc_loss: 1.5088840842247009, grad_loss: None
2022-04-21 11:56:13,535 DEBUG epoch: 60, train_acc: 48.046875, val_acc: 28.14, acc_loss: 1.4882426381111145, grad_loss: None
2022-04-21 11:56:15,195 DEBUG epoch: 61, train_acc: 47.8125, val_acc: 27.94, acc_loss: 1.5071830987930297, grad_loss: None
2022-04-21 11:56:16,760 DEBUG epoch: 62, train_acc: 46.2890625, val_acc: 28.04, acc_loss: 1.5038150310516358, grad_loss: None
2022-04-21 11:56:17,891 DEBUG epoch: 63, train_acc: 48.4765625, val_acc: 27.87, acc_loss: 1.4842622220516204, grad_loss: None
2022-04-21 11:56:19,025 DEBUG epoch: 64, train_acc: 46.875, val_acc: 28.02, acc_loss: 1.4882085204124451, grad_loss: None
2022-04-21 11:56:20,092 DEBUG epoch: 65, train_acc: 45.546875, val_acc: 27.96, acc_loss: 1.5244092524051667, grad_loss: None
2022-04-21 11:56:21,168 DEBUG epoch: 66, train_acc: 45.1171875, val_acc: 27.96, acc_loss: 1.5329581499099731, grad_loss: None
2022-04-21 11:56:22,335 DEBUG epoch: 67, train_acc: 47.109375, val_acc: 27.91, acc_loss: 1.500825011730194, grad_loss: None
2022-04-21 11:56:23,556 DEBUG epoch: 68, train_acc: 45.9765625, val_acc: 27.93, acc_loss: 1.5129574477672576, grad_loss: None
2022-04-21 11:56:24,647 DEBUG epoch: 69, train_acc: 43.9453125, val_acc: 28.07, acc_loss: 1.5383187890052796, grad_loss: None
2022-04-21 11:56:25,765 DEBUG epoch: 70, train_acc: 47.65625, val_acc: 27.92, acc_loss: 1.5020015001296998, grad_loss: None
2022-04-21 11:56:26,886 DEBUG epoch: 71, train_acc: 46.484375, val_acc: 28.03, acc_loss: 1.4917325854301453, grad_loss: None
2022-04-21 11:56:28,575 DEBUG epoch: 72, train_acc: 45.859375, val_acc: 27.92, acc_loss: 1.52454115152359, grad_loss: None
2022-04-21 11:56:30,246 DEBUG epoch: 73, train_acc: 47.1484375, val_acc: 27.77, acc_loss: 1.4688368320465088, grad_loss: None
2022-04-21 11:56:31,949 DEBUG epoch: 74, train_acc: 46.40625, val_acc: 27.84, acc_loss: 1.496043711900711, grad_loss: None
2022-04-21 11:56:33,620 DEBUG epoch: 75, train_acc: 48.671875, val_acc: 27.86, acc_loss: 1.4685685694217683, grad_loss: None
2022-04-21 11:56:35,270 DEBUG epoch: 76, train_acc: 46.1328125, val_acc: 27.95, acc_loss: 1.509811908006668, grad_loss: None
2022-04-21 11:56:36,396 DEBUG epoch: 77, train_acc: 46.9140625, val_acc: 27.68, acc_loss: 1.486911791563034, grad_loss: None
2022-04-21 11:56:37,541 DEBUG epoch: 78, train_acc: 47.109375, val_acc: 27.89, acc_loss: 1.5064779937267303, grad_loss: None
2022-04-21 11:56:38,655 DEBUG epoch: 79, train_acc: 47.265625, val_acc: 27.65, acc_loss: 1.4738524436950684, grad_loss: None
2022-04-21 11:56:39,719 DEBUG epoch: 80, train_acc: 45.625, val_acc: 27.31, acc_loss: 1.5593617022037507, grad_loss: None
2022-04-21 11:56:40,963 DEBUG epoch: 81, train_acc: 44.8046875, val_acc: 27.71, acc_loss: 1.5202291488647461, grad_loss: None
2022-04-21 11:56:42,142 DEBUG epoch: 82, train_acc: 45.6640625, val_acc: 27.93, acc_loss: 1.5217410385608674, grad_loss: None
2022-04-21 11:56:43,250 DEBUG epoch: 83, train_acc: 46.9921875, val_acc: 27.66, acc_loss: 1.5060335755348206, grad_loss: None
2022-04-21 11:56:44,344 DEBUG epoch: 84, train_acc: 45.625, val_acc: 27.44, acc_loss: 1.524737048149109, grad_loss: None
2022-04-21 11:56:45,502 DEBUG epoch: 85, train_acc: 46.8359375, val_acc: 27.42, acc_loss: 1.5003714680671691, grad_loss: None
2022-04-21 11:56:47,190 DEBUG epoch: 86, train_acc: 46.015625, val_acc: 27.4, acc_loss: 1.5066398918628692, grad_loss: None
2022-04-21 11:56:48,842 DEBUG epoch: 87, train_acc: 45.3515625, val_acc: 27.8, acc_loss: 1.5110785603523254, grad_loss: None
2022-04-21 11:56:50,499 DEBUG epoch: 88, train_acc: 48.4765625, val_acc: 27.66, acc_loss: 1.4800390720367431, grad_loss: None
2022-04-21 11:56:52,171 DEBUG epoch: 89, train_acc: 47.5, val_acc: 27.42, acc_loss: 1.5004998803138734, grad_loss: None
2022-04-21 11:56:53,816 DEBUG epoch: 90, train_acc: 45.3125, val_acc: 27.67, acc_loss: 1.513533079624176, grad_loss: None
2022-04-21 11:56:54,982 DEBUG epoch: 91, train_acc: 46.171875, val_acc: 27.18, acc_loss: 1.5234069645404815, grad_loss: None
2022-04-21 11:56:56,058 DEBUG epoch: 92, train_acc: 45.78125, val_acc: 27.41, acc_loss: 1.5064904272556305, grad_loss: None
2022-04-21 11:56:57,159 DEBUG epoch: 93, train_acc: 46.6796875, val_acc: 27.29, acc_loss: 1.5154860198497773, grad_loss: None
2022-04-21 11:56:58,220 DEBUG epoch: 94, train_acc: 47.578125, val_acc: 27.39, acc_loss: 1.4796344578266143, grad_loss: None
2022-04-21 11:56:59,440 DEBUG epoch: 95, train_acc: 47.1484375, val_acc: 27.44, acc_loss: 1.4856783330440522, grad_loss: None
2022-04-21 11:57:00,605 DEBUG epoch: 96, train_acc: 46.4453125, val_acc: 27.26, acc_loss: 1.53357275724411, grad_loss: None
2022-04-21 11:57:01,685 DEBUG epoch: 97, train_acc: 46.328125, val_acc: 27.34, acc_loss: 1.4964619696140289, grad_loss: None
2022-04-21 11:57:02,798 DEBUG epoch: 98, train_acc: 45.546875, val_acc: 27.59, acc_loss: 1.4944618940353394, grad_loss: None
2022-04-21 11:57:03,961 DEBUG epoch: 99, train_acc: 47.3828125, val_acc: 27.48, acc_loss: 1.4804455280303954, grad_loss: None
2022-04-21 11:57:05,635 DEBUG epoch: 100, train_acc: 46.796875, val_acc: 27.38, acc_loss: 1.4943360805511474, grad_loss: None
2022-04-21 11:57:07,296 DEBUG epoch: 101, train_acc: 45.8203125, val_acc: 27.68, acc_loss: 1.5156688034534453, grad_loss: None
2022-04-21 11:57:08,940 DEBUG epoch: 102, train_acc: 46.4453125, val_acc: 27.56, acc_loss: 1.5057124078273774, grad_loss: None
2022-04-21 11:57:10,617 DEBUG epoch: 103, train_acc: 46.015625, val_acc: 27.59, acc_loss: 1.5149312913417816, grad_loss: None
2022-04-21 11:57:12,293 DEBUG epoch: 104, train_acc: 46.25, val_acc: 27.71, acc_loss: 1.5054686725139619, grad_loss: None
2022-04-21 11:57:13,461 DEBUG epoch: 105, train_acc: 45.7421875, val_acc: 27.49, acc_loss: 1.5304727613925935, grad_loss: None
2022-04-21 11:57:14,589 DEBUG epoch: 106, train_acc: 45.9765625, val_acc: 27.39, acc_loss: 1.5198290526866913, grad_loss: None
2022-04-21 11:57:15,697 DEBUG epoch: 107, train_acc: 45.390625, val_acc: 27.43, acc_loss: 1.5206990182399749, grad_loss: None
2022-04-21 11:57:16,739 DEBUG epoch: 108, train_acc: 45.9375, val_acc: 27.44, acc_loss: 1.5093904554843902, grad_loss: None
2022-04-21 11:57:18,053 DEBUG epoch: 109, train_acc: 45.703125, val_acc: 27.43, acc_loss: 1.5158004820346833, grad_loss: None
2022-04-21 11:57:19,244 DEBUG epoch: 110, train_acc: 47.2265625, val_acc: 27.21, acc_loss: 1.4794074296951294, grad_loss: None
2022-04-21 11:57:20,326 DEBUG epoch: 111, train_acc: 45.7421875, val_acc: 27.27, acc_loss: 1.5119167983531951, grad_loss: None
2022-04-21 11:57:21,422 DEBUG epoch: 112, train_acc: 45.78125, val_acc: 27.46, acc_loss: 1.514383351802826, grad_loss: None
2022-04-21 11:57:22,578 DEBUG epoch: 113, train_acc: 46.484375, val_acc: 27.46, acc_loss: 1.4919106900691985, grad_loss: None
2022-04-21 11:57:24,259 DEBUG epoch: 114, train_acc: 47.6171875, val_acc: 27.35, acc_loss: 1.5156445324420929, grad_loss: None
2022-04-21 11:57:25,952 DEBUG epoch: 115, train_acc: 45.9375, val_acc: 27.2, acc_loss: 1.4905514180660249, grad_loss: None
2022-04-21 11:57:27,607 DEBUG epoch: 116, train_acc: 46.2109375, val_acc: 27.34, acc_loss: 1.4969923079013825, grad_loss: None
2022-04-21 11:57:29,271 DEBUG epoch: 117, train_acc: 47.578125, val_acc: 27.34, acc_loss: 1.4535436034202576, grad_loss: None
2022-04-21 11:57:30,904 DEBUG epoch: 118, train_acc: 47.4609375, val_acc: 27.22, acc_loss: 1.4929455041885376, grad_loss: None
2022-04-21 11:57:32,029 DEBUG epoch: 119, train_acc: 45.6640625, val_acc: 27.07, acc_loss: 1.5139292359352112, grad_loss: None
2022-04-21 11:57:33,099 DEBUG epoch: 120, train_acc: 47.03125, val_acc: 27.29, acc_loss: 1.4947215378284455, grad_loss: None
2022-04-21 11:57:34,225 DEBUG epoch: 121, train_acc: 45.5078125, val_acc: 27.32, acc_loss: 1.547844249010086, grad_loss: None
2022-04-21 11:57:35,269 DEBUG epoch: 122, train_acc: 47.421875, val_acc: 27.4, acc_loss: 1.4858943462371825, grad_loss: None
2022-04-21 11:57:36,434 DEBUG epoch: 123, train_acc: 48.1640625, val_acc: 27.4, acc_loss: 1.4784564197063446, grad_loss: None
2022-04-21 11:57:37,623 DEBUG epoch: 124, train_acc: 47.9296875, val_acc: 27.29, acc_loss: 1.4895209908485412, grad_loss: None
2022-04-21 11:57:38,687 DEBUG epoch: 125, train_acc: 47.7734375, val_acc: 27.33, acc_loss: 1.4905756533145904, grad_loss: None
2022-04-21 11:57:39,789 DEBUG epoch: 126, train_acc: 47.5, val_acc: 27.28, acc_loss: 1.4922925293445588, grad_loss: None
2022-04-21 11:57:40,873 DEBUG epoch: 127, train_acc: 47.7734375, val_acc: 27.61, acc_loss: 1.4540366411209107, grad_loss: None
2022-04-21 11:57:42,554 DEBUG epoch: 128, train_acc: 47.65625, val_acc: 27.35, acc_loss: 1.4741256594657899, grad_loss: None
2022-04-21 11:57:44,213 DEBUG epoch: 129, train_acc: 47.5, val_acc: 27.25, acc_loss: 1.499858909845352, grad_loss: None
2022-04-21 11:57:45,880 DEBUG epoch: 130, train_acc: 46.7578125, val_acc: 27.28, acc_loss: 1.489965307712555, grad_loss: None
2022-04-21 11:57:47,558 DEBUG epoch: 131, train_acc: 46.328125, val_acc: 27.26, acc_loss: 1.4890080571174622, grad_loss: None
2022-04-21 11:57:49,282 DEBUG epoch: 132, train_acc: 46.2109375, val_acc: 27.22, acc_loss: 1.494971114397049, grad_loss: None
2022-04-21 11:57:50,407 DEBUG epoch: 133, train_acc: 46.9921875, val_acc: 27.1, acc_loss: 1.4881953299045563, grad_loss: None
2022-04-21 11:57:51,532 DEBUG epoch: 134, train_acc: 47.578125, val_acc: 27.28, acc_loss: 1.4646632313728332, grad_loss: None
2022-04-21 11:57:52,644 DEBUG epoch: 135, train_acc: 48.203125, val_acc: 27.33, acc_loss: 1.4864294350147247, grad_loss: None
2022-04-21 11:57:53,694 DEBUG epoch: 136, train_acc: 46.171875, val_acc: 26.65, acc_loss: 1.4788149654865266, grad_loss: None
2022-04-21 11:57:54,880 DEBUG epoch: 137, train_acc: 47.265625, val_acc: 27.39, acc_loss: 1.4741331875324248, grad_loss: None
2022-04-21 11:57:56,204 DEBUG epoch: 138, train_acc: 49.2578125, val_acc: 27.34, acc_loss: 1.4591159224510193, grad_loss: None
2022-04-21 11:57:57,266 DEBUG epoch: 139, train_acc: 47.8125, val_acc: 27.29, acc_loss: 1.4847421050071716, grad_loss: None
2022-04-21 11:57:58,342 DEBUG epoch: 140, train_acc: 47.4609375, val_acc: 27.35, acc_loss: 1.4747385561466217, grad_loss: None
2022-04-21 11:57:59,450 DEBUG epoch: 141, train_acc: 47.6953125, val_acc: 27.17, acc_loss: 1.4899436473846435, grad_loss: None
2022-04-21 11:58:00,998 DEBUG epoch: 142, train_acc: 45.625, val_acc: 27.26, acc_loss: 1.4847161591053009, grad_loss: None
2022-04-21 11:58:02,681 DEBUG epoch: 143, train_acc: 47.1875, val_acc: 27.2, acc_loss: 1.4962006330490112, grad_loss: None
2022-04-21 11:58:04,369 DEBUG epoch: 144, train_acc: 47.109375, val_acc: 27.16, acc_loss: 1.483806049823761, grad_loss: None
2022-04-21 11:58:06,039 DEBUG epoch: 145, train_acc: 47.265625, val_acc: 27.35, acc_loss: 1.4744680762290954, grad_loss: None
2022-04-21 11:58:07,703 DEBUG epoch: 146, train_acc: 47.6953125, val_acc: 27.16, acc_loss: 1.4665806651115418, grad_loss: None
2022-04-21 11:58:09,032 DEBUG epoch: 147, train_acc: 45.6640625, val_acc: 27.12, acc_loss: 1.5185348629951476, grad_loss: None
2022-04-21 11:58:10,215 DEBUG epoch: 148, train_acc: 48.7109375, val_acc: 27.1, acc_loss: 1.4381497979164124, grad_loss: None
2022-04-21 11:58:11,354 DEBUG epoch: 149, train_acc: 48.671875, val_acc: 27.18, acc_loss: 1.4524587869644165, grad_loss: None
2022-04-21 11:58:12,433 DEBUG epoch: 150, train_acc: 47.890625, val_acc: 27.11, acc_loss: 1.475258368253708, grad_loss: None
2022-04-21 11:58:13,523 DEBUG epoch: 151, train_acc: 47.578125, val_acc: 27.09, acc_loss: 1.4879216194152831, grad_loss: None
2022-04-21 11:58:14,878 DEBUG epoch: 152, train_acc: 46.9921875, val_acc: 27.12, acc_loss: 1.5032876968383788, grad_loss: None
2022-04-21 11:58:16,149 DEBUG epoch: 153, train_acc: 47.734375, val_acc: 27.11, acc_loss: 1.470650964975357, grad_loss: None
2022-04-21 11:58:17,251 DEBUG epoch: 154, train_acc: 47.109375, val_acc: 27.01, acc_loss: 1.4767569839954375, grad_loss: None
2022-04-21 11:58:18,372 DEBUG epoch: 155, train_acc: 45.703125, val_acc: 27.01, acc_loss: 1.505598771572113, grad_loss: None
2022-04-21 11:58:19,902 DEBUG epoch: 156, train_acc: 47.1484375, val_acc: 27.08, acc_loss: 1.4697978258132935, grad_loss: None
2022-04-21 11:58:21,584 DEBUG epoch: 157, train_acc: 47.6953125, val_acc: 27.13, acc_loss: 1.4938871085643768, grad_loss: None
2022-04-21 11:58:23,247 DEBUG epoch: 158, train_acc: 47.5, val_acc: 27.15, acc_loss: 1.483830052614212, grad_loss: None
2022-04-21 11:58:24,937 DEBUG epoch: 159, train_acc: 47.890625, val_acc: 27.16, acc_loss: 1.4913524091243744, grad_loss: None
2022-04-21 11:58:26,640 DEBUG epoch: 160, train_acc: 47.0703125, val_acc: 27.12, acc_loss: 1.4722314715385436, grad_loss: None
2022-04-21 11:58:27,920 DEBUG epoch: 161, train_acc: 47.3046875, val_acc: 26.97, acc_loss: 1.4869851231575013, grad_loss: None
2022-04-21 11:58:28,998 DEBUG epoch: 162, train_acc: 46.40625, val_acc: 27.02, acc_loss: 1.5110835909843445, grad_loss: None
2022-04-21 11:58:30,098 DEBUG epoch: 163, train_acc: 47.734375, val_acc: 27.09, acc_loss: 1.4836738288402558, grad_loss: None
2022-04-21 11:58:31,151 DEBUG epoch: 164, train_acc: 46.9921875, val_acc: 27.12, acc_loss: 1.4658822417259216, grad_loss: None
2022-04-21 11:58:32,276 DEBUG epoch: 165, train_acc: 47.6171875, val_acc: 27.14, acc_loss: 1.4830377101898193, grad_loss: None
2022-04-21 11:58:33,580 DEBUG epoch: 166, train_acc: 46.71875, val_acc: 27.12, acc_loss: 1.4873899161815642, grad_loss: None
2022-04-21 11:58:34,748 DEBUG epoch: 167, train_acc: 46.8359375, val_acc: 27.15, acc_loss: 1.497178602218628, grad_loss: None
2022-04-21 11:58:35,857 DEBUG epoch: 168, train_acc: 46.9140625, val_acc: 27.2, acc_loss: 1.4731962144374848, grad_loss: None
2022-04-21 11:58:36,980 DEBUG epoch: 169, train_acc: 47.421875, val_acc: 27.12, acc_loss: 1.4785269021987915, grad_loss: None
2022-04-21 11:58:38,586 DEBUG epoch: 170, train_acc: 47.3828125, val_acc: 27.17, acc_loss: 1.4983228206634522, grad_loss: None
2022-04-21 11:58:40,271 DEBUG epoch: 171, train_acc: 46.8359375, val_acc: 27.13, acc_loss: 1.5062599062919617, grad_loss: None
2022-04-21 11:58:41,923 DEBUG epoch: 172, train_acc: 47.5390625, val_acc: 27.01, acc_loss: 1.4943837821483612, grad_loss: None
2022-04-21 11:58:43,594 DEBUG epoch: 173, train_acc: 48.1640625, val_acc: 27.02, acc_loss: 1.4760583519935608, grad_loss: None
2022-04-21 11:58:45,266 DEBUG epoch: 174, train_acc: 47.8125, val_acc: 27.16, acc_loss: 1.4702755391597748, grad_loss: None
2022-04-21 11:58:46,578 DEBUG epoch: 175, train_acc: 46.1328125, val_acc: 27.12, acc_loss: 1.5043553173542024, grad_loss: None
2022-04-21 11:58:47,709 DEBUG epoch: 176, train_acc: 48.046875, val_acc: 27.14, acc_loss: 1.4776025414466858, grad_loss: None
2022-04-21 11:58:48,807 DEBUG epoch: 177, train_acc: 44.609375, val_acc: 27.06, acc_loss: 1.5139080941677094, grad_loss: None
2022-04-21 11:58:49,890 DEBUG epoch: 178, train_acc: 47.5390625, val_acc: 27.14, acc_loss: 1.4845283269882201, grad_loss: None
2022-04-21 11:58:51,061 DEBUG epoch: 179, train_acc: 46.0546875, val_acc: 27.17, acc_loss: 1.4942310631275177, grad_loss: None
2022-04-21 11:58:52,401 DEBUG epoch: 180, train_acc: 45.546875, val_acc: 27.14, acc_loss: 1.5167119562625886, grad_loss: None
2022-04-21 11:58:53,536 DEBUG epoch: 181, train_acc: 46.8359375, val_acc: 27.09, acc_loss: 1.502260398864746, grad_loss: None
2022-04-21 11:58:54,624 DEBUG epoch: 182, train_acc: 47.4609375, val_acc: 27.13, acc_loss: 1.4641575396060944, grad_loss: None
2022-04-21 11:58:55,735 DEBUG epoch: 183, train_acc: 46.5625, val_acc: 27.16, acc_loss: 1.5085855364799499, grad_loss: None
2022-04-21 11:58:57,416 DEBUG epoch: 184, train_acc: 46.8359375, val_acc: 27.24, acc_loss: 1.5014174342155457, grad_loss: None
2022-04-21 11:58:59,064 DEBUG epoch: 185, train_acc: 47.6953125, val_acc: 27.13, acc_loss: 1.4952245712280274, grad_loss: None
2022-04-21 11:59:00,735 DEBUG epoch: 186, train_acc: 47.1875, val_acc: 27.08, acc_loss: 1.4893510162830352, grad_loss: None
2022-04-21 11:59:02,398 DEBUG epoch: 187, train_acc: 46.640625, val_acc: 27.04, acc_loss: 1.4760686039924622, grad_loss: None
2022-04-21 11:59:04,079 DEBUG epoch: 188, train_acc: 49.0234375, val_acc: 26.98, acc_loss: 1.4602387726306916, grad_loss: None
2022-04-21 11:59:05,264 DEBUG epoch: 189, train_acc: 48.1640625, val_acc: 27.11, acc_loss: 1.4755339562892913, grad_loss: None
2022-04-21 11:59:06,420 DEBUG epoch: 190, train_acc: 47.9296875, val_acc: 27.15, acc_loss: 1.481844711303711, grad_loss: None
2022-04-21 11:59:07,537 DEBUG epoch: 191, train_acc: 48.125, val_acc: 27.17, acc_loss: 1.4573092699050902, grad_loss: None
2022-04-21 11:59:08,619 DEBUG epoch: 192, train_acc: 46.796875, val_acc: 27.15, acc_loss: 1.4962553143501283, grad_loss: None
2022-04-21 11:59:09,833 DEBUG epoch: 193, train_acc: 48.7890625, val_acc: 27.04, acc_loss: 1.4528815984725951, grad_loss: None
2022-04-21 11:59:11,095 DEBUG epoch: 194, train_acc: 46.8359375, val_acc: 27.23, acc_loss: 1.488211590051651, grad_loss: None
2022-04-21 11:59:12,142 DEBUG epoch: 195, train_acc: 48.1640625, val_acc: 27.24, acc_loss: 1.460543167591095, grad_loss: None
2022-04-21 11:59:13,261 DEBUG epoch: 196, train_acc: 46.40625, val_acc: 27.14, acc_loss: 1.4887088775634765, grad_loss: None
2022-04-21 11:59:14,379 DEBUG epoch: 197, train_acc: 46.953125, val_acc: 27.14, acc_loss: 1.487815797328949, grad_loss: None
2022-04-21 11:59:15,971 DEBUG epoch: 198, train_acc: 48.75, val_acc: 27.11, acc_loss: 1.428269237279892, grad_loss: None
2022-04-21 11:59:17,638 DEBUG epoch: 199, train_acc: 47.4609375, val_acc: 27.17, acc_loss: 1.4742572784423829, grad_loss: None
2022-04-21 11:59:19,318 DEBUG epoch: 200, train_acc: 46.953125, val_acc: 27.14, acc_loss: 1.4959919691085815, grad_loss: None
2022-04-21 11:59:20,995 DEBUG epoch: 201, train_acc: 47.3828125, val_acc: 27.14, acc_loss: 1.4867339193820954, grad_loss: None
2022-04-21 11:59:22,692 DEBUG epoch: 202, train_acc: 47.34375, val_acc: 27.16, acc_loss: 1.4615692436695098, grad_loss: None
2022-04-21 11:59:23,943 DEBUG epoch: 203, train_acc: 47.1875, val_acc: 27.17, acc_loss: 1.4801650822162629, grad_loss: None
2022-04-21 11:59:25,100 DEBUG epoch: 204, train_acc: 47.7734375, val_acc: 27.16, acc_loss: 1.4743990063667298, grad_loss: None
2022-04-21 11:59:26,251 DEBUG epoch: 205, train_acc: 47.5390625, val_acc: 27.05, acc_loss: 1.4832162380218505, grad_loss: None
2022-04-21 11:59:27,297 DEBUG epoch: 206, train_acc: 48.359375, val_acc: 27.18, acc_loss: 1.4546147525310515, grad_loss: None
2022-04-21 11:59:28,489 DEBUG epoch: 207, train_acc: 49.375, val_acc: 27.17, acc_loss: 1.446292805671692, grad_loss: None
2022-04-21 11:59:29,798 DEBUG epoch: 208, train_acc: 46.2109375, val_acc: 27.2, acc_loss: 1.4695699870586396, grad_loss: None
2022-04-21 11:59:30,911 DEBUG epoch: 209, train_acc: 48.828125, val_acc: 27.26, acc_loss: 1.4615654468536377, grad_loss: None
2022-04-21 11:59:32,017 DEBUG epoch: 210, train_acc: 47.265625, val_acc: 27.21, acc_loss: 1.5026159942150117, grad_loss: None
2022-04-21 11:59:33,124 DEBUG epoch: 211, train_acc: 48.5546875, val_acc: 27.21, acc_loss: 1.4573216080665587, grad_loss: None
2022-04-21 11:59:34,771 DEBUG epoch: 212, train_acc: 48.515625, val_acc: 27.16, acc_loss: 1.461395800113678, grad_loss: None
2022-04-21 11:59:36,435 DEBUG epoch: 213, train_acc: 48.984375, val_acc: 27.03, acc_loss: 1.4485212802886962, grad_loss: None
2022-04-21 11:59:38,119 DEBUG epoch: 214, train_acc: 48.28125, val_acc: 27.04, acc_loss: 1.4731025457382203, grad_loss: None
2022-04-21 11:59:39,799 DEBUG epoch: 215, train_acc: 48.3203125, val_acc: 27.15, acc_loss: 1.4529137790203095, grad_loss: None
2022-04-21 11:59:41,501 DEBUG epoch: 216, train_acc: 47.03125, val_acc: 27.14, acc_loss: 1.4911690533161164, grad_loss: None
2022-04-21 11:59:42,689 DEBUG epoch: 217, train_acc: 47.34375, val_acc: 27.16, acc_loss: 1.4704747915267944, grad_loss: None
2022-04-21 11:59:43,767 DEBUG epoch: 218, train_acc: 46.2890625, val_acc: 27.21, acc_loss: 1.5027889251708983, grad_loss: None
2022-04-21 11:59:44,874 DEBUG epoch: 219, train_acc: 45.859375, val_acc: 27.14, acc_loss: 1.5063784718513489, grad_loss: None
2022-04-21 11:59:45,934 DEBUG epoch: 220, train_acc: 47.34375, val_acc: 27.14, acc_loss: 1.4791383743286133, grad_loss: None
2022-04-21 11:59:47,072 DEBUG epoch: 221, train_acc: 47.34375, val_acc: 27.14, acc_loss: 1.4972230732440948, grad_loss: None
2022-04-21 11:59:48,402 DEBUG epoch: 222, train_acc: 47.734375, val_acc: 27.14, acc_loss: 1.456939274072647, grad_loss: None
2022-04-21 11:59:49,568 DEBUG epoch: 223, train_acc: 46.25, val_acc: 27.04, acc_loss: 1.4670401215553284, grad_loss: None
2022-04-21 11:59:50,696 DEBUG epoch: 224, train_acc: 48.359375, val_acc: 27.13, acc_loss: 1.490751898288727, grad_loss: None
2022-04-21 11:59:51,778 DEBUG epoch: 225, train_acc: 46.2890625, val_acc: 27.13, acc_loss: 1.4960271120071411, grad_loss: None
2022-04-21 11:59:53,334 DEBUG epoch: 226, train_acc: 47.4609375, val_acc: 27.12, acc_loss: 1.4503810167312623, grad_loss: None
2022-04-21 11:59:54,985 DEBUG epoch: 227, train_acc: 48.59375, val_acc: 27.04, acc_loss: 1.4734917283058167, grad_loss: None
2022-04-21 11:59:56,663 DEBUG epoch: 228, train_acc: 48.828125, val_acc: 27.15, acc_loss: 1.456060129404068, grad_loss: None
2022-04-21 11:59:58,324 DEBUG epoch: 229, train_acc: 48.046875, val_acc: 27.16, acc_loss: 1.4656680405139924, grad_loss: None
2022-04-21 12:00:00,040 DEBUG epoch: 230, train_acc: 46.09375, val_acc: 27.1, acc_loss: 1.4967305958271027, grad_loss: None
2022-04-21 12:00:01,331 DEBUG epoch: 231, train_acc: 49.3359375, val_acc: 26.97, acc_loss: 1.4661600410938262, grad_loss: None
2022-04-21 12:00:02,457 DEBUG epoch: 232, train_acc: 49.0234375, val_acc: 26.95, acc_loss: 1.4652513980865478, grad_loss: None
2022-04-21 12:00:03,560 DEBUG epoch: 233, train_acc: 45.46875, val_acc: 27.05, acc_loss: 1.5076702117919922, grad_loss: None
2022-04-21 12:00:04,633 DEBUG epoch: 234, train_acc: 47.1484375, val_acc: 27.02, acc_loss: 1.471827220916748, grad_loss: None
2022-04-21 12:00:05,809 DEBUG epoch: 235, train_acc: 47.7734375, val_acc: 27.06, acc_loss: 1.473566609621048, grad_loss: None
2022-04-21 12:00:07,107 DEBUG epoch: 236, train_acc: 48.59375, val_acc: 27.14, acc_loss: 1.4815741062164307, grad_loss: None
2022-04-21 12:00:08,280 DEBUG epoch: 237, train_acc: 47.109375, val_acc: 27.13, acc_loss: 1.4992307662963866, grad_loss: None
2022-04-21 12:00:09,395 DEBUG epoch: 238, train_acc: 47.1484375, val_acc: 27.03, acc_loss: 1.461489236354828, grad_loss: None
2022-04-21 12:00:10,504 DEBUG epoch: 239, train_acc: 48.3984375, val_acc: 27.15, acc_loss: 1.464092993736267, grad_loss: None
2022-04-21 12:00:12,074 DEBUG epoch: 240, train_acc: 50.3125, val_acc: 27.15, acc_loss: 1.44518786072731, grad_loss: None
2022-04-21 12:00:13,749 DEBUG epoch: 241, train_acc: 46.6015625, val_acc: 27.15, acc_loss: 1.4748308598995208, grad_loss: None
2022-04-21 12:00:15,404 DEBUG epoch: 242, train_acc: 47.1484375, val_acc: 27.13, acc_loss: 1.4754037499427795, grad_loss: None
2022-04-21 12:00:17,076 DEBUG epoch: 243, train_acc: 47.109375, val_acc: 27.11, acc_loss: 1.4655894041061401, grad_loss: None
2022-04-21 12:00:18,730 DEBUG epoch: 244, train_acc: 49.0625, val_acc: 27.1, acc_loss: 1.4715574741363526, grad_loss: None
2022-04-21 12:00:20,042 DEBUG epoch: 245, train_acc: 48.75, val_acc: 27.12, acc_loss: 1.4449646055698395, grad_loss: None
2022-04-21 12:00:21,145 DEBUG epoch: 246, train_acc: 46.2890625, val_acc: 27.1, acc_loss: 1.5081943035125733, grad_loss: None
2022-04-21 12:00:22,270 DEBUG epoch: 247, train_acc: 47.2265625, val_acc: 27.09, acc_loss: 1.4731737971305847, grad_loss: None
2022-04-21 12:00:23,330 DEBUG epoch: 248, train_acc: 45.46875, val_acc: 27.07, acc_loss: 1.485771942138672, grad_loss: None
2022-04-21 12:00:24,449 DEBUG epoch: 249, train_acc: 46.40625, val_acc: 27.09, acc_loss: 1.493222451210022, grad_loss: None
2022-04-21 12:00:25,804 DEBUG epoch: 250, train_acc: 46.6796875, val_acc: 27.11, acc_loss: 1.467237079143524, grad_loss: None
2022-04-21 12:00:27,052 DEBUG epoch: 251, train_acc: 47.734375, val_acc: 27.12, acc_loss: 1.4753885626792909, grad_loss: None
2022-04-21 12:00:28,153 DEBUG epoch: 252, train_acc: 45.9765625, val_acc: 27.1, acc_loss: 1.5144509255886078, grad_loss: None
2022-04-21 12:00:29,292 DEBUG epoch: 253, train_acc: 45.8203125, val_acc: 27.07, acc_loss: 1.519699013233185, grad_loss: None
2022-04-21 12:00:30,744 DEBUG epoch: 254, train_acc: 47.421875, val_acc: 27.03, acc_loss: 1.4722725391387939, grad_loss: None
2022-04-21 12:00:32,424 DEBUG epoch: 255, train_acc: 44.84375, val_acc: 26.98, acc_loss: 1.5152198135852815, grad_loss: None
2022-04-21 12:00:34,103 DEBUG epoch: 256, train_acc: 46.640625, val_acc: 26.98, acc_loss: 1.482165265083313, grad_loss: None
2022-04-21 12:00:35,782 DEBUG epoch: 257, train_acc: 47.3046875, val_acc: 26.97, acc_loss: 1.4970016956329346, grad_loss: None
2022-04-21 12:00:37,458 DEBUG epoch: 258, train_acc: 46.6015625, val_acc: 26.99, acc_loss: 1.4831928551197051, grad_loss: None
2022-04-21 12:00:38,897 DEBUG epoch: 259, train_acc: 45.9375, val_acc: 26.98, acc_loss: 1.478050708770752, grad_loss: None
2022-04-21 12:00:40,010 DEBUG epoch: 260, train_acc: 46.1328125, val_acc: 27.01, acc_loss: 1.4987828433513641, grad_loss: None
2022-04-21 12:00:41,093 DEBUG epoch: 261, train_acc: 46.796875, val_acc: 26.98, acc_loss: 1.4895024180412293, grad_loss: None
2022-04-21 12:00:42,176 DEBUG epoch: 262, train_acc: 46.5234375, val_acc: 26.99, acc_loss: 1.493829643726349, grad_loss: None
2022-04-21 12:00:43,262 DEBUG epoch: 263, train_acc: 47.6171875, val_acc: 27.0, acc_loss: 1.4850001990795136, grad_loss: None
2022-04-21 12:00:44,645 DEBUG epoch: 264, train_acc: 50.078125, val_acc: 26.99, acc_loss: 1.4262396335601806, grad_loss: None
2022-04-21 12:00:45,836 DEBUG epoch: 265, train_acc: 47.6171875, val_acc: 26.99, acc_loss: 1.4720544219017029, grad_loss: None
2022-04-21 12:00:46,951 DEBUG epoch: 266, train_acc: 45.9765625, val_acc: 26.97, acc_loss: 1.5221025824546814, grad_loss: None
2022-04-21 12:00:48,062 DEBUG epoch: 267, train_acc: 46.9921875, val_acc: 26.97, acc_loss: 1.4544677972793578, grad_loss: None
2022-04-21 12:00:49,464 DEBUG epoch: 268, train_acc: 47.96875, val_acc: 27.0, acc_loss: 1.459667044878006, grad_loss: None
2022-04-21 12:00:51,133 DEBUG epoch: 269, train_acc: 48.046875, val_acc: 27.02, acc_loss: 1.4675338923931123, grad_loss: None
2022-04-21 12:00:52,813 DEBUG epoch: 270, train_acc: 45.8984375, val_acc: 27.02, acc_loss: 1.5073239624500274, grad_loss: None
2022-04-21 12:00:54,484 DEBUG epoch: 271, train_acc: 48.4375, val_acc: 27.02, acc_loss: 1.4594680666923523, grad_loss: None
2022-04-21 12:00:56,165 DEBUG epoch: 272, train_acc: 47.421875, val_acc: 27.02, acc_loss: 1.4638957977294922, grad_loss: None
2022-04-21 12:00:57,603 DEBUG epoch: 273, train_acc: 47.421875, val_acc: 26.98, acc_loss: 1.488517653942108, grad_loss: None
2022-04-21 12:00:58,715 DEBUG epoch: 274, train_acc: 48.2421875, val_acc: 27.05, acc_loss: 1.4709280550479888, grad_loss: None
2022-04-21 12:00:59,878 DEBUG epoch: 275, train_acc: 47.4609375, val_acc: 27.08, acc_loss: 1.4707933485507965, grad_loss: None
2022-04-21 12:01:01,005 DEBUG epoch: 276, train_acc: 48.125, val_acc: 27.11, acc_loss: 1.4726723551750183, grad_loss: None
2022-04-21 12:01:02,202 DEBUG epoch: 277, train_acc: 46.3671875, val_acc: 27.12, acc_loss: 1.4806500554084778, grad_loss: None
2022-04-21 12:01:03,521 DEBUG epoch: 278, train_acc: 48.0078125, val_acc: 27.1, acc_loss: 1.477234959602356, grad_loss: None
2022-04-21 12:01:04,736 DEBUG epoch: 279, train_acc: 47.9296875, val_acc: 27.08, acc_loss: 1.4821588099002838, grad_loss: None
2022-04-21 12:01:05,876 DEBUG epoch: 280, train_acc: 46.640625, val_acc: 27.11, acc_loss: 1.480049240589142, grad_loss: None
2022-04-21 12:01:06,974 DEBUG epoch: 281, train_acc: 46.484375, val_acc: 27.09, acc_loss: 1.4816008985042572, grad_loss: None
2022-04-21 12:01:08,440 DEBUG epoch: 282, train_acc: 48.3984375, val_acc: 27.08, acc_loss: 1.4436952650547028, grad_loss: None
2022-04-21 12:01:10,124 DEBUG epoch: 283, train_acc: 47.9296875, val_acc: 27.06, acc_loss: 1.4925069332122802, grad_loss: None
2022-04-21 12:01:11,791 DEBUG epoch: 284, train_acc: 46.5625, val_acc: 27.07, acc_loss: 1.485441380739212, grad_loss: None
2022-04-21 12:01:13,448 DEBUG epoch: 285, train_acc: 47.8125, val_acc: 27.06, acc_loss: 1.4865168511867524, grad_loss: None
2022-04-21 12:01:15,125 DEBUG epoch: 286, train_acc: 47.8515625, val_acc: 27.04, acc_loss: 1.4940118193626404, grad_loss: None
2022-04-21 12:01:16,696 DEBUG epoch: 287, train_acc: 48.75, val_acc: 27.09, acc_loss: 1.4763368368148804, grad_loss: None
2022-04-21 12:01:17,786 DEBUG epoch: 288, train_acc: 47.265625, val_acc: 27.09, acc_loss: 1.4821849942207337, grad_loss: None
2022-04-21 12:01:18,882 DEBUG epoch: 289, train_acc: 48.28125, val_acc: 27.13, acc_loss: 1.456401413679123, grad_loss: None
2022-04-21 12:01:20,030 DEBUG epoch: 290, train_acc: 47.1875, val_acc: 27.13, acc_loss: 1.4688608527183533, grad_loss: None
2022-04-21 12:01:21,139 DEBUG epoch: 291, train_acc: 46.2890625, val_acc: 27.08, acc_loss: 1.4739984571933746, grad_loss: None
2022-04-21 12:01:22,376 DEBUG epoch: 292, train_acc: 47.1875, val_acc: 27.08, acc_loss: 1.469723242521286, grad_loss: None
2022-04-21 12:01:23,701 DEBUG epoch: 293, train_acc: 45.703125, val_acc: 27.09, acc_loss: 1.5023496329784394, grad_loss: None
2022-04-21 12:01:24,763 DEBUG epoch: 294, train_acc: 48.2421875, val_acc: 26.99, acc_loss: 1.4569344818592072, grad_loss: None
2022-04-21 12:01:25,867 DEBUG epoch: 295, train_acc: 48.2421875, val_acc: 26.96, acc_loss: 1.4832228779792787, grad_loss: None
2022-04-21 12:01:27,112 DEBUG epoch: 296, train_acc: 47.6953125, val_acc: 26.96, acc_loss: 1.4748928368091583, grad_loss: None
2022-04-21 12:01:28,795 DEBUG epoch: 297, train_acc: 47.5, val_acc: 26.95, acc_loss: 1.4587216556072236, grad_loss: None
2022-04-21 12:01:30,458 DEBUG epoch: 298, train_acc: 47.2265625, val_acc: 26.92, acc_loss: 1.4709385275840758, grad_loss: None
2022-04-21 12:01:32,104 DEBUG epoch: 299, train_acc: 47.1875, val_acc: 26.95, acc_loss: 1.488954448699951, grad_loss: None
2022-04-21 12:01:33,778 DEBUG epoch: 300, train_acc: 46.25, val_acc: 26.95, acc_loss: 1.5100218594074248, grad_loss: None
2022-04-21 12:01:33,778 DEBUG load best stealed model.
2022-04-21 12:01:33,778 DEBUG Best perform model, val_acc: 29.74, acc_loss: 1.6470767557621002
2022-04-21 16:11:15,844 DEBUG Namespace(arch='vgg11_bn', attack_client=0, attack_epochs=300, attack_style='Generator_option', average_time=1, batch_size=128, bottleneck_option='None', cutlayer=4, data_proportion=0.0, dataset='cifar10', filename='ace_V2_epoch_vgg11_bn_cutlayer_4_client_1_seed125_dataset_cifar10_lr_0.05_200epoch', folder='saves/baseline', learning_rate=0.005, noniid_ratio=1.0, num_client=1, num_epochs='best', num_query=1000, random_seed=123, regularization='None', regularization_strength=0.0, scheme='V2_epoch', surrogate_arch='same', test_best=True, train_clas_layer=2.0)
2022-04-21 16:11:19,351 DEBUG Test (client-0):	Loss 0.6165 (0.3623)	Prec@1 81.250 (91.890)
2022-04-21 16:11:19,352 DEBUG  * Prec@1 91.890
2022-04-21 16:11:19,352 DEBUG load 1.weight to surrogate
2022-04-21 16:11:19,352 DEBUG load 1.bias to surrogate
2022-04-21 16:11:19,353 DEBUG 4
2022-04-21 16:11:19,353 DEBUG surrogate parameter has 4 trainable parameters!
2022-04-21 16:11:19,608 DEBUG Train step: 10	 CE_Loss: 6.2436738014 diversity_Loss: 0.7335495353 bc_losses (G):  0.0000000000  bc_losses (D)):  0.0000000000
2022-04-21 16:11:19,608 DEBUG End of Training: 10	 CE_Loss: 6.2436738014 diversity_Loss: 0.7335495353 bc_losses (G):  0.0000000000  bc_losses (D)):  0.0000000000
2022-04-21 16:11:20,391 DEBUG epoch: 0, val_acc: 10.16, val_fidelity: 10.29
2022-04-21 16:11:21,709 DEBUG epoch: 1, train_acc: 14.1796875, val_acc: 20.0, fidel_score: 20.39, acc_loss: 2.2727880120277404, grad_loss: None
2022-04-21 16:11:22,984 DEBUG epoch: 2, train_acc: 24.140625, val_acc: 20.52, fidel_score: 20.8, acc_loss: 2.1859543800354, grad_loss: None
2022-04-21 16:11:24,258 DEBUG epoch: 3, train_acc: 26.640625, val_acc: 20.69, fidel_score: 21.05, acc_loss: 2.1133790612220764, grad_loss: None
2022-04-21 16:11:25,535 DEBUG epoch: 4, train_acc: 29.6484375, val_acc: 21.95, fidel_score: 22.4, acc_loss: 2.053333204984665, grad_loss: None
2022-04-21 16:11:26,805 DEBUG epoch: 5, train_acc: 33.4375, val_acc: 26.51, fidel_score: 27.07, acc_loss: 2.0035274624824524, grad_loss: None
2022-04-21 16:11:28,080 DEBUG epoch: 6, train_acc: 33.984375, val_acc: 27.93, fidel_score: 28.68, acc_loss: 1.95327068567276, grad_loss: None
2022-04-21 16:11:29,359 DEBUG epoch: 7, train_acc: 35.625, val_acc: 26.62, fidel_score: 27.31, acc_loss: 1.904281449317932, grad_loss: None
2022-04-21 16:11:30,632 DEBUG epoch: 8, train_acc: 36.2890625, val_acc: 27.42, fidel_score: 28.09, acc_loss: 1.875379925966263, grad_loss: None
2022-04-21 16:11:31,900 DEBUG epoch: 9, train_acc: 38.125, val_acc: 26.68, fidel_score: 27.27, acc_loss: 1.8522918462753295, grad_loss: None
2022-04-21 16:11:33,171 DEBUG epoch: 10, train_acc: 36.640625, val_acc: 26.3, fidel_score: 26.94, acc_loss: 1.8165279805660248, grad_loss: None
2022-04-21 16:11:34,448 DEBUG epoch: 11, train_acc: 37.5390625, val_acc: 27.41, fidel_score: 28.08, acc_loss: 1.8097334027290344, grad_loss: None
2022-04-21 16:11:35,719 DEBUG epoch: 12, train_acc: 38.8671875, val_acc: 26.23, fidel_score: 26.81, acc_loss: 1.7673687279224395, grad_loss: None
2022-04-21 16:11:36,995 DEBUG epoch: 13, train_acc: 38.125, val_acc: 25.98, fidel_score: 26.69, acc_loss: 1.7684727966785432, grad_loss: None
2022-04-21 16:11:38,276 DEBUG epoch: 14, train_acc: 39.9609375, val_acc: 24.87, fidel_score: 25.46, acc_loss: 1.742170548439026, grad_loss: None
2022-04-21 16:11:39,545 DEBUG epoch: 15, train_acc: 40.078125, val_acc: 24.9, fidel_score: 25.44, acc_loss: 1.7279653608798982, grad_loss: None
2022-04-21 16:11:40,822 DEBUG epoch: 16, train_acc: 39.1015625, val_acc: 25.17, fidel_score: 25.71, acc_loss: 1.7239717841148376, grad_loss: None
2022-04-21 16:11:42,103 DEBUG epoch: 17, train_acc: 39.8046875, val_acc: 24.65, fidel_score: 25.17, acc_loss: 1.7089755475521087, grad_loss: None
2022-04-21 16:11:43,382 DEBUG epoch: 18, train_acc: 40.1171875, val_acc: 25.29, fidel_score: 25.84, acc_loss: 1.6849987745285033, grad_loss: None
2022-04-21 16:11:44,658 DEBUG epoch: 19, train_acc: 41.484375, val_acc: 27.51, fidel_score: 28.03, acc_loss: 1.6778082251548767, grad_loss: None
2022-04-21 16:11:45,935 DEBUG epoch: 20, train_acc: 40.3515625, val_acc: 29.09, fidel_score: 29.64, acc_loss: 1.6824687123298645, grad_loss: None
2022-04-21 16:11:47,212 DEBUG epoch: 21, train_acc: 40.2734375, val_acc: 27.65, fidel_score: 28.25, acc_loss: 1.668463671207428, grad_loss: None
2022-04-21 16:11:48,486 DEBUG epoch: 22, train_acc: 41.4453125, val_acc: 29.77, fidel_score: 30.27, acc_loss: 1.6473277866840363, grad_loss: None
2022-04-21 16:11:49,770 DEBUG epoch: 23, train_acc: 41.9921875, val_acc: 29.6, fidel_score: 30.12, acc_loss: 1.649625015258789, grad_loss: None
2022-04-21 16:11:51,051 DEBUG epoch: 24, train_acc: 44.3359375, val_acc: 28.91, fidel_score: 29.43, acc_loss: 1.62034912109375, grad_loss: None
2022-04-21 16:11:52,323 DEBUG epoch: 25, train_acc: 42.96875, val_acc: 28.96, fidel_score: 29.48, acc_loss: 1.611497348546982, grad_loss: None
2022-04-21 16:11:53,596 DEBUG epoch: 26, train_acc: 43.5546875, val_acc: 28.79, fidel_score: 29.28, acc_loss: 1.6101770997047424, grad_loss: None
2022-04-21 16:11:54,876 DEBUG epoch: 27, train_acc: 43.515625, val_acc: 28.38, fidel_score: 28.76, acc_loss: 1.6250239074230195, grad_loss: None
2022-04-21 16:11:56,150 DEBUG epoch: 28, train_acc: 41.3671875, val_acc: 28.95, fidel_score: 29.37, acc_loss: 1.641865110397339, grad_loss: None
2022-04-21 16:11:57,426 DEBUG epoch: 29, train_acc: 41.4453125, val_acc: 28.72, fidel_score: 29.12, acc_loss: 1.6420727849006653, grad_loss: None
2022-04-21 16:11:58,706 DEBUG epoch: 30, train_acc: 42.578125, val_acc: 28.8, fidel_score: 29.22, acc_loss: 1.6052060008049012, grad_loss: None
2022-04-21 16:11:59,980 DEBUG epoch: 31, train_acc: 43.7109375, val_acc: 28.59, fidel_score: 29.01, acc_loss: 1.5910011231899261, grad_loss: None
2022-04-21 16:12:01,258 DEBUG epoch: 32, train_acc: 45.0, val_acc: 28.47, fidel_score: 28.85, acc_loss: 1.576862818002701, grad_loss: None
2022-04-21 16:12:02,530 DEBUG epoch: 33, train_acc: 43.59375, val_acc: 28.35, fidel_score: 28.7, acc_loss: 1.598871910572052, grad_loss: None
2022-04-21 16:12:03,806 DEBUG epoch: 34, train_acc: 43.4375, val_acc: 28.42, fidel_score: 28.84, acc_loss: 1.5846990406513215, grad_loss: None
2022-04-21 16:12:05,083 DEBUG epoch: 35, train_acc: 41.9140625, val_acc: 28.51, fidel_score: 28.96, acc_loss: 1.6073339521884917, grad_loss: None
2022-04-21 16:12:06,367 DEBUG epoch: 36, train_acc: 43.1640625, val_acc: 28.69, fidel_score: 29.15, acc_loss: 1.6112332582473754, grad_loss: None
2022-04-21 16:12:07,645 DEBUG epoch: 37, train_acc: 43.7109375, val_acc: 28.59, fidel_score: 29.01, acc_loss: 1.5852224588394166, grad_loss: None
2022-04-21 16:12:08,915 DEBUG epoch: 38, train_acc: 43.984375, val_acc: 28.41, fidel_score: 28.79, acc_loss: 1.5682029187679292, grad_loss: None
2022-04-21 16:12:10,183 DEBUG epoch: 39, train_acc: 43.4375, val_acc: 28.03, fidel_score: 28.42, acc_loss: 1.5694266736507416, grad_loss: None
2022-04-21 16:12:11,466 DEBUG epoch: 40, train_acc: 46.4453125, val_acc: 28.53, fidel_score: 28.94, acc_loss: 1.5415800750255584, grad_loss: None
2022-04-21 16:12:12,744 DEBUG epoch: 41, train_acc: 45.5859375, val_acc: 28.1, fidel_score: 28.48, acc_loss: 1.5479689180850982, grad_loss: None
2022-04-21 16:12:14,022 DEBUG epoch: 42, train_acc: 44.375, val_acc: 27.36, fidel_score: 27.7, acc_loss: 1.555764663219452, grad_loss: None
2022-04-21 16:12:15,295 DEBUG epoch: 43, train_acc: 44.1015625, val_acc: 27.76, fidel_score: 28.16, acc_loss: 1.5750259160995483, grad_loss: None
2022-04-21 16:12:16,569 DEBUG epoch: 44, train_acc: 46.0546875, val_acc: 27.72, fidel_score: 28.09, acc_loss: 1.5418523848056793, grad_loss: None
2022-04-21 16:12:17,850 DEBUG epoch: 45, train_acc: 45.4296875, val_acc: 27.86, fidel_score: 28.27, acc_loss: 1.5342611730098725, grad_loss: None
2022-04-21 16:12:19,129 DEBUG epoch: 46, train_acc: 44.8828125, val_acc: 27.9, fidel_score: 28.31, acc_loss: 1.544360303878784, grad_loss: None
2022-04-21 16:12:20,403 DEBUG epoch: 47, train_acc: 44.4921875, val_acc: 27.5, fidel_score: 27.94, acc_loss: 1.5441871225833892, grad_loss: None
2022-04-21 16:12:21,690 DEBUG epoch: 48, train_acc: 44.5703125, val_acc: 27.66, fidel_score: 28.05, acc_loss: 1.5586769223213195, grad_loss: None
2022-04-21 16:12:22,976 DEBUG epoch: 49, train_acc: 44.765625, val_acc: 27.85, fidel_score: 28.26, acc_loss: 1.5510055482387544, grad_loss: None
2022-04-21 16:12:24,260 DEBUG epoch: 50, train_acc: 45.625, val_acc: 28.14, fidel_score: 28.55, acc_loss: 1.5285959899425507, grad_loss: None
2022-04-21 16:12:25,540 DEBUG epoch: 51, train_acc: 44.9609375, val_acc: 27.94, fidel_score: 28.39, acc_loss: 1.5532257556915283, grad_loss: None
2022-04-21 16:12:26,817 DEBUG epoch: 52, train_acc: 44.8828125, val_acc: 27.91, fidel_score: 28.37, acc_loss: 1.537374597787857, grad_loss: None
2022-04-21 16:12:28,096 DEBUG epoch: 53, train_acc: 43.90625, val_acc: 28.07, fidel_score: 28.51, acc_loss: 1.5608945786952972, grad_loss: None
2022-04-21 16:12:29,378 DEBUG epoch: 54, train_acc: 46.09375, val_acc: 27.6, fidel_score: 28.02, acc_loss: 1.5097130119800568, grad_loss: None
2022-04-21 16:12:30,661 DEBUG epoch: 55, train_acc: 46.25, val_acc: 28.03, fidel_score: 28.45, acc_loss: 1.5246129512786866, grad_loss: None
2022-04-21 16:12:31,946 DEBUG epoch: 56, train_acc: 45.703125, val_acc: 28.01, fidel_score: 28.4, acc_loss: 1.5429435551166535, grad_loss: None
2022-04-21 16:12:33,230 DEBUG epoch: 57, train_acc: 45.9765625, val_acc: 27.79, fidel_score: 28.23, acc_loss: 1.529038143157959, grad_loss: None
2022-04-21 16:12:34,504 DEBUG epoch: 58, train_acc: 43.671875, val_acc: 27.73, fidel_score: 28.16, acc_loss: 1.548792588710785, grad_loss: None
2022-04-21 16:12:35,786 DEBUG epoch: 59, train_acc: 46.0546875, val_acc: 28.2, fidel_score: 28.6, acc_loss: 1.5089940130710602, grad_loss: None
2022-04-21 16:12:37,069 DEBUG epoch: 60, train_acc: 48.046875, val_acc: 28.13, fidel_score: 28.54, acc_loss: 1.488430345058441, grad_loss: None
2022-04-21 16:12:38,342 DEBUG epoch: 61, train_acc: 47.7734375, val_acc: 27.93, fidel_score: 28.36, acc_loss: 1.507329946756363, grad_loss: None
2022-04-21 16:12:39,622 DEBUG epoch: 62, train_acc: 46.3671875, val_acc: 28.04, fidel_score: 28.47, acc_loss: 1.5039398849010468, grad_loss: None
2022-04-21 16:12:40,906 DEBUG epoch: 63, train_acc: 48.515625, val_acc: 27.88, fidel_score: 28.3, acc_loss: 1.484521323442459, grad_loss: None
2022-04-21 16:12:42,181 DEBUG epoch: 64, train_acc: 46.796875, val_acc: 28.02, fidel_score: 28.43, acc_loss: 1.4882740676403046, grad_loss: None
2022-04-21 16:12:43,452 DEBUG epoch: 65, train_acc: 45.5078125, val_acc: 27.97, fidel_score: 28.4, acc_loss: 1.5244348108768464, grad_loss: None
2022-04-21 16:12:44,733 DEBUG epoch: 66, train_acc: 45.234375, val_acc: 27.96, fidel_score: 28.39, acc_loss: 1.533199554681778, grad_loss: None
2022-04-21 16:12:46,038 DEBUG epoch: 67, train_acc: 47.109375, val_acc: 27.92, fidel_score: 28.34, acc_loss: 1.5010956466197967, grad_loss: None
2022-04-21 16:12:47,312 DEBUG epoch: 68, train_acc: 45.9765625, val_acc: 27.94, fidel_score: 28.36, acc_loss: 1.5132071673870087, grad_loss: None
2022-04-21 16:12:48,591 DEBUG epoch: 69, train_acc: 43.984375, val_acc: 28.07, fidel_score: 28.51, acc_loss: 1.5385175406932832, grad_loss: None
2022-04-21 16:12:49,863 DEBUG epoch: 70, train_acc: 47.6953125, val_acc: 27.93, fidel_score: 28.37, acc_loss: 1.502028113603592, grad_loss: None
2022-04-21 16:12:51,156 DEBUG epoch: 71, train_acc: 46.4453125, val_acc: 28.03, fidel_score: 28.47, acc_loss: 1.4919163525104522, grad_loss: None
2022-04-21 16:12:52,441 DEBUG epoch: 72, train_acc: 45.8203125, val_acc: 27.93, fidel_score: 28.35, acc_loss: 1.5247195839881897, grad_loss: None
2022-04-21 16:12:53,722 DEBUG epoch: 73, train_acc: 47.109375, val_acc: 27.78, fidel_score: 28.19, acc_loss: 1.468967044353485, grad_loss: None
2022-04-21 16:12:54,995 DEBUG epoch: 74, train_acc: 46.484375, val_acc: 27.83, fidel_score: 28.27, acc_loss: 1.4961554169654847, grad_loss: None
2022-04-21 16:12:56,281 DEBUG epoch: 75, train_acc: 48.671875, val_acc: 27.87, fidel_score: 28.28, acc_loss: 1.4687434554100036, grad_loss: None
2022-04-21 16:12:57,561 DEBUG epoch: 76, train_acc: 46.1328125, val_acc: 27.95, fidel_score: 28.36, acc_loss: 1.5099731802940368, grad_loss: None
2022-04-21 16:12:58,847 DEBUG epoch: 77, train_acc: 46.875, val_acc: 27.69, fidel_score: 28.12, acc_loss: 1.4869520783424377, grad_loss: None
2022-04-21 16:13:00,124 DEBUG epoch: 78, train_acc: 47.03125, val_acc: 27.89, fidel_score: 28.32, acc_loss: 1.5065248012542725, grad_loss: None
2022-04-21 16:13:01,402 DEBUG epoch: 79, train_acc: 47.2265625, val_acc: 27.65, fidel_score: 28.1, acc_loss: 1.4739423155784608, grad_loss: None
2022-04-21 16:13:02,686 DEBUG epoch: 80, train_acc: 45.5859375, val_acc: 27.3, fidel_score: 27.71, acc_loss: 1.5594289898872375, grad_loss: None
2022-04-21 16:13:03,973 DEBUG epoch: 81, train_acc: 44.8046875, val_acc: 27.72, fidel_score: 28.13, acc_loss: 1.520445865392685, grad_loss: None
2022-04-21 16:13:05,255 DEBUG epoch: 82, train_acc: 45.625, val_acc: 27.92, fidel_score: 28.37, acc_loss: 1.521870756149292, grad_loss: None
2022-04-21 16:13:06,529 DEBUG epoch: 83, train_acc: 46.9921875, val_acc: 27.67, fidel_score: 28.08, acc_loss: 1.5061490714550019, grad_loss: None
2022-04-21 16:13:07,821 DEBUG epoch: 84, train_acc: 45.6640625, val_acc: 27.44, fidel_score: 27.85, acc_loss: 1.5248822093009948, grad_loss: None
2022-04-21 16:13:09,107 DEBUG epoch: 85, train_acc: 46.9140625, val_acc: 27.42, fidel_score: 27.82, acc_loss: 1.5004815578460693, grad_loss: None
2022-04-21 16:13:10,383 DEBUG epoch: 86, train_acc: 46.0546875, val_acc: 27.39, fidel_score: 27.81, acc_loss: 1.506814217567444, grad_loss: None
2022-04-21 16:13:11,657 DEBUG epoch: 87, train_acc: 45.390625, val_acc: 27.82, fidel_score: 28.27, acc_loss: 1.5111447155475617, grad_loss: None
2022-04-21 16:13:12,927 DEBUG epoch: 88, train_acc: 48.4765625, val_acc: 27.66, fidel_score: 28.07, acc_loss: 1.4801498234272004, grad_loss: None
2022-04-21 16:13:14,205 DEBUG epoch: 89, train_acc: 47.4609375, val_acc: 27.42, fidel_score: 27.83, acc_loss: 1.5006268560886382, grad_loss: None
2022-04-21 16:13:15,478 DEBUG epoch: 90, train_acc: 45.234375, val_acc: 27.67, fidel_score: 28.1, acc_loss: 1.5136762261390686, grad_loss: None
2022-04-21 16:13:16,756 DEBUG epoch: 91, train_acc: 46.171875, val_acc: 27.16, fidel_score: 27.53, acc_loss: 1.5235313713550567, grad_loss: None
2022-04-21 16:13:18,036 DEBUG epoch: 92, train_acc: 45.703125, val_acc: 27.41, fidel_score: 27.81, acc_loss: 1.5066754221916199, grad_loss: None
2022-04-21 16:13:19,316 DEBUG epoch: 93, train_acc: 46.71875, val_acc: 27.27, fidel_score: 27.69, acc_loss: 1.5156734824180602, grad_loss: None
2022-04-21 16:13:20,599 DEBUG epoch: 94, train_acc: 47.5, val_acc: 27.39, fidel_score: 27.82, acc_loss: 1.4798549175262452, grad_loss: None
2022-04-21 16:13:21,876 DEBUG epoch: 95, train_acc: 46.9921875, val_acc: 27.44, fidel_score: 27.85, acc_loss: 1.4858049035072327, grad_loss: None
2022-04-21 16:13:23,147 DEBUG epoch: 96, train_acc: 46.40625, val_acc: 27.28, fidel_score: 27.7, acc_loss: 1.5336700260639191, grad_loss: None
2022-04-21 16:13:24,423 DEBUG epoch: 97, train_acc: 46.2890625, val_acc: 27.34, fidel_score: 27.76, acc_loss: 1.4965328812599181, grad_loss: None
2022-04-21 16:13:25,703 DEBUG epoch: 98, train_acc: 45.7421875, val_acc: 27.59, fidel_score: 28.01, acc_loss: 1.4945940673351288, grad_loss: None
2022-04-21 16:13:26,975 DEBUG epoch: 99, train_acc: 47.3828125, val_acc: 27.5, fidel_score: 27.91, acc_loss: 1.4805192530155182, grad_loss: None
2022-04-21 16:13:28,254 DEBUG epoch: 100, train_acc: 46.9140625, val_acc: 27.38, fidel_score: 27.8, acc_loss: 1.494412010908127, grad_loss: None
2022-04-21 16:13:29,546 DEBUG epoch: 101, train_acc: 45.8203125, val_acc: 27.66, fidel_score: 28.08, acc_loss: 1.5158109605312347, grad_loss: None
2022-04-21 16:13:30,833 DEBUG epoch: 102, train_acc: 46.5234375, val_acc: 27.56, fidel_score: 27.97, acc_loss: 1.5058839440345764, grad_loss: None
2022-04-21 16:13:32,121 DEBUG epoch: 103, train_acc: 45.9375, val_acc: 27.59, fidel_score: 28.01, acc_loss: 1.5150906562805175, grad_loss: None
2022-04-21 16:13:33,405 DEBUG epoch: 104, train_acc: 46.1328125, val_acc: 27.69, fidel_score: 28.11, acc_loss: 1.5056826651096344, grad_loss: None
2022-04-21 16:13:34,698 DEBUG epoch: 105, train_acc: 45.7421875, val_acc: 27.49, fidel_score: 27.91, acc_loss: 1.5306175172328949, grad_loss: None
2022-04-21 16:13:35,976 DEBUG epoch: 106, train_acc: 45.9765625, val_acc: 27.37, fidel_score: 27.8, acc_loss: 1.5199490904808044, grad_loss: None
2022-04-21 16:13:37,266 DEBUG epoch: 107, train_acc: 45.390625, val_acc: 27.4, fidel_score: 27.8, acc_loss: 1.5208736777305603, grad_loss: None
2022-04-21 16:13:38,541 DEBUG epoch: 108, train_acc: 45.9765625, val_acc: 27.44, fidel_score: 27.87, acc_loss: 1.5095455586910247, grad_loss: None
2022-04-21 16:13:39,821 DEBUG epoch: 109, train_acc: 45.703125, val_acc: 27.42, fidel_score: 27.86, acc_loss: 1.5159401416778564, grad_loss: None
2022-04-21 16:13:41,099 DEBUG epoch: 110, train_acc: 47.3828125, val_acc: 27.2, fidel_score: 27.58, acc_loss: 1.4796452879905702, grad_loss: None
2022-04-21 16:13:42,385 DEBUG epoch: 111, train_acc: 45.7421875, val_acc: 27.26, fidel_score: 27.64, acc_loss: 1.5120209395885467, grad_loss: None
2022-04-21 16:13:43,668 DEBUG epoch: 112, train_acc: 45.7421875, val_acc: 27.45, fidel_score: 27.89, acc_loss: 1.5143797755241395, grad_loss: None
2022-04-21 16:13:44,963 DEBUG epoch: 113, train_acc: 46.5625, val_acc: 27.45, fidel_score: 27.88, acc_loss: 1.4918616950511931, grad_loss: None
2022-04-21 16:13:46,257 DEBUG epoch: 114, train_acc: 47.4609375, val_acc: 27.34, fidel_score: 27.75, acc_loss: 1.5158061981201172, grad_loss: None
2022-04-21 16:13:47,539 DEBUG epoch: 115, train_acc: 45.8984375, val_acc: 27.18, fidel_score: 27.57, acc_loss: 1.4905532538890838, grad_loss: None
2022-04-21 16:13:48,811 DEBUG epoch: 116, train_acc: 46.2109375, val_acc: 27.32, fidel_score: 27.73, acc_loss: 1.4971202492713929, grad_loss: None
2022-04-21 16:13:50,089 DEBUG epoch: 117, train_acc: 47.5390625, val_acc: 27.33, fidel_score: 27.74, acc_loss: 1.4536477684974671, grad_loss: None
2022-04-21 16:13:51,368 DEBUG epoch: 118, train_acc: 47.5390625, val_acc: 27.2, fidel_score: 27.57, acc_loss: 1.493019688129425, grad_loss: None
2022-04-21 16:13:52,652 DEBUG epoch: 119, train_acc: 45.625, val_acc: 27.05, fidel_score: 27.39, acc_loss: 1.5141604483127593, grad_loss: None
2022-04-21 16:13:53,930 DEBUG epoch: 120, train_acc: 47.109375, val_acc: 27.29, fidel_score: 27.63, acc_loss: 1.4948872566223144, grad_loss: None
2022-04-21 16:13:55,215 DEBUG epoch: 121, train_acc: 45.46875, val_acc: 27.28, fidel_score: 27.67, acc_loss: 1.548053604364395, grad_loss: None
2022-04-21 16:13:56,503 DEBUG epoch: 122, train_acc: 47.5, val_acc: 27.4, fidel_score: 27.79, acc_loss: 1.4859973788261414, grad_loss: None
2022-04-21 16:13:57,796 DEBUG epoch: 123, train_acc: 48.125, val_acc: 27.41, fidel_score: 27.78, acc_loss: 1.478559011220932, grad_loss: None
2022-04-21 16:13:59,086 DEBUG epoch: 124, train_acc: 47.96875, val_acc: 27.29, fidel_score: 27.63, acc_loss: 1.4896274626255035, grad_loss: None
2022-04-21 16:14:00,361 DEBUG epoch: 125, train_acc: 47.8515625, val_acc: 27.32, fidel_score: 27.69, acc_loss: 1.4907995581626892, grad_loss: None
2022-04-21 16:14:01,644 DEBUG epoch: 126, train_acc: 47.5390625, val_acc: 27.28, fidel_score: 27.62, acc_loss: 1.4924297690391541, grad_loss: None
2022-04-21 16:14:02,920 DEBUG epoch: 127, train_acc: 47.8515625, val_acc: 27.62, fidel_score: 28.04, acc_loss: 1.4541876018047333, grad_loss: None
2022-04-21 16:14:04,201 DEBUG epoch: 128, train_acc: 47.65625, val_acc: 27.35, fidel_score: 27.72, acc_loss: 1.4742695033550262, grad_loss: None
2022-04-21 16:14:05,484 DEBUG epoch: 129, train_acc: 47.5390625, val_acc: 27.25, fidel_score: 27.59, acc_loss: 1.4999644458293915, grad_loss: None
2022-04-21 16:14:06,756 DEBUG epoch: 130, train_acc: 46.6796875, val_acc: 27.28, fidel_score: 27.71, acc_loss: 1.4902109861373902, grad_loss: None
2022-04-21 16:14:08,048 DEBUG epoch: 131, train_acc: 46.25, val_acc: 27.26, fidel_score: 27.62, acc_loss: 1.489164799451828, grad_loss: None
2022-04-21 16:14:09,326 DEBUG epoch: 132, train_acc: 46.2109375, val_acc: 27.21, fidel_score: 27.54, acc_loss: 1.495127022266388, grad_loss: None
2022-04-21 16:14:10,609 DEBUG epoch: 133, train_acc: 47.0703125, val_acc: 27.07, fidel_score: 27.45, acc_loss: 1.4883732140064239, grad_loss: None
2022-04-21 16:14:11,884 DEBUG epoch: 134, train_acc: 47.578125, val_acc: 27.26, fidel_score: 27.61, acc_loss: 1.4647887110710145, grad_loss: None
2022-04-21 16:14:13,164 DEBUG epoch: 135, train_acc: 48.203125, val_acc: 27.29, fidel_score: 27.64, acc_loss: 1.486568158864975, grad_loss: None
2022-04-21 16:14:14,441 DEBUG epoch: 136, train_acc: 46.2109375, val_acc: 26.6, fidel_score: 26.92, acc_loss: 1.4789957582950592, grad_loss: None
2022-04-21 16:14:15,717 DEBUG epoch: 137, train_acc: 47.34375, val_acc: 27.38, fidel_score: 27.77, acc_loss: 1.4741825878620147, grad_loss: None
2022-04-21 16:14:16,992 DEBUG epoch: 138, train_acc: 49.21875, val_acc: 27.32, fidel_score: 27.72, acc_loss: 1.4593561947345735, grad_loss: None
2022-04-21 16:14:18,285 DEBUG epoch: 139, train_acc: 47.8125, val_acc: 27.26, fidel_score: 27.63, acc_loss: 1.484936785697937, grad_loss: None
2022-04-21 16:14:19,568 DEBUG epoch: 140, train_acc: 47.3828125, val_acc: 27.33, fidel_score: 27.72, acc_loss: 1.4747972548007966, grad_loss: None
2022-04-21 16:14:20,858 DEBUG epoch: 141, train_acc: 47.65625, val_acc: 27.16, fidel_score: 27.49, acc_loss: 1.4900690913200378, grad_loss: None
2022-04-21 16:14:22,141 DEBUG epoch: 142, train_acc: 45.390625, val_acc: 27.24, fidel_score: 27.63, acc_loss: 1.4848621368408204, grad_loss: None
2022-04-21 16:14:23,418 DEBUG epoch: 143, train_acc: 47.1484375, val_acc: 27.17, fidel_score: 27.56, acc_loss: 1.4964557468891144, grad_loss: None
2022-04-21 16:14:24,696 DEBUG epoch: 144, train_acc: 47.2265625, val_acc: 27.14, fidel_score: 27.52, acc_loss: 1.483951711654663, grad_loss: None
2022-04-21 16:14:25,976 DEBUG epoch: 145, train_acc: 47.2265625, val_acc: 27.34, fidel_score: 27.74, acc_loss: 1.4745707869529725, grad_loss: None
2022-04-21 16:14:27,257 DEBUG epoch: 146, train_acc: 47.6171875, val_acc: 27.13, fidel_score: 27.51, acc_loss: 1.4666930079460143, grad_loss: None
2022-04-21 16:14:28,530 DEBUG epoch: 147, train_acc: 45.625, val_acc: 27.11, fidel_score: 27.46, acc_loss: 1.5186873078346252, grad_loss: None
2022-04-21 16:14:29,806 DEBUG epoch: 148, train_acc: 48.671875, val_acc: 27.1, fidel_score: 27.46, acc_loss: 1.4382330119609832, grad_loss: None
2022-04-21 16:14:31,088 DEBUG epoch: 149, train_acc: 48.671875, val_acc: 27.15, fidel_score: 27.54, acc_loss: 1.4525855600833892, grad_loss: None
2022-04-21 16:14:32,364 DEBUG epoch: 150, train_acc: 47.890625, val_acc: 27.1, fidel_score: 27.48, acc_loss: 1.475401484966278, grad_loss: None
2022-04-21 16:14:33,646 DEBUG epoch: 151, train_acc: 47.6171875, val_acc: 27.08, fidel_score: 27.46, acc_loss: 1.4879233837127686, grad_loss: None
2022-04-21 16:14:34,925 DEBUG epoch: 152, train_acc: 46.796875, val_acc: 27.11, fidel_score: 27.5, acc_loss: 1.5033979058265685, grad_loss: None
2022-04-21 16:14:36,200 DEBUG epoch: 153, train_acc: 47.65625, val_acc: 27.1, fidel_score: 27.49, acc_loss: 1.4708012282848357, grad_loss: None
2022-04-21 16:14:37,485 DEBUG epoch: 154, train_acc: 47.0703125, val_acc: 26.99, fidel_score: 27.37, acc_loss: 1.4769135236740112, grad_loss: None
2022-04-21 16:14:38,772 DEBUG epoch: 155, train_acc: 45.703125, val_acc: 27.0, fidel_score: 27.38, acc_loss: 1.5056167483329772, grad_loss: None
2022-04-21 16:14:40,052 DEBUG epoch: 156, train_acc: 47.1484375, val_acc: 27.05, fidel_score: 27.43, acc_loss: 1.469964474439621, grad_loss: None
2022-04-21 16:14:41,328 DEBUG epoch: 157, train_acc: 47.734375, val_acc: 27.12, fidel_score: 27.51, acc_loss: 1.4940525352954865, grad_loss: None
2022-04-21 16:14:42,605 DEBUG epoch: 158, train_acc: 47.4609375, val_acc: 27.14, fidel_score: 27.52, acc_loss: 1.4839740931987762, grad_loss: None
2022-04-21 16:14:43,880 DEBUG epoch: 159, train_acc: 47.890625, val_acc: 27.15, fidel_score: 27.53, acc_loss: 1.49149631857872, grad_loss: None
2022-04-21 16:14:45,155 DEBUG epoch: 160, train_acc: 47.0703125, val_acc: 27.09, fidel_score: 27.48, acc_loss: 1.4723292231559753, grad_loss: None
2022-04-21 16:14:46,430 DEBUG epoch: 161, train_acc: 47.1875, val_acc: 26.93, fidel_score: 27.31, acc_loss: 1.4869987964630127, grad_loss: None
2022-04-21 16:14:47,704 DEBUG epoch: 162, train_acc: 46.40625, val_acc: 27.0, fidel_score: 27.38, acc_loss: 1.5112265825271607, grad_loss: None
2022-04-21 16:14:48,975 DEBUG epoch: 163, train_acc: 47.6953125, val_acc: 27.03, fidel_score: 27.4, acc_loss: 1.4837921738624573, grad_loss: None
2022-04-21 16:14:50,264 DEBUG epoch: 164, train_acc: 46.9140625, val_acc: 27.12, fidel_score: 27.5, acc_loss: 1.4659349143505096, grad_loss: None
2022-04-21 16:14:51,539 DEBUG epoch: 165, train_acc: 47.578125, val_acc: 27.13, fidel_score: 27.51, acc_loss: 1.4832166731357574, grad_loss: None
2022-04-21 16:14:52,814 DEBUG epoch: 166, train_acc: 46.6796875, val_acc: 27.11, fidel_score: 27.49, acc_loss: 1.4874605357646942, grad_loss: None
2022-04-21 16:14:54,091 DEBUG epoch: 167, train_acc: 46.9140625, val_acc: 27.14, fidel_score: 27.5, acc_loss: 1.4972338199615478, grad_loss: None
2022-04-21 16:14:55,374 DEBUG epoch: 168, train_acc: 47.03125, val_acc: 27.19, fidel_score: 27.59, acc_loss: 1.4734243273735046, grad_loss: None
2022-04-21 16:14:56,655 DEBUG epoch: 169, train_acc: 47.421875, val_acc: 27.1, fidel_score: 27.49, acc_loss: 1.4786886811256408, grad_loss: None
2022-04-21 16:14:57,942 DEBUG epoch: 170, train_acc: 47.34375, val_acc: 27.14, fidel_score: 27.5, acc_loss: 1.4984517872333527, grad_loss: None
2022-04-21 16:14:59,231 DEBUG epoch: 171, train_acc: 46.8359375, val_acc: 27.12, fidel_score: 27.49, acc_loss: 1.5064283072948457, grad_loss: None
2022-04-21 16:15:00,527 DEBUG epoch: 172, train_acc: 47.578125, val_acc: 26.99, fidel_score: 27.35, acc_loss: 1.4944962918758393, grad_loss: None
2022-04-21 16:15:01,809 DEBUG epoch: 173, train_acc: 48.1640625, val_acc: 26.99, fidel_score: 27.35, acc_loss: 1.476277095079422, grad_loss: None
2022-04-21 16:15:03,087 DEBUG epoch: 174, train_acc: 47.7734375, val_acc: 27.15, fidel_score: 27.52, acc_loss: 1.4704524457454682, grad_loss: None
2022-04-21 16:15:04,368 DEBUG epoch: 175, train_acc: 46.2109375, val_acc: 27.1, fidel_score: 27.48, acc_loss: 1.5044645369052887, grad_loss: None
2022-04-21 16:15:05,643 DEBUG epoch: 176, train_acc: 48.1640625, val_acc: 27.14, fidel_score: 27.51, acc_loss: 1.4777453005313874, grad_loss: None
2022-04-21 16:15:06,924 DEBUG epoch: 177, train_acc: 44.7265625, val_acc: 27.01, fidel_score: 27.39, acc_loss: 1.5140878319740296, grad_loss: None
2022-04-21 16:15:08,204 DEBUG epoch: 178, train_acc: 47.5, val_acc: 27.13, fidel_score: 27.51, acc_loss: 1.4845995485782624, grad_loss: None
2022-04-21 16:15:09,481 DEBUG epoch: 179, train_acc: 46.09375, val_acc: 27.15, fidel_score: 27.53, acc_loss: 1.49436097741127, grad_loss: None
2022-04-21 16:15:10,753 DEBUG epoch: 180, train_acc: 45.546875, val_acc: 27.14, fidel_score: 27.51, acc_loss: 1.5168229281902312, grad_loss: None
2022-04-21 16:15:12,027 DEBUG epoch: 181, train_acc: 46.8359375, val_acc: 27.05, fidel_score: 27.42, acc_loss: 1.5024064660072327, grad_loss: None
2022-04-21 16:15:13,305 DEBUG epoch: 182, train_acc: 47.3828125, val_acc: 27.14, fidel_score: 27.51, acc_loss: 1.464297366142273, grad_loss: None
2022-04-21 16:15:14,590 DEBUG epoch: 183, train_acc: 46.5234375, val_acc: 27.15, fidel_score: 27.53, acc_loss: 1.5088444113731385, grad_loss: None
2022-04-21 16:15:15,869 DEBUG epoch: 184, train_acc: 46.796875, val_acc: 27.22, fidel_score: 27.58, acc_loss: 1.5015538394451142, grad_loss: None
2022-04-21 16:15:17,146 DEBUG epoch: 185, train_acc: 47.6953125, val_acc: 27.14, fidel_score: 27.51, acc_loss: 1.4953776717185974, grad_loss: None
2022-04-21 16:15:18,428 DEBUG epoch: 186, train_acc: 47.1875, val_acc: 27.04, fidel_score: 27.4, acc_loss: 1.4895107448101044, grad_loss: None
2022-04-21 16:15:19,699 DEBUG epoch: 187, train_acc: 46.6796875, val_acc: 27.03, fidel_score: 27.38, acc_loss: 1.4761810064315797, grad_loss: None
2022-04-21 16:15:20,979 DEBUG epoch: 188, train_acc: 49.0234375, val_acc: 26.94, fidel_score: 27.3, acc_loss: 1.4604629039764405, grad_loss: None
2022-04-21 16:15:22,251 DEBUG epoch: 189, train_acc: 48.0859375, val_acc: 27.09, fidel_score: 27.47, acc_loss: 1.4757139325141906, grad_loss: None
2022-04-21 16:15:23,523 DEBUG epoch: 190, train_acc: 47.7734375, val_acc: 27.15, fidel_score: 27.52, acc_loss: 1.4818930268287658, grad_loss: None
2022-04-21 16:15:24,793 DEBUG epoch: 191, train_acc: 48.1640625, val_acc: 27.16, fidel_score: 27.53, acc_loss: 1.457488977909088, grad_loss: None
2022-04-21 16:15:26,070 DEBUG epoch: 192, train_acc: 46.8359375, val_acc: 27.15, fidel_score: 27.52, acc_loss: 1.496284508705139, grad_loss: None
2022-04-21 16:15:27,345 DEBUG epoch: 193, train_acc: 48.7890625, val_acc: 27.02, fidel_score: 27.39, acc_loss: 1.4530082166194915, grad_loss: None
2022-04-21 16:15:28,626 DEBUG epoch: 194, train_acc: 46.875, val_acc: 27.19, fidel_score: 27.56, acc_loss: 1.4883421540260315, grad_loss: None
2022-04-21 16:15:29,896 DEBUG epoch: 195, train_acc: 48.203125, val_acc: 27.23, fidel_score: 27.61, acc_loss: 1.460724800825119, grad_loss: None
2022-04-21 16:15:31,173 DEBUG epoch: 196, train_acc: 46.3671875, val_acc: 27.14, fidel_score: 27.51, acc_loss: 1.4887066900730133, grad_loss: None
2022-04-21 16:15:32,465 DEBUG epoch: 197, train_acc: 46.9140625, val_acc: 27.08, fidel_score: 27.46, acc_loss: 1.4878872454166412, grad_loss: None
2022-04-21 16:15:33,742 DEBUG epoch: 198, train_acc: 48.75, val_acc: 27.1, fidel_score: 27.47, acc_loss: 1.4284469783306122, grad_loss: None
2022-04-21 16:15:35,025 DEBUG epoch: 199, train_acc: 47.3828125, val_acc: 27.16, fidel_score: 27.52, acc_loss: 1.4743716537952423, grad_loss: None
2022-04-21 16:15:36,300 DEBUG epoch: 200, train_acc: 46.953125, val_acc: 27.12, fidel_score: 27.47, acc_loss: 1.4962200820446014, grad_loss: None
2022-04-21 16:15:37,576 DEBUG epoch: 201, train_acc: 47.3828125, val_acc: 27.13, fidel_score: 27.5, acc_loss: 1.4869430720806123, grad_loss: None
2022-04-21 16:15:38,842 DEBUG epoch: 202, train_acc: 47.34375, val_acc: 27.16, fidel_score: 27.5, acc_loss: 1.4615361213684082, grad_loss: None
2022-04-21 16:15:40,125 DEBUG epoch: 203, train_acc: 47.1484375, val_acc: 27.15, fidel_score: 27.51, acc_loss: 1.4802448391914367, grad_loss: None
2022-04-21 16:15:41,406 DEBUG epoch: 204, train_acc: 47.8125, val_acc: 27.13, fidel_score: 27.48, acc_loss: 1.4745125353336335, grad_loss: None
2022-04-21 16:15:42,700 DEBUG epoch: 205, train_acc: 47.5390625, val_acc: 27.03, fidel_score: 27.37, acc_loss: 1.4832726418972015, grad_loss: None
2022-04-21 16:15:43,983 DEBUG epoch: 206, train_acc: 48.359375, val_acc: 27.18, fidel_score: 27.52, acc_loss: 1.4547930479049682, grad_loss: None
2022-04-21 16:15:45,254 DEBUG epoch: 207, train_acc: 49.4140625, val_acc: 27.18, fidel_score: 27.53, acc_loss: 1.446474313735962, grad_loss: None
2022-04-21 16:15:46,538 DEBUG epoch: 208, train_acc: 46.171875, val_acc: 27.18, fidel_score: 27.54, acc_loss: 1.4697650134563447, grad_loss: None
2022-04-21 16:15:47,815 DEBUG epoch: 209, train_acc: 48.7890625, val_acc: 27.25, fidel_score: 27.6, acc_loss: 1.4616722106933593, grad_loss: None
2022-04-21 16:15:49,104 DEBUG epoch: 210, train_acc: 47.265625, val_acc: 27.2, fidel_score: 27.58, acc_loss: 1.502793735265732, grad_loss: None
2022-04-21 16:15:50,386 DEBUG epoch: 211, train_acc: 48.3203125, val_acc: 27.18, fidel_score: 27.55, acc_loss: 1.4575507879257201, grad_loss: None
2022-04-21 16:15:51,662 DEBUG epoch: 212, train_acc: 48.515625, val_acc: 27.16, fidel_score: 27.52, acc_loss: 1.4616589963436126, grad_loss: None
2022-04-21 16:15:52,945 DEBUG epoch: 213, train_acc: 48.8671875, val_acc: 27.01, fidel_score: 27.36, acc_loss: 1.4486767947673798, grad_loss: None
2022-04-21 16:15:54,232 DEBUG epoch: 214, train_acc: 48.203125, val_acc: 27.03, fidel_score: 27.39, acc_loss: 1.473214614391327, grad_loss: None
2022-04-21 16:15:55,521 DEBUG epoch: 215, train_acc: 48.3203125, val_acc: 27.15, fidel_score: 27.53, acc_loss: 1.453067421913147, grad_loss: None
2022-04-21 16:15:56,803 DEBUG epoch: 216, train_acc: 47.109375, val_acc: 27.15, fidel_score: 27.51, acc_loss: 1.4912942171096801, grad_loss: None
2022-04-21 16:15:58,096 DEBUG epoch: 217, train_acc: 47.421875, val_acc: 27.15, fidel_score: 27.52, acc_loss: 1.470704036951065, grad_loss: None
2022-04-21 16:15:59,369 DEBUG epoch: 218, train_acc: 46.2890625, val_acc: 27.18, fidel_score: 27.55, acc_loss: 1.5029406726360321, grad_loss: None
2022-04-21 16:16:00,642 DEBUG epoch: 219, train_acc: 45.8984375, val_acc: 27.13, fidel_score: 27.5, acc_loss: 1.506499445438385, grad_loss: None
2022-04-21 16:16:01,923 DEBUG epoch: 220, train_acc: 47.3046875, val_acc: 27.1, fidel_score: 27.47, acc_loss: 1.4792966067790985, grad_loss: None
2022-04-21 16:16:03,199 DEBUG epoch: 221, train_acc: 47.3828125, val_acc: 27.14, fidel_score: 27.51, acc_loss: 1.4974239110946654, grad_loss: None
2022-04-21 16:16:04,502 DEBUG epoch: 222, train_acc: 47.7734375, val_acc: 27.13, fidel_score: 27.48, acc_loss: 1.4571125030517578, grad_loss: None
2022-04-21 16:16:05,778 DEBUG epoch: 223, train_acc: 46.25, val_acc: 27.02, fidel_score: 27.36, acc_loss: 1.4671658992767334, grad_loss: None
2022-04-21 16:16:07,057 DEBUG epoch: 224, train_acc: 48.1640625, val_acc: 27.1, fidel_score: 27.45, acc_loss: 1.4908875286579133, grad_loss: None
2022-04-21 16:16:08,335 DEBUG epoch: 225, train_acc: 46.25, val_acc: 27.12, fidel_score: 27.48, acc_loss: 1.4962175607681274, grad_loss: None
2022-04-21 16:16:09,620 DEBUG epoch: 226, train_acc: 47.5, val_acc: 27.07, fidel_score: 27.41, acc_loss: 1.450477910041809, grad_loss: None
2022-04-21 16:16:10,898 DEBUG epoch: 227, train_acc: 48.5546875, val_acc: 27.03, fidel_score: 27.36, acc_loss: 1.4736811220645905, grad_loss: None
2022-04-21 16:16:12,180 DEBUG epoch: 228, train_acc: 48.75, val_acc: 27.16, fidel_score: 27.51, acc_loss: 1.4562969982624054, grad_loss: None
2022-04-21 16:16:13,459 DEBUG epoch: 229, train_acc: 48.046875, val_acc: 27.16, fidel_score: 27.52, acc_loss: 1.4658984243869781, grad_loss: None
2022-04-21 16:16:14,748 DEBUG epoch: 230, train_acc: 46.015625, val_acc: 27.1, fidel_score: 27.44, acc_loss: 1.4968814730644227, grad_loss: None
2022-04-21 16:16:16,017 DEBUG epoch: 231, train_acc: 49.296875, val_acc: 26.95, fidel_score: 27.27, acc_loss: 1.466196173429489, grad_loss: None
2022-04-21 16:16:17,301 DEBUG epoch: 232, train_acc: 48.984375, val_acc: 26.92, fidel_score: 27.24, acc_loss: 1.4654306888580322, grad_loss: None
2022-04-21 16:16:18,581 DEBUG epoch: 233, train_acc: 45.46875, val_acc: 27.0, fidel_score: 27.35, acc_loss: 1.5077697396278382, grad_loss: None
2022-04-21 16:16:19,864 DEBUG epoch: 234, train_acc: 47.1484375, val_acc: 26.95, fidel_score: 27.29, acc_loss: 1.4719620287418365, grad_loss: None
2022-04-21 16:16:21,138 DEBUG epoch: 235, train_acc: 47.7734375, val_acc: 27.05, fidel_score: 27.41, acc_loss: 1.4735676765441894, grad_loss: None
2022-04-21 16:16:22,410 DEBUG epoch: 236, train_acc: 48.671875, val_acc: 27.11, fidel_score: 27.46, acc_loss: 1.4816320359706878, grad_loss: None
2022-04-21 16:16:23,686 DEBUG epoch: 237, train_acc: 47.1484375, val_acc: 27.07, fidel_score: 27.41, acc_loss: 1.4994136989116669, grad_loss: None
2022-04-21 16:16:24,968 DEBUG epoch: 238, train_acc: 47.2265625, val_acc: 27.01, fidel_score: 27.35, acc_loss: 1.4616613686084747, grad_loss: None
2022-04-21 16:16:26,244 DEBUG epoch: 239, train_acc: 48.4765625, val_acc: 27.15, fidel_score: 27.5, acc_loss: 1.464305031299591, grad_loss: None
2022-04-21 16:16:27,531 DEBUG epoch: 240, train_acc: 50.46875, val_acc: 27.15, fidel_score: 27.5, acc_loss: 1.4453235983848571, grad_loss: None
2022-04-21 16:16:28,807 DEBUG epoch: 241, train_acc: 46.5234375, val_acc: 27.13, fidel_score: 27.49, acc_loss: 1.474945330619812, grad_loss: None
2022-04-21 16:16:30,101 DEBUG epoch: 242, train_acc: 47.1484375, val_acc: 27.09, fidel_score: 27.45, acc_loss: 1.4756288945674896, grad_loss: None
2022-04-21 16:16:31,390 DEBUG epoch: 243, train_acc: 47.109375, val_acc: 27.08, fidel_score: 27.43, acc_loss: 1.4657922446727754, grad_loss: None
2022-04-21 16:16:32,662 DEBUG epoch: 244, train_acc: 49.140625, val_acc: 27.04, fidel_score: 27.39, acc_loss: 1.4716339826583862, grad_loss: None
2022-04-21 16:16:33,934 DEBUG epoch: 245, train_acc: 48.7890625, val_acc: 27.04, fidel_score: 27.4, acc_loss: 1.445202147960663, grad_loss: None
2022-04-21 16:16:35,212 DEBUG epoch: 246, train_acc: 46.3671875, val_acc: 27.04, fidel_score: 27.39, acc_loss: 1.5082783699035645, grad_loss: None
2022-04-21 16:16:36,491 DEBUG epoch: 247, train_acc: 47.1875, val_acc: 27.04, fidel_score: 27.39, acc_loss: 1.4734077334403992, grad_loss: None
2022-04-21 16:16:37,764 DEBUG epoch: 248, train_acc: 45.4296875, val_acc: 27.0, fidel_score: 27.35, acc_loss: 1.4859246373176576, grad_loss: None
2022-04-21 16:16:39,039 DEBUG epoch: 249, train_acc: 46.3671875, val_acc: 27.01, fidel_score: 27.37, acc_loss: 1.4933481395244599, grad_loss: None
2022-04-21 16:16:40,320 DEBUG epoch: 250, train_acc: 46.71875, val_acc: 27.04, fidel_score: 27.39, acc_loss: 1.46742684841156, grad_loss: None
2022-04-21 16:16:41,602 DEBUG epoch: 251, train_acc: 47.6953125, val_acc: 27.06, fidel_score: 27.41, acc_loss: 1.475520622730255, grad_loss: None
2022-04-21 16:16:42,887 DEBUG epoch: 252, train_acc: 45.9765625, val_acc: 27.04, fidel_score: 27.39, acc_loss: 1.5147016108036042, grad_loss: None
2022-04-21 16:16:44,175 DEBUG epoch: 253, train_acc: 45.8203125, val_acc: 27.02, fidel_score: 27.37, acc_loss: 1.519869726896286, grad_loss: None
2022-04-21 16:16:45,445 DEBUG epoch: 254, train_acc: 47.421875, val_acc: 26.98, fidel_score: 27.34, acc_loss: 1.4724143385887145, grad_loss: None
2022-04-21 16:16:46,725 DEBUG epoch: 255, train_acc: 44.8046875, val_acc: 26.96, fidel_score: 27.3, acc_loss: 1.5154086768627166, grad_loss: None
2022-04-21 16:16:48,006 DEBUG epoch: 256, train_acc: 46.640625, val_acc: 26.91, fidel_score: 27.25, acc_loss: 1.4822138488292693, grad_loss: None
2022-04-21 16:16:49,284 DEBUG epoch: 257, train_acc: 47.3046875, val_acc: 26.91, fidel_score: 27.26, acc_loss: 1.4971561133861542, grad_loss: None
2022-04-21 16:16:50,570 DEBUG epoch: 258, train_acc: 46.71875, val_acc: 26.92, fidel_score: 27.27, acc_loss: 1.483396714925766, grad_loss: None
2022-04-21 16:16:51,847 DEBUG epoch: 259, train_acc: 46.0546875, val_acc: 26.93, fidel_score: 27.28, acc_loss: 1.4780497014522553, grad_loss: None
2022-04-21 16:16:53,134 DEBUG epoch: 260, train_acc: 46.171875, val_acc: 26.97, fidel_score: 27.32, acc_loss: 1.4989231646060943, grad_loss: None
2022-04-21 16:16:54,407 DEBUG epoch: 261, train_acc: 46.875, val_acc: 26.92, fidel_score: 27.27, acc_loss: 1.4896536946296692, grad_loss: None
2022-04-21 16:16:55,680 DEBUG epoch: 262, train_acc: 46.4453125, val_acc: 26.95, fidel_score: 27.3, acc_loss: 1.4939075410366058, grad_loss: None
2022-04-21 16:16:56,963 DEBUG epoch: 263, train_acc: 47.6171875, val_acc: 26.95, fidel_score: 27.31, acc_loss: 1.4851141273975372, grad_loss: None
2022-04-21 16:16:58,249 DEBUG epoch: 264, train_acc: 50.0390625, val_acc: 26.92, fidel_score: 27.26, acc_loss: 1.4263716280460357, grad_loss: None
2022-04-21 16:16:59,541 DEBUG epoch: 265, train_acc: 47.65625, val_acc: 26.92, fidel_score: 27.26, acc_loss: 1.4721416592597962, grad_loss: None
2022-04-21 16:17:00,817 DEBUG epoch: 266, train_acc: 45.9375, val_acc: 26.92, fidel_score: 27.27, acc_loss: 1.522238063812256, grad_loss: None
2022-04-21 16:17:02,092 DEBUG epoch: 267, train_acc: 46.9921875, val_acc: 26.96, fidel_score: 27.29, acc_loss: 1.4547464549541473, grad_loss: None
2022-04-21 16:17:03,367 DEBUG epoch: 268, train_acc: 47.890625, val_acc: 26.96, fidel_score: 27.29, acc_loss: 1.459709745645523, grad_loss: None
2022-04-21 16:17:04,647 DEBUG epoch: 269, train_acc: 48.0078125, val_acc: 26.98, fidel_score: 27.3, acc_loss: 1.4676847398281097, grad_loss: None
2022-04-21 16:17:05,919 DEBUG epoch: 270, train_acc: 45.8203125, val_acc: 26.98, fidel_score: 27.3, acc_loss: 1.5074348092079162, grad_loss: None
2022-04-21 16:17:07,195 DEBUG epoch: 271, train_acc: 48.2421875, val_acc: 26.98, fidel_score: 27.32, acc_loss: 1.4596342325210572, grad_loss: None
2022-04-21 16:17:08,476 DEBUG epoch: 272, train_acc: 47.4609375, val_acc: 26.97, fidel_score: 27.33, acc_loss: 1.4640282034873962, grad_loss: None
2022-04-21 16:17:09,756 DEBUG epoch: 273, train_acc: 47.421875, val_acc: 26.96, fidel_score: 27.32, acc_loss: 1.4886333882808684, grad_loss: None
2022-04-21 16:17:11,038 DEBUG epoch: 274, train_acc: 48.2421875, val_acc: 26.98, fidel_score: 27.34, acc_loss: 1.4709525406360626, grad_loss: None
2022-04-21 16:17:12,316 DEBUG epoch: 275, train_acc: 47.5, val_acc: 27.01, fidel_score: 27.37, acc_loss: 1.470993810892105, grad_loss: None
2022-04-21 16:17:13,598 DEBUG epoch: 276, train_acc: 48.125, val_acc: 27.04, fidel_score: 27.41, acc_loss: 1.4727996647357942, grad_loss: None
2022-04-21 16:17:14,876 DEBUG epoch: 277, train_acc: 46.5234375, val_acc: 27.06, fidel_score: 27.42, acc_loss: 1.4807528793811797, grad_loss: None
2022-04-21 16:17:16,154 DEBUG epoch: 278, train_acc: 48.0078125, val_acc: 27.06, fidel_score: 27.41, acc_loss: 1.4773726105690002, grad_loss: None
2022-04-21 16:17:17,432 DEBUG epoch: 279, train_acc: 47.9296875, val_acc: 26.99, fidel_score: 27.34, acc_loss: 1.4823001205921174, grad_loss: None
2022-04-21 16:17:18,711 DEBUG epoch: 280, train_acc: 46.6015625, val_acc: 27.06, fidel_score: 27.4, acc_loss: 1.4801867604255676, grad_loss: None
2022-04-21 16:17:19,994 DEBUG epoch: 281, train_acc: 46.4453125, val_acc: 27.03, fidel_score: 27.37, acc_loss: 1.4817133665084838, grad_loss: None
2022-04-21 16:17:21,277 DEBUG epoch: 282, train_acc: 48.3203125, val_acc: 27.01, fidel_score: 27.36, acc_loss: 1.4437604129314423, grad_loss: None
2022-04-21 16:17:22,549 DEBUG epoch: 283, train_acc: 48.0078125, val_acc: 26.98, fidel_score: 27.33, acc_loss: 1.4926994383335113, grad_loss: None
2022-04-21 16:17:23,824 DEBUG epoch: 284, train_acc: 46.6796875, val_acc: 26.99, fidel_score: 27.34, acc_loss: 1.4855865478515624, grad_loss: None
2022-04-21 16:17:25,105 DEBUG epoch: 285, train_acc: 47.7734375, val_acc: 26.99, fidel_score: 27.34, acc_loss: 1.4867190659046172, grad_loss: None
2022-04-21 16:17:26,389 DEBUG epoch: 286, train_acc: 47.8515625, val_acc: 26.97, fidel_score: 27.33, acc_loss: 1.4941064298152924, grad_loss: None
2022-04-21 16:17:27,665 DEBUG epoch: 287, train_acc: 48.7109375, val_acc: 27.0, fidel_score: 27.36, acc_loss: 1.4765380799770356, grad_loss: None
2022-04-21 16:17:28,953 DEBUG epoch: 288, train_acc: 47.3046875, val_acc: 27.01, fidel_score: 27.37, acc_loss: 1.4823488354682923, grad_loss: None
2022-04-21 16:17:30,244 DEBUG epoch: 289, train_acc: 48.28125, val_acc: 27.09, fidel_score: 27.44, acc_loss: 1.456522399187088, grad_loss: None
2022-04-21 16:17:31,520 DEBUG epoch: 290, train_acc: 47.421875, val_acc: 27.07, fidel_score: 27.42, acc_loss: 1.4689594447612762, grad_loss: None
2022-04-21 16:17:32,795 DEBUG epoch: 291, train_acc: 46.3671875, val_acc: 27.0, fidel_score: 27.36, acc_loss: 1.4741795897483825, grad_loss: None
2022-04-21 16:17:34,077 DEBUG epoch: 292, train_acc: 47.109375, val_acc: 27.02, fidel_score: 27.37, acc_loss: 1.4699734210968018, grad_loss: None
2022-04-21 16:17:35,352 DEBUG epoch: 293, train_acc: 45.703125, val_acc: 27.01, fidel_score: 27.36, acc_loss: 1.5025276124477387, grad_loss: None
2022-04-21 16:17:36,624 DEBUG epoch: 294, train_acc: 48.203125, val_acc: 26.98, fidel_score: 27.31, acc_loss: 1.4570859730243684, grad_loss: None
2022-04-21 16:17:37,895 DEBUG epoch: 295, train_acc: 48.3203125, val_acc: 26.92, fidel_score: 27.26, acc_loss: 1.4834146797657013, grad_loss: None
2022-04-21 16:17:39,183 DEBUG epoch: 296, train_acc: 47.65625, val_acc: 26.95, fidel_score: 27.29, acc_loss: 1.4750584304332732, grad_loss: None
2022-04-21 16:17:40,470 DEBUG epoch: 297, train_acc: 47.5, val_acc: 26.91, fidel_score: 27.26, acc_loss: 1.458968609571457, grad_loss: None
2022-04-21 16:17:41,747 DEBUG epoch: 298, train_acc: 47.265625, val_acc: 26.91, fidel_score: 27.26, acc_loss: 1.4709146738052368, grad_loss: None
2022-04-21 16:17:43,029 DEBUG epoch: 299, train_acc: 47.1875, val_acc: 26.91, fidel_score: 27.26, acc_loss: 1.4891473054885864, grad_loss: None
2022-04-21 16:17:44,307 DEBUG epoch: 300, train_acc: 46.25, val_acc: 26.91, fidel_score: 27.26, acc_loss: 1.5100845992565155, grad_loss: None
2022-04-21 16:17:44,307 DEBUG load best stealed model.
2022-04-21 16:17:44,307 DEBUG Best perform model, val_acc: 29.77, fidel_score: 30.27, acc_loss: 1.6473277866840363
2022-04-21 16:17:44,308 DEBUG load cloest stealed model.
2022-04-21 16:17:44,308 DEBUG Closest perform model, val_acc: 29.77, fidel_score: 30.27, acc_loss: 1.6473277866840363
