2022-05-01 00:57:04,417 DEBUG Namespace(arch='vgg11_bn', attack_client=0, attack_epochs=300, attack_style='TrainME_option', average_time=1, batch_size=128, bottleneck_option='None', cutlayer=4, data_proportion=0.02, dataset='svhn', filename='ace_V2_epoch_vgg11_bn_cutlayer_4_client_1_seed125_dataset_svhn_lr_0.05_200epoch', folder='saves/baseline', learning_rate=0.05, noniid_ratio=1.0, num_client=1, num_epochs='best', num_query=1, random_seed=123, regularization='None', regularization_strength=0.0, scheme='V2_epoch', surrogate_arch='same', test_best=True, train_clas_layer=8.0)
2022-05-01 00:57:08,709 DEBUG Test (client-0):	Loss 0.0372 (0.1713)	Prec@1 97.917 (95.267)
2022-05-01 00:57:08,710 DEBUG  * Prec@1 95.267
2022-05-01 00:57:08,796 DEBUG 26
2022-05-01 00:57:08,796 DEBUG surrogate parameter has 26 trainable parameters!
2022-05-01 00:57:15,579 DEBUG epoch: 0, val_acc: 9.791794714197911, val_fidelity: 9.714966195451751
2022-05-01 00:57:18,729 DEBUG epoch: 1, train_acc: 13.928865114847818, val_acc: 19.54517516785043, fidel_score: 19.483712352853505, acc_loss: 3.1096896727879844, grad_loss: None
2022-05-01 00:57:21,897 DEBUG epoch: 2, train_acc: 23.026315689086914, val_acc: 26.478948983518933, fidel_score: 26.690227410070868, acc_loss: 2.237519840399424, grad_loss: None
2022-05-01 00:57:25,054 DEBUG epoch: 3, train_acc: 24.345531781514484, val_acc: 29.940073755377995, fidel_score: 29.98617086662569, acc_loss: 2.1320239702860513, grad_loss: None
2022-05-01 00:57:28,247 DEBUG epoch: 4, train_acc: 25.386056264241535, val_acc: 27.12814996809628, fidel_score: 27.473878301281687, acc_loss: 2.082863678534826, grad_loss: None
2022-05-01 00:57:31,377 DEBUG epoch: 5, train_acc: 28.624131838480633, val_acc: 31.000307310558053, fidel_score: 31.08097725641383, acc_loss: 1.9989196956157684, grad_loss: None
2022-05-01 00:57:34,543 DEBUG epoch: 6, train_acc: 26.07136329015096, val_acc: 31.069452978601905, fidel_score: 31.0771358281319, acc_loss: 1.998611678679784, grad_loss: None
2022-05-01 00:57:37,704 DEBUG epoch: 7, train_acc: 28.545321623484295, val_acc: 32.09127227675351, fidel_score: 32.10279655573774, acc_loss: 1.9450732668240864, grad_loss: None
2022-05-01 00:57:40,844 DEBUG epoch: 8, train_acc: 30.317982355753582, val_acc: 33.90058389439785, fidel_score: 33.92363244767708, acc_loss: 1.8803862830003102, grad_loss: None
2022-05-01 00:57:44,001 DEBUG epoch: 9, train_acc: 29.32200304667155, val_acc: 34.72649047091905, fidel_score: 34.71496619076251, acc_loss: 1.8542920450369518, grad_loss: None
2022-05-01 00:57:47,169 DEBUG epoch: 10, train_acc: 31.618923505147297, val_acc: 34.78027043286906, fidel_score: 34.73033189685636, acc_loss: 1.8619136313597362, grad_loss: None
2022-05-01 00:57:50,318 DEBUG epoch: 11, train_acc: 31.944444338480633, val_acc: 33.6393669294886, fidel_score: 33.66625691222207, acc_loss: 1.7967648307482402, grad_loss: None
2022-05-01 00:57:53,485 DEBUG epoch: 12, train_acc: 31.310535430908203, val_acc: 34.23478794859902, fidel_score: 34.21942224953903, acc_loss: 1.7676788866519928, grad_loss: None
2022-05-01 00:57:56,636 DEBUG epoch: 13, train_acc: 31.438459396362305, val_acc: 35.08374308308869, fidel_score: 35.195144432926, acc_loss: 1.7470161616802216, grad_loss: None
2022-05-01 00:57:59,774 DEBUG epoch: 14, train_acc: 31.800529956817627, val_acc: 34.54978487663058, fidel_score: 34.434542099683654, acc_loss: 1.73246235648791, grad_loss: None
2022-05-01 00:58:02,933 DEBUG epoch: 15, train_acc: 31.976425488789875, val_acc: 33.81607252377707, fidel_score: 34.077289485169395, acc_loss: 1.7222061852614086, grad_loss: None
2022-05-01 00:58:06,084 DEBUG epoch: 16, train_acc: 32.62975152333578, val_acc: 36.078672403196066, fidel_score: 36.24001229021838, acc_loss: 1.7197218636671703, grad_loss: None
2022-05-01 00:58:09,219 DEBUG epoch: 17, train_acc: 33.91470209757487, val_acc: 34.561309154442505, fidel_score: 34.48448063569634, acc_loss: 1.6976016859213512, grad_loss: None
2022-05-01 00:58:12,392 DEBUG epoch: 18, train_acc: 32.09064324696859, val_acc: 35.836662566801046, fidel_score: 35.75599261977296, acc_loss: 1.7138313154379528, grad_loss: None
2022-05-01 00:58:15,530 DEBUG epoch: 19, train_acc: 34.809027671813965, val_acc: 35.579287029001414, fidel_score: 35.61385986009257, acc_loss: 1.7103939453760784, grad_loss: None
2022-05-01 00:58:18,716 DEBUG epoch: 20, train_acc: 37.42690054575602, val_acc: 36.23617086428107, fidel_score: 36.27842654724684, acc_loss: 1.6382068196932476, grad_loss: None
2022-05-01 00:58:21,881 DEBUG epoch: 21, train_acc: 34.563459396362305, val_acc: 37.72280270436386, fidel_score: 37.772741239204244, acc_loss: 1.6795190274715424, grad_loss: None
2022-05-01 00:58:25,036 DEBUG epoch: 22, train_acc: 37.183616638183594, val_acc: 37.27719729329152, fidel_score: 37.419330050627295, acc_loss: 1.6467384994029999, grad_loss: None
2022-05-01 00:58:28,192 DEBUG epoch: 23, train_acc: 36.02887407938639, val_acc: 36.8892132712788, fidel_score: 36.69330055316534, acc_loss: 1.6373177468776703, grad_loss: None
2022-05-01 00:58:31,377 DEBUG epoch: 24, train_acc: 38.27553908030192, val_acc: 34.499846342962506, fidel_score: 34.47679778499404, acc_loss: 1.5999861359596252, grad_loss: None
2022-05-01 00:58:34,531 DEBUG epoch: 25, train_acc: 36.58168856302897, val_acc: 37.15811308923497, fidel_score: 36.97756606783688, acc_loss: 1.6456609666347504, grad_loss: None
2022-05-01 00:58:37,666 DEBUG epoch: 26, train_acc: 36.516584396362305, val_acc: 36.58574062457609, fidel_score: 36.49738782801801, acc_loss: 1.6326171159744263, grad_loss: None
2022-05-01 00:58:40,805 DEBUG epoch: 27, train_acc: 36.04600683848063, val_acc: 38.617854943067364, fidel_score: 38.6140135218193, acc_loss: 1.6055471102396648, grad_loss: None
2022-05-01 00:58:43,957 DEBUG epoch: 28, train_acc: 38.503974755605064, val_acc: 40.52704363390941, fidel_score: 40.5539336201598, acc_loss: 1.5678868889808655, grad_loss: None
2022-05-01 00:58:47,125 DEBUG epoch: 29, train_acc: 40.27549330393473, val_acc: 39.75875844644782, fidel_score: 39.96235401878052, acc_loss: 1.5278438826402028, grad_loss: None
2022-05-01 00:58:50,265 DEBUG epoch: 30, train_acc: 38.19444433848063, val_acc: 41.598801472762936, fidel_score: 41.76398278572256, acc_loss: 1.5158506830533345, grad_loss: None
2022-05-01 00:58:53,416 DEBUG epoch: 31, train_acc: 40.99278132120768, val_acc: 40.51936078672403, fidel_score: 40.59618930547019, acc_loss: 1.4914510647455852, grad_loss: None
2022-05-01 00:58:56,573 DEBUG epoch: 32, train_acc: 42.24575106302897, val_acc: 42.025199749459496, fidel_score: 42.013675476336815, acc_loss: 1.4860165218512218, grad_loss: None
2022-05-01 00:58:59,768 DEBUG epoch: 33, train_acc: 41.85512606302897, val_acc: 39.0135218169547, fidel_score: 39.06346035179509, acc_loss: 1.5078113774458568, grad_loss: None
2022-05-01 00:59:02,941 DEBUG epoch: 34, train_acc: 43.56382497151693, val_acc: 38.083896737781565, fidel_score: 38.23371235402581, acc_loss: 1.4573632776737213, grad_loss: None
2022-05-01 00:59:06,100 DEBUG epoch: 35, train_acc: 44.84991772969564, val_acc: 41.67562998916448, fidel_score: 41.67178856322717, acc_loss: 1.4043393731117249, grad_loss: None
2022-05-01 00:59:09,281 DEBUG epoch: 36, train_acc: 43.12522824605306, val_acc: 40.204363857520164, fidel_score: 40.434849411414014, acc_loss: 1.428148736556371, grad_loss: None
2022-05-01 00:59:12,445 DEBUG epoch: 37, train_acc: 42.92991574605306, val_acc: 44.199446829975784, fidel_score: 44.54133374308543, acc_loss: 1.4144799808661144, grad_loss: None
2022-05-01 00:59:15,623 DEBUG epoch: 38, train_acc: 46.24794387817383, val_acc: 43.3236017186142, fidel_score: 43.419637367046896, acc_loss: 1.370524913072586, grad_loss: None
2022-05-01 00:59:18,764 DEBUG epoch: 39, train_acc: 43.90647824605306, val_acc: 39.9815611531563, fidel_score: 39.954671171595145, acc_loss: 1.4079073170820873, grad_loss: None
2022-05-01 00:59:21,918 DEBUG epoch: 40, train_acc: 45.59918657938639, val_acc: 45.35571603710547, fidel_score: 45.486324518973944, acc_loss: 1.3149480819702148, grad_loss: None
2022-05-01 00:59:25,065 DEBUG epoch: 41, train_acc: 46.23081143697103, val_acc: 46.031806999727046, fidel_score: 46.19314688909398, acc_loss: 1.3519067664941151, grad_loss: None
2022-05-01 00:59:28,205 DEBUG epoch: 42, train_acc: 45.28965632120768, val_acc: 46.92301782187173, fidel_score: 47.14197910029828, acc_loss: 1.3105192581812541, grad_loss: None
2022-05-01 00:59:31,372 DEBUG epoch: 43, train_acc: 49.06455580393473, val_acc: 45.73601720489896, fidel_score: 45.8128457213005, acc_loss: 1.2828482886155446, grad_loss: None
2022-05-01 00:59:34,541 DEBUG epoch: 44, train_acc: 51.01768080393473, val_acc: 48.3251382866445, fidel_score: 48.5671481206949, acc_loss: 1.2301389873027802, grad_loss: None
2022-05-01 00:59:37,696 DEBUG epoch: 45, train_acc: 50.54481887817383, val_acc: 50.60694529340541, fidel_score: 50.94114934760658, acc_loss: 1.3113067050774891, grad_loss: None
2022-05-01 00:59:40,889 DEBUG epoch: 46, train_acc: 51.343201637268066, val_acc: 51.16395205431506, fidel_score: 51.20236631368814, acc_loss: 1.2782433331012726, grad_loss: None
2022-05-01 00:59:44,036 DEBUG epoch: 47, train_acc: 54.744608879089355, val_acc: 52.94253225859939, fidel_score: 52.92332512891285, acc_loss: 1.129119445880254, grad_loss: None
2022-05-01 00:59:47,188 DEBUG epoch: 48, train_acc: 55.73601977030436, val_acc: 51.50968038867278, fidel_score: 51.78242163022164, acc_loss: 1.1485661814610164, grad_loss: None
2022-05-01 00:59:50,376 DEBUG epoch: 49, train_acc: 56.307108879089355, val_acc: 52.281806999727046, fidel_score: 52.25491701816589, acc_loss: 1.1525264829397202, grad_loss: None
2022-05-01 00:59:53,556 DEBUG epoch: 50, train_acc: 55.28257497151693, val_acc: 52.14735708957665, fidel_score: 52.18192992301242, acc_loss: 1.1143373648325603, grad_loss: None
2022-05-01 00:59:56,697 DEBUG epoch: 51, train_acc: 58.20883560180664, val_acc: 53.82221880058753, fidel_score: 54.18715426463178, acc_loss: 1.108717789252599, grad_loss: None
2022-05-01 00:59:59,865 DEBUG epoch: 52, train_acc: 57.96555201212565, val_acc: 56.24999999062152, fidel_score: 56.39597417623922, acc_loss: 1.051320696870486, grad_loss: None
2022-05-01 01:00:03,051 DEBUG epoch: 53, train_acc: 61.77243232727051, val_acc: 52.155039943795884, fidel_score: 52.3547940925359, acc_loss: 0.9798064976930618, grad_loss: None
2022-05-01 01:00:06,204 DEBUG epoch: 54, train_acc: 60.92607816060384, val_acc: 60.86739396726565, fidel_score: 61.15934234319029, acc_loss: 1.0102311223745346, grad_loss: None
2022-05-01 01:00:09,368 DEBUG epoch: 55, train_acc: 65.79404226938884, val_acc: 59.03503379985901, fidel_score: 59.45759065765212, acc_loss: 0.8899451543887457, grad_loss: None
2022-05-01 01:00:12,548 DEBUG epoch: 56, train_acc: 65.54847399393718, val_acc: 61.58958204816878, fidel_score: 61.635679159416476, acc_loss: 0.8661165485779444, grad_loss: None
2022-05-01 01:00:15,697 DEBUG epoch: 57, train_acc: 67.06186040242513, val_acc: 60.33343577135833, fidel_score: 60.55239704978488, acc_loss: 0.8716318060954412, grad_loss: None
2022-05-01 01:00:18,879 DEBUG epoch: 58, train_acc: 65.7769095102946, val_acc: 64.44376152427782, fidel_score: 64.78180700676091, acc_loss: 0.885545422633489, grad_loss: None
2022-05-01 01:00:22,032 DEBUG epoch: 59, train_acc: 67.68092091878255, val_acc: 63.97894898117431, fidel_score: 64.17870312991433, acc_loss: 0.8673165142536163, grad_loss: None
2022-05-01 01:00:25,209 DEBUG epoch: 60, train_acc: 67.76315784454346, val_acc: 66.230024585126, fidel_score: 66.64874001229256, acc_loss: 0.8382343202829361, grad_loss: None
2022-05-01 01:00:28,357 DEBUG epoch: 61, train_acc: 70.0737845102946, val_acc: 67.60141364474492, fidel_score: 68.13537184065225, acc_loss: 0.7589428226153055, grad_loss: None
2022-05-01 01:00:31,517 DEBUG epoch: 62, train_acc: 74.66191482543945, val_acc: 68.50799015657113, fidel_score: 69.00353410248384, acc_loss: 0.6293074488639832, grad_loss: None
2022-05-01 01:00:34,662 DEBUG epoch: 63, train_acc: 74.35124270121257, val_acc: 69.11109402872846, fidel_score: 69.57206514120541, acc_loss: 0.6468505412340164, grad_loss: None
2022-05-01 01:00:37,832 DEBUG epoch: 64, train_acc: 73.83155123392741, val_acc: 69.52980946058427, fidel_score: 69.9139520590043, acc_loss: 0.6646311208605766, grad_loss: None
2022-05-01 01:00:40,993 DEBUG epoch: 65, train_acc: 75.05253982543945, val_acc: 69.2570682190354, fidel_score: 69.69883220182582, acc_loss: 0.6314989229043325, grad_loss: None
2022-05-01 01:00:44,113 DEBUG epoch: 66, train_acc: 73.83269373575847, val_acc: 70.29425321741931, fidel_score: 70.83205285333166, acc_loss: 0.6412240813175837, grad_loss: None
2022-05-01 01:00:47,264 DEBUG epoch: 67, train_acc: 75.70472399393718, val_acc: 69.4721880762139, fidel_score: 70.02535340180775, acc_loss: 0.5816167940696081, grad_loss: None
2022-05-01 01:00:50,417 DEBUG epoch: 68, train_acc: 74.27128982543945, val_acc: 70.6591886861528, fidel_score: 71.35064535955746, acc_loss: 0.6160769189397494, grad_loss: None
2022-05-01 01:00:53,586 DEBUG epoch: 69, train_acc: 76.35348129272461, val_acc: 70.36724031022815, fidel_score: 70.88583281176473, acc_loss: 0.5940166264772415, grad_loss: None
2022-05-01 01:00:56,757 DEBUG epoch: 70, train_acc: 74.9257583618164, val_acc: 71.02412415019705, fidel_score: 71.56576521204671, acc_loss: 0.6069096028804779, grad_loss: None
2022-05-01 01:00:59,975 DEBUG epoch: 71, train_acc: 76.50310643513997, val_acc: 70.50937307459779, fidel_score: 71.11247695144438, acc_loss: 0.6017664497097334, grad_loss: None
2022-05-01 01:01:03,120 DEBUG epoch: 72, train_acc: 76.90743764241536, val_acc: 70.81284572833435, fidel_score: 71.32759680393362, acc_loss: 0.5786403144399325, grad_loss: None
2022-05-01 01:01:06,292 DEBUG epoch: 73, train_acc: 77.80290540059407, val_acc: 71.7424707957844, fidel_score: 72.35709894575366, acc_loss: 0.5307955046494802, grad_loss: None
2022-05-01 01:01:09,480 DEBUG epoch: 74, train_acc: 77.46025212605794, val_acc: 69.67962507213927, fidel_score: 70.22894898586355, acc_loss: 0.5526014640927315, grad_loss: None
2022-05-01 01:01:12,660 DEBUG epoch: 75, train_acc: 76.15931065877278, val_acc: 71.53119236923246, fidel_score: 72.09204055607941, acc_loss: 0.591904804110527, grad_loss: None
2022-05-01 01:01:15,811 DEBUG epoch: 76, train_acc: 78.12956873575847, val_acc: 70.18285187461586, fidel_score: 70.79748002458513, acc_loss: 0.5761101096868515, grad_loss: None
2022-05-01 01:01:18,967 DEBUG epoch: 77, train_acc: 77.67269706726074, val_acc: 70.68992008896203, fidel_score: 71.13936692362705, acc_loss: 0.531116284430027, grad_loss: None
2022-05-01 01:01:22,132 DEBUG epoch: 78, train_acc: 78.06332206726074, val_acc: 72.22264903794789, fidel_score: 72.80654578510793, acc_loss: 0.5567134842276573, grad_loss: None
2022-05-01 01:01:25,263 DEBUG epoch: 79, train_acc: 77.21811040242513, val_acc: 71.52735095267363, fidel_score: 72.04978488014751, acc_loss: 0.5688924963275591, grad_loss: None
2022-05-01 01:01:28,417 DEBUG epoch: 80, train_acc: 76.87431462605794, val_acc: 71.52350952204708, fidel_score: 72.07283343577136, acc_loss: 0.5575075646241506, grad_loss: None
2022-05-01 01:01:31,581 DEBUG epoch: 81, train_acc: 80.24374071756999, val_acc: 71.4582052858021, fidel_score: 72.00368775952134, acc_loss: 0.5154829646150271, grad_loss: None
2022-05-01 01:01:34,781 DEBUG epoch: 82, train_acc: 79.33228238423665, val_acc: 71.60033804079325, fidel_score: 72.21112476951444, acc_loss: 0.5003438368439674, grad_loss: None
2022-05-01 01:01:37,954 DEBUG epoch: 83, train_acc: 79.30030123392741, val_acc: 71.34296250768286, fidel_score: 71.97295636140136, acc_loss: 0.494743491212527, grad_loss: None
2022-05-01 01:01:41,126 DEBUG epoch: 84, train_acc: 79.5767084757487, val_acc: 72.23033189451175, fidel_score: 72.62215734011716, acc_loss: 0.5016784071922302, grad_loss: None
2022-05-01 01:01:44,292 DEBUG epoch: 85, train_acc: 79.15638701121013, val_acc: 72.6644130207383, fidel_score: 73.25215118914642, acc_loss: 0.4916098440686862, grad_loss: None
2022-05-01 01:01:47,428 DEBUG epoch: 86, train_acc: 80.01644706726074, val_acc: 71.22387829893707, fidel_score: 71.7271050967244, acc_loss: 0.49346695592006046, grad_loss: None
2022-05-01 01:01:50,605 DEBUG epoch: 87, train_acc: 81.15519905090332, val_acc: 73.22526121696373, fidel_score: 73.70159802381144, acc_loss: 0.44264180958271027, grad_loss: None
2022-05-01 01:01:53,808 DEBUG epoch: 88, train_acc: 80.42077827453613, val_acc: 70.22126612929969, fidel_score: 70.82437000614628, acc_loss: 0.47320402786135674, grad_loss: None
2022-05-01 01:01:56,964 DEBUG epoch: 89, train_acc: 79.15410232543945, val_acc: 72.71819299323909, fidel_score: 73.2098955132145, acc_loss: 0.4852748413880666, grad_loss: None
2022-05-01 01:02:00,129 DEBUG epoch: 90, train_acc: 79.1403964360555, val_acc: 72.28027043169675, fidel_score: 72.82959434542101, acc_loss: 0.45993927866220474, grad_loss: None
2022-05-01 01:02:03,293 DEBUG epoch: 91, train_acc: 82.86389795939128, val_acc: 72.39551320512675, fidel_score: 72.92562998916448, acc_loss: 0.4169038161635399, grad_loss: None
2022-05-01 01:02:06,453 DEBUG epoch: 92, train_acc: 80.5532709757487, val_acc: 73.00245850322139, fidel_score: 73.49416102319681, acc_loss: 0.4380913997689883, grad_loss: None
2022-05-01 01:02:09,627 DEBUG epoch: 93, train_acc: 82.42530123392741, val_acc: 72.59142593730793, fidel_score: 73.16763982790411, acc_loss: 0.42928272237380344, grad_loss: None
2022-05-01 01:02:12,795 DEBUG epoch: 94, train_acc: 80.00045649210612, val_acc: 72.28411185294482, fidel_score: 72.91794713728986, acc_loss: 0.48866771658261615, grad_loss: None
2022-05-01 01:02:15,949 DEBUG epoch: 95, train_acc: 79.96847597757976, val_acc: 73.34818684226835, fidel_score: 73.99738783036263, acc_loss: 0.45425231754779816, grad_loss: None
2022-05-01 01:02:19,080 DEBUG epoch: 96, train_acc: 81.17118962605794, val_acc: 71.8884449814021, fidel_score: 72.54148739543369, acc_loss: 0.4394535645842552, grad_loss: None
2022-05-01 01:02:22,263 DEBUG epoch: 97, train_acc: 81.9707145690918, val_acc: 73.37507682851874, fidel_score: 73.97049783942299, acc_loss: 0.4480137303471565, grad_loss: None
2022-05-01 01:02:25,449 DEBUG epoch: 98, train_acc: 81.26941680908203, val_acc: 73.34050398570449, fidel_score: 73.84373078349184, acc_loss: 0.45563365519046783, grad_loss: None
2022-05-01 01:02:28,586 DEBUG epoch: 99, train_acc: 82.99410629272461, val_acc: 73.50568530100874, fidel_score: 74.07805777035685, acc_loss: 0.43128080914417904, grad_loss: None
2022-05-01 01:02:31,740 DEBUG epoch: 100, train_acc: 82.06551551818848, val_acc: 73.24446834196104, fidel_score: 73.8859864781807, acc_loss: 0.4155525987346967, grad_loss: None
2022-05-01 01:02:34,885 DEBUG epoch: 101, train_acc: 82.94613456726074, val_acc: 73.7822679684949, fidel_score: 74.45451751221303, acc_loss: 0.4048714314897855, grad_loss: None
2022-05-01 01:02:38,056 DEBUG epoch: 102, train_acc: 82.81478436787923, val_acc: 74.08958204347954, fidel_score: 74.69268592032613, acc_loss: 0.4274868493278821, grad_loss: None
2022-05-01 01:02:41,231 DEBUG epoch: 103, train_acc: 83.10832405090332, val_acc: 73.45958819445028, fidel_score: 73.95513214505225, acc_loss: 0.4408090313275655, grad_loss: None
2022-05-01 01:02:44,396 DEBUG epoch: 104, train_acc: 81.69316482543945, val_acc: 74.09342347879533, fidel_score: 74.75030731407499, acc_loss: 0.4282190874218941, grad_loss: None
2022-05-01 01:02:47,549 DEBUG epoch: 105, train_acc: 82.0677998860677, val_acc: 74.82713582344266, fidel_score: 75.25737552842115, acc_loss: 0.4077119256059329, grad_loss: None
2022-05-01 01:02:50,727 DEBUG epoch: 106, train_acc: 84.3441613515218, val_acc: 74.63506452657727, fidel_score: 75.11140134280345, acc_loss: 0.37850095083316165, grad_loss: None
2022-05-01 01:02:53,894 DEBUG epoch: 107, train_acc: 83.90556462605794, val_acc: 73.92824215411261, fidel_score: 74.55439458658304, acc_loss: 0.38431448489427567, grad_loss: None
2022-05-01 01:02:57,051 DEBUG epoch: 108, train_acc: 84.11572519938152, val_acc: 75.13829132905384, fidel_score: 75.59157958965618, acc_loss: 0.3852018974721432, grad_loss: None
2022-05-01 01:03:00,222 DEBUG epoch: 109, train_acc: 84.96322186787923, val_acc: 74.45067609096496, fidel_score: 74.950061462815, acc_loss: 0.3835652594765027, grad_loss: None
2022-05-01 01:03:03,405 DEBUG epoch: 110, train_acc: 83.74337514241536, val_acc: 76.01029502151198, fidel_score: 76.55577750460971, acc_loss: 0.4133675619959831, grad_loss: None
2022-05-01 01:03:06,565 DEBUG epoch: 111, train_acc: 84.36129379272461, val_acc: 73.83604793161722, fidel_score: 74.43146895189994, acc_loss: 0.391554057598114, grad_loss: None
2022-05-01 01:03:09,700 DEBUG epoch: 112, train_acc: 83.72738456726074, val_acc: 73.71696373693915, fidel_score: 74.5659188690842, acc_loss: 0.3930549422899882, grad_loss: None
2022-05-01 01:03:12,851 DEBUG epoch: 113, train_acc: 84.52462514241536, val_acc: 74.90780577281537, fidel_score: 75.51475107091002, acc_loss: 0.3667775404949983, grad_loss: None
2022-05-01 01:03:15,993 DEBUG epoch: 114, train_acc: 86.00374603271484, val_acc: 74.7541487400123, fidel_score: 75.31883835279656, acc_loss: 0.3576245519022147, grad_loss: None
2022-05-01 01:03:19,198 DEBUG epoch: 115, train_acc: 86.23332405090332, val_acc: 76.45974185617702, fidel_score: 77.06668714489318, acc_loss: 0.362664632499218, grad_loss: None
2022-05-01 01:03:22,359 DEBUG epoch: 116, train_acc: 85.92379379272461, val_acc: 75.01152427312269, fidel_score: 75.57237246465888, acc_loss: 0.3504108612736066, grad_loss: None
2022-05-01 01:03:25,497 DEBUG epoch: 117, train_acc: 87.63135019938152, val_acc: 75.28042409342348, fidel_score: 76.01797786400812, acc_loss: 0.3487567777434985, grad_loss: None
2022-05-01 01:03:28,653 DEBUG epoch: 118, train_acc: 85.98889795939128, val_acc: 75.84511369682926, fidel_score: 76.42516901336276, acc_loss: 0.35212726642688114, grad_loss: None
2022-05-01 01:03:31,818 DEBUG epoch: 119, train_acc: 87.53426551818848, val_acc: 76.51352181461009, fidel_score: 77.22034419176399, acc_loss: 0.32892172659436864, grad_loss: None
2022-05-01 01:03:34,997 DEBUG epoch: 120, train_acc: 86.3955135345459, val_acc: 75.13444990780577, fidel_score: 75.7721266133989, acc_loss: 0.3384530171751976, grad_loss: None
2022-05-01 01:03:38,143 DEBUG epoch: 121, train_acc: 86.90035629272461, val_acc: 74.7771972909469, fidel_score: 75.32267977873387, acc_loss: 0.37226083874702454, grad_loss: None
2022-05-01 01:03:41,276 DEBUG epoch: 122, train_acc: 86.62280718485515, val_acc: 75.24200982936117, fidel_score: 75.92578364620196, acc_loss: 0.3656377245982488, grad_loss: None
2022-05-01 01:03:44,423 DEBUG epoch: 123, train_acc: 88.46057192484538, val_acc: 74.96158574062692, fidel_score: 75.60694528871618, acc_loss: 0.3105809601644675, grad_loss: None
2022-05-01 01:03:47,596 DEBUG epoch: 124, train_acc: 85.1254113515218, val_acc: 74.76951443907228, fidel_score: 75.40719114935465, acc_loss: 0.4204937939842542, grad_loss: None
2022-05-01 01:03:50,769 DEBUG epoch: 125, train_acc: 85.89181264241536, val_acc: 75.33420405654579, fidel_score: 76.09480638275429, acc_loss: 0.36381081988414127, grad_loss: None
2022-05-01 01:03:53,945 DEBUG epoch: 126, train_acc: 85.95691680908203, val_acc: 76.05255070682237, fidel_score: 76.74784879209663, acc_loss: 0.398268294831117, grad_loss: None
2022-05-01 01:03:57,129 DEBUG epoch: 127, train_acc: 87.68046442667644, val_acc: 76.89766441303011, fidel_score: 77.58527964642975, acc_loss: 0.3186327815055847, grad_loss: None
2022-05-01 01:04:00,325 DEBUG epoch: 128, train_acc: 87.81067276000977, val_acc: 77.19729562676166, fidel_score: 77.84649661485594, acc_loss: 0.3328571021556854, grad_loss: None
2022-05-01 01:04:03,477 DEBUG epoch: 129, train_acc: 85.9740498860677, val_acc: 77.56607251674322, fidel_score: 78.30746772264365, acc_loss: 0.36391643807291985, grad_loss: None
2022-05-01 01:04:06,671 DEBUG epoch: 130, train_acc: 86.7861385345459, val_acc: 75.22280269498538, fidel_score: 76.00261216025889, acc_loss: 0.3584693943460782, grad_loss: None
2022-05-01 01:04:09,839 DEBUG epoch: 131, train_acc: 88.98254776000977, val_acc: 77.13967423770204, fidel_score: 77.91564228172747, acc_loss: 0.2941160127520561, grad_loss: None
2022-05-01 01:04:13,001 DEBUG epoch: 132, train_acc: 89.8940060933431, val_acc: 76.9860172095882, fidel_score: 77.73893669330056, acc_loss: 0.30401016150911647, grad_loss: None
2022-05-01 01:04:16,176 DEBUG epoch: 133, train_acc: 90.51192410786946, val_acc: 76.85925014427856, fidel_score: 77.66210816517591, acc_loss: 0.2720891088247299, grad_loss: None
2022-05-01 01:04:19,345 DEBUG epoch: 134, train_acc: 90.18754577636719, val_acc: 77.83497233235477, fidel_score: 78.51106329732096, acc_loss: 0.273079293469588, grad_loss: None
2022-05-01 01:04:22,501 DEBUG epoch: 135, train_acc: 88.80436770121257, val_acc: 76.91687153333818, fidel_score: 77.66979101705053, acc_loss: 0.28447942684094113, grad_loss: None
2022-05-01 01:04:25,650 DEBUG epoch: 136, train_acc: 90.25264994303386, val_acc: 77.34326981237936, fidel_score: 78.15381068515133, acc_loss: 0.28729791070024174, grad_loss: None
2022-05-01 01:04:28,821 DEBUG epoch: 137, train_acc: 88.75525410970052, val_acc: 75.1920712968654, fidel_score: 75.82974800245852, acc_loss: 0.29837072764833766, grad_loss: None
2022-05-01 01:04:31,993 DEBUG epoch: 138, train_acc: 90.2035363515218, val_acc: 78.16917639827903, fidel_score: 78.80685310387216, acc_loss: 0.27394790078202885, grad_loss: None
2022-05-01 01:04:35,189 DEBUG epoch: 139, train_acc: 89.99223327636719, val_acc: 77.14351566363935, fidel_score: 78.000153647659, acc_loss: 0.26337872569759685, grad_loss: None
2022-05-01 01:04:38,321 DEBUG epoch: 140, train_acc: 90.23551686604817, val_acc: 77.26644130301167, fidel_score: 78.08850645359557, acc_loss: 0.2896207918723424, grad_loss: None
2022-05-01 01:04:41,489 DEBUG epoch: 141, train_acc: 91.60270436604817, val_acc: 76.23693915181315, fidel_score: 76.9360786724032, acc_loss: 0.23613441611329714, grad_loss: None
2022-05-01 01:04:44,654 DEBUG epoch: 142, train_acc: 90.3017635345459, val_acc: 77.3740012292563, fidel_score: 78.04240934234788, acc_loss: 0.24783326809604964, grad_loss: None
2022-05-01 01:04:47,811 DEBUG epoch: 143, train_acc: 88.82150014241536, val_acc: 77.69283957736361, fidel_score: 78.33435770889405, acc_loss: 0.32412680238485336, grad_loss: None
2022-05-01 01:04:51,003 DEBUG epoch: 144, train_acc: 87.48629379272461, val_acc: 77.34711123831666, fidel_score: 78.10387214796633, acc_loss: 0.3529515949388345, grad_loss: None
2022-05-01 01:04:54,193 DEBUG epoch: 145, train_acc: 91.00077692667644, val_acc: 78.31899200983405, fidel_score: 78.91441303011678, acc_loss: 0.25161078323920566, grad_loss: None
2022-05-01 01:04:57,352 DEBUG epoch: 146, train_acc: 89.77978769938152, val_acc: 76.28303625368237, fidel_score: 76.77089734772048, acc_loss: 0.27284565940499306, grad_loss: None
2022-05-01 01:05:00,517 DEBUG epoch: 147, train_acc: 91.92822519938152, val_acc: 77.48156114612244, fidel_score: 78.36124768576596, acc_loss: 0.24793286869923273, grad_loss: None
2022-05-01 01:05:03,643 DEBUG epoch: 148, train_acc: 91.74890327453613, val_acc: 77.21266133051088, fidel_score: 77.96942224016055, acc_loss: 0.221824595083793, grad_loss: None
2022-05-01 01:05:06,808 DEBUG epoch: 149, train_acc: 91.5707238515218, val_acc: 78.61478180231752, fidel_score: 79.42148124915218, acc_loss: 0.2581361544628938, grad_loss: None
2022-05-01 01:05:10,004 DEBUG epoch: 150, train_acc: 93.50671577453613, val_acc: 78.86063306230523, fidel_score: 79.60202826820566, acc_loss: 0.21753722056746483, grad_loss: None
2022-05-01 01:05:13,177 DEBUG epoch: 151, train_acc: 92.93676884969075, val_acc: 79.09496003979177, fidel_score: 79.81714811600565, acc_loss: 0.22658619532982507, grad_loss: None
2022-05-01 01:05:16,356 DEBUG epoch: 152, train_acc: 94.48327827453613, val_acc: 79.31392132290756, fidel_score: 80.1513521772407, acc_loss: 0.1742140365143617, grad_loss: None
2022-05-01 01:05:19,521 DEBUG epoch: 153, train_acc: 93.62093353271484, val_acc: 79.57897970789257, fidel_score: 80.370313450978, acc_loss: 0.1946216175953547, grad_loss: None
2022-05-01 01:05:22,685 DEBUG epoch: 154, train_acc: 93.91333134969075, val_acc: 79.61355254601759, fidel_score: 80.37799630754186, acc_loss: 0.1909639574587345, grad_loss: None
2022-05-01 01:05:25,865 DEBUG epoch: 155, train_acc: 92.4502010345459, val_acc: 79.73263675476336, fidel_score: 80.45482483097726, acc_loss: 0.21285471754769483, grad_loss: None
2022-05-01 01:05:29,044 DEBUG epoch: 156, train_acc: 94.25484275817871, val_acc: 79.5444068744568, fidel_score: 80.3165334878557, acc_loss: 0.1761771154900392, grad_loss: None
2022-05-01 01:05:32,228 DEBUG epoch: 157, train_acc: 94.36906051635742, val_acc: 79.67501535632526, fidel_score: 80.33574061754223, acc_loss: 0.17400282559295496, grad_loss: None
2022-05-01 01:05:35,405 DEBUG epoch: 158, train_acc: 91.78316879272461, val_acc: 79.75184387507143, fidel_score: 80.5162876365957, acc_loss: 0.21896842618783316, grad_loss: None
2022-05-01 01:05:38,556 DEBUG epoch: 159, train_acc: 94.02754910786946, val_acc: 79.91318376443836, fidel_score: 80.69683465564918, acc_loss: 0.18522056688865027, grad_loss: None
2022-05-01 01:05:41,704 DEBUG epoch: 160, train_acc: 93.55582936604817, val_acc: 80.0591579547453, fidel_score: 80.7851874568965, acc_loss: 0.20810475759208202, grad_loss: None
2022-05-01 01:05:44,860 DEBUG epoch: 161, train_acc: 92.23889795939128, val_acc: 79.96696372756067, fidel_score: 80.73140748908494, acc_loss: 0.21974617863694826, grad_loss: None
2022-05-01 01:05:48,042 DEBUG epoch: 162, train_acc: 91.73291269938152, val_acc: 80.22818069129761, fidel_score: 80.98878302688458, acc_loss: 0.24276971506575742, grad_loss: None
2022-05-01 01:05:51,191 DEBUG epoch: 163, train_acc: 94.7436949412028, val_acc: 79.90934234787953, fidel_score: 80.68146896127843, acc_loss: 0.18762119921545187, grad_loss: None
2022-05-01 01:05:54,357 DEBUG epoch: 164, train_acc: 92.87280718485515, val_acc: 79.91702519506491, fidel_score: 80.73140749377419, acc_loss: 0.19461315870285034, grad_loss: None
2022-05-01 01:05:57,540 DEBUG epoch: 165, train_acc: 93.10124270121257, val_acc: 79.8632452319426, fidel_score: 80.66994467877726, acc_loss: 0.1942172578225533, grad_loss: None
2022-05-01 01:06:00,720 DEBUG epoch: 166, train_acc: 93.06926155090332, val_acc: 79.99001228787375, fidel_score: 80.80055316064573, acc_loss: 0.18582013621926308, grad_loss: None
2022-05-01 01:06:03,903 DEBUG epoch: 167, train_acc: 94.36906051635742, val_acc: 80.13982789942877, fidel_score: 80.89274738314113, acc_loss: 0.15970776975154877, grad_loss: None
2022-05-01 01:06:07,075 DEBUG epoch: 168, train_acc: 95.00411160786946, val_acc: 80.1513521772407, fidel_score: 81.08097725406921, acc_loss: 0.16442942743500075, grad_loss: None
2022-05-01 01:06:10,246 DEBUG epoch: 169, train_acc: 93.83223660786946, val_acc: 80.75061462346073, fidel_score: 81.51889981092232, acc_loss: 0.1631771307438612, grad_loss: None
2022-05-01 01:06:13,415 DEBUG epoch: 170, train_acc: 93.83223660786946, val_acc: 80.43945912253879, fidel_score: 81.20006145812576, acc_loss: 0.16044821652273336, grad_loss: None
2022-05-01 01:06:16,580 DEBUG epoch: 171, train_acc: 94.12463442484538, val_acc: 80.19360786255108, fidel_score: 80.90043023501573, acc_loss: 0.16649383368591467, grad_loss: None
2022-05-01 01:06:19,741 DEBUG epoch: 172, train_acc: 94.98812103271484, val_acc: 80.16287645505261, fidel_score: 80.97341732782459, acc_loss: 0.14935074808696905, grad_loss: None
2022-05-01 01:06:22,927 DEBUG epoch: 173, train_acc: 95.54093551635742, val_acc: 80.14366932067684, fidel_score: 81.0003073046965, acc_loss: 0.14745462437470755, grad_loss: None
2022-05-01 01:06:26,086 DEBUG epoch: 174, train_acc: 95.29650942484538, val_acc: 80.43561769660148, fidel_score: 81.25768284718538, acc_loss: 0.13096673972904682, grad_loss: None
2022-05-01 01:06:29,285 DEBUG epoch: 175, train_acc: 93.49072519938152, val_acc: 80.58543330815648, fidel_score: 81.25384142124807, acc_loss: 0.19117478902141252, grad_loss: None
2022-05-01 01:06:32,463 DEBUG epoch: 176, train_acc: 94.22286160786946, val_acc: 80.40488628910302, fidel_score: 81.16164719875268, acc_loss: 0.16844160854816437, grad_loss: None
2022-05-01 01:06:35,640 DEBUG epoch: 177, train_acc: 94.30395634969075, val_acc: 80.35110632598071, fidel_score: 81.09250153188114, acc_loss: 0.15204263168076673, grad_loss: None
2022-05-01 01:06:38,812 DEBUG epoch: 178, train_acc: 93.97957801818848, val_acc: 80.05531652411875, fidel_score: 80.85049169314149, acc_loss: 0.16110020441313586, grad_loss: None
2022-05-01 01:06:41,960 DEBUG epoch: 179, train_acc: 94.07666269938152, val_acc: 80.02458512130953, fidel_score: 80.81976029033227, acc_loss: 0.1707834079861641, grad_loss: None
2022-05-01 01:06:45,113 DEBUG epoch: 180, train_acc: 94.09265327453613, val_acc: 80.13598647349146, fidel_score: 80.96573447594997, acc_loss: 0.17250134175022444, grad_loss: None
2022-05-01 01:06:48,250 DEBUG epoch: 181, train_acc: 96.484375, val_acc: 80.470190525348, fidel_score: 81.2423171387469, acc_loss: 0.12742626294493675, grad_loss: None
2022-05-01 01:06:51,423 DEBUG epoch: 182, train_acc: 95.65515327453613, val_acc: 80.20897356161107, fidel_score: 80.96573447126073, acc_loss: 0.14082569691042104, grad_loss: None
2022-05-01 01:06:54,562 DEBUG epoch: 183, train_acc: 95.62203025817871, val_acc: 80.55086047472072, fidel_score: 81.24999999531076, acc_loss: 0.12275432577977578, grad_loss: None
2022-05-01 01:06:57,729 DEBUG epoch: 184, train_acc: 95.06921577453613, val_acc: 80.83896741532958, fidel_score: 81.69176397341192, acc_loss: 0.14445563654104868, grad_loss: None
2022-05-01 01:07:00,885 DEBUG epoch: 185, train_acc: 93.81624603271484, val_acc: 80.35110632129147, fidel_score: 81.00414873063382, acc_loss: 0.19936714507639408, grad_loss: None
2022-05-01 01:07:04,054 DEBUG epoch: 186, train_acc: 94.71171442667644, val_acc: 80.54701904409417, fidel_score: 81.26920712030805, acc_loss: 0.1562353353947401, grad_loss: None
2022-05-01 01:07:07,239 DEBUG epoch: 187, train_acc: 95.49182192484538, val_acc: 80.95421019813804, fidel_score: 81.6533497187281, acc_loss: 0.13597783135871092, grad_loss: None
2022-05-01 01:07:10,429 DEBUG epoch: 188, train_acc: 95.08520634969075, val_acc: 80.98494160563651, fidel_score: 81.73017823747425, acc_loss: 0.16026082448661327, grad_loss: None
2022-05-01 01:07:13,578 DEBUG epoch: 189, train_acc: 95.37874603271484, val_acc: 81.12707437000614, fidel_score: 81.92224953902888, acc_loss: 0.14918624640752873, grad_loss: None
2022-05-01 01:07:16,728 DEBUG epoch: 190, train_acc: 95.55692609151204, val_acc: 80.8043945818938, fidel_score: 81.46511984311076, acc_loss: 0.14885463503499827, grad_loss: None
2022-05-01 01:07:19,882 DEBUG epoch: 191, train_acc: 94.5004113515218, val_acc: 80.82360171158034, fidel_score: 81.54194836654617, acc_loss: 0.17101737981041273, grad_loss: None
2022-05-01 01:07:23,052 DEBUG epoch: 192, train_acc: 95.703125, val_acc: 80.69683466033841, fidel_score: 81.30377995843307, acc_loss: 0.13464313186705112, grad_loss: None
2022-05-01 01:07:26,225 DEBUG epoch: 193, train_acc: 94.7265625, val_acc: 80.5124462106584, fidel_score: 81.24615856468421, acc_loss: 0.15847145052005848, grad_loss: None
2022-05-01 01:07:29,397 DEBUG epoch: 194, train_acc: 95.5249449412028, val_acc: 80.79287030408187, fidel_score: 81.44591271342422, acc_loss: 0.1417800293614467, grad_loss: None
2022-05-01 01:07:32,527 DEBUG epoch: 195, train_acc: 95.75223859151204, val_acc: 80.80823601252035, fidel_score: 81.59188690373117, acc_loss: 0.12800969214489064, grad_loss: None
2022-05-01 01:07:35,689 DEBUG epoch: 196, train_acc: 94.7768185933431, val_acc: 80.95036877220075, fidel_score: 81.74554394122349, acc_loss: 0.1453061206266284, grad_loss: None
2022-05-01 01:07:38,858 DEBUG epoch: 197, train_acc: 95.5249449412028, val_acc: 80.96573447594997, fidel_score: 81.67255684841463, acc_loss: 0.1306863638261954, grad_loss: None
2022-05-01 01:07:42,043 DEBUG epoch: 198, train_acc: 95.47583134969075, val_acc: 80.94268591563689, fidel_score: 81.70712967716116, acc_loss: 0.1355444568519791, grad_loss: None
2022-05-01 01:07:45,199 DEBUG epoch: 199, train_acc: 94.71057192484538, val_acc: 80.70835894283958, fidel_score: 81.48432698217579, acc_loss: 0.14885034474233785, grad_loss: None
2022-05-01 01:07:48,356 DEBUG epoch: 200, train_acc: 95.83333333333333, val_acc: 80.95805161938611, fidel_score: 81.68792254747463, acc_loss: 0.14321448048576713, grad_loss: None
2022-05-01 01:07:51,516 DEBUG epoch: 201, train_acc: 94.33707936604817, val_acc: 80.87354025345458, fidel_score: 81.55731407029539, acc_loss: 0.15560580821086964, grad_loss: None
2022-05-01 01:07:54,681 DEBUG epoch: 202, train_acc: 94.87390327453613, val_acc: 80.58543330815648, fidel_score: 81.2730485509346, acc_loss: 0.14363723807036877, grad_loss: None
2022-05-01 01:07:57,839 DEBUG epoch: 203, train_acc: 96.02978769938152, val_acc: 80.65457897033879, fidel_score: 81.32682850936767, acc_loss: 0.13998210926850638, grad_loss: None
2022-05-01 01:08:01,011 DEBUG epoch: 204, train_acc: 95.65515327453613, val_acc: 80.83512599408151, fidel_score: 81.6034111815431, acc_loss: 0.11944940003256004, grad_loss: None
2022-05-01 01:08:04,214 DEBUG epoch: 205, train_acc: 95.3627560933431, val_acc: 80.78518746158574, fidel_score: 81.51505838967425, acc_loss: 0.13179164628187814, grad_loss: None
2022-05-01 01:08:07,418 DEBUG epoch: 206, train_acc: 94.53239186604817, val_acc: 81.13091579125421, fidel_score: 81.83005531184426, acc_loss: 0.16434376314282417, grad_loss: None
2022-05-01 01:08:10,631 DEBUG epoch: 207, train_acc: 96.32218551635742, val_acc: 81.06945297625728, fidel_score: 81.92993238621426, acc_loss: 0.12537063471972942, grad_loss: None
2022-05-01 01:08:13,792 DEBUG epoch: 208, train_acc: 95.20056660970052, val_acc: 81.33451136593153, fidel_score: 82.15657651651543, acc_loss: 0.14843805258472761, grad_loss: None
2022-05-01 01:08:16,929 DEBUG epoch: 209, train_acc: 95.42786026000977, val_acc: 81.49585125529846, fidel_score: 82.1911493499512, acc_loss: 0.1445736332486073, grad_loss: None
2022-05-01 01:08:20,107 DEBUG epoch: 210, train_acc: 96.54947916666667, val_acc: 81.21926858312305, fidel_score: 82.07206514120541, acc_loss: 0.09973204135894775, grad_loss: None
2022-05-01 01:08:23,295 DEBUG epoch: 211, train_acc: 95.73624801635742, val_acc: 81.18469575906576, fidel_score: 81.97602950215119, acc_loss: 0.12540531034270921, grad_loss: None
2022-05-01 01:08:26,458 DEBUG epoch: 212, train_acc: 95.78536160786946, val_acc: 81.31914566687155, fidel_score: 82.14505224339274, acc_loss: 0.13212834671139717, grad_loss: None
2022-05-01 01:08:29,612 DEBUG epoch: 213, train_acc: 95.54207801818848, val_acc: 81.21158573593767, fidel_score: 82.06054086808273, acc_loss: 0.13539557593564192, grad_loss: None
2022-05-01 01:08:32,784 DEBUG epoch: 214, train_acc: 95.0863488515218, val_acc: 80.84280884595611, fidel_score: 81.56883834810732, acc_loss: 0.1407569038371245, grad_loss: None
2022-05-01 01:08:35,944 DEBUG epoch: 215, train_acc: 96.95723660786946, val_acc: 81.00799016594961, fidel_score: 81.76475107559926, acc_loss: 0.08516029765208562, grad_loss: None
2022-05-01 01:08:39,145 DEBUG epoch: 216, train_acc: 95.65515327453613, val_acc: 81.04640442532268, fidel_score: 81.79548248309773, acc_loss: 0.130395097968479, grad_loss: None
2022-05-01 01:08:42,315 DEBUG epoch: 217, train_acc: 96.5015074412028, val_acc: 80.91195451282766, fidel_score: 81.71865395966233, acc_loss: 0.11229221678028505, grad_loss: None
2022-05-01 01:08:45,500 DEBUG epoch: 218, train_acc: 95.42786026000977, val_acc: 81.0963429531292, fidel_score: 81.75706821434616, acc_loss: 0.1467650638272365, grad_loss: None
2022-05-01 01:08:48,635 DEBUG epoch: 219, train_acc: 95.42671775817871, val_acc: 80.85817454970535, fidel_score: 81.69176397810116, acc_loss: 0.1355461049824953, grad_loss: None
2022-05-01 01:08:51,812 DEBUG epoch: 220, train_acc: 95.78536160786946, val_acc: 81.03872156875882, fidel_score: 81.7993239043458, acc_loss: 0.13640434388071299, grad_loss: None
2022-05-01 01:08:54,987 DEBUG epoch: 221, train_acc: 95.16630109151204, val_acc: 81.12323294406883, fidel_score: 81.96450522433928, acc_loss: 0.12660461477935314, grad_loss: None
2022-05-01 01:08:58,161 DEBUG epoch: 222, train_acc: 95.85046577453613, val_acc: 81.32298709280884, fidel_score: 82.23724646588813, acc_loss: 0.12019763297090928, grad_loss: None
2022-05-01 01:09:01,301 DEBUG epoch: 223, train_acc: 95.37874603271484, val_acc: 80.90043023501573, fidel_score: 81.66103257060271, acc_loss: 0.13463927153497934, grad_loss: None
2022-05-01 01:09:04,492 DEBUG epoch: 224, train_acc: 97.24963442484538, val_acc: 80.84665027189342, fidel_score: 81.64182544091616, acc_loss: 0.09353286493569613, grad_loss: None
2022-05-01 01:09:07,653 DEBUG epoch: 225, train_acc: 96.79390525817871, val_acc: 81.03488013813228, fidel_score: 81.79548247371925, acc_loss: 0.10401459814359744, grad_loss: None
2022-05-01 01:09:10,828 DEBUG epoch: 226, train_acc: 96.5826021830241, val_acc: 81.25768284718538, fidel_score: 81.93377381215157, acc_loss: 0.11017097222308318, grad_loss: None
2022-05-01 01:09:13,981 DEBUG epoch: 227, train_acc: 95.60718218485515, val_acc: 81.34987706499153, fidel_score: 82.13352795620234, acc_loss: 0.12165859031180541, grad_loss: None
2022-05-01 01:09:17,155 DEBUG epoch: 228, train_acc: 96.48551686604817, val_acc: 81.28073140280922, fidel_score: 82.06054086808273, acc_loss: 0.11875760989884536, grad_loss: None
2022-05-01 01:09:20,317 DEBUG epoch: 229, train_acc: 96.64770634969075, val_acc: 81.05792869844537, fidel_score: 81.88767670090388, acc_loss: 0.10108702971289556, grad_loss: None
2022-05-01 01:09:23,479 DEBUG epoch: 230, train_acc: 96.94010416666667, val_acc: 81.16548862468998, fidel_score: 82.02212660870966, acc_loss: 0.10433919541537762, grad_loss: None
2022-05-01 01:09:26,664 DEBUG epoch: 231, train_acc: 95.3125, val_acc: 80.9811001796992, fidel_score: 81.72249538559963, acc_loss: 0.16072788803527752, grad_loss: None
2022-05-01 01:09:29,835 DEBUG epoch: 232, train_acc: 96.7779146830241, val_acc: 80.91195451282766, fidel_score: 81.77627534872194, acc_loss: 0.09502477229883273, grad_loss: None
2022-05-01 01:09:32,983 DEBUG epoch: 233, train_acc: 96.76192410786946, val_acc: 81.1731714765646, fidel_score: 81.99907805308581, acc_loss: 0.10420696809887886, grad_loss: None
2022-05-01 01:09:36,120 DEBUG epoch: 234, train_acc: 97.46207936604817, val_acc: 81.13859864312883, fidel_score: 81.88383527496657, acc_loss: 0.09846435021609068, grad_loss: None
2022-05-01 01:09:39,285 DEBUG epoch: 235, train_acc: 96.875, val_acc: 81.26536569905998, fidel_score: 82.01060233089773, acc_loss: 0.10145033026734988, grad_loss: None
2022-05-01 01:09:42,461 DEBUG epoch: 236, train_acc: 95.9966646830241, val_acc: 81.36908419936731, fidel_score: 82.19499077588851, acc_loss: 0.15698983054608107, grad_loss: None
2022-05-01 01:09:45,620 DEBUG epoch: 237, train_acc: 95.86645634969075, val_acc: 81.39597418092846, fidel_score: 82.2372464611989, acc_loss: 0.1170278259863456, grad_loss: None
2022-05-01 01:09:48,776 DEBUG epoch: 238, train_acc: 96.37129910786946, val_acc: 81.13475721250228, fidel_score: 81.97218806683541, acc_loss: 0.11163963625828426, grad_loss: None
2022-05-01 01:09:51,979 DEBUG epoch: 239, train_acc: 97.64025942484538, val_acc: 81.17701290250191, fidel_score: 82.02212660870966, acc_loss: 0.08122824008266132, grad_loss: None
2022-05-01 01:09:55,125 DEBUG epoch: 240, train_acc: 96.2890625, val_acc: 81.23079286093498, fidel_score: 82.09127227089195, acc_loss: 0.12248088791966438, grad_loss: None
2022-05-01 01:09:58,244 DEBUG epoch: 241, train_acc: 96.48551686604817, val_acc: 81.2692071249973, fidel_score: 82.04133373839619, acc_loss: 0.130401317961514, grad_loss: None
2022-05-01 01:10:01,406 DEBUG epoch: 242, train_acc: 95.7202574412028, val_acc: 81.29993853249576, fidel_score: 82.12584510901696, acc_loss: 0.13522529291609922, grad_loss: None
2022-05-01 01:10:04,567 DEBUG epoch: 243, train_acc: 96.5015074412028, val_acc: 81.415181310615, fidel_score: 82.13352796089158, acc_loss: 0.12467028852552176, grad_loss: None
2022-05-01 01:10:07,739 DEBUG epoch: 244, train_acc: 95.96354166666667, val_acc: 81.2692071249973, fidel_score: 82.07206514589465, acc_loss: 0.1414415262018641, grad_loss: None
2022-05-01 01:10:10,923 DEBUG epoch: 245, train_acc: 97.13541666666667, val_acc: 81.16164719406343, fidel_score: 81.98755377058464, acc_loss: 0.10256889245162408, grad_loss: None
2022-05-01 01:10:14,099 DEBUG epoch: 246, train_acc: 96.46838442484538, val_acc: 81.36908420405655, fidel_score: 82.06438229870928, acc_loss: 0.10568278996894757, grad_loss: None
2022-05-01 01:10:17,245 DEBUG epoch: 247, train_acc: 96.71281051635742, val_acc: 81.29609710655845, fidel_score: 82.0451751643335, acc_loss: 0.09767076311012109, grad_loss: None
2022-05-01 01:10:20,408 DEBUG epoch: 248, train_acc: 96.09489186604817, val_acc: 81.24999999531076, fidel_score: 81.99139520121119, acc_loss: 0.13091301328192154, grad_loss: None
2022-05-01 01:10:23,581 DEBUG epoch: 249, train_acc: 97.265625, val_acc: 81.22695143968691, fidel_score: 82.06054086808273, acc_loss: 0.08016129055370887, grad_loss: None
2022-05-01 01:10:26,740 DEBUG epoch: 250, train_acc: 96.37129910786946, val_acc: 81.37676705124193, fidel_score: 82.11432083120505, acc_loss: 0.10913661494851112, grad_loss: None
2022-05-01 01:10:29,905 DEBUG epoch: 251, train_acc: 97.10343551635742, val_acc: 81.42286416717886, fidel_score: 82.16041794714198, acc_loss: 0.09123185680558284, grad_loss: None
2022-05-01 01:10:33,081 DEBUG epoch: 252, train_acc: 97.15254910786946, val_acc: 81.54194836185692, fidel_score: 82.34864780869158, acc_loss: 0.09217591242243846, grad_loss: None
2022-05-01 01:10:36,254 DEBUG epoch: 253, train_acc: 96.99036026000977, val_acc: 81.53042408873424, fidel_score: 82.27566072057198, acc_loss: 0.09860532451421022, grad_loss: None
2022-05-01 01:10:39,431 DEBUG epoch: 254, train_acc: 96.66483942667644, val_acc: 81.415181310615, fidel_score: 82.11432083120505, acc_loss: 0.11649941435704629, grad_loss: None
2022-05-01 01:10:42,635 DEBUG epoch: 255, train_acc: 96.84301884969075, val_acc: 81.4343884356123, fidel_score: 82.3063921233812, acc_loss: 0.0988779803737998, grad_loss: None
2022-05-01 01:10:45,816 DEBUG epoch: 256, train_acc: 96.4535363515218, val_acc: 81.39597418092846, fidel_score: 82.21035647963774, acc_loss: 0.09757610006878774, grad_loss: None
2022-05-01 01:10:49,001 DEBUG epoch: 257, train_acc: 97.24963442484538, val_acc: 81.36524277343, fidel_score: 82.15657651651543, acc_loss: 0.0850038059676687, grad_loss: None
2022-05-01 01:10:52,176 DEBUG epoch: 258, train_acc: 96.15999603271484, val_acc: 81.53426551467155, fidel_score: 82.29870927619582, acc_loss: 0.11402187527467807, grad_loss: None
2022-05-01 01:10:55,346 DEBUG epoch: 259, train_acc: 96.55062103271484, val_acc: 81.5611554962327, fidel_score: 82.32944068369429, acc_loss: 0.10902004564801852, grad_loss: None
2022-05-01 01:10:58,487 DEBUG epoch: 260, train_acc: 97.20052083333333, val_acc: 81.40749846342962, fidel_score: 82.20651505838967, acc_loss: 0.09270906324187915, grad_loss: None
2022-05-01 01:11:01,636 DEBUG epoch: 261, train_acc: 95.94755109151204, val_acc: 81.55731407029539, fidel_score: 82.41011062837775, acc_loss: 0.11356948347141345, grad_loss: None
2022-05-01 01:11:04,818 DEBUG epoch: 262, train_acc: 97.20052083333333, val_acc: 81.4651198478, fidel_score: 82.22956360932429, acc_loss: 0.10422581185897191, grad_loss: None
2022-05-01 01:11:07,962 DEBUG epoch: 263, train_acc: 96.92411359151204, val_acc: 81.53810694060886, fidel_score: 82.3332821096316, acc_loss: 0.09103489046295483, grad_loss: None
2022-05-01 01:11:11,130 DEBUG epoch: 264, train_acc: 96.24109077453613, val_acc: 81.45743699592539, fidel_score: 82.2910264243212, acc_loss: 0.11016820091754198, grad_loss: None
2022-05-01 01:11:14,289 DEBUG epoch: 265, train_acc: 97.44494692484538, val_acc: 81.41902274124155, fidel_score: 82.22188076213891, acc_loss: 0.08973166563858588, grad_loss: None
2022-05-01 01:11:17,431 DEBUG epoch: 266, train_acc: 96.2582238515218, val_acc: 81.33451136124229, fidel_score: 82.15657651182619, acc_loss: 0.11893719621002674, grad_loss: None
2022-05-01 01:11:20,587 DEBUG epoch: 267, train_acc: 96.61572519938152, val_acc: 81.44975414405077, fidel_score: 82.1911493499512, acc_loss: 0.11096461365620296, grad_loss: None
2022-05-01 01:11:23,731 DEBUG epoch: 268, train_acc: 95.4107271830241, val_acc: 81.45743699592539, fidel_score: 82.3371235355689, acc_loss: 0.15251553431153297, grad_loss: None
2022-05-01 01:11:26,861 DEBUG epoch: 269, train_acc: 96.59859275817871, val_acc: 81.5112169590477, fidel_score: 82.2410878871362, acc_loss: 0.1072645764797926, grad_loss: None
2022-05-01 01:11:30,023 DEBUG epoch: 270, train_acc: 97.02234077453613, val_acc: 81.60725260748039, fidel_score: 82.46773201743737, acc_loss: 0.10143573768436909, grad_loss: None
2022-05-01 01:11:33,184 DEBUG epoch: 271, train_acc: 97.49406051635742, val_acc: 81.51121695435846, fidel_score: 82.28718499369467, acc_loss: 0.08870520070195198, grad_loss: None
2022-05-01 01:11:36,311 DEBUG epoch: 272, train_acc: 97.11942609151204, val_acc: 81.2192685878123, fidel_score: 82.06438229402004, acc_loss: 0.09628967692454656, grad_loss: None
2022-05-01 01:11:39,480 DEBUG epoch: 273, train_acc: 96.7779146830241, val_acc: 81.59572832966847, fidel_score: 82.37169636900468, acc_loss: 0.0926232108225425, grad_loss: None
2022-05-01 01:11:42,637 DEBUG epoch: 274, train_acc: 96.7779146830241, val_acc: 81.63030116310425, fidel_score: 82.42547633212699, acc_loss: 0.0955538097769022, grad_loss: None
2022-05-01 01:11:45,792 DEBUG epoch: 275, train_acc: 97.1685396830241, val_acc: 81.54963121842077, fidel_score: 82.37937922087929, acc_loss: 0.09162208003302415, grad_loss: None
2022-05-01 01:11:48,944 DEBUG epoch: 276, train_acc: 96.24109077453613, val_acc: 81.6034111815431, fidel_score: 82.30255070213313, acc_loss: 0.11738971651842196, grad_loss: None
2022-05-01 01:11:52,145 DEBUG epoch: 277, train_acc: 97.60827827453613, val_acc: 81.66487399185077, fidel_score: 82.42931775337506, acc_loss: 0.07515971486767133, grad_loss: None
2022-05-01 01:11:55,332 DEBUG epoch: 278, train_acc: 96.82702827453613, val_acc: 81.57267977404463, fidel_score: 82.3832206468166, acc_loss: 0.10021776302407186, grad_loss: None
2022-05-01 01:11:58,481 DEBUG epoch: 279, train_acc: 97.05432192484538, val_acc: 81.59956975560578, fidel_score: 82.36401351713006, acc_loss: 0.10517725131163995, grad_loss: None
2022-05-01 01:12:01,627 DEBUG epoch: 280, train_acc: 97.00520833333333, val_acc: 81.62645973716694, fidel_score: 82.40242777650313, acc_loss: 0.09765529197951157, grad_loss: None
2022-05-01 01:12:04,771 DEBUG epoch: 281, train_acc: 97.10343551635742, val_acc: 81.33451136124229, fidel_score: 82.09127227089195, acc_loss: 0.08942488084236781, grad_loss: None
2022-05-01 01:12:07,889 DEBUG epoch: 282, train_acc: 96.64770634969075, val_acc: 81.66103256591347, fidel_score: 82.41395204962582, acc_loss: 0.09178141597658396, grad_loss: None
2022-05-01 01:12:11,068 DEBUG epoch: 283, train_acc: 97.39583333333333, val_acc: 81.73017823278501, fidel_score: 82.51767054993313, acc_loss: 0.08378294327606757, grad_loss: None
2022-05-01 01:12:14,226 DEBUG epoch: 284, train_acc: 96.82702827453613, val_acc: 81.71481253841426, fidel_score: 82.5061462814997, acc_loss: 0.09840577437231939, grad_loss: None
2022-05-01 01:12:17,376 DEBUG epoch: 285, train_acc: 97.81958134969075, val_acc: 81.60725260748039, fidel_score: 82.34480638744351, acc_loss: 0.07562235308190186, grad_loss: None
2022-05-01 01:12:20,516 DEBUG epoch: 286, train_acc: 97.34786160786946, val_acc: 81.49200982467192, fidel_score: 82.24492930838427, acc_loss: 0.09271333118279775, grad_loss: None
2022-05-01 01:12:23,663 DEBUG epoch: 287, train_acc: 96.90812301635742, val_acc: 81.6264597324777, fidel_score: 82.3563306605662, acc_loss: 0.09335301568110783, grad_loss: None
2022-05-01 01:12:26,824 DEBUG epoch: 288, train_acc: 97.88468551635742, val_acc: 81.45359557467732, fidel_score: 82.25645359557468, acc_loss: 0.06873329014827807, grad_loss: None
2022-05-01 01:12:29,987 DEBUG epoch: 289, train_acc: 96.68082936604817, val_acc: 81.39981560686577, fidel_score: 82.1873079240139, acc_loss: 0.08882840257138014, grad_loss: None
2022-05-01 01:12:33,153 DEBUG epoch: 290, train_acc: 96.5015074412028, val_acc: 81.6763982696627, fidel_score: 82.47157343868544, acc_loss: 0.11159021873027086, grad_loss: None
2022-05-01 01:12:36,289 DEBUG epoch: 291, train_acc: 97.44494692484538, val_acc: 81.41133987998845, fidel_score: 82.24492930838427, acc_loss: 0.08678350582097967, grad_loss: None
2022-05-01 01:12:39,449 DEBUG epoch: 292, train_acc: 97.20052083333333, val_acc: 81.54578979248348, fidel_score: 82.27566072057198, acc_loss: 0.09521299600601196, grad_loss: None
2022-05-01 01:12:42,616 DEBUG epoch: 293, train_acc: 97.31473859151204, val_acc: 81.31914565749307, fidel_score: 82.1181622524531, acc_loss: 0.09118452047308286, grad_loss: None
2022-05-01 01:12:45,764 DEBUG epoch: 294, train_acc: 97.3638521830241, val_acc: 81.53426551936079, fidel_score: 82.25261216963737, acc_loss: 0.08361307997256517, grad_loss: None
2022-05-01 01:12:48,945 DEBUG epoch: 295, train_acc: 96.11202494303386, val_acc: 81.33451136593153, fidel_score: 82.0951137015185, acc_loss: 0.12626611472417912, grad_loss: None
2022-05-01 01:12:52,096 DEBUG epoch: 296, train_acc: 96.85900942484538, val_acc: 81.40749845405115, fidel_score: 82.27181928994543, acc_loss: 0.09943556413054466, grad_loss: None
2022-05-01 01:12:55,253 DEBUG epoch: 297, train_acc: 97.23364384969075, val_acc: 81.48816840342386, fidel_score: 82.31791640588236, acc_loss: 0.09225534896055858, grad_loss: None
2022-05-01 01:12:58,427 DEBUG epoch: 298, train_acc: 97.99890327453613, val_acc: 81.61877688529232, fidel_score: 82.46773201743737, acc_loss: 0.07424210105091333, grad_loss: None
2022-05-01 01:13:01,577 DEBUG epoch: 299, train_acc: 97.80359077453613, val_acc: 81.3921327596804, fidel_score: 82.14505224339274, acc_loss: 0.08010506878296535, grad_loss: None
2022-05-01 01:13:04,745 DEBUG epoch: 300, train_acc: 96.32332801818848, val_acc: 81.49200982936117, fidel_score: 82.21419790557505, acc_loss: 0.13421307193736234, grad_loss: None
2022-05-01 01:13:04,745 DEBUG load best stealed model.
2022-05-01 01:13:04,745 DEBUG Best perform model, val_acc: 81.73017823278501, fidel_score: 82.51767054993313, acc_loss: 0.08378294327606757
2022-05-01 01:13:04,746 DEBUG load cloest stealed model.
2022-05-01 01:13:04,746 DEBUG Closest perform model, val_acc: 81.73017823278501, fidel_score: 82.51767054993313, acc_loss: 0.08378294327606757
