2022-04-21 14:07:31,898 DEBUG Namespace(arch='vgg11_bn', attack_client=0, attack_epochs=300, attack_style='Craft_option_step50', average_time=1, batch_size=128, bottleneck_option='None', cutlayer=4, data_proportion=0.0, dataset='cifar10', filename='ace_V2_epoch_vgg11_bn_cutlayer_4_client_1_seed125_dataset_cifar10_lr_0.05_200epoch', folder='saves/baseline', learning_rate=0.005, noniid_ratio=1.0, num_client=1, num_epochs='best', num_query=1000, random_seed=123, regularization='None', regularization_strength=0.0, scheme='V2_epoch', surrogate_arch='same', test_best=True, train_clas_layer=3.0)
2022-04-21 14:07:35,976 DEBUG Test (client-0):	Loss 0.6165 (0.3623)	Prec@1 81.250 (91.890)
2022-04-21 14:07:35,976 DEBUG  * Prec@1 91.890
2022-04-21 14:07:35,977 DEBUG 6
2022-04-21 14:07:35,977 DEBUG surrogate parameter has 6 trainable parameters!
2022-04-21 14:07:36,148 DEBUG Image 0 class 0 - Iter 50 Feature loss: 0.0003499372396618128 TVLoss: 1.3019793033599854 l2Loss: 0.6835546493530273
2022-04-21 14:07:36,309 DEBUG Image 1 class 0 - Iter 50 Feature loss: 0.00023314618738368154 TVLoss: 1.3189048767089844 l2Loss: 0.6932895183563232
2022-04-21 14:07:36,465 DEBUG Image 0 class 1 - Iter 50 Feature loss: 3.683499380713329e-05 TVLoss: 1.5586283206939697 l2Loss: 0.7649110555648804
2022-04-21 14:07:36,626 DEBUG Image 1 class 1 - Iter 50 Feature loss: 5.8412379075889476e-06 TVLoss: 1.383655309677124 l2Loss: 0.7545296549797058
2022-04-21 14:07:36,787 DEBUG Image 0 class 2 - Iter 50 Feature loss: 3.0397906812140718e-05 TVLoss: 1.3587005138397217 l2Loss: 0.6623281240463257
2022-04-21 14:07:36,952 DEBUG Image 1 class 2 - Iter 50 Feature loss: 0.00028081765049137175 TVLoss: 1.3551719188690186 l2Loss: 0.6622734069824219
2022-04-21 14:07:37,110 DEBUG Image 0 class 3 - Iter 50 Feature loss: 0.0004557524516712874 TVLoss: 1.3021072149276733 l2Loss: 0.6471225023269653
2022-04-21 14:07:37,271 DEBUG Image 1 class 3 - Iter 50 Feature loss: 0.0010453957365825772 TVLoss: 1.3744022846221924 l2Loss: 0.6579090356826782
2022-04-21 14:07:37,439 DEBUG Image 0 class 4 - Iter 50 Feature loss: 0.0007584794075228274 TVLoss: 1.319145679473877 l2Loss: 0.666406512260437
2022-04-21 14:07:37,602 DEBUG Image 1 class 4 - Iter 50 Feature loss: 0.0003332536434754729 TVLoss: 1.3609741926193237 l2Loss: 0.6716393232345581
2022-04-21 14:07:37,759 DEBUG Image 0 class 5 - Iter 50 Feature loss: 0.0005202132160775363 TVLoss: 1.2226122617721558 l2Loss: 0.6354711055755615
2022-04-21 14:07:37,922 DEBUG Image 1 class 5 - Iter 50 Feature loss: 0.0004351384413894266 TVLoss: 1.2258400917053223 l2Loss: 0.6372668147087097
2022-04-21 14:07:38,077 DEBUG Image 0 class 6 - Iter 50 Feature loss: 0.0003880701260641217 TVLoss: 1.2782924175262451 l2Loss: 0.6773280501365662
2022-04-21 14:07:38,239 DEBUG Image 1 class 6 - Iter 50 Feature loss: 1.1086402082582936e-05 TVLoss: 0.5390936136245728 l2Loss: 0.41886958479881287
2022-04-21 14:07:38,393 DEBUG Image 0 class 7 - Iter 50 Feature loss: 0.0007250064518302679 TVLoss: 1.2580444812774658 l2Loss: 0.6934095621109009
2022-04-21 14:07:38,559 DEBUG Image 1 class 7 - Iter 50 Feature loss: 0.0008920027757994831 TVLoss: 1.3885401487350464 l2Loss: 0.7094434499740601
2022-04-21 14:07:38,712 DEBUG Image 0 class 8 - Iter 50 Feature loss: 0.002096242504194379 TVLoss: 1.4425123929977417 l2Loss: 0.7276756763458252
2022-04-21 14:07:38,875 DEBUG Image 1 class 8 - Iter 50 Feature loss: 0.0026012177113443613 TVLoss: 1.5014102458953857 l2Loss: 0.7339963912963867
2022-04-21 14:07:39,036 DEBUG Image 0 class 9 - Iter 50 Feature loss: 0.00014149141497910023 TVLoss: 1.3619648218154907 l2Loss: 0.7082971334457397
2022-04-21 14:07:39,197 DEBUG Image 1 class 9 - Iter 50 Feature loss: 0.0001934579631779343 TVLoss: 1.3960230350494385 l2Loss: 0.7225338816642761
2022-04-21 14:07:40,408 DEBUG epoch: 0, val_acc: 5.23, val_fidelity: 4.91
2022-04-21 14:07:41,847 DEBUG epoch: 1, train_acc: 10.0, val_acc: 6.2, fidel_score: 5.91, acc_loss: 2.3431155681610107, grad_loss: None
2022-04-21 14:07:42,878 DEBUG epoch: 2, train_acc: 10.0, val_acc: 7.9, fidel_score: 7.66, acc_loss: 2.3281311988830566, grad_loss: None
2022-04-21 14:07:43,976 DEBUG epoch: 3, train_acc: 10.0, val_acc: 10.28, fidel_score: 10.19, acc_loss: 2.2999520301818848, grad_loss: None
2022-04-21 14:07:45,068 DEBUG epoch: 4, train_acc: 10.0, val_acc: 14.84, fidel_score: 14.89, acc_loss: 2.260328769683838, grad_loss: None
2022-04-21 14:07:46,041 DEBUG epoch: 5, train_acc: 20.0, val_acc: 24.31, fidel_score: 24.73, acc_loss: 2.2111806869506836, grad_loss: None
2022-04-21 14:07:47,051 DEBUG epoch: 6, train_acc: 40.0, val_acc: 37.79, fidel_score: 38.49, acc_loss: 2.1543140411376953, grad_loss: None
2022-04-21 14:07:48,436 DEBUG epoch: 7, train_acc: 50.0, val_acc: 45.55, fidel_score: 46.55, acc_loss: 2.091658115386963, grad_loss: None
2022-04-21 14:07:49,449 DEBUG epoch: 8, train_acc: 55.0, val_acc: 59.54, fidel_score: 61.09, acc_loss: 2.0243616104125977, grad_loss: None
2022-04-21 14:07:50,514 DEBUG epoch: 9, train_acc: 75.0, val_acc: 70.82, fidel_score: 72.96, acc_loss: 1.9538978338241577, grad_loss: None
2022-04-21 14:07:51,558 DEBUG epoch: 10, train_acc: 80.0, val_acc: 74.87, fidel_score: 77.57, acc_loss: 1.8812248706817627, grad_loss: None
2022-04-21 14:07:52,990 DEBUG epoch: 11, train_acc: 95.0, val_acc: 84.21, fidel_score: 87.85, acc_loss: 1.8072710037231445, grad_loss: None
2022-04-21 14:07:54,394 DEBUG epoch: 12, train_acc: 100.0, val_acc: 89.86, fidel_score: 94.17, acc_loss: 1.7328287363052368, grad_loss: None
2022-04-21 14:07:55,837 DEBUG epoch: 13, train_acc: 100.0, val_acc: 91.1, fidel_score: 95.97, acc_loss: 1.6587079763412476, grad_loss: None
2022-04-21 14:07:57,243 DEBUG epoch: 14, train_acc: 100.0, val_acc: 91.43, fidel_score: 96.83, acc_loss: 1.5860214233398438, grad_loss: None
2022-04-21 14:07:58,662 DEBUG epoch: 15, train_acc: 100.0, val_acc: 91.53, fidel_score: 97.24, acc_loss: 1.513659119606018, grad_loss: None
2022-04-21 14:08:00,093 DEBUG epoch: 16, train_acc: 100.0, val_acc: 91.66, fidel_score: 97.49, acc_loss: 1.4420454502105713, grad_loss: None
2022-04-21 14:08:01,504 DEBUG epoch: 17, train_acc: 100.0, val_acc: 91.7, fidel_score: 97.73, acc_loss: 1.3710789680480957, grad_loss: None
2022-04-21 14:08:02,559 DEBUG epoch: 18, train_acc: 100.0, val_acc: 91.66, fidel_score: 97.88, acc_loss: 1.3011034727096558, grad_loss: None
2022-04-21 14:08:03,623 DEBUG epoch: 19, train_acc: 100.0, val_acc: 91.63, fidel_score: 98.04, acc_loss: 1.2322887182235718, grad_loss: None
2022-04-21 14:08:04,766 DEBUG epoch: 20, train_acc: 100.0, val_acc: 91.62, fidel_score: 98.17, acc_loss: 1.1650511026382446, grad_loss: None
2022-04-21 14:08:05,780 DEBUG epoch: 21, train_acc: 100.0, val_acc: 91.57, fidel_score: 98.31, acc_loss: 1.0993069410324097, grad_loss: None
2022-04-21 14:08:06,889 DEBUG epoch: 22, train_acc: 100.0, val_acc: 91.55, fidel_score: 98.31, acc_loss: 1.034881830215454, grad_loss: None
2022-04-21 14:08:08,310 DEBUG epoch: 23, train_acc: 100.0, val_acc: 91.57, fidel_score: 98.36, acc_loss: 0.9720336198806763, grad_loss: None
2022-04-21 14:08:09,339 DEBUG epoch: 24, train_acc: 100.0, val_acc: 91.54, fidel_score: 98.42, acc_loss: 0.9109938740730286, grad_loss: None
2022-04-21 14:08:10,397 DEBUG epoch: 25, train_acc: 100.0, val_acc: 91.54, fidel_score: 98.44, acc_loss: 0.8518902659416199, grad_loss: None
2022-04-21 14:08:11,450 DEBUG epoch: 26, train_acc: 100.0, val_acc: 91.56, fidel_score: 98.49, acc_loss: 0.7946152687072754, grad_loss: None
2022-04-21 14:08:12,844 DEBUG epoch: 27, train_acc: 100.0, val_acc: 91.58, fidel_score: 98.54, acc_loss: 0.7395234107971191, grad_loss: None
2022-04-21 14:08:14,265 DEBUG epoch: 28, train_acc: 100.0, val_acc: 91.54, fidel_score: 98.53, acc_loss: 0.686822772026062, grad_loss: None
2022-04-21 14:08:15,705 DEBUG epoch: 29, train_acc: 100.0, val_acc: 91.53, fidel_score: 98.6, acc_loss: 0.63642418384552, grad_loss: None
2022-04-21 14:08:17,125 DEBUG epoch: 30, train_acc: 100.0, val_acc: 91.57, fidel_score: 98.65, acc_loss: 0.5886598825454712, grad_loss: None
2022-04-21 14:08:18,553 DEBUG epoch: 31, train_acc: 100.0, val_acc: 91.53, fidel_score: 98.62, acc_loss: 0.5435739755630493, grad_loss: None
2022-04-21 14:08:19,989 DEBUG epoch: 32, train_acc: 100.0, val_acc: 91.57, fidel_score: 98.61, acc_loss: 0.501236617565155, grad_loss: None
2022-04-21 14:08:21,190 DEBUG epoch: 33, train_acc: 100.0, val_acc: 91.55, fidel_score: 98.55, acc_loss: 0.4616134762763977, grad_loss: None
2022-04-21 14:08:22,300 DEBUG epoch: 34, train_acc: 100.0, val_acc: 91.5, fidel_score: 98.53, acc_loss: 0.4246704578399658, grad_loss: None
2022-04-21 14:08:23,412 DEBUG epoch: 35, train_acc: 100.0, val_acc: 91.52, fidel_score: 98.51, acc_loss: 0.39042454957962036, grad_loss: None
2022-04-21 14:08:24,448 DEBUG epoch: 36, train_acc: 100.0, val_acc: 91.53, fidel_score: 98.49, acc_loss: 0.3588281273841858, grad_loss: None
2022-04-21 14:08:25,463 DEBUG epoch: 37, train_acc: 100.0, val_acc: 91.53, fidel_score: 98.47, acc_loss: 0.32977232336997986, grad_loss: None
2022-04-21 14:08:26,672 DEBUG epoch: 38, train_acc: 100.0, val_acc: 91.51, fidel_score: 98.41, acc_loss: 0.30317676067352295, grad_loss: None
2022-04-21 14:08:27,859 DEBUG epoch: 39, train_acc: 100.0, val_acc: 91.5, fidel_score: 98.38, acc_loss: 0.2788812816143036, grad_loss: None
2022-04-21 14:08:28,940 DEBUG epoch: 40, train_acc: 100.0, val_acc: 91.49, fidel_score: 98.35, acc_loss: 0.25674089789390564, grad_loss: None
2022-04-21 14:08:30,070 DEBUG epoch: 41, train_acc: 100.0, val_acc: 91.48, fidel_score: 98.31, acc_loss: 0.236589714884758, grad_loss: None
2022-04-21 14:08:31,350 DEBUG epoch: 42, train_acc: 100.0, val_acc: 91.48, fidel_score: 98.28, acc_loss: 0.21829751133918762, grad_loss: None
2022-04-21 14:08:32,787 DEBUG epoch: 43, train_acc: 100.0, val_acc: 91.43, fidel_score: 98.25, acc_loss: 0.20174629986286163, grad_loss: None
2022-04-21 14:08:34,217 DEBUG epoch: 44, train_acc: 100.0, val_acc: 91.43, fidel_score: 98.21, acc_loss: 0.18675972521305084, grad_loss: None
2022-04-21 14:08:35,619 DEBUG epoch: 45, train_acc: 100.0, val_acc: 91.44, fidel_score: 98.19, acc_loss: 0.17316462099552155, grad_loss: None
2022-04-21 14:08:37,058 DEBUG epoch: 46, train_acc: 100.0, val_acc: 91.45, fidel_score: 98.2, acc_loss: 0.16087132692337036, grad_loss: None
2022-04-21 14:08:38,496 DEBUG epoch: 47, train_acc: 100.0, val_acc: 91.43, fidel_score: 98.18, acc_loss: 0.1497500091791153, grad_loss: None
2022-04-21 14:08:39,954 DEBUG epoch: 48, train_acc: 100.0, val_acc: 91.45, fidel_score: 98.19, acc_loss: 0.13968661427497864, grad_loss: None
2022-04-21 14:08:40,999 DEBUG epoch: 49, train_acc: 100.0, val_acc: 91.44, fidel_score: 98.18, acc_loss: 0.13057534396648407, grad_loss: None
2022-04-21 14:08:42,109 DEBUG epoch: 50, train_acc: 100.0, val_acc: 91.41, fidel_score: 98.13, acc_loss: 0.12230326235294342, grad_loss: None
2022-04-21 14:08:43,254 DEBUG epoch: 51, train_acc: 100.0, val_acc: 91.39, fidel_score: 98.12, acc_loss: 0.11479723453521729, grad_loss: None
2022-04-21 14:08:44,266 DEBUG epoch: 52, train_acc: 100.0, val_acc: 91.38, fidel_score: 98.1, acc_loss: 0.10797426849603653, grad_loss: None
2022-04-21 14:08:45,290 DEBUG epoch: 53, train_acc: 100.0, val_acc: 91.4, fidel_score: 98.1, acc_loss: 0.10176505148410797, grad_loss: None
2022-04-21 14:08:46,695 DEBUG epoch: 54, train_acc: 100.0, val_acc: 91.4, fidel_score: 98.1, acc_loss: 0.09610328078269958, grad_loss: None
2022-04-21 14:08:47,724 DEBUG epoch: 55, train_acc: 100.0, val_acc: 91.39, fidel_score: 98.07, acc_loss: 0.09095919877290726, grad_loss: None
2022-04-21 14:08:48,784 DEBUG epoch: 56, train_acc: 100.0, val_acc: 91.39, fidel_score: 98.05, acc_loss: 0.08622685819864273, grad_loss: None
2022-04-21 14:08:49,894 DEBUG epoch: 57, train_acc: 100.0, val_acc: 91.39, fidel_score: 98.06, acc_loss: 0.08190960437059402, grad_loss: None
2022-04-21 14:08:51,313 DEBUG epoch: 58, train_acc: 100.0, val_acc: 91.39, fidel_score: 98.04, acc_loss: 0.0779578760266304, grad_loss: None
2022-04-21 14:08:52,719 DEBUG epoch: 59, train_acc: 100.0, val_acc: 91.41, fidel_score: 98.04, acc_loss: 0.07431971281766891, grad_loss: None
2022-04-21 14:08:54,135 DEBUG epoch: 60, train_acc: 100.0, val_acc: 91.41, fidel_score: 98.05, acc_loss: 0.07098144292831421, grad_loss: None
2022-04-21 14:08:55,532 DEBUG epoch: 61, train_acc: 100.0, val_acc: 91.41, fidel_score: 98.05, acc_loss: 0.07036431133747101, grad_loss: None
2022-04-21 14:08:56,926 DEBUG epoch: 62, train_acc: 100.0, val_acc: 91.41, fidel_score: 98.05, acc_loss: 0.06975945085287094, grad_loss: None
2022-04-21 14:08:58,344 DEBUG epoch: 63, train_acc: 100.0, val_acc: 91.41, fidel_score: 98.05, acc_loss: 0.06918460875749588, grad_loss: None
2022-04-21 14:08:59,745 DEBUG epoch: 64, train_acc: 100.0, val_acc: 91.41, fidel_score: 98.05, acc_loss: 0.06863898783922195, grad_loss: None
2022-04-21 14:09:00,812 DEBUG epoch: 65, train_acc: 100.0, val_acc: 91.41, fidel_score: 98.05, acc_loss: 0.06811078637838364, grad_loss: None
2022-04-21 14:09:01,880 DEBUG epoch: 66, train_acc: 100.0, val_acc: 91.41, fidel_score: 98.05, acc_loss: 0.06760666519403458, grad_loss: None
2022-04-21 14:09:03,015 DEBUG epoch: 67, train_acc: 100.0, val_acc: 91.41, fidel_score: 98.05, acc_loss: 0.06711451709270477, grad_loss: None
2022-04-21 14:09:04,024 DEBUG epoch: 68, train_acc: 100.0, val_acc: 91.41, fidel_score: 98.05, acc_loss: 0.06664805114269257, grad_loss: None
2022-04-21 14:09:05,151 DEBUG epoch: 69, train_acc: 100.0, val_acc: 91.41, fidel_score: 98.05, acc_loss: 0.06618549674749374, grad_loss: None
2022-04-21 14:09:06,543 DEBUG epoch: 70, train_acc: 100.0, val_acc: 91.41, fidel_score: 98.05, acc_loss: 0.06574668735265732, grad_loss: None
2022-04-21 14:09:07,570 DEBUG epoch: 71, train_acc: 100.0, val_acc: 91.41, fidel_score: 98.05, acc_loss: 0.06531240046024323, grad_loss: None
2022-04-21 14:09:08,632 DEBUG epoch: 72, train_acc: 100.0, val_acc: 91.41, fidel_score: 98.05, acc_loss: 0.06490205228328705, grad_loss: None
2022-04-21 14:09:09,681 DEBUG epoch: 73, train_acc: 100.0, val_acc: 91.41, fidel_score: 98.05, acc_loss: 0.06448710709810257, grad_loss: None
2022-04-21 14:09:11,077 DEBUG epoch: 74, train_acc: 100.0, val_acc: 91.41, fidel_score: 98.05, acc_loss: 0.06408912688493729, grad_loss: None
2022-04-21 14:09:12,496 DEBUG epoch: 75, train_acc: 100.0, val_acc: 91.42, fidel_score: 98.06, acc_loss: 0.06370006501674652, grad_loss: None
2022-04-21 14:09:13,925 DEBUG epoch: 76, train_acc: 100.0, val_acc: 91.43, fidel_score: 98.07, acc_loss: 0.06332308799028397, grad_loss: None
2022-04-21 14:09:15,344 DEBUG epoch: 77, train_acc: 100.0, val_acc: 91.44, fidel_score: 98.06, acc_loss: 0.06295011937618256, grad_loss: None
2022-04-21 14:09:16,771 DEBUG epoch: 78, train_acc: 100.0, val_acc: 91.44, fidel_score: 98.06, acc_loss: 0.06258413940668106, grad_loss: None
2022-04-21 14:09:18,207 DEBUG epoch: 79, train_acc: 100.0, val_acc: 91.44, fidel_score: 98.06, acc_loss: 0.06222669035196304, grad_loss: None
2022-04-21 14:09:19,473 DEBUG epoch: 80, train_acc: 100.0, val_acc: 91.44, fidel_score: 98.06, acc_loss: 0.06188368797302246, grad_loss: None
2022-04-21 14:09:20,616 DEBUG epoch: 81, train_acc: 100.0, val_acc: 91.44, fidel_score: 98.06, acc_loss: 0.06153715401887894, grad_loss: None
2022-04-21 14:09:21,707 DEBUG epoch: 82, train_acc: 100.0, val_acc: 91.44, fidel_score: 98.06, acc_loss: 0.061195749789476395, grad_loss: None
2022-04-21 14:09:22,747 DEBUG epoch: 83, train_acc: 100.0, val_acc: 91.44, fidel_score: 98.06, acc_loss: 0.06087055802345276, grad_loss: None
2022-04-21 14:09:23,757 DEBUG epoch: 84, train_acc: 100.0, val_acc: 91.44, fidel_score: 98.05, acc_loss: 0.060545094311237335, grad_loss: None
2022-04-21 14:09:24,864 DEBUG epoch: 85, train_acc: 100.0, val_acc: 91.44, fidel_score: 98.06, acc_loss: 0.060215163975954056, grad_loss: None
2022-04-21 14:09:26,190 DEBUG epoch: 86, train_acc: 100.0, val_acc: 91.44, fidel_score: 98.05, acc_loss: 0.05990365147590637, grad_loss: None
2022-04-21 14:09:27,224 DEBUG epoch: 87, train_acc: 100.0, val_acc: 91.44, fidel_score: 98.05, acc_loss: 0.05958642438054085, grad_loss: None
2022-04-21 14:09:28,288 DEBUG epoch: 88, train_acc: 100.0, val_acc: 91.44, fidel_score: 98.05, acc_loss: 0.059281427413225174, grad_loss: None
2022-04-21 14:09:29,350 DEBUG epoch: 89, train_acc: 100.0, val_acc: 91.44, fidel_score: 98.05, acc_loss: 0.058973729610443115, grad_loss: None
2022-04-21 14:09:30,772 DEBUG epoch: 90, train_acc: 100.0, val_acc: 91.44, fidel_score: 98.05, acc_loss: 0.05867229029536247, grad_loss: None
2022-04-21 14:09:32,192 DEBUG epoch: 91, train_acc: 100.0, val_acc: 91.44, fidel_score: 98.05, acc_loss: 0.05837942287325859, grad_loss: None
2022-04-21 14:09:33,642 DEBUG epoch: 92, train_acc: 100.0, val_acc: 91.44, fidel_score: 98.06, acc_loss: 0.058085180819034576, grad_loss: None
2022-04-21 14:09:35,044 DEBUG epoch: 93, train_acc: 100.0, val_acc: 91.44, fidel_score: 98.06, acc_loss: 0.05779429152607918, grad_loss: None
2022-04-21 14:09:36,447 DEBUG epoch: 94, train_acc: 100.0, val_acc: 91.44, fidel_score: 98.06, acc_loss: 0.057510845363140106, grad_loss: None
2022-04-21 14:09:37,875 DEBUG epoch: 95, train_acc: 100.0, val_acc: 91.44, fidel_score: 98.06, acc_loss: 0.05722806975245476, grad_loss: None
2022-04-21 14:09:39,104 DEBUG epoch: 96, train_acc: 100.0, val_acc: 91.44, fidel_score: 98.06, acc_loss: 0.05694473534822464, grad_loss: None
2022-04-21 14:09:40,173 DEBUG epoch: 97, train_acc: 100.0, val_acc: 91.44, fidel_score: 98.06, acc_loss: 0.05666755884885788, grad_loss: None
2022-04-21 14:09:41,283 DEBUG epoch: 98, train_acc: 100.0, val_acc: 91.43, fidel_score: 98.05, acc_loss: 0.05639048293232918, grad_loss: None
2022-04-21 14:09:42,314 DEBUG epoch: 99, train_acc: 100.0, val_acc: 91.43, fidel_score: 98.05, acc_loss: 0.05611792951822281, grad_loss: None
2022-04-21 14:09:43,347 DEBUG epoch: 100, train_acc: 100.0, val_acc: 91.43, fidel_score: 98.05, acc_loss: 0.05585024878382683, grad_loss: None
2022-04-21 14:09:44,436 DEBUG epoch: 101, train_acc: 100.0, val_acc: 91.43, fidel_score: 98.05, acc_loss: 0.05558919906616211, grad_loss: None
2022-04-21 14:09:45,709 DEBUG epoch: 102, train_acc: 100.0, val_acc: 91.43, fidel_score: 98.05, acc_loss: 0.05531775951385498, grad_loss: None
2022-04-21 14:09:46,764 DEBUG epoch: 103, train_acc: 100.0, val_acc: 91.43, fidel_score: 98.05, acc_loss: 0.05505678802728653, grad_loss: None
2022-04-21 14:09:47,812 DEBUG epoch: 104, train_acc: 100.0, val_acc: 91.43, fidel_score: 98.05, acc_loss: 0.05480422452092171, grad_loss: None
2022-04-21 14:09:48,858 DEBUG epoch: 105, train_acc: 100.0, val_acc: 91.43, fidel_score: 98.05, acc_loss: 0.05454479530453682, grad_loss: None
2022-04-21 14:09:50,286 DEBUG epoch: 106, train_acc: 100.0, val_acc: 91.43, fidel_score: 98.05, acc_loss: 0.05429269000887871, grad_loss: None
2022-04-21 14:09:51,704 DEBUG epoch: 107, train_acc: 100.0, val_acc: 91.43, fidel_score: 98.05, acc_loss: 0.054031431674957275, grad_loss: None
2022-04-21 14:09:53,112 DEBUG epoch: 108, train_acc: 100.0, val_acc: 91.43, fidel_score: 98.05, acc_loss: 0.05378450080752373, grad_loss: None
2022-04-21 14:09:54,553 DEBUG epoch: 109, train_acc: 100.0, val_acc: 91.43, fidel_score: 98.05, acc_loss: 0.05354372411966324, grad_loss: None
2022-04-21 14:09:56,001 DEBUG epoch: 110, train_acc: 100.0, val_acc: 91.44, fidel_score: 98.04, acc_loss: 0.05329098552465439, grad_loss: None
2022-04-21 14:09:57,435 DEBUG epoch: 111, train_acc: 100.0, val_acc: 91.44, fidel_score: 98.04, acc_loss: 0.05305405333638191, grad_loss: None
2022-04-21 14:09:58,651 DEBUG epoch: 112, train_acc: 100.0, val_acc: 91.44, fidel_score: 98.04, acc_loss: 0.05280861258506775, grad_loss: None
2022-04-21 14:09:59,741 DEBUG epoch: 113, train_acc: 100.0, val_acc: 91.44, fidel_score: 98.04, acc_loss: 0.05257294327020645, grad_loss: None
2022-04-21 14:10:00,850 DEBUG epoch: 114, train_acc: 100.0, val_acc: 91.44, fidel_score: 98.04, acc_loss: 0.0523306205868721, grad_loss: None
2022-04-21 14:10:01,906 DEBUG epoch: 115, train_acc: 100.0, val_acc: 91.44, fidel_score: 98.04, acc_loss: 0.05210075527429581, grad_loss: None
2022-04-21 14:10:02,927 DEBUG epoch: 116, train_acc: 100.0, val_acc: 91.44, fidel_score: 98.04, acc_loss: 0.05186697840690613, grad_loss: None
2022-04-21 14:10:04,082 DEBUG epoch: 117, train_acc: 100.0, val_acc: 91.45, fidel_score: 98.05, acc_loss: 0.051634132862091064, grad_loss: None
2022-04-21 14:10:05,383 DEBUG epoch: 118, train_acc: 100.0, val_acc: 91.45, fidel_score: 98.05, acc_loss: 0.0514097735285759, grad_loss: None
2022-04-21 14:10:06,434 DEBUG epoch: 119, train_acc: 100.0, val_acc: 91.45, fidel_score: 98.05, acc_loss: 0.05118197202682495, grad_loss: None
2022-04-21 14:10:07,528 DEBUG epoch: 120, train_acc: 100.0, val_acc: 91.45, fidel_score: 98.05, acc_loss: 0.050959207117557526, grad_loss: None
2022-04-21 14:10:08,583 DEBUG epoch: 121, train_acc: 100.0, val_acc: 91.45, fidel_score: 98.05, acc_loss: 0.05073297768831253, grad_loss: None
2022-04-21 14:10:10,004 DEBUG epoch: 122, train_acc: 100.0, val_acc: 91.45, fidel_score: 98.05, acc_loss: 0.050507836043834686, grad_loss: None
2022-04-21 14:10:11,435 DEBUG epoch: 123, train_acc: 100.0, val_acc: 91.45, fidel_score: 98.05, acc_loss: 0.050291020423173904, grad_loss: None
2022-04-21 14:10:12,864 DEBUG epoch: 124, train_acc: 100.0, val_acc: 91.45, fidel_score: 98.05, acc_loss: 0.05006701499223709, grad_loss: None
2022-04-21 14:10:14,285 DEBUG epoch: 125, train_acc: 100.0, val_acc: 91.45, fidel_score: 98.05, acc_loss: 0.04985678568482399, grad_loss: None
2022-04-21 14:10:15,694 DEBUG epoch: 126, train_acc: 100.0, val_acc: 91.45, fidel_score: 98.05, acc_loss: 0.049638427793979645, grad_loss: None
2022-04-21 14:10:17,137 DEBUG epoch: 127, train_acc: 100.0, val_acc: 91.45, fidel_score: 98.05, acc_loss: 0.049426428973674774, grad_loss: None
2022-04-21 14:10:18,332 DEBUG epoch: 128, train_acc: 100.0, val_acc: 91.45, fidel_score: 98.05, acc_loss: 0.049216482788324356, grad_loss: None
2022-04-21 14:10:19,420 DEBUG epoch: 129, train_acc: 100.0, val_acc: 91.45, fidel_score: 98.05, acc_loss: 0.04900665953755379, grad_loss: None
2022-04-21 14:10:20,510 DEBUG epoch: 130, train_acc: 100.0, val_acc: 91.45, fidel_score: 98.05, acc_loss: 0.048793427646160126, grad_loss: None
2022-04-21 14:10:21,542 DEBUG epoch: 131, train_acc: 100.0, val_acc: 91.45, fidel_score: 98.05, acc_loss: 0.04859073460102081, grad_loss: None
2022-04-21 14:10:22,576 DEBUG epoch: 132, train_acc: 100.0, val_acc: 91.45, fidel_score: 98.05, acc_loss: 0.04838443547487259, grad_loss: None
2022-04-21 14:10:23,771 DEBUG epoch: 133, train_acc: 100.0, val_acc: 91.45, fidel_score: 98.05, acc_loss: 0.04818332940340042, grad_loss: None
2022-04-21 14:10:25,007 DEBUG epoch: 134, train_acc: 100.0, val_acc: 91.45, fidel_score: 98.05, acc_loss: 0.047977566719055176, grad_loss: None
2022-04-21 14:10:26,047 DEBUG epoch: 135, train_acc: 100.0, val_acc: 91.45, fidel_score: 98.05, acc_loss: 0.04777998477220535, grad_loss: None
2022-04-21 14:10:27,128 DEBUG epoch: 136, train_acc: 100.0, val_acc: 91.45, fidel_score: 98.05, acc_loss: 0.0475783497095108, grad_loss: None
2022-04-21 14:10:28,286 DEBUG epoch: 137, train_acc: 100.0, val_acc: 91.45, fidel_score: 98.05, acc_loss: 0.047382477670907974, grad_loss: None
2022-04-21 14:10:29,710 DEBUG epoch: 138, train_acc: 100.0, val_acc: 91.45, fidel_score: 98.05, acc_loss: 0.04718350991606712, grad_loss: None
2022-04-21 14:10:31,148 DEBUG epoch: 139, train_acc: 100.0, val_acc: 91.45, fidel_score: 98.05, acc_loss: 0.046998705714941025, grad_loss: None
2022-04-21 14:10:32,545 DEBUG epoch: 140, train_acc: 100.0, val_acc: 91.45, fidel_score: 98.05, acc_loss: 0.046801961958408356, grad_loss: None
2022-04-21 14:10:34,002 DEBUG epoch: 141, train_acc: 100.0, val_acc: 91.45, fidel_score: 98.05, acc_loss: 0.04660943150520325, grad_loss: None
2022-04-21 14:10:35,440 DEBUG epoch: 142, train_acc: 100.0, val_acc: 91.45, fidel_score: 98.05, acc_loss: 0.046417735517024994, grad_loss: None
2022-04-21 14:10:36,833 DEBUG epoch: 143, train_acc: 100.0, val_acc: 91.45, fidel_score: 98.05, acc_loss: 0.04623141512274742, grad_loss: None
2022-04-21 14:10:37,999 DEBUG epoch: 144, train_acc: 100.0, val_acc: 91.45, fidel_score: 98.05, acc_loss: 0.04603613540530205, grad_loss: None
2022-04-21 14:10:39,047 DEBUG epoch: 145, train_acc: 100.0, val_acc: 91.45, fidel_score: 98.05, acc_loss: 0.04585503041744232, grad_loss: None
2022-04-21 14:10:40,155 DEBUG epoch: 146, train_acc: 100.0, val_acc: 91.45, fidel_score: 98.05, acc_loss: 0.04567110911011696, grad_loss: None
2022-04-21 14:10:41,197 DEBUG epoch: 147, train_acc: 100.0, val_acc: 91.45, fidel_score: 98.05, acc_loss: 0.045485951006412506, grad_loss: None
2022-04-21 14:10:42,254 DEBUG epoch: 148, train_acc: 100.0, val_acc: 91.44, fidel_score: 98.06, acc_loss: 0.04530704393982887, grad_loss: None
2022-04-21 14:10:43,405 DEBUG epoch: 149, train_acc: 100.0, val_acc: 91.45, fidel_score: 98.05, acc_loss: 0.045120444148778915, grad_loss: None
2022-04-21 14:10:44,670 DEBUG epoch: 150, train_acc: 100.0, val_acc: 91.45, fidel_score: 98.05, acc_loss: 0.04494773596525192, grad_loss: None
2022-04-21 14:10:45,713 DEBUG epoch: 151, train_acc: 100.0, val_acc: 91.45, fidel_score: 98.05, acc_loss: 0.04491344466805458, grad_loss: None
2022-04-21 14:10:46,780 DEBUG epoch: 152, train_acc: 100.0, val_acc: 91.45, fidel_score: 98.05, acc_loss: 0.044878192245960236, grad_loss: None
2022-04-21 14:10:47,850 DEBUG epoch: 153, train_acc: 100.0, val_acc: 91.44, fidel_score: 98.06, acc_loss: 0.044843800365924835, grad_loss: None
2022-04-21 14:10:49,258 DEBUG epoch: 154, train_acc: 100.0, val_acc: 91.44, fidel_score: 98.06, acc_loss: 0.04480637609958649, grad_loss: None
2022-04-21 14:10:50,689 DEBUG epoch: 155, train_acc: 100.0, val_acc: 91.45, fidel_score: 98.05, acc_loss: 0.04477278143167496, grad_loss: None
2022-04-21 14:10:52,094 DEBUG epoch: 156, train_acc: 100.0, val_acc: 91.45, fidel_score: 98.05, acc_loss: 0.04473719745874405, grad_loss: None
2022-04-21 14:10:53,536 DEBUG epoch: 157, train_acc: 100.0, val_acc: 91.44, fidel_score: 98.06, acc_loss: 0.0447004958987236, grad_loss: None
2022-04-21 14:10:54,968 DEBUG epoch: 158, train_acc: 100.0, val_acc: 91.44, fidel_score: 98.06, acc_loss: 0.04466795176267624, grad_loss: None
2022-04-21 14:10:56,413 DEBUG epoch: 159, train_acc: 100.0, val_acc: 91.44, fidel_score: 98.06, acc_loss: 0.04463226720690727, grad_loss: None
2022-04-21 14:10:57,623 DEBUG epoch: 160, train_acc: 100.0, val_acc: 91.44, fidel_score: 98.06, acc_loss: 0.044598694890737534, grad_loss: None
2022-04-21 14:10:58,739 DEBUG epoch: 161, train_acc: 100.0, val_acc: 91.44, fidel_score: 98.06, acc_loss: 0.044564563781023026, grad_loss: None
2022-04-21 14:10:59,824 DEBUG epoch: 162, train_acc: 100.0, val_acc: 91.45, fidel_score: 98.05, acc_loss: 0.04452803358435631, grad_loss: None
2022-04-21 14:11:00,876 DEBUG epoch: 163, train_acc: 100.0, val_acc: 91.44, fidel_score: 98.06, acc_loss: 0.0444941446185112, grad_loss: None
2022-04-21 14:11:01,902 DEBUG epoch: 164, train_acc: 100.0, val_acc: 91.44, fidel_score: 98.06, acc_loss: 0.04445631057024002, grad_loss: None
2022-04-21 14:11:03,048 DEBUG epoch: 165, train_acc: 100.0, val_acc: 91.44, fidel_score: 98.06, acc_loss: 0.044421616941690445, grad_loss: None
2022-04-21 14:11:04,304 DEBUG epoch: 166, train_acc: 100.0, val_acc: 91.44, fidel_score: 98.06, acc_loss: 0.04438719525933266, grad_loss: None
2022-04-21 14:11:05,345 DEBUG epoch: 167, train_acc: 100.0, val_acc: 91.44, fidel_score: 98.06, acc_loss: 0.04435848072171211, grad_loss: None
2022-04-21 14:11:06,425 DEBUG epoch: 168, train_acc: 100.0, val_acc: 91.44, fidel_score: 98.06, acc_loss: 0.04432234168052673, grad_loss: None
2022-04-21 14:11:07,569 DEBUG epoch: 169, train_acc: 100.0, val_acc: 91.44, fidel_score: 98.06, acc_loss: 0.04428713396191597, grad_loss: None
2022-04-21 14:11:09,019 DEBUG epoch: 170, train_acc: 100.0, val_acc: 91.44, fidel_score: 98.06, acc_loss: 0.04425787180662155, grad_loss: None
2022-04-21 14:11:10,441 DEBUG epoch: 171, train_acc: 100.0, val_acc: 91.44, fidel_score: 98.06, acc_loss: 0.044223032891750336, grad_loss: None
2022-04-21 14:11:11,838 DEBUG epoch: 172, train_acc: 100.0, val_acc: 91.44, fidel_score: 98.06, acc_loss: 0.04419316351413727, grad_loss: None
2022-04-21 14:11:13,260 DEBUG epoch: 173, train_acc: 100.0, val_acc: 91.44, fidel_score: 98.06, acc_loss: 0.044155240058898926, grad_loss: None
2022-04-21 14:11:14,669 DEBUG epoch: 174, train_acc: 100.0, val_acc: 91.44, fidel_score: 98.06, acc_loss: 0.044118352234363556, grad_loss: None
2022-04-21 14:11:16,113 DEBUG epoch: 175, train_acc: 100.0, val_acc: 91.44, fidel_score: 98.06, acc_loss: 0.04408396780490875, grad_loss: None
2022-04-21 14:11:17,221 DEBUG epoch: 176, train_acc: 100.0, val_acc: 91.44, fidel_score: 98.06, acc_loss: 0.04405033588409424, grad_loss: None
2022-04-21 14:11:18,326 DEBUG epoch: 177, train_acc: 100.0, val_acc: 91.44, fidel_score: 98.06, acc_loss: 0.04401673004031181, grad_loss: None
2022-04-21 14:11:19,395 DEBUG epoch: 178, train_acc: 100.0, val_acc: 91.44, fidel_score: 98.06, acc_loss: 0.04398254305124283, grad_loss: None
2022-04-21 14:11:20,453 DEBUG epoch: 179, train_acc: 100.0, val_acc: 91.44, fidel_score: 98.06, acc_loss: 0.0439455546438694, grad_loss: None
2022-04-21 14:11:21,486 DEBUG epoch: 180, train_acc: 100.0, val_acc: 91.44, fidel_score: 98.06, acc_loss: 0.043915871530771255, grad_loss: None
2022-04-21 14:11:22,649 DEBUG epoch: 181, train_acc: 100.0, val_acc: 91.44, fidel_score: 98.06, acc_loss: 0.04388080909848213, grad_loss: None
2022-04-21 14:11:23,836 DEBUG epoch: 182, train_acc: 100.0, val_acc: 91.44, fidel_score: 98.06, acc_loss: 0.043849918991327286, grad_loss: None
2022-04-21 14:11:24,881 DEBUG epoch: 183, train_acc: 100.0, val_acc: 91.44, fidel_score: 98.06, acc_loss: 0.0438215546309948, grad_loss: None
2022-04-21 14:11:25,972 DEBUG epoch: 184, train_acc: 100.0, val_acc: 91.44, fidel_score: 98.06, acc_loss: 0.04378608986735344, grad_loss: None
2022-04-21 14:11:27,216 DEBUG epoch: 185, train_acc: 100.0, val_acc: 91.44, fidel_score: 98.06, acc_loss: 0.04374939948320389, grad_loss: None
2022-04-21 14:11:28,642 DEBUG epoch: 186, train_acc: 100.0, val_acc: 91.44, fidel_score: 98.06, acc_loss: 0.043719980865716934, grad_loss: None
2022-04-21 14:11:30,056 DEBUG epoch: 187, train_acc: 100.0, val_acc: 91.44, fidel_score: 98.06, acc_loss: 0.04368984326720238, grad_loss: None
2022-04-21 14:11:31,487 DEBUG epoch: 188, train_acc: 100.0, val_acc: 91.44, fidel_score: 98.06, acc_loss: 0.043653957545757294, grad_loss: None
2022-04-21 14:11:32,911 DEBUG epoch: 189, train_acc: 100.0, val_acc: 91.44, fidel_score: 98.06, acc_loss: 0.04362248256802559, grad_loss: None
2022-04-21 14:11:34,334 DEBUG epoch: 190, train_acc: 100.0, val_acc: 91.44, fidel_score: 98.06, acc_loss: 0.04359012097120285, grad_loss: None
2022-04-21 14:11:35,759 DEBUG epoch: 191, train_acc: 100.0, val_acc: 91.44, fidel_score: 98.06, acc_loss: 0.0435517393052578, grad_loss: None
2022-04-21 14:11:36,824 DEBUG epoch: 192, train_acc: 100.0, val_acc: 91.44, fidel_score: 98.06, acc_loss: 0.04352036491036415, grad_loss: None
2022-04-21 14:11:37,931 DEBUG epoch: 193, train_acc: 100.0, val_acc: 91.44, fidel_score: 98.06, acc_loss: 0.04348703473806381, grad_loss: None
2022-04-21 14:11:39,028 DEBUG epoch: 194, train_acc: 100.0, val_acc: 91.44, fidel_score: 98.06, acc_loss: 0.043454546481370926, grad_loss: None
2022-04-21 14:11:40,088 DEBUG epoch: 195, train_acc: 100.0, val_acc: 91.44, fidel_score: 98.06, acc_loss: 0.04342089965939522, grad_loss: None
2022-04-21 14:11:41,154 DEBUG epoch: 196, train_acc: 100.0, val_acc: 91.44, fidel_score: 98.06, acc_loss: 0.04338663071393967, grad_loss: None
2022-04-21 14:11:42,565 DEBUG epoch: 197, train_acc: 100.0, val_acc: 91.44, fidel_score: 98.06, acc_loss: 0.04335523396730423, grad_loss: None
2022-04-21 14:11:43,584 DEBUG epoch: 198, train_acc: 100.0, val_acc: 91.44, fidel_score: 98.06, acc_loss: 0.04332079738378525, grad_loss: None
2022-04-21 14:11:44,638 DEBUG epoch: 199, train_acc: 100.0, val_acc: 91.44, fidel_score: 98.06, acc_loss: 0.04329531639814377, grad_loss: None
2022-04-21 14:11:45,718 DEBUG epoch: 200, train_acc: 100.0, val_acc: 91.44, fidel_score: 98.06, acc_loss: 0.04326161742210388, grad_loss: None
2022-04-21 14:11:47,183 DEBUG epoch: 201, train_acc: 100.0, val_acc: 91.44, fidel_score: 98.06, acc_loss: 0.04323117807507515, grad_loss: None
2022-04-21 14:11:48,614 DEBUG epoch: 202, train_acc: 100.0, val_acc: 91.44, fidel_score: 98.06, acc_loss: 0.043194517493247986, grad_loss: None
2022-04-21 14:11:50,043 DEBUG epoch: 203, train_acc: 100.0, val_acc: 91.44, fidel_score: 98.06, acc_loss: 0.04315865412354469, grad_loss: None
2022-04-21 14:11:51,480 DEBUG epoch: 204, train_acc: 100.0, val_acc: 91.44, fidel_score: 98.06, acc_loss: 0.04312744736671448, grad_loss: None
2022-04-21 14:11:52,899 DEBUG epoch: 205, train_acc: 100.0, val_acc: 91.44, fidel_score: 98.06, acc_loss: 0.04309384524822235, grad_loss: None
2022-04-21 14:11:54,320 DEBUG epoch: 206, train_acc: 100.0, val_acc: 91.44, fidel_score: 98.06, acc_loss: 0.043065525591373444, grad_loss: None
2022-04-21 14:11:55,762 DEBUG epoch: 207, train_acc: 100.0, val_acc: 91.44, fidel_score: 98.06, acc_loss: 0.043034859001636505, grad_loss: None
2022-04-21 14:11:56,847 DEBUG epoch: 208, train_acc: 100.0, val_acc: 91.44, fidel_score: 98.06, acc_loss: 0.043001484125852585, grad_loss: None
2022-04-21 14:11:57,921 DEBUG epoch: 209, train_acc: 100.0, val_acc: 91.44, fidel_score: 98.06, acc_loss: 0.04297303780913353, grad_loss: None
2022-04-21 14:11:59,024 DEBUG epoch: 210, train_acc: 100.0, val_acc: 91.44, fidel_score: 98.06, acc_loss: 0.04293983429670334, grad_loss: None
2022-04-21 14:12:00,018 DEBUG epoch: 211, train_acc: 100.0, val_acc: 91.44, fidel_score: 98.06, acc_loss: 0.04290555790066719, grad_loss: None
2022-04-21 14:12:01,115 DEBUG epoch: 212, train_acc: 100.0, val_acc: 91.44, fidel_score: 98.06, acc_loss: 0.04287106916308403, grad_loss: None
2022-04-21 14:12:02,518 DEBUG epoch: 213, train_acc: 100.0, val_acc: 91.44, fidel_score: 98.06, acc_loss: 0.042842261493206024, grad_loss: None
2022-04-21 14:12:03,549 DEBUG epoch: 214, train_acc: 100.0, val_acc: 91.44, fidel_score: 98.06, acc_loss: 0.042811568826436996, grad_loss: None
2022-04-21 14:12:04,615 DEBUG epoch: 215, train_acc: 100.0, val_acc: 91.44, fidel_score: 98.06, acc_loss: 0.04277994483709335, grad_loss: None
2022-04-21 14:12:05,727 DEBUG epoch: 216, train_acc: 100.0, val_acc: 91.44, fidel_score: 98.06, acc_loss: 0.04274803772568703, grad_loss: None
2022-04-21 14:12:07,144 DEBUG epoch: 217, train_acc: 100.0, val_acc: 91.44, fidel_score: 98.06, acc_loss: 0.042720332741737366, grad_loss: None
2022-04-21 14:12:08,560 DEBUG epoch: 218, train_acc: 100.0, val_acc: 91.44, fidel_score: 98.06, acc_loss: 0.04268675297498703, grad_loss: None
2022-04-21 14:12:09,990 DEBUG epoch: 219, train_acc: 100.0, val_acc: 91.44, fidel_score: 98.06, acc_loss: 0.042653609067201614, grad_loss: None
2022-04-21 14:12:11,409 DEBUG epoch: 220, train_acc: 100.0, val_acc: 91.44, fidel_score: 98.06, acc_loss: 0.0426221564412117, grad_loss: None
2022-04-21 14:12:12,826 DEBUG epoch: 221, train_acc: 100.0, val_acc: 91.44, fidel_score: 98.06, acc_loss: 0.04258553683757782, grad_loss: None
2022-04-21 14:12:14,255 DEBUG epoch: 222, train_acc: 100.0, val_acc: 91.44, fidel_score: 98.06, acc_loss: 0.042555563151836395, grad_loss: None
2022-04-21 14:12:15,603 DEBUG epoch: 223, train_acc: 100.0, val_acc: 91.44, fidel_score: 98.06, acc_loss: 0.04252565652132034, grad_loss: None
2022-04-21 14:12:16,663 DEBUG epoch: 224, train_acc: 100.0, val_acc: 91.44, fidel_score: 98.06, acc_loss: 0.04249238222837448, grad_loss: None
2022-04-21 14:12:17,763 DEBUG epoch: 225, train_acc: 100.0, val_acc: 91.44, fidel_score: 98.06, acc_loss: 0.042461782693862915, grad_loss: None
2022-04-21 14:12:18,888 DEBUG epoch: 226, train_acc: 100.0, val_acc: 91.44, fidel_score: 98.06, acc_loss: 0.04243267700076103, grad_loss: None
2022-04-21 14:12:19,940 DEBUG epoch: 227, train_acc: 100.0, val_acc: 91.44, fidel_score: 98.06, acc_loss: 0.04240105673670769, grad_loss: None
2022-04-21 14:12:21,174 DEBUG epoch: 228, train_acc: 100.0, val_acc: 91.44, fidel_score: 98.06, acc_loss: 0.04237215593457222, grad_loss: None
2022-04-21 14:12:22,452 DEBUG epoch: 229, train_acc: 100.0, val_acc: 91.44, fidel_score: 98.06, acc_loss: 0.04234405234456062, grad_loss: None
2022-04-21 14:12:23,504 DEBUG epoch: 230, train_acc: 100.0, val_acc: 91.44, fidel_score: 98.06, acc_loss: 0.042303767055273056, grad_loss: None
2022-04-21 14:12:24,583 DEBUG epoch: 231, train_acc: 100.0, val_acc: 91.44, fidel_score: 98.06, acc_loss: 0.04227513074874878, grad_loss: None
2022-04-21 14:12:25,755 DEBUG epoch: 232, train_acc: 100.0, val_acc: 91.44, fidel_score: 98.06, acc_loss: 0.04224555194377899, grad_loss: None
2022-04-21 14:12:27,192 DEBUG epoch: 233, train_acc: 100.0, val_acc: 91.44, fidel_score: 98.06, acc_loss: 0.042214490473270416, grad_loss: None
2022-04-21 14:12:28,616 DEBUG epoch: 234, train_acc: 100.0, val_acc: 91.44, fidel_score: 98.06, acc_loss: 0.042183004319667816, grad_loss: None
2022-04-21 14:12:30,038 DEBUG epoch: 235, train_acc: 100.0, val_acc: 91.44, fidel_score: 98.06, acc_loss: 0.04215127229690552, grad_loss: None
2022-04-21 14:12:31,446 DEBUG epoch: 236, train_acc: 100.0, val_acc: 91.44, fidel_score: 98.06, acc_loss: 0.042118679732084274, grad_loss: None
2022-04-21 14:12:32,873 DEBUG epoch: 237, train_acc: 100.0, val_acc: 91.44, fidel_score: 98.06, acc_loss: 0.04208884760737419, grad_loss: None
2022-04-21 14:12:34,312 DEBUG epoch: 238, train_acc: 100.0, val_acc: 91.44, fidel_score: 98.06, acc_loss: 0.04205649346113205, grad_loss: None
2022-04-21 14:12:35,440 DEBUG epoch: 239, train_acc: 100.0, val_acc: 91.44, fidel_score: 98.06, acc_loss: 0.04202764481306076, grad_loss: None
2022-04-21 14:12:36,516 DEBUG epoch: 240, train_acc: 100.0, val_acc: 91.44, fidel_score: 98.06, acc_loss: 0.04199691861867905, grad_loss: None
2022-04-21 14:12:37,566 DEBUG epoch: 241, train_acc: 100.0, val_acc: 91.44, fidel_score: 98.06, acc_loss: 0.04198961332440376, grad_loss: None
2022-04-21 14:12:38,600 DEBUG epoch: 242, train_acc: 100.0, val_acc: 91.44, fidel_score: 98.06, acc_loss: 0.04198313504457474, grad_loss: None
2022-04-21 14:12:39,600 DEBUG epoch: 243, train_acc: 100.0, val_acc: 91.44, fidel_score: 98.06, acc_loss: 0.041979145258665085, grad_loss: None
2022-04-21 14:12:40,780 DEBUG epoch: 244, train_acc: 100.0, val_acc: 91.44, fidel_score: 98.06, acc_loss: 0.04197409003973007, grad_loss: None
2022-04-21 14:12:41,992 DEBUG epoch: 245, train_acc: 100.0, val_acc: 91.44, fidel_score: 98.06, acc_loss: 0.04196872562170029, grad_loss: None
2022-04-21 14:12:43,043 DEBUG epoch: 246, train_acc: 100.0, val_acc: 91.44, fidel_score: 98.06, acc_loss: 0.04196185618638992, grad_loss: None
2022-04-21 14:12:44,149 DEBUG epoch: 247, train_acc: 100.0, val_acc: 91.44, fidel_score: 98.06, acc_loss: 0.04195644333958626, grad_loss: None
2022-04-21 14:12:45,385 DEBUG epoch: 248, train_acc: 100.0, val_acc: 91.44, fidel_score: 98.06, acc_loss: 0.04194972664117813, grad_loss: None
2022-04-21 14:12:46,796 DEBUG epoch: 249, train_acc: 100.0, val_acc: 91.44, fidel_score: 98.06, acc_loss: 0.041942037642002106, grad_loss: None
2022-04-21 14:12:48,235 DEBUG epoch: 250, train_acc: 100.0, val_acc: 91.44, fidel_score: 98.06, acc_loss: 0.04193490371108055, grad_loss: None
2022-04-21 14:12:49,634 DEBUG epoch: 251, train_acc: 100.0, val_acc: 91.44, fidel_score: 98.06, acc_loss: 0.04193097725510597, grad_loss: None
2022-04-21 14:12:51,057 DEBUG epoch: 252, train_acc: 100.0, val_acc: 91.44, fidel_score: 98.06, acc_loss: 0.04192693531513214, grad_loss: None
2022-04-21 14:12:52,473 DEBUG epoch: 253, train_acc: 100.0, val_acc: 91.44, fidel_score: 98.06, acc_loss: 0.04192209243774414, grad_loss: None
2022-04-21 14:12:53,909 DEBUG epoch: 254, train_acc: 100.0, val_acc: 91.44, fidel_score: 98.06, acc_loss: 0.04191525653004646, grad_loss: None
2022-04-21 14:12:55,048 DEBUG epoch: 255, train_acc: 100.0, val_acc: 91.44, fidel_score: 98.06, acc_loss: 0.04191003367304802, grad_loss: None
2022-04-21 14:12:56,119 DEBUG epoch: 256, train_acc: 100.0, val_acc: 91.44, fidel_score: 98.06, acc_loss: 0.04190380871295929, grad_loss: None
2022-04-21 14:12:57,180 DEBUG epoch: 257, train_acc: 100.0, val_acc: 91.44, fidel_score: 98.06, acc_loss: 0.0418955460190773, grad_loss: None
2022-04-21 14:12:58,238 DEBUG epoch: 258, train_acc: 100.0, val_acc: 91.44, fidel_score: 98.06, acc_loss: 0.0418877974152565, grad_loss: None
2022-04-21 14:12:59,265 DEBUG epoch: 259, train_acc: 100.0, val_acc: 91.44, fidel_score: 98.06, acc_loss: 0.041882310062646866, grad_loss: None
2022-04-21 14:13:00,512 DEBUG epoch: 260, train_acc: 100.0, val_acc: 91.44, fidel_score: 98.06, acc_loss: 0.041875891387462616, grad_loss: None
2022-04-21 14:13:01,654 DEBUG epoch: 261, train_acc: 100.0, val_acc: 91.44, fidel_score: 98.06, acc_loss: 0.041871167719364166, grad_loss: None
2022-04-21 14:13:02,752 DEBUG epoch: 262, train_acc: 100.0, val_acc: 91.44, fidel_score: 98.06, acc_loss: 0.04186449572443962, grad_loss: None
2022-04-21 14:13:03,832 DEBUG epoch: 263, train_acc: 100.0, val_acc: 91.44, fidel_score: 98.06, acc_loss: 0.041860613971948624, grad_loss: None
2022-04-21 14:13:05,094 DEBUG epoch: 264, train_acc: 100.0, val_acc: 91.44, fidel_score: 98.06, acc_loss: 0.04185517877340317, grad_loss: None
2022-04-21 14:13:06,528 DEBUG epoch: 265, train_acc: 100.0, val_acc: 91.44, fidel_score: 98.06, acc_loss: 0.04184829443693161, grad_loss: None
2022-04-21 14:13:07,943 DEBUG epoch: 266, train_acc: 100.0, val_acc: 91.44, fidel_score: 98.06, acc_loss: 0.04184010252356529, grad_loss: None
2022-04-21 14:13:09,363 DEBUG epoch: 267, train_acc: 100.0, val_acc: 91.44, fidel_score: 98.06, acc_loss: 0.04183304309844971, grad_loss: None
2022-04-21 14:13:10,805 DEBUG epoch: 268, train_acc: 100.0, val_acc: 91.44, fidel_score: 98.06, acc_loss: 0.041826266795396805, grad_loss: None
2022-04-21 14:13:12,232 DEBUG epoch: 269, train_acc: 100.0, val_acc: 91.44, fidel_score: 98.06, acc_loss: 0.041819341480731964, grad_loss: None
2022-04-21 14:13:13,638 DEBUG epoch: 270, train_acc: 100.0, val_acc: 91.44, fidel_score: 98.06, acc_loss: 0.04181353375315666, grad_loss: None
2022-04-21 14:13:14,645 DEBUG epoch: 271, train_acc: 100.0, val_acc: 91.44, fidel_score: 98.06, acc_loss: 0.04180832579731941, grad_loss: None
2022-04-21 14:13:15,734 DEBUG epoch: 272, train_acc: 100.0, val_acc: 91.44, fidel_score: 98.06, acc_loss: 0.04180469363927841, grad_loss: None
2022-04-21 14:13:16,794 DEBUG epoch: 273, train_acc: 100.0, val_acc: 91.44, fidel_score: 98.06, acc_loss: 0.04179653152823448, grad_loss: None
2022-04-21 14:13:17,811 DEBUG epoch: 274, train_acc: 100.0, val_acc: 91.44, fidel_score: 98.06, acc_loss: 0.04178907349705696, grad_loss: None
2022-04-21 14:13:18,834 DEBUG epoch: 275, train_acc: 100.0, val_acc: 91.44, fidel_score: 98.06, acc_loss: 0.04178144410252571, grad_loss: None
2022-04-21 14:13:19,980 DEBUG epoch: 276, train_acc: 100.0, val_acc: 91.44, fidel_score: 98.06, acc_loss: 0.04177624359726906, grad_loss: None
2022-04-21 14:13:21,184 DEBUG epoch: 277, train_acc: 100.0, val_acc: 91.44, fidel_score: 98.06, acc_loss: 0.04176970198750496, grad_loss: None
2022-04-21 14:13:22,263 DEBUG epoch: 278, train_acc: 100.0, val_acc: 91.44, fidel_score: 98.06, acc_loss: 0.04176528379321098, grad_loss: None
2022-04-21 14:13:23,343 DEBUG epoch: 279, train_acc: 100.0, val_acc: 91.44, fidel_score: 98.06, acc_loss: 0.04176060110330582, grad_loss: None
2022-04-21 14:13:24,612 DEBUG epoch: 280, train_acc: 100.0, val_acc: 91.44, fidel_score: 98.06, acc_loss: 0.04175438731908798, grad_loss: None
2022-04-21 14:13:26,010 DEBUG epoch: 281, train_acc: 100.0, val_acc: 91.44, fidel_score: 98.06, acc_loss: 0.04174712672829628, grad_loss: None
2022-04-21 14:13:27,421 DEBUG epoch: 282, train_acc: 100.0, val_acc: 91.44, fidel_score: 98.06, acc_loss: 0.041739776730537415, grad_loss: None
2022-04-21 14:13:28,848 DEBUG epoch: 283, train_acc: 100.0, val_acc: 91.44, fidel_score: 98.06, acc_loss: 0.04173693060874939, grad_loss: None
2022-04-21 14:13:30,260 DEBUG epoch: 284, train_acc: 100.0, val_acc: 91.44, fidel_score: 98.06, acc_loss: 0.041733622550964355, grad_loss: None
2022-04-21 14:13:31,683 DEBUG epoch: 285, train_acc: 100.0, val_acc: 91.44, fidel_score: 98.06, acc_loss: 0.04172610491514206, grad_loss: None
2022-04-21 14:13:33,126 DEBUG epoch: 286, train_acc: 100.0, val_acc: 91.44, fidel_score: 98.06, acc_loss: 0.04172050580382347, grad_loss: None
2022-04-21 14:13:34,137 DEBUG epoch: 287, train_acc: 100.0, val_acc: 91.44, fidel_score: 98.06, acc_loss: 0.04171266406774521, grad_loss: None
2022-04-21 14:13:35,252 DEBUG epoch: 288, train_acc: 100.0, val_acc: 91.44, fidel_score: 98.06, acc_loss: 0.04170485585927963, grad_loss: None
2022-04-21 14:13:36,320 DEBUG epoch: 289, train_acc: 100.0, val_acc: 91.44, fidel_score: 98.06, acc_loss: 0.04169898480176926, grad_loss: None
2022-04-21 14:13:37,335 DEBUG epoch: 290, train_acc: 100.0, val_acc: 91.44, fidel_score: 98.06, acc_loss: 0.04169394075870514, grad_loss: None
2022-04-21 14:13:38,346 DEBUG epoch: 291, train_acc: 100.0, val_acc: 91.44, fidel_score: 98.06, acc_loss: 0.04168560355901718, grad_loss: None
2022-04-21 14:13:39,565 DEBUG epoch: 292, train_acc: 100.0, val_acc: 91.44, fidel_score: 98.06, acc_loss: 0.04167955741286278, grad_loss: None
2022-04-21 14:13:40,724 DEBUG epoch: 293, train_acc: 100.0, val_acc: 91.44, fidel_score: 98.06, acc_loss: 0.041675157845020294, grad_loss: None
2022-04-21 14:13:41,793 DEBUG epoch: 294, train_acc: 100.0, val_acc: 91.44, fidel_score: 98.06, acc_loss: 0.04166897386312485, grad_loss: None
2022-04-21 14:13:42,880 DEBUG epoch: 295, train_acc: 100.0, val_acc: 91.44, fidel_score: 98.06, acc_loss: 0.04166258126497269, grad_loss: None
2022-04-21 14:13:44,154 DEBUG epoch: 296, train_acc: 100.0, val_acc: 91.44, fidel_score: 98.06, acc_loss: 0.041657302528619766, grad_loss: None
2022-04-21 14:13:45,599 DEBUG epoch: 297, train_acc: 100.0, val_acc: 91.44, fidel_score: 98.06, acc_loss: 0.041651733219623566, grad_loss: None
2022-04-21 14:13:47,033 DEBUG epoch: 298, train_acc: 100.0, val_acc: 91.44, fidel_score: 98.06, acc_loss: 0.041644614189863205, grad_loss: None
2022-04-21 14:13:48,462 DEBUG epoch: 299, train_acc: 100.0, val_acc: 91.44, fidel_score: 98.06, acc_loss: 0.04163730889558792, grad_loss: None
2022-04-21 14:13:49,890 DEBUG epoch: 300, train_acc: 100.0, val_acc: 91.44, fidel_score: 98.06, acc_loss: 0.04163296893239021, grad_loss: None
2022-04-21 14:13:49,891 DEBUG load best stealed model.
2022-04-21 14:13:49,891 DEBUG Best perform model, val_acc: 91.7, fidel_score: 97.73, acc_loss: 0.5886598825454712
2022-04-21 14:13:49,891 DEBUG load cloest stealed model.
2022-04-21 14:13:49,891 DEBUG Closest perform model, val_acc: 91.57, fidel_score: 98.65, acc_loss: 0.5886598825454712
