2022-04-21 18:22:23,094 DEBUG Namespace(arch='vgg11_bn', attack_client=0, attack_epochs=300, attack_style='GM_option_CIFAR100', average_time=1, batch_size=128, bottleneck_option='None', cutlayer=4, data_proportion=1.0, dataset='cifar10', filename='ace_V2_epoch_vgg11_bn_cutlayer_4_client_1_seed125_dataset_cifar10_lr_0.05_200epoch', folder='saves/baseline', learning_rate=0.005, noniid_ratio=1.0, num_client=1, num_epochs='best', num_query=10000, random_seed=123, regularization='None', regularization_strength=0.0, scheme='V2_epoch', surrogate_arch='same', test_best=True, train_clas_layer=3.0)
2022-04-21 18:22:26,558 DEBUG Test (client-0):	Loss 0.6165 (0.3623)	Prec@1 81.250 (91.890)
2022-04-21 18:22:26,558 DEBUG  * Prec@1 91.890
2022-04-21 18:22:26,558 DEBUG 6
2022-04-21 18:22:26,558 DEBUG surrogate parameter has 6 trainable parameters!
2022-04-21 18:22:31,218 DEBUG epoch: 0, val_acc: 5.23, val_fidelity: 4.91
2022-04-21 18:22:33,997 DEBUG epoch: 1, train_acc: 0.0, val_acc: 10.44, fidel_score: 10.62, acc_loss: 0.0, grad_loss: 3.981460287601133
2022-04-21 18:22:36,772 DEBUG epoch: 2, train_acc: 0.0, val_acc: 10.0, fidel_score: 10.23, acc_loss: 0.0, grad_loss: 3.4456554907786696
2022-04-21 18:22:39,531 DEBUG epoch: 3, train_acc: 0.0, val_acc: 10.0, fidel_score: 10.23, acc_loss: 0.0, grad_loss: 2.9442636332934415
2022-04-21 18:22:42,298 DEBUG epoch: 4, train_acc: 0.0, val_acc: 18.16, fidel_score: 19.9, acc_loss: 0.0, grad_loss: 2.5078720005252695
2022-04-21 18:22:45,052 DEBUG epoch: 5, train_acc: 0.0, val_acc: 18.48, fidel_score: 20.45, acc_loss: 0.0, grad_loss: 2.109987524491322
2022-04-21 18:22:47,808 DEBUG epoch: 6, train_acc: 0.0, val_acc: 53.67, fidel_score: 58.35, acc_loss: 0.0, grad_loss: 1.7483634571485882
2022-04-21 18:22:50,571 DEBUG epoch: 7, train_acc: 0.0, val_acc: 63.48, fidel_score: 68.72, acc_loss: 0.0, grad_loss: 1.5121439748172518
2022-04-21 18:22:53,342 DEBUG epoch: 8, train_acc: 0.0, val_acc: 54.26, fidel_score: 58.67, acc_loss: 0.0, grad_loss: 1.762000387982477
2022-04-21 18:22:56,121 DEBUG epoch: 9, train_acc: 0.0, val_acc: 73.09, fidel_score: 78.63, acc_loss: 0.0, grad_loss: 1.530358084394962
2022-04-21 18:22:58,886 DEBUG epoch: 10, train_acc: 0.0, val_acc: 65.35, fidel_score: 68.43, acc_loss: 0.0, grad_loss: 2.222671594800828
2022-04-21 18:23:01,659 DEBUG epoch: 11, train_acc: 0.0, val_acc: 57.55, fidel_score: 60.5, acc_loss: 0.0, grad_loss: 2.519290355187428
2022-04-21 18:23:04,437 DEBUG epoch: 12, train_acc: 0.0, val_acc: 72.97, fidel_score: 78.53, acc_loss: 0.0, grad_loss: 1.7409184190291394
2022-04-21 18:23:07,213 DEBUG epoch: 13, train_acc: 0.0, val_acc: 82.57, fidel_score: 88.84, acc_loss: 0.0, grad_loss: 1.9551933098442946
2022-04-21 18:23:09,982 DEBUG epoch: 14, train_acc: 0.0, val_acc: 91.65, fidel_score: 99.04, acc_loss: 0.0, grad_loss: 1.3183771764175802
2022-04-21 18:23:12,769 DEBUG epoch: 15, train_acc: 0.0, val_acc: 91.8, fidel_score: 99.39, acc_loss: 0.0, grad_loss: 1.3230460504942303
2022-04-21 18:23:15,525 DEBUG epoch: 16, train_acc: 0.0, val_acc: 91.83, fidel_score: 99.47, acc_loss: 0.0, grad_loss: 1.089662267437464
2022-04-21 18:23:18,297 DEBUG epoch: 17, train_acc: 0.0, val_acc: 91.82, fidel_score: 99.31, acc_loss: 0.0, grad_loss: 0.9897889140286024
2022-04-21 18:23:21,075 DEBUG epoch: 18, train_acc: 0.0, val_acc: 91.78, fidel_score: 98.77, acc_loss: 0.0, grad_loss: 1.1342192850535429
2022-04-21 18:23:23,852 DEBUG epoch: 19, train_acc: 0.0, val_acc: 91.73, fidel_score: 99.35, acc_loss: 0.0, grad_loss: 1.487871766090393
2022-04-21 18:23:26,641 DEBUG epoch: 20, train_acc: 0.0, val_acc: 91.78, fidel_score: 99.23, acc_loss: 0.0, grad_loss: 1.308463731144048
2022-04-21 18:23:29,430 DEBUG epoch: 21, train_acc: 0.0, val_acc: 91.74, fidel_score: 99.27, acc_loss: 0.0, grad_loss: 1.0312296627443047
2022-04-21 18:23:32,197 DEBUG epoch: 22, train_acc: 0.0, val_acc: 91.62, fidel_score: 98.93, acc_loss: 0.0, grad_loss: 1.367743566820893
2022-04-21 18:23:34,992 DEBUG epoch: 23, train_acc: 0.0, val_acc: 91.7, fidel_score: 99.06, acc_loss: 0.0, grad_loss: 1.2307512164115906
2022-04-21 18:23:37,756 DEBUG epoch: 24, train_acc: 0.0, val_acc: 91.75, fidel_score: 99.42, acc_loss: 0.0, grad_loss: 1.3306903295879122
2022-04-21 18:23:40,517 DEBUG epoch: 25, train_acc: 0.0, val_acc: 91.81, fidel_score: 99.38, acc_loss: 0.0, grad_loss: 1.2747901549822167
2022-04-21 18:23:43,290 DEBUG epoch: 26, train_acc: 0.0, val_acc: 91.8, fidel_score: 99.26, acc_loss: 0.0, grad_loss: 1.1224765936030616
2022-04-21 18:23:46,072 DEBUG epoch: 27, train_acc: 0.0, val_acc: 91.71, fidel_score: 99.03, acc_loss: 0.0, grad_loss: 1.092432659638079
2022-04-21 18:23:48,841 DEBUG epoch: 28, train_acc: 0.0, val_acc: 91.77, fidel_score: 99.34, acc_loss: 0.0, grad_loss: 1.4391335973256751
2022-04-21 18:23:51,617 DEBUG epoch: 29, train_acc: 0.0, val_acc: 91.84, fidel_score: 99.29, acc_loss: 0.0, grad_loss: 1.2039272830456118
2022-04-21 18:23:54,411 DEBUG epoch: 30, train_acc: 0.0, val_acc: 91.89, fidel_score: 99.48, acc_loss: 0.0, grad_loss: 1.3073520079443726
2022-04-21 18:23:57,172 DEBUG epoch: 31, train_acc: 0.0, val_acc: 91.79, fidel_score: 99.01, acc_loss: 0.0, grad_loss: 1.065950251832793
2022-04-21 18:23:59,931 DEBUG epoch: 32, train_acc: 0.0, val_acc: 91.92, fidel_score: 99.61, acc_loss: 0.0, grad_loss: 1.2768163922466809
2022-04-21 18:24:02,704 DEBUG epoch: 33, train_acc: 0.0, val_acc: 91.91, fidel_score: 99.59, acc_loss: 0.0, grad_loss: 1.024320839326593
2022-04-21 18:24:05,453 DEBUG epoch: 34, train_acc: 0.0, val_acc: 91.85, fidel_score: 99.56, acc_loss: 0.0, grad_loss: 1.017774159395242
2022-04-21 18:24:08,225 DEBUG epoch: 35, train_acc: 0.0, val_acc: 91.87, fidel_score: 99.64, acc_loss: 0.0, grad_loss: 0.9911280229121824
2022-04-21 18:24:11,001 DEBUG epoch: 36, train_acc: 0.0, val_acc: 91.83, fidel_score: 99.52, acc_loss: 0.0, grad_loss: 1.2098203052448322
2022-04-21 18:24:13,761 DEBUG epoch: 37, train_acc: 0.0, val_acc: 91.85, fidel_score: 99.48, acc_loss: 0.0, grad_loss: 1.0458473336847522
2022-04-21 18:24:16,531 DEBUG epoch: 38, train_acc: 0.0, val_acc: 91.93, fidel_score: 99.28, acc_loss: 0.0, grad_loss: 1.0547920654091654
2022-04-21 18:24:19,301 DEBUG epoch: 39, train_acc: 0.0, val_acc: 91.79, fidel_score: 99.3, acc_loss: 0.0, grad_loss: 1.1697908111765414
2022-04-21 18:24:22,086 DEBUG epoch: 40, train_acc: 0.0, val_acc: 91.78, fidel_score: 99.44, acc_loss: 0.0, grad_loss: 1.0372545485255085
2022-04-21 18:24:24,846 DEBUG epoch: 41, train_acc: 0.0, val_acc: 91.85, fidel_score: 99.44, acc_loss: 0.0, grad_loss: 0.9750769523125661
2022-04-21 18:24:27,610 DEBUG epoch: 42, train_acc: 0.0, val_acc: 91.88, fidel_score: 99.49, acc_loss: 0.0, grad_loss: 1.0784276814400395
2022-04-21 18:24:30,381 DEBUG epoch: 43, train_acc: 0.0, val_acc: 91.73, fidel_score: 99.21, acc_loss: 0.0, grad_loss: 1.0602497526361971
2022-04-21 18:24:33,133 DEBUG epoch: 44, train_acc: 0.0, val_acc: 91.87, fidel_score: 99.47, acc_loss: 0.0, grad_loss: 1.0968822474721112
2022-04-21 18:24:35,899 DEBUG epoch: 45, train_acc: 0.0, val_acc: 91.83, fidel_score: 99.4, acc_loss: 0.0, grad_loss: 1.0291484383088123
2022-04-21 18:24:38,669 DEBUG epoch: 46, train_acc: 0.0, val_acc: 91.84, fidel_score: 99.07, acc_loss: 0.0, grad_loss: 1.1355235003217865
2022-04-21 18:24:41,430 DEBUG epoch: 47, train_acc: 0.0, val_acc: 91.8, fidel_score: 99.47, acc_loss: 0.0, grad_loss: 1.2961506986919837
2022-04-21 18:24:44,187 DEBUG epoch: 48, train_acc: 0.0, val_acc: 91.82, fidel_score: 99.54, acc_loss: 0.0, grad_loss: 1.1254817843437195
2022-04-21 18:24:46,950 DEBUG epoch: 49, train_acc: 0.0, val_acc: 91.8, fidel_score: 99.41, acc_loss: 0.0, grad_loss: 1.1315534371363967
2022-04-21 18:24:49,735 DEBUG epoch: 50, train_acc: 0.0, val_acc: 91.85, fidel_score: 99.54, acc_loss: 0.0, grad_loss: 1.2100426222704634
2022-04-21 18:24:52,489 DEBUG epoch: 51, train_acc: 0.0, val_acc: 91.84, fidel_score: 99.57, acc_loss: 0.0, grad_loss: 1.0994976698597776
2022-04-21 18:24:55,243 DEBUG epoch: 52, train_acc: 0.0, val_acc: 91.69, fidel_score: 99.0, acc_loss: 0.0, grad_loss: 1.051513615288312
2022-04-21 18:24:58,011 DEBUG epoch: 53, train_acc: 0.0, val_acc: 91.75, fidel_score: 99.2, acc_loss: 0.0, grad_loss: 1.3027974314327482
2022-04-21 18:25:00,786 DEBUG epoch: 54, train_acc: 0.0, val_acc: 91.74, fidel_score: 99.37, acc_loss: 0.0, grad_loss: 1.2189369382737558
2022-04-21 18:25:03,551 DEBUG epoch: 55, train_acc: 0.0, val_acc: 91.83, fidel_score: 99.49, acc_loss: 0.0, grad_loss: 1.2270841598510742
2022-04-21 18:25:06,339 DEBUG epoch: 56, train_acc: 0.0, val_acc: 91.81, fidel_score: 99.27, acc_loss: 0.0, grad_loss: 1.1018255933930603
2022-04-21 18:25:09,094 DEBUG epoch: 57, train_acc: 0.0, val_acc: 91.82, fidel_score: 99.47, acc_loss: 0.0, grad_loss: 1.1888804096209853
2022-04-21 18:25:11,849 DEBUG epoch: 58, train_acc: 0.0, val_acc: 91.79, fidel_score: 99.41, acc_loss: 0.0, grad_loss: 1.2246719357333606
2022-04-21 18:25:14,624 DEBUG epoch: 59, train_acc: 0.0, val_acc: 91.85, fidel_score: 99.54, acc_loss: 0.0, grad_loss: 1.1282038152972353
2022-04-21 18:25:17,379 DEBUG epoch: 60, train_acc: 0.0, val_acc: 91.85, fidel_score: 99.58, acc_loss: 0.0, grad_loss: 0.963121153131316
2022-04-21 18:25:20,155 DEBUG epoch: 61, train_acc: 0.0, val_acc: 91.86, fidel_score: 99.54, acc_loss: 0.0, grad_loss: 1.069463369212573
2022-04-21 18:25:22,918 DEBUG epoch: 62, train_acc: 0.0, val_acc: 91.89, fidel_score: 99.55, acc_loss: 0.0, grad_loss: 0.9585144135016429
2022-04-21 18:25:25,694 DEBUG epoch: 63, train_acc: 0.0, val_acc: 91.87, fidel_score: 99.59, acc_loss: 0.0, grad_loss: 0.9203270998182176
2022-04-21 18:25:28,462 DEBUG epoch: 64, train_acc: 0.0, val_acc: 91.88, fidel_score: 99.58, acc_loss: 0.0, grad_loss: 0.9772547656976724
2022-04-21 18:25:31,230 DEBUG epoch: 65, train_acc: 0.0, val_acc: 91.9, fidel_score: 99.57, acc_loss: 0.0, grad_loss: 0.910842049725448
2022-04-21 18:25:33,984 DEBUG epoch: 66, train_acc: 0.0, val_acc: 91.9, fidel_score: 99.55, acc_loss: 0.0, grad_loss: 0.8829413282720349
2022-04-21 18:25:36,754 DEBUG epoch: 67, train_acc: 0.0, val_acc: 91.86, fidel_score: 99.53, acc_loss: 0.0, grad_loss: 0.8861792977852158
2022-04-21 18:25:39,509 DEBUG epoch: 68, train_acc: 0.0, val_acc: 91.88, fidel_score: 99.61, acc_loss: 0.0, grad_loss: 0.9788606755341156
2022-04-21 18:25:42,289 DEBUG epoch: 69, train_acc: 0.0, val_acc: 91.88, fidel_score: 99.52, acc_loss: 0.0, grad_loss: 0.9919905896428265
2022-04-21 18:25:45,055 DEBUG epoch: 70, train_acc: 0.0, val_acc: 91.87, fidel_score: 99.65, acc_loss: 0.0, grad_loss: 0.9878007248987125
2022-04-21 18:25:47,813 DEBUG epoch: 71, train_acc: 0.0, val_acc: 91.9, fidel_score: 99.6, acc_loss: 0.0, grad_loss: 0.9832125441937507
2022-04-21 18:25:50,562 DEBUG epoch: 72, train_acc: 0.0, val_acc: 91.88, fidel_score: 99.59, acc_loss: 0.0, grad_loss: 0.9413228004793578
2022-04-21 18:25:53,329 DEBUG epoch: 73, train_acc: 0.0, val_acc: 91.84, fidel_score: 99.62, acc_loss: 0.0, grad_loss: 0.9392160426212263
2022-04-21 18:25:56,114 DEBUG epoch: 74, train_acc: 0.0, val_acc: 91.9, fidel_score: 99.61, acc_loss: 0.0, grad_loss: 0.9289509178716925
2022-04-21 18:25:58,869 DEBUG epoch: 75, train_acc: 0.0, val_acc: 91.9, fidel_score: 99.63, acc_loss: 0.0, grad_loss: 0.9746976540058474
2022-04-21 18:26:01,639 DEBUG epoch: 76, train_acc: 0.0, val_acc: 91.9, fidel_score: 99.59, acc_loss: 0.0, grad_loss: 0.9801804891115502
2022-04-21 18:26:04,414 DEBUG epoch: 77, train_acc: 0.0, val_acc: 91.89, fidel_score: 99.66, acc_loss: 0.0, grad_loss: 0.9751295447349548
2022-04-21 18:26:07,168 DEBUG epoch: 78, train_acc: 0.0, val_acc: 91.92, fidel_score: 99.61, acc_loss: 0.0, grad_loss: 0.9616510204122036
2022-04-21 18:26:09,936 DEBUG epoch: 79, train_acc: 0.0, val_acc: 91.88, fidel_score: 99.66, acc_loss: 0.0, grad_loss: 0.9642485576339915
2022-04-21 18:26:12,708 DEBUG epoch: 80, train_acc: 0.0, val_acc: 91.89, fidel_score: 99.65, acc_loss: 0.0, grad_loss: 0.9062494499773919
2022-04-21 18:26:15,471 DEBUG epoch: 81, train_acc: 0.0, val_acc: 91.82, fidel_score: 99.62, acc_loss: 0.0, grad_loss: 0.9399481370479246
2022-04-21 18:26:18,262 DEBUG epoch: 82, train_acc: 0.0, val_acc: 91.89, fidel_score: 99.63, acc_loss: 0.0, grad_loss: 0.9677995503703251
2022-04-21 18:26:21,023 DEBUG epoch: 83, train_acc: 0.0, val_acc: 91.88, fidel_score: 99.53, acc_loss: 0.0, grad_loss: 0.8981535344184199
2022-04-21 18:26:23,795 DEBUG epoch: 84, train_acc: 0.0, val_acc: 91.9, fidel_score: 99.59, acc_loss: 0.0, grad_loss: 0.9449626350704627
2022-04-21 18:26:26,558 DEBUG epoch: 85, train_acc: 0.0, val_acc: 91.89, fidel_score: 99.59, acc_loss: 0.0, grad_loss: 0.9043946296353883
2022-04-21 18:26:29,331 DEBUG epoch: 86, train_acc: 0.0, val_acc: 91.86, fidel_score: 99.61, acc_loss: 0.0, grad_loss: 0.9506811409056941
2022-04-21 18:26:32,101 DEBUG epoch: 87, train_acc: 0.0, val_acc: 91.92, fidel_score: 99.68, acc_loss: 0.0, grad_loss: 1.0154980345617366
2022-04-21 18:26:34,868 DEBUG epoch: 88, train_acc: 0.0, val_acc: 91.88, fidel_score: 99.61, acc_loss: 0.0, grad_loss: 1.042466116102436
2022-04-21 18:26:37,654 DEBUG epoch: 89, train_acc: 0.0, val_acc: 91.92, fidel_score: 99.67, acc_loss: 0.0, grad_loss: 0.9344079373758051
2022-04-21 18:26:40,412 DEBUG epoch: 90, train_acc: 0.0, val_acc: 91.91, fidel_score: 99.63, acc_loss: 0.0, grad_loss: 0.8928106932700435
2022-04-21 18:26:43,176 DEBUG epoch: 91, train_acc: 0.0, val_acc: 91.95, fidel_score: 99.57, acc_loss: 0.0, grad_loss: 1.0576837123194827
2022-04-21 18:26:45,943 DEBUG epoch: 92, train_acc: 0.0, val_acc: 91.87, fidel_score: 99.59, acc_loss: 0.0, grad_loss: 1.069145986550971
2022-04-21 18:26:48,706 DEBUG epoch: 93, train_acc: 0.0, val_acc: 91.88, fidel_score: 99.57, acc_loss: 0.0, grad_loss: 1.0089703526677964
2022-04-21 18:26:51,459 DEBUG epoch: 94, train_acc: 0.0, val_acc: 91.89, fidel_score: 99.63, acc_loss: 0.0, grad_loss: 0.9314321747309044
2022-04-21 18:26:54,228 DEBUG epoch: 95, train_acc: 0.0, val_acc: 91.85, fidel_score: 99.58, acc_loss: 0.0, grad_loss: 0.920438337175152
2022-04-21 18:26:56,967 DEBUG epoch: 96, train_acc: 0.0, val_acc: 91.86, fidel_score: 99.62, acc_loss: 0.0, grad_loss: 0.9743125257612784
2022-04-21 18:26:59,718 DEBUG epoch: 97, train_acc: 0.0, val_acc: 91.83, fidel_score: 99.65, acc_loss: 0.0, grad_loss: 1.0314392571962332
2022-04-21 18:27:02,475 DEBUG epoch: 98, train_acc: 0.0, val_acc: 91.86, fidel_score: 99.65, acc_loss: 0.0, grad_loss: 0.9501718101622183
2022-04-21 18:27:05,233 DEBUG epoch: 99, train_acc: 0.0, val_acc: 91.87, fidel_score: 99.57, acc_loss: 0.0, grad_loss: 0.9609294578998904
2022-04-21 18:27:08,012 DEBUG epoch: 100, train_acc: 0.0, val_acc: 91.84, fidel_score: 99.64, acc_loss: 0.0, grad_loss: 1.0218189381345917
2022-04-21 18:27:10,789 DEBUG epoch: 101, train_acc: 0.0, val_acc: 91.85, fidel_score: 99.61, acc_loss: 0.0, grad_loss: 0.9342150009131129
2022-04-21 18:27:13,569 DEBUG epoch: 102, train_acc: 0.0, val_acc: 91.84, fidel_score: 99.67, acc_loss: 0.0, grad_loss: 1.0156865700890747
2022-04-21 18:27:16,319 DEBUG epoch: 103, train_acc: 0.0, val_acc: 91.83, fidel_score: 99.56, acc_loss: 0.0, grad_loss: 0.9648990902719619
2022-04-21 18:27:19,084 DEBUG epoch: 104, train_acc: 0.0, val_acc: 91.86, fidel_score: 99.65, acc_loss: 0.0, grad_loss: 1.0086575580548636
2022-04-21 18:27:21,862 DEBUG epoch: 105, train_acc: 0.0, val_acc: 91.82, fidel_score: 99.62, acc_loss: 0.0, grad_loss: 0.9954081532321398
2022-04-21 18:27:24,638 DEBUG epoch: 106, train_acc: 0.0, val_acc: 91.83, fidel_score: 99.62, acc_loss: 0.0, grad_loss: 1.0356515464903433
2022-04-21 18:27:27,410 DEBUG epoch: 107, train_acc: 0.0, val_acc: 91.86, fidel_score: 99.57, acc_loss: 0.0, grad_loss: 1.010340919977502
2022-04-21 18:27:30,190 DEBUG epoch: 108, train_acc: 0.0, val_acc: 91.83, fidel_score: 99.66, acc_loss: 0.0, grad_loss: 0.9669803720486315
2022-04-21 18:27:32,949 DEBUG epoch: 109, train_acc: 0.0, val_acc: 91.85, fidel_score: 99.68, acc_loss: 0.0, grad_loss: 0.962707532357566
2022-04-21 18:27:35,719 DEBUG epoch: 110, train_acc: 0.0, val_acc: 91.84, fidel_score: 99.7, acc_loss: 0.0, grad_loss: 0.9502291422856005
2022-04-21 18:27:38,485 DEBUG epoch: 111, train_acc: 0.0, val_acc: 91.8, fidel_score: 99.68, acc_loss: 0.0, grad_loss: 1.0206677015823653
2022-04-21 18:27:41,243 DEBUG epoch: 112, train_acc: 0.0, val_acc: 91.81, fidel_score: 99.65, acc_loss: 0.0, grad_loss: 0.9916968443725682
2022-04-21 18:27:44,039 DEBUG epoch: 113, train_acc: 0.0, val_acc: 91.81, fidel_score: 99.68, acc_loss: 0.0, grad_loss: 0.9648018796232682
2022-04-21 18:27:46,803 DEBUG epoch: 114, train_acc: 0.0, val_acc: 91.83, fidel_score: 99.63, acc_loss: 0.0, grad_loss: 1.0166701116139376
2022-04-21 18:27:49,591 DEBUG epoch: 115, train_acc: 0.0, val_acc: 91.85, fidel_score: 99.65, acc_loss: 0.0, grad_loss: 0.9707275885569898
2022-04-21 18:27:52,368 DEBUG epoch: 116, train_acc: 0.0, val_acc: 91.8, fidel_score: 99.61, acc_loss: 0.0, grad_loss: 1.0150915912435026
2022-04-21 18:27:55,143 DEBUG epoch: 117, train_acc: 0.0, val_acc: 91.82, fidel_score: 99.63, acc_loss: 0.0, grad_loss: 0.938492485239536
2022-04-21 18:27:57,900 DEBUG epoch: 118, train_acc: 0.0, val_acc: 91.74, fidel_score: 99.66, acc_loss: 0.0, grad_loss: 0.9521250777606722
2022-04-21 18:28:00,679 DEBUG epoch: 119, train_acc: 0.0, val_acc: 91.81, fidel_score: 99.66, acc_loss: 0.0, grad_loss: 0.9753775309912766
2022-04-21 18:28:03,456 DEBUG epoch: 120, train_acc: 0.0, val_acc: 91.77, fidel_score: 99.61, acc_loss: 0.0, grad_loss: 0.9908426554897164
2022-04-21 18:28:06,220 DEBUG epoch: 121, train_acc: 0.0, val_acc: 91.75, fidel_score: 99.65, acc_loss: 0.0, grad_loss: 1.0256420713436754
2022-04-21 18:28:08,989 DEBUG epoch: 122, train_acc: 0.0, val_acc: 91.81, fidel_score: 99.62, acc_loss: 0.0, grad_loss: 1.0323679552802556
2022-04-21 18:28:11,756 DEBUG epoch: 123, train_acc: 0.0, val_acc: 91.85, fidel_score: 99.65, acc_loss: 0.0, grad_loss: 1.0806753258161907
2022-04-21 18:28:14,531 DEBUG epoch: 124, train_acc: 0.0, val_acc: 91.84, fidel_score: 99.65, acc_loss: 0.0, grad_loss: 0.9945855744277374
2022-04-21 18:28:17,295 DEBUG epoch: 125, train_acc: 0.0, val_acc: 91.84, fidel_score: 99.63, acc_loss: 0.0, grad_loss: 0.9927237901506545
2022-04-21 18:28:20,067 DEBUG epoch: 126, train_acc: 0.0, val_acc: 91.81, fidel_score: 99.65, acc_loss: 0.0, grad_loss: 0.95033893102332
2022-04-21 18:28:22,838 DEBUG epoch: 127, train_acc: 0.0, val_acc: 91.75, fidel_score: 99.55, acc_loss: 0.0, grad_loss: 0.9243668913841248
2022-04-21 18:28:25,601 DEBUG epoch: 128, train_acc: 0.0, val_acc: 91.81, fidel_score: 99.68, acc_loss: 0.0, grad_loss: 0.9664356395413604
2022-04-21 18:28:28,380 DEBUG epoch: 129, train_acc: 0.0, val_acc: 91.81, fidel_score: 99.65, acc_loss: 0.0, grad_loss: 0.9984678769413429
2022-04-21 18:28:31,152 DEBUG epoch: 130, train_acc: 0.0, val_acc: 91.81, fidel_score: 99.62, acc_loss: 0.0, grad_loss: 0.9839310706416263
2022-04-21 18:28:33,918 DEBUG epoch: 131, train_acc: 0.0, val_acc: 91.83, fidel_score: 99.61, acc_loss: 0.0, grad_loss: 0.958225767069225
2022-04-21 18:28:36,686 DEBUG epoch: 132, train_acc: 0.0, val_acc: 91.83, fidel_score: 99.57, acc_loss: 0.0, grad_loss: 0.9314854311037667
2022-04-21 18:28:39,455 DEBUG epoch: 133, train_acc: 0.0, val_acc: 91.79, fidel_score: 99.65, acc_loss: 0.0, grad_loss: 0.9313061765477627
2022-04-21 18:28:42,201 DEBUG epoch: 134, train_acc: 0.0, val_acc: 91.83, fidel_score: 99.61, acc_loss: 0.0, grad_loss: 0.9771887984456895
2022-04-21 18:28:44,986 DEBUG epoch: 135, train_acc: 0.0, val_acc: 91.88, fidel_score: 99.5, acc_loss: 0.0, grad_loss: 1.063427339626264
2022-04-21 18:28:47,753 DEBUG epoch: 136, train_acc: 0.0, val_acc: 91.81, fidel_score: 99.64, acc_loss: 0.0, grad_loss: 1.1218995912165581
2022-04-21 18:28:50,529 DEBUG epoch: 137, train_acc: 0.0, val_acc: 91.83, fidel_score: 99.64, acc_loss: 0.0, grad_loss: 0.9455988739110246
2022-04-21 18:28:53,311 DEBUG epoch: 138, train_acc: 0.0, val_acc: 91.81, fidel_score: 99.59, acc_loss: 0.0, grad_loss: 0.9427758425096923
2022-04-21 18:28:56,090 DEBUG epoch: 139, train_acc: 0.0, val_acc: 91.84, fidel_score: 99.6, acc_loss: 0.0, grad_loss: 0.954205334186554
2022-04-21 18:28:58,854 DEBUG epoch: 140, train_acc: 0.0, val_acc: 91.83, fidel_score: 99.6, acc_loss: 0.0, grad_loss: 0.934551970868171
2022-04-21 18:29:01,623 DEBUG epoch: 141, train_acc: 0.0, val_acc: 91.82, fidel_score: 99.59, acc_loss: 0.0, grad_loss: 0.9281884469563448
2022-04-21 18:29:04,417 DEBUG epoch: 142, train_acc: 0.0, val_acc: 91.79, fidel_score: 99.58, acc_loss: 0.0, grad_loss: 1.0156242688999901
2022-04-21 18:29:07,171 DEBUG epoch: 143, train_acc: 0.0, val_acc: 91.82, fidel_score: 99.63, acc_loss: 0.0, grad_loss: 1.0449309303790708
2022-04-21 18:29:09,935 DEBUG epoch: 144, train_acc: 0.0, val_acc: 91.78, fidel_score: 99.59, acc_loss: 0.0, grad_loss: 0.8792078238499316
2022-04-21 18:29:12,694 DEBUG epoch: 145, train_acc: 0.0, val_acc: 91.74, fidel_score: 99.54, acc_loss: 0.0, grad_loss: 0.9984084624278394
2022-04-21 18:29:15,474 DEBUG epoch: 146, train_acc: 0.0, val_acc: 91.79, fidel_score: 99.62, acc_loss: 0.0, grad_loss: 1.0109657471693014
2022-04-21 18:29:18,247 DEBUG epoch: 147, train_acc: 0.0, val_acc: 91.83, fidel_score: 99.61, acc_loss: 0.0, grad_loss: 0.9393103024627589
2022-04-21 18:29:21,019 DEBUG epoch: 148, train_acc: 0.0, val_acc: 91.84, fidel_score: 99.61, acc_loss: 0.0, grad_loss: 0.9241674285900744
2022-04-21 18:29:23,784 DEBUG epoch: 149, train_acc: 0.0, val_acc: 91.84, fidel_score: 99.57, acc_loss: 0.0, grad_loss: 0.991373265091377
2022-04-21 18:29:26,567 DEBUG epoch: 150, train_acc: 0.0, val_acc: 91.86, fidel_score: 99.61, acc_loss: 0.0, grad_loss: 0.9275872835630103
2022-04-21 18:29:29,346 DEBUG epoch: 151, train_acc: 0.0, val_acc: 91.83, fidel_score: 99.63, acc_loss: 0.0, grad_loss: 0.8769734720640545
2022-04-21 18:29:32,106 DEBUG epoch: 152, train_acc: 0.0, val_acc: 91.85, fidel_score: 99.63, acc_loss: 0.0, grad_loss: 0.9237924987756754
2022-04-21 18:29:34,864 DEBUG epoch: 153, train_acc: 0.0, val_acc: 91.84, fidel_score: 99.62, acc_loss: 0.0, grad_loss: 0.9721472855610184
2022-04-21 18:29:37,623 DEBUG epoch: 154, train_acc: 0.0, val_acc: 91.85, fidel_score: 99.61, acc_loss: 0.0, grad_loss: 0.9847029639950281
2022-04-21 18:29:40,385 DEBUG epoch: 155, train_acc: 0.0, val_acc: 91.83, fidel_score: 99.64, acc_loss: 0.0, grad_loss: 0.9595939026603216
2022-04-21 18:29:43,137 DEBUG epoch: 156, train_acc: 0.0, val_acc: 91.82, fidel_score: 99.64, acc_loss: 0.0, grad_loss: 0.9658863348296925
2022-04-21 18:29:45,914 DEBUG epoch: 157, train_acc: 0.0, val_acc: 91.82, fidel_score: 99.64, acc_loss: 0.0, grad_loss: 0.9588373024252397
2022-04-21 18:29:48,665 DEBUG epoch: 158, train_acc: 0.0, val_acc: 91.83, fidel_score: 99.62, acc_loss: 0.0, grad_loss: 1.0767732149438014
2022-04-21 18:29:51,442 DEBUG epoch: 159, train_acc: 0.0, val_acc: 91.82, fidel_score: 99.65, acc_loss: 0.0, grad_loss: 0.970874543431439
2022-04-21 18:29:54,188 DEBUG epoch: 160, train_acc: 0.0, val_acc: 91.83, fidel_score: 99.63, acc_loss: 0.0, grad_loss: 0.9589680584171151
2022-04-21 18:29:56,963 DEBUG epoch: 161, train_acc: 0.0, val_acc: 91.83, fidel_score: 99.62, acc_loss: 0.0, grad_loss: 0.9535580684867087
2022-04-21 18:29:59,729 DEBUG epoch: 162, train_acc: 0.0, val_acc: 91.85, fidel_score: 99.65, acc_loss: 0.0, grad_loss: 0.8974193885356565
2022-04-21 18:30:02,489 DEBUG epoch: 163, train_acc: 0.0, val_acc: 91.85, fidel_score: 99.65, acc_loss: 0.0, grad_loss: 0.978299180918102
2022-04-21 18:30:05,265 DEBUG epoch: 164, train_acc: 0.0, val_acc: 91.82, fidel_score: 99.64, acc_loss: 0.0, grad_loss: 0.9575308976294119
2022-04-21 18:30:08,029 DEBUG epoch: 165, train_acc: 0.0, val_acc: 91.81, fidel_score: 99.64, acc_loss: 0.0, grad_loss: 0.9283279753938506
2022-04-21 18:30:10,800 DEBUG epoch: 166, train_acc: 0.0, val_acc: 91.84, fidel_score: 99.64, acc_loss: 0.0, grad_loss: 0.9640244901934757
2022-04-21 18:30:13,558 DEBUG epoch: 167, train_acc: 0.0, val_acc: 91.82, fidel_score: 99.66, acc_loss: 0.0, grad_loss: 0.9561080230942255
2022-04-21 18:30:16,341 DEBUG epoch: 168, train_acc: 0.0, val_acc: 91.83, fidel_score: 99.64, acc_loss: 0.0, grad_loss: 0.9591694542124302
2022-04-21 18:30:19,116 DEBUG epoch: 169, train_acc: 0.0, val_acc: 91.83, fidel_score: 99.61, acc_loss: 0.0, grad_loss: 0.9820343535157698
2022-04-21 18:30:21,877 DEBUG epoch: 170, train_acc: 0.0, val_acc: 91.85, fidel_score: 99.64, acc_loss: 0.0, grad_loss: 0.9606985404521604
2022-04-21 18:30:24,664 DEBUG epoch: 171, train_acc: 0.0, val_acc: 91.82, fidel_score: 99.63, acc_loss: 0.0, grad_loss: 0.8918840922886813
2022-04-21 18:30:27,439 DEBUG epoch: 172, train_acc: 0.0, val_acc: 91.85, fidel_score: 99.65, acc_loss: 0.0, grad_loss: 0.8595357771161236
2022-04-21 18:30:30,199 DEBUG epoch: 173, train_acc: 0.0, val_acc: 91.82, fidel_score: 99.65, acc_loss: 0.0, grad_loss: 0.922217227235625
2022-04-21 18:30:32,980 DEBUG epoch: 174, train_acc: 0.0, val_acc: 91.83, fidel_score: 99.63, acc_loss: 0.0, grad_loss: 0.9262642226641691
2022-04-21 18:30:35,746 DEBUG epoch: 175, train_acc: 0.0, val_acc: 91.84, fidel_score: 99.66, acc_loss: 0.0, grad_loss: 0.9329316465160514
2022-04-21 18:30:38,517 DEBUG epoch: 176, train_acc: 0.0, val_acc: 91.82, fidel_score: 99.66, acc_loss: 0.0, grad_loss: 0.8689670147775095
2022-04-21 18:30:41,290 DEBUG epoch: 177, train_acc: 0.0, val_acc: 91.81, fidel_score: 99.65, acc_loss: 0.0, grad_loss: 0.8750809974308256
2022-04-21 18:30:44,074 DEBUG epoch: 178, train_acc: 0.0, val_acc: 91.81, fidel_score: 99.64, acc_loss: 0.0, grad_loss: 0.9188499239426625
2022-04-21 18:30:46,838 DEBUG epoch: 179, train_acc: 0.0, val_acc: 91.82, fidel_score: 99.63, acc_loss: 0.0, grad_loss: 0.9523763181288031
2022-04-21 18:30:49,593 DEBUG epoch: 180, train_acc: 0.0, val_acc: 91.8, fidel_score: 99.62, acc_loss: 0.0, grad_loss: 1.0154677154142646
2022-04-21 18:30:52,360 DEBUG epoch: 181, train_acc: 0.0, val_acc: 91.83, fidel_score: 99.61, acc_loss: 0.0, grad_loss: 0.9146860019315647
2022-04-21 18:30:55,117 DEBUG epoch: 182, train_acc: 0.0, val_acc: 91.81, fidel_score: 99.6, acc_loss: 0.0, grad_loss: 0.94461328696601
2022-04-21 18:30:57,901 DEBUG epoch: 183, train_acc: 0.0, val_acc: 91.81, fidel_score: 99.61, acc_loss: 0.0, grad_loss: 0.9727843494354924
2022-04-21 18:31:00,667 DEBUG epoch: 184, train_acc: 0.0, val_acc: 91.83, fidel_score: 99.62, acc_loss: 0.0, grad_loss: 0.9642833931536614
2022-04-21 18:31:03,416 DEBUG epoch: 185, train_acc: 0.0, val_acc: 91.81, fidel_score: 99.65, acc_loss: 0.0, grad_loss: 1.0037328683877293
2022-04-21 18:31:06,192 DEBUG epoch: 186, train_acc: 0.0, val_acc: 91.82, fidel_score: 99.64, acc_loss: 0.0, grad_loss: 0.9820310133921949
2022-04-21 18:31:08,953 DEBUG epoch: 187, train_acc: 0.0, val_acc: 91.82, fidel_score: 99.64, acc_loss: 0.0, grad_loss: 0.9741012997265104
2022-04-21 18:31:11,730 DEBUG epoch: 188, train_acc: 0.0, val_acc: 91.81, fidel_score: 99.63, acc_loss: 0.0, grad_loss: 0.9360715414904341
2022-04-21 18:31:14,499 DEBUG epoch: 189, train_acc: 0.0, val_acc: 91.83, fidel_score: 99.61, acc_loss: 0.0, grad_loss: 0.9063509076456481
2022-04-21 18:31:17,258 DEBUG epoch: 190, train_acc: 0.0, val_acc: 91.75, fidel_score: 99.61, acc_loss: 0.0, grad_loss: 1.0021234562125387
2022-04-21 18:31:20,043 DEBUG epoch: 191, train_acc: 0.0, val_acc: 91.83, fidel_score: 99.59, acc_loss: 0.0, grad_loss: 0.9733763412584232
2022-04-21 18:31:22,816 DEBUG epoch: 192, train_acc: 0.0, val_acc: 91.77, fidel_score: 99.62, acc_loss: 0.0, grad_loss: 0.9390536690060096
2022-04-21 18:31:25,574 DEBUG epoch: 193, train_acc: 0.0, val_acc: 91.84, fidel_score: 99.63, acc_loss: 0.0, grad_loss: 0.9052528180653536
2022-04-21 18:31:28,338 DEBUG epoch: 194, train_acc: 0.0, val_acc: 91.82, fidel_score: 99.58, acc_loss: 0.0, grad_loss: 0.8963715675510938
2022-04-21 18:31:31,106 DEBUG epoch: 195, train_acc: 0.0, val_acc: 91.78, fidel_score: 99.64, acc_loss: 0.0, grad_loss: 0.89458261222779
2022-04-21 18:31:33,881 DEBUG epoch: 196, train_acc: 0.0, val_acc: 91.78, fidel_score: 99.64, acc_loss: 0.0, grad_loss: 0.9819327336323412
2022-04-21 18:31:36,650 DEBUG epoch: 197, train_acc: 0.0, val_acc: 91.82, fidel_score: 99.63, acc_loss: 0.0, grad_loss: 0.9143367794495595
2022-04-21 18:31:39,405 DEBUG epoch: 198, train_acc: 0.0, val_acc: 91.83, fidel_score: 99.66, acc_loss: 0.0, grad_loss: 0.9274397801749313
2022-04-21 18:31:42,169 DEBUG epoch: 199, train_acc: 0.0, val_acc: 91.83, fidel_score: 99.63, acc_loss: 0.0, grad_loss: 0.89451371340812
2022-04-21 18:31:44,924 DEBUG epoch: 200, train_acc: 0.0, val_acc: 91.84, fidel_score: 99.65, acc_loss: 0.0, grad_loss: 0.8838937591902817
2022-04-21 18:31:47,689 DEBUG epoch: 201, train_acc: 0.0, val_acc: 91.81, fidel_score: 99.66, acc_loss: 0.0, grad_loss: 0.9657682187949554
2022-04-21 18:31:50,445 DEBUG epoch: 202, train_acc: 0.0, val_acc: 91.79, fidel_score: 99.67, acc_loss: 0.0, grad_loss: 0.9110089925271047
2022-04-21 18:31:53,205 DEBUG epoch: 203, train_acc: 0.0, val_acc: 91.8, fidel_score: 99.62, acc_loss: 0.0, grad_loss: 0.9280321696136571
2022-04-21 18:31:55,967 DEBUG epoch: 204, train_acc: 0.0, val_acc: 91.79, fidel_score: 99.66, acc_loss: 0.0, grad_loss: 0.9507345391225211
2022-04-21 18:31:58,748 DEBUG epoch: 205, train_acc: 0.0, val_acc: 91.81, fidel_score: 99.62, acc_loss: 0.0, grad_loss: 0.9211832300017152
2022-04-21 18:32:01,516 DEBUG epoch: 206, train_acc: 0.0, val_acc: 91.82, fidel_score: 99.63, acc_loss: 0.0, grad_loss: 1.0221960650214665
2022-04-21 18:32:04,292 DEBUG epoch: 207, train_acc: 0.0, val_acc: 91.8, fidel_score: 99.67, acc_loss: 0.0, grad_loss: 0.9267546557172944
2022-04-21 18:32:07,066 DEBUG epoch: 208, train_acc: 0.0, val_acc: 91.81, fidel_score: 99.65, acc_loss: 0.0, grad_loss: 0.9298113305357438
2022-04-21 18:32:09,836 DEBUG epoch: 209, train_acc: 0.0, val_acc: 91.83, fidel_score: 99.62, acc_loss: 0.0, grad_loss: 0.9973906421963172
2022-04-21 18:32:12,611 DEBUG epoch: 210, train_acc: 0.0, val_acc: 91.83, fidel_score: 99.66, acc_loss: 0.0, grad_loss: 0.9521969179563885
2022-04-21 18:32:15,367 DEBUG epoch: 211, train_acc: 0.0, val_acc: 91.79, fidel_score: 99.64, acc_loss: 0.0, grad_loss: 0.8361312422571303
2022-04-21 18:32:18,113 DEBUG epoch: 212, train_acc: 0.0, val_acc: 91.79, fidel_score: 99.65, acc_loss: 0.0, grad_loss: 0.9026987854438492
2022-04-21 18:32:20,868 DEBUG epoch: 213, train_acc: 0.0, val_acc: 91.78, fidel_score: 99.63, acc_loss: 0.0, grad_loss: 0.936944768398623
2022-04-21 18:32:23,620 DEBUG epoch: 214, train_acc: 0.0, val_acc: 91.8, fidel_score: 99.69, acc_loss: 0.0, grad_loss: 0.8907119594042814
2022-04-21 18:32:26,411 DEBUG epoch: 215, train_acc: 0.0, val_acc: 91.8, fidel_score: 99.66, acc_loss: 0.0, grad_loss: 0.8655463253395467
2022-04-21 18:32:29,169 DEBUG epoch: 216, train_acc: 0.0, val_acc: 91.81, fidel_score: 99.66, acc_loss: 0.0, grad_loss: 0.9271203060693378
2022-04-21 18:32:31,942 DEBUG epoch: 217, train_acc: 0.0, val_acc: 91.81, fidel_score: 99.67, acc_loss: 0.0, grad_loss: 0.9687799886812137
2022-04-21 18:32:34,707 DEBUG epoch: 218, train_acc: 0.0, val_acc: 91.8, fidel_score: 99.64, acc_loss: 0.0, grad_loss: 0.9518201932122435
2022-04-21 18:32:37,471 DEBUG epoch: 219, train_acc: 0.0, val_acc: 91.81, fidel_score: 99.67, acc_loss: 0.0, grad_loss: 0.9137201241300076
2022-04-21 18:32:40,257 DEBUG epoch: 220, train_acc: 0.0, val_acc: 91.8, fidel_score: 99.66, acc_loss: 0.0, grad_loss: 0.9632387168799774
2022-04-21 18:32:43,020 DEBUG epoch: 221, train_acc: 0.0, val_acc: 91.8, fidel_score: 99.66, acc_loss: 0.0, grad_loss: 0.8710297082043901
2022-04-21 18:32:45,788 DEBUG epoch: 222, train_acc: 0.0, val_acc: 91.82, fidel_score: 99.64, acc_loss: 0.0, grad_loss: 0.9096821516374999
2022-04-21 18:32:48,535 DEBUG epoch: 223, train_acc: 0.0, val_acc: 91.81, fidel_score: 99.67, acc_loss: 0.0, grad_loss: 0.9512530587896516
2022-04-21 18:32:51,310 DEBUG epoch: 224, train_acc: 0.0, val_acc: 91.8, fidel_score: 99.65, acc_loss: 0.0, grad_loss: 0.8594381635702109
2022-04-21 18:32:54,083 DEBUG epoch: 225, train_acc: 0.0, val_acc: 91.81, fidel_score: 99.65, acc_loss: 0.0, grad_loss: 0.9374422581889962
2022-04-21 18:32:56,857 DEBUG epoch: 226, train_acc: 0.0, val_acc: 91.84, fidel_score: 99.67, acc_loss: 0.0, grad_loss: 0.9062205017367496
2022-04-21 18:32:59,624 DEBUG epoch: 227, train_acc: 0.0, val_acc: 91.82, fidel_score: 99.63, acc_loss: 0.0, grad_loss: 0.9047988623003417
2022-04-21 18:33:02,401 DEBUG epoch: 228, train_acc: 0.0, val_acc: 91.83, fidel_score: 99.63, acc_loss: 0.0, grad_loss: 0.9342330218870428
2022-04-21 18:33:05,168 DEBUG epoch: 229, train_acc: 0.0, val_acc: 91.81, fidel_score: 99.66, acc_loss: 0.0, grad_loss: 0.9750150464758088
2022-04-21 18:33:07,926 DEBUG epoch: 230, train_acc: 0.0, val_acc: 91.83, fidel_score: 99.66, acc_loss: 0.0, grad_loss: 0.940485266190541
2022-04-21 18:33:10,695 DEBUG epoch: 231, train_acc: 0.0, val_acc: 91.82, fidel_score: 99.66, acc_loss: 0.0, grad_loss: 0.913949036145512
2022-04-21 18:33:13,456 DEBUG epoch: 232, train_acc: 0.0, val_acc: 91.83, fidel_score: 99.66, acc_loss: 0.0, grad_loss: 1.0086224328113507
2022-04-21 18:33:16,228 DEBUG epoch: 233, train_acc: 0.0, val_acc: 91.83, fidel_score: 99.65, acc_loss: 0.0, grad_loss: 0.9966198560557787
2022-04-21 18:33:18,997 DEBUG epoch: 234, train_acc: 0.0, val_acc: 91.8, fidel_score: 99.66, acc_loss: 0.0, grad_loss: 0.9330385946020295
2022-04-21 18:33:21,772 DEBUG epoch: 235, train_acc: 0.0, val_acc: 91.83, fidel_score: 99.65, acc_loss: 0.0, grad_loss: 0.9286072035379047
2022-04-21 18:33:24,520 DEBUG epoch: 236, train_acc: 0.0, val_acc: 91.81, fidel_score: 99.67, acc_loss: 0.0, grad_loss: 0.8977610008626045
2022-04-21 18:33:27,271 DEBUG epoch: 237, train_acc: 0.0, val_acc: 91.81, fidel_score: 99.63, acc_loss: 0.0, grad_loss: 0.9427609617197061
2022-04-21 18:33:30,047 DEBUG epoch: 238, train_acc: 0.0, val_acc: 91.8, fidel_score: 99.64, acc_loss: 0.0, grad_loss: 0.9637681426881235
2022-04-21 18:33:32,812 DEBUG epoch: 239, train_acc: 0.0, val_acc: 91.8, fidel_score: 99.66, acc_loss: 0.0, grad_loss: 0.9328037598465062
2022-04-21 18:33:35,569 DEBUG epoch: 240, train_acc: 0.0, val_acc: 91.79, fidel_score: 99.67, acc_loss: 0.0, grad_loss: 0.8847432672222958
2022-04-21 18:33:38,338 DEBUG epoch: 241, train_acc: 0.0, val_acc: 91.79, fidel_score: 99.67, acc_loss: 0.0, grad_loss: 0.9426387390003929
2022-04-21 18:33:41,085 DEBUG epoch: 242, train_acc: 0.0, val_acc: 91.79, fidel_score: 99.67, acc_loss: 0.0, grad_loss: 0.8987204372128353
2022-04-21 18:33:43,844 DEBUG epoch: 243, train_acc: 0.0, val_acc: 91.79, fidel_score: 99.67, acc_loss: 0.0, grad_loss: 0.9086537112163592
2022-04-21 18:33:46,628 DEBUG epoch: 244, train_acc: 0.0, val_acc: 91.78, fidel_score: 99.66, acc_loss: 0.0, grad_loss: 0.8611023712761795
2022-04-21 18:33:49,408 DEBUG epoch: 245, train_acc: 0.0, val_acc: 91.78, fidel_score: 99.66, acc_loss: 0.0, grad_loss: 0.893648183043999
2022-04-21 18:33:52,179 DEBUG epoch: 246, train_acc: 0.0, val_acc: 91.78, fidel_score: 99.66, acc_loss: 0.0, grad_loss: 0.9541118333611307
2022-04-21 18:33:54,955 DEBUG epoch: 247, train_acc: 0.0, val_acc: 91.8, fidel_score: 99.64, acc_loss: 0.0, grad_loss: 0.8900468108020251
2022-04-21 18:33:57,707 DEBUG epoch: 248, train_acc: 0.0, val_acc: 91.8, fidel_score: 99.66, acc_loss: 0.0, grad_loss: 1.0408725580082665
2022-04-21 18:34:00,475 DEBUG epoch: 249, train_acc: 0.0, val_acc: 91.79, fidel_score: 99.67, acc_loss: 0.0, grad_loss: 0.921087280104432
2022-04-21 18:34:03,249 DEBUG epoch: 250, train_acc: 0.0, val_acc: 91.81, fidel_score: 99.65, acc_loss: 0.0, grad_loss: 0.8600389980062654
2022-04-21 18:34:06,016 DEBUG epoch: 251, train_acc: 0.0, val_acc: 91.81, fidel_score: 99.65, acc_loss: 0.0, grad_loss: 0.9100076201595838
2022-04-21 18:34:08,796 DEBUG epoch: 252, train_acc: 0.0, val_acc: 91.81, fidel_score: 99.65, acc_loss: 0.0, grad_loss: 0.8777389782893507
2022-04-21 18:34:11,568 DEBUG epoch: 253, train_acc: 0.0, val_acc: 91.81, fidel_score: 99.65, acc_loss: 0.0, grad_loss: 0.8913829024833969
2022-04-21 18:34:14,344 DEBUG epoch: 254, train_acc: 0.0, val_acc: 91.82, fidel_score: 99.66, acc_loss: 0.0, grad_loss: 0.9312124946449376
2022-04-21 18:34:17,117 DEBUG epoch: 255, train_acc: 0.0, val_acc: 91.82, fidel_score: 99.64, acc_loss: 0.0, grad_loss: 0.8670436822915379
2022-04-21 18:34:19,874 DEBUG epoch: 256, train_acc: 0.0, val_acc: 91.81, fidel_score: 99.65, acc_loss: 0.0, grad_loss: 0.9951427933535998
2022-04-21 18:34:22,645 DEBUG epoch: 257, train_acc: 0.0, val_acc: 91.8, fidel_score: 99.64, acc_loss: 0.0, grad_loss: 0.9350525001181832
2022-04-21 18:34:25,418 DEBUG epoch: 258, train_acc: 0.0, val_acc: 91.8, fidel_score: 99.64, acc_loss: 0.0, grad_loss: 0.9137433910671668
2022-04-21 18:34:28,184 DEBUG epoch: 259, train_acc: 0.0, val_acc: 91.82, fidel_score: 99.64, acc_loss: 0.0, grad_loss: 0.8872499269775197
2022-04-21 18:34:30,955 DEBUG epoch: 260, train_acc: 0.0, val_acc: 91.81, fidel_score: 99.65, acc_loss: 0.0, grad_loss: 0.9749429618256001
2022-04-21 18:34:33,705 DEBUG epoch: 261, train_acc: 0.0, val_acc: 91.8, fidel_score: 99.64, acc_loss: 0.0, grad_loss: 0.9061067549488212
2022-04-21 18:34:36,470 DEBUG epoch: 262, train_acc: 0.0, val_acc: 91.8, fidel_score: 99.64, acc_loss: 0.0, grad_loss: 0.9252885493296611
2022-04-21 18:34:39,239 DEBUG epoch: 263, train_acc: 0.0, val_acc: 91.81, fidel_score: 99.65, acc_loss: 0.0, grad_loss: 0.9486075866071484
2022-04-21 18:34:42,006 DEBUG epoch: 264, train_acc: 0.0, val_acc: 91.81, fidel_score: 99.65, acc_loss: 0.0, grad_loss: 0.8824672212329092
2022-04-21 18:34:44,796 DEBUG epoch: 265, train_acc: 0.0, val_acc: 91.8, fidel_score: 99.64, acc_loss: 0.0, grad_loss: 0.8862665778473963
2022-04-21 18:34:47,538 DEBUG epoch: 266, train_acc: 0.0, val_acc: 91.79, fidel_score: 99.65, acc_loss: 0.0, grad_loss: 0.9439364060570922
2022-04-21 18:34:50,319 DEBUG epoch: 267, train_acc: 0.0, val_acc: 91.8, fidel_score: 99.66, acc_loss: 0.0, grad_loss: 0.9810640736471249
2022-04-21 18:34:53,086 DEBUG epoch: 268, train_acc: 0.0, val_acc: 91.8, fidel_score: 99.64, acc_loss: 0.0, grad_loss: 0.8441248113595987
2022-04-21 18:34:55,850 DEBUG epoch: 269, train_acc: 0.0, val_acc: 91.8, fidel_score: 99.64, acc_loss: 0.0, grad_loss: 0.9153085720689991
2022-04-21 18:34:58,619 DEBUG epoch: 270, train_acc: 0.0, val_acc: 91.8, fidel_score: 99.64, acc_loss: 0.0, grad_loss: 0.9265383361261103
2022-04-21 18:35:01,397 DEBUG epoch: 271, train_acc: 0.0, val_acc: 91.8, fidel_score: 99.64, acc_loss: 0.0, grad_loss: 0.8569622126561177
2022-04-21 18:35:04,165 DEBUG epoch: 272, train_acc: 0.0, val_acc: 91.79, fidel_score: 99.63, acc_loss: 0.0, grad_loss: 0.9537951463385473
2022-04-21 18:35:06,948 DEBUG epoch: 273, train_acc: 0.0, val_acc: 91.8, fidel_score: 99.64, acc_loss: 0.0, grad_loss: 0.8903387566156025
2022-04-21 18:35:09,721 DEBUG epoch: 274, train_acc: 0.0, val_acc: 91.8, fidel_score: 99.64, acc_loss: 0.0, grad_loss: 0.9102753423437288
2022-04-21 18:35:12,497 DEBUG epoch: 275, train_acc: 0.0, val_acc: 91.81, fidel_score: 99.63, acc_loss: 0.0, grad_loss: 0.9455623008027861
2022-04-21 18:35:15,267 DEBUG epoch: 276, train_acc: 0.0, val_acc: 91.8, fidel_score: 99.64, acc_loss: 0.0, grad_loss: 0.899461524396003
2022-04-21 18:35:18,027 DEBUG epoch: 277, train_acc: 0.0, val_acc: 91.8, fidel_score: 99.64, acc_loss: 0.0, grad_loss: 0.9972722394556939
2022-04-21 18:35:20,775 DEBUG epoch: 278, train_acc: 0.0, val_acc: 91.81, fidel_score: 99.63, acc_loss: 0.0, grad_loss: 1.0272255253188218
2022-04-21 18:35:23,548 DEBUG epoch: 279, train_acc: 0.0, val_acc: 91.8, fidel_score: 99.64, acc_loss: 0.0, grad_loss: 0.9206705463083484
2022-04-21 18:35:26,316 DEBUG epoch: 280, train_acc: 0.0, val_acc: 91.8, fidel_score: 99.64, acc_loss: 0.0, grad_loss: 0.9247002088570897
2022-04-21 18:35:29,089 DEBUG epoch: 281, train_acc: 0.0, val_acc: 91.79, fidel_score: 99.62, acc_loss: 0.0, grad_loss: 0.9297567447529563
2022-04-21 18:35:31,851 DEBUG epoch: 282, train_acc: 0.0, val_acc: 91.79, fidel_score: 99.63, acc_loss: 0.0, grad_loss: 0.885358076306838
2022-04-21 18:35:34,629 DEBUG epoch: 283, train_acc: 0.0, val_acc: 91.8, fidel_score: 99.64, acc_loss: 0.0, grad_loss: 0.8278838132001176
2022-04-21 18:35:37,392 DEBUG epoch: 284, train_acc: 0.0, val_acc: 91.8, fidel_score: 99.64, acc_loss: 0.0, grad_loss: 0.922907764398599
2022-04-21 18:35:40,159 DEBUG epoch: 285, train_acc: 0.0, val_acc: 91.8, fidel_score: 99.64, acc_loss: 0.0, grad_loss: 1.001813059366202
2022-04-21 18:35:42,940 DEBUG epoch: 286, train_acc: 0.0, val_acc: 91.8, fidel_score: 99.64, acc_loss: 0.0, grad_loss: 1.0327951440328285
2022-04-21 18:35:45,724 DEBUG epoch: 287, train_acc: 0.0, val_acc: 91.8, fidel_score: 99.64, acc_loss: 0.0, grad_loss: 0.8764806857591942
2022-04-21 18:35:48,500 DEBUG epoch: 288, train_acc: 0.0, val_acc: 91.8, fidel_score: 99.64, acc_loss: 0.0, grad_loss: 0.9231119450134567
2022-04-21 18:35:51,266 DEBUG epoch: 289, train_acc: 0.0, val_acc: 91.8, fidel_score: 99.64, acc_loss: 0.0, grad_loss: 0.9253093290932571
2022-04-21 18:35:54,036 DEBUG epoch: 290, train_acc: 0.0, val_acc: 91.81, fidel_score: 99.64, acc_loss: 0.0, grad_loss: 0.8423912494997435
2022-04-21 18:35:56,821 DEBUG epoch: 291, train_acc: 0.0, val_acc: 91.8, fidel_score: 99.63, acc_loss: 0.0, grad_loss: 0.943658173084259
2022-04-21 18:35:59,583 DEBUG epoch: 292, train_acc: 0.0, val_acc: 91.8, fidel_score: 99.63, acc_loss: 0.0, grad_loss: 0.8637961096401456
2022-04-21 18:36:02,340 DEBUG epoch: 293, train_acc: 0.0, val_acc: 91.81, fidel_score: 99.65, acc_loss: 0.0, grad_loss: 0.8915624920325943
2022-04-21 18:36:05,083 DEBUG epoch: 294, train_acc: 0.0, val_acc: 91.81, fidel_score: 99.65, acc_loss: 0.0, grad_loss: 0.9192103468164613
2022-04-21 18:36:07,859 DEBUG epoch: 295, train_acc: 0.0, val_acc: 91.82, fidel_score: 99.64, acc_loss: 0.0, grad_loss: 0.9999193662329565
2022-04-21 18:36:10,626 DEBUG epoch: 296, train_acc: 0.0, val_acc: 91.82, fidel_score: 99.64, acc_loss: 0.0, grad_loss: 0.9198405991626691
2022-04-21 18:36:13,390 DEBUG epoch: 297, train_acc: 0.0, val_acc: 91.82, fidel_score: 99.66, acc_loss: 0.0, grad_loss: 0.9577072768271724
2022-04-21 18:36:16,144 DEBUG epoch: 298, train_acc: 0.0, val_acc: 91.81, fidel_score: 99.65, acc_loss: 0.0, grad_loss: 0.9321358626401877
2022-04-21 18:36:18,913 DEBUG epoch: 299, train_acc: 0.0, val_acc: 91.82, fidel_score: 99.64, acc_loss: 0.0, grad_loss: 0.891992603298984
2022-04-21 18:36:21,678 DEBUG epoch: 300, train_acc: 0.0, val_acc: 91.82, fidel_score: 99.66, acc_loss: 0.0, grad_loss: 0.8946446787707413
2022-04-21 18:36:21,678 DEBUG load best stealed model.
2022-04-21 18:36:21,678 DEBUG Best perform model, val_acc: 91.95, fidel_score: 99.57, acc_loss: 0.0, grad_loss: 0.9502291422856005
2022-04-21 18:36:21,679 DEBUG load cloest stealed model.
2022-04-21 18:36:21,679 DEBUG Cloest perform model, val_acc: 91.84, fidel_score: 99.7, acc_loss: 0.0, grad_loss: 0.9502291422856005
