2022-04-22 21:47:36,513 DEBUG Namespace(arch='vgg11_bn', attack_client=0, attack_epochs=300, attack_style='TrainME_option', average_time=1, batch_size=128, bottleneck_option='None', cutlayer=4, data_proportion=0.2, dataset='cifar100', filename='ace_V2_epoch_vgg11_bn_cutlayer_4_client_1_seed125_dataset_cifar100_lr_0.05_200epoch', folder='saves/baseline', learning_rate=0.05, noniid_ratio=1.0, num_client=1, num_epochs='best', num_query=1, random_seed=123, regularization='None', regularization_strength=0.0, scheme='V2_epoch', surrogate_arch='same', test_best=True, train_clas_layer=8.0)
2022-04-22 21:47:40,016 DEBUG Test (client-0):	Loss 1.2311 (1.7817)	Prec@1 75.000 (68.630)
2022-04-22 21:47:40,016 DEBUG  * Prec@1 68.630
2022-04-22 21:47:40,021 DEBUG load 0.weight to surrogate
2022-04-22 21:47:40,022 DEBUG load 0.bias to surrogate
2022-04-22 21:47:40,022 DEBUG load 1.weight to surrogate
2022-04-22 21:47:40,022 DEBUG load 1.bias to surrogate
2022-04-22 21:47:40,022 DEBUG load 1.running_mean to surrogate
2022-04-22 21:47:40,022 DEBUG load 1.running_var to surrogate
2022-04-22 21:47:40,023 DEBUG load 1.num_batches_tracked to surrogate
2022-04-22 21:47:40,027 DEBUG 20
2022-04-22 21:47:40,028 DEBUG 26
2022-04-22 21:47:40,028 DEBUG surrogate parameter has 26 trainable parameters!
2022-04-22 21:47:43,755 DEBUG epoch: 0, val_acc: 1.0, val_fidelity: 1.02
2022-04-22 21:47:45,912 DEBUG epoch: 1, train_acc: 0.9790348101265823, val_acc: 1.1, fidel_score: 1.19, acc_loss: 4.605581766442407, grad_loss: None
2022-04-22 21:47:48,093 DEBUG epoch: 2, train_acc: 1.4636075949367089, val_acc: 2.13, fidel_score: 2.12, acc_loss: 4.5831234243851675, grad_loss: None
2022-04-22 21:47:50,266 DEBUG epoch: 3, train_acc: 2.1162974683544302, val_acc: 2.54, fidel_score: 2.61, acc_loss: 4.425260066986084, grad_loss: None
2022-04-22 21:47:52,426 DEBUG epoch: 4, train_acc: 3.1843354430379747, val_acc: 4.52, fidel_score: 4.62, acc_loss: 4.2379822549940664, grad_loss: None
2022-04-22 21:47:54,593 DEBUG epoch: 5, train_acc: 5.528085443037975, val_acc: 4.85, fidel_score: 4.55, acc_loss: 3.9680131115490878, grad_loss: None
2022-04-22 21:47:56,773 DEBUG epoch: 6, train_acc: 6.5763449367088604, val_acc: 8.39, fidel_score: 8.02, acc_loss: 3.8388081140156034, grad_loss: None
2022-04-22 21:47:58,947 DEBUG epoch: 7, train_acc: 8.979430379746836, val_acc: 10.17, fidel_score: 10.26, acc_loss: 3.628157706200322, grad_loss: None
2022-04-22 21:48:01,100 DEBUG epoch: 8, train_acc: 11.145174050632912, val_acc: 10.76, fidel_score: 10.93, acc_loss: 3.471455809436267, grad_loss: None
2022-04-22 21:48:03,265 DEBUG epoch: 9, train_acc: 12.964794303797468, val_acc: 13.75, fidel_score: 14.1, acc_loss: 3.3610335603544983, grad_loss: None
2022-04-22 21:48:05,426 DEBUG epoch: 10, train_acc: 14.547072784810126, val_acc: 12.37, fidel_score: 12.72, acc_loss: 3.252636752551115, grad_loss: None
2022-04-22 21:48:07,599 DEBUG epoch: 11, train_acc: 15.684335443037975, val_acc: 16.43, fidel_score: 16.67, acc_loss: 3.214831026294563, grad_loss: None
2022-04-22 21:48:09,785 DEBUG epoch: 12, train_acc: 17.889636075949365, val_acc: 18.82, fidel_score: 19.48, acc_loss: 3.073459718800798, grad_loss: None
2022-04-22 21:48:11,946 DEBUG epoch: 13, train_acc: 20.134493670886076, val_acc: 19.99, fidel_score: 20.54, acc_loss: 2.9480859327919875, grad_loss: None
2022-04-22 21:48:14,137 DEBUG epoch: 14, train_acc: 22.725474683544302, val_acc: 21.76, fidel_score: 21.85, acc_loss: 2.8316679574266264, grad_loss: None
2022-04-22 21:48:16,301 DEBUG epoch: 15, train_acc: 24.10007911392405, val_acc: 20.13, fidel_score: 20.12, acc_loss: 2.758171600631521, grad_loss: None
2022-04-22 21:48:18,477 DEBUG epoch: 16, train_acc: 24.376977848101266, val_acc: 23.13, fidel_score: 23.56, acc_loss: 2.708481127702737, grad_loss: None
2022-04-22 21:48:20,651 DEBUG epoch: 17, train_acc: 27.640427215189874, val_acc: 24.07, fidel_score: 24.46, acc_loss: 2.603686218020282, grad_loss: None
2022-04-22 21:48:22,815 DEBUG epoch: 18, train_acc: 27.92721518987342, val_acc: 25.82, fidel_score: 26.71, acc_loss: 2.586462386046784, grad_loss: None
2022-04-22 21:48:24,990 DEBUG epoch: 19, train_acc: 30.46875, val_acc: 28.78, fidel_score: 29.22, acc_loss: 2.4720706456824195, grad_loss: None
2022-04-22 21:48:27,172 DEBUG epoch: 20, train_acc: 30.488528481012658, val_acc: 25.42, fidel_score: 25.53, acc_loss: 2.4455710242066204, grad_loss: None
2022-04-22 21:48:29,346 DEBUG epoch: 21, train_acc: 32.76305379746835, val_acc: 27.09, fidel_score: 27.46, acc_loss: 2.375586026831518, grad_loss: None
2022-04-22 21:48:31,524 DEBUG epoch: 22, train_acc: 34.48378164556962, val_acc: 26.81, fidel_score: 27.44, acc_loss: 2.3133076293559016, grad_loss: None
2022-04-22 21:48:33,695 DEBUG epoch: 23, train_acc: 37.42088607594937, val_acc: 31.52, fidel_score: 31.83, acc_loss: 2.188017750088173, grad_loss: None
2022-04-22 21:48:35,863 DEBUG epoch: 24, train_acc: 37.62856012658228, val_acc: 30.7, fidel_score: 31.02, acc_loss: 2.1743293894997127, grad_loss: None
2022-04-22 21:48:38,044 DEBUG epoch: 25, train_acc: 39.28995253164557, val_acc: 30.57, fidel_score: 30.87, acc_loss: 2.1011491455609286, grad_loss: None
2022-04-22 21:48:40,207 DEBUG epoch: 26, train_acc: 39.705300632911396, val_acc: 32.0, fidel_score: 32.52, acc_loss: 2.1083424876007855, grad_loss: None
2022-04-22 21:48:42,388 DEBUG epoch: 27, train_acc: 41.66337025316456, val_acc: 33.97, fidel_score: 34.34, acc_loss: 1.9966713235348086, grad_loss: None
2022-04-22 21:48:44,536 DEBUG epoch: 28, train_acc: 42.7314082278481, val_acc: 35.09, fidel_score: 35.39, acc_loss: 1.9870854631254944, grad_loss: None
2022-04-22 21:48:46,706 DEBUG epoch: 29, train_acc: 43.95767405063291, val_acc: 36.74, fidel_score: 36.72, acc_loss: 1.9138325965857204, grad_loss: None
2022-04-22 21:48:48,867 DEBUG epoch: 30, train_acc: 44.94659810126582, val_acc: 36.56, fidel_score: 36.99, acc_loss: 1.868305975877786, grad_loss: None
2022-04-22 21:48:51,035 DEBUG epoch: 31, train_acc: 45.826740506329116, val_acc: 32.05, fidel_score: 32.6, acc_loss: 1.8548888707462745, grad_loss: None
2022-04-22 21:48:53,202 DEBUG epoch: 32, train_acc: 46.261867088607595, val_acc: 38.63, fidel_score: 38.79, acc_loss: 1.83580302890343, grad_loss: None
2022-04-22 21:48:55,371 DEBUG epoch: 33, train_acc: 48.15071202531646, val_acc: 37.73, fidel_score: 38.07, acc_loss: 1.7411832402024088, grad_loss: None
2022-04-22 21:48:57,573 DEBUG epoch: 34, train_acc: 49.357199367088604, val_acc: 37.16, fidel_score: 37.94, acc_loss: 1.743757724761963, grad_loss: None
2022-04-22 21:48:59,756 DEBUG epoch: 35, train_acc: 50.84058544303797, val_acc: 37.71, fidel_score: 38.37, acc_loss: 1.6819231208366683, grad_loss: None
2022-04-22 21:49:01,910 DEBUG epoch: 36, train_acc: 52.31408227848101, val_acc: 39.64, fidel_score: 40.33, acc_loss: 1.6029354077351243, grad_loss: None
2022-04-22 21:49:04,056 DEBUG epoch: 37, train_acc: 53.33267405063291, val_acc: 39.67, fidel_score: 40.1, acc_loss: 1.552135796486577, grad_loss: None
2022-04-22 21:49:06,239 DEBUG epoch: 38, train_acc: 53.22389240506329, val_acc: 40.73, fidel_score: 42.02, acc_loss: 1.5598251065121422, grad_loss: None
2022-04-22 21:49:08,433 DEBUG epoch: 39, train_acc: 53.38212025316456, val_acc: 39.23, fidel_score: 39.63, acc_loss: 1.5484236886229696, grad_loss: None
2022-04-22 21:49:10,599 DEBUG epoch: 40, train_acc: 54.11392405063291, val_acc: 39.79, fidel_score: 40.3, acc_loss: 1.5334065051018437, grad_loss: None
2022-04-22 21:49:12,772 DEBUG epoch: 41, train_acc: 55.61708860759494, val_acc: 41.64, fidel_score: 42.37, acc_loss: 1.4725852012634277, grad_loss: None
2022-04-22 21:49:14,934 DEBUG epoch: 42, train_acc: 56.67523734177215, val_acc: 40.65, fidel_score: 41.34, acc_loss: 1.44580584387236, grad_loss: None
2022-04-22 21:49:17,099 DEBUG epoch: 43, train_acc: 59.27610759493671, val_acc: 40.6, fidel_score: 41.28, acc_loss: 1.3477074481263946, grad_loss: None
2022-04-22 21:49:19,266 DEBUG epoch: 44, train_acc: 60.452927215189874, val_acc: 41.35, fidel_score: 41.79, acc_loss: 1.3241414208955402, grad_loss: None
2022-04-22 21:49:21,494 DEBUG epoch: 45, train_acc: 59.77056962025316, val_acc: 42.33, fidel_score: 43.01, acc_loss: 1.3229063575780844, grad_loss: None
2022-04-22 21:49:23,673 DEBUG epoch: 46, train_acc: 59.107990506329116, val_acc: 39.07, fidel_score: 39.84, acc_loss: 1.353412618365469, grad_loss: None
2022-04-22 21:49:25,840 DEBUG epoch: 47, train_acc: 59.76068037974684, val_acc: 42.04, fidel_score: 42.71, acc_loss: 1.3387939069844499, grad_loss: None
2022-04-22 21:49:27,990 DEBUG epoch: 48, train_acc: 61.81764240506329, val_acc: 42.48, fidel_score: 43.44, acc_loss: 1.257662166523028, grad_loss: None
2022-04-22 21:49:30,166 DEBUG epoch: 49, train_acc: 62.83623417721519, val_acc: 40.31, fidel_score: 40.91, acc_loss: 1.2321222726302812, grad_loss: None
2022-04-22 21:49:32,336 DEBUG epoch: 50, train_acc: 63.62737341772152, val_acc: 41.88, fidel_score: 42.65, acc_loss: 1.195042938371248, grad_loss: None
2022-04-22 21:49:34,510 DEBUG epoch: 51, train_acc: 62.826344936708864, val_acc: 43.5, fidel_score: 44.29, acc_loss: 1.2198460200164891, grad_loss: None
2022-04-22 21:49:36,698 DEBUG epoch: 52, train_acc: 63.84493670886076, val_acc: 42.7, fidel_score: 43.97, acc_loss: 1.196283602261845, grad_loss: None
2022-04-22 21:49:38,869 DEBUG epoch: 53, train_acc: 65.67444620253164, val_acc: 41.13, fidel_score: 41.8, acc_loss: 1.130167153817189, grad_loss: None
2022-04-22 21:49:41,040 DEBUG epoch: 54, train_acc: 65.83267405063292, val_acc: 41.69, fidel_score: 42.5, acc_loss: 1.118052571634703, grad_loss: None
2022-04-22 21:49:43,221 DEBUG epoch: 55, train_acc: 67.15783227848101, val_acc: 43.19, fidel_score: 43.99, acc_loss: 1.071739029280747, grad_loss: None
2022-04-22 21:49:45,375 DEBUG epoch: 56, train_acc: 66.9501582278481, val_acc: 42.7, fidel_score: 43.49, acc_loss: 1.0930623547940315, grad_loss: None
2022-04-22 21:49:47,549 DEBUG epoch: 57, train_acc: 68.39398734177215, val_acc: 44.93, fidel_score: 45.58, acc_loss: 1.0248302590997913, grad_loss: None
2022-04-22 21:49:49,731 DEBUG epoch: 58, train_acc: 68.73022151898734, val_acc: 42.86, fidel_score: 43.72, acc_loss: 1.018306064454815, grad_loss: None
2022-04-22 21:49:51,894 DEBUG epoch: 59, train_acc: 70.12460443037975, val_acc: 42.12, fidel_score: 42.62, acc_loss: 0.9928245220003249, grad_loss: None
2022-04-22 21:49:54,068 DEBUG epoch: 60, train_acc: 78.70846518987342, val_acc: 47.88, fidel_score: 48.58, acc_loss: 0.6798769062078451, grad_loss: None
2022-04-22 21:49:56,220 DEBUG epoch: 61, train_acc: 83.64319620253164, val_acc: 47.56, fidel_score: 48.4, acc_loss: 0.5396494076976294, grad_loss: None
2022-04-22 21:49:58,391 DEBUG epoch: 62, train_acc: 83.61352848101266, val_acc: 47.57, fidel_score: 48.59, acc_loss: 0.51950566715832, grad_loss: None
2022-04-22 21:50:00,549 DEBUG epoch: 63, train_acc: 85.04746835443038, val_acc: 47.25, fidel_score: 48.26, acc_loss: 0.4799653610473947, grad_loss: None
2022-04-22 21:50:02,719 DEBUG epoch: 64, train_acc: 86.25395569620254, val_acc: 47.25, fidel_score: 48.3, acc_loss: 0.4478932747358008, grad_loss: None
2022-04-22 21:50:04,873 DEBUG epoch: 65, train_acc: 86.3132911392405, val_acc: 47.24, fidel_score: 48.22, acc_loss: 0.43358400709266903, grad_loss: None
2022-04-22 21:50:07,041 DEBUG epoch: 66, train_acc: 87.53955696202532, val_acc: 46.97, fidel_score: 48.26, acc_loss: 0.38865189857875243, grad_loss: None
2022-04-22 21:50:09,207 DEBUG epoch: 67, train_acc: 87.10443037974683, val_acc: 47.27, fidel_score: 48.31, acc_loss: 0.4114821698469452, grad_loss: None
2022-04-22 21:50:11,368 DEBUG epoch: 68, train_acc: 87.91534810126582, val_acc: 47.5, fidel_score: 48.45, acc_loss: 0.3860280359093147, grad_loss: None
2022-04-22 21:50:13,540 DEBUG epoch: 69, train_acc: 88.10324367088607, val_acc: 47.0, fidel_score: 48.02, acc_loss: 0.3686095804353304, grad_loss: None
2022-04-22 21:50:15,708 DEBUG epoch: 70, train_acc: 88.85482594936708, val_acc: 46.9, fidel_score: 47.94, acc_loss: 0.35816889774950245, grad_loss: None
2022-04-22 21:50:17,886 DEBUG epoch: 71, train_acc: 89.27017405063292, val_acc: 47.54, fidel_score: 48.31, acc_loss: 0.342078530901595, grad_loss: None
2022-04-22 21:50:20,028 DEBUG epoch: 72, train_acc: 89.34928797468355, val_acc: 47.83, fidel_score: 48.37, acc_loss: 0.33776805182046526, grad_loss: None
2022-04-22 21:50:22,202 DEBUG epoch: 73, train_acc: 89.99208860759494, val_acc: 47.3, fidel_score: 48.42, acc_loss: 0.3131757041887392, grad_loss: None
2022-04-22 21:50:24,373 DEBUG epoch: 74, train_acc: 89.82397151898734, val_acc: 47.1, fidel_score: 48.22, acc_loss: 0.3238954522375819, grad_loss: None
2022-04-22 21:50:26,546 DEBUG epoch: 75, train_acc: 90.7238924050633, val_acc: 47.5, fidel_score: 48.25, acc_loss: 0.2900572803956044, grad_loss: None
2022-04-22 21:50:28,714 DEBUG epoch: 76, train_acc: 91.26780063291139, val_acc: 47.17, fidel_score: 48.79, acc_loss: 0.2780658813971507, grad_loss: None
2022-04-22 21:50:30,884 DEBUG epoch: 77, train_acc: 91.06012658227849, val_acc: 47.17, fidel_score: 48.53, acc_loss: 0.27997701973477496, grad_loss: None
2022-04-22 21:50:33,047 DEBUG epoch: 78, train_acc: 91.24802215189874, val_acc: 46.93, fidel_score: 47.66, acc_loss: 0.27592474882361256, grad_loss: None
2022-04-22 21:50:35,204 DEBUG epoch: 79, train_acc: 90.73378164556962, val_acc: 46.8, fidel_score: 47.94, acc_loss: 0.28686373982625674, grad_loss: None
2022-04-22 21:50:37,377 DEBUG epoch: 80, train_acc: 91.59414556962025, val_acc: 46.12, fidel_score: 47.37, acc_loss: 0.27044101908237117, grad_loss: None
2022-04-22 21:50:39,586 DEBUG epoch: 81, train_acc: 91.5051424050633, val_acc: 47.01, fidel_score: 48.09, acc_loss: 0.26874043999970715, grad_loss: None
2022-04-22 21:50:41,751 DEBUG epoch: 82, train_acc: 92.13805379746836, val_acc: 46.42, fidel_score: 47.3, acc_loss: 0.25069126543364945, grad_loss: None
2022-04-22 21:50:43,921 DEBUG epoch: 83, train_acc: 92.14794303797468, val_acc: 47.04, fidel_score: 48.08, acc_loss: 0.24157398429852497, grad_loss: None
2022-04-22 21:50:46,105 DEBUG epoch: 84, train_acc: 92.54351265822785, val_acc: 46.61, fidel_score: 47.82, acc_loss: 0.23508617253620415, grad_loss: None
2022-04-22 21:50:48,271 DEBUG epoch: 85, train_acc: 93.22587025316456, val_acc: 46.82, fidel_score: 48.11, acc_loss: 0.21671880989135067, grad_loss: None
2022-04-22 21:50:50,447 DEBUG epoch: 86, train_acc: 92.50395569620254, val_acc: 46.57, fidel_score: 47.77, acc_loss: 0.23422267589765258, grad_loss: None
2022-04-22 21:50:52,607 DEBUG epoch: 87, train_acc: 92.94897151898734, val_acc: 47.13, fidel_score: 48.3, acc_loss: 0.22560923197601415, grad_loss: None
2022-04-22 21:50:54,770 DEBUG epoch: 88, train_acc: 92.55340189873418, val_acc: 46.97, fidel_score: 47.8, acc_loss: 0.2256951646148404, grad_loss: None
2022-04-22 21:50:56,957 DEBUG epoch: 89, train_acc: 93.00830696202532, val_acc: 46.86, fidel_score: 48.01, acc_loss: 0.22367034380948997, grad_loss: None
2022-04-22 21:50:59,128 DEBUG epoch: 90, train_acc: 93.54232594936708, val_acc: 46.04, fidel_score: 47.32, acc_loss: 0.2096670875443688, grad_loss: None
2022-04-22 21:51:01,297 DEBUG epoch: 91, train_acc: 93.50276898734177, val_acc: 47.07, fidel_score: 48.01, acc_loss: 0.21159341280596167, grad_loss: None
2022-04-22 21:51:03,455 DEBUG epoch: 92, train_acc: 93.42365506329114, val_acc: 46.04, fidel_score: 46.77, acc_loss: 0.21536718742756905, grad_loss: None
2022-04-22 21:51:05,640 DEBUG epoch: 93, train_acc: 93.07753164556962, val_acc: 46.74, fidel_score: 47.7, acc_loss: 0.21804318303548836, grad_loss: None
2022-04-22 21:51:07,803 DEBUG epoch: 94, train_acc: 94.18512658227849, val_acc: 46.12, fidel_score: 47.44, acc_loss: 0.1840221680040601, grad_loss: None
2022-04-22 21:51:09,964 DEBUG epoch: 95, train_acc: 93.8488924050633, val_acc: 46.62, fidel_score: 47.49, acc_loss: 0.19080724274810357, grad_loss: None
2022-04-22 21:51:12,146 DEBUG epoch: 96, train_acc: 93.73022151898734, val_acc: 46.29, fidel_score: 47.34, acc_loss: 0.20572890595921986, grad_loss: None
2022-04-22 21:51:14,317 DEBUG epoch: 97, train_acc: 93.97745253164557, val_acc: 46.16, fidel_score: 47.28, acc_loss: 0.19094959288081037, grad_loss: None
2022-04-22 21:51:16,469 DEBUG epoch: 98, train_acc: 95.57950949367088, val_acc: 45.49, fidel_score: 46.63, acc_loss: 0.14795357729249362, grad_loss: None
2022-04-22 21:51:18,640 DEBUG epoch: 99, train_acc: 94.24446202531645, val_acc: 45.75, fidel_score: 46.68, acc_loss: 0.1835960047908976, grad_loss: None
2022-04-22 21:51:20,792 DEBUG epoch: 100, train_acc: 93.88844936708861, val_acc: 46.8, fidel_score: 47.59, acc_loss: 0.18581573405786406, grad_loss: None
2022-04-22 21:51:22,974 DEBUG epoch: 101, train_acc: 93.8488924050633, val_acc: 45.5, fidel_score: 46.68, acc_loss: 0.19581169889697544, grad_loss: None
2022-04-22 21:51:25,146 DEBUG epoch: 102, train_acc: 94.56091772151899, val_acc: 46.09, fidel_score: 47.55, acc_loss: 0.17588129493443272, grad_loss: None
2022-04-22 21:51:27,331 DEBUG epoch: 103, train_acc: 94.49169303797468, val_acc: 46.67, fidel_score: 48.05, acc_loss: 0.18522166158956818, grad_loss: None
2022-04-22 21:51:29,490 DEBUG epoch: 104, train_acc: 94.51147151898734, val_acc: 46.11, fidel_score: 47.36, acc_loss: 0.16961066278664372, grad_loss: None
2022-04-22 21:51:31,644 DEBUG epoch: 105, train_acc: 94.47191455696202, val_acc: 46.21, fidel_score: 47.23, acc_loss: 0.17499050361257565, grad_loss: None
2022-04-22 21:51:33,834 DEBUG epoch: 106, train_acc: 95.22349683544304, val_acc: 46.57, fidel_score: 47.62, acc_loss: 0.1550408356080327, grad_loss: None
2022-04-22 21:51:36,006 DEBUG epoch: 107, train_acc: 94.68947784810126, val_acc: 46.51, fidel_score: 47.52, acc_loss: 0.1701105758076227, grad_loss: None
2022-04-22 21:51:38,185 DEBUG epoch: 108, train_acc: 94.54113924050633, val_acc: 45.32, fidel_score: 46.59, acc_loss: 0.17142956637883489, grad_loss: None
2022-04-22 21:51:40,345 DEBUG epoch: 109, train_acc: 94.97626582278481, val_acc: 45.79, fidel_score: 47.06, acc_loss: 0.15646528108399124, grad_loss: None
2022-04-22 21:51:42,499 DEBUG epoch: 110, train_acc: 95.03560126582279, val_acc: 46.91, fidel_score: 48.29, acc_loss: 0.16174043087831028, grad_loss: None
2022-04-22 21:51:44,684 DEBUG epoch: 111, train_acc: 95.45094936708861, val_acc: 46.15, fidel_score: 47.22, acc_loss: 0.1480051125105046, grad_loss: None
2022-04-22 21:51:46,838 DEBUG epoch: 112, train_acc: 94.9070411392405, val_acc: 46.16, fidel_score: 47.34, acc_loss: 0.15900684501739998, grad_loss: None
2022-04-22 21:51:49,005 DEBUG epoch: 113, train_acc: 94.92681962025317, val_acc: 46.34, fidel_score: 47.16, acc_loss: 0.16085529214219202, grad_loss: None
2022-04-22 21:51:51,168 DEBUG epoch: 114, train_acc: 94.7685917721519, val_acc: 46.51, fidel_score: 47.72, acc_loss: 0.164848176173017, grad_loss: None
2022-04-22 21:51:53,366 DEBUG epoch: 115, train_acc: 94.80814873417721, val_acc: 46.17, fidel_score: 47.18, acc_loss: 0.15963991066511674, grad_loss: None
2022-04-22 21:51:55,541 DEBUG epoch: 116, train_acc: 94.00712025316456, val_acc: 46.08, fidel_score: 47.1, acc_loss: 0.18413697546230087, grad_loss: None
2022-04-22 21:51:57,715 DEBUG epoch: 117, train_acc: 94.38291139240506, val_acc: 47.17, fidel_score: 48.33, acc_loss: 0.176582339602888, grad_loss: None
2022-04-22 21:51:59,888 DEBUG epoch: 118, train_acc: 95.88607594936708, val_acc: 46.6, fidel_score: 47.81, acc_loss: 0.1315115362500088, grad_loss: None
2022-04-22 21:52:02,056 DEBUG epoch: 119, train_acc: 95.58939873417721, val_acc: 45.93, fidel_score: 46.95, acc_loss: 0.14288018643856049, grad_loss: None
2022-04-22 21:52:04,233 DEBUG epoch: 120, train_acc: 96.00474683544304, val_acc: 45.35, fidel_score: 46.37, acc_loss: 0.13200540866561328, grad_loss: None
2022-04-22 21:52:06,393 DEBUG epoch: 121, train_acc: 93.87856012658227, val_acc: 46.09, fidel_score: 47.16, acc_loss: 0.18598609436539154, grad_loss: None
2022-04-22 21:52:08,566 DEBUG epoch: 122, train_acc: 95.50039556962025, val_acc: 46.62, fidel_score: 47.59, acc_loss: 0.1452218926499916, grad_loss: None
2022-04-22 21:52:10,737 DEBUG epoch: 123, train_acc: 96.52887658227849, val_acc: 46.44, fidel_score: 47.45, acc_loss: 0.11533665573931759, grad_loss: None
2022-04-22 21:52:12,932 DEBUG epoch: 124, train_acc: 96.15308544303798, val_acc: 45.72, fidel_score: 46.77, acc_loss: 0.12397415087192873, grad_loss: None
2022-04-22 21:52:15,122 DEBUG epoch: 125, train_acc: 95.76740506329114, val_acc: 46.0, fidel_score: 47.08, acc_loss: 0.13479343598967866, grad_loss: None
2022-04-22 21:52:17,301 DEBUG epoch: 126, train_acc: 95.93552215189874, val_acc: 46.08, fidel_score: 47.18, acc_loss: 0.13123180549827557, grad_loss: None
2022-04-22 21:52:19,481 DEBUG epoch: 127, train_acc: 95.89596518987342, val_acc: 46.6, fidel_score: 47.63, acc_loss: 0.12298466913590703, grad_loss: None
2022-04-22 21:52:21,646 DEBUG epoch: 128, train_acc: 95.25316455696202, val_acc: 45.06, fidel_score: 45.98, acc_loss: 0.15167837495668024, grad_loss: None
2022-04-22 21:52:23,810 DEBUG epoch: 129, train_acc: 94.79825949367088, val_acc: 46.34, fidel_score: 47.56, acc_loss: 0.17415955082713802, grad_loss: None
2022-04-22 21:52:25,975 DEBUG epoch: 130, train_acc: 96.06408227848101, val_acc: 46.02, fidel_score: 47.17, acc_loss: 0.12625446752939798, grad_loss: None
2022-04-22 21:52:28,162 DEBUG epoch: 131, train_acc: 96.20253164556962, val_acc: 46.21, fidel_score: 46.98, acc_loss: 0.1283603502272428, grad_loss: None
2022-04-22 21:52:30,323 DEBUG epoch: 132, train_acc: 96.4003164556962, val_acc: 46.55, fidel_score: 47.57, acc_loss: 0.11196205561061072, grad_loss: None
2022-04-22 21:52:32,500 DEBUG epoch: 133, train_acc: 95.95530063291139, val_acc: 46.1, fidel_score: 47.35, acc_loss: 0.12480027603480635, grad_loss: None
2022-04-22 21:52:34,679 DEBUG epoch: 134, train_acc: 96.11352848101266, val_acc: 46.17, fidel_score: 47.21, acc_loss: 0.12599294047944154, grad_loss: None
2022-04-22 21:52:36,840 DEBUG epoch: 135, train_acc: 95.62895569620254, val_acc: 45.84, fidel_score: 46.9, acc_loss: 0.13729201431704474, grad_loss: None
2022-04-22 21:52:39,011 DEBUG epoch: 136, train_acc: 96.14319620253164, val_acc: 45.96, fidel_score: 47.38, acc_loss: 0.11993275620514833, grad_loss: None
2022-04-22 21:52:41,166 DEBUG epoch: 137, train_acc: 96.10363924050633, val_acc: 46.12, fidel_score: 46.89, acc_loss: 0.12573280270341075, grad_loss: None
2022-04-22 21:52:43,343 DEBUG epoch: 138, train_acc: 95.83662974683544, val_acc: 45.74, fidel_score: 46.72, acc_loss: 0.13526430431328998, grad_loss: None
2022-04-22 21:52:45,498 DEBUG epoch: 139, train_acc: 96.07397151898734, val_acc: 46.45, fidel_score: 47.53, acc_loss: 0.12963463340096082, grad_loss: None
2022-04-22 21:52:47,650 DEBUG epoch: 140, train_acc: 97.15189873417721, val_acc: 47.04, fidel_score: 48.16, acc_loss: 0.09289556779438936, grad_loss: None
2022-04-22 21:52:49,814 DEBUG epoch: 141, train_acc: 96.69699367088607, val_acc: 45.91, fidel_score: 46.94, acc_loss: 0.10392435088376456, grad_loss: None
2022-04-22 21:52:51,983 DEBUG epoch: 142, train_acc: 96.2618670886076, val_acc: 46.39, fidel_score: 47.24, acc_loss: 0.12317609461613849, grad_loss: None
2022-04-22 21:52:54,151 DEBUG epoch: 143, train_acc: 94.6993670886076, val_acc: 46.21, fidel_score: 47.43, acc_loss: 0.16523057448713085, grad_loss: None
2022-04-22 21:52:56,319 DEBUG epoch: 144, train_acc: 94.68947784810126, val_acc: 46.22, fidel_score: 47.05, acc_loss: 0.17647103352259985, grad_loss: None
2022-04-22 21:52:58,498 DEBUG epoch: 145, train_acc: 96.83544303797468, val_acc: 46.58, fidel_score: 47.9, acc_loss: 0.1034752426173868, grad_loss: None
2022-04-22 21:53:00,670 DEBUG epoch: 146, train_acc: 97.01344936708861, val_acc: 45.61, fidel_score: 46.73, acc_loss: 0.09981629896107354, grad_loss: None
2022-04-22 21:53:02,852 DEBUG epoch: 147, train_acc: 97.12223101265823, val_acc: 45.83, fidel_score: 47.15, acc_loss: 0.09677880250294751, grad_loss: None
2022-04-22 21:53:05,038 DEBUG epoch: 148, train_acc: 96.8057753164557, val_acc: 46.84, fidel_score: 48.3, acc_loss: 0.10763746858397617, grad_loss: None
2022-04-22 21:53:07,198 DEBUG epoch: 149, train_acc: 96.72666139240506, val_acc: 46.63, fidel_score: 48.12, acc_loss: 0.10681604065849812, grad_loss: None
2022-04-22 21:53:09,364 DEBUG epoch: 150, train_acc: 98.15071202531645, val_acc: 47.03, fidel_score: 48.38, acc_loss: 0.0681674746985111, grad_loss: None
2022-04-22 21:53:11,531 DEBUG epoch: 151, train_acc: 98.87262658227849, val_acc: 47.44, fidel_score: 48.77, acc_loss: 0.046607690990041896, grad_loss: None
2022-04-22 21:53:13,693 DEBUG epoch: 152, train_acc: 98.89240506329114, val_acc: 47.48, fidel_score: 48.79, acc_loss: 0.041953006364357996, grad_loss: None
2022-04-22 21:53:15,890 DEBUG epoch: 153, train_acc: 98.68473101265823, val_acc: 47.59, fidel_score: 48.81, acc_loss: 0.051056791173553544, grad_loss: None
2022-04-22 21:53:18,035 DEBUG epoch: 154, train_acc: 98.97151898734177, val_acc: 47.46, fidel_score: 48.76, acc_loss: 0.040826933252141824, grad_loss: None
2022-04-22 21:53:20,233 DEBUG epoch: 155, train_acc: 99.12974683544304, val_acc: 47.54, fidel_score: 48.79, acc_loss: 0.033309717332543454, grad_loss: None
2022-04-22 21:53:22,390 DEBUG epoch: 156, train_acc: 99.01107594936708, val_acc: 47.3, fidel_score: 48.63, acc_loss: 0.04122388336948956, grad_loss: None
2022-04-22 21:53:24,549 DEBUG epoch: 157, train_acc: 98.66495253164557, val_acc: 47.59, fidel_score: 48.6, acc_loss: 0.05035525178124162, grad_loss: None
2022-04-22 21:53:26,713 DEBUG epoch: 158, train_acc: 99.2879746835443, val_acc: 47.29, fidel_score: 48.52, acc_loss: 0.031161887972038005, grad_loss: None
2022-04-22 21:53:28,871 DEBUG epoch: 159, train_acc: 99.16930379746836, val_acc: 47.57, fidel_score: 48.6, acc_loss: 0.03539910780183405, grad_loss: None
2022-04-22 21:53:31,032 DEBUG epoch: 160, train_acc: 99.09018987341773, val_acc: 47.68, fidel_score: 48.96, acc_loss: 0.0380842456877043, grad_loss: None
2022-04-22 21:53:33,206 DEBUG epoch: 161, train_acc: 99.10007911392405, val_acc: 47.5, fidel_score: 48.84, acc_loss: 0.03855296875397333, grad_loss: None
2022-04-22 21:53:35,380 DEBUG epoch: 162, train_acc: 99.10007911392405, val_acc: 47.31, fidel_score: 48.66, acc_loss: 0.035270155929146875, grad_loss: None
2022-04-22 21:53:37,543 DEBUG epoch: 163, train_acc: 99.0506329113924, val_acc: 47.31, fidel_score: 48.61, acc_loss: 0.03775114124593667, grad_loss: None
2022-04-22 21:53:39,707 DEBUG epoch: 164, train_acc: 99.27808544303798, val_acc: 47.3, fidel_score: 48.64, acc_loss: 0.02832175962202534, grad_loss: None
2022-04-22 21:53:41,881 DEBUG epoch: 165, train_acc: 99.10996835443038, val_acc: 47.46, fidel_score: 48.92, acc_loss: 0.03420229077698734, grad_loss: None
2022-04-22 21:53:44,067 DEBUG epoch: 166, train_acc: 99.3176424050633, val_acc: 47.76, fidel_score: 48.99, acc_loss: 0.031174048079955805, grad_loss: None
2022-04-22 21:53:46,243 DEBUG epoch: 167, train_acc: 99.15941455696202, val_acc: 47.7, fidel_score: 48.75, acc_loss: 0.03230165487709396, grad_loss: None
2022-04-22 21:53:48,432 DEBUG epoch: 168, train_acc: 99.36708860759494, val_acc: 47.74, fidel_score: 48.89, acc_loss: 0.029546289466014956, grad_loss: None
2022-04-22 21:53:50,618 DEBUG epoch: 169, train_acc: 99.01107594936708, val_acc: 47.63, fidel_score: 48.68, acc_loss: 0.03721986528886836, grad_loss: None
2022-04-22 21:53:52,790 DEBUG epoch: 170, train_acc: 99.04074367088607, val_acc: 47.49, fidel_score: 48.82, acc_loss: 0.03959416100590289, grad_loss: None
2022-04-22 21:53:54,965 DEBUG epoch: 171, train_acc: 99.26819620253164, val_acc: 47.3, fidel_score: 48.75, acc_loss: 0.03202217479923127, grad_loss: None
2022-04-22 21:53:57,130 DEBUG epoch: 172, train_acc: 99.35719936708861, val_acc: 47.66, fidel_score: 49.04, acc_loss: 0.026852086395661855, grad_loss: None
2022-04-22 21:53:59,289 DEBUG epoch: 173, train_acc: 99.10007911392405, val_acc: 47.68, fidel_score: 48.74, acc_loss: 0.033356164897426585, grad_loss: None
2022-04-22 21:54:01,463 DEBUG epoch: 174, train_acc: 99.42642405063292, val_acc: 47.66, fidel_score: 48.61, acc_loss: 0.02543839481600289, grad_loss: None
2022-04-22 21:54:03,642 DEBUG epoch: 175, train_acc: 99.43631329113924, val_acc: 47.2, fidel_score: 48.46, acc_loss: 0.02826340317643613, grad_loss: None
2022-04-22 21:54:05,804 DEBUG epoch: 176, train_acc: 99.06052215189874, val_acc: 47.36, fidel_score: 48.55, acc_loss: 0.03532244498794309, grad_loss: None
2022-04-22 21:54:07,969 DEBUG epoch: 177, train_acc: 99.16930379746836, val_acc: 47.45, fidel_score: 48.6, acc_loss: 0.033354161257112894, grad_loss: None
2022-04-22 21:54:10,128 DEBUG epoch: 178, train_acc: 99.46598101265823, val_acc: 47.62, fidel_score: 48.85, acc_loss: 0.026381727626335016, grad_loss: None
2022-04-22 21:54:12,288 DEBUG epoch: 179, train_acc: 99.35719936708861, val_acc: 47.51, fidel_score: 48.86, acc_loss: 0.027946605040585694, grad_loss: None
2022-04-22 21:54:14,448 DEBUG epoch: 180, train_acc: 99.26819620253164, val_acc: 46.99, fidel_score: 48.53, acc_loss: 0.030146653531119227, grad_loss: None
2022-04-22 21:54:16,619 DEBUG epoch: 181, train_acc: 99.35719936708861, val_acc: 47.58, fidel_score: 48.83, acc_loss: 0.028147471809311757, grad_loss: None
2022-04-22 21:54:18,806 DEBUG epoch: 182, train_acc: 99.04074367088607, val_acc: 47.49, fidel_score: 48.84, acc_loss: 0.035587615466122574, grad_loss: None
2022-04-22 21:54:20,991 DEBUG epoch: 183, train_acc: 99.3176424050633, val_acc: 47.42, fidel_score: 48.7, acc_loss: 0.029661685139931077, grad_loss: None
2022-04-22 21:54:23,167 DEBUG epoch: 184, train_acc: 99.35719936708861, val_acc: 47.21, fidel_score: 48.51, acc_loss: 0.02839034320373984, grad_loss: None
2022-04-22 21:54:25,373 DEBUG epoch: 185, train_acc: 99.1495253164557, val_acc: 47.45, fidel_score: 48.48, acc_loss: 0.03291291375114005, grad_loss: None
2022-04-22 21:54:27,566 DEBUG epoch: 186, train_acc: 99.47587025316456, val_acc: 47.29, fidel_score: 48.52, acc_loss: 0.028538859708682647, grad_loss: None
2022-04-22 21:54:29,735 DEBUG epoch: 187, train_acc: 99.49564873417721, val_acc: 47.44, fidel_score: 48.74, acc_loss: 0.025894796853012676, grad_loss: None
2022-04-22 21:54:31,883 DEBUG epoch: 188, train_acc: 99.51542721518987, val_acc: 47.57, fidel_score: 48.63, acc_loss: 0.023338921008560852, grad_loss: None
2022-04-22 21:54:34,042 DEBUG epoch: 189, train_acc: 99.30775316455696, val_acc: 47.31, fidel_score: 48.4, acc_loss: 0.030663301251663624, grad_loss: None
2022-04-22 21:54:36,209 DEBUG epoch: 190, train_acc: 99.23852848101266, val_acc: 47.43, fidel_score: 48.75, acc_loss: 0.02897278481764318, grad_loss: None
2022-04-22 21:54:38,395 DEBUG epoch: 191, train_acc: 99.40664556962025, val_acc: 47.43, fidel_score: 48.67, acc_loss: 0.026201400681858576, grad_loss: None
2022-04-22 21:54:40,567 DEBUG epoch: 192, train_acc: 99.17919303797468, val_acc: 47.51, fidel_score: 48.68, acc_loss: 0.035918693329337274, grad_loss: None
2022-04-22 21:54:42,763 DEBUG epoch: 193, train_acc: 99.39675632911393, val_acc: 47.33, fidel_score: 48.5, acc_loss: 0.02779903744724638, grad_loss: None
2022-04-22 21:54:44,933 DEBUG epoch: 194, train_acc: 99.33742088607595, val_acc: 47.36, fidel_score: 48.64, acc_loss: 0.03050636930120048, grad_loss: None
2022-04-22 21:54:47,098 DEBUG epoch: 195, train_acc: 99.43631329113924, val_acc: 47.46, fidel_score: 48.74, acc_loss: 0.024666687084621268, grad_loss: None
2022-04-22 21:54:49,276 DEBUG epoch: 196, train_acc: 99.34731012658227, val_acc: 47.29, fidel_score: 48.59, acc_loss: 0.03064918681342579, grad_loss: None
2022-04-22 21:54:51,440 DEBUG epoch: 197, train_acc: 99.47587025316456, val_acc: 47.3, fidel_score: 48.44, acc_loss: 0.02457077647971956, grad_loss: None
2022-04-22 21:54:53,601 DEBUG epoch: 198, train_acc: 99.32753164556962, val_acc: 47.36, fidel_score: 48.48, acc_loss: 0.029031631914026374, grad_loss: None
2022-04-22 21:54:55,785 DEBUG epoch: 199, train_acc: 99.27808544303798, val_acc: 47.49, fidel_score: 48.71, acc_loss: 0.030087174265645444, grad_loss: None
2022-04-22 21:54:57,961 DEBUG epoch: 200, train_acc: 99.55498417721519, val_acc: 47.43, fidel_score: 48.72, acc_loss: 0.024792743684676818, grad_loss: None
2022-04-22 21:55:00,134 DEBUG epoch: 201, train_acc: 99.23852848101266, val_acc: 47.21, fidel_score: 48.49, acc_loss: 0.030441204124259987, grad_loss: None
2022-04-22 21:55:02,313 DEBUG epoch: 202, train_acc: 99.44620253164557, val_acc: 47.25, fidel_score: 48.47, acc_loss: 0.026144609524267195, grad_loss: None
2022-04-22 21:55:04,483 DEBUG epoch: 203, train_acc: 99.34731012658227, val_acc: 47.38, fidel_score: 48.4, acc_loss: 0.02761834281897526, grad_loss: None
2022-04-22 21:55:06,646 DEBUG epoch: 204, train_acc: 99.4560917721519, val_acc: 47.5, fidel_score: 48.54, acc_loss: 0.027065340998358552, grad_loss: None
2022-04-22 21:55:08,803 DEBUG epoch: 205, train_acc: 99.57476265822785, val_acc: 47.45, fidel_score: 48.56, acc_loss: 0.022534052307917912, grad_loss: None
2022-04-22 21:55:10,981 DEBUG epoch: 206, train_acc: 99.55498417721519, val_acc: 47.42, fidel_score: 48.57, acc_loss: 0.022172499424483204, grad_loss: None
2022-04-22 21:55:13,178 DEBUG epoch: 207, train_acc: 99.54509493670886, val_acc: 47.14, fidel_score: 48.43, acc_loss: 0.026920526008463546, grad_loss: None
2022-04-22 21:55:15,365 DEBUG epoch: 208, train_acc: 99.5253164556962, val_acc: 47.44, fidel_score: 48.56, acc_loss: 0.024625539346421255, grad_loss: None
2022-04-22 21:55:17,538 DEBUG epoch: 209, train_acc: 99.35719936708861, val_acc: 47.59, fidel_score: 48.73, acc_loss: 0.027028274320101343, grad_loss: None
2022-04-22 21:55:19,693 DEBUG epoch: 210, train_acc: 99.3868670886076, val_acc: 46.93, fidel_score: 48.11, acc_loss: 0.02789635833388171, grad_loss: None
2022-04-22 21:55:21,867 DEBUG epoch: 211, train_acc: 99.23852848101266, val_acc: 47.2, fidel_score: 48.47, acc_loss: 0.033106520609883, grad_loss: None
2022-04-22 21:55:24,032 DEBUG epoch: 212, train_acc: 99.4560917721519, val_acc: 47.02, fidel_score: 48.28, acc_loss: 0.0281375084673585, grad_loss: None
2022-04-22 21:55:26,200 DEBUG epoch: 213, train_acc: 99.5253164556962, val_acc: 47.11, fidel_score: 48.51, acc_loss: 0.026815868757924514, grad_loss: None
2022-04-22 21:55:28,361 DEBUG epoch: 214, train_acc: 99.4560917721519, val_acc: 47.08, fidel_score: 48.55, acc_loss: 0.025926084045462216, grad_loss: None
2022-04-22 21:55:30,513 DEBUG epoch: 215, train_acc: 99.56487341772151, val_acc: 47.29, fidel_score: 48.65, acc_loss: 0.02287524033491087, grad_loss: None
2022-04-22 21:55:32,703 DEBUG epoch: 216, train_acc: 99.2879746835443, val_acc: 47.36, fidel_score: 48.5, acc_loss: 0.02927189807501869, grad_loss: None
2022-04-22 21:55:34,891 DEBUG epoch: 217, train_acc: 99.49564873417721, val_acc: 47.3, fidel_score: 48.54, acc_loss: 0.0259677073417255, grad_loss: None
2022-04-22 21:55:37,077 DEBUG epoch: 218, train_acc: 99.55498417721519, val_acc: 47.41, fidel_score: 48.56, acc_loss: 0.023199663235204695, grad_loss: None
2022-04-22 21:55:39,244 DEBUG epoch: 219, train_acc: 99.47587025316456, val_acc: 46.47, fidel_score: 47.89, acc_loss: 0.02478839637405133, grad_loss: None
2022-04-22 21:55:41,413 DEBUG epoch: 220, train_acc: 99.53520569620254, val_acc: 47.13, fidel_score: 48.45, acc_loss: 0.02361278214692315, grad_loss: None
2022-04-22 21:55:43,577 DEBUG epoch: 221, train_acc: 99.44620253164557, val_acc: 47.27, fidel_score: 48.52, acc_loss: 0.02471253061313418, grad_loss: None
2022-04-22 21:55:45,755 DEBUG epoch: 222, train_acc: 99.50553797468355, val_acc: 47.29, fidel_score: 48.56, acc_loss: 0.02426780015524901, grad_loss: None
2022-04-22 21:55:47,936 DEBUG epoch: 223, train_acc: 99.55498417721519, val_acc: 47.37, fidel_score: 48.62, acc_loss: 0.023238343596340545, grad_loss: None
2022-04-22 21:55:50,136 DEBUG epoch: 224, train_acc: 99.57476265822785, val_acc: 46.9, fidel_score: 48.2, acc_loss: 0.023954574415118352, grad_loss: None
2022-04-22 21:55:52,305 DEBUG epoch: 225, train_acc: 99.41653481012658, val_acc: 47.2, fidel_score: 48.55, acc_loss: 0.02715317668876599, grad_loss: None
2022-04-22 21:55:54,486 DEBUG epoch: 226, train_acc: 99.48575949367088, val_acc: 47.23, fidel_score: 48.59, acc_loss: 0.024676858468122686, grad_loss: None
2022-04-22 21:55:56,643 DEBUG epoch: 227, train_acc: 99.24841772151899, val_acc: 47.23, fidel_score: 48.51, acc_loss: 0.033374767532407104, grad_loss: None
2022-04-22 21:55:58,831 DEBUG epoch: 228, train_acc: 99.58465189873418, val_acc: 46.95, fidel_score: 48.29, acc_loss: 0.0216229013963072, grad_loss: None
2022-04-22 21:56:00,975 DEBUG epoch: 229, train_acc: 99.54509493670886, val_acc: 46.77, fidel_score: 48.25, acc_loss: 0.02026764856934359, grad_loss: None
2022-04-22 21:56:03,133 DEBUG epoch: 230, train_acc: 99.44620253164557, val_acc: 47.0, fidel_score: 48.17, acc_loss: 0.026793065085959963, grad_loss: None
2022-04-22 21:56:05,278 DEBUG epoch: 231, train_acc: 99.24841772151899, val_acc: 47.22, fidel_score: 48.55, acc_loss: 0.031724958710042356, grad_loss: None
2022-04-22 21:56:07,438 DEBUG epoch: 232, train_acc: 99.53520569620254, val_acc: 46.94, fidel_score: 48.25, acc_loss: 0.021338037975556865, grad_loss: None
2022-04-22 21:56:09,597 DEBUG epoch: 233, train_acc: 99.40664556962025, val_acc: 47.33, fidel_score: 48.49, acc_loss: 0.02636383092797161, grad_loss: None
2022-04-22 21:56:11,769 DEBUG epoch: 234, train_acc: 99.5253164556962, val_acc: 47.07, fidel_score: 48.1, acc_loss: 0.026806486655568965, grad_loss: None
2022-04-22 21:56:13,930 DEBUG epoch: 235, train_acc: 99.42642405063292, val_acc: 47.13, fidel_score: 48.43, acc_loss: 0.027569858207001904, grad_loss: None
2022-04-22 21:56:16,097 DEBUG epoch: 236, train_acc: 99.36708860759494, val_acc: 47.4, fidel_score: 48.6, acc_loss: 0.028787577486467323, grad_loss: None
2022-04-22 21:56:18,281 DEBUG epoch: 237, train_acc: 99.49564873417721, val_acc: 46.96, fidel_score: 48.41, acc_loss: 0.02365208891385435, grad_loss: None
2022-04-22 21:56:20,430 DEBUG epoch: 238, train_acc: 99.57476265822785, val_acc: 47.13, fidel_score: 48.54, acc_loss: 0.021634588813810033, grad_loss: None
2022-04-22 21:56:22,595 DEBUG epoch: 239, train_acc: 99.43631329113924, val_acc: 47.03, fidel_score: 48.19, acc_loss: 0.027340886510224847, grad_loss: None
2022-04-22 21:56:24,756 DEBUG epoch: 240, train_acc: 99.3868670886076, val_acc: 47.04, fidel_score: 48.37, acc_loss: 0.027505690450013817, grad_loss: None
2022-04-22 21:56:26,914 DEBUG epoch: 241, train_acc: 99.6242088607595, val_acc: 47.25, fidel_score: 48.4, acc_loss: 0.01893822252278841, grad_loss: None
2022-04-22 21:56:29,069 DEBUG epoch: 242, train_acc: 99.65387658227849, val_acc: 47.34, fidel_score: 48.47, acc_loss: 0.019593366076934, grad_loss: None
2022-04-22 21:56:31,223 DEBUG epoch: 243, train_acc: 99.64398734177215, val_acc: 47.29, fidel_score: 48.47, acc_loss: 0.02013933024062669, grad_loss: None
2022-04-22 21:56:33,416 DEBUG epoch: 244, train_acc: 99.34731012658227, val_acc: 47.33, fidel_score: 48.51, acc_loss: 0.02874859885748806, grad_loss: None
2022-04-22 21:56:35,574 DEBUG epoch: 245, train_acc: 99.6934335443038, val_acc: 47.32, fidel_score: 48.57, acc_loss: 0.02027922039674713, grad_loss: None
2022-04-22 21:56:37,733 DEBUG epoch: 246, train_acc: 99.51542721518987, val_acc: 47.25, fidel_score: 48.51, acc_loss: 0.023457827644799895, grad_loss: None
2022-04-22 21:56:39,898 DEBUG epoch: 247, train_acc: 99.57476265822785, val_acc: 47.33, fidel_score: 48.62, acc_loss: 0.022319961958152206, grad_loss: None
2022-04-22 21:56:42,086 DEBUG epoch: 248, train_acc: 99.54509493670886, val_acc: 47.3, fidel_score: 48.58, acc_loss: 0.02333093006340669, grad_loss: None
2022-04-22 21:56:44,257 DEBUG epoch: 249, train_acc: 99.51542721518987, val_acc: 47.38, fidel_score: 48.56, acc_loss: 0.02304365291684583, grad_loss: None
2022-04-22 21:56:46,438 DEBUG epoch: 250, train_acc: 99.70332278481013, val_acc: 47.3, fidel_score: 48.61, acc_loss: 0.019938924220166628, grad_loss: None
2022-04-22 21:56:48,623 DEBUG epoch: 251, train_acc: 99.61431962025317, val_acc: 47.17, fidel_score: 48.54, acc_loss: 0.021700821059484836, grad_loss: None
2022-04-22 21:56:50,786 DEBUG epoch: 252, train_acc: 99.65387658227849, val_acc: 47.38, fidel_score: 48.69, acc_loss: 0.01992266512582008, grad_loss: None
2022-04-22 21:56:52,955 DEBUG epoch: 253, train_acc: 99.63409810126582, val_acc: 47.3, fidel_score: 48.65, acc_loss: 0.018120305910352852, grad_loss: None
2022-04-22 21:56:55,128 DEBUG epoch: 254, train_acc: 99.49564873417721, val_acc: 47.18, fidel_score: 48.54, acc_loss: 0.025340503170096045, grad_loss: None
2022-04-22 21:56:57,295 DEBUG epoch: 255, train_acc: 99.49564873417721, val_acc: 47.16, fidel_score: 48.44, acc_loss: 0.027120501449909296, grad_loss: None
2022-04-22 21:56:59,481 DEBUG epoch: 256, train_acc: 99.5253164556962, val_acc: 47.21, fidel_score: 48.46, acc_loss: 0.02550219795430857, grad_loss: None
2022-04-22 21:57:01,636 DEBUG epoch: 257, train_acc: 99.71321202531645, val_acc: 47.28, fidel_score: 48.52, acc_loss: 0.018675745349919684, grad_loss: None
2022-04-22 21:57:03,805 DEBUG epoch: 258, train_acc: 99.66376582278481, val_acc: 47.23, fidel_score: 48.58, acc_loss: 0.019127172376677583, grad_loss: None
2022-04-22 21:57:05,958 DEBUG epoch: 259, train_acc: 99.70332278481013, val_acc: 47.23, fidel_score: 48.5, acc_loss: 0.01749950597840774, grad_loss: None
2022-04-22 21:57:08,109 DEBUG epoch: 260, train_acc: 99.70332278481013, val_acc: 47.31, fidel_score: 48.61, acc_loss: 0.019611335735284736, grad_loss: None
2022-04-22 21:57:10,255 DEBUG epoch: 261, train_acc: 99.4560917721519, val_acc: 47.33, fidel_score: 48.64, acc_loss: 0.025416383563977064, grad_loss: None
2022-04-22 21:57:12,426 DEBUG epoch: 262, train_acc: 99.64398734177215, val_acc: 47.36, fidel_score: 48.5, acc_loss: 0.019345596848244342, grad_loss: None
2022-04-22 21:57:14,606 DEBUG epoch: 263, train_acc: 99.5253164556962, val_acc: 47.44, fidel_score: 48.66, acc_loss: 0.022958876512048743, grad_loss: None
2022-04-22 21:57:16,778 DEBUG epoch: 264, train_acc: 99.65387658227849, val_acc: 47.4, fidel_score: 48.61, acc_loss: 0.02126578696343246, grad_loss: None
2022-04-22 21:57:18,950 DEBUG epoch: 265, train_acc: 99.68354430379746, val_acc: 47.48, fidel_score: 48.69, acc_loss: 0.018070537532102082, grad_loss: None
2022-04-22 21:57:21,103 DEBUG epoch: 266, train_acc: 99.57476265822785, val_acc: 47.3, fidel_score: 48.54, acc_loss: 0.019983152080845983, grad_loss: None
2022-04-22 21:57:23,260 DEBUG epoch: 267, train_acc: 99.72310126582279, val_acc: 47.42, fidel_score: 48.64, acc_loss: 0.017445485154756264, grad_loss: None
2022-04-22 21:57:25,428 DEBUG epoch: 268, train_acc: 99.56487341772151, val_acc: 47.26, fidel_score: 48.45, acc_loss: 0.021400487250825273, grad_loss: None
2022-04-22 21:57:27,581 DEBUG epoch: 269, train_acc: 99.72310126582279, val_acc: 47.22, fidel_score: 48.48, acc_loss: 0.01814761036370374, grad_loss: None
2022-04-22 21:57:29,747 DEBUG epoch: 270, train_acc: 99.6242088607595, val_acc: 47.28, fidel_score: 48.56, acc_loss: 0.021566772591794216, grad_loss: None
2022-04-22 21:57:31,892 DEBUG epoch: 271, train_acc: 99.71321202531645, val_acc: 47.27, fidel_score: 48.57, acc_loss: 0.016774223186075687, grad_loss: None
2022-04-22 21:57:34,043 DEBUG epoch: 272, train_acc: 99.4560917721519, val_acc: 47.23, fidel_score: 48.52, acc_loss: 0.02474274765994824, grad_loss: None
2022-04-22 21:57:36,211 DEBUG epoch: 273, train_acc: 99.53520569620254, val_acc: 47.31, fidel_score: 48.63, acc_loss: 0.023433707162289867, grad_loss: None
2022-04-22 21:57:38,397 DEBUG epoch: 274, train_acc: 99.65387658227849, val_acc: 47.33, fidel_score: 48.59, acc_loss: 0.024083330508180057, grad_loss: None
2022-04-22 21:57:40,546 DEBUG epoch: 275, train_acc: 99.6242088607595, val_acc: 47.47, fidel_score: 48.77, acc_loss: 0.021329056703680065, grad_loss: None
2022-04-22 21:57:42,732 DEBUG epoch: 276, train_acc: 99.57476265822785, val_acc: 47.16, fidel_score: 48.5, acc_loss: 0.023130260755697005, grad_loss: None
2022-04-22 21:57:44,910 DEBUG epoch: 277, train_acc: 99.55498417721519, val_acc: 47.27, fidel_score: 48.55, acc_loss: 0.0221160976466711, grad_loss: None
2022-04-22 21:57:47,058 DEBUG epoch: 278, train_acc: 99.67365506329114, val_acc: 47.42, fidel_score: 48.6, acc_loss: 0.019830239391473086, grad_loss: None
2022-04-22 21:57:49,226 DEBUG epoch: 279, train_acc: 99.47587025316456, val_acc: 47.51, fidel_score: 48.72, acc_loss: 0.021540464473817543, grad_loss: None
2022-04-22 21:57:51,387 DEBUG epoch: 280, train_acc: 99.65387658227849, val_acc: 47.37, fidel_score: 48.57, acc_loss: 0.019205624007773172, grad_loss: None
2022-04-22 21:57:53,548 DEBUG epoch: 281, train_acc: 99.44620253164557, val_acc: 47.39, fidel_score: 48.54, acc_loss: 0.025843641708923292, grad_loss: None
2022-04-22 21:57:55,710 DEBUG epoch: 282, train_acc: 99.51542721518987, val_acc: 47.34, fidel_score: 48.56, acc_loss: 0.021916631691723684, grad_loss: None
2022-04-22 21:57:57,886 DEBUG epoch: 283, train_acc: 99.64398734177215, val_acc: 47.37, fidel_score: 48.62, acc_loss: 0.020965513698108305, grad_loss: None
2022-04-22 21:58:00,066 DEBUG epoch: 284, train_acc: 99.5945411392405, val_acc: 47.43, fidel_score: 48.71, acc_loss: 0.02112126563192357, grad_loss: None
2022-04-22 21:58:02,245 DEBUG epoch: 285, train_acc: 99.47587025316456, val_acc: 47.41, fidel_score: 48.67, acc_loss: 0.024705621219369808, grad_loss: None
2022-04-22 21:58:04,432 DEBUG epoch: 286, train_acc: 99.71321202531645, val_acc: 47.23, fidel_score: 48.42, acc_loss: 0.017452358565870907, grad_loss: None
2022-04-22 21:58:06,608 DEBUG epoch: 287, train_acc: 99.72310126582279, val_acc: 47.23, fidel_score: 48.44, acc_loss: 0.01813777817613622, grad_loss: None
2022-04-22 21:58:08,775 DEBUG epoch: 288, train_acc: 99.54509493670886, val_acc: 47.27, fidel_score: 48.53, acc_loss: 0.025894669824739612, grad_loss: None
2022-04-22 21:58:10,948 DEBUG epoch: 289, train_acc: 99.60443037974683, val_acc: 47.29, fidel_score: 48.57, acc_loss: 0.023992594257822332, grad_loss: None
2022-04-22 21:58:13,124 DEBUG epoch: 290, train_acc: 99.51542721518987, val_acc: 47.26, fidel_score: 48.56, acc_loss: 0.023912003576236813, grad_loss: None
2022-04-22 21:58:15,291 DEBUG epoch: 291, train_acc: 99.5945411392405, val_acc: 47.3, fidel_score: 48.53, acc_loss: 0.020506909585711133, grad_loss: None
2022-04-22 21:58:17,449 DEBUG epoch: 292, train_acc: 99.60443037974683, val_acc: 47.21, fidel_score: 48.46, acc_loss: 0.022073764672290674, grad_loss: None
2022-04-22 21:58:19,627 DEBUG epoch: 293, train_acc: 99.60443037974683, val_acc: 47.22, fidel_score: 48.48, acc_loss: 0.02223613990995373, grad_loss: None
2022-04-22 21:58:21,797 DEBUG epoch: 294, train_acc: 99.61431962025317, val_acc: 47.13, fidel_score: 48.33, acc_loss: 0.021394752248933044, grad_loss: None
2022-04-22 21:58:23,959 DEBUG epoch: 295, train_acc: 99.5945411392405, val_acc: 47.15, fidel_score: 48.37, acc_loss: 0.022981304975957434, grad_loss: None
2022-04-22 21:58:26,126 DEBUG epoch: 296, train_acc: 99.57476265822785, val_acc: 47.07, fidel_score: 48.43, acc_loss: 0.02101378905869832, grad_loss: None
2022-04-22 21:58:28,297 DEBUG epoch: 297, train_acc: 99.72310126582279, val_acc: 47.12, fidel_score: 48.45, acc_loss: 0.02031009941644778, grad_loss: None
2022-04-22 21:58:30,473 DEBUG epoch: 298, train_acc: 99.53520569620254, val_acc: 47.15, fidel_score: 48.38, acc_loss: 0.023718619813458828, grad_loss: None
2022-04-22 21:58:32,640 DEBUG epoch: 299, train_acc: 99.64398734177215, val_acc: 47.15, fidel_score: 48.47, acc_loss: 0.019562612367275207, grad_loss: None
2022-04-22 21:58:34,805 DEBUG epoch: 300, train_acc: 99.72310126582279, val_acc: 47.15, fidel_score: 48.41, acc_loss: 0.019203079538714564, grad_loss: None
2022-04-22 21:58:34,805 DEBUG load best stealed model.
2022-04-22 21:58:34,805 DEBUG Best perform model, val_acc: 47.88, fidel_score: 48.58, acc_loss: 0.026852086395661855
2022-04-22 21:58:34,806 DEBUG load cloest stealed model.
2022-04-22 21:58:34,806 DEBUG Closest perform model, val_acc: 47.66, fidel_score: 49.04, acc_loss: 0.026852086395661855
