2022-04-22 19:36:25,976 DEBUG Namespace(arch='vgg11_bn', attack_client=0, attack_epochs=300, attack_style='SoftTrain_option', average_time=1, batch_size=128, bottleneck_option='None', cutlayer=4, data_proportion=0.02, dataset='cifar100', filename='ace_V2_epoch_vgg11_bn_cutlayer_4_client_1_seed125_dataset_cifar100_lr_0.05_200epoch', folder='saves/baseline', learning_rate=0.05, noniid_ratio=1.0, num_client=1, num_epochs='best', num_query=10000, random_seed=123, regularization='None', regularization_strength=0.0, scheme='V2_epoch', surrogate_arch='same', test_best=True, train_clas_layer=8.0)
2022-04-22 19:36:29,482 DEBUG Test (client-0):	Loss 1.2311 (1.7817)	Prec@1 75.000 (68.630)
2022-04-22 19:36:29,482 DEBUG  * Prec@1 68.630
2022-04-22 19:36:29,486 DEBUG load 0.weight to surrogate
2022-04-22 19:36:29,487 DEBUG load 0.bias to surrogate
2022-04-22 19:36:29,487 DEBUG load 1.weight to surrogate
2022-04-22 19:36:29,487 DEBUG load 1.bias to surrogate
2022-04-22 19:36:29,487 DEBUG load 1.running_mean to surrogate
2022-04-22 19:36:29,487 DEBUG load 1.running_var to surrogate
2022-04-22 19:36:29,487 DEBUG load 1.num_batches_tracked to surrogate
2022-04-22 19:36:29,491 DEBUG 20
2022-04-22 19:36:29,492 DEBUG 26
2022-04-22 19:36:29,492 DEBUG surrogate parameter has 26 trainable parameters!
2022-04-22 19:36:33,407 DEBUG epoch: 0, val_acc: 1.0, val_fidelity: 1.02
2022-04-22 19:36:34,527 DEBUG epoch: 1, train_acc: 0.9765625, val_acc: 0.79, fidel_score: 0.79, acc_loss: 4.604903399944305, grad_loss: None
2022-04-22 19:36:35,645 DEBUG epoch: 2, train_acc: 1.5549879670143127, val_acc: 0.93, fidel_score: 0.9, acc_loss: 4.598996937274933, grad_loss: None
2022-04-22 19:36:36,775 DEBUG epoch: 3, train_acc: 2.0658052563667297, val_acc: 1.0, fidel_score: 0.96, acc_loss: 4.590457856655121, grad_loss: None
2022-04-22 19:36:37,909 DEBUG epoch: 4, train_acc: 1.9756610542535782, val_acc: 1.0, fidel_score: 0.96, acc_loss: 4.582351386547089, grad_loss: None
2022-04-22 19:36:39,017 DEBUG epoch: 5, train_acc: 1.953125, val_acc: 1.0, fidel_score: 0.96, acc_loss: 4.572795152664185, grad_loss: None
2022-04-22 19:36:40,131 DEBUG epoch: 6, train_acc: 1.9756610542535782, val_acc: 1.0, fidel_score: 0.96, acc_loss: 4.56600147485733, grad_loss: None
2022-04-22 19:36:41,238 DEBUG epoch: 7, train_acc: 1.9756610542535782, val_acc: 1.08, fidel_score: 1.02, acc_loss: 4.562134623527527, grad_loss: None
2022-04-22 19:36:42,361 DEBUG epoch: 8, train_acc: 1.5549879670143127, val_acc: 1.0, fidel_score: 0.96, acc_loss: 4.557118475437164, grad_loss: None
2022-04-22 19:36:43,482 DEBUG epoch: 9, train_acc: 2.0432692170143127, val_acc: 1.0, fidel_score: 0.96, acc_loss: 4.550060749053955, grad_loss: None
2022-04-22 19:36:44,594 DEBUG epoch: 10, train_acc: 1.9981971085071564, val_acc: 1.0, fidel_score: 0.96, acc_loss: 4.546059429645538, grad_loss: None
2022-04-22 19:36:45,702 DEBUG epoch: 11, train_acc: 1.9981971085071564, val_acc: 1.0, fidel_score: 0.96, acc_loss: 4.530352830886841, grad_loss: None
2022-04-22 19:36:46,819 DEBUG epoch: 12, train_acc: 1.85546875, val_acc: 1.3, fidel_score: 1.28, acc_loss: 4.503083944320679, grad_loss: None
2022-04-22 19:36:47,948 DEBUG epoch: 13, train_acc: 2.268629804253578, val_acc: 1.81, fidel_score: 1.9, acc_loss: 4.46357661485672, grad_loss: None
2022-04-22 19:36:49,065 DEBUG epoch: 14, train_acc: 3.3879206776618958, val_acc: 2.19, fidel_score: 2.24, acc_loss: 4.413249909877777, grad_loss: None
2022-04-22 19:36:50,196 DEBUG epoch: 15, train_acc: 3.5832331776618958, val_acc: 2.44, fidel_score: 2.45, acc_loss: 4.380889594554901, grad_loss: None
2022-04-22 19:36:51,326 DEBUG epoch: 16, train_acc: 3.9513221085071564, val_acc: 2.64, fidel_score: 2.54, acc_loss: 4.319412589073181, grad_loss: None
2022-04-22 19:36:52,450 DEBUG epoch: 17, train_acc: 4.830228358507156, val_acc: 3.35, fidel_score: 3.43, acc_loss: 4.225986003875732, grad_loss: None
2022-04-22 19:36:53,587 DEBUG epoch: 18, train_acc: 6.024639427661896, val_acc: 4.1, fidel_score: 4.2, acc_loss: 4.145505309104919, grad_loss: None
2022-04-22 19:36:54,725 DEBUG epoch: 19, train_acc: 6.7683292627334595, val_acc: 4.53, fidel_score: 4.38, acc_loss: 4.094682604074478, grad_loss: None
2022-04-22 19:36:55,847 DEBUG epoch: 20, train_acc: 6.9711538553237915, val_acc: 4.3, fidel_score: 4.48, acc_loss: 3.939972847700119, grad_loss: None
2022-04-22 19:36:56,982 DEBUG epoch: 21, train_acc: 6.926081717014313, val_acc: 6.32, fidel_score: 6.45, acc_loss: 3.8192941546440125, grad_loss: None
2022-04-22 19:36:58,117 DEBUG epoch: 22, train_acc: 8.698918223381042, val_acc: 6.85, fidel_score: 6.79, acc_loss: 3.693370670080185, grad_loss: None
2022-04-22 19:36:59,245 DEBUG epoch: 23, train_acc: 8.51111775636673, val_acc: 6.01, fidel_score: 6.16, acc_loss: 3.697973519563675, grad_loss: None
2022-04-22 19:37:00,371 DEBUG epoch: 24, train_acc: 10.05859375, val_acc: 6.9, fidel_score: 7.08, acc_loss: 3.6036275923252106, grad_loss: None
2022-04-22 19:37:01,511 DEBUG epoch: 25, train_acc: 8.52614176273346, val_acc: 6.61, fidel_score: 6.51, acc_loss: 3.638151228427887, grad_loss: None
2022-04-22 19:37:02,623 DEBUG epoch: 26, train_acc: 12.184495210647583, val_acc: 7.74, fidel_score: 7.94, acc_loss: 3.5237689912319183, grad_loss: None
2022-04-22 19:37:03,748 DEBUG epoch: 27, train_acc: 10.494290828704834, val_acc: 8.4, fidel_score: 8.68, acc_loss: 3.5444499850273132, grad_loss: None
2022-04-22 19:37:04,881 DEBUG epoch: 28, train_acc: 11.478365302085876, val_acc: 8.92, fidel_score: 9.17, acc_loss: 3.4403500854969025, grad_loss: None
2022-04-22 19:37:06,013 DEBUG epoch: 29, train_acc: 13.679386854171753, val_acc: 7.61, fidel_score: 7.86, acc_loss: 3.317368596792221, grad_loss: None
2022-04-22 19:37:07,131 DEBUG epoch: 30, train_acc: 13.79957926273346, val_acc: 9.51, fidel_score: 9.38, acc_loss: 3.28824046254158, grad_loss: None
2022-04-22 19:37:08,253 DEBUG epoch: 31, train_acc: 14.242788434028625, val_acc: 9.59, fidel_score: 9.74, acc_loss: 3.265218824148178, grad_loss: None
2022-04-22 19:37:09,366 DEBUG epoch: 32, train_acc: 13.934795618057251, val_acc: 8.2, fidel_score: 8.17, acc_loss: 3.2406678795814514, grad_loss: None
2022-04-22 19:37:10,476 DEBUG epoch: 33, train_acc: 14.866286039352417, val_acc: 10.05, fidel_score: 10.51, acc_loss: 3.2102637887001038, grad_loss: None
2022-04-22 19:37:11,610 DEBUG epoch: 34, train_acc: 15.647536039352417, val_acc: 9.08, fidel_score: 9.56, acc_loss: 3.1260844469070435, grad_loss: None
2022-04-22 19:37:12,730 DEBUG epoch: 35, train_acc: 19.10306477546692, val_acc: 10.86, fidel_score: 10.9, acc_loss: 2.9883093535900116, grad_loss: None
2022-04-22 19:37:13,848 DEBUG epoch: 36, train_acc: 18.186598539352417, val_acc: 10.16, fidel_score: 10.28, acc_loss: 2.9867520928382874, grad_loss: None
2022-04-22 19:37:14,970 DEBUG epoch: 37, train_acc: 21.34915852546692, val_acc: 9.41, fidel_score: 9.81, acc_loss: 2.893341064453125, grad_loss: None
2022-04-22 19:37:16,091 DEBUG epoch: 38, train_acc: 16.40625, val_acc: 10.49, fidel_score: 10.8, acc_loss: 3.1092590987682343, grad_loss: None
2022-04-22 19:37:17,229 DEBUG epoch: 39, train_acc: 20.890925407409668, val_acc: 10.92, fidel_score: 11.33, acc_loss: 2.902667224407196, grad_loss: None
2022-04-22 19:37:18,340 DEBUG epoch: 40, train_acc: 19.764122486114502, val_acc: 11.39, fidel_score: 11.35, acc_loss: 2.934263378381729, grad_loss: None
2022-04-22 19:37:19,459 DEBUG epoch: 41, train_acc: 24.661959171295166, val_acc: 12.8, fidel_score: 13.11, acc_loss: 2.7161548733711243, grad_loss: None
2022-04-22 19:37:20,586 DEBUG epoch: 42, train_acc: 25.398136854171753, val_acc: 10.49, fidel_score: 10.69, acc_loss: 2.6149140298366547, grad_loss: None
2022-04-22 19:37:21,699 DEBUG epoch: 43, train_acc: 24.241286039352417, val_acc: 12.03, fidel_score: 12.41, acc_loss: 2.671722948551178, grad_loss: None
2022-04-22 19:37:22,815 DEBUG epoch: 44, train_acc: 25.172776222229004, val_acc: 11.06, fidel_score: 11.39, acc_loss: 2.7003751397132874, grad_loss: None
2022-04-22 19:37:23,925 DEBUG epoch: 45, train_acc: 22.934194564819336, val_acc: 11.24, fidel_score: 11.26, acc_loss: 2.7200673818588257, grad_loss: None
2022-04-22 19:37:25,052 DEBUG epoch: 46, train_acc: 24.729567289352417, val_acc: 11.54, fidel_score: 11.99, acc_loss: 2.6979356706142426, grad_loss: None
2022-04-22 19:37:26,164 DEBUG epoch: 47, train_acc: 27.155949354171753, val_acc: 12.28, fidel_score: 12.54, acc_loss: 2.570933163166046, grad_loss: None
2022-04-22 19:37:27,292 DEBUG epoch: 48, train_acc: 25.5859375, val_acc: 12.97, fidel_score: 13.53, acc_loss: 2.586409032344818, grad_loss: None
2022-04-22 19:37:28,422 DEBUG epoch: 49, train_acc: 29.537259578704834, val_acc: 12.61, fidel_score: 12.74, acc_loss: 2.459332913160324, grad_loss: None
2022-04-22 19:37:29,548 DEBUG epoch: 50, train_acc: 30.679086446762085, val_acc: 13.64, fidel_score: 13.25, acc_loss: 2.4256331026554108, grad_loss: None
2022-04-22 19:37:30,680 DEBUG epoch: 51, train_acc: 30.942007064819336, val_acc: 13.59, fidel_score: 14.12, acc_loss: 2.3860770761966705, grad_loss: None
2022-04-22 19:37:31,804 DEBUG epoch: 52, train_acc: 29.409555196762085, val_acc: 11.99, fidel_score: 12.25, acc_loss: 2.4562963992357254, grad_loss: None
2022-04-22 19:37:32,927 DEBUG epoch: 53, train_acc: 30.265925407409668, val_acc: 13.46, fidel_score: 13.83, acc_loss: 2.461819589138031, grad_loss: None
2022-04-22 19:37:34,051 DEBUG epoch: 54, train_acc: 35.990084171295166, val_acc: 14.02, fidel_score: 14.53, acc_loss: 2.2123777121305466, grad_loss: None
2022-04-22 19:37:35,176 DEBUG epoch: 55, train_acc: 38.73948287963867, val_acc: 14.14, fidel_score: 14.37, acc_loss: 1.9950595498085022, grad_loss: None
2022-04-22 19:37:36,293 DEBUG epoch: 56, train_acc: 36.45582914352417, val_acc: 13.76, fidel_score: 13.87, acc_loss: 2.182669758796692, grad_loss: None
2022-04-22 19:37:37,419 DEBUG epoch: 57, train_acc: 36.71123790740967, val_acc: 13.92, fidel_score: 14.04, acc_loss: 2.1434027701616287, grad_loss: None
2022-04-22 19:37:38,544 DEBUG epoch: 58, train_acc: 32.45192289352417, val_acc: 13.52, fidel_score: 13.85, acc_loss: 2.346905916929245, grad_loss: None
2022-04-22 19:37:39,669 DEBUG epoch: 59, train_acc: 34.95342540740967, val_acc: 13.97, fidel_score: 14.28, acc_loss: 2.28047975897789, grad_loss: None
2022-04-22 19:37:40,804 DEBUG epoch: 60, train_acc: 44.411057472229004, val_acc: 15.99, fidel_score: 16.06, acc_loss: 1.8900022059679031, grad_loss: None
2022-04-22 19:37:41,928 DEBUG epoch: 61, train_acc: 49.0234375, val_acc: 15.78, fidel_score: 15.89, acc_loss: 1.6393277496099472, grad_loss: None
2022-04-22 19:37:43,055 DEBUG epoch: 62, train_acc: 52.60667037963867, val_acc: 16.4, fidel_score: 16.49, acc_loss: 1.551745429635048, grad_loss: None
2022-04-22 19:37:44,165 DEBUG epoch: 63, train_acc: 57.09885787963867, val_acc: 16.27, fidel_score: 16.49, acc_loss: 1.4181369841098785, grad_loss: None
2022-04-22 19:37:45,294 DEBUG epoch: 64, train_acc: 55.423677921295166, val_acc: 16.41, fidel_score: 16.77, acc_loss: 1.3714504092931747, grad_loss: None
2022-04-22 19:37:46,412 DEBUG epoch: 65, train_acc: 58.56370162963867, val_acc: 16.36, fidel_score: 16.65, acc_loss: 1.3517481237649918, grad_loss: None
2022-04-22 19:37:47,532 DEBUG epoch: 66, train_acc: 57.699819564819336, val_acc: 16.76, fidel_score: 17.22, acc_loss: 1.316468819975853, grad_loss: None
2022-04-22 19:37:48,659 DEBUG epoch: 67, train_acc: 57.35426664352417, val_acc: 17.12, fidel_score: 17.52, acc_loss: 1.3406693637371063, grad_loss: None
2022-04-22 19:37:49,778 DEBUG epoch: 68, train_acc: 59.5703125, val_acc: 16.82, fidel_score: 16.98, acc_loss: 1.3003311157226562, grad_loss: None
2022-04-22 19:37:50,887 DEBUG epoch: 69, train_acc: 61.02764415740967, val_acc: 16.37, fidel_score: 16.58, acc_loss: 1.2158263623714447, grad_loss: None
2022-04-22 19:37:52,007 DEBUG epoch: 70, train_acc: 61.71875, val_acc: 16.02, fidel_score: 16.55, acc_loss: 1.1848467737436295, grad_loss: None
2022-04-22 19:37:53,129 DEBUG epoch: 71, train_acc: 61.59104537963867, val_acc: 15.96, fidel_score: 16.08, acc_loss: 1.1748148202896118, grad_loss: None
2022-04-22 19:37:54,252 DEBUG epoch: 72, train_acc: 66.30108165740967, val_acc: 16.66, fidel_score: 17.06, acc_loss: 1.0532262921333313, grad_loss: None
2022-04-22 19:37:55,384 DEBUG epoch: 73, train_acc: 66.12830543518066, val_acc: 16.39, fidel_score: 16.42, acc_loss: 1.0830130875110626, grad_loss: None
2022-04-22 19:37:56,499 DEBUG epoch: 74, train_acc: 65.1517424583435, val_acc: 16.41, fidel_score: 16.71, acc_loss: 1.095578521490097, grad_loss: None
2022-04-22 19:37:57,607 DEBUG epoch: 75, train_acc: 62.95823287963867, val_acc: 15.9, fidel_score: 16.11, acc_loss: 1.1440282985568047, grad_loss: None
2022-04-22 19:37:58,725 DEBUG epoch: 76, train_acc: 63.52914619445801, val_acc: 16.75, fidel_score: 16.91, acc_loss: 1.0629635751247406, grad_loss: None
2022-04-22 19:37:59,844 DEBUG epoch: 77, train_acc: 64.85126209259033, val_acc: 16.32, fidel_score: 16.39, acc_loss: 1.0695757865905762, grad_loss: None
2022-04-22 19:38:00,977 DEBUG epoch: 78, train_acc: 69.921875, val_acc: 16.75, fidel_score: 17.09, acc_loss: 0.9411614537239075, grad_loss: None
2022-04-22 19:38:02,115 DEBUG epoch: 79, train_acc: 67.13491535186768, val_acc: 16.67, fidel_score: 16.95, acc_loss: 1.0095524862408638, grad_loss: None
2022-04-22 19:38:03,225 DEBUG epoch: 80, train_acc: 69.06550455093384, val_acc: 16.09, fidel_score: 16.39, acc_loss: 0.9071490168571472, grad_loss: None
2022-04-22 19:38:04,360 DEBUG epoch: 81, train_acc: 69.27584075927734, val_acc: 16.38, fidel_score: 16.57, acc_loss: 0.928902879357338, grad_loss: None
2022-04-22 19:38:05,496 DEBUG epoch: 82, train_acc: 69.75660991668701, val_acc: 17.07, fidel_score: 17.56, acc_loss: 0.9193890988826752, grad_loss: None
2022-04-22 19:38:06,629 DEBUG epoch: 83, train_acc: 72.03275203704834, val_acc: 16.11, fidel_score: 16.59, acc_loss: 0.8670160993933678, grad_loss: None
2022-04-22 19:38:07,750 DEBUG epoch: 84, train_acc: 75.42067241668701, val_acc: 16.25, fidel_score: 16.73, acc_loss: 0.8070565089583397, grad_loss: None
2022-04-22 19:38:08,867 DEBUG epoch: 85, train_acc: 71.17638206481934, val_acc: 16.82, fidel_score: 17.29, acc_loss: 0.8896793648600578, grad_loss: None
2022-04-22 19:38:09,989 DEBUG epoch: 86, train_acc: 73.828125, val_acc: 16.76, fidel_score: 16.98, acc_loss: 0.7980383187532425, grad_loss: None
2022-04-22 19:38:11,116 DEBUG epoch: 87, train_acc: 71.97265625, val_acc: 14.85, fidel_score: 15.49, acc_loss: 0.8735590726137161, grad_loss: None
2022-04-22 19:38:12,245 DEBUG epoch: 88, train_acc: 67.69831705093384, val_acc: 15.49, fidel_score: 15.78, acc_loss: 0.9940962567925453, grad_loss: None
2022-04-22 19:38:13,363 DEBUG epoch: 89, train_acc: 69.06550455093384, val_acc: 16.44, fidel_score: 16.55, acc_loss: 0.9586105570197105, grad_loss: None
2022-04-22 19:38:14,493 DEBUG epoch: 90, train_acc: 68.71243953704834, val_acc: 16.46, fidel_score: 16.64, acc_loss: 0.9495116770267487, grad_loss: None
2022-04-22 19:38:15,617 DEBUG epoch: 91, train_acc: 74.07602119445801, val_acc: 15.96, fidel_score: 16.38, acc_loss: 0.8574981391429901, grad_loss: None
2022-04-22 19:38:16,736 DEBUG epoch: 92, train_acc: 72.42337703704834, val_acc: 15.31, fidel_score: 15.61, acc_loss: 0.9045553505420685, grad_loss: None
2022-04-22 19:38:17,863 DEBUG epoch: 93, train_acc: 64.31790828704834, val_acc: 17.06, fidel_score: 17.09, acc_loss: 1.1158147230744362, grad_loss: None
2022-04-22 19:38:18,990 DEBUG epoch: 94, train_acc: 72.50600910186768, val_acc: 16.21, fidel_score: 16.43, acc_loss: 0.8594207391142845, grad_loss: None
2022-04-22 19:38:20,118 DEBUG epoch: 95, train_acc: 72.94170665740967, val_acc: 17.2, fidel_score: 17.63, acc_loss: 0.8003355711698532, grad_loss: None
2022-04-22 19:38:21,224 DEBUG epoch: 96, train_acc: 76.53245162963867, val_acc: 16.57, fidel_score: 16.8, acc_loss: 0.7239533886313438, grad_loss: None
2022-04-22 19:38:22,364 DEBUG epoch: 97, train_acc: 75.10516834259033, val_acc: 16.42, fidel_score: 16.62, acc_loss: 0.7990013509988785, grad_loss: None
2022-04-22 19:38:23,475 DEBUG epoch: 98, train_acc: 77.23106956481934, val_acc: 16.32, fidel_score: 16.6, acc_loss: 0.7210031822323799, grad_loss: None
2022-04-22 19:38:24,601 DEBUG epoch: 99, train_acc: 73.36237907409668, val_acc: 16.72, fidel_score: 16.95, acc_loss: 0.8117895983159542, grad_loss: None
2022-04-22 19:38:25,728 DEBUG epoch: 100, train_acc: 79.664963722229, val_acc: 16.65, fidel_score: 16.82, acc_loss: 0.6670198366045952, grad_loss: None
2022-04-22 19:38:26,854 DEBUG epoch: 101, train_acc: 76.64513206481934, val_acc: 16.3, fidel_score: 16.46, acc_loss: 0.7159174978733063, grad_loss: None
2022-04-22 19:38:27,989 DEBUG epoch: 102, train_acc: 79.58233165740967, val_acc: 16.88, fidel_score: 17.28, acc_loss: 0.6674602180719376, grad_loss: None
2022-04-22 19:38:29,111 DEBUG epoch: 103, train_acc: 77.89212703704834, val_acc: 16.2, fidel_score: 16.48, acc_loss: 0.6992389932274818, grad_loss: None
2022-04-22 19:38:30,227 DEBUG epoch: 104, train_acc: 80.43870162963867, val_acc: 16.65, fidel_score: 17.08, acc_loss: 0.6419731043279171, grad_loss: None
2022-04-22 19:38:31,334 DEBUG epoch: 105, train_acc: 76.94561290740967, val_acc: 16.46, fidel_score: 16.7, acc_loss: 0.6993095502257347, grad_loss: None
2022-04-22 19:38:32,447 DEBUG epoch: 106, train_acc: 79.72505950927734, val_acc: 16.22, fidel_score: 16.54, acc_loss: 0.6309357918798923, grad_loss: None
2022-04-22 19:38:33,572 DEBUG epoch: 107, train_acc: 80.48377418518066, val_acc: 16.81, fidel_score: 17.2, acc_loss: 0.6231918148696423, grad_loss: None
2022-04-22 19:38:34,690 DEBUG epoch: 108, train_acc: 80.72415828704834, val_acc: 15.82, fidel_score: 15.92, acc_loss: 0.6372719034552574, grad_loss: None
2022-04-22 19:38:35,817 DEBUG epoch: 109, train_acc: 77.59164619445801, val_acc: 16.15, fidel_score: 16.51, acc_loss: 0.7144397236406803, grad_loss: None
2022-04-22 19:38:36,943 DEBUG epoch: 110, train_acc: 78.16255950927734, val_acc: 16.44, fidel_score: 17.02, acc_loss: 0.6922693774104118, grad_loss: None
2022-04-22 19:38:38,062 DEBUG epoch: 111, train_acc: 82.72235584259033, val_acc: 16.5, fidel_score: 17.0, acc_loss: 0.6052001900970936, grad_loss: None
2022-04-22 19:38:39,180 DEBUG epoch: 112, train_acc: 83.278244972229, val_acc: 16.34, fidel_score: 16.69, acc_loss: 0.5590936131775379, grad_loss: None
2022-04-22 19:38:40,300 DEBUG epoch: 113, train_acc: 83.30078125, val_acc: 16.31, fidel_score: 16.7, acc_loss: 0.5624150298535824, grad_loss: None
2022-04-22 19:38:41,420 DEBUG epoch: 114, train_acc: 81.76081657409668, val_acc: 16.77, fidel_score: 17.21, acc_loss: 0.5612586811184883, grad_loss: None
2022-04-22 19:38:42,575 DEBUG epoch: 115, train_acc: 85.23888206481934, val_acc: 17.13, fidel_score: 17.46, acc_loss: 0.5008293949067593, grad_loss: None
2022-04-22 19:38:43,692 DEBUG epoch: 116, train_acc: 82.28665828704834, val_acc: 16.65, fidel_score: 17.23, acc_loss: 0.563306599855423, grad_loss: None
2022-04-22 19:38:44,824 DEBUG epoch: 117, train_acc: 85.08864116668701, val_acc: 16.69, fidel_score: 17.05, acc_loss: 0.5275029204785824, grad_loss: None
2022-04-22 19:38:45,932 DEBUG epoch: 118, train_acc: 83.09795665740967, val_acc: 16.43, fidel_score: 16.66, acc_loss: 0.5681100264191628, grad_loss: None
2022-04-22 19:38:47,051 DEBUG epoch: 119, train_acc: 78.77103328704834, val_acc: 16.55, fidel_score: 17.0, acc_loss: 0.703407134860754, grad_loss: None
2022-04-22 19:38:48,163 DEBUG epoch: 120, train_acc: 81.36268043518066, val_acc: 16.91, fidel_score: 17.43, acc_loss: 0.6235999576747417, grad_loss: None
2022-04-22 19:38:49,286 DEBUG epoch: 121, train_acc: 83.94681453704834, val_acc: 16.91, fidel_score: 17.35, acc_loss: 0.524150300770998, grad_loss: None
2022-04-22 19:38:50,411 DEBUG epoch: 122, train_acc: 82.39182662963867, val_acc: 16.42, fidel_score: 16.91, acc_loss: 0.5895668044686317, grad_loss: None
2022-04-22 19:38:51,540 DEBUG epoch: 123, train_acc: 82.594651222229, val_acc: 16.01, fidel_score: 16.28, acc_loss: 0.5649919360876083, grad_loss: None
2022-04-22 19:38:52,667 DEBUG epoch: 124, train_acc: 77.84705543518066, val_acc: 16.22, fidel_score: 16.53, acc_loss: 0.6896426752209663, grad_loss: None
2022-04-22 19:38:53,790 DEBUG epoch: 125, train_acc: 83.27073287963867, val_acc: 16.48, fidel_score: 16.74, acc_loss: 0.5477268174290657, grad_loss: None
2022-04-22 19:38:54,915 DEBUG epoch: 126, train_acc: 83.05288410186768, val_acc: 17.06, fidel_score: 17.65, acc_loss: 0.5495013482868671, grad_loss: None
2022-04-22 19:38:56,048 DEBUG epoch: 127, train_acc: 83.57872581481934, val_acc: 17.03, fidel_score: 17.42, acc_loss: 0.5034633576869965, grad_loss: None
2022-04-22 19:38:57,175 DEBUG epoch: 128, train_acc: 87.36478328704834, val_acc: 16.4, fidel_score: 16.96, acc_loss: 0.4445406086742878, grad_loss: None
2022-04-22 19:38:58,299 DEBUG epoch: 129, train_acc: 88.02584075927734, val_acc: 16.85, fidel_score: 17.17, acc_loss: 0.442366573959589, grad_loss: None
2022-04-22 19:38:59,407 DEBUG epoch: 130, train_acc: 89.57331657409668, val_acc: 16.73, fidel_score: 17.2, acc_loss: 0.37429799512028694, grad_loss: None
2022-04-22 19:39:00,519 DEBUG epoch: 131, train_acc: 89.40054035186768, val_acc: 16.58, fidel_score: 16.85, acc_loss: 0.3944077380001545, grad_loss: None
2022-04-22 19:39:01,633 DEBUG epoch: 132, train_acc: 88.671875, val_acc: 16.94, fidel_score: 17.4, acc_loss: 0.41012832149863243, grad_loss: None
2022-04-22 19:39:02,748 DEBUG epoch: 133, train_acc: 89.66346168518066, val_acc: 16.28, fidel_score: 16.74, acc_loss: 0.3580859899520874, grad_loss: None
2022-04-22 19:39:03,882 DEBUG epoch: 134, train_acc: 88.33383369445801, val_acc: 16.09, fidel_score: 16.4, acc_loss: 0.44867314398288727, grad_loss: None
2022-04-22 19:39:05,004 DEBUG epoch: 135, train_acc: 87.04927825927734, val_acc: 16.81, fidel_score: 17.35, acc_loss: 0.42192845419049263, grad_loss: None
2022-04-22 19:39:06,132 DEBUG epoch: 136, train_acc: 88.58173084259033, val_acc: 16.05, fidel_score: 16.43, acc_loss: 0.3966030441224575, grad_loss: None
2022-04-22 19:39:07,267 DEBUG epoch: 137, train_acc: 86.41826915740967, val_acc: 16.72, fidel_score: 17.12, acc_loss: 0.45163870230317116, grad_loss: None
2022-04-22 19:39:08,402 DEBUG epoch: 138, train_acc: 88.31880950927734, val_acc: 16.4, fidel_score: 16.52, acc_loss: 0.39867836236953735, grad_loss: None
2022-04-22 19:39:09,534 DEBUG epoch: 139, train_acc: 91.13581657409668, val_acc: 16.88, fidel_score: 17.26, acc_loss: 0.34150663390755653, grad_loss: None
2022-04-22 19:39:10,650 DEBUG epoch: 140, train_acc: 90.57241535186768, val_acc: 17.1, fidel_score: 17.47, acc_loss: 0.351643493399024, grad_loss: None
2022-04-22 19:39:11,776 DEBUG epoch: 141, train_acc: 87.28966331481934, val_acc: 16.84, fidel_score: 17.04, acc_loss: 0.46477261930704117, grad_loss: None
2022-04-22 19:39:12,899 DEBUG epoch: 142, train_acc: 89.58834075927734, val_acc: 16.98, fidel_score: 17.48, acc_loss: 0.36518323235213757, grad_loss: None
2022-04-22 19:39:14,026 DEBUG epoch: 143, train_acc: 87.46995162963867, val_acc: 16.24, fidel_score: 16.54, acc_loss: 0.4513824060559273, grad_loss: None
2022-04-22 19:39:15,151 DEBUG epoch: 144, train_acc: 87.40234375, val_acc: 16.24, fidel_score: 16.41, acc_loss: 0.46132538095116615, grad_loss: None
2022-04-22 19:39:16,270 DEBUG epoch: 145, train_acc: 84.17217540740967, val_acc: 16.75, fidel_score: 17.37, acc_loss: 0.5438164137303829, grad_loss: None
2022-04-22 19:39:17,399 DEBUG epoch: 146, train_acc: 88.34885787963867, val_acc: 16.63, fidel_score: 16.92, acc_loss: 0.42356615141034126, grad_loss: None
2022-04-22 19:39:18,526 DEBUG epoch: 147, train_acc: 88.82211494445801, val_acc: 16.76, fidel_score: 17.04, acc_loss: 0.3910233210772276, grad_loss: None
2022-04-22 19:39:19,644 DEBUG epoch: 148, train_acc: 89.26532459259033, val_acc: 16.43, fidel_score: 16.62, acc_loss: 0.39029379189014435, grad_loss: None
2022-04-22 19:39:20,765 DEBUG epoch: 149, train_acc: 81.40023994445801, val_acc: 16.16, fidel_score: 16.64, acc_loss: 0.6424251608550549, grad_loss: None
2022-04-22 19:39:21,885 DEBUG epoch: 150, train_acc: 86.696213722229, val_acc: 16.57, fidel_score: 17.19, acc_loss: 0.4210148900747299, grad_loss: None
2022-04-22 19:39:22,997 DEBUG epoch: 151, train_acc: 92.23257160186768, val_acc: 17.31, fidel_score: 17.79, acc_loss: 0.320038590580225, grad_loss: None
2022-04-22 19:39:24,127 DEBUG epoch: 152, train_acc: 97.19801616668701, val_acc: 17.29, fidel_score: 17.7, acc_loss: 0.20569831132888794, grad_loss: None
2022-04-22 19:39:25,270 DEBUG epoch: 153, train_acc: 94.80919456481934, val_acc: 17.3, fidel_score: 17.81, acc_loss: 0.2283681407570839, grad_loss: None
2022-04-22 19:39:26,388 DEBUG epoch: 154, train_acc: 96.41676616668701, val_acc: 17.14, fidel_score: 17.7, acc_loss: 0.21300795301795006, grad_loss: None
2022-04-22 19:39:27,508 DEBUG epoch: 155, train_acc: 96.82992744445801, val_acc: 17.25, fidel_score: 17.87, acc_loss: 0.20039602927863598, grad_loss: None
2022-04-22 19:39:28,623 DEBUG epoch: 156, train_acc: 96.92758369445801, val_acc: 17.04, fidel_score: 17.55, acc_loss: 0.18616585806012154, grad_loss: None
2022-04-22 19:39:29,726 DEBUG epoch: 157, train_acc: 96.61207866668701, val_acc: 17.0, fidel_score: 17.53, acc_loss: 0.20143076591193676, grad_loss: None
2022-04-22 19:39:30,848 DEBUG epoch: 158, train_acc: 97.00270366668701, val_acc: 16.86, fidel_score: 17.39, acc_loss: 0.19109446555376053, grad_loss: None
2022-04-22 19:39:31,972 DEBUG epoch: 159, train_acc: 97.90414619445801, val_acc: 17.14, fidel_score: 17.52, acc_loss: 0.15948023088276386, grad_loss: None
2022-04-22 19:39:33,084 DEBUG epoch: 160, train_acc: 96.69471168518066, val_acc: 16.88, fidel_score: 17.45, acc_loss: 0.19621211290359497, grad_loss: None
2022-04-22 19:39:34,201 DEBUG epoch: 161, train_acc: 95.68810081481934, val_acc: 16.92, fidel_score: 17.38, acc_loss: 0.23011533357203007, grad_loss: None
2022-04-22 19:39:35,307 DEBUG epoch: 162, train_acc: 94.59885787963867, val_acc: 17.19, fidel_score: 17.7, acc_loss: 0.2659382242709398, grad_loss: None
2022-04-22 19:39:36,433 DEBUG epoch: 163, train_acc: 96.22896575927734, val_acc: 17.16, fidel_score: 17.66, acc_loss: 0.21486872993409634, grad_loss: None
2022-04-22 19:39:37,566 DEBUG epoch: 164, train_acc: 95.680588722229, val_acc: 17.15, fidel_score: 17.66, acc_loss: 0.2314473781734705, grad_loss: None
2022-04-22 19:39:38,684 DEBUG epoch: 165, train_acc: 96.58203125, val_acc: 16.99, fidel_score: 17.51, acc_loss: 0.18464587442576885, grad_loss: None
2022-04-22 19:39:39,798 DEBUG epoch: 166, train_acc: 96.47686290740967, val_acc: 16.99, fidel_score: 17.52, acc_loss: 0.19338450580835342, grad_loss: None
2022-04-22 19:39:40,920 DEBUG epoch: 167, train_acc: 98.046875, val_acc: 17.0, fidel_score: 17.43, acc_loss: 0.15281161293387413, grad_loss: None
2022-04-22 19:39:42,046 DEBUG epoch: 168, train_acc: 97.76141834259033, val_acc: 16.95, fidel_score: 17.51, acc_loss: 0.17227925080806017, grad_loss: None
2022-04-22 19:39:43,175 DEBUG epoch: 169, train_acc: 97.94921875, val_acc: 16.7, fidel_score: 17.3, acc_loss: 0.15231971815228462, grad_loss: None
2022-04-22 19:39:44,298 DEBUG epoch: 170, train_acc: 96.97265625, val_acc: 16.86, fidel_score: 17.38, acc_loss: 0.18487872555851936, grad_loss: None
2022-04-22 19:39:45,415 DEBUG epoch: 171, train_acc: 97.46844959259033, val_acc: 17.0, fidel_score: 17.56, acc_loss: 0.16873645968735218, grad_loss: None
2022-04-22 19:39:46,542 DEBUG epoch: 172, train_acc: 97.93419456481934, val_acc: 17.01, fidel_score: 17.58, acc_loss: 0.14788168668746948, grad_loss: None
2022-04-22 19:39:47,670 DEBUG epoch: 173, train_acc: 98.49759578704834, val_acc: 16.97, fidel_score: 17.56, acc_loss: 0.14291933923959732, grad_loss: None
2022-04-22 19:39:48,783 DEBUG epoch: 174, train_acc: 98.29477119445801, val_acc: 17.01, fidel_score: 17.58, acc_loss: 0.15695404168218374, grad_loss: None
2022-04-22 19:39:49,898 DEBUG epoch: 175, train_acc: 97.00270366668701, val_acc: 16.96, fidel_score: 17.49, acc_loss: 0.18435157928615808, grad_loss: None
2022-04-22 19:39:51,014 DEBUG epoch: 176, train_acc: 97.80648994445801, val_acc: 17.09, fidel_score: 17.51, acc_loss: 0.16448546573519707, grad_loss: None
2022-04-22 19:39:52,136 DEBUG epoch: 177, train_acc: 95.64302825927734, val_acc: 17.08, fidel_score: 17.72, acc_loss: 0.20873094908893108, grad_loss: None
2022-04-22 19:39:53,266 DEBUG epoch: 178, train_acc: 96.92758369445801, val_acc: 17.13, fidel_score: 17.61, acc_loss: 0.17570015415549278, grad_loss: None
2022-04-22 19:39:54,379 DEBUG epoch: 179, train_acc: 98.610276222229, val_acc: 17.05, fidel_score: 17.61, acc_loss: 0.13611156959086657, grad_loss: None
2022-04-22 19:39:55,503 DEBUG epoch: 180, train_acc: 96.85997581481934, val_acc: 17.06, fidel_score: 17.61, acc_loss: 0.19173783529549837, grad_loss: None
2022-04-22 19:39:56,635 DEBUG epoch: 181, train_acc: 96.43930244445801, val_acc: 17.18, fidel_score: 17.8, acc_loss: 0.1802148651331663, grad_loss: None
2022-04-22 19:39:57,770 DEBUG epoch: 182, train_acc: 97.49098491668701, val_acc: 17.11, fidel_score: 17.67, acc_loss: 0.1658701291307807, grad_loss: None
2022-04-22 19:39:58,900 DEBUG epoch: 183, train_acc: 97.145432472229, val_acc: 16.94, fidel_score: 17.45, acc_loss: 0.16653428971767426, grad_loss: None
2022-04-22 19:40:00,031 DEBUG epoch: 184, train_acc: 97.4609375, val_acc: 16.94, fidel_score: 17.43, acc_loss: 0.17452965676784515, grad_loss: None
2022-04-22 19:40:01,144 DEBUG epoch: 185, train_acc: 96.58954334259033, val_acc: 16.94, fidel_score: 17.33, acc_loss: 0.19570034928619862, grad_loss: None
2022-04-22 19:40:02,258 DEBUG epoch: 186, train_acc: 97.51352119445801, val_acc: 16.81, fidel_score: 17.3, acc_loss: 0.16697859950363636, grad_loss: None
2022-04-22 19:40:03,375 DEBUG epoch: 187, train_acc: 96.69471168518066, val_acc: 16.94, fidel_score: 17.56, acc_loss: 0.1863237712532282, grad_loss: None
2022-04-22 19:40:04,495 DEBUG epoch: 188, train_acc: 97.58864116668701, val_acc: 17.05, fidel_score: 17.53, acc_loss: 0.15473389066755772, grad_loss: None
2022-04-22 19:40:05,614 DEBUG epoch: 189, train_acc: 97.36328125, val_acc: 16.96, fidel_score: 17.46, acc_loss: 0.1547291586175561, grad_loss: None
2022-04-22 19:40:06,733 DEBUG epoch: 190, train_acc: 95.8984375, val_acc: 17.05, fidel_score: 17.36, acc_loss: 0.19617973547428846, grad_loss: None
2022-04-22 19:40:07,843 DEBUG epoch: 191, train_acc: 98.68539619445801, val_acc: 17.2, fidel_score: 17.53, acc_loss: 0.13377028331160545, grad_loss: None
2022-04-22 19:40:08,973 DEBUG epoch: 192, train_acc: 96.950119972229, val_acc: 17.1, fidel_score: 17.44, acc_loss: 0.19213029835373163, grad_loss: None
2022-04-22 19:40:10,087 DEBUG epoch: 193, train_acc: 98.046875, val_acc: 17.1, fidel_score: 17.57, acc_loss: 0.15667082648724318, grad_loss: None
2022-04-22 19:40:11,210 DEBUG epoch: 194, train_acc: 99.0234375, val_acc: 17.14, fidel_score: 17.49, acc_loss: 0.13288401905447245, grad_loss: None
2022-04-22 19:40:12,327 DEBUG epoch: 195, train_acc: 97.91165828704834, val_acc: 16.77, fidel_score: 17.12, acc_loss: 0.14345179218798876, grad_loss: None
2022-04-22 19:40:13,437 DEBUG epoch: 196, train_acc: 98.81310081481934, val_acc: 16.83, fidel_score: 17.16, acc_loss: 0.14133552741259336, grad_loss: None
2022-04-22 19:40:14,559 DEBUG epoch: 197, train_acc: 98.903244972229, val_acc: 16.74, fidel_score: 17.13, acc_loss: 0.1267326921224594, grad_loss: None
2022-04-22 19:40:15,695 DEBUG epoch: 198, train_acc: 97.65625, val_acc: 16.73, fidel_score: 17.08, acc_loss: 0.16409265249967575, grad_loss: None
2022-04-22 19:40:16,810 DEBUG epoch: 199, train_acc: 97.265625, val_acc: 16.95, fidel_score: 17.37, acc_loss: 0.17514641396701336, grad_loss: None
2022-04-22 19:40:17,936 DEBUG epoch: 200, train_acc: 98.17457866668701, val_acc: 16.86, fidel_score: 17.45, acc_loss: 0.14675248321145773, grad_loss: None
2022-04-22 19:40:19,059 DEBUG epoch: 201, train_acc: 96.484375, val_acc: 16.74, fidel_score: 17.18, acc_loss: 0.19557836186140776, grad_loss: None
2022-04-22 19:40:20,185 DEBUG epoch: 202, train_acc: 94.77914619445801, val_acc: 17.04, fidel_score: 17.61, acc_loss: 0.2409158144146204, grad_loss: None
2022-04-22 19:40:21,304 DEBUG epoch: 203, train_acc: 97.46844959259033, val_acc: 17.19, fidel_score: 17.7, acc_loss: 0.16140989772975445, grad_loss: None
2022-04-22 19:40:22,437 DEBUG epoch: 204, train_acc: 98.512619972229, val_acc: 16.98, fidel_score: 17.41, acc_loss: 0.133820123039186, grad_loss: None
2022-04-22 19:40:23,555 DEBUG epoch: 205, train_acc: 98.805588722229, val_acc: 16.91, fidel_score: 17.3, acc_loss: 0.12950010877102613, grad_loss: None
2022-04-22 19:40:24,686 DEBUG epoch: 206, train_acc: 99.12109375, val_acc: 16.89, fidel_score: 17.28, acc_loss: 0.12780365999788046, grad_loss: None
2022-04-22 19:40:25,824 DEBUG epoch: 207, train_acc: 98.24969959259033, val_acc: 16.83, fidel_score: 17.29, acc_loss: 0.13478399347513914, grad_loss: None
2022-04-22 19:40:26,962 DEBUG epoch: 208, train_acc: 98.34735584259033, val_acc: 17.0, fidel_score: 17.55, acc_loss: 0.1450473489239812, grad_loss: None
2022-04-22 19:40:28,082 DEBUG epoch: 209, train_acc: 96.95763206481934, val_acc: 17.09, fidel_score: 17.38, acc_loss: 0.17762564308941364, grad_loss: None
2022-04-22 19:40:29,195 DEBUG epoch: 210, train_acc: 98.903244972229, val_acc: 17.09, fidel_score: 17.46, acc_loss: 0.13986428268253803, grad_loss: None
2022-04-22 19:40:30,307 DEBUG epoch: 211, train_acc: 98.78305244445801, val_acc: 17.03, fidel_score: 17.54, acc_loss: 0.13313402980566025, grad_loss: None
2022-04-22 19:40:31,443 DEBUG epoch: 212, train_acc: 99.07602119445801, val_acc: 16.96, fidel_score: 17.39, acc_loss: 0.11964099947363138, grad_loss: None
2022-04-22 19:40:32,570 DEBUG epoch: 213, train_acc: 98.53515625, val_acc: 16.9, fidel_score: 17.28, acc_loss: 0.1319256415590644, grad_loss: None
2022-04-22 19:40:33,689 DEBUG epoch: 214, train_acc: 98.219651222229, val_acc: 16.8, fidel_score: 17.16, acc_loss: 0.15251156222075224, grad_loss: None
2022-04-22 19:40:34,805 DEBUG epoch: 215, train_acc: 97.731369972229, val_acc: 16.67, fidel_score: 17.19, acc_loss: 0.15140625182539225, grad_loss: None
2022-04-22 19:40:35,942 DEBUG epoch: 216, train_acc: 98.4375, val_acc: 16.94, fidel_score: 17.33, acc_loss: 0.14362884685397148, grad_loss: None
2022-04-22 19:40:37,058 DEBUG epoch: 217, train_acc: 98.53515625, val_acc: 16.89, fidel_score: 17.4, acc_loss: 0.1346613373607397, grad_loss: None
2022-04-22 19:40:38,184 DEBUG epoch: 218, train_acc: 98.53515625, val_acc: 16.78, fidel_score: 17.22, acc_loss: 0.14883681572973728, grad_loss: None
2022-04-22 19:40:39,306 DEBUG epoch: 219, train_acc: 98.414963722229, val_acc: 16.86, fidel_score: 17.17, acc_loss: 0.15019673481583595, grad_loss: None
2022-04-22 19:40:40,435 DEBUG epoch: 220, train_acc: 98.39242744445801, val_acc: 17.12, fidel_score: 17.26, acc_loss: 0.13984578289091587, grad_loss: None
2022-04-22 19:40:41,550 DEBUG epoch: 221, train_acc: 98.92578125, val_acc: 17.05, fidel_score: 17.4, acc_loss: 0.1293089995160699, grad_loss: None
2022-04-22 19:40:42,672 DEBUG epoch: 222, train_acc: 97.70883369445801, val_acc: 17.11, fidel_score: 17.44, acc_loss: 0.16736744157969952, grad_loss: None
2022-04-22 19:40:43,785 DEBUG epoch: 223, train_acc: 99.293869972229, val_acc: 17.03, fidel_score: 17.23, acc_loss: 0.11366881057620049, grad_loss: None
2022-04-22 19:40:44,906 DEBUG epoch: 224, train_acc: 97.22806453704834, val_acc: 17.07, fidel_score: 17.33, acc_loss: 0.17387657053768635, grad_loss: None
2022-04-22 19:40:46,031 DEBUG epoch: 225, train_acc: 99.0234375, val_acc: 17.39, fidel_score: 17.66, acc_loss: 0.12506522051990032, grad_loss: None
2022-04-22 19:40:47,157 DEBUG epoch: 226, train_acc: 98.39242744445801, val_acc: 17.33, fidel_score: 17.7, acc_loss: 0.14188199862837791, grad_loss: None
2022-04-22 19:40:48,294 DEBUG epoch: 227, train_acc: 98.53515625, val_acc: 17.05, fidel_score: 17.51, acc_loss: 0.1478378986939788, grad_loss: None
2022-04-22 19:40:49,421 DEBUG epoch: 228, train_acc: 98.68539619445801, val_acc: 17.08, fidel_score: 17.44, acc_loss: 0.1380401849746704, grad_loss: None
2022-04-22 19:40:50,546 DEBUG epoch: 229, train_acc: 97.02523994445801, val_acc: 17.15, fidel_score: 17.59, acc_loss: 0.1608914863318205, grad_loss: None
2022-04-22 19:40:51,675 DEBUG epoch: 230, train_acc: 98.828125, val_acc: 17.12, fidel_score: 17.31, acc_loss: 0.13876468315720558, grad_loss: None
2022-04-22 19:40:52,805 DEBUG epoch: 231, train_acc: 97.340744972229, val_acc: 17.11, fidel_score: 17.4, acc_loss: 0.17102045565843582, grad_loss: None
2022-04-22 19:40:53,932 DEBUG epoch: 232, train_acc: 98.53515625, val_acc: 17.01, fidel_score: 17.45, acc_loss: 0.1341285603120923, grad_loss: None
2022-04-22 19:40:55,068 DEBUG epoch: 233, train_acc: 98.512619972229, val_acc: 16.92, fidel_score: 17.29, acc_loss: 0.1379914777353406, grad_loss: None
2022-04-22 19:40:56,195 DEBUG epoch: 234, train_acc: 97.80648994445801, val_acc: 16.9, fidel_score: 17.3, acc_loss: 0.1733368681743741, grad_loss: None
2022-04-22 19:40:57,303 DEBUG epoch: 235, train_acc: 98.2421875, val_acc: 16.97, fidel_score: 17.38, acc_loss: 0.13819806277751923, grad_loss: None
2022-04-22 19:40:58,417 DEBUG epoch: 236, train_acc: 99.0234375, val_acc: 16.98, fidel_score: 17.3, acc_loss: 0.12848464120179415, grad_loss: None
2022-04-22 19:40:59,550 DEBUG epoch: 237, train_acc: 97.4609375, val_acc: 17.05, fidel_score: 17.35, acc_loss: 0.15211336687207222, grad_loss: None
2022-04-22 19:41:00,682 DEBUG epoch: 238, train_acc: 98.6328125, val_acc: 17.21, fidel_score: 17.54, acc_loss: 0.12926312163472176, grad_loss: None
2022-04-22 19:41:01,813 DEBUG epoch: 239, train_acc: 97.0703125, val_acc: 17.0, fidel_score: 17.33, acc_loss: 0.17064313311129808, grad_loss: None
2022-04-22 19:41:02,943 DEBUG epoch: 240, train_acc: 97.51352119445801, val_acc: 16.93, fidel_score: 17.35, acc_loss: 0.16283626575022936, grad_loss: None
2022-04-22 19:41:04,052 DEBUG epoch: 241, train_acc: 98.39242744445801, val_acc: 17.27, fidel_score: 17.71, acc_loss: 0.13413286302238703, grad_loss: None
2022-04-22 19:41:05,192 DEBUG epoch: 242, train_acc: 98.414963722229, val_acc: 17.14, fidel_score: 17.58, acc_loss: 0.14210568089038134, grad_loss: None
2022-04-22 19:41:06,314 DEBUG epoch: 243, train_acc: 99.098557472229, val_acc: 17.29, fidel_score: 17.59, acc_loss: 0.12383234966546297, grad_loss: None
2022-04-22 19:41:07,451 DEBUG epoch: 244, train_acc: 98.828125, val_acc: 17.22, fidel_score: 17.54, acc_loss: 0.12993811909109354, grad_loss: None
2022-04-22 19:41:08,575 DEBUG epoch: 245, train_acc: 98.6328125, val_acc: 17.22, fidel_score: 17.46, acc_loss: 0.12737144343554974, grad_loss: None
2022-04-22 19:41:09,702 DEBUG epoch: 246, train_acc: 98.610276222229, val_acc: 17.13, fidel_score: 17.4, acc_loss: 0.13151092268526554, grad_loss: None
2022-04-22 19:41:10,836 DEBUG epoch: 247, train_acc: 98.121994972229, val_acc: 17.1, fidel_score: 17.43, acc_loss: 0.1561348233371973, grad_loss: None
2022-04-22 19:41:11,980 DEBUG epoch: 248, train_acc: 98.53515625, val_acc: 17.15, fidel_score: 17.48, acc_loss: 0.12775933183729649, grad_loss: None
2022-04-22 19:41:13,100 DEBUG epoch: 249, train_acc: 98.49008369445801, val_acc: 17.2, fidel_score: 17.51, acc_loss: 0.13037051633000374, grad_loss: None
2022-04-22 19:41:14,222 DEBUG epoch: 250, train_acc: 99.03094959259033, val_acc: 17.15, fidel_score: 17.52, acc_loss: 0.13434249814599752, grad_loss: None
2022-04-22 19:41:15,350 DEBUG epoch: 251, train_acc: 99.21875, val_acc: 17.17, fidel_score: 17.46, acc_loss: 0.11512811295688152, grad_loss: None
2022-04-22 19:41:16,478 DEBUG epoch: 252, train_acc: 97.4609375, val_acc: 17.18, fidel_score: 17.53, acc_loss: 0.15471880044788122, grad_loss: None
2022-04-22 19:41:17,595 DEBUG epoch: 253, train_acc: 99.90234375, val_acc: 17.21, fidel_score: 17.58, acc_loss: 0.11327944975346327, grad_loss: None
2022-04-22 19:41:18,726 DEBUG epoch: 254, train_acc: 98.33984375, val_acc: 17.21, fidel_score: 17.49, acc_loss: 0.13914343994110823, grad_loss: None
2022-04-22 19:41:19,832 DEBUG epoch: 255, train_acc: 98.4375, val_acc: 17.15, fidel_score: 17.48, acc_loss: 0.1486727073788643, grad_loss: None
2022-04-22 19:41:20,953 DEBUG epoch: 256, train_acc: 98.92578125, val_acc: 17.23, fidel_score: 17.57, acc_loss: 0.12805705145001411, grad_loss: None
2022-04-22 19:41:22,097 DEBUG epoch: 257, train_acc: 98.4375, val_acc: 17.33, fidel_score: 17.54, acc_loss: 0.14312916342169046, grad_loss: None
2022-04-22 19:41:23,209 DEBUG epoch: 258, train_acc: 98.610276222229, val_acc: 17.28, fidel_score: 17.56, acc_loss: 0.13531011156737804, grad_loss: None
2022-04-22 19:41:24,331 DEBUG epoch: 259, train_acc: 98.58773994445801, val_acc: 17.25, fidel_score: 17.49, acc_loss: 0.1291305785998702, grad_loss: None
2022-04-22 19:41:25,458 DEBUG epoch: 260, train_acc: 98.73046875, val_acc: 17.38, fidel_score: 17.68, acc_loss: 0.13268631976097822, grad_loss: None
2022-04-22 19:41:26,583 DEBUG epoch: 261, train_acc: 98.828125, val_acc: 17.38, fidel_score: 17.64, acc_loss: 0.12976764235645533, grad_loss: None
2022-04-22 19:41:27,697 DEBUG epoch: 262, train_acc: 99.293869972229, val_acc: 17.33, fidel_score: 17.56, acc_loss: 0.11714072804898024, grad_loss: None
2022-04-22 19:41:28,812 DEBUG epoch: 263, train_acc: 99.4140625, val_acc: 17.31, fidel_score: 17.54, acc_loss: 0.12188810016959906, grad_loss: None
2022-04-22 19:41:29,930 DEBUG epoch: 264, train_acc: 97.731369972229, val_acc: 17.22, fidel_score: 17.56, acc_loss: 0.14316906593739986, grad_loss: None
2022-04-22 19:41:31,050 DEBUG epoch: 265, train_acc: 99.0234375, val_acc: 17.17, fidel_score: 17.53, acc_loss: 0.11554828099906445, grad_loss: None
2022-04-22 19:41:32,161 DEBUG epoch: 266, train_acc: 99.31640625, val_acc: 17.16, fidel_score: 17.55, acc_loss: 0.11507467646151781, grad_loss: None
2022-04-22 19:41:33,282 DEBUG epoch: 267, train_acc: 98.19711494445801, val_acc: 17.16, fidel_score: 17.46, acc_loss: 0.1458765072748065, grad_loss: None
2022-04-22 19:41:34,394 DEBUG epoch: 268, train_acc: 98.98587703704834, val_acc: 17.19, fidel_score: 17.46, acc_loss: 0.11823755875229836, grad_loss: None
2022-04-22 19:41:35,517 DEBUG epoch: 269, train_acc: 99.391526222229, val_acc: 17.26, fidel_score: 17.55, acc_loss: 0.11062536481767893, grad_loss: None
2022-04-22 19:41:36,646 DEBUG epoch: 270, train_acc: 99.609375, val_acc: 17.13, fidel_score: 17.44, acc_loss: 0.10835884138941765, grad_loss: None
2022-04-22 19:41:37,770 DEBUG epoch: 271, train_acc: 98.046875, val_acc: 17.21, fidel_score: 17.49, acc_loss: 0.13729261420667171, grad_loss: None
2022-04-22 19:41:38,901 DEBUG epoch: 272, train_acc: 98.53515625, val_acc: 17.22, fidel_score: 17.54, acc_loss: 0.1448112279176712, grad_loss: None
2022-04-22 19:41:40,032 DEBUG epoch: 273, train_acc: 98.22716331481934, val_acc: 17.12, fidel_score: 17.47, acc_loss: 0.13192524388432503, grad_loss: None
2022-04-22 19:41:41,162 DEBUG epoch: 274, train_acc: 97.55859375, val_acc: 17.12, fidel_score: 17.65, acc_loss: 0.1631834525614977, grad_loss: None
2022-04-22 19:41:42,279 DEBUG epoch: 275, train_acc: 99.12109375, val_acc: 17.24, fidel_score: 17.62, acc_loss: 0.10920678917318583, grad_loss: None
2022-04-22 19:41:43,398 DEBUG epoch: 276, train_acc: 99.196213722229, val_acc: 17.28, fidel_score: 17.57, acc_loss: 0.1162251578643918, grad_loss: None
2022-04-22 19:41:44,520 DEBUG epoch: 277, train_acc: 99.07602119445801, val_acc: 17.21, fidel_score: 17.53, acc_loss: 0.11729928478598595, grad_loss: None
2022-04-22 19:41:45,641 DEBUG epoch: 278, train_acc: 99.196213722229, val_acc: 17.19, fidel_score: 17.54, acc_loss: 0.11055219639092684, grad_loss: None
2022-04-22 19:41:46,772 DEBUG epoch: 279, train_acc: 98.2421875, val_acc: 17.13, fidel_score: 17.5, acc_loss: 0.13447150494903326, grad_loss: None
2022-04-22 19:41:47,892 DEBUG epoch: 280, train_acc: 99.0234375, val_acc: 17.13, fidel_score: 17.49, acc_loss: 0.12813961133360863, grad_loss: None
2022-04-22 19:41:49,019 DEBUG epoch: 281, train_acc: 97.64122581481934, val_acc: 17.27, fidel_score: 17.56, acc_loss: 0.14586395397782326, grad_loss: None
2022-04-22 19:41:50,156 DEBUG epoch: 282, train_acc: 99.4140625, val_acc: 17.31, fidel_score: 17.64, acc_loss: 0.12546425126492977, grad_loss: None
2022-04-22 19:41:51,282 DEBUG epoch: 283, train_acc: 99.21875, val_acc: 17.25, fidel_score: 17.57, acc_loss: 0.12628160696476698, grad_loss: None
2022-04-22 19:41:52,401 DEBUG epoch: 284, train_acc: 98.58773994445801, val_acc: 17.21, fidel_score: 17.52, acc_loss: 0.12915500160306692, grad_loss: None
2022-04-22 19:41:53,521 DEBUG epoch: 285, train_acc: 99.12109375, val_acc: 17.15, fidel_score: 17.44, acc_loss: 0.11036354210227728, grad_loss: None
2022-04-22 19:41:54,640 DEBUG epoch: 286, train_acc: 99.0234375, val_acc: 17.13, fidel_score: 17.45, acc_loss: 0.12058733776211739, grad_loss: None
2022-04-22 19:41:55,762 DEBUG epoch: 287, train_acc: 99.196213722229, val_acc: 17.1, fidel_score: 17.38, acc_loss: 0.12217303737998009, grad_loss: None
2022-04-22 19:41:56,878 DEBUG epoch: 288, train_acc: 99.586838722229, val_acc: 17.07, fidel_score: 17.37, acc_loss: 0.10628844238817692, grad_loss: None
2022-04-22 19:41:58,004 DEBUG epoch: 289, train_acc: 98.6328125, val_acc: 17.19, fidel_score: 17.47, acc_loss: 0.1304607167840004, grad_loss: None
2022-04-22 19:41:59,124 DEBUG epoch: 290, train_acc: 98.024338722229, val_acc: 17.14, fidel_score: 17.48, acc_loss: 0.14253674261271954, grad_loss: None
2022-04-22 19:42:00,267 DEBUG epoch: 291, train_acc: 97.51352119445801, val_acc: 17.14, fidel_score: 17.45, acc_loss: 0.1511661307886243, grad_loss: None
2022-04-22 19:42:01,401 DEBUG epoch: 292, train_acc: 99.51171875, val_acc: 17.23, fidel_score: 17.45, acc_loss: 0.11169600859284401, grad_loss: None
2022-04-22 19:42:02,536 DEBUG epoch: 293, train_acc: 99.489182472229, val_acc: 17.24, fidel_score: 17.54, acc_loss: 0.10657214000821114, grad_loss: None
2022-04-22 19:42:03,653 DEBUG epoch: 294, train_acc: 98.92578125, val_acc: 17.23, fidel_score: 17.45, acc_loss: 0.12056606821715832, grad_loss: None
2022-04-22 19:42:04,788 DEBUG epoch: 295, train_acc: 97.12289619445801, val_acc: 17.22, fidel_score: 17.48, acc_loss: 0.1741003282368183, grad_loss: None
2022-04-22 19:42:05,904 DEBUG epoch: 296, train_acc: 98.88070869445801, val_acc: 17.25, fidel_score: 17.51, acc_loss: 0.12220329511910677, grad_loss: None
2022-04-22 19:42:07,027 DEBUG epoch: 297, train_acc: 98.72295665740967, val_acc: 17.19, fidel_score: 17.46, acc_loss: 0.13095387443900108, grad_loss: None
2022-04-22 19:42:08,156 DEBUG epoch: 298, train_acc: 98.49008369445801, val_acc: 17.2, fidel_score: 17.51, acc_loss: 0.13257989194244146, grad_loss: None
2022-04-22 19:42:09,283 DEBUG epoch: 299, train_acc: 99.196213722229, val_acc: 17.15, fidel_score: 17.48, acc_loss: 0.11407872941344976, grad_loss: None
2022-04-22 19:42:10,414 DEBUG epoch: 300, train_acc: 99.21875, val_acc: 17.11, fidel_score: 17.49, acc_loss: 0.12439885828644037, grad_loss: None
2022-04-22 19:42:10,415 DEBUG load best stealed model.
2022-04-22 19:42:10,415 DEBUG Best perform model, val_acc: 17.39, fidel_score: 17.66, acc_loss: 0.12506522051990032
2022-04-22 19:42:10,415 DEBUG load cloest stealed model.
2022-04-22 19:42:10,415 DEBUG Closest perform model, val_acc: 17.25, fidel_score: 17.87, acc_loss: 0.12506522051990032
