2022-05-02 05:11:06,636 DEBUG Namespace(arch='resnet20', cutlayer=4, batch_size=128, filename='ace_V2_epoch_resnet20_cutlayer_4_client_1_seed125_dataset_cifar10_lr_0.05_200epoch', folder='saves/baseline', num_client=1, num_epochs='best', learning_rate=0.05, test_best=True, dataset='cifar10', random_seed=123, scheme='V2_epoch', bottleneck_option='None', regularization='None', regularization_strength=0.0, average_time=1, attack_client=0, attack_epochs=300, num_query=1, surrogate_arch='same', attack_style='TrainME_option', data_proportion=0.02, noniid_ratio=1.0, train_clas_layer=7.0)
2022-05-02 05:11:14,825 DEBUG Test (client-0):	Loss 0.1454 (0.2544)	Prec@1 93.750 (92.390)
2022-05-02 05:11:14,826 DEBUG  * Prec@1 92.390
2022-05-02 05:11:14,849 DEBUG 38
2022-05-02 05:11:14,849 DEBUG surrogate parameter has 38 trainable parameters!
2022-05-02 05:11:21,870 DEBUG epoch: 0, val_acc: 10.0, val_fidelity: 9.88
2022-05-02 05:11:26,249 DEBUG epoch: 1, train_acc: 18.607271671295166, val_acc: 26.97, fidel_score: 27.31, acc_loss: 2.625990927219391, grad_loss: None
2022-05-02 05:11:30,316 DEBUG epoch: 2, train_acc: 30.078125, val_acc: 36.53, fidel_score: 36.76, acc_loss: 1.9975097477436066, grad_loss: None
2022-05-02 05:11:34,731 DEBUG epoch: 3, train_acc: 34.6078724861145, val_acc: 35.98, fidel_score: 36.13, acc_loss: 1.7775989025831223, grad_loss: None
2022-05-02 05:11:39,296 DEBUG epoch: 4, train_acc: 38.521634578704834, val_acc: 40.12, fidel_score: 40.48, acc_loss: 1.6892174929380417, grad_loss: None
2022-05-02 05:11:43,896 DEBUG epoch: 5, train_acc: 45.094651222229004, val_acc: 43.77, fidel_score: 43.94, acc_loss: 1.5105104893445969, grad_loss: None
2022-05-02 05:11:48,466 DEBUG epoch: 6, train_acc: 49.819711208343506, val_acc: 46.87, fidel_score: 47.34, acc_loss: 1.3743364065885544, grad_loss: None
2022-05-02 05:11:52,676 DEBUG epoch: 7, train_acc: 50.87139415740967, val_acc: 50.11, fidel_score: 50.6, acc_loss: 1.3177713006734848, grad_loss: None
2022-05-02 05:11:57,465 DEBUG epoch: 8, train_acc: 53.22265625, val_acc: 52.1, fidel_score: 52.75, acc_loss: 1.2800165563821793, grad_loss: None
2022-05-02 05:12:02,254 DEBUG epoch: 9, train_acc: 55.288461208343506, val_acc: 51.28, fidel_score: 51.86, acc_loss: 1.2145734131336212, grad_loss: None
2022-05-02 05:12:07,141 DEBUG epoch: 10, train_acc: 55.513822078704834, val_acc: 53.54, fidel_score: 54.09, acc_loss: 1.2072189450263977, grad_loss: None
2022-05-02 05:12:11,088 DEBUG epoch: 11, train_acc: 58.150540828704834, val_acc: 53.64, fidel_score: 54.09, acc_loss: 1.1319269761443138, grad_loss: None
2022-05-02 05:12:14,506 DEBUG epoch: 12, train_acc: 63.777042865753174, val_acc: 55.61, fidel_score: 56.31, acc_loss: 1.0069674998521805, grad_loss: None
2022-05-02 05:12:19,348 DEBUG epoch: 13, train_acc: 62.13191080093384, val_acc: 55.79, fidel_score: 56.19, acc_loss: 1.028313308954239, grad_loss: None
2022-05-02 05:12:25,353 DEBUG epoch: 14, train_acc: 62.935696601867676, val_acc: 57.19, fidel_score: 57.91, acc_loss: 0.9785911217331886, grad_loss: None
2022-05-02 05:12:29,342 DEBUG epoch: 15, train_acc: 64.57331705093384, val_acc: 54.01, fidel_score: 54.39, acc_loss: 1.0026481449604034, grad_loss: None
2022-05-02 05:12:33,872 DEBUG epoch: 16, train_acc: 61.343148708343506, val_acc: 56.06, fidel_score: 56.4, acc_loss: 1.0260473266243935, grad_loss: None
2022-05-02 05:12:38,749 DEBUG epoch: 17, train_acc: 64.34795665740967, val_acc: 55.12, fidel_score: 55.71, acc_loss: 0.9698249995708466, grad_loss: None
2022-05-02 05:12:43,706 DEBUG epoch: 18, train_acc: 68.40444660186768, val_acc: 57.37, fidel_score: 57.98, acc_loss: 0.8552551791071892, grad_loss: None
2022-05-02 05:12:48,620 DEBUG epoch: 19, train_acc: 68.00630950927734, val_acc: 59.28, fidel_score: 59.93, acc_loss: 0.8950503543019295, grad_loss: None
2022-05-02 05:12:52,506 DEBUG epoch: 20, train_acc: 66.42878580093384, val_acc: 57.8, fidel_score: 58.39, acc_loss: 0.8823226541280746, grad_loss: None
2022-05-02 05:12:57,932 DEBUG epoch: 21, train_acc: 69.38852119445801, val_acc: 57.73, fidel_score: 58.3, acc_loss: 0.8312665745615959, grad_loss: None
2022-05-02 05:13:02,960 DEBUG epoch: 22, train_acc: 69.02794456481934, val_acc: 57.29, fidel_score: 57.77, acc_loss: 0.8536128550767899, grad_loss: None
2022-05-02 05:13:07,803 DEBUG epoch: 23, train_acc: 69.88431453704834, val_acc: 59.77, fidel_score: 60.31, acc_loss: 0.8624810129404068, grad_loss: None
2022-05-02 05:13:12,812 DEBUG epoch: 24, train_acc: 70.92097330093384, val_acc: 57.57, fidel_score: 58.0, acc_loss: 0.7828376367688179, grad_loss: None
2022-05-02 05:13:16,737 DEBUG epoch: 25, train_acc: 68.57722330093384, val_acc: 58.87, fidel_score: 59.48, acc_loss: 0.7774507403373718, grad_loss: None
2022-05-02 05:13:20,218 DEBUG epoch: 26, train_acc: 72.97175407409668, val_acc: 58.65, fidel_score: 59.35, acc_loss: 0.764561653137207, grad_loss: None
2022-05-02 05:13:25,186 DEBUG epoch: 27, train_acc: 72.79897785186768, val_acc: 56.5, fidel_score: 56.9, acc_loss: 0.7199990972876549, grad_loss: None
2022-05-02 05:13:30,611 DEBUG epoch: 28, train_acc: 68.84765625, val_acc: 59.3, fidel_score: 59.97, acc_loss: 0.8371538072824478, grad_loss: None
2022-05-02 05:13:34,637 DEBUG epoch: 29, train_acc: 73.64783668518066, val_acc: 60.17, fidel_score: 60.92, acc_loss: 0.7218459993600845, grad_loss: None
2022-05-02 05:13:39,502 DEBUG epoch: 30, train_acc: 74.000901222229, val_acc: 61.77, fidel_score: 62.31, acc_loss: 0.6834779381752014, grad_loss: None
2022-05-02 05:13:44,269 DEBUG epoch: 31, train_acc: 79.67998790740967, val_acc: 60.3, fidel_score: 60.93, acc_loss: 0.6159607209265232, grad_loss: None
2022-05-02 05:13:49,123 DEBUG epoch: 32, train_acc: 80.70913410186768, val_acc: 61.9, fidel_score: 62.65, acc_loss: 0.5511246360838413, grad_loss: None
2022-05-02 05:13:53,981 DEBUG epoch: 33, train_acc: 76.69020366668701, val_acc: 61.95, fidel_score: 62.73, acc_loss: 0.6382183991372585, grad_loss: None
2022-05-02 05:13:57,992 DEBUG epoch: 34, train_acc: 80.94951915740967, val_acc: 61.24, fidel_score: 61.92, acc_loss: 0.5426944978535175, grad_loss: None
2022-05-02 05:14:03,495 DEBUG epoch: 35, train_acc: 79.39453125, val_acc: 61.07, fidel_score: 61.89, acc_loss: 0.5380024500191212, grad_loss: None
2022-05-02 05:14:08,377 DEBUG epoch: 36, train_acc: 79.176682472229, val_acc: 59.72, fidel_score: 60.77, acc_loss: 0.5892218537628651, grad_loss: None
2022-05-02 05:14:13,365 DEBUG epoch: 37, train_acc: 79.80018043518066, val_acc: 60.67, fidel_score: 61.42, acc_loss: 0.5465727485716343, grad_loss: None
2022-05-02 05:14:18,018 DEBUG epoch: 38, train_acc: 79.87530040740967, val_acc: 59.07, fidel_score: 59.78, acc_loss: 0.5504643321037292, grad_loss: None
2022-05-02 05:14:22,097 DEBUG epoch: 39, train_acc: 80.69410991668701, val_acc: 60.66, fidel_score: 61.47, acc_loss: 0.5163423866033554, grad_loss: None
2022-05-02 05:14:28,096 DEBUG epoch: 40, train_acc: 79.72505950927734, val_acc: 60.09, fidel_score: 60.79, acc_loss: 0.5740892924368382, grad_loss: None
2022-05-02 05:14:32,726 DEBUG epoch: 41, train_acc: 83.7890625, val_acc: 59.61, fidel_score: 60.18, acc_loss: 0.44958386942744255, grad_loss: None
2022-05-02 05:14:38,467 DEBUG epoch: 42, train_acc: 81.55048084259033, val_acc: 60.72, fidel_score: 61.39, acc_loss: 0.48991671949625015, grad_loss: None
2022-05-02 05:14:42,915 DEBUG epoch: 43, train_acc: 80.25841331481934, val_acc: 60.39, fidel_score: 61.16, acc_loss: 0.5170298740267754, grad_loss: None
2022-05-02 05:14:47,242 DEBUG epoch: 44, train_acc: 84.765625, val_acc: 59.99, fidel_score: 60.56, acc_loss: 0.4529483690857887, grad_loss: None
2022-05-02 05:14:52,051 DEBUG epoch: 45, train_acc: 83.30829334259033, val_acc: 60.6, fidel_score: 61.54, acc_loss: 0.4470624625682831, grad_loss: None
2022-05-02 05:14:57,014 DEBUG epoch: 46, train_acc: 84.743088722229, val_acc: 61.64, fidel_score: 62.53, acc_loss: 0.40280938521027565, grad_loss: None
2022-05-02 05:15:01,866 DEBUG epoch: 47, train_acc: 84.45763206481934, val_acc: 62.25, fidel_score: 63.12, acc_loss: 0.4037875272333622, grad_loss: None
2022-05-02 05:15:06,471 DEBUG epoch: 48, train_acc: 83.87169456481934, val_acc: 60.76, fidel_score: 61.45, acc_loss: 0.4653746299445629, grad_loss: None
2022-05-02 05:15:10,852 DEBUG epoch: 49, train_acc: 85.65955543518066, val_acc: 61.09, fidel_score: 61.97, acc_loss: 0.40056000649929047, grad_loss: None
2022-05-02 05:15:16,005 DEBUG epoch: 50, train_acc: 88.13100910186768, val_acc: 61.51, fidel_score: 62.21, acc_loss: 0.3287501372396946, grad_loss: None
2022-05-02 05:15:20,847 DEBUG epoch: 51, train_acc: 83.93179035186768, val_acc: 60.33, fidel_score: 61.1, acc_loss: 0.4078221917152405, grad_loss: None
2022-05-02 05:15:24,050 DEBUG epoch: 52, train_acc: 84.62289619445801, val_acc: 59.46, fidel_score: 60.01, acc_loss: 0.41528787463903427, grad_loss: None
2022-05-02 05:15:29,018 DEBUG epoch: 53, train_acc: 84.89332866668701, val_acc: 61.37, fidel_score: 62.2, acc_loss: 0.4195215217769146, grad_loss: None
2022-05-02 05:15:33,558 DEBUG epoch: 54, train_acc: 85.26141834259033, val_acc: 61.96, fidel_score: 62.43, acc_loss: 0.39434710517525673, grad_loss: None
2022-05-02 05:15:38,333 DEBUG epoch: 55, train_acc: 87.95823287963867, val_acc: 61.52, fidel_score: 62.12, acc_loss: 0.33284521847963333, grad_loss: None
2022-05-02 05:15:43,285 DEBUG epoch: 56, train_acc: 88.12349700927734, val_acc: 61.82, fidel_score: 62.51, acc_loss: 0.3382313307374716, grad_loss: None
2022-05-02 05:15:48,010 DEBUG epoch: 57, train_acc: 85.79477119445801, val_acc: 61.3, fidel_score: 61.98, acc_loss: 0.3499854654073715, grad_loss: None
2022-05-02 05:15:52,697 DEBUG epoch: 58, train_acc: 88.60426616668701, val_acc: 61.21, fidel_score: 62.09, acc_loss: 0.2858375124633312, grad_loss: None
2022-05-02 05:15:57,594 DEBUG epoch: 59, train_acc: 89.16015625, val_acc: 59.11, fidel_score: 59.67, acc_loss: 0.3021319843828678, grad_loss: None
2022-05-02 05:16:02,276 DEBUG epoch: 60, train_acc: 92.29266834259033, val_acc: 62.52, fidel_score: 63.21, acc_loss: 0.22263864055275917, grad_loss: None
2022-05-02 05:16:06,680 DEBUG epoch: 61, train_acc: 94.14813709259033, val_acc: 63.95, fidel_score: 64.73, acc_loss: 0.19999750796705484, grad_loss: None
2022-05-02 05:16:11,341 DEBUG epoch: 62, train_acc: 95.01201915740967, val_acc: 63.78, fidel_score: 64.72, acc_loss: 0.14990756288170815, grad_loss: None
2022-05-02 05:16:15,353 DEBUG epoch: 63, train_acc: 97.07782459259033, val_acc: 63.67, fidel_score: 64.46, acc_loss: 0.12182415090501308, grad_loss: None
2022-05-02 05:16:20,128 DEBUG epoch: 64, train_acc: 95.98106956481934, val_acc: 63.77, fidel_score: 64.59, acc_loss: 0.1321938382461667, grad_loss: None
2022-05-02 05:16:24,503 DEBUG epoch: 65, train_acc: 97.70883369445801, val_acc: 63.61, fidel_score: 64.4, acc_loss: 0.10305439354851842, grad_loss: None
2022-05-02 05:16:27,905 DEBUG epoch: 66, train_acc: 97.29567241668701, val_acc: 63.65, fidel_score: 64.5, acc_loss: 0.10768283437937498, grad_loss: None
2022-05-02 05:16:32,588 DEBUG epoch: 67, train_acc: 96.49188709259033, val_acc: 63.51, fidel_score: 64.12, acc_loss: 0.1252180845476687, grad_loss: None
2022-05-02 05:16:36,973 DEBUG epoch: 68, train_acc: 97.926682472229, val_acc: 63.52, fidel_score: 64.19, acc_loss: 0.08227932313457131, grad_loss: None
2022-05-02 05:16:41,566 DEBUG epoch: 69, train_acc: 98.07692241668701, val_acc: 63.22, fidel_score: 63.99, acc_loss: 0.09500916628167033, grad_loss: None
2022-05-02 05:16:46,124 DEBUG epoch: 70, train_acc: 98.15204334259033, val_acc: 63.37, fidel_score: 64.21, acc_loss: 0.08170858444646001, grad_loss: None
2022-05-02 05:16:49,883 DEBUG epoch: 71, train_acc: 96.950119972229, val_acc: 63.93, fidel_score: 64.72, acc_loss: 0.12801963184028864, grad_loss: None
2022-05-02 05:16:54,524 DEBUG epoch: 72, train_acc: 97.41586494445801, val_acc: 63.66, fidel_score: 64.41, acc_loss: 0.10136413481086493, grad_loss: None
2022-05-02 05:16:58,739 DEBUG epoch: 73, train_acc: 98.00180244445801, val_acc: 63.49, fidel_score: 64.37, acc_loss: 0.08195305848494172, grad_loss: None
2022-05-02 05:17:03,331 DEBUG epoch: 74, train_acc: 96.73227119445801, val_acc: 63.14, fidel_score: 63.94, acc_loss: 0.1014381074346602, grad_loss: None
2022-05-02 05:17:07,943 DEBUG epoch: 75, train_acc: 98.24969959259033, val_acc: 63.59, fidel_score: 64.39, acc_loss: 0.07787538203410804, grad_loss: None
2022-05-02 05:17:12,431 DEBUG epoch: 76, train_acc: 98.32481956481934, val_acc: 63.45, fidel_score: 64.24, acc_loss: 0.07878400990739465, grad_loss: None
2022-05-02 05:17:17,056 DEBUG epoch: 77, train_acc: 98.512619972229, val_acc: 63.29, fidel_score: 64.06, acc_loss: 0.0633879522792995, grad_loss: None
2022-05-02 05:17:20,789 DEBUG epoch: 78, train_acc: 97.76141834259033, val_acc: 63.45, fidel_score: 64.16, acc_loss: 0.09053169749677181, grad_loss: None
2022-05-02 05:17:25,148 DEBUG epoch: 79, train_acc: 98.49008369445801, val_acc: 63.45, fidel_score: 64.16, acc_loss: 0.07383400946855545, grad_loss: None
2022-05-02 05:17:28,800 DEBUG epoch: 80, train_acc: 98.828125, val_acc: 63.62, fidel_score: 64.36, acc_loss: 0.054643913405016065, grad_loss: None
2022-05-02 05:17:33,206 DEBUG epoch: 81, train_acc: 97.41586494445801, val_acc: 63.34, fidel_score: 64.04, acc_loss: 0.10113418381661177, grad_loss: None
2022-05-02 05:17:38,218 DEBUG epoch: 82, train_acc: 98.53515625, val_acc: 62.92, fidel_score: 63.68, acc_loss: 0.07250970555469394, grad_loss: None
2022-05-02 05:17:42,824 DEBUG epoch: 83, train_acc: 98.512619972229, val_acc: 62.97, fidel_score: 63.72, acc_loss: 0.05492972955107689, grad_loss: None
2022-05-02 05:17:47,499 DEBUG epoch: 84, train_acc: 98.6328125, val_acc: 63.29, fidel_score: 64.0, acc_loss: 0.05606100824661553, grad_loss: None
2022-05-02 05:17:53,347 DEBUG epoch: 85, train_acc: 98.33984375, val_acc: 63.37, fidel_score: 64.01, acc_loss: 0.07600333145819604, grad_loss: None
2022-05-02 05:17:57,615 DEBUG epoch: 86, train_acc: 98.4375, val_acc: 63.58, fidel_score: 64.23, acc_loss: 0.06166598689742386, grad_loss: None
2022-05-02 05:18:02,615 DEBUG epoch: 87, train_acc: 98.610276222229, val_acc: 63.33, fidel_score: 63.96, acc_loss: 0.06214935821481049, grad_loss: None
2022-05-02 05:18:07,823 DEBUG epoch: 88, train_acc: 97.83653831481934, val_acc: 63.54, fidel_score: 64.22, acc_loss: 0.07399060809984803, grad_loss: None
2022-05-02 05:18:12,419 DEBUG epoch: 89, train_acc: 99.098557472229, val_acc: 63.25, fidel_score: 63.87, acc_loss: 0.05377237405627966, grad_loss: None
2022-05-02 05:18:17,298 DEBUG epoch: 90, train_acc: 99.07602119445801, val_acc: 63.4, fidel_score: 63.97, acc_loss: 0.04685617610812187, grad_loss: None
2022-05-02 05:18:21,639 DEBUG epoch: 91, train_acc: 97.76141834259033, val_acc: 63.79, fidel_score: 64.36, acc_loss: 0.0768542269943282, grad_loss: None
2022-05-02 05:18:26,389 DEBUG epoch: 92, train_acc: 98.22716331481934, val_acc: 63.88, fidel_score: 64.41, acc_loss: 0.06704069464467466, grad_loss: None
2022-05-02 05:18:30,586 DEBUG epoch: 93, train_acc: 97.51352119445801, val_acc: 63.18, fidel_score: 63.93, acc_loss: 0.07573019457049668, grad_loss: None
2022-05-02 05:18:35,110 DEBUG epoch: 94, train_acc: 99.34645366668701, val_acc: 63.02, fidel_score: 63.75, acc_loss: 0.043963077710941434, grad_loss: None
2022-05-02 05:18:40,075 DEBUG epoch: 95, train_acc: 99.391526222229, val_acc: 63.14, fidel_score: 63.77, acc_loss: 0.03954648715443909, grad_loss: None
2022-05-02 05:18:44,629 DEBUG epoch: 96, train_acc: 99.0234375, val_acc: 63.23, fidel_score: 63.82, acc_loss: 0.05145984154660255, grad_loss: None
2022-05-02 05:18:49,148 DEBUG epoch: 97, train_acc: 98.73046875, val_acc: 63.41, fidel_score: 64.0, acc_loss: 0.05120144202373922, grad_loss: None
2022-05-02 05:18:53,761 DEBUG epoch: 98, train_acc: 98.78305244445801, val_acc: 63.68, fidel_score: 64.27, acc_loss: 0.04563800245523453, grad_loss: None
2022-05-02 05:18:58,730 DEBUG epoch: 99, train_acc: 99.391526222229, val_acc: 63.45, fidel_score: 64.16, acc_loss: 0.0440057972446084, grad_loss: None
2022-05-02 05:19:03,266 DEBUG epoch: 100, train_acc: 99.07602119445801, val_acc: 63.39, fidel_score: 64.07, acc_loss: 0.047514055855572224, grad_loss: None
2022-05-02 05:19:07,645 DEBUG epoch: 101, train_acc: 98.828125, val_acc: 63.48, fidel_score: 64.11, acc_loss: 0.05487053096294403, grad_loss: None
2022-05-02 05:19:12,081 DEBUG epoch: 102, train_acc: 98.512619972229, val_acc: 63.58, fidel_score: 64.21, acc_loss: 0.049309745198115706, grad_loss: None
2022-05-02 05:19:16,491 DEBUG epoch: 103, train_acc: 98.828125, val_acc: 63.4, fidel_score: 64.06, acc_loss: 0.05531348171643913, grad_loss: None
2022-05-02 05:19:21,160 DEBUG epoch: 104, train_acc: 98.36989116668701, val_acc: 63.6, fidel_score: 64.17, acc_loss: 0.06067774910479784, grad_loss: None
2022-05-02 05:19:27,291 DEBUG epoch: 105, train_acc: 99.51171875, val_acc: 63.64, fidel_score: 64.35, acc_loss: 0.03959465702064335, grad_loss: None
2022-05-02 05:19:31,813 DEBUG epoch: 106, train_acc: 98.32481956481934, val_acc: 63.49, fidel_score: 64.16, acc_loss: 0.056579888332635164, grad_loss: None
2022-05-02 05:19:35,631 DEBUG epoch: 107, train_acc: 99.21875, val_acc: 63.65, fidel_score: 64.48, acc_loss: 0.04832798440475017, grad_loss: None
2022-05-02 05:19:41,435 DEBUG epoch: 108, train_acc: 99.0234375, val_acc: 63.3, fidel_score: 64.2, acc_loss: 0.04552806727588177, grad_loss: None
2022-05-02 05:19:45,986 DEBUG epoch: 109, train_acc: 99.196213722229, val_acc: 63.07, fidel_score: 63.94, acc_loss: 0.04299175553023815, grad_loss: None
2022-05-02 05:19:50,158 DEBUG epoch: 110, train_acc: 99.609375, val_acc: 63.33, fidel_score: 64.16, acc_loss: 0.02453521336428821, grad_loss: None
2022-05-02 05:19:54,885 DEBUG epoch: 111, train_acc: 99.293869972229, val_acc: 63.18, fidel_score: 63.95, acc_loss: 0.04295307723805308, grad_loss: None
2022-05-02 05:19:59,548 DEBUG epoch: 112, train_acc: 98.39242744445801, val_acc: 62.93, fidel_score: 63.77, acc_loss: 0.06152653321623802, grad_loss: None
2022-05-02 05:20:04,112 DEBUG epoch: 113, train_acc: 99.21875, val_acc: 62.64, fidel_score: 63.51, acc_loss: 0.03789006429724395, grad_loss: None
2022-05-02 05:20:08,800 DEBUG epoch: 114, train_acc: 98.17457866668701, val_acc: 63.04, fidel_score: 63.88, acc_loss: 0.060148766031488776, grad_loss: None
2022-05-02 05:20:13,111 DEBUG epoch: 115, train_acc: 98.49008369445801, val_acc: 62.97, fidel_score: 63.67, acc_loss: 0.04896667692810297, grad_loss: None
2022-05-02 05:20:18,058 DEBUG epoch: 116, train_acc: 99.31640625, val_acc: 63.17, fidel_score: 63.96, acc_loss: 0.030580977210775018, grad_loss: None
2022-05-02 05:20:23,051 DEBUG epoch: 117, train_acc: 98.39242744445801, val_acc: 63.17, fidel_score: 63.94, acc_loss: 0.05757450882811099, grad_loss: None
2022-05-02 05:20:27,953 DEBUG epoch: 118, train_acc: 98.73046875, val_acc: 63.06, fidel_score: 63.78, acc_loss: 0.0563575632404536, grad_loss: None
2022-05-02 05:20:32,595 DEBUG epoch: 119, train_acc: 99.0234375, val_acc: 63.05, fidel_score: 63.83, acc_loss: 0.04082062770612538, grad_loss: None
2022-05-02 05:20:35,704 DEBUG epoch: 120, train_acc: 99.51171875, val_acc: 62.92, fidel_score: 63.74, acc_loss: 0.033435407327488065, grad_loss: None
2022-05-02 05:20:39,747 DEBUG epoch: 121, train_acc: 98.55018043518066, val_acc: 63.18, fidel_score: 63.95, acc_loss: 0.05147545866202563, grad_loss: None
2022-05-02 05:20:45,052 DEBUG epoch: 122, train_acc: 98.98587703704834, val_acc: 62.73, fidel_score: 63.51, acc_loss: 0.037490783259272575, grad_loss: None
2022-05-02 05:20:48,820 DEBUG epoch: 123, train_acc: 99.586838722229, val_acc: 63.06, fidel_score: 63.73, acc_loss: 0.030581119819544256, grad_loss: None
2022-05-02 05:20:53,558 DEBUG epoch: 124, train_acc: 99.609375, val_acc: 62.97, fidel_score: 63.65, acc_loss: 0.022609933628700674, grad_loss: None
2022-05-02 05:20:58,010 DEBUG epoch: 125, train_acc: 98.88070869445801, val_acc: 63.07, fidel_score: 63.76, acc_loss: 0.039815731695853174, grad_loss: None
2022-05-02 05:21:02,709 DEBUG epoch: 126, train_acc: 98.73798084259033, val_acc: 63.31, fidel_score: 64.06, acc_loss: 0.046638144413009286, grad_loss: None
2022-05-02 05:21:06,975 DEBUG epoch: 127, train_acc: 99.489182472229, val_acc: 62.93, fidel_score: 63.76, acc_loss: 0.03330236847978085, grad_loss: None
2022-05-02 05:21:11,804 DEBUG epoch: 128, train_acc: 99.44410991668701, val_acc: 63.04, fidel_score: 63.82, acc_loss: 0.03263615141622722, grad_loss: None
2022-05-02 05:21:16,271 DEBUG epoch: 129, train_acc: 99.21875, val_acc: 63.08, fidel_score: 63.83, acc_loss: 0.030497772386297584, grad_loss: None
2022-05-02 05:21:20,124 DEBUG epoch: 130, train_acc: 99.03094959259033, val_acc: 62.97, fidel_score: 63.8, acc_loss: 0.040616345941089094, grad_loss: None
2022-05-02 05:21:24,615 DEBUG epoch: 131, train_acc: 99.000901222229, val_acc: 62.83, fidel_score: 63.55, acc_loss: 0.04761259735096246, grad_loss: None
2022-05-02 05:21:29,150 DEBUG epoch: 132, train_acc: 98.121994972229, val_acc: 62.89, fidel_score: 63.5, acc_loss: 0.07072262419387698, grad_loss: None
2022-05-02 05:21:33,598 DEBUG epoch: 133, train_acc: 98.512619972229, val_acc: 62.49, fidel_score: 63.28, acc_loss: 0.043298148550093174, grad_loss: None
2022-05-02 05:21:37,746 DEBUG epoch: 134, train_acc: 99.196213722229, val_acc: 62.74, fidel_score: 63.53, acc_loss: 0.04033082630485296, grad_loss: None
2022-05-02 05:21:41,728 DEBUG epoch: 135, train_acc: 99.293869972229, val_acc: 63.05, fidel_score: 63.75, acc_loss: 0.03955886606127024, grad_loss: None
2022-05-02 05:21:46,999 DEBUG epoch: 136, train_acc: 99.684494972229, val_acc: 63.01, fidel_score: 63.92, acc_loss: 0.025240715534891933, grad_loss: None
2022-05-02 05:21:51,646 DEBUG epoch: 137, train_acc: 99.31640625, val_acc: 63.07, fidel_score: 63.76, acc_loss: 0.03944107983261347, grad_loss: None
2022-05-02 05:21:55,581 DEBUG epoch: 138, train_acc: 99.12109375, val_acc: 62.95, fidel_score: 63.79, acc_loss: 0.03480995073914528, grad_loss: None
2022-05-02 05:22:00,111 DEBUG epoch: 139, train_acc: 99.391526222229, val_acc: 62.83, fidel_score: 63.64, acc_loss: 0.02573770214803517, grad_loss: None
2022-05-02 05:22:04,479 DEBUG epoch: 140, train_acc: 98.512619972229, val_acc: 63.05, fidel_score: 63.74, acc_loss: 0.05515124916564673, grad_loss: None
2022-05-02 05:22:08,972 DEBUG epoch: 141, train_acc: 98.805588722229, val_acc: 62.51, fidel_score: 63.27, acc_loss: 0.04095031775068492, grad_loss: None
2022-05-02 05:22:14,249 DEBUG epoch: 142, train_acc: 99.27133369445801, val_acc: 62.81, fidel_score: 63.53, acc_loss: 0.03687186347087845, grad_loss: None
2022-05-02 05:22:18,339 DEBUG epoch: 143, train_acc: 99.51171875, val_acc: 62.85, fidel_score: 63.58, acc_loss: 0.0333473002538085, grad_loss: None
2022-05-02 05:22:22,834 DEBUG epoch: 144, train_acc: 98.903244972229, val_acc: 63.05, fidel_score: 63.81, acc_loss: 0.04450020147487521, grad_loss: None
2022-05-02 05:22:26,640 DEBUG epoch: 145, train_acc: 99.21875, val_acc: 63.22, fidel_score: 63.87, acc_loss: 0.03207634331192821, grad_loss: None
2022-05-02 05:22:31,569 DEBUG epoch: 146, train_acc: 98.414963722229, val_acc: 63.29, fidel_score: 63.94, acc_loss: 0.05644096143078059, grad_loss: None
2022-05-02 05:22:36,143 DEBUG epoch: 147, train_acc: 99.12109375, val_acc: 62.97, fidel_score: 63.75, acc_loss: 0.03998175845481455, grad_loss: None
2022-05-02 05:22:40,140 DEBUG epoch: 148, train_acc: 98.92578125, val_acc: 63.01, fidel_score: 63.82, acc_loss: 0.05356113356538117, grad_loss: None
2022-05-02 05:22:44,638 DEBUG epoch: 149, train_acc: 98.805588722229, val_acc: 62.3, fidel_score: 63.09, acc_loss: 0.039566704421304166, grad_loss: None
2022-05-02 05:22:49,331 DEBUG epoch: 150, train_acc: 99.4140625, val_acc: 62.49, fidel_score: 63.24, acc_loss: 0.030199470813386142, grad_loss: None
2022-05-02 05:22:53,741 DEBUG epoch: 151, train_acc: 98.707932472229, val_acc: 62.62, fidel_score: 63.39, acc_loss: 0.04532585444394499, grad_loss: None
2022-05-02 05:22:58,413 DEBUG epoch: 152, train_acc: 98.88070869445801, val_acc: 62.94, fidel_score: 63.72, acc_loss: 0.034871425945311785, grad_loss: None
2022-05-02 05:23:02,732 DEBUG epoch: 153, train_acc: 99.44410991668701, val_acc: 62.99, fidel_score: 63.77, acc_loss: 0.028193361475132406, grad_loss: None
2022-05-02 05:23:07,229 DEBUG epoch: 154, train_acc: 99.609375, val_acc: 63.03, fidel_score: 63.76, acc_loss: 0.029661078995559365, grad_loss: None
2022-05-02 05:23:12,125 DEBUG epoch: 155, train_acc: 99.12109375, val_acc: 63.33, fidel_score: 64.03, acc_loss: 0.03516941063571721, grad_loss: None
2022-05-02 05:23:16,471 DEBUG epoch: 156, train_acc: 99.489182472229, val_acc: 63.37, fidel_score: 64.07, acc_loss: 0.02946438337676227, grad_loss: None
2022-05-02 05:23:21,488 DEBUG epoch: 157, train_acc: 99.51171875, val_acc: 63.24, fidel_score: 63.9, acc_loss: 0.019880619132891297, grad_loss: None
2022-05-02 05:23:25,433 DEBUG epoch: 158, train_acc: 99.90234375, val_acc: 63.25, fidel_score: 63.93, acc_loss: 0.01917537907138467, grad_loss: None
2022-05-02 05:23:30,405 DEBUG epoch: 159, train_acc: 99.31640625, val_acc: 63.19, fidel_score: 63.91, acc_loss: 0.04075623257085681, grad_loss: None
2022-05-02 05:23:35,121 DEBUG epoch: 160, train_acc: 99.70703125, val_acc: 63.27, fidel_score: 63.96, acc_loss: 0.024600510543677956, grad_loss: None
2022-05-02 05:23:39,717 DEBUG epoch: 161, train_acc: 99.51171875, val_acc: 63.21, fidel_score: 63.9, acc_loss: 0.028504730958957225, grad_loss: None
2022-05-02 05:23:43,333 DEBUG epoch: 162, train_acc: 98.92578125, val_acc: 63.24, fidel_score: 63.94, acc_loss: 0.03470721811754629, grad_loss: None
2022-05-02 05:23:48,425 DEBUG epoch: 163, train_acc: 99.586838722229, val_acc: 63.13, fidel_score: 63.84, acc_loss: 0.02076204982586205, grad_loss: None
2022-05-02 05:23:52,872 DEBUG epoch: 164, train_acc: 98.805588722229, val_acc: 63.26, fidel_score: 64.0, acc_loss: 0.04107067931909114, grad_loss: None
2022-05-02 05:23:57,537 DEBUG epoch: 165, train_acc: 99.12109375, val_acc: 63.38, fidel_score: 64.08, acc_loss: 0.03892356943106279, grad_loss: None
2022-05-02 05:24:02,187 DEBUG epoch: 166, train_acc: 99.8046875, val_acc: 63.24, fidel_score: 63.94, acc_loss: 0.01708425220567733, grad_loss: None
2022-05-02 05:24:07,165 DEBUG epoch: 167, train_acc: 99.609375, val_acc: 63.41, fidel_score: 64.07, acc_loss: 0.02505941828712821, grad_loss: None
2022-05-02 05:24:12,169 DEBUG epoch: 168, train_acc: 99.70703125, val_acc: 63.35, fidel_score: 64.06, acc_loss: 0.021351972653064877, grad_loss: None
2022-05-02 05:24:16,509 DEBUG epoch: 169, train_acc: 99.196213722229, val_acc: 63.37, fidel_score: 64.02, acc_loss: 0.028654919646214694, grad_loss: None
2022-05-02 05:24:21,112 DEBUG epoch: 170, train_acc: 99.70703125, val_acc: 63.4, fidel_score: 64.06, acc_loss: 0.01909600291401148, grad_loss: None
2022-05-02 05:24:26,508 DEBUG epoch: 171, train_acc: 99.609375, val_acc: 63.23, fidel_score: 64.02, acc_loss: 0.02267358108656481, grad_loss: None
2022-05-02 05:24:31,006 DEBUG epoch: 172, train_acc: 99.21875, val_acc: 63.19, fidel_score: 63.98, acc_loss: 0.03418009588494897, grad_loss: None
2022-05-02 05:24:35,877 DEBUG epoch: 173, train_acc: 100.0, val_acc: 63.21, fidel_score: 63.99, acc_loss: 0.009442652866709977, grad_loss: None
2022-05-02 05:24:40,239 DEBUG epoch: 174, train_acc: 99.70703125, val_acc: 63.13, fidel_score: 63.91, acc_loss: 0.026857393560931087, grad_loss: None
2022-05-02 05:24:44,480 DEBUG epoch: 175, train_acc: 99.782151222229, val_acc: 62.96, fidel_score: 63.72, acc_loss: 0.016594680259004235, grad_loss: None
2022-05-02 05:24:48,790 DEBUG epoch: 176, train_acc: 99.586838722229, val_acc: 63.04, fidel_score: 63.9, acc_loss: 0.018202508217655122, grad_loss: None
2022-05-02 05:24:52,742 DEBUG epoch: 177, train_acc: 99.489182472229, val_acc: 63.02, fidel_score: 63.8, acc_loss: 0.02618833171436563, grad_loss: None
2022-05-02 05:24:57,229 DEBUG epoch: 178, train_acc: 99.51171875, val_acc: 63.24, fidel_score: 63.98, acc_loss: 0.02127059013582766, grad_loss: None
2022-05-02 05:25:01,484 DEBUG epoch: 179, train_acc: 99.879807472229, val_acc: 63.22, fidel_score: 63.97, acc_loss: 0.015196811640635133, grad_loss: None
2022-05-02 05:25:05,989 DEBUG epoch: 180, train_acc: 99.782151222229, val_acc: 63.31, fidel_score: 63.98, acc_loss: 0.01456019323086366, grad_loss: None
2022-05-02 05:25:10,583 DEBUG epoch: 181, train_acc: 99.70703125, val_acc: 63.39, fidel_score: 64.09, acc_loss: 0.018503967730794102, grad_loss: None
2022-05-02 05:25:14,772 DEBUG epoch: 182, train_acc: 98.95582866668701, val_acc: 63.3, fidel_score: 64.0, acc_loss: 0.038265250623226166, grad_loss: None
2022-05-02 05:25:19,318 DEBUG epoch: 183, train_acc: 99.34645366668701, val_acc: 63.23, fidel_score: 64.02, acc_loss: 0.02951138629578054, grad_loss: None
2022-05-02 05:25:23,637 DEBUG epoch: 184, train_acc: 100.0, val_acc: 63.2, fidel_score: 64.07, acc_loss: 0.016641361638903618, grad_loss: None
2022-05-02 05:25:28,510 DEBUG epoch: 185, train_acc: 99.391526222229, val_acc: 63.25, fidel_score: 64.07, acc_loss: 0.02364086252055131, grad_loss: None
2022-05-02 05:25:32,748 DEBUG epoch: 186, train_acc: 99.51171875, val_acc: 63.04, fidel_score: 63.88, acc_loss: 0.02714788942830637, grad_loss: None
2022-05-02 05:25:37,317 DEBUG epoch: 187, train_acc: 99.56430244445801, val_acc: 62.86, fidel_score: 63.68, acc_loss: 0.02528229748713784, grad_loss: None
2022-05-02 05:25:42,084 DEBUG epoch: 188, train_acc: 99.586838722229, val_acc: 62.85, fidel_score: 63.66, acc_loss: 0.022300992743112147, grad_loss: None
2022-05-02 05:25:45,613 DEBUG epoch: 189, train_acc: 99.31640625, val_acc: 62.89, fidel_score: 63.69, acc_loss: 0.026114078878890723, grad_loss: None
2022-05-02 05:25:49,968 DEBUG epoch: 190, train_acc: 99.51171875, val_acc: 62.92, fidel_score: 63.74, acc_loss: 0.01987696421565488, grad_loss: None
2022-05-02 05:25:54,749 DEBUG epoch: 191, train_acc: 99.782151222229, val_acc: 63.03, fidel_score: 63.84, acc_loss: 0.01613987877499312, grad_loss: None
2022-05-02 05:25:59,235 DEBUG epoch: 192, train_acc: 99.489182472229, val_acc: 62.93, fidel_score: 63.71, acc_loss: 0.021995621267706156, grad_loss: None
2022-05-02 05:26:04,021 DEBUG epoch: 193, train_acc: 99.684494972229, val_acc: 63.07, fidel_score: 63.87, acc_loss: 0.017153154709376395, grad_loss: None
2022-05-02 05:26:08,783 DEBUG epoch: 194, train_acc: 99.586838722229, val_acc: 63.23, fidel_score: 63.99, acc_loss: 0.024446573690511286, grad_loss: None
2022-05-02 05:26:13,658 DEBUG epoch: 195, train_acc: 99.31640625, val_acc: 63.29, fidel_score: 64.07, acc_loss: 0.02680727484403178, grad_loss: None
2022-05-02 05:26:18,363 DEBUG epoch: 196, train_acc: 99.196213722229, val_acc: 63.26, fidel_score: 64.03, acc_loss: 0.025988040666561574, grad_loss: None
2022-05-02 05:26:23,122 DEBUG epoch: 197, train_acc: 99.8046875, val_acc: 63.2, fidel_score: 63.99, acc_loss: 0.016979971551336348, grad_loss: None
2022-05-02 05:26:27,095 DEBUG epoch: 198, train_acc: 99.90234375, val_acc: 63.12, fidel_score: 63.9, acc_loss: 0.017926570668350905, grad_loss: None
2022-05-02 05:26:31,543 DEBUG epoch: 199, train_acc: 99.4140625, val_acc: 63.08, fidel_score: 63.85, acc_loss: 0.025162116857245564, grad_loss: None
2022-05-02 05:26:36,941 DEBUG epoch: 200, train_acc: 99.46664619445801, val_acc: 63.11, fidel_score: 63.82, acc_loss: 0.02396625417168252, grad_loss: None
2022-05-02 05:26:41,454 DEBUG epoch: 201, train_acc: 100.0, val_acc: 63.16, fidel_score: 63.85, acc_loss: 0.01019276597071439, grad_loss: None
2022-05-02 05:26:46,293 DEBUG epoch: 202, train_acc: 99.36898994445801, val_acc: 63.22, fidel_score: 63.94, acc_loss: 0.027267778699751943, grad_loss: None
2022-05-02 05:26:50,496 DEBUG epoch: 203, train_acc: 99.8046875, val_acc: 63.15, fidel_score: 63.83, acc_loss: 0.016368582961149514, grad_loss: None
2022-05-02 05:26:55,601 DEBUG epoch: 204, train_acc: 99.8046875, val_acc: 63.17, fidel_score: 63.88, acc_loss: 0.017388686654157937, grad_loss: None
2022-05-02 05:27:00,312 DEBUG epoch: 205, train_acc: 99.8046875, val_acc: 63.1, fidel_score: 63.81, acc_loss: 0.012687097943853587, grad_loss: None
2022-05-02 05:27:04,866 DEBUG epoch: 206, train_acc: 99.27133369445801, val_acc: 63.1, fidel_score: 63.84, acc_loss: 0.03358485089847818, grad_loss: None
2022-05-02 05:27:09,429 DEBUG epoch: 207, train_acc: 99.8046875, val_acc: 63.04, fidel_score: 63.78, acc_loss: 0.01316656987182796, grad_loss: None
2022-05-02 05:27:14,045 DEBUG epoch: 208, train_acc: 99.90234375, val_acc: 63.11, fidel_score: 63.83, acc_loss: 0.011601076053921133, grad_loss: None
2022-05-02 05:27:18,919 DEBUG epoch: 209, train_acc: 99.51171875, val_acc: 63.06, fidel_score: 63.77, acc_loss: 0.021814901032485068, grad_loss: None
2022-05-02 05:27:23,517 DEBUG epoch: 210, train_acc: 99.75961494445801, val_acc: 63.04, fidel_score: 63.79, acc_loss: 0.019300955173093826, grad_loss: None
2022-05-02 05:27:27,977 DEBUG epoch: 211, train_acc: 100.0, val_acc: 63.08, fidel_score: 63.86, acc_loss: 0.01007058861432597, grad_loss: None
2022-05-02 05:27:32,678 DEBUG epoch: 212, train_acc: 99.51171875, val_acc: 63.07, fidel_score: 63.86, acc_loss: 0.020130855788011104, grad_loss: None
2022-05-02 05:27:37,378 DEBUG epoch: 213, train_acc: 99.70703125, val_acc: 63.18, fidel_score: 63.92, acc_loss: 0.021559607819654047, grad_loss: None
2022-05-02 05:27:42,137 DEBUG epoch: 214, train_acc: 99.70703125, val_acc: 63.12, fidel_score: 63.88, acc_loss: 0.01899372518528253, grad_loss: None
2022-05-02 05:27:46,749 DEBUG epoch: 215, train_acc: 99.90234375, val_acc: 63.18, fidel_score: 63.92, acc_loss: 0.012098104314645752, grad_loss: None
2022-05-02 05:27:51,271 DEBUG epoch: 216, train_acc: 99.8046875, val_acc: 63.22, fidel_score: 63.95, acc_loss: 0.014386753144208342, grad_loss: None
2022-05-02 05:27:56,053 DEBUG epoch: 217, train_acc: 99.609375, val_acc: 63.25, fidel_score: 63.97, acc_loss: 0.015796212770510465, grad_loss: None
2022-05-02 05:28:00,638 DEBUG epoch: 218, train_acc: 99.70703125, val_acc: 63.15, fidel_score: 63.87, acc_loss: 0.02365746581926942, grad_loss: None
2022-05-02 05:28:05,454 DEBUG epoch: 219, train_acc: 99.8046875, val_acc: 63.13, fidel_score: 63.86, acc_loss: 0.014553457644069567, grad_loss: None
2022-05-02 05:28:09,873 DEBUG epoch: 220, train_acc: 99.586838722229, val_acc: 63.15, fidel_score: 63.88, acc_loss: 0.02325757232028991, grad_loss: None
2022-05-02 05:28:14,413 DEBUG epoch: 221, train_acc: 99.46664619445801, val_acc: 63.13, fidel_score: 63.93, acc_loss: 0.023274822626262903, grad_loss: None
2022-05-02 05:28:19,619 DEBUG epoch: 222, train_acc: 99.609375, val_acc: 63.17, fidel_score: 63.95, acc_loss: 0.02210134340566583, grad_loss: None
2022-05-02 05:28:24,430 DEBUG epoch: 223, train_acc: 99.782151222229, val_acc: 63.16, fidel_score: 63.94, acc_loss: 0.01627616968471557, grad_loss: None
2022-05-02 05:28:29,440 DEBUG epoch: 224, train_acc: 99.684494972229, val_acc: 63.1, fidel_score: 63.91, acc_loss: 0.016537919058464468, grad_loss: None
2022-05-02 05:28:33,748 DEBUG epoch: 225, train_acc: 99.586838722229, val_acc: 63.03, fidel_score: 63.83, acc_loss: 0.028845296998042613, grad_loss: None
2022-05-02 05:28:38,540 DEBUG epoch: 226, train_acc: 99.8046875, val_acc: 63.07, fidel_score: 63.88, acc_loss: 0.014435351942665875, grad_loss: None
2022-05-02 05:28:43,617 DEBUG epoch: 227, train_acc: 99.8046875, val_acc: 62.99, fidel_score: 63.79, acc_loss: 0.01850753469625488, grad_loss: None
2022-05-02 05:28:48,305 DEBUG epoch: 228, train_acc: 99.8046875, val_acc: 62.98, fidel_score: 63.82, acc_loss: 0.014346730866236612, grad_loss: None
2022-05-02 05:28:53,142 DEBUG epoch: 229, train_acc: 99.21875, val_acc: 62.94, fidel_score: 63.8, acc_loss: 0.033157498721266165, grad_loss: None
2022-05-02 05:28:57,984 DEBUG epoch: 230, train_acc: 99.8046875, val_acc: 62.98, fidel_score: 63.78, acc_loss: 0.016372005979064852, grad_loss: None
2022-05-02 05:29:02,776 DEBUG epoch: 231, train_acc: 99.90234375, val_acc: 62.98, fidel_score: 63.79, acc_loss: 0.01506714621791616, grad_loss: None
2022-05-02 05:29:07,587 DEBUG epoch: 232, train_acc: 99.586838722229, val_acc: 63.03, fidel_score: 63.88, acc_loss: 0.017142745782621205, grad_loss: None
2022-05-02 05:29:12,630 DEBUG epoch: 233, train_acc: 99.8046875, val_acc: 62.95, fidel_score: 63.78, acc_loss: 0.012892780330730602, grad_loss: None
2022-05-02 05:29:17,615 DEBUG epoch: 234, train_acc: 99.391526222229, val_acc: 62.81, fidel_score: 63.64, acc_loss: 0.02531562262447551, grad_loss: None
2022-05-02 05:29:22,138 DEBUG epoch: 235, train_acc: 99.489182472229, val_acc: 62.8, fidel_score: 63.55, acc_loss: 0.024664340307936072, grad_loss: None
2022-05-02 05:29:27,389 DEBUG epoch: 236, train_acc: 98.92578125, val_acc: 62.95, fidel_score: 63.67, acc_loss: 0.0330997338751331, grad_loss: None
2022-05-02 05:29:32,101 DEBUG epoch: 237, train_acc: 99.586838722229, val_acc: 62.9, fidel_score: 63.6, acc_loss: 0.02159189316444099, grad_loss: None
2022-05-02 05:29:36,837 DEBUG epoch: 238, train_acc: 99.196213722229, val_acc: 62.92, fidel_score: 63.64, acc_loss: 0.030726988974492997, grad_loss: None
2022-05-02 05:29:41,443 DEBUG epoch: 239, train_acc: 99.8046875, val_acc: 62.98, fidel_score: 63.68, acc_loss: 0.017927298904396594, grad_loss: None
2022-05-02 05:29:46,118 DEBUG epoch: 240, train_acc: 99.609375, val_acc: 62.98, fidel_score: 63.69, acc_loss: 0.0197010082192719, grad_loss: None
2022-05-02 05:29:50,767 DEBUG epoch: 241, train_acc: 99.8046875, val_acc: 63.01, fidel_score: 63.72, acc_loss: 0.012809054169338197, grad_loss: None
2022-05-02 05:29:55,264 DEBUG epoch: 242, train_acc: 99.8046875, val_acc: 62.97, fidel_score: 63.69, acc_loss: 0.017552167642861605, grad_loss: None
2022-05-02 05:29:59,377 DEBUG epoch: 243, train_acc: 99.8046875, val_acc: 62.99, fidel_score: 63.73, acc_loss: 0.02026385988574475, grad_loss: None
2022-05-02 05:30:04,214 DEBUG epoch: 244, train_acc: 99.8046875, val_acc: 62.89, fidel_score: 63.63, acc_loss: 0.01979759946698323, grad_loss: None
2022-05-02 05:30:09,313 DEBUG epoch: 245, train_acc: 99.46664619445801, val_acc: 62.91, fidel_score: 63.65, acc_loss: 0.037854177062399685, grad_loss: None
2022-05-02 05:30:14,260 DEBUG epoch: 246, train_acc: 99.609375, val_acc: 62.94, fidel_score: 63.69, acc_loss: 0.019322839681990445, grad_loss: None
2022-05-02 05:30:19,108 DEBUG epoch: 247, train_acc: 99.90234375, val_acc: 62.93, fidel_score: 63.73, acc_loss: 0.015637817792594433, grad_loss: None
2022-05-02 05:30:24,006 DEBUG epoch: 248, train_acc: 99.586838722229, val_acc: 62.94, fidel_score: 63.75, acc_loss: 0.025483704754151404, grad_loss: None
2022-05-02 05:30:28,291 DEBUG epoch: 249, train_acc: 99.21875, val_acc: 62.93, fidel_score: 63.76, acc_loss: 0.025014694780111313, grad_loss: None
2022-05-02 05:30:33,082 DEBUG epoch: 250, train_acc: 99.51171875, val_acc: 62.95, fidel_score: 63.72, acc_loss: 0.022133016143925488, grad_loss: None
2022-05-02 05:30:38,022 DEBUG epoch: 251, train_acc: 99.8046875, val_acc: 62.97, fidel_score: 63.75, acc_loss: 0.01983024028595537, grad_loss: None
2022-05-02 05:30:42,870 DEBUG epoch: 252, train_acc: 99.56430244445801, val_acc: 62.99, fidel_score: 63.75, acc_loss: 0.02058809029404074, grad_loss: None
2022-05-02 05:30:47,369 DEBUG epoch: 253, train_acc: 99.489182472229, val_acc: 62.99, fidel_score: 63.75, acc_loss: 0.022926414327230304, grad_loss: None
2022-05-02 05:30:52,102 DEBUG epoch: 254, train_acc: 99.8046875, val_acc: 62.99, fidel_score: 63.75, acc_loss: 0.015759381582029164, grad_loss: None
2022-05-02 05:30:56,996 DEBUG epoch: 255, train_acc: 99.70703125, val_acc: 63.02, fidel_score: 63.79, acc_loss: 0.020529744506347924, grad_loss: None
2022-05-02 05:31:00,814 DEBUG epoch: 256, train_acc: 99.51171875, val_acc: 62.98, fidel_score: 63.79, acc_loss: 0.02270101272733882, grad_loss: None
2022-05-02 05:31:06,076 DEBUG epoch: 257, train_acc: 99.684494972229, val_acc: 62.99, fidel_score: 63.81, acc_loss: 0.016879555012565106, grad_loss: None
2022-05-02 05:31:10,793 DEBUG epoch: 258, train_acc: 99.90234375, val_acc: 62.98, fidel_score: 63.8, acc_loss: 0.007645218749530613, grad_loss: None
2022-05-02 05:31:15,884 DEBUG epoch: 259, train_acc: 99.609375, val_acc: 63.04, fidel_score: 63.84, acc_loss: 0.018017962342128158, grad_loss: None
2022-05-02 05:31:20,925 DEBUG epoch: 260, train_acc: 99.75961494445801, val_acc: 63.03, fidel_score: 63.79, acc_loss: 0.016305489232763648, grad_loss: None
2022-05-02 05:31:25,736 DEBUG epoch: 261, train_acc: 99.21875, val_acc: 63.07, fidel_score: 63.8, acc_loss: 0.041595893795602024, grad_loss: None
2022-05-02 05:31:30,425 DEBUG epoch: 262, train_acc: 99.782151222229, val_acc: 63.1, fidel_score: 63.83, acc_loss: 0.016423911263700575, grad_loss: None
2022-05-02 05:31:34,994 DEBUG epoch: 263, train_acc: 99.70703125, val_acc: 63.09, fidel_score: 63.82, acc_loss: 0.019263205816969275, grad_loss: None
2022-05-02 05:31:40,271 DEBUG epoch: 264, train_acc: 100.0, val_acc: 63.07, fidel_score: 63.81, acc_loss: 0.011383936856873333, grad_loss: None
2022-05-02 05:31:45,048 DEBUG epoch: 265, train_acc: 99.51171875, val_acc: 63.1, fidel_score: 63.86, acc_loss: 0.02590926003176719, grad_loss: None
2022-05-02 05:31:50,084 DEBUG epoch: 266, train_acc: 99.586838722229, val_acc: 63.15, fidel_score: 63.88, acc_loss: 0.016890981642063707, grad_loss: None
2022-05-02 05:31:54,215 DEBUG epoch: 267, train_acc: 99.90234375, val_acc: 63.11, fidel_score: 63.81, acc_loss: 0.009801026317290962, grad_loss: None
2022-05-02 05:31:59,232 DEBUG epoch: 268, train_acc: 99.8046875, val_acc: 63.16, fidel_score: 63.86, acc_loss: 0.01613761007320136, grad_loss: None
2022-05-02 05:32:03,312 DEBUG epoch: 269, train_acc: 99.17367744445801, val_acc: 63.12, fidel_score: 63.86, acc_loss: 0.02766543670441024, grad_loss: None
2022-05-02 05:32:08,305 DEBUG epoch: 270, train_acc: 99.36898994445801, val_acc: 63.09, fidel_score: 63.84, acc_loss: 0.03004361898638308, grad_loss: None
2022-05-02 05:32:14,136 DEBUG epoch: 271, train_acc: 99.782151222229, val_acc: 63.03, fidel_score: 63.83, acc_loss: 0.014858917333185673, grad_loss: None
2022-05-02 05:32:18,631 DEBUG epoch: 272, train_acc: 99.70703125, val_acc: 63.1, fidel_score: 63.87, acc_loss: 0.018670572113478556, grad_loss: None
2022-05-02 05:32:23,695 DEBUG epoch: 273, train_acc: 99.70703125, val_acc: 63.22, fidel_score: 63.96, acc_loss: 0.01999002113007009, grad_loss: None
2022-05-02 05:32:28,714 DEBUG epoch: 274, train_acc: 99.90234375, val_acc: 63.19, fidel_score: 63.93, acc_loss: 0.0165117583819665, grad_loss: None
2022-05-02 05:32:33,608 DEBUG epoch: 275, train_acc: 99.8046875, val_acc: 63.16, fidel_score: 63.9, acc_loss: 0.01166399079374969, grad_loss: None
2022-05-02 05:32:38,103 DEBUG epoch: 276, train_acc: 99.31640625, val_acc: 63.14, fidel_score: 63.89, acc_loss: 0.021411674038972706, grad_loss: None
2022-05-02 05:32:42,408 DEBUG epoch: 277, train_acc: 99.70703125, val_acc: 63.13, fidel_score: 63.92, acc_loss: 0.014901334914611652, grad_loss: None
2022-05-02 05:32:47,262 DEBUG epoch: 278, train_acc: 99.51171875, val_acc: 63.15, fidel_score: 63.94, acc_loss: 0.021571284451056272, grad_loss: None
2022-05-02 05:32:51,796 DEBUG epoch: 279, train_acc: 99.90234375, val_acc: 63.18, fidel_score: 63.99, acc_loss: 0.017640591016970575, grad_loss: None
2022-05-02 05:32:56,423 DEBUG epoch: 280, train_acc: 100.0, val_acc: 63.18, fidel_score: 64.01, acc_loss: 0.011865746375406161, grad_loss: None
2022-05-02 05:33:01,933 DEBUG epoch: 281, train_acc: 99.586838722229, val_acc: 63.14, fidel_score: 63.96, acc_loss: 0.02292572963051498, grad_loss: None
2022-05-02 05:33:05,510 DEBUG epoch: 282, train_acc: 99.782151222229, val_acc: 63.16, fidel_score: 63.96, acc_loss: 0.016938756365561858, grad_loss: None
2022-05-02 05:33:09,874 DEBUG epoch: 283, train_acc: 99.684494972229, val_acc: 63.13, fidel_score: 63.94, acc_loss: 0.019997799303382635, grad_loss: None
2022-05-02 05:33:14,389 DEBUG epoch: 284, train_acc: 99.8046875, val_acc: 63.09, fidel_score: 63.91, acc_loss: 0.014523015357553959, grad_loss: None
2022-05-02 05:33:18,504 DEBUG epoch: 285, train_acc: 99.31640625, val_acc: 63.09, fidel_score: 63.92, acc_loss: 0.034854897181503475, grad_loss: None
2022-05-02 05:33:23,384 DEBUG epoch: 286, train_acc: 99.15114116668701, val_acc: 63.09, fidel_score: 63.92, acc_loss: 0.023817189852707088, grad_loss: None
2022-05-02 05:33:28,435 DEBUG epoch: 287, train_acc: 100.0, val_acc: 63.1, fidel_score: 63.94, acc_loss: 0.010974253935273737, grad_loss: None
2022-05-02 05:33:33,417 DEBUG epoch: 288, train_acc: 99.90234375, val_acc: 63.09, fidel_score: 63.93, acc_loss: 0.015493911691009998, grad_loss: None
2022-05-02 05:33:38,437 DEBUG epoch: 289, train_acc: 99.70703125, val_acc: 63.08, fidel_score: 63.9, acc_loss: 0.020590826810803264, grad_loss: None
2022-05-02 05:33:43,217 DEBUG epoch: 290, train_acc: 99.4140625, val_acc: 63.1, fidel_score: 63.92, acc_loss: 0.019507079268805683, grad_loss: None
2022-05-02 05:33:48,118 DEBUG epoch: 291, train_acc: 99.609375, val_acc: 63.11, fidel_score: 63.94, acc_loss: 0.02391930273734033, grad_loss: None
2022-05-02 05:33:53,109 DEBUG epoch: 292, train_acc: 99.489182472229, val_acc: 63.13, fidel_score: 63.96, acc_loss: 0.02167251898208633, grad_loss: None
2022-05-02 05:33:57,981 DEBUG epoch: 293, train_acc: 99.90234375, val_acc: 63.09, fidel_score: 63.92, acc_loss: 0.013412199972663075, grad_loss: None
2022-05-02 05:34:03,690 DEBUG epoch: 294, train_acc: 99.684494972229, val_acc: 63.06, fidel_score: 63.89, acc_loss: 0.02241962921107188, grad_loss: None
2022-05-02 05:34:08,333 DEBUG epoch: 295, train_acc: 99.391526222229, val_acc: 63.07, fidel_score: 63.9, acc_loss: 0.02469289500731975, grad_loss: None
2022-05-02 05:34:12,293 DEBUG epoch: 296, train_acc: 100.0, val_acc: 63.09, fidel_score: 63.92, acc_loss: 0.0077347016776911914, grad_loss: None
2022-05-02 05:34:17,256 DEBUG epoch: 297, train_acc: 99.586838722229, val_acc: 63.11, fidel_score: 63.93, acc_loss: 0.020677897380664945, grad_loss: None
2022-05-02 05:34:22,185 DEBUG epoch: 298, train_acc: 99.70703125, val_acc: 63.09, fidel_score: 63.9, acc_loss: 0.022004371392540634, grad_loss: None
2022-05-02 05:34:27,003 DEBUG epoch: 299, train_acc: 99.66195869445801, val_acc: 63.11, fidel_score: 63.93, acc_loss: 0.017785405972972512, grad_loss: None
2022-05-02 05:34:32,494 DEBUG epoch: 300, train_acc: 99.000901222229, val_acc: 63.09, fidel_score: 63.92, acc_loss: 0.040259195666294545, grad_loss: None
2022-05-02 05:34:32,495 DEBUG load best stealed model.
2022-05-02 05:34:32,495 DEBUG Best perform model, val_acc: 63.95, fidel_score: 64.73, acc_loss: 0.19999750796705484
2022-05-02 05:34:32,498 DEBUG load cloest stealed model.
2022-05-02 05:34:32,498 DEBUG Closest perform model, val_acc: 63.95, fidel_score: 64.73, acc_loss: 0.19999750796705484
