2022-04-30 18:25:40,341 DEBUG Namespace(arch='vgg11_bn', attack_client=0, attack_epochs=300, attack_style='TrainME_option', average_time=1, batch_size=128, bottleneck_option='None', cutlayer=4, data_proportion=0.02, dataset='fmnist', filename='ace_V2_epoch_vgg11_bn_cutlayer_4_client_1_seed125_dataset_fmnist_lr_0.05_200epoch', folder='saves/baseline', learning_rate=0.005, noniid_ratio=1.0, num_client=1, num_epochs='best', num_query=1, random_seed=123, regularization='None', regularization_strength=0.0, scheme='V2_epoch', surrogate_arch='same', test_best=True, train_clas_layer=4.0)
2022-04-30 18:25:43,700 DEBUG Test (client-0):	Loss 0.9429 (0.2888)	Prec@1 87.500 (93.880)
2022-04-30 18:25:43,700 DEBUG  * Prec@1 93.880
2022-04-30 18:25:43,798 DEBUG 10
2022-04-30 18:25:43,798 DEBUG surrogate parameter has 10 trainable parameters!
2022-04-30 18:25:46,410 DEBUG epoch: 0, val_acc: 8.69, val_fidelity: 8.76
2022-04-30 18:25:48,134 DEBUG epoch: 1, train_acc: 42.86458282470703, val_acc: 81.08, fidel_score: 82.41, acc_loss: 1.7755006849765778, grad_loss: None
2022-04-30 18:25:49,833 DEBUG epoch: 2, train_acc: 88.77604141235352, val_acc: 90.97, fidel_score: 93.84, acc_loss: 0.39733827114105225, grad_loss: None
2022-04-30 18:25:51,518 DEBUG epoch: 3, train_acc: 94.453125, val_acc: 92.38, fidel_score: 94.95, acc_loss: 0.2000395432114601, grad_loss: None
2022-04-30 18:25:53,192 DEBUG epoch: 4, train_acc: 96.38020782470703, val_acc: 92.6, fidel_score: 95.49, acc_loss: 0.1233837902545929, grad_loss: None
2022-04-30 18:25:54,881 DEBUG epoch: 5, train_acc: 97.00520782470703, val_acc: 93.0, fidel_score: 95.86, acc_loss: 0.10127409771084786, grad_loss: None
2022-04-30 18:25:56,594 DEBUG epoch: 6, train_acc: 96.43229141235352, val_acc: 92.82, fidel_score: 96.11, acc_loss: 0.10861753225326538, grad_loss: None
2022-04-30 18:25:58,277 DEBUG epoch: 7, train_acc: 97.5, val_acc: 92.9, fidel_score: 96.1, acc_loss: 0.09762934930622577, grad_loss: None
2022-04-30 18:26:00,015 DEBUG epoch: 8, train_acc: 97.29166641235352, val_acc: 92.91, fidel_score: 96.04, acc_loss: 0.09094623178243637, grad_loss: None
2022-04-30 18:26:01,704 DEBUG epoch: 9, train_acc: 96.796875, val_acc: 92.94, fidel_score: 96.09, acc_loss: 0.10097441487014294, grad_loss: None
2022-04-30 18:26:03,377 DEBUG epoch: 10, train_acc: 97.265625, val_acc: 92.86, fidel_score: 96.19, acc_loss: 0.09332563187927008, grad_loss: None
2022-04-30 18:26:05,066 DEBUG epoch: 11, train_acc: 97.05729141235352, val_acc: 93.03, fidel_score: 96.21, acc_loss: 0.10293903760612011, grad_loss: None
2022-04-30 18:26:06,721 DEBUG epoch: 12, train_acc: 97.31770782470703, val_acc: 92.9, fidel_score: 96.21, acc_loss: 0.08675790131092072, grad_loss: None
2022-04-30 18:26:08,436 DEBUG epoch: 13, train_acc: 97.78645782470703, val_acc: 93.34, fidel_score: 96.45, acc_loss: 0.08997477404773235, grad_loss: None
2022-04-30 18:26:10,133 DEBUG epoch: 14, train_acc: 97.1875, val_acc: 93.04, fidel_score: 96.48, acc_loss: 0.09129686187952757, grad_loss: None
2022-04-30 18:26:11,823 DEBUG epoch: 15, train_acc: 98.07291641235352, val_acc: 92.95, fidel_score: 96.45, acc_loss: 0.05222339611500502, grad_loss: None
2022-04-30 18:26:13,494 DEBUG epoch: 16, train_acc: 97.83854141235352, val_acc: 93.19, fidel_score: 96.5, acc_loss: 0.07095952257514, grad_loss: None
2022-04-30 18:26:15,195 DEBUG epoch: 17, train_acc: 97.578125, val_acc: 92.94, fidel_score: 96.61, acc_loss: 0.059913771040737626, grad_loss: None
2022-04-30 18:26:16,881 DEBUG epoch: 18, train_acc: 97.890625, val_acc: 93.06, fidel_score: 96.6, acc_loss: 0.06277929693460464, grad_loss: None
2022-04-30 18:26:18,547 DEBUG epoch: 19, train_acc: 97.890625, val_acc: 93.01, fidel_score: 96.71, acc_loss: 0.06441162824630738, grad_loss: None
2022-04-30 18:26:20,249 DEBUG epoch: 20, train_acc: 96.97916641235352, val_acc: 93.01, fidel_score: 96.6, acc_loss: 0.0847184993326664, grad_loss: None
2022-04-30 18:26:21,924 DEBUG epoch: 21, train_acc: 98.359375, val_acc: 92.91, fidel_score: 96.5, acc_loss: 0.05915813334286213, grad_loss: None
2022-04-30 18:26:23,609 DEBUG epoch: 22, train_acc: 98.09895782470703, val_acc: 93.51, fidel_score: 96.86, acc_loss: 0.05908728637732565, grad_loss: None
2022-04-30 18:26:25,299 DEBUG epoch: 23, train_acc: 98.671875, val_acc: 93.06, fidel_score: 96.78, acc_loss: 0.04800049038603902, grad_loss: None
2022-04-30 18:26:27,023 DEBUG epoch: 24, train_acc: 97.86458282470703, val_acc: 93.02, fidel_score: 96.62, acc_loss: 0.07718359800055623, grad_loss: None
2022-04-30 18:26:28,728 DEBUG epoch: 25, train_acc: 98.48958282470703, val_acc: 93.0, fidel_score: 96.74, acc_loss: 0.051497557759284975, grad_loss: None
2022-04-30 18:26:30,434 DEBUG epoch: 26, train_acc: 98.671875, val_acc: 93.2, fidel_score: 96.65, acc_loss: 0.04826708794571459, grad_loss: None
2022-04-30 18:26:32,134 DEBUG epoch: 27, train_acc: 97.29166641235352, val_acc: 92.94, fidel_score: 96.69, acc_loss: 0.07636801358312369, grad_loss: None
2022-04-30 18:26:33,835 DEBUG epoch: 28, train_acc: 98.203125, val_acc: 93.07, fidel_score: 96.66, acc_loss: 0.05770727228373289, grad_loss: None
2022-04-30 18:26:35,531 DEBUG epoch: 29, train_acc: 98.515625, val_acc: 93.16, fidel_score: 96.62, acc_loss: 0.03931570742279291, grad_loss: None
2022-04-30 18:26:37,208 DEBUG epoch: 30, train_acc: 98.30729141235352, val_acc: 93.54, fidel_score: 96.95, acc_loss: 0.04654000326991081, grad_loss: None
2022-04-30 18:26:38,893 DEBUG epoch: 31, train_acc: 98.69791641235352, val_acc: 93.23, fidel_score: 96.78, acc_loss: 0.03938723239116371, grad_loss: None
2022-04-30 18:26:40,591 DEBUG epoch: 32, train_acc: 98.046875, val_acc: 93.22, fidel_score: 96.94, acc_loss: 0.05396458189934492, grad_loss: None
2022-04-30 18:26:42,293 DEBUG epoch: 33, train_acc: 98.671875, val_acc: 93.01, fidel_score: 96.8, acc_loss: 0.04312829645350576, grad_loss: None
2022-04-30 18:26:43,997 DEBUG epoch: 34, train_acc: 96.82291641235352, val_acc: 93.25, fidel_score: 96.72, acc_loss: 0.08585275718942284, grad_loss: None
2022-04-30 18:26:45,696 DEBUG epoch: 35, train_acc: 98.15104141235352, val_acc: 93.23, fidel_score: 96.9, acc_loss: 0.05632911846041679, grad_loss: None
2022-04-30 18:26:47,369 DEBUG epoch: 36, train_acc: 99.01041641235352, val_acc: 93.1, fidel_score: 96.86, acc_loss: 0.036048414837569, grad_loss: None
2022-04-30 18:26:49,054 DEBUG epoch: 37, train_acc: 98.85416641235352, val_acc: 93.41, fidel_score: 96.98, acc_loss: 0.03656852468848228, grad_loss: None
2022-04-30 18:26:50,757 DEBUG epoch: 38, train_acc: 98.671875, val_acc: 93.46, fidel_score: 96.96, acc_loss: 0.03836202980019152, grad_loss: None
2022-04-30 18:26:52,443 DEBUG epoch: 39, train_acc: 98.22916641235352, val_acc: 93.44, fidel_score: 96.83, acc_loss: 0.054666802566498515, grad_loss: None
2022-04-30 18:26:54,129 DEBUG epoch: 40, train_acc: 98.69791641235352, val_acc: 93.16, fidel_score: 96.87, acc_loss: 0.03821251913905144, grad_loss: None
2022-04-30 18:26:55,801 DEBUG epoch: 41, train_acc: 98.828125, val_acc: 93.43, fidel_score: 96.9, acc_loss: 0.0307835484854877, grad_loss: None
2022-04-30 18:26:57,500 DEBUG epoch: 42, train_acc: 98.515625, val_acc: 93.18, fidel_score: 96.87, acc_loss: 0.04980772137641907, grad_loss: None
2022-04-30 18:26:59,199 DEBUG epoch: 43, train_acc: 98.203125, val_acc: 93.37, fidel_score: 96.72, acc_loss: 0.059993012400809675, grad_loss: None
2022-04-30 18:27:00,897 DEBUG epoch: 44, train_acc: 98.69791641235352, val_acc: 92.95, fidel_score: 96.56, acc_loss: 0.04221077007241547, grad_loss: None
2022-04-30 18:27:02,619 DEBUG epoch: 45, train_acc: 98.64583282470703, val_acc: 93.04, fidel_score: 96.71, acc_loss: 0.0357224449981004, grad_loss: None
2022-04-30 18:27:04,317 DEBUG epoch: 46, train_acc: 98.828125, val_acc: 93.17, fidel_score: 96.67, acc_loss: 0.03871150128543377, grad_loss: None
2022-04-30 18:27:05,969 DEBUG epoch: 47, train_acc: 98.61979141235352, val_acc: 93.28, fidel_score: 96.86, acc_loss: 0.048137639090418814, grad_loss: None
2022-04-30 18:27:07,671 DEBUG epoch: 48, train_acc: 97.99479141235352, val_acc: 93.19, fidel_score: 96.71, acc_loss: 0.052626441791653635, grad_loss: None
2022-04-30 18:27:09,336 DEBUG epoch: 49, train_acc: 97.60416641235352, val_acc: 93.3, fidel_score: 96.73, acc_loss: 0.068742604739964, grad_loss: None
2022-04-30 18:27:11,049 DEBUG epoch: 50, train_acc: 98.88020782470703, val_acc: 93.34, fidel_score: 96.91, acc_loss: 0.036717628873884675, grad_loss: None
2022-04-30 18:27:12,782 DEBUG epoch: 51, train_acc: 98.46354141235352, val_acc: 93.11, fidel_score: 96.7, acc_loss: 0.051961482921615246, grad_loss: None
2022-04-30 18:27:14,452 DEBUG epoch: 52, train_acc: 98.203125, val_acc: 93.3, fidel_score: 96.89, acc_loss: 0.052407749183475974, grad_loss: None
2022-04-30 18:27:16,149 DEBUG epoch: 53, train_acc: 98.77604141235352, val_acc: 93.16, fidel_score: 96.83, acc_loss: 0.028293176414445044, grad_loss: None
2022-04-30 18:27:17,837 DEBUG epoch: 54, train_acc: 98.984375, val_acc: 93.25, fidel_score: 96.98, acc_loss: 0.02990492096869275, grad_loss: None
2022-04-30 18:27:19,531 DEBUG epoch: 55, train_acc: 98.828125, val_acc: 93.2, fidel_score: 97.04, acc_loss: 0.03555302082095295, grad_loss: None
2022-04-30 18:27:21,213 DEBUG epoch: 56, train_acc: 99.609375, val_acc: 93.03, fidel_score: 96.82, acc_loss: 0.021472203964367508, grad_loss: None
2022-04-30 18:27:22,906 DEBUG epoch: 57, train_acc: 98.85416641235352, val_acc: 93.16, fidel_score: 96.86, acc_loss: 0.035588746145367625, grad_loss: None
2022-04-30 18:27:24,593 DEBUG epoch: 58, train_acc: 98.671875, val_acc: 93.35, fidel_score: 96.79, acc_loss: 0.043678906722925605, grad_loss: None
2022-04-30 18:27:26,306 DEBUG epoch: 59, train_acc: 99.140625, val_acc: 93.33, fidel_score: 97.01, acc_loss: 0.023381119966506957, grad_loss: None
2022-04-30 18:27:27,991 DEBUG epoch: 60, train_acc: 99.01041641235352, val_acc: 93.14, fidel_score: 96.89, acc_loss: 0.03277388545684516, grad_loss: None
2022-04-30 18:27:29,678 DEBUG epoch: 61, train_acc: 99.375, val_acc: 93.05, fidel_score: 97.12, acc_loss: 0.019493016321212052, grad_loss: None
2022-04-30 18:27:31,341 DEBUG epoch: 62, train_acc: 98.93229141235352, val_acc: 93.29, fidel_score: 96.84, acc_loss: 0.03735667560249567, grad_loss: None
2022-04-30 18:27:33,040 DEBUG epoch: 63, train_acc: 98.828125, val_acc: 93.12, fidel_score: 96.7, acc_loss: 0.03915831714402884, grad_loss: None
2022-04-30 18:27:34,768 DEBUG epoch: 64, train_acc: 98.69791641235352, val_acc: 93.38, fidel_score: 96.95, acc_loss: 0.0336995373480022, grad_loss: None
2022-04-30 18:27:36,470 DEBUG epoch: 65, train_acc: 99.296875, val_acc: 93.04, fidel_score: 96.86, acc_loss: 0.025021859467960893, grad_loss: None
2022-04-30 18:27:38,141 DEBUG epoch: 66, train_acc: 98.828125, val_acc: 93.12, fidel_score: 96.87, acc_loss: 0.031683221366256474, grad_loss: None
2022-04-30 18:27:39,815 DEBUG epoch: 67, train_acc: 98.671875, val_acc: 93.29, fidel_score: 96.85, acc_loss: 0.03160719757433981, grad_loss: None
2022-04-30 18:27:41,495 DEBUG epoch: 68, train_acc: 98.02083282470703, val_acc: 93.24, fidel_score: 96.76, acc_loss: 0.050368475960567594, grad_loss: None
2022-04-30 18:27:43,181 DEBUG epoch: 69, train_acc: 98.515625, val_acc: 93.3, fidel_score: 96.93, acc_loss: 0.038933873549103735, grad_loss: None
2022-04-30 18:27:44,903 DEBUG epoch: 70, train_acc: 98.203125, val_acc: 93.39, fidel_score: 96.89, acc_loss: 0.04940140694379806, grad_loss: None
2022-04-30 18:27:46,585 DEBUG epoch: 71, train_acc: 98.984375, val_acc: 92.92, fidel_score: 96.93, acc_loss: 0.028014068538323045, grad_loss: None
2022-04-30 18:27:48,298 DEBUG epoch: 72, train_acc: 98.359375, val_acc: 93.4, fidel_score: 96.9, acc_loss: 0.046670582797378304, grad_loss: None
2022-04-30 18:27:49,998 DEBUG epoch: 73, train_acc: 97.86458282470703, val_acc: 93.13, fidel_score: 96.67, acc_loss: 0.06659041568636895, grad_loss: None
2022-04-30 18:27:51,686 DEBUG epoch: 74, train_acc: 98.64583282470703, val_acc: 93.06, fidel_score: 96.93, acc_loss: 0.03644759480375796, grad_loss: None
2022-04-30 18:27:53,364 DEBUG epoch: 75, train_acc: 99.40104141235352, val_acc: 93.5, fidel_score: 96.8, acc_loss: 0.023774745990522206, grad_loss: None
2022-04-30 18:27:55,072 DEBUG epoch: 76, train_acc: 99.03645782470703, val_acc: 93.21, fidel_score: 96.96, acc_loss: 0.031012636702507736, grad_loss: None
2022-04-30 18:27:56,765 DEBUG epoch: 77, train_acc: 99.375, val_acc: 93.39, fidel_score: 97.11, acc_loss: 0.026241001719608904, grad_loss: None
2022-04-30 18:27:58,451 DEBUG epoch: 78, train_acc: 98.64583282470703, val_acc: 93.07, fidel_score: 96.84, acc_loss: 0.0432968258857727, grad_loss: None
2022-04-30 18:28:00,164 DEBUG epoch: 79, train_acc: 98.984375, val_acc: 93.29, fidel_score: 96.83, acc_loss: 0.02744274747092277, grad_loss: None
2022-04-30 18:28:01,840 DEBUG epoch: 80, train_acc: 98.984375, val_acc: 93.16, fidel_score: 97.11, acc_loss: 0.027017837949097158, grad_loss: None
2022-04-30 18:28:03,521 DEBUG epoch: 81, train_acc: 99.21875, val_acc: 93.27, fidel_score: 97.0, acc_loss: 0.025288040284067392, grad_loss: None
2022-04-30 18:28:05,235 DEBUG epoch: 82, train_acc: 98.90625, val_acc: 93.24, fidel_score: 96.95, acc_loss: 0.025684001226909458, grad_loss: None
2022-04-30 18:28:06,964 DEBUG epoch: 83, train_acc: 99.0625, val_acc: 93.28, fidel_score: 97.23, acc_loss: 0.034286585496738554, grad_loss: None
2022-04-30 18:28:08,638 DEBUG epoch: 84, train_acc: 98.90625, val_acc: 93.34, fidel_score: 97.07, acc_loss: 0.027362909447401763, grad_loss: None
2022-04-30 18:28:10,323 DEBUG epoch: 85, train_acc: 99.0625, val_acc: 93.42, fidel_score: 97.0, acc_loss: 0.03966676536947489, grad_loss: None
2022-04-30 18:28:12,028 DEBUG epoch: 86, train_acc: 98.984375, val_acc: 93.29, fidel_score: 97.07, acc_loss: 0.02694650667253882, grad_loss: None
2022-04-30 18:28:13,705 DEBUG epoch: 87, train_acc: 99.47916641235352, val_acc: 92.95, fidel_score: 96.77, acc_loss: 0.024043692275881767, grad_loss: None
2022-04-30 18:28:15,402 DEBUG epoch: 88, train_acc: 98.59375, val_acc: 93.11, fidel_score: 97.0, acc_loss: 0.04889999207807705, grad_loss: None
2022-04-30 18:28:17,078 DEBUG epoch: 89, train_acc: 98.61979141235352, val_acc: 93.22, fidel_score: 97.04, acc_loss: 0.04875696795061231, grad_loss: None
2022-04-30 18:28:18,787 DEBUG epoch: 90, train_acc: 98.59375, val_acc: 93.34, fidel_score: 97.14, acc_loss: 0.04130581864155829, grad_loss: None
2022-04-30 18:28:20,470 DEBUG epoch: 91, train_acc: 98.984375, val_acc: 93.33, fidel_score: 97.08, acc_loss: 0.037546560444752686, grad_loss: None
2022-04-30 18:28:22,149 DEBUG epoch: 92, train_acc: 99.21875, val_acc: 93.34, fidel_score: 97.21, acc_loss: 0.029991248855367303, grad_loss: None
2022-04-30 18:28:23,858 DEBUG epoch: 93, train_acc: 99.0625, val_acc: 93.28, fidel_score: 96.92, acc_loss: 0.029433149425312877, grad_loss: None
2022-04-30 18:28:25,536 DEBUG epoch: 94, train_acc: 99.21875, val_acc: 93.35, fidel_score: 97.09, acc_loss: 0.02479936587624252, grad_loss: None
2022-04-30 18:28:27,229 DEBUG epoch: 95, train_acc: 99.140625, val_acc: 93.12, fidel_score: 96.91, acc_loss: 0.030734950257465244, grad_loss: None
2022-04-30 18:28:28,947 DEBUG epoch: 96, train_acc: 98.90625, val_acc: 93.32, fidel_score: 96.97, acc_loss: 0.02813617023639381, grad_loss: None
2022-04-30 18:28:30,619 DEBUG epoch: 97, train_acc: 98.46354141235352, val_acc: 93.4, fidel_score: 96.98, acc_loss: 0.04459637620020658, grad_loss: None
2022-04-30 18:28:32,290 DEBUG epoch: 98, train_acc: 99.53125, val_acc: 93.32, fidel_score: 96.98, acc_loss: 0.020832936838269235, grad_loss: None
2022-04-30 18:28:33,993 DEBUG epoch: 99, train_acc: 98.41145782470703, val_acc: 93.24, fidel_score: 96.99, acc_loss: 0.039696637587621805, grad_loss: None
2022-04-30 18:28:35,663 DEBUG epoch: 100, train_acc: 98.93229141235352, val_acc: 93.44, fidel_score: 97.04, acc_loss: 0.03485585895832628, grad_loss: None
2022-04-30 18:28:37,334 DEBUG epoch: 101, train_acc: 98.90625, val_acc: 93.39, fidel_score: 96.93, acc_loss: 0.029457032214850187, grad_loss: None
2022-04-30 18:28:39,032 DEBUG epoch: 102, train_acc: 99.140625, val_acc: 93.23, fidel_score: 97.0, acc_loss: 0.02306741459760815, grad_loss: None
2022-04-30 18:28:40,774 DEBUG epoch: 103, train_acc: 99.32291641235352, val_acc: 93.26, fidel_score: 96.94, acc_loss: 0.02586808018386364, grad_loss: None
2022-04-30 18:28:42,487 DEBUG epoch: 104, train_acc: 98.59375, val_acc: 93.38, fidel_score: 97.18, acc_loss: 0.037493435107171534, grad_loss: None
2022-04-30 18:28:44,195 DEBUG epoch: 105, train_acc: 99.0625, val_acc: 93.3, fidel_score: 96.73, acc_loss: 0.028929834300652147, grad_loss: None
2022-04-30 18:28:45,898 DEBUG epoch: 106, train_acc: 98.93229141235352, val_acc: 93.21, fidel_score: 96.99, acc_loss: 0.031705820467323065, grad_loss: None
2022-04-30 18:28:47,611 DEBUG epoch: 107, train_acc: 99.08854141235352, val_acc: 93.15, fidel_score: 96.92, acc_loss: 0.026790339080616832, grad_loss: None
2022-04-30 18:28:49,317 DEBUG epoch: 108, train_acc: 99.32291641235352, val_acc: 93.33, fidel_score: 97.03, acc_loss: 0.01878682542592287, grad_loss: None
2022-04-30 18:28:51,016 DEBUG epoch: 109, train_acc: 98.828125, val_acc: 93.28, fidel_score: 97.16, acc_loss: 0.05059212716296315, grad_loss: None
2022-04-30 18:28:52,695 DEBUG epoch: 110, train_acc: 99.140625, val_acc: 93.13, fidel_score: 96.75, acc_loss: 0.029676052881404756, grad_loss: None
2022-04-30 18:28:54,361 DEBUG epoch: 111, train_acc: 98.90625, val_acc: 93.24, fidel_score: 96.95, acc_loss: 0.04027084179688245, grad_loss: None
2022-04-30 18:28:56,072 DEBUG epoch: 112, train_acc: 99.08854141235352, val_acc: 93.11, fidel_score: 96.72, acc_loss: 0.025691790506243706, grad_loss: None
2022-04-30 18:28:57,761 DEBUG epoch: 113, train_acc: 98.984375, val_acc: 93.18, fidel_score: 97.15, acc_loss: 0.03736894242465496, grad_loss: None
2022-04-30 18:28:59,445 DEBUG epoch: 114, train_acc: 98.85416641235352, val_acc: 93.32, fidel_score: 96.86, acc_loss: 0.03591315085068345, grad_loss: None
2022-04-30 18:29:01,138 DEBUG epoch: 115, train_acc: 99.21875, val_acc: 93.37, fidel_score: 97.08, acc_loss: 0.025463553552981466, grad_loss: None
2022-04-30 18:29:02,825 DEBUG epoch: 116, train_acc: 98.80208282470703, val_acc: 93.2, fidel_score: 96.91, acc_loss: 0.04194120122119784, grad_loss: None
2022-04-30 18:29:04,531 DEBUG epoch: 117, train_acc: 99.24479141235352, val_acc: 93.21, fidel_score: 96.8, acc_loss: 0.029928005347028375, grad_loss: None
2022-04-30 18:29:06,236 DEBUG epoch: 118, train_acc: 99.53125, val_acc: 93.09, fidel_score: 96.84, acc_loss: 0.018922594422474504, grad_loss: None
2022-04-30 18:29:07,907 DEBUG epoch: 119, train_acc: 99.0625, val_acc: 93.23, fidel_score: 97.12, acc_loss: 0.03450630232691765, grad_loss: None
2022-04-30 18:29:09,579 DEBUG epoch: 120, train_acc: 99.609375, val_acc: 93.49, fidel_score: 96.99, acc_loss: 0.018905100063420832, grad_loss: None
2022-04-30 18:29:11,257 DEBUG epoch: 121, train_acc: 98.984375, val_acc: 93.19, fidel_score: 96.87, acc_loss: 0.030442945659160614, grad_loss: None
2022-04-30 18:29:12,951 DEBUG epoch: 122, train_acc: 98.85416641235352, val_acc: 93.44, fidel_score: 96.85, acc_loss: 0.027792053390294315, grad_loss: None
2022-04-30 18:29:14,658 DEBUG epoch: 123, train_acc: 99.40104141235352, val_acc: 93.26, fidel_score: 96.62, acc_loss: 0.02268587602302432, grad_loss: None
2022-04-30 18:29:16,374 DEBUG epoch: 124, train_acc: 99.375, val_acc: 93.35, fidel_score: 96.98, acc_loss: 0.022463620407506824, grad_loss: None
2022-04-30 18:29:18,058 DEBUG epoch: 125, train_acc: 99.21875, val_acc: 93.23, fidel_score: 96.9, acc_loss: 0.020680177467875184, grad_loss: None
2022-04-30 18:29:19,747 DEBUG epoch: 126, train_acc: 99.21875, val_acc: 93.21, fidel_score: 97.06, acc_loss: 0.023504583351314067, grad_loss: None
2022-04-30 18:29:21,427 DEBUG epoch: 127, train_acc: 98.38541641235352, val_acc: 93.22, fidel_score: 96.81, acc_loss: 0.04113999726250768, grad_loss: None
2022-04-30 18:29:23,103 DEBUG epoch: 128, train_acc: 98.828125, val_acc: 93.45, fidel_score: 96.99, acc_loss: 0.03415275923907757, grad_loss: None
2022-04-30 18:29:24,802 DEBUG epoch: 129, train_acc: 98.828125, val_acc: 93.21, fidel_score: 97.02, acc_loss: 0.03518358813598752, grad_loss: None
2022-04-30 18:29:26,500 DEBUG epoch: 130, train_acc: 98.984375, val_acc: 93.13, fidel_score: 96.93, acc_loss: 0.033062837878242136, grad_loss: None
2022-04-30 18:29:28,165 DEBUG epoch: 131, train_acc: 99.53125, val_acc: 93.25, fidel_score: 96.97, acc_loss: 0.021459715766832234, grad_loss: None
2022-04-30 18:29:29,879 DEBUG epoch: 132, train_acc: 98.984375, val_acc: 93.28, fidel_score: 97.07, acc_loss: 0.04464023560285568, grad_loss: None
2022-04-30 18:29:31,583 DEBUG epoch: 133, train_acc: 99.53125, val_acc: 93.34, fidel_score: 96.86, acc_loss: 0.017874173959717153, grad_loss: None
2022-04-30 18:29:33,258 DEBUG epoch: 134, train_acc: 99.11458282470703, val_acc: 93.43, fidel_score: 97.04, acc_loss: 0.030181693588383497, grad_loss: None
2022-04-30 18:29:34,964 DEBUG epoch: 135, train_acc: 98.90625, val_acc: 93.33, fidel_score: 97.1, acc_loss: 0.03277699956670403, grad_loss: None
2022-04-30 18:29:36,650 DEBUG epoch: 136, train_acc: 98.984375, val_acc: 93.29, fidel_score: 96.89, acc_loss: 0.03024367205798626, grad_loss: None
2022-04-30 18:29:38,369 DEBUG epoch: 137, train_acc: 99.140625, val_acc: 93.31, fidel_score: 97.03, acc_loss: 0.022917670477181674, grad_loss: None
2022-04-30 18:29:40,036 DEBUG epoch: 138, train_acc: 99.53125, val_acc: 93.31, fidel_score: 96.99, acc_loss: 0.017203093413263558, grad_loss: None
2022-04-30 18:29:41,731 DEBUG epoch: 139, train_acc: 99.453125, val_acc: 93.19, fidel_score: 96.92, acc_loss: 0.01727472124621272, grad_loss: None
2022-04-30 18:29:43,441 DEBUG epoch: 140, train_acc: 99.609375, val_acc: 93.28, fidel_score: 97.14, acc_loss: 0.01237836484797299, grad_loss: None
2022-04-30 18:29:45,152 DEBUG epoch: 141, train_acc: 99.375, val_acc: 93.16, fidel_score: 97.05, acc_loss: 0.022355404682457447, grad_loss: None
2022-04-30 18:29:46,837 DEBUG epoch: 142, train_acc: 99.08854141235352, val_acc: 93.32, fidel_score: 97.0, acc_loss: 0.026926218043081464, grad_loss: None
2022-04-30 18:29:48,539 DEBUG epoch: 143, train_acc: 98.828125, val_acc: 93.29, fidel_score: 97.18, acc_loss: 0.036166588822379706, grad_loss: None
2022-04-30 18:29:50,239 DEBUG epoch: 144, train_acc: 99.16666641235352, val_acc: 93.13, fidel_score: 97.1, acc_loss: 0.02416822506347671, grad_loss: None
2022-04-30 18:29:51,932 DEBUG epoch: 145, train_acc: 98.80208282470703, val_acc: 93.45, fidel_score: 97.1, acc_loss: 0.053294423292391, grad_loss: None
2022-04-30 18:29:53,618 DEBUG epoch: 146, train_acc: 99.01041641235352, val_acc: 93.32, fidel_score: 96.91, acc_loss: 0.03384573475923389, grad_loss: None
2022-04-30 18:29:55,291 DEBUG epoch: 147, train_acc: 98.25520782470703, val_acc: 93.42, fidel_score: 97.14, acc_loss: 0.04191039835568518, grad_loss: None
2022-04-30 18:29:57,000 DEBUG epoch: 148, train_acc: 99.01041641235352, val_acc: 93.08, fidel_score: 96.8, acc_loss: 0.02639189742039889, grad_loss: None
2022-04-30 18:29:58,700 DEBUG epoch: 149, train_acc: 98.75, val_acc: 93.46, fidel_score: 96.99, acc_loss: 0.04625306332018227, grad_loss: None
2022-04-30 18:30:00,400 DEBUG epoch: 150, train_acc: 99.01041641235352, val_acc: 93.44, fidel_score: 97.02, acc_loss: 0.030204666615463793, grad_loss: None
2022-04-30 18:30:02,096 DEBUG epoch: 151, train_acc: 98.828125, val_acc: 93.32, fidel_score: 97.25, acc_loss: 0.030040152510628103, grad_loss: None
2022-04-30 18:30:03,800 DEBUG epoch: 152, train_acc: 98.93229141235352, val_acc: 93.49, fidel_score: 97.0, acc_loss: 0.030416922527365386, grad_loss: None
2022-04-30 18:30:05,473 DEBUG epoch: 153, train_acc: 98.56770782470703, val_acc: 93.16, fidel_score: 97.01, acc_loss: 0.035908901458606125, grad_loss: None
2022-04-30 18:30:07,180 DEBUG epoch: 154, train_acc: 99.375, val_acc: 93.3, fidel_score: 97.07, acc_loss: 0.023347388580441476, grad_loss: None
2022-04-30 18:30:08,878 DEBUG epoch: 155, train_acc: 99.375, val_acc: 93.31, fidel_score: 97.15, acc_loss: 0.024051949428394438, grad_loss: None
2022-04-30 18:30:10,593 DEBUG epoch: 156, train_acc: 99.0625, val_acc: 93.45, fidel_score: 97.0, acc_loss: 0.02931304993107915, grad_loss: None
2022-04-30 18:30:12,292 DEBUG epoch: 157, train_acc: 99.16666641235352, val_acc: 93.25, fidel_score: 97.06, acc_loss: 0.025804447336122395, grad_loss: None
2022-04-30 18:30:14,005 DEBUG epoch: 158, train_acc: 98.61979141235352, val_acc: 93.16, fidel_score: 96.91, acc_loss: 0.0377689708955586, grad_loss: None
2022-04-30 18:30:15,693 DEBUG epoch: 159, train_acc: 98.93229141235352, val_acc: 93.24, fidel_score: 96.9, acc_loss: 0.026456345152109862, grad_loss: None
2022-04-30 18:30:17,375 DEBUG epoch: 160, train_acc: 98.85416641235352, val_acc: 93.11, fidel_score: 96.88, acc_loss: 0.034458738192915915, grad_loss: None
2022-04-30 18:30:19,095 DEBUG epoch: 161, train_acc: 99.01041641235352, val_acc: 93.24, fidel_score: 97.03, acc_loss: 0.03274577937554568, grad_loss: None
2022-04-30 18:30:20,795 DEBUG epoch: 162, train_acc: 99.375, val_acc: 93.29, fidel_score: 97.0, acc_loss: 0.023786026221932842, grad_loss: None
2022-04-30 18:30:22,520 DEBUG epoch: 163, train_acc: 99.53125, val_acc: 93.29, fidel_score: 97.04, acc_loss: 0.014244056073948741, grad_loss: None
2022-04-30 18:30:24,206 DEBUG epoch: 164, train_acc: 99.16666641235352, val_acc: 93.47, fidel_score: 97.27, acc_loss: 0.022226723795756697, grad_loss: None
2022-04-30 18:30:25,872 DEBUG epoch: 165, train_acc: 99.21875, val_acc: 93.33, fidel_score: 96.99, acc_loss: 0.03078605979681015, grad_loss: None
2022-04-30 18:30:27,572 DEBUG epoch: 166, train_acc: 98.515625, val_acc: 93.26, fidel_score: 97.29, acc_loss: 0.042545243096537885, grad_loss: None
2022-04-30 18:30:29,243 DEBUG epoch: 167, train_acc: 98.75, val_acc: 93.31, fidel_score: 96.87, acc_loss: 0.044323041941970585, grad_loss: None
2022-04-30 18:30:30,926 DEBUG epoch: 168, train_acc: 99.0625, val_acc: 93.08, fidel_score: 96.93, acc_loss: 0.02992157284170389, grad_loss: None
2022-04-30 18:30:32,605 DEBUG epoch: 169, train_acc: 99.140625, val_acc: 93.26, fidel_score: 97.0, acc_loss: 0.03282576163765043, grad_loss: None
2022-04-30 18:30:34,280 DEBUG epoch: 170, train_acc: 98.75, val_acc: 93.44, fidel_score: 96.95, acc_loss: 0.0434927870053798, grad_loss: None
2022-04-30 18:30:35,974 DEBUG epoch: 171, train_acc: 99.0625, val_acc: 93.4, fidel_score: 97.07, acc_loss: 0.028202393813990055, grad_loss: None
2022-04-30 18:30:37,668 DEBUG epoch: 172, train_acc: 98.75, val_acc: 93.27, fidel_score: 97.18, acc_loss: 0.03717131053563207, grad_loss: None
2022-04-30 18:30:39,362 DEBUG epoch: 173, train_acc: 98.90625, val_acc: 93.5, fidel_score: 97.23, acc_loss: 0.03663093503564596, grad_loss: None
2022-04-30 18:30:41,062 DEBUG epoch: 174, train_acc: 99.08854141235352, val_acc: 93.32, fidel_score: 97.13, acc_loss: 0.03317203121259808, grad_loss: None
2022-04-30 18:30:42,758 DEBUG epoch: 175, train_acc: 99.01041641235352, val_acc: 93.19, fidel_score: 97.18, acc_loss: 0.030421157367527485, grad_loss: None
2022-04-30 18:30:44,463 DEBUG epoch: 176, train_acc: 98.75, val_acc: 93.11, fidel_score: 96.98, acc_loss: 0.0404521606862545, grad_loss: None
2022-04-30 18:30:46,141 DEBUG epoch: 177, train_acc: 99.140625, val_acc: 93.21, fidel_score: 97.16, acc_loss: 0.03540547220036387, grad_loss: None
2022-04-30 18:30:47,831 DEBUG epoch: 178, train_acc: 99.24479141235352, val_acc: 93.27, fidel_score: 96.93, acc_loss: 0.02189272069372237, grad_loss: None
2022-04-30 18:30:49,505 DEBUG epoch: 179, train_acc: 99.453125, val_acc: 93.16, fidel_score: 97.0, acc_loss: 0.01893039923161268, grad_loss: None
2022-04-30 18:30:51,227 DEBUG epoch: 180, train_acc: 99.375, val_acc: 93.35, fidel_score: 96.94, acc_loss: 0.023522910568863152, grad_loss: None
2022-04-30 18:30:52,959 DEBUG epoch: 181, train_acc: 99.0625, val_acc: 93.25, fidel_score: 97.11, acc_loss: 0.027566509786993265, grad_loss: None
2022-04-30 18:30:54,684 DEBUG epoch: 182, train_acc: 98.95833282470703, val_acc: 93.21, fidel_score: 97.05, acc_loss: 0.035733031062409285, grad_loss: None
2022-04-30 18:30:56,373 DEBUG epoch: 183, train_acc: 98.72395782470703, val_acc: 93.22, fidel_score: 96.95, acc_loss: 0.027574533503502606, grad_loss: None
2022-04-30 18:30:58,078 DEBUG epoch: 184, train_acc: 99.6875, val_acc: 93.36, fidel_score: 97.21, acc_loss: 0.01654862966388464, grad_loss: None
2022-04-30 18:30:59,771 DEBUG epoch: 185, train_acc: 99.40104141235352, val_acc: 93.21, fidel_score: 97.05, acc_loss: 0.0187485096976161, grad_loss: None
2022-04-30 18:31:01,482 DEBUG epoch: 186, train_acc: 99.53125, val_acc: 93.28, fidel_score: 97.07, acc_loss: 0.02495487849228084, grad_loss: None
2022-04-30 18:31:03,155 DEBUG epoch: 187, train_acc: 99.24479141235352, val_acc: 93.22, fidel_score: 96.89, acc_loss: 0.03029095786623657, grad_loss: None
2022-04-30 18:31:04,837 DEBUG epoch: 188, train_acc: 99.296875, val_acc: 93.25, fidel_score: 96.95, acc_loss: 0.026488551136571913, grad_loss: None
2022-04-30 18:31:06,494 DEBUG epoch: 189, train_acc: 99.140625, val_acc: 93.14, fidel_score: 97.07, acc_loss: 0.024132506083697082, grad_loss: None
2022-04-30 18:31:08,199 DEBUG epoch: 190, train_acc: 99.01041641235352, val_acc: 93.13, fidel_score: 97.04, acc_loss: 0.03920034500770271, grad_loss: None
2022-04-30 18:31:09,905 DEBUG epoch: 191, train_acc: 98.41145782470703, val_acc: 93.39, fidel_score: 97.08, acc_loss: 0.0371106875129044, grad_loss: None
2022-04-30 18:31:11,615 DEBUG epoch: 192, train_acc: 99.140625, val_acc: 93.24, fidel_score: 96.94, acc_loss: 0.03182597574777901, grad_loss: None
2022-04-30 18:31:13,295 DEBUG epoch: 193, train_acc: 98.46354141235352, val_acc: 93.21, fidel_score: 97.07, acc_loss: 0.05030600030440837, grad_loss: None
2022-04-30 18:31:14,974 DEBUG epoch: 194, train_acc: 99.08854141235352, val_acc: 93.1, fidel_score: 96.85, acc_loss: 0.027631858258973806, grad_loss: None
2022-04-30 18:31:16,684 DEBUG epoch: 195, train_acc: 99.453125, val_acc: 93.36, fidel_score: 97.08, acc_loss: 0.024493186501786113, grad_loss: None
2022-04-30 18:31:18,357 DEBUG epoch: 196, train_acc: 98.984375, val_acc: 93.23, fidel_score: 97.05, acc_loss: 0.031848410982638596, grad_loss: None
2022-04-30 18:31:20,071 DEBUG epoch: 197, train_acc: 99.53125, val_acc: 93.41, fidel_score: 96.82, acc_loss: 0.019888697576243432, grad_loss: None
2022-04-30 18:31:21,757 DEBUG epoch: 198, train_acc: 98.07291641235352, val_acc: 93.27, fidel_score: 97.01, acc_loss: 0.05537184837739915, grad_loss: None
2022-04-30 18:31:23,431 DEBUG epoch: 199, train_acc: 98.75, val_acc: 93.1, fidel_score: 96.89, acc_loss: 0.03482366777025163, grad_loss: None
2022-04-30 18:31:25,129 DEBUG epoch: 200, train_acc: 98.984375, val_acc: 93.07, fidel_score: 96.9, acc_loss: 0.031366650760173795, grad_loss: None
2022-04-30 18:31:26,822 DEBUG epoch: 201, train_acc: 99.21875, val_acc: 93.21, fidel_score: 96.91, acc_loss: 0.02871957775205374, grad_loss: None
2022-04-30 18:31:28,501 DEBUG epoch: 202, train_acc: 99.375, val_acc: 93.39, fidel_score: 97.01, acc_loss: 0.020857028011232615, grad_loss: None
2022-04-30 18:31:30,196 DEBUG epoch: 203, train_acc: 98.80208282470703, val_acc: 93.29, fidel_score: 97.18, acc_loss: 0.033320372784510256, grad_loss: None
2022-04-30 18:31:31,909 DEBUG epoch: 204, train_acc: 98.69791641235352, val_acc: 93.27, fidel_score: 96.93, acc_loss: 0.03674635475035757, grad_loss: None
2022-04-30 18:31:33,594 DEBUG epoch: 205, train_acc: 99.32291641235352, val_acc: 93.07, fidel_score: 96.88, acc_loss: 0.019539975374937058, grad_loss: None
2022-04-30 18:31:35,317 DEBUG epoch: 206, train_acc: 99.375, val_acc: 93.25, fidel_score: 97.12, acc_loss: 0.022615988599136473, grad_loss: None
2022-04-30 18:31:37,042 DEBUG epoch: 207, train_acc: 98.90625, val_acc: 93.07, fidel_score: 96.94, acc_loss: 0.03351104880566709, grad_loss: None
2022-04-30 18:31:38,753 DEBUG epoch: 208, train_acc: 99.375, val_acc: 93.16, fidel_score: 96.86, acc_loss: 0.021477821981534362, grad_loss: None
2022-04-30 18:31:40,428 DEBUG epoch: 209, train_acc: 99.53125, val_acc: 93.2, fidel_score: 96.97, acc_loss: 0.01947122310521081, grad_loss: None
2022-04-30 18:31:42,103 DEBUG epoch: 210, train_acc: 98.828125, val_acc: 93.22, fidel_score: 96.85, acc_loss: 0.03183163921348751, grad_loss: None
2022-04-30 18:31:43,789 DEBUG epoch: 211, train_acc: 99.140625, val_acc: 93.25, fidel_score: 97.12, acc_loss: 0.026253623701632024, grad_loss: None
2022-04-30 18:31:45,468 DEBUG epoch: 212, train_acc: 98.75, val_acc: 93.07, fidel_score: 96.93, acc_loss: 0.04545191287761554, grad_loss: None
2022-04-30 18:31:47,179 DEBUG epoch: 213, train_acc: 98.515625, val_acc: 93.31, fidel_score: 97.02, acc_loss: 0.04720854449551552, grad_loss: None
2022-04-30 18:31:48,891 DEBUG epoch: 214, train_acc: 98.203125, val_acc: 93.09, fidel_score: 96.87, acc_loss: 0.051916567236185075, grad_loss: None
2022-04-30 18:31:50,589 DEBUG epoch: 215, train_acc: 98.48958282470703, val_acc: 93.15, fidel_score: 96.82, acc_loss: 0.04654303605202585, grad_loss: None
2022-04-30 18:31:52,271 DEBUG epoch: 216, train_acc: 98.85416641235352, val_acc: 93.2, fidel_score: 97.16, acc_loss: 0.030858560046181083, grad_loss: None
2022-04-30 18:31:53,993 DEBUG epoch: 217, train_acc: 99.296875, val_acc: 93.45, fidel_score: 97.19, acc_loss: 0.01694685679394752, grad_loss: None
2022-04-30 18:31:55,674 DEBUG epoch: 218, train_acc: 99.296875, val_acc: 93.33, fidel_score: 96.95, acc_loss: 0.026819736044853926, grad_loss: None
2022-04-30 18:31:57,371 DEBUG epoch: 219, train_acc: 99.375, val_acc: 93.28, fidel_score: 97.21, acc_loss: 0.017286364128813146, grad_loss: None
2022-04-30 18:31:59,048 DEBUG epoch: 220, train_acc: 99.21875, val_acc: 93.28, fidel_score: 97.11, acc_loss: 0.029918966721743344, grad_loss: None
2022-04-30 18:32:00,739 DEBUG epoch: 221, train_acc: 99.140625, val_acc: 93.41, fidel_score: 96.99, acc_loss: 0.02239797357469797, grad_loss: None
2022-04-30 18:32:02,403 DEBUG epoch: 222, train_acc: 99.765625, val_acc: 93.43, fidel_score: 96.99, acc_loss: 0.011436102935113013, grad_loss: None
2022-04-30 18:32:04,124 DEBUG epoch: 223, train_acc: 98.828125, val_acc: 93.42, fidel_score: 97.01, acc_loss: 0.027191383251920342, grad_loss: None
2022-04-30 18:32:05,809 DEBUG epoch: 224, train_acc: 99.21875, val_acc: 93.16, fidel_score: 97.08, acc_loss: 0.0254334703553468, grad_loss: None
2022-04-30 18:32:07,507 DEBUG epoch: 225, train_acc: 99.01041641235352, val_acc: 93.17, fidel_score: 96.99, acc_loss: 0.03537484251428395, grad_loss: None
2022-04-30 18:32:09,191 DEBUG epoch: 226, train_acc: 98.85416641235352, val_acc: 93.36, fidel_score: 97.01, acc_loss: 0.03730605831369758, grad_loss: None
2022-04-30 18:32:10,888 DEBUG epoch: 227, train_acc: 99.453125, val_acc: 93.3, fidel_score: 96.73, acc_loss: 0.017732240981422363, grad_loss: None
2022-04-30 18:32:12,575 DEBUG epoch: 228, train_acc: 99.140625, val_acc: 93.28, fidel_score: 96.85, acc_loss: 0.022427812695968895, grad_loss: None
2022-04-30 18:32:14,265 DEBUG epoch: 229, train_acc: 99.01041641235352, val_acc: 93.38, fidel_score: 97.12, acc_loss: 0.030463607516139746, grad_loss: None
2022-04-30 18:32:15,951 DEBUG epoch: 230, train_acc: 99.140625, val_acc: 93.28, fidel_score: 96.95, acc_loss: 0.028408395987935365, grad_loss: None
2022-04-30 18:32:17,629 DEBUG epoch: 231, train_acc: 98.90625, val_acc: 93.34, fidel_score: 96.97, acc_loss: 0.03454168364405632, grad_loss: None
2022-04-30 18:32:19,347 DEBUG epoch: 232, train_acc: 99.140625, val_acc: 93.38, fidel_score: 97.09, acc_loss: 0.03117722850292921, grad_loss: None
2022-04-30 18:32:21,072 DEBUG epoch: 233, train_acc: 99.375, val_acc: 93.23, fidel_score: 96.95, acc_loss: 0.015836636000312865, grad_loss: None
2022-04-30 18:32:22,784 DEBUG epoch: 234, train_acc: 98.93229141235352, val_acc: 93.38, fidel_score: 96.87, acc_loss: 0.03416774016804993, grad_loss: None
2022-04-30 18:32:24,484 DEBUG epoch: 235, train_acc: 99.453125, val_acc: 93.36, fidel_score: 97.07, acc_loss: 0.016286427760496734, grad_loss: None
2022-04-30 18:32:26,215 DEBUG epoch: 236, train_acc: 99.296875, val_acc: 93.41, fidel_score: 97.05, acc_loss: 0.023700893321074546, grad_loss: None
2022-04-30 18:32:27,900 DEBUG epoch: 237, train_acc: 98.90625, val_acc: 93.17, fidel_score: 96.92, acc_loss: 0.026529210119042544, grad_loss: None
2022-04-30 18:32:29,603 DEBUG epoch: 238, train_acc: 99.53125, val_acc: 93.34, fidel_score: 97.35, acc_loss: 0.015359889063984156, grad_loss: None
2022-04-30 18:32:31,265 DEBUG epoch: 239, train_acc: 99.6875, val_acc: 93.2, fidel_score: 96.9, acc_loss: 0.014978200034238397, grad_loss: None
2022-04-30 18:32:32,961 DEBUG epoch: 240, train_acc: 99.0625, val_acc: 93.37, fidel_score: 97.28, acc_loss: 0.029380629351362587, grad_loss: None
2022-04-30 18:32:34,637 DEBUG epoch: 241, train_acc: 99.375, val_acc: 93.35, fidel_score: 97.0, acc_loss: 0.02267553813289851, grad_loss: None
2022-04-30 18:32:36,349 DEBUG epoch: 242, train_acc: 99.0625, val_acc: 93.46, fidel_score: 97.0, acc_loss: 0.02995591291692108, grad_loss: None
2022-04-30 18:32:38,019 DEBUG epoch: 243, train_acc: 99.08854141235352, val_acc: 93.5, fidel_score: 97.01, acc_loss: 0.02468354064039886, grad_loss: None
2022-04-30 18:32:39,697 DEBUG epoch: 244, train_acc: 99.32291641235352, val_acc: 93.1, fidel_score: 97.03, acc_loss: 0.022742103866767137, grad_loss: None
2022-04-30 18:32:41,404 DEBUG epoch: 245, train_acc: 99.6875, val_acc: 93.2, fidel_score: 97.16, acc_loss: 0.01324652205221355, grad_loss: None
2022-04-30 18:32:43,089 DEBUG epoch: 246, train_acc: 99.53125, val_acc: 93.35, fidel_score: 97.04, acc_loss: 0.018154200306162237, grad_loss: None
2022-04-30 18:32:44,815 DEBUG epoch: 247, train_acc: 99.296875, val_acc: 93.19, fidel_score: 96.77, acc_loss: 0.023224424361251293, grad_loss: None
2022-04-30 18:32:46,502 DEBUG epoch: 248, train_acc: 99.6875, val_acc: 93.34, fidel_score: 97.1, acc_loss: 0.010807879734784365, grad_loss: None
2022-04-30 18:32:48,176 DEBUG epoch: 249, train_acc: 99.609375, val_acc: 93.12, fidel_score: 96.64, acc_loss: 0.01572398841381073, grad_loss: None
2022-04-30 18:32:49,859 DEBUG epoch: 250, train_acc: 98.85416641235352, val_acc: 93.54, fidel_score: 97.02, acc_loss: 0.03627588958479464, grad_loss: None
2022-04-30 18:32:51,545 DEBUG epoch: 251, train_acc: 98.30729141235352, val_acc: 93.27, fidel_score: 96.8, acc_loss: 0.04523314433172345, grad_loss: None
2022-04-30 18:32:53,231 DEBUG epoch: 252, train_acc: 98.77604141235352, val_acc: 93.31, fidel_score: 96.92, acc_loss: 0.03577093197964132, grad_loss: None
2022-04-30 18:32:54,935 DEBUG epoch: 253, train_acc: 98.77604141235352, val_acc: 93.32, fidel_score: 96.98, acc_loss: 0.02685565410647541, grad_loss: None
2022-04-30 18:32:56,619 DEBUG epoch: 254, train_acc: 99.21875, val_acc: 93.28, fidel_score: 96.88, acc_loss: 0.022923509916290642, grad_loss: None
2022-04-30 18:32:58,317 DEBUG epoch: 255, train_acc: 98.984375, val_acc: 93.29, fidel_score: 97.03, acc_loss: 0.031060470081865788, grad_loss: None
2022-04-30 18:33:00,024 DEBUG epoch: 256, train_acc: 99.140625, val_acc: 93.46, fidel_score: 96.89, acc_loss: 0.020142799313180148, grad_loss: None
2022-04-30 18:33:01,692 DEBUG epoch: 257, train_acc: 98.828125, val_acc: 93.4, fidel_score: 97.02, acc_loss: 0.036074974201619626, grad_loss: None
2022-04-30 18:33:03,387 DEBUG epoch: 258, train_acc: 98.828125, val_acc: 93.44, fidel_score: 97.03, acc_loss: 0.02687803711742163, grad_loss: None
2022-04-30 18:33:05,076 DEBUG epoch: 259, train_acc: 99.609375, val_acc: 93.05, fidel_score: 96.92, acc_loss: 0.014767347276210785, grad_loss: None
2022-04-30 18:33:06,772 DEBUG epoch: 260, train_acc: 98.69791641235352, val_acc: 93.23, fidel_score: 96.98, acc_loss: 0.03380962386727333, grad_loss: None
2022-04-30 18:33:08,458 DEBUG epoch: 261, train_acc: 99.32291641235352, val_acc: 93.13, fidel_score: 96.97, acc_loss: 0.0316645081853494, grad_loss: None
2022-04-30 18:33:10,127 DEBUG epoch: 262, train_acc: 98.77604141235352, val_acc: 93.24, fidel_score: 96.89, acc_loss: 0.03354313774034381, grad_loss: None
2022-04-30 18:33:11,793 DEBUG epoch: 263, train_acc: 99.375, val_acc: 93.24, fidel_score: 96.85, acc_loss: 0.02322655632160604, grad_loss: None
2022-04-30 18:33:13,485 DEBUG epoch: 264, train_acc: 99.296875, val_acc: 93.11, fidel_score: 96.84, acc_loss: 0.021642036456614732, grad_loss: None
2022-04-30 18:33:15,182 DEBUG epoch: 265, train_acc: 99.53125, val_acc: 93.32, fidel_score: 97.09, acc_loss: 0.02320287935435772, grad_loss: None
2022-04-30 18:33:16,893 DEBUG epoch: 266, train_acc: 98.15104141235352, val_acc: 93.32, fidel_score: 97.01, acc_loss: 0.052967178635299206, grad_loss: None
2022-04-30 18:33:18,600 DEBUG epoch: 267, train_acc: 98.46354141235352, val_acc: 93.29, fidel_score: 97.03, acc_loss: 0.05170748243108392, grad_loss: None
2022-04-30 18:33:20,320 DEBUG epoch: 268, train_acc: 98.54166641235352, val_acc: 93.17, fidel_score: 96.96, acc_loss: 0.037316648615524174, grad_loss: None
2022-04-30 18:33:21,999 DEBUG epoch: 269, train_acc: 98.90625, val_acc: 93.28, fidel_score: 97.21, acc_loss: 0.02843082940671593, grad_loss: None
2022-04-30 18:33:23,721 DEBUG epoch: 270, train_acc: 98.93229141235352, val_acc: 93.3, fidel_score: 97.05, acc_loss: 0.027959237108007073, grad_loss: None
2022-04-30 18:33:25,407 DEBUG epoch: 271, train_acc: 98.48958282470703, val_acc: 93.23, fidel_score: 97.23, acc_loss: 0.036050621850881724, grad_loss: None
2022-04-30 18:33:27,079 DEBUG epoch: 272, train_acc: 99.296875, val_acc: 93.28, fidel_score: 96.96, acc_loss: 0.020246325875632465, grad_loss: None
2022-04-30 18:33:28,769 DEBUG epoch: 273, train_acc: 98.93229141235352, val_acc: 93.43, fidel_score: 97.25, acc_loss: 0.030039419303648174, grad_loss: None
2022-04-30 18:33:30,483 DEBUG epoch: 274, train_acc: 99.0625, val_acc: 93.34, fidel_score: 97.03, acc_loss: 0.040295713068917396, grad_loss: None
2022-04-30 18:33:32,168 DEBUG epoch: 275, train_acc: 99.03645782470703, val_acc: 93.3, fidel_score: 96.98, acc_loss: 0.03648386532440782, grad_loss: None
2022-04-30 18:33:33,857 DEBUG epoch: 276, train_acc: 99.6875, val_acc: 93.29, fidel_score: 97.07, acc_loss: 0.02108224870171398, grad_loss: None
2022-04-30 18:33:35,530 DEBUG epoch: 277, train_acc: 98.4375, val_acc: 93.27, fidel_score: 97.02, acc_loss: 0.05442865220829844, grad_loss: None
2022-04-30 18:33:37,227 DEBUG epoch: 278, train_acc: 99.53125, val_acc: 93.38, fidel_score: 96.87, acc_loss: 0.020799043704755604, grad_loss: None
2022-04-30 18:33:38,911 DEBUG epoch: 279, train_acc: 99.0625, val_acc: 93.24, fidel_score: 96.96, acc_loss: 0.028020861512050032, grad_loss: None
2022-04-30 18:33:40,617 DEBUG epoch: 280, train_acc: 99.375, val_acc: 93.19, fidel_score: 96.98, acc_loss: 0.01975522714201361, grad_loss: None
2022-04-30 18:33:42,301 DEBUG epoch: 281, train_acc: 99.296875, val_acc: 93.27, fidel_score: 96.97, acc_loss: 0.017759528663009404, grad_loss: None
2022-04-30 18:33:44,007 DEBUG epoch: 282, train_acc: 99.21875, val_acc: 93.41, fidel_score: 97.08, acc_loss: 0.02163299561943859, grad_loss: None
2022-04-30 18:33:45,731 DEBUG epoch: 283, train_acc: 97.94270782470703, val_acc: 93.37, fidel_score: 97.15, acc_loss: 0.05578048462048173, grad_loss: None
2022-04-30 18:33:47,437 DEBUG epoch: 284, train_acc: 98.93229141235352, val_acc: 93.29, fidel_score: 97.16, acc_loss: 0.03665674249641597, grad_loss: None
2022-04-30 18:33:49,144 DEBUG epoch: 285, train_acc: 98.59375, val_acc: 93.4, fidel_score: 97.11, acc_loss: 0.04645653122570366, grad_loss: None
2022-04-30 18:33:50,852 DEBUG epoch: 286, train_acc: 99.6875, val_acc: 93.28, fidel_score: 97.18, acc_loss: 0.016936727985739707, grad_loss: None
2022-04-30 18:33:52,573 DEBUG epoch: 287, train_acc: 99.08854141235352, val_acc: 92.96, fidel_score: 96.71, acc_loss: 0.03661912442184985, grad_loss: None
2022-04-30 18:33:54,281 DEBUG epoch: 288, train_acc: 99.765625, val_acc: 93.49, fidel_score: 97.15, acc_loss: 0.015503939962945879, grad_loss: None
2022-04-30 18:33:55,965 DEBUG epoch: 289, train_acc: 99.11458282470703, val_acc: 93.13, fidel_score: 96.98, acc_loss: 0.02898055568803102, grad_loss: None
2022-04-30 18:33:57,632 DEBUG epoch: 290, train_acc: 99.375, val_acc: 93.34, fidel_score: 97.13, acc_loss: 0.019376138411462306, grad_loss: None
2022-04-30 18:33:59,317 DEBUG epoch: 291, train_acc: 99.140625, val_acc: 93.44, fidel_score: 96.98, acc_loss: 0.025814002437982708, grad_loss: None
2022-04-30 18:34:00,996 DEBUG epoch: 292, train_acc: 99.24479141235352, val_acc: 93.2, fidel_score: 97.17, acc_loss: 0.03059720080345869, grad_loss: None
2022-04-30 18:34:02,722 DEBUG epoch: 293, train_acc: 99.375, val_acc: 93.45, fidel_score: 97.15, acc_loss: 0.019514264771714807, grad_loss: None
2022-04-30 18:34:04,407 DEBUG epoch: 294, train_acc: 98.828125, val_acc: 93.34, fidel_score: 97.02, acc_loss: 0.025351836532354354, grad_loss: None
2022-04-30 18:34:06,093 DEBUG epoch: 295, train_acc: 99.140625, val_acc: 93.28, fidel_score: 97.15, acc_loss: 0.025456436537206174, grad_loss: None
2022-04-30 18:34:07,769 DEBUG epoch: 296, train_acc: 99.40104141235352, val_acc: 93.38, fidel_score: 97.11, acc_loss: 0.020082746353000402, grad_loss: None
2022-04-30 18:34:09,451 DEBUG epoch: 297, train_acc: 99.0625, val_acc: 93.22, fidel_score: 96.93, acc_loss: 0.036495935879065654, grad_loss: None
2022-04-30 18:34:11,147 DEBUG epoch: 298, train_acc: 99.375, val_acc: 93.26, fidel_score: 97.11, acc_loss: 0.024513729591853918, grad_loss: None
2022-04-30 18:34:12,822 DEBUG epoch: 299, train_acc: 98.69791641235352, val_acc: 93.14, fidel_score: 97.02, acc_loss: 0.04600166482850909, grad_loss: None
2022-04-30 18:34:14,497 DEBUG epoch: 300, train_acc: 99.01041641235352, val_acc: 93.27, fidel_score: 97.0, acc_loss: 0.0350050515960902, grad_loss: None
2022-04-30 18:34:14,497 DEBUG load best stealed model.
2022-04-30 18:34:14,497 DEBUG Best perform model, val_acc: 93.54, fidel_score: 96.95, acc_loss: 0.015359889063984156
2022-04-30 18:34:14,498 DEBUG load cloest stealed model.
2022-04-30 18:34:14,498 DEBUG Closest perform model, val_acc: 93.34, fidel_score: 97.35, acc_loss: 0.015359889063984156
