2022-04-30 16:09:21,944 DEBUG Namespace(arch='vgg11_bn', attack_client=0, attack_epochs=300, attack_style='TrainME_option', average_time=1, batch_size=128, bottleneck_option='None', cutlayer=4, data_proportion=0.2, dataset='mnist', filename='ace_V2_epoch_vgg11_bn_cutlayer_4_client_1_seed125_dataset_mnist_lr_0.05_200epoch', folder='saves/baseline', learning_rate=0.05, noniid_ratio=1.0, num_client=1, num_epochs='best', num_query=1, random_seed=123, regularization='None', regularization_strength=0.0, scheme='V2_epoch', surrogate_arch='same', test_best=True, train_clas_layer=8.0)
2022-04-30 16:09:25,307 DEBUG Test (client-0):	Loss 0.0001 (0.0131)	Prec@1 100.000 (99.600)
2022-04-30 16:09:25,308 DEBUG  * Prec@1 99.600
2022-04-30 16:09:25,393 DEBUG 26
2022-04-30 16:09:25,393 DEBUG surrogate parameter has 26 trainable parameters!
2022-04-30 16:09:33,037 DEBUG epoch: 0, val_acc: 9.58, val_fidelity: 9.58
2022-04-30 16:09:36,997 DEBUG epoch: 1, train_acc: 26.62898936170213, val_acc: 37.9, fidel_score: 37.88, acc_loss: 1.9454542309679883, grad_loss: None
2022-04-30 16:09:40,935 DEBUG epoch: 2, train_acc: 45.93029695876101, val_acc: 59.24, fidel_score: 59.18, acc_loss: 1.347105879098811, grad_loss: None
2022-04-30 16:09:44,932 DEBUG epoch: 3, train_acc: 68.54776147071351, val_acc: 81.21, fidel_score: 81.2, acc_loss: 0.8544580768397514, grad_loss: None
2022-04-30 16:09:48,887 DEBUG epoch: 4, train_acc: 82.26119232177734, val_acc: 91.53, fidel_score: 91.46, acc_loss: 0.5158587545156479, grad_loss: None
2022-04-30 16:09:52,828 DEBUG epoch: 5, train_acc: 90.61391838560714, val_acc: 94.46, fidel_score: 94.39, acc_loss: 0.3130963830713262, grad_loss: None
2022-04-30 16:09:56,793 DEBUG epoch: 6, train_acc: 93.20146276595744, val_acc: 96.54, fidel_score: 96.49, acc_loss: 0.23124676760523877, grad_loss: None
2022-04-30 16:10:00,705 DEBUG epoch: 7, train_acc: 95.49534574468085, val_acc: 96.82, fidel_score: 96.77, acc_loss: 0.16418314217887026, grad_loss: None
2022-04-30 16:10:04,680 DEBUG epoch: 8, train_acc: 95.86103723404256, val_acc: 96.29, fidel_score: 96.21, acc_loss: 0.14885690063238144, grad_loss: None
2022-04-30 16:10:08,638 DEBUG epoch: 9, train_acc: 96.65059840425532, val_acc: 98.06, fidel_score: 97.99, acc_loss: 0.13251234255136646, grad_loss: None
2022-04-30 16:10:12,564 DEBUG epoch: 10, train_acc: 96.81682180851064, val_acc: 97.01, fidel_score: 97.05, acc_loss: 0.11952726665804995, grad_loss: None
2022-04-30 16:10:16,552 DEBUG epoch: 11, train_acc: 96.84175531914893, val_acc: 98.1, fidel_score: 98.11, acc_loss: 0.11414013395799284, grad_loss: None
2022-04-30 16:10:20,481 DEBUG epoch: 12, train_acc: 97.49556732177734, val_acc: 97.57, fidel_score: 97.53, acc_loss: 0.08840514972132255, grad_loss: None
2022-04-30 16:10:24,421 DEBUG epoch: 13, train_acc: 97.80308061964969, val_acc: 98.48, fidel_score: 98.44, acc_loss: 0.08220385161644601, grad_loss: None
2022-04-30 16:10:28,305 DEBUG epoch: 14, train_acc: 97.92774817284118, val_acc: 98.67, fidel_score: 98.63, acc_loss: 0.0822481048253781, grad_loss: None
2022-04-30 16:10:32,203 DEBUG epoch: 15, train_acc: 98.24080227790995, val_acc: 98.23, fidel_score: 98.3, acc_loss: 0.07146523371735151, grad_loss: None
2022-04-30 16:10:36,120 DEBUG epoch: 16, train_acc: 98.34607712765957, val_acc: 98.56, fidel_score: 98.54, acc_loss: 0.06552098783109575, grad_loss: None
2022-04-30 16:10:40,053 DEBUG epoch: 17, train_acc: 98.37655136433054, val_acc: 98.31, fidel_score: 98.25, acc_loss: 0.05896082585875658, grad_loss: None
2022-04-30 16:10:44,017 DEBUG epoch: 18, train_acc: 98.45412234042553, val_acc: 98.52, fidel_score: 98.53, acc_loss: 0.05916743054292462, grad_loss: None
2022-04-30 16:10:47,925 DEBUG epoch: 19, train_acc: 98.67021276595744, val_acc: 98.77, fidel_score: 98.79, acc_loss: 0.05218508199570661, grad_loss: None
2022-04-30 16:10:51,841 DEBUG epoch: 20, train_acc: 98.50675972471846, val_acc: 98.71, fidel_score: 98.76, acc_loss: 0.054970733135284736, grad_loss: None
2022-04-30 16:10:55,829 DEBUG epoch: 21, train_acc: 98.32114361702128, val_acc: 98.62, fidel_score: 98.67, acc_loss: 0.06110552767232219, grad_loss: None
2022-04-30 16:10:59,796 DEBUG epoch: 22, train_acc: 98.49290774730926, val_acc: 98.73, fidel_score: 98.66, acc_loss: 0.05817864404525608, grad_loss: None
2022-04-30 16:11:03,741 DEBUG epoch: 23, train_acc: 98.69791663961207, val_acc: 98.71, fidel_score: 98.69, acc_loss: 0.05104947847839286, grad_loss: None
2022-04-30 16:11:07,669 DEBUG epoch: 24, train_acc: 98.66467195876102, val_acc: 98.75, fidel_score: 98.71, acc_loss: 0.04903380966502579, grad_loss: None
2022-04-30 16:11:11,665 DEBUG epoch: 25, train_acc: 98.85028806645819, val_acc: 98.45, fidel_score: 98.46, acc_loss: 0.04484040506352532, grad_loss: None
2022-04-30 16:11:15,568 DEBUG epoch: 26, train_acc: 98.80873221539437, val_acc: 98.74, fidel_score: 98.62, acc_loss: 0.040894586124774465, grad_loss: None
2022-04-30 16:11:19,520 DEBUG epoch: 27, train_acc: 98.90015508773479, val_acc: 98.79, fidel_score: 98.75, acc_loss: 0.04182533349871556, grad_loss: None
2022-04-30 16:11:23,462 DEBUG epoch: 28, train_acc: 98.89461436170212, val_acc: 98.95, fidel_score: 98.92, acc_loss: 0.04285965075696561, grad_loss: None
2022-04-30 16:11:27,425 DEBUG epoch: 29, train_acc: 98.90015508773479, val_acc: 98.71, fidel_score: 98.72, acc_loss: 0.03968800349963551, grad_loss: None
2022-04-30 16:11:31,381 DEBUG epoch: 30, train_acc: 99.04144498135182, val_acc: 98.62, fidel_score: 98.72, acc_loss: 0.0400581922421747, grad_loss: None
2022-04-30 16:11:35,241 DEBUG epoch: 31, train_acc: 99.00820030050075, val_acc: 99.01, fidel_score: 98.98, acc_loss: 0.03824995122007788, grad_loss: None
2022-04-30 16:11:39,153 DEBUG epoch: 32, train_acc: 98.89738472471846, val_acc: 98.92, fidel_score: 98.83, acc_loss: 0.041384841597817364, grad_loss: None
2022-04-30 16:11:43,108 DEBUG epoch: 33, train_acc: 99.14949019411777, val_acc: 99.0, fidel_score: 98.9, acc_loss: 0.03276364710132413, grad_loss: None
2022-04-30 16:11:47,053 DEBUG epoch: 34, train_acc: 98.94448138297872, val_acc: 99.08, fidel_score: 99.02, acc_loss: 0.04278238807022175, grad_loss: None
2022-04-30 16:11:50,937 DEBUG epoch: 35, train_acc: 98.96664444943691, val_acc: 98.22, fidel_score: 98.32, acc_loss: 0.04353608248725613, grad_loss: None
2022-04-30 16:11:54,876 DEBUG epoch: 36, train_acc: 99.02759308510639, val_acc: 99.08, fidel_score: 99.03, acc_loss: 0.03671471982887213, grad_loss: None
2022-04-30 16:11:58,833 DEBUG epoch: 37, train_acc: 99.07746010638297, val_acc: 98.88, fidel_score: 98.82, acc_loss: 0.03364630799586984, grad_loss: None
2022-04-30 16:12:02,817 DEBUG epoch: 38, train_acc: 99.00542993748442, val_acc: 98.92, fidel_score: 99.0, acc_loss: 0.03824188265989118, grad_loss: None
2022-04-30 16:12:06,767 DEBUG epoch: 39, train_acc: 99.31294323535676, val_acc: 98.93, fidel_score: 99.0, acc_loss: 0.02777380698380318, grad_loss: None
2022-04-30 16:12:10,813 DEBUG epoch: 40, train_acc: 98.9278590425532, val_acc: 98.93, fidel_score: 98.96, acc_loss: 0.03906144714726016, grad_loss: None
2022-04-30 16:12:14,777 DEBUG epoch: 41, train_acc: 99.06083776595744, val_acc: 98.89, fidel_score: 98.81, acc_loss: 0.03781924876780744, grad_loss: None
2022-04-30 16:12:18,697 DEBUG epoch: 42, train_acc: 99.27692819148936, val_acc: 98.82, fidel_score: 98.77, acc_loss: 0.03140014238120552, grad_loss: None
2022-04-30 16:12:22,632 DEBUG epoch: 43, train_acc: 99.25753540688373, val_acc: 99.13, fidel_score: 99.1, acc_loss: 0.028676042104130016, grad_loss: None
2022-04-30 16:12:26,585 DEBUG epoch: 44, train_acc: 99.21043882978724, val_acc: 98.92, fidel_score: 98.89, acc_loss: 0.0315167336994683, grad_loss: None
2022-04-30 16:12:30,555 DEBUG epoch: 45, train_acc: 99.06914893617021, val_acc: 98.94, fidel_score: 98.99, acc_loss: 0.03408512038902003, grad_loss: None
2022-04-30 16:12:34,516 DEBUG epoch: 46, train_acc: 99.01928191489361, val_acc: 98.99, fidel_score: 98.93, acc_loss: 0.034643567556099215, grad_loss: None
2022-04-30 16:12:38,442 DEBUG epoch: 47, train_acc: 99.20212765957447, val_acc: 98.99, fidel_score: 98.88, acc_loss: 0.027390475631344745, grad_loss: None
2022-04-30 16:12:42,388 DEBUG epoch: 48, train_acc: 99.22429072603266, val_acc: 98.95, fidel_score: 98.98, acc_loss: 0.031133013861650165, grad_loss: None
2022-04-30 16:12:46,327 DEBUG epoch: 49, train_acc: 99.1550310013142, val_acc: 98.91, fidel_score: 98.86, acc_loss: 0.03261929131707454, grad_loss: None
2022-04-30 16:12:50,293 DEBUG epoch: 50, train_acc: 99.17719414893617, val_acc: 98.74, fidel_score: 98.71, acc_loss: 0.03101910878606933, grad_loss: None
2022-04-30 16:12:54,263 DEBUG epoch: 51, train_acc: 99.27692819148936, val_acc: 98.98, fidel_score: 98.93, acc_loss: 0.029526925043876658, grad_loss: None
2022-04-30 16:12:58,202 DEBUG epoch: 52, train_acc: 99.36835106382979, val_acc: 99.06, fidel_score: 98.92, acc_loss: 0.028217124376208224, grad_loss: None
2022-04-30 16:13:02,112 DEBUG epoch: 53, train_acc: 99.22429072603266, val_acc: 98.98, fidel_score: 98.92, acc_loss: 0.02942250316288877, grad_loss: None
2022-04-30 16:13:06,040 DEBUG epoch: 54, train_acc: 99.00265957446808, val_acc: 99.05, fidel_score: 98.97, acc_loss: 0.04030002754904884, grad_loss: None
2022-04-30 16:13:09,997 DEBUG epoch: 55, train_acc: 99.18273487496883, val_acc: 99.02, fidel_score: 99.03, acc_loss: 0.03426278105619898, grad_loss: None
2022-04-30 16:13:13,941 DEBUG epoch: 56, train_acc: 99.2298315332291, val_acc: 99.0, fidel_score: 98.97, acc_loss: 0.03003227357762529, grad_loss: None
2022-04-30 16:13:17,894 DEBUG epoch: 57, train_acc: 99.26030585106383, val_acc: 99.0, fidel_score: 99.06, acc_loss: 0.02722543321966015, grad_loss: None
2022-04-30 16:13:21,849 DEBUG epoch: 58, train_acc: 99.1910460451816, val_acc: 98.89, fidel_score: 98.86, acc_loss: 0.03235987082936187, grad_loss: None
2022-04-30 16:13:25,777 DEBUG epoch: 59, train_acc: 99.1688829787234, val_acc: 99.11, fidel_score: 99.1, acc_loss: 0.03015386557919865, grad_loss: None
2022-04-30 16:13:29,672 DEBUG epoch: 60, train_acc: 99.45700349199011, val_acc: 99.26, fidel_score: 99.21, acc_loss: 0.021272521010263168, grad_loss: None
2022-04-30 16:13:33,603 DEBUG epoch: 61, train_acc: 99.5595079787234, val_acc: 99.28, fidel_score: 99.26, acc_loss: 0.01710694266032388, grad_loss: None
2022-04-30 16:13:37,529 DEBUG epoch: 62, train_acc: 99.59275265957447, val_acc: 99.32, fidel_score: 99.26, acc_loss: 0.016052875802802676, grad_loss: None
2022-04-30 16:13:41,521 DEBUG epoch: 63, train_acc: 99.60106382978724, val_acc: 99.31, fidel_score: 99.32, acc_loss: 0.014835550800272997, grad_loss: None
2022-04-30 16:13:45,500 DEBUG epoch: 64, train_acc: 99.61768617021276, val_acc: 99.32, fidel_score: 99.29, acc_loss: 0.013638854247859699, grad_loss: None
2022-04-30 16:13:49,439 DEBUG epoch: 65, train_acc: 99.70079787234043, val_acc: 99.28, fidel_score: 99.23, acc_loss: 0.012788986417519405, grad_loss: None
2022-04-30 16:13:53,406 DEBUG epoch: 66, train_acc: 99.79222074468085, val_acc: 99.29, fidel_score: 99.26, acc_loss: 0.010527990653149863, grad_loss: None
2022-04-30 16:13:57,385 DEBUG epoch: 67, train_acc: 99.73958327922415, val_acc: 99.27, fidel_score: 99.24, acc_loss: 0.01197682736761016, grad_loss: None
2022-04-30 16:14:01,316 DEBUG epoch: 68, train_acc: 99.71742021276596, val_acc: 99.35, fidel_score: 99.31, acc_loss: 0.011226989500388068, grad_loss: None
2022-04-30 16:14:05,238 DEBUG epoch: 69, train_acc: 99.76728723404256, val_acc: 99.25, fidel_score: 99.33, acc_loss: 0.010905776735137594, grad_loss: None
2022-04-30 16:14:09,165 DEBUG epoch: 70, train_acc: 99.75897606382979, val_acc: 99.36, fidel_score: 99.28, acc_loss: 0.008861361672120921, grad_loss: None
2022-04-30 16:14:13,122 DEBUG epoch: 71, train_acc: 99.69802742816032, val_acc: 99.27, fidel_score: 99.32, acc_loss: 0.01089003304344047, grad_loss: None
2022-04-30 16:14:17,087 DEBUG epoch: 72, train_acc: 99.74235372340425, val_acc: 99.32, fidel_score: 99.32, acc_loss: 0.0111838264825526, grad_loss: None
2022-04-30 16:14:21,047 DEBUG epoch: 73, train_acc: 99.7091090425532, val_acc: 99.36, fidel_score: 99.33, acc_loss: 0.011173050126130197, grad_loss: None
2022-04-30 16:14:25,010 DEBUG epoch: 74, train_acc: 99.73404255319149, val_acc: 99.24, fidel_score: 99.19, acc_loss: 0.01047817094776621, grad_loss: None
2022-04-30 16:14:28,973 DEBUG epoch: 75, train_acc: 99.71742021276596, val_acc: 99.3, fidel_score: 99.3, acc_loss: 0.008627117658529351, grad_loss: None
2022-04-30 16:14:32,867 DEBUG epoch: 76, train_acc: 99.80607264092627, val_acc: 99.27, fidel_score: 99.27, acc_loss: 0.008804263628182062, grad_loss: None
2022-04-30 16:14:36,777 DEBUG epoch: 77, train_acc: 99.80053191489361, val_acc: 99.37, fidel_score: 99.34, acc_loss: 0.008195037345471296, grad_loss: None
2022-04-30 16:14:40,748 DEBUG epoch: 78, train_acc: 99.79222074468085, val_acc: 99.3, fidel_score: 99.27, acc_loss: 0.009122400033718689, grad_loss: None
2022-04-30 16:14:44,705 DEBUG epoch: 79, train_acc: 99.75066489361703, val_acc: 99.36, fidel_score: 99.3, acc_loss: 0.009314329147294282, grad_loss: None
2022-04-30 16:14:48,702 DEBUG epoch: 80, train_acc: 99.80053191489361, val_acc: 99.34, fidel_score: 99.27, acc_loss: 0.008087713525883179, grad_loss: None
2022-04-30 16:14:52,651 DEBUG epoch: 81, train_acc: 99.79222074468085, val_acc: 99.33, fidel_score: 99.25, acc_loss: 0.007580616458150697, grad_loss: None
2022-04-30 16:14:56,633 DEBUG epoch: 82, train_acc: 99.76451678986245, val_acc: 99.32, fidel_score: 99.22, acc_loss: 0.009806199497766198, grad_loss: None
2022-04-30 16:15:00,656 DEBUG epoch: 83, train_acc: 99.75066489361703, val_acc: 99.27, fidel_score: 99.22, acc_loss: 0.009727508253838986, grad_loss: None
2022-04-30 16:15:04,545 DEBUG epoch: 84, train_acc: 99.73958327922415, val_acc: 99.31, fidel_score: 99.27, acc_loss: 0.00840820582828762, grad_loss: None
2022-04-30 16:15:08,460 DEBUG epoch: 85, train_acc: 99.78390957446808, val_acc: 99.22, fidel_score: 99.22, acc_loss: 0.009364094422322678, grad_loss: None
2022-04-30 16:15:12,408 DEBUG epoch: 86, train_acc: 99.83377659574468, val_acc: 99.27, fidel_score: 99.21, acc_loss: 0.007356832062756207, grad_loss: None
2022-04-30 16:15:16,388 DEBUG epoch: 87, train_acc: 99.76728723404256, val_acc: 99.44, fidel_score: 99.36, acc_loss: 0.008914661637081349, grad_loss: None
2022-04-30 16:15:20,329 DEBUG epoch: 88, train_acc: 99.82546542553192, val_acc: 99.31, fidel_score: 99.27, acc_loss: 0.007125781703507528, grad_loss: None
2022-04-30 16:15:24,244 DEBUG epoch: 89, train_acc: 99.82546542553192, val_acc: 99.32, fidel_score: 99.32, acc_loss: 0.007280719580445835, grad_loss: None
2022-04-30 16:15:28,250 DEBUG epoch: 90, train_acc: 99.77282796007522, val_acc: 99.4, fidel_score: 99.37, acc_loss: 0.00885402794680905, grad_loss: None
2022-04-30 16:15:32,208 DEBUG epoch: 91, train_acc: 99.85593966220287, val_acc: 99.39, fidel_score: 99.32, acc_loss: 0.007592711416246528, grad_loss: None
2022-04-30 16:15:36,172 DEBUG epoch: 92, train_acc: 99.83377659574468, val_acc: 99.36, fidel_score: 99.31, acc_loss: 0.008424433543312146, grad_loss: None
2022-04-30 16:15:40,101 DEBUG epoch: 93, train_acc: 99.85871010638297, val_acc: 99.31, fidel_score: 99.24, acc_loss: 0.006350319823894174, grad_loss: None
2022-04-30 16:15:44,092 DEBUG epoch: 94, train_acc: 99.85039893617021, val_acc: 99.35, fidel_score: 99.32, acc_loss: 0.0077646653315899495, grad_loss: None
2022-04-30 16:15:48,027 DEBUG epoch: 95, train_acc: 99.80884308510639, val_acc: 99.29, fidel_score: 99.2, acc_loss: 0.008266651327969467, grad_loss: None
2022-04-30 16:15:51,984 DEBUG epoch: 96, train_acc: 99.81715425531915, val_acc: 99.35, fidel_score: 99.32, acc_loss: 0.006948242029001778, grad_loss: None
2022-04-30 16:15:55,941 DEBUG epoch: 97, train_acc: 99.71742021276596, val_acc: 99.31, fidel_score: 99.26, acc_loss: 0.011109174280600782, grad_loss: None
2022-04-30 16:15:59,842 DEBUG epoch: 98, train_acc: 99.73958327922415, val_acc: 99.36, fidel_score: 99.3, acc_loss: 0.008607384662064625, grad_loss: None
2022-04-30 16:16:03,770 DEBUG epoch: 99, train_acc: 99.72573138297872, val_acc: 99.33, fidel_score: 99.23, acc_loss: 0.010066766987252545, grad_loss: None
2022-04-30 16:16:07,687 DEBUG epoch: 100, train_acc: 99.82546542553192, val_acc: 99.31, fidel_score: 99.26, acc_loss: 0.0076827147140841375, grad_loss: None
2022-04-30 16:16:11,661 DEBUG epoch: 101, train_acc: 99.82546542553192, val_acc: 99.32, fidel_score: 99.28, acc_loss: 0.007210823852182465, grad_loss: None
2022-04-30 16:16:15,662 DEBUG epoch: 102, train_acc: 99.78390957446808, val_acc: 99.34, fidel_score: 99.27, acc_loss: 0.007880014930901296, grad_loss: None
2022-04-30 16:16:19,612 DEBUG epoch: 103, train_acc: 99.82269498135182, val_acc: 99.25, fidel_score: 99.2, acc_loss: 0.008041116290111491, grad_loss: None
2022-04-30 16:16:23,585 DEBUG epoch: 104, train_acc: 99.85871010638297, val_acc: 99.32, fidel_score: 99.32, acc_loss: 0.006050593678547228, grad_loss: None
2022-04-30 16:16:27,570 DEBUG epoch: 105, train_acc: 99.83931732177734, val_acc: 99.35, fidel_score: 99.28, acc_loss: 0.006435672582890046, grad_loss: None
2022-04-30 16:16:31,499 DEBUG epoch: 106, train_acc: 99.9002659574468, val_acc: 99.38, fidel_score: 99.35, acc_loss: 0.00523199105048255, grad_loss: None
2022-04-30 16:16:35,453 DEBUG epoch: 107, train_acc: 99.80053191489361, val_acc: 99.34, fidel_score: 99.28, acc_loss: 0.007297134351361781, grad_loss: None
2022-04-30 16:16:39,408 DEBUG epoch: 108, train_acc: 99.82546542553192, val_acc: 99.32, fidel_score: 99.22, acc_loss: 0.007468165788289278, grad_loss: None
2022-04-30 16:16:43,365 DEBUG epoch: 109, train_acc: 99.84208776595744, val_acc: 99.3, fidel_score: 99.24, acc_loss: 0.006735735956797416, grad_loss: None
2022-04-30 16:16:47,342 DEBUG epoch: 110, train_acc: 99.88364361702128, val_acc: 99.33, fidel_score: 99.29, acc_loss: 0.006460247660412434, grad_loss: None
2022-04-30 16:16:51,295 DEBUG epoch: 111, train_acc: 99.84208776595744, val_acc: 99.3, fidel_score: 99.26, acc_loss: 0.007772218475633479, grad_loss: None
2022-04-30 16:16:55,289 DEBUG epoch: 112, train_acc: 99.82546542553192, val_acc: 99.32, fidel_score: 99.29, acc_loss: 0.00748337855490737, grad_loss: None
2022-04-30 16:16:59,263 DEBUG epoch: 113, train_acc: 99.83100615156458, val_acc: 99.32, fidel_score: 99.23, acc_loss: 0.0069137893213414925, grad_loss: None
2022-04-30 16:17:03,254 DEBUG epoch: 114, train_acc: 99.81715425531915, val_acc: 99.36, fidel_score: 99.32, acc_loss: 0.007462977446576065, grad_loss: None
2022-04-30 16:17:07,203 DEBUG epoch: 115, train_acc: 99.94182180851064, val_acc: 99.33, fidel_score: 99.27, acc_loss: 0.004430755108726171, grad_loss: None
2022-04-30 16:17:11,159 DEBUG epoch: 116, train_acc: 99.89195478723404, val_acc: 99.35, fidel_score: 99.29, acc_loss: 0.004947620941861037, grad_loss: None
2022-04-30 16:17:15,076 DEBUG epoch: 117, train_acc: 99.82546542553192, val_acc: 99.34, fidel_score: 99.29, acc_loss: 0.006405264752213546, grad_loss: None
2022-04-30 16:17:18,977 DEBUG epoch: 118, train_acc: 99.87256200262841, val_acc: 99.32, fidel_score: 99.28, acc_loss: 0.005972989120253144, grad_loss: None
2022-04-30 16:17:22,937 DEBUG epoch: 119, train_acc: 99.83377659574468, val_acc: 99.29, fidel_score: 99.27, acc_loss: 0.006018143794945184, grad_loss: None
2022-04-30 16:17:26,870 DEBUG epoch: 120, train_acc: 99.80053191489361, val_acc: 99.23, fidel_score: 99.25, acc_loss: 0.00728146847030346, grad_loss: None
2022-04-30 16:17:30,780 DEBUG epoch: 121, train_acc: 99.80053191489361, val_acc: 99.21, fidel_score: 99.15, acc_loss: 0.008816674624772822, grad_loss: None
2022-04-30 16:17:34,757 DEBUG epoch: 122, train_acc: 99.92519946808511, val_acc: 99.31, fidel_score: 99.28, acc_loss: 0.004851778199155617, grad_loss: None
2022-04-30 16:17:38,685 DEBUG epoch: 123, train_acc: 99.85871010638297, val_acc: 99.32, fidel_score: 99.24, acc_loss: 0.005824455207132021, grad_loss: None
2022-04-30 16:17:42,601 DEBUG epoch: 124, train_acc: 99.85871010638297, val_acc: 99.26, fidel_score: 99.22, acc_loss: 0.007182741200209576, grad_loss: None
2022-04-30 16:17:46,608 DEBUG epoch: 125, train_acc: 99.81715425531915, val_acc: 99.4, fidel_score: 99.32, acc_loss: 0.006471667140895659, grad_loss: None
2022-04-30 16:17:50,581 DEBUG epoch: 126, train_acc: 99.93351063829788, val_acc: 99.36, fidel_score: 99.32, acc_loss: 0.0038483327290568343, grad_loss: None
2022-04-30 16:17:54,544 DEBUG epoch: 127, train_acc: 99.85871010638297, val_acc: 99.28, fidel_score: 99.21, acc_loss: 0.006290579563938081, grad_loss: None
2022-04-30 16:17:58,529 DEBUG epoch: 128, train_acc: 99.83377659574468, val_acc: 99.41, fidel_score: 99.42, acc_loss: 0.006724585136869288, grad_loss: None
2022-04-30 16:18:02,488 DEBUG epoch: 129, train_acc: 99.89195478723404, val_acc: 99.34, fidel_score: 99.35, acc_loss: 0.005730772742065304, grad_loss: None
2022-04-30 16:18:06,471 DEBUG epoch: 130, train_acc: 99.86702127659575, val_acc: 99.36, fidel_score: 99.28, acc_loss: 0.005463099044603989, grad_loss: None
2022-04-30 16:18:10,431 DEBUG epoch: 131, train_acc: 99.90580668347947, val_acc: 99.2, fidel_score: 99.15, acc_loss: 0.005022563689519611, grad_loss: None
2022-04-30 16:18:14,400 DEBUG epoch: 132, train_acc: 99.87533244680851, val_acc: 99.32, fidel_score: 99.26, acc_loss: 0.005110231498776479, grad_loss: None
2022-04-30 16:18:18,405 DEBUG epoch: 133, train_acc: 99.78390957446808, val_acc: 99.15, fidel_score: 99.16, acc_loss: 0.0075442886383748275, grad_loss: None
2022-04-30 16:18:22,284 DEBUG epoch: 134, train_acc: 99.67586436170212, val_acc: 99.3, fidel_score: 99.24, acc_loss: 0.011731376909858924, grad_loss: None
2022-04-30 16:18:26,257 DEBUG epoch: 135, train_acc: 99.85871010638297, val_acc: 99.25, fidel_score: 99.24, acc_loss: 0.005586336474578352, grad_loss: None
2022-04-30 16:18:30,189 DEBUG epoch: 136, train_acc: 99.85039893617021, val_acc: 99.39, fidel_score: 99.32, acc_loss: 0.006625840593342412, grad_loss: None
2022-04-30 16:18:34,156 DEBUG epoch: 137, train_acc: 99.84208776595744, val_acc: 99.27, fidel_score: 99.2, acc_loss: 0.007460795442618311, grad_loss: None
2022-04-30 16:18:38,145 DEBUG epoch: 138, train_acc: 99.79222074468085, val_acc: 99.31, fidel_score: 99.28, acc_loss: 0.007893624639960918, grad_loss: None
2022-04-30 16:18:42,161 DEBUG epoch: 139, train_acc: 99.79776147071351, val_acc: 99.25, fidel_score: 99.2, acc_loss: 0.009098153182384657, grad_loss: None
2022-04-30 16:18:46,101 DEBUG epoch: 140, train_acc: 99.80053191489361, val_acc: 99.38, fidel_score: 99.38, acc_loss: 0.008202758896972072, grad_loss: None
2022-04-30 16:18:50,033 DEBUG epoch: 141, train_acc: 99.85039893617021, val_acc: 99.24, fidel_score: 99.18, acc_loss: 0.005756571698200671, grad_loss: None
2022-04-30 16:18:54,025 DEBUG epoch: 142, train_acc: 99.76728723404256, val_acc: 99.3, fidel_score: 99.21, acc_loss: 0.008269469137922762, grad_loss: None
2022-04-30 16:18:58,050 DEBUG epoch: 143, train_acc: 99.87256200262841, val_acc: 99.26, fidel_score: 99.25, acc_loss: 0.005889244303305416, grad_loss: None
2022-04-30 16:19:01,973 DEBUG epoch: 144, train_acc: 99.85871010638297, val_acc: 99.3, fidel_score: 99.26, acc_loss: 0.005767883903203294, grad_loss: None
2022-04-30 16:19:05,917 DEBUG epoch: 145, train_acc: 99.83377659574468, val_acc: 99.34, fidel_score: 99.22, acc_loss: 0.00572397771286481, grad_loss: None
2022-04-30 16:19:09,818 DEBUG epoch: 146, train_acc: 99.91411785369223, val_acc: 99.38, fidel_score: 99.36, acc_loss: 0.003870842918602532, grad_loss: None
2022-04-30 16:19:13,760 DEBUG epoch: 147, train_acc: 99.87533244680851, val_acc: 99.29, fidel_score: 99.28, acc_loss: 0.0061367014196993626, grad_loss: None
2022-04-30 16:19:17,725 DEBUG epoch: 148, train_acc: 99.80884308510639, val_acc: 99.32, fidel_score: 99.29, acc_loss: 0.007002790838088642, grad_loss: None
2022-04-30 16:19:21,669 DEBUG epoch: 149, train_acc: 99.83654695876102, val_acc: 99.33, fidel_score: 99.28, acc_loss: 0.006695285483456633, grad_loss: None
2022-04-30 16:19:25,619 DEBUG epoch: 150, train_acc: 99.82546542553192, val_acc: 99.33, fidel_score: 99.27, acc_loss: 0.006186525076702039, grad_loss: None
2022-04-30 16:19:29,588 DEBUG epoch: 151, train_acc: 99.87533244680851, val_acc: 99.38, fidel_score: 99.27, acc_loss: 0.004503968248559915, grad_loss: None
2022-04-30 16:19:33,569 DEBUG epoch: 152, train_acc: 99.89195478723404, val_acc: 99.35, fidel_score: 99.28, acc_loss: 0.004453445610743848, grad_loss: None
2022-04-30 16:19:37,511 DEBUG epoch: 153, train_acc: 99.89195478723404, val_acc: 99.37, fidel_score: 99.28, acc_loss: 0.0048247794224385255, grad_loss: None
2022-04-30 16:19:41,493 DEBUG epoch: 154, train_acc: 99.91688829787235, val_acc: 99.39, fidel_score: 99.35, acc_loss: 0.004219488460295635, grad_loss: None
2022-04-30 16:19:45,399 DEBUG epoch: 155, train_acc: 99.92519946808511, val_acc: 99.32, fidel_score: 99.28, acc_loss: 0.003521077330855831, grad_loss: None
2022-04-30 16:19:49,375 DEBUG epoch: 156, train_acc: 99.92519946808511, val_acc: 99.37, fidel_score: 99.3, acc_loss: 0.003260024595061971, grad_loss: None
2022-04-30 16:19:53,279 DEBUG epoch: 157, train_acc: 99.91688829787235, val_acc: 99.33, fidel_score: 99.23, acc_loss: 0.00459375033870914, grad_loss: None
2022-04-30 16:19:57,224 DEBUG epoch: 158, train_acc: 99.89195478723404, val_acc: 99.37, fidel_score: 99.33, acc_loss: 0.0042611587021073845, grad_loss: None
2022-04-30 16:20:01,200 DEBUG epoch: 159, train_acc: 99.87810280982484, val_acc: 99.39, fidel_score: 99.31, acc_loss: 0.005045742190943317, grad_loss: None
2022-04-30 16:20:05,153 DEBUG epoch: 160, train_acc: 99.90857712765957, val_acc: 99.36, fidel_score: 99.29, acc_loss: 0.0046143116370002, grad_loss: None
2022-04-30 16:20:09,100 DEBUG epoch: 161, train_acc: 99.85871010638297, val_acc: 99.37, fidel_score: 99.33, acc_loss: 0.005039618759257521, grad_loss: None
2022-04-30 16:20:12,988 DEBUG epoch: 162, train_acc: 99.89195478723404, val_acc: 99.41, fidel_score: 99.34, acc_loss: 0.0038574211828242195, grad_loss: None
2022-04-30 16:20:16,908 DEBUG epoch: 163, train_acc: 99.90857712765957, val_acc: 99.38, fidel_score: 99.38, acc_loss: 0.003629366683332804, grad_loss: None
2022-04-30 16:20:20,889 DEBUG epoch: 164, train_acc: 99.94182180851064, val_acc: 99.33, fidel_score: 99.27, acc_loss: 0.00306423536150102, grad_loss: None
2022-04-30 16:20:24,805 DEBUG epoch: 165, train_acc: 99.93351063829788, val_acc: 99.38, fidel_score: 99.29, acc_loss: 0.0031725837808211353, grad_loss: None
2022-04-30 16:20:28,736 DEBUG epoch: 166, train_acc: 99.9501329787234, val_acc: 99.38, fidel_score: 99.37, acc_loss: 0.0031522148706147725, grad_loss: None
2022-04-30 16:20:32,648 DEBUG epoch: 167, train_acc: 99.95844414893617, val_acc: 99.4, fidel_score: 99.31, acc_loss: 0.002906577354495196, grad_loss: None
2022-04-30 16:20:36,567 DEBUG epoch: 168, train_acc: 99.89195478723404, val_acc: 99.32, fidel_score: 99.35, acc_loss: 0.005101136765702866, grad_loss: None
2022-04-30 16:20:40,489 DEBUG epoch: 169, train_acc: 99.93351063829788, val_acc: 99.39, fidel_score: 99.35, acc_loss: 0.0033098973276247173, grad_loss: None
2022-04-30 16:20:44,508 DEBUG epoch: 170, train_acc: 99.93351063829788, val_acc: 99.37, fidel_score: 99.29, acc_loss: 0.0029856883332460248, grad_loss: None
2022-04-30 16:20:48,479 DEBUG epoch: 171, train_acc: 99.90303632046314, val_acc: 99.38, fidel_score: 99.33, acc_loss: 0.004241395422797452, grad_loss: None
2022-04-30 16:20:52,442 DEBUG epoch: 172, train_acc: 99.90857712765957, val_acc: 99.3, fidel_score: 99.28, acc_loss: 0.004513620550030882, grad_loss: None
2022-04-30 16:20:56,370 DEBUG epoch: 173, train_acc: 99.95844414893617, val_acc: 99.37, fidel_score: 99.34, acc_loss: 0.003027465203132956, grad_loss: None
2022-04-30 16:21:00,324 DEBUG epoch: 174, train_acc: 99.9501329787234, val_acc: 99.37, fidel_score: 99.33, acc_loss: 0.0031333845440035765, grad_loss: None
2022-04-30 16:21:04,293 DEBUG epoch: 175, train_acc: 99.91688829787235, val_acc: 99.36, fidel_score: 99.32, acc_loss: 0.0037252597354149367, grad_loss: None
2022-04-30 16:21:08,270 DEBUG epoch: 176, train_acc: 99.95844414893617, val_acc: 99.37, fidel_score: 99.32, acc_loss: 0.0031195060356812394, grad_loss: None
2022-04-30 16:21:12,218 DEBUG epoch: 177, train_acc: 99.90857712765957, val_acc: 99.36, fidel_score: 99.28, acc_loss: 0.003916788003481726, grad_loss: None
2022-04-30 16:21:16,188 DEBUG epoch: 178, train_acc: 99.95844414893617, val_acc: 99.44, fidel_score: 99.42, acc_loss: 0.003028238358773648, grad_loss: None
2022-04-30 16:21:20,188 DEBUG epoch: 179, train_acc: 99.9002659574468, val_acc: 99.38, fidel_score: 99.31, acc_loss: 0.003636770123464769, grad_loss: None
2022-04-30 16:21:24,139 DEBUG epoch: 180, train_acc: 99.922429023905, val_acc: 99.33, fidel_score: 99.32, acc_loss: 0.003679308262554572, grad_loss: None
2022-04-30 16:21:28,109 DEBUG epoch: 181, train_acc: 99.95844414893617, val_acc: 99.43, fidel_score: 99.38, acc_loss: 0.0026774961839459758, grad_loss: None
2022-04-30 16:21:32,051 DEBUG epoch: 182, train_acc: 99.95844414893617, val_acc: 99.38, fidel_score: 99.31, acc_loss: 0.002730993334169282, grad_loss: None
2022-04-30 16:21:36,013 DEBUG epoch: 183, train_acc: 99.95567370475607, val_acc: 99.37, fidel_score: 99.36, acc_loss: 0.0030474853308678188, grad_loss: None
2022-04-30 16:21:39,972 DEBUG epoch: 184, train_acc: 99.94182180851064, val_acc: 99.42, fidel_score: 99.36, acc_loss: 0.003133727219624524, grad_loss: None
2022-04-30 16:21:43,929 DEBUG epoch: 185, train_acc: 99.92519946808511, val_acc: 99.39, fidel_score: 99.35, acc_loss: 0.003482330173434828, grad_loss: None
2022-04-30 16:21:47,914 DEBUG epoch: 186, train_acc: 99.95844414893617, val_acc: 99.34, fidel_score: 99.33, acc_loss: 0.0028462184737362167, grad_loss: None
2022-04-30 16:21:51,881 DEBUG epoch: 187, train_acc: 99.94182180851064, val_acc: 99.46, fidel_score: 99.39, acc_loss: 0.0032812369150788264, grad_loss: None
2022-04-30 16:21:55,869 DEBUG epoch: 188, train_acc: 99.94182180851064, val_acc: 99.37, fidel_score: 99.34, acc_loss: 0.0033254402292089815, grad_loss: None
2022-04-30 16:21:59,831 DEBUG epoch: 189, train_acc: 99.93074019411777, val_acc: 99.4, fidel_score: 99.32, acc_loss: 0.0029932880437279, grad_loss: None
2022-04-30 16:22:03,781 DEBUG epoch: 190, train_acc: 99.9501329787234, val_acc: 99.39, fidel_score: 99.36, acc_loss: 0.0028125799701925604, grad_loss: None
2022-04-30 16:22:07,728 DEBUG epoch: 191, train_acc: 99.9501329787234, val_acc: 99.35, fidel_score: 99.31, acc_loss: 0.002906799767206007, grad_loss: None
2022-04-30 16:22:11,725 DEBUG epoch: 192, train_acc: 99.94182180851064, val_acc: 99.41, fidel_score: 99.36, acc_loss: 0.0025877008586750426, grad_loss: None
2022-04-30 16:22:15,625 DEBUG epoch: 193, train_acc: 99.9501329787234, val_acc: 99.44, fidel_score: 99.38, acc_loss: 0.002217040127861571, grad_loss: None
2022-04-30 16:22:19,588 DEBUG epoch: 194, train_acc: 99.97506648936171, val_acc: 99.46, fidel_score: 99.35, acc_loss: 0.0022211301795632995, grad_loss: None
2022-04-30 16:22:23,494 DEBUG epoch: 195, train_acc: 99.9501329787234, val_acc: 99.4, fidel_score: 99.33, acc_loss: 0.0024527286193606027, grad_loss: None
2022-04-30 16:22:27,461 DEBUG epoch: 196, train_acc: 99.9501329787234, val_acc: 99.4, fidel_score: 99.37, acc_loss: 0.002509717960492708, grad_loss: None
2022-04-30 16:22:31,482 DEBUG epoch: 197, train_acc: 99.95844414893617, val_acc: 99.33, fidel_score: 99.36, acc_loss: 0.0028497263692576994, grad_loss: None
2022-04-30 16:22:35,425 DEBUG epoch: 198, train_acc: 99.94182180851064, val_acc: 99.36, fidel_score: 99.37, acc_loss: 0.0035271555667698504, grad_loss: None
2022-04-30 16:22:39,365 DEBUG epoch: 199, train_acc: 99.94182180851064, val_acc: 99.32, fidel_score: 99.25, acc_loss: 0.002755948691319258, grad_loss: None
2022-04-30 16:22:43,309 DEBUG epoch: 200, train_acc: 99.95844414893617, val_acc: 99.4, fidel_score: 99.38, acc_loss: 0.0028459663051453, grad_loss: None
2022-04-30 16:22:47,205 DEBUG epoch: 201, train_acc: 99.95844414893617, val_acc: 99.31, fidel_score: 99.27, acc_loss: 0.0028676243825255833, grad_loss: None
2022-04-30 16:22:51,141 DEBUG epoch: 202, train_acc: 99.93351063829788, val_acc: 99.38, fidel_score: 99.31, acc_loss: 0.0029687656958443808, grad_loss: None
2022-04-30 16:22:55,084 DEBUG epoch: 203, train_acc: 99.93351063829788, val_acc: 99.36, fidel_score: 99.32, acc_loss: 0.004209592408052289, grad_loss: None
2022-04-30 16:22:59,029 DEBUG epoch: 204, train_acc: 99.93351063829788, val_acc: 99.37, fidel_score: 99.39, acc_loss: 0.0033690436945068947, grad_loss: None
2022-04-30 16:23:03,000 DEBUG epoch: 205, train_acc: 99.93351063829788, val_acc: 99.38, fidel_score: 99.29, acc_loss: 0.0031028333364024837, grad_loss: None
2022-04-30 16:23:07,009 DEBUG epoch: 206, train_acc: 99.92519946808511, val_acc: 99.37, fidel_score: 99.37, acc_loss: 0.004120947589089678, grad_loss: None
2022-04-30 16:23:10,966 DEBUG epoch: 207, train_acc: 99.91688829787235, val_acc: 99.43, fidel_score: 99.37, acc_loss: 0.003674488287094604, grad_loss: None
2022-04-30 16:23:14,975 DEBUG epoch: 208, train_acc: 99.94182180851064, val_acc: 99.39, fidel_score: 99.32, acc_loss: 0.0028965303360390417, grad_loss: None
2022-04-30 16:23:18,900 DEBUG epoch: 209, train_acc: 99.92519946808511, val_acc: 99.37, fidel_score: 99.38, acc_loss: 0.0026485218531501656, grad_loss: None
2022-04-30 16:23:22,873 DEBUG epoch: 210, train_acc: 99.92519946808511, val_acc: 99.35, fidel_score: 99.31, acc_loss: 0.00290822541121978, grad_loss: None
2022-04-30 16:23:26,805 DEBUG epoch: 211, train_acc: 99.95844414893617, val_acc: 99.37, fidel_score: 99.31, acc_loss: 0.002887550241715136, grad_loss: None
2022-04-30 16:23:30,739 DEBUG epoch: 212, train_acc: 99.92519946808511, val_acc: 99.32, fidel_score: 99.29, acc_loss: 0.003004147601190043, grad_loss: None
2022-04-30 16:23:34,700 DEBUG epoch: 213, train_acc: 99.95844414893617, val_acc: 99.33, fidel_score: 99.26, acc_loss: 0.002456973809649811, grad_loss: None
2022-04-30 16:23:38,652 DEBUG epoch: 214, train_acc: 99.96675531914893, val_acc: 99.5, fidel_score: 99.45, acc_loss: 0.0023057317909873786, grad_loss: None
2022-04-30 16:23:42,635 DEBUG epoch: 215, train_acc: 99.93351063829788, val_acc: 99.38, fidel_score: 99.34, acc_loss: 0.002957351411942967, grad_loss: None
2022-04-30 16:23:46,561 DEBUG epoch: 216, train_acc: 99.92519946808511, val_acc: 99.35, fidel_score: 99.37, acc_loss: 0.004259037831674349, grad_loss: None
2022-04-30 16:23:50,518 DEBUG epoch: 217, train_acc: 99.95844414893617, val_acc: 99.41, fidel_score: 99.32, acc_loss: 0.0024059674218965773, grad_loss: None
2022-04-30 16:23:54,520 DEBUG epoch: 218, train_acc: 99.96675531914893, val_acc: 99.4, fidel_score: 99.34, acc_loss: 0.0027910096910187697, grad_loss: None
2022-04-30 16:23:58,449 DEBUG epoch: 219, train_acc: 99.9501329787234, val_acc: 99.41, fidel_score: 99.35, acc_loss: 0.002656177407380768, grad_loss: None
2022-04-30 16:24:02,423 DEBUG epoch: 220, train_acc: 99.97506648936171, val_acc: 99.38, fidel_score: 99.31, acc_loss: 0.001653188710445241, grad_loss: None
2022-04-30 16:24:06,325 DEBUG epoch: 221, train_acc: 99.95844414893617, val_acc: 99.35, fidel_score: 99.31, acc_loss: 0.002415299100400087, grad_loss: None
2022-04-30 16:24:10,337 DEBUG epoch: 222, train_acc: 99.96675531914893, val_acc: 99.38, fidel_score: 99.35, acc_loss: 0.0026764064962836974, grad_loss: None
2022-04-30 16:24:14,283 DEBUG epoch: 223, train_acc: 99.97506648936171, val_acc: 99.29, fidel_score: 99.3, acc_loss: 0.0019713549700099975, grad_loss: None
2022-04-30 16:24:18,257 DEBUG epoch: 224, train_acc: 99.9501329787234, val_acc: 99.36, fidel_score: 99.29, acc_loss: 0.0024398074360277027, grad_loss: None
2022-04-30 16:24:22,205 DEBUG epoch: 225, train_acc: 99.97506648936171, val_acc: 99.34, fidel_score: 99.28, acc_loss: 0.002255976396709423, grad_loss: None
2022-04-30 16:24:26,157 DEBUG epoch: 226, train_acc: 99.9501329787234, val_acc: 99.4, fidel_score: 99.39, acc_loss: 0.002619999126801168, grad_loss: None
2022-04-30 16:24:30,100 DEBUG epoch: 227, train_acc: 99.9501329787234, val_acc: 99.38, fidel_score: 99.32, acc_loss: 0.0027325078272235955, grad_loss: None
2022-04-30 16:24:34,061 DEBUG epoch: 228, train_acc: 99.96675531914893, val_acc: 99.34, fidel_score: 99.28, acc_loss: 0.0021435407549514375, grad_loss: None
2022-04-30 16:24:38,043 DEBUG epoch: 229, train_acc: 100.0, val_acc: 99.41, fidel_score: 99.36, acc_loss: 0.001674920765427932, grad_loss: None
2022-04-30 16:24:42,021 DEBUG epoch: 230, train_acc: 99.95844414893617, val_acc: 99.37, fidel_score: 99.28, acc_loss: 0.0025595978603381265, grad_loss: None
2022-04-30 16:24:46,031 DEBUG epoch: 231, train_acc: 99.93351063829788, val_acc: 99.45, fidel_score: 99.37, acc_loss: 0.002761870740907901, grad_loss: None
2022-04-30 16:24:49,971 DEBUG epoch: 232, train_acc: 99.91688829787235, val_acc: 99.36, fidel_score: 99.32, acc_loss: 0.003030687137110595, grad_loss: None
2022-04-30 16:24:53,881 DEBUG epoch: 233, train_acc: 99.94182180851064, val_acc: 99.35, fidel_score: 99.34, acc_loss: 0.002901931087414615, grad_loss: None
2022-04-30 16:24:57,853 DEBUG epoch: 234, train_acc: 99.94182180851064, val_acc: 99.39, fidel_score: 99.37, acc_loss: 0.0030748459960685728, grad_loss: None
2022-04-30 16:25:01,825 DEBUG epoch: 235, train_acc: 99.90857712765957, val_acc: 99.36, fidel_score: 99.33, acc_loss: 0.00394889382624434, grad_loss: None
2022-04-30 16:25:05,716 DEBUG epoch: 236, train_acc: 99.94182180851064, val_acc: 99.44, fidel_score: 99.39, acc_loss: 0.003301395312635268, grad_loss: None
2022-04-30 16:25:09,706 DEBUG epoch: 237, train_acc: 99.94182180851064, val_acc: 99.4, fidel_score: 99.31, acc_loss: 0.002358589599718974, grad_loss: None
2022-04-30 16:25:13,627 DEBUG epoch: 238, train_acc: 99.9501329787234, val_acc: 99.43, fidel_score: 99.35, acc_loss: 0.002603744482993089, grad_loss: None
2022-04-30 16:25:17,643 DEBUG epoch: 239, train_acc: 99.9501329787234, val_acc: 99.4, fidel_score: 99.38, acc_loss: 0.002658970064193783, grad_loss: None
2022-04-30 16:25:21,672 DEBUG epoch: 240, train_acc: 99.98337765957447, val_acc: 99.39, fidel_score: 99.37, acc_loss: 0.002106575699376953, grad_loss: None
2022-04-30 16:25:25,675 DEBUG epoch: 241, train_acc: 99.97506648936171, val_acc: 99.35, fidel_score: 99.31, acc_loss: 0.0018888235815424234, grad_loss: None
2022-04-30 16:25:29,648 DEBUG epoch: 242, train_acc: 99.95844414893617, val_acc: 99.4, fidel_score: 99.36, acc_loss: 0.0023266343663674483, grad_loss: None
2022-04-30 16:25:33,633 DEBUG epoch: 243, train_acc: 99.93351063829788, val_acc: 99.44, fidel_score: 99.4, acc_loss: 0.003086306225939436, grad_loss: None
2022-04-30 16:25:37,624 DEBUG epoch: 244, train_acc: 99.90857712765957, val_acc: 99.37, fidel_score: 99.33, acc_loss: 0.0033084782725323904, grad_loss: None
2022-04-30 16:25:41,616 DEBUG epoch: 245, train_acc: 99.95844414893617, val_acc: 99.42, fidel_score: 99.38, acc_loss: 0.0022412999177059316, grad_loss: None
2022-04-30 16:25:45,549 DEBUG epoch: 246, train_acc: 99.96675531914893, val_acc: 99.42, fidel_score: 99.39, acc_loss: 0.002764720483955511, grad_loss: None
2022-04-30 16:25:49,499 DEBUG epoch: 247, train_acc: 99.95844414893617, val_acc: 99.37, fidel_score: 99.36, acc_loss: 0.0025119110836617727, grad_loss: None
2022-04-30 16:25:53,416 DEBUG epoch: 248, train_acc: 99.97506648936171, val_acc: 99.37, fidel_score: 99.3, acc_loss: 0.0020298916884286806, grad_loss: None
2022-04-30 16:25:57,372 DEBUG epoch: 249, train_acc: 99.96675531914893, val_acc: 99.31, fidel_score: 99.33, acc_loss: 0.002555009369934077, grad_loss: None
2022-04-30 16:26:01,302 DEBUG epoch: 250, train_acc: 99.91688829787235, val_acc: 99.41, fidel_score: 99.38, acc_loss: 0.003219179984954919, grad_loss: None
2022-04-30 16:26:05,283 DEBUG epoch: 251, train_acc: 99.96675531914893, val_acc: 99.41, fidel_score: 99.35, acc_loss: 0.002507665855909123, grad_loss: None
2022-04-30 16:26:09,245 DEBUG epoch: 252, train_acc: 99.97506648936171, val_acc: 99.42, fidel_score: 99.36, acc_loss: 0.002303610718375607, grad_loss: None
2022-04-30 16:26:13,213 DEBUG epoch: 253, train_acc: 99.9501329787234, val_acc: 99.44, fidel_score: 99.36, acc_loss: 0.0023936541550396446, grad_loss: None
2022-04-30 16:26:17,163 DEBUG epoch: 254, train_acc: 99.93351063829788, val_acc: 99.34, fidel_score: 99.31, acc_loss: 0.0023675253819129332, grad_loss: None
2022-04-30 16:26:21,150 DEBUG epoch: 255, train_acc: 99.9501329787234, val_acc: 99.34, fidel_score: 99.36, acc_loss: 0.003084541487004707, grad_loss: None
2022-04-30 16:26:25,099 DEBUG epoch: 256, train_acc: 99.95844414893617, val_acc: 99.43, fidel_score: 99.37, acc_loss: 0.002702221894844812, grad_loss: None
2022-04-30 16:26:29,027 DEBUG epoch: 257, train_acc: 99.94182180851064, val_acc: 99.41, fidel_score: 99.33, acc_loss: 0.0027281977322963164, grad_loss: None
2022-04-30 16:26:33,025 DEBUG epoch: 258, train_acc: 99.95844414893617, val_acc: 99.46, fidel_score: 99.41, acc_loss: 0.0021189088583923876, grad_loss: None
2022-04-30 16:26:36,969 DEBUG epoch: 259, train_acc: 100.0, val_acc: 99.41, fidel_score: 99.36, acc_loss: 0.0018522988743535143, grad_loss: None
2022-04-30 16:26:40,860 DEBUG epoch: 260, train_acc: 99.98337765957447, val_acc: 99.37, fidel_score: 99.31, acc_loss: 0.0020227603805672498, grad_loss: None
2022-04-30 16:26:44,865 DEBUG epoch: 261, train_acc: 99.96675531914893, val_acc: 99.38, fidel_score: 99.34, acc_loss: 0.0026452716965069795, grad_loss: None
2022-04-30 16:26:48,786 DEBUG epoch: 262, train_acc: 99.97506648936171, val_acc: 99.35, fidel_score: 99.32, acc_loss: 0.002031880961867307, grad_loss: None
2022-04-30 16:26:52,771 DEBUG epoch: 263, train_acc: 99.9501329787234, val_acc: 99.37, fidel_score: 99.34, acc_loss: 0.0027975970643889557, grad_loss: None
2022-04-30 16:26:56,714 DEBUG epoch: 264, train_acc: 99.94182180851064, val_acc: 99.38, fidel_score: 99.34, acc_loss: 0.0029367346312241392, grad_loss: None
2022-04-30 16:27:00,692 DEBUG epoch: 265, train_acc: 99.99168882978724, val_acc: 99.39, fidel_score: 99.37, acc_loss: 0.0017954522419963627, grad_loss: None
2022-04-30 16:27:04,629 DEBUG epoch: 266, train_acc: 99.96675531914893, val_acc: 99.44, fidel_score: 99.41, acc_loss: 0.0018611921343031003, grad_loss: None
2022-04-30 16:27:08,584 DEBUG epoch: 267, train_acc: 99.95844414893617, val_acc: 99.43, fidel_score: 99.4, acc_loss: 0.0028079046683257168, grad_loss: None
2022-04-30 16:27:12,573 DEBUG epoch: 268, train_acc: 99.96675531914893, val_acc: 99.33, fidel_score: 99.29, acc_loss: 0.00232011221375247, grad_loss: None
2022-04-30 16:27:16,491 DEBUG epoch: 269, train_acc: 99.97506648936171, val_acc: 99.42, fidel_score: 99.35, acc_loss: 0.0018131616104275306, grad_loss: None
2022-04-30 16:27:20,445 DEBUG epoch: 270, train_acc: 99.95844414893617, val_acc: 99.36, fidel_score: 99.35, acc_loss: 0.0028449621784099517, grad_loss: None
2022-04-30 16:27:24,463 DEBUG epoch: 271, train_acc: 99.9473625345433, val_acc: 99.4, fidel_score: 99.36, acc_loss: 0.0023616028784283812, grad_loss: None
2022-04-30 16:27:28,420 DEBUG epoch: 272, train_acc: 99.96675531914893, val_acc: 99.44, fidel_score: 99.4, acc_loss: 0.002183249327998133, grad_loss: None
2022-04-30 16:27:32,357 DEBUG epoch: 273, train_acc: 99.96675531914893, val_acc: 99.41, fidel_score: 99.31, acc_loss: 0.002159762022239057, grad_loss: None
2022-04-30 16:27:36,329 DEBUG epoch: 274, train_acc: 99.9501329787234, val_acc: 99.37, fidel_score: 99.34, acc_loss: 0.0024298237115912575, grad_loss: None
2022-04-30 16:27:40,261 DEBUG epoch: 275, train_acc: 99.94182180851064, val_acc: 99.35, fidel_score: 99.33, acc_loss: 0.0026718236374708407, grad_loss: None
2022-04-30 16:27:44,251 DEBUG epoch: 276, train_acc: 99.97506648936171, val_acc: 99.43, fidel_score: 99.41, acc_loss: 0.0019020462743665509, grad_loss: None
2022-04-30 16:27:48,213 DEBUG epoch: 277, train_acc: 99.9473625345433, val_acc: 99.39, fidel_score: 99.36, acc_loss: 0.0031961309073364084, grad_loss: None
2022-04-30 16:27:52,201 DEBUG epoch: 278, train_acc: 99.97506648936171, val_acc: 99.35, fidel_score: 99.31, acc_loss: 0.00225710689970738, grad_loss: None
2022-04-30 16:27:56,154 DEBUG epoch: 279, train_acc: 99.98337765957447, val_acc: 99.41, fidel_score: 99.39, acc_loss: 0.002226820017119493, grad_loss: None
2022-04-30 16:28:00,091 DEBUG epoch: 280, train_acc: 99.98337765957447, val_acc: 99.41, fidel_score: 99.36, acc_loss: 0.001844889417778641, grad_loss: None
2022-04-30 16:28:04,038 DEBUG epoch: 281, train_acc: 99.99168882978724, val_acc: 99.39, fidel_score: 99.35, acc_loss: 0.0020250279816769142, grad_loss: None
2022-04-30 16:28:08,051 DEBUG epoch: 282, train_acc: 99.93351063829788, val_acc: 99.42, fidel_score: 99.32, acc_loss: 0.0030343078926423606, grad_loss: None
2022-04-30 16:28:12,033 DEBUG epoch: 283, train_acc: 99.96675531914893, val_acc: 99.43, fidel_score: 99.38, acc_loss: 0.002013055103003701, grad_loss: None
2022-04-30 16:28:16,023 DEBUG epoch: 284, train_acc: 99.95844414893617, val_acc: 99.43, fidel_score: 99.35, acc_loss: 0.0020307849654853543, grad_loss: None
2022-04-30 16:28:20,009 DEBUG epoch: 285, train_acc: 99.97506648936171, val_acc: 99.32, fidel_score: 99.3, acc_loss: 0.0020368649900464855, grad_loss: None
2022-04-30 16:28:23,922 DEBUG epoch: 286, train_acc: 99.9501329787234, val_acc: 99.4, fidel_score: 99.33, acc_loss: 0.0023662823043699237, grad_loss: None
2022-04-30 16:28:27,879 DEBUG epoch: 287, train_acc: 99.97506648936171, val_acc: 99.41, fidel_score: 99.35, acc_loss: 0.002261325579193579, grad_loss: None
2022-04-30 16:28:31,884 DEBUG epoch: 288, train_acc: 99.9501329787234, val_acc: 99.39, fidel_score: 99.32, acc_loss: 0.0029553455022594674, grad_loss: None
2022-04-30 16:28:35,877 DEBUG epoch: 289, train_acc: 99.9501329787234, val_acc: 99.36, fidel_score: 99.4, acc_loss: 0.0024097600330702683, grad_loss: None
2022-04-30 16:28:39,843 DEBUG epoch: 290, train_acc: 99.96675531914893, val_acc: 99.4, fidel_score: 99.39, acc_loss: 0.002024278377227366, grad_loss: None
2022-04-30 16:28:43,783 DEBUG epoch: 291, train_acc: 99.95844414893617, val_acc: 99.37, fidel_score: 99.3, acc_loss: 0.0028550876799891605, grad_loss: None
2022-04-30 16:28:47,712 DEBUG epoch: 292, train_acc: 99.96675531914893, val_acc: 99.4, fidel_score: 99.33, acc_loss: 0.0018454552087821363, grad_loss: None
2022-04-30 16:28:51,672 DEBUG epoch: 293, train_acc: 99.96675531914893, val_acc: 99.4, fidel_score: 99.35, acc_loss: 0.002237696157572692, grad_loss: None
2022-04-30 16:28:55,675 DEBUG epoch: 294, train_acc: 99.97506648936171, val_acc: 99.41, fidel_score: 99.42, acc_loss: 0.0018124792048648157, grad_loss: None
2022-04-30 16:28:59,628 DEBUG epoch: 295, train_acc: 99.95844414893617, val_acc: 99.44, fidel_score: 99.41, acc_loss: 0.0023650975069377887, grad_loss: None
2022-04-30 16:29:03,541 DEBUG epoch: 296, train_acc: 99.95844414893617, val_acc: 99.43, fidel_score: 99.36, acc_loss: 0.0019878705408042695, grad_loss: None
2022-04-30 16:29:07,505 DEBUG epoch: 297, train_acc: 99.95844414893617, val_acc: 99.4, fidel_score: 99.34, acc_loss: 0.002368604607986623, grad_loss: None
2022-04-30 16:29:11,488 DEBUG epoch: 298, train_acc: 99.98337765957447, val_acc: 99.39, fidel_score: 99.39, acc_loss: 0.0015990010656520446, grad_loss: None
2022-04-30 16:29:15,469 DEBUG epoch: 299, train_acc: 99.96675531914893, val_acc: 99.42, fidel_score: 99.34, acc_loss: 0.002425398088080135, grad_loss: None
2022-04-30 16:29:19,456 DEBUG epoch: 300, train_acc: 99.97506648936171, val_acc: 99.39, fidel_score: 99.36, acc_loss: 0.002360290129411411, grad_loss: None
2022-04-30 16:29:19,457 DEBUG load best stealed model.
2022-04-30 16:29:19,457 DEBUG Best perform model, val_acc: 99.5, fidel_score: 99.45, acc_loss: 0.0023057317909873786
2022-04-30 16:29:19,458 DEBUG load cloest stealed model.
2022-04-30 16:29:19,458 DEBUG Closest perform model, val_acc: 99.5, fidel_score: 99.45, acc_loss: 0.0023057317909873786
