2022-04-27 19:54:27,755 DEBUG Namespace(arch='vgg11_bn', attack_client=0, attack_epochs=300, attack_style='Generator_option', average_time=1, batch_size=128, bottleneck_option='None', cutlayer=4, data_proportion=0.0, dataset='cifar10', filename='ace_V2_epoch_vgg11_bn_cutlayer_4_client_1_seed125_dataset_cifar10_lr_0.05_200epoch', folder='saves/baseline', learning_rate=0.005, noniid_ratio=1.0, num_client=1, num_epochs='best', num_query=10000, random_seed=123, regularization='None', regularization_strength=0.0, scheme='V2_epoch', surrogate_arch='longer', test_best=True, train_clas_layer=2.0)
2022-04-27 19:54:31,369 DEBUG Test (client-0):	Loss 0.6164 (0.3623)	Prec@1 81.250 (91.890)
2022-04-27 19:54:31,370 DEBUG  * Prec@1 91.890
2022-04-27 19:54:31,578 DEBUG 6
2022-04-27 19:54:31,578 DEBUG surrogate parameter has 6 trainable parameters!
2022-04-27 19:54:32,016 DEBUG Train step: 10	 CE_Loss: 2.8511078358 diversity_Loss: 43.0410232544 bc_losses (G):  0.0000000000  bc_losses (D)):  0.0000000000
2022-04-27 19:54:32,421 DEBUG Train step: 20	 CE_Loss: 1.3416192532 diversity_Loss: 45.0435562134 bc_losses (G):  0.0000000000  bc_losses (D)):  0.0000000000
2022-04-27 19:54:32,825 DEBUG Train step: 30	 CE_Loss: 2.1569941044 diversity_Loss: 46.2065887451 bc_losses (G):  0.0000000000  bc_losses (D)):  0.0000000000
2022-04-27 19:54:33,228 DEBUG Train step: 40	 CE_Loss: 1.1523567438 diversity_Loss: 46.2739562988 bc_losses (G):  0.0000000000  bc_losses (D)):  0.0000000000
2022-04-27 19:54:33,632 DEBUG Train step: 50	 CE_Loss: 1.1696629524 diversity_Loss: 47.2074546814 bc_losses (G):  0.0000000000  bc_losses (D)):  0.0000000000
2022-04-27 19:54:34,036 DEBUG Train step: 60	 CE_Loss: 1.2034096718 diversity_Loss: 46.9024734497 bc_losses (G):  0.0000000000  bc_losses (D)):  0.0000000000
2022-04-27 19:54:34,440 DEBUG Train step: 70	 CE_Loss: 1.5653096437 diversity_Loss: 47.5727233887 bc_losses (G):  0.0000000000  bc_losses (D)):  0.0000000000
2022-04-27 19:54:34,843 DEBUG Train step: 80	 CE_Loss: 1.0720438957 diversity_Loss: 47.0071868896 bc_losses (G):  0.0000000000  bc_losses (D)):  0.0000000000
2022-04-27 19:54:35,247 DEBUG Train step: 90	 CE_Loss: 0.8391159177 diversity_Loss: 47.3329582214 bc_losses (G):  0.0000000000  bc_losses (D)):  0.0000000000
2022-04-27 19:54:35,650 DEBUG Train step: 100	 CE_Loss: 0.8255449533 diversity_Loss: 47.1138877869 bc_losses (G):  0.0000000000  bc_losses (D)):  0.0000000000
2022-04-27 19:54:35,650 DEBUG End of Training: 100	 CE_Loss: 0.8255449533 diversity_Loss: 47.1138877869 bc_losses (G):  0.0000000000  bc_losses (D)):  0.0000000000
2022-04-27 19:54:36,784 DEBUG epoch: 0, val_acc: 9.24, val_fidelity: 9.27
2022-04-27 19:54:38,833 DEBUG epoch: 1, train_acc: 29.140625, val_acc: 71.37, fidel_score: 75.18, acc_loss: 2.1587240219116213, grad_loss: None
2022-04-27 19:54:40,722 DEBUG epoch: 2, train_acc: 67.1875, val_acc: 90.53, fidel_score: 96.25, acc_loss: 1.6380191206932069, grad_loss: None
2022-04-27 19:54:42,626 DEBUG epoch: 3, train_acc: 78.0078125, val_acc: 90.97, fidel_score: 96.67, acc_loss: 1.125150990486145, grad_loss: None
2022-04-27 19:54:44,537 DEBUG epoch: 4, train_acc: 82.2265625, val_acc: 91.14, fidel_score: 96.79, acc_loss: 0.7953387886285782, grad_loss: None
2022-04-27 19:54:46,409 DEBUG epoch: 5, train_acc: 82.1484375, val_acc: 90.81, fidel_score: 96.11, acc_loss: 0.6682794183492661, grad_loss: None
2022-04-27 19:54:48,280 DEBUG epoch: 6, train_acc: 84.1796875, val_acc: 90.84, fidel_score: 96.0, acc_loss: 0.5760044738650322, grad_loss: None
2022-04-27 19:54:50,159 DEBUG epoch: 7, train_acc: 83.6328125, val_acc: 89.97, fidel_score: 94.61, acc_loss: 0.5577680692076683, grad_loss: None
2022-04-27 19:54:52,033 DEBUG epoch: 8, train_acc: 84.0234375, val_acc: 90.42, fidel_score: 95.15, acc_loss: 0.5317759126424789, grad_loss: None
2022-04-27 19:54:53,919 DEBUG epoch: 9, train_acc: 84.2578125, val_acc: 89.99, fidel_score: 94.29, acc_loss: 0.5385427936911583, grad_loss: None
2022-04-27 19:54:55,785 DEBUG epoch: 10, train_acc: 84.921875, val_acc: 89.77, fidel_score: 94.15, acc_loss: 0.49430413395166395, grad_loss: None
2022-04-27 19:54:57,679 DEBUG epoch: 11, train_acc: 86.0546875, val_acc: 89.88, fidel_score: 94.0, acc_loss: 0.47453043013811114, grad_loss: None
2022-04-27 19:54:59,560 DEBUG epoch: 12, train_acc: 84.7265625, val_acc: 89.31, fidel_score: 93.65, acc_loss: 0.4939276069402695, grad_loss: None
2022-04-27 19:55:01,431 DEBUG epoch: 13, train_acc: 86.328125, val_acc: 89.78, fidel_score: 93.94, acc_loss: 0.45997741222381594, grad_loss: None
2022-04-27 19:55:03,300 DEBUG epoch: 14, train_acc: 86.015625, val_acc: 89.15, fidel_score: 93.38, acc_loss: 0.46080165803432466, grad_loss: None
2022-04-27 19:55:05,192 DEBUG epoch: 15, train_acc: 85.7421875, val_acc: 89.02, fidel_score: 93.07, acc_loss: 0.47807051688432695, grad_loss: None
2022-04-27 19:55:07,095 DEBUG epoch: 16, train_acc: 87.7734375, val_acc: 89.13, fidel_score: 93.14, acc_loss: 0.41483827382326127, grad_loss: None
2022-04-27 19:55:08,973 DEBUG epoch: 17, train_acc: 85.9375, val_acc: 88.49, fidel_score: 92.22, acc_loss: 0.44205901920795443, grad_loss: None
2022-04-27 19:55:10,845 DEBUG epoch: 18, train_acc: 86.8359375, val_acc: 89.07, fidel_score: 93.22, acc_loss: 0.43757209926843643, grad_loss: None
2022-04-27 19:55:12,731 DEBUG epoch: 19, train_acc: 86.875, val_acc: 88.19, fidel_score: 92.09, acc_loss: 0.4176610067486763, grad_loss: None
2022-04-27 19:55:14,601 DEBUG epoch: 20, train_acc: 86.8359375, val_acc: 87.82, fidel_score: 91.39, acc_loss: 0.4232192799448967, grad_loss: None
2022-04-27 19:55:16,483 DEBUG epoch: 21, train_acc: 86.953125, val_acc: 88.49, fidel_score: 92.31, acc_loss: 0.4072411060333252, grad_loss: None
2022-04-27 19:55:18,349 DEBUG epoch: 22, train_acc: 88.0859375, val_acc: 88.13, fidel_score: 91.93, acc_loss: 0.40355822294950483, grad_loss: None
2022-04-27 19:55:20,242 DEBUG epoch: 23, train_acc: 86.8359375, val_acc: 88.05, fidel_score: 91.9, acc_loss: 0.43557740151882174, grad_loss: None
2022-04-27 19:55:22,103 DEBUG epoch: 24, train_acc: 87.5390625, val_acc: 87.83, fidel_score: 91.56, acc_loss: 0.4276269942522049, grad_loss: None
2022-04-27 19:55:23,974 DEBUG epoch: 25, train_acc: 87.109375, val_acc: 87.37, fidel_score: 91.14, acc_loss: 0.42108902856707575, grad_loss: None
2022-04-27 19:55:25,843 DEBUG epoch: 26, train_acc: 87.4609375, val_acc: 86.78, fidel_score: 90.43, acc_loss: 0.3923000514507294, grad_loss: None
2022-04-27 19:55:27,713 DEBUG epoch: 27, train_acc: 86.8359375, val_acc: 87.4, fidel_score: 91.11, acc_loss: 0.4281372703611851, grad_loss: None
2022-04-27 19:55:29,597 DEBUG epoch: 28, train_acc: 86.6796875, val_acc: 87.49, fidel_score: 91.16, acc_loss: 0.4305893242359161, grad_loss: None
2022-04-27 19:55:31,473 DEBUG epoch: 29, train_acc: 87.3046875, val_acc: 87.13, fidel_score: 90.71, acc_loss: 0.40649955719709396, grad_loss: None
2022-04-27 19:55:33,335 DEBUG epoch: 30, train_acc: 86.9140625, val_acc: 86.95, fidel_score: 90.53, acc_loss: 0.39612667411565783, grad_loss: None
2022-04-27 19:55:35,218 DEBUG epoch: 31, train_acc: 87.65625, val_acc: 87.18, fidel_score: 90.71, acc_loss: 0.4036837011575699, grad_loss: None
2022-04-27 19:55:37,089 DEBUG epoch: 32, train_acc: 87.0703125, val_acc: 87.15, fidel_score: 90.75, acc_loss: 0.40795554891228675, grad_loss: None
2022-04-27 19:55:38,955 DEBUG epoch: 33, train_acc: 87.4609375, val_acc: 86.49, fidel_score: 90.22, acc_loss: 0.40185451731085775, grad_loss: None
2022-04-27 19:55:40,832 DEBUG epoch: 34, train_acc: 86.484375, val_acc: 87.42, fidel_score: 91.04, acc_loss: 0.4189959689974785, grad_loss: None
2022-04-27 19:55:42,710 DEBUG epoch: 35, train_acc: 87.1484375, val_acc: 87.2, fidel_score: 90.87, acc_loss: 0.4171357870101929, grad_loss: None
2022-04-27 19:55:44,596 DEBUG epoch: 36, train_acc: 87.8125, val_acc: 87.48, fidel_score: 91.12, acc_loss: 0.40277784019708635, grad_loss: None
2022-04-27 19:55:46,472 DEBUG epoch: 37, train_acc: 87.65625, val_acc: 86.59, fidel_score: 90.06, acc_loss: 0.3903104722499847, grad_loss: None
2022-04-27 19:55:48,345 DEBUG epoch: 38, train_acc: 87.65625, val_acc: 87.48, fidel_score: 90.98, acc_loss: 0.3930381312966347, grad_loss: None
2022-04-27 19:55:50,218 DEBUG epoch: 39, train_acc: 87.8125, val_acc: 87.08, fidel_score: 90.49, acc_loss: 0.40232044756412505, grad_loss: None
2022-04-27 19:55:52,091 DEBUG epoch: 40, train_acc: 88.203125, val_acc: 86.44, fidel_score: 89.78, acc_loss: 0.395160137116909, grad_loss: None
2022-04-27 19:55:53,976 DEBUG epoch: 41, train_acc: 88.4765625, val_acc: 87.24, fidel_score: 90.56, acc_loss: 0.37487941831350324, grad_loss: None
2022-04-27 19:55:55,849 DEBUG epoch: 42, train_acc: 87.8515625, val_acc: 86.77, fidel_score: 90.03, acc_loss: 0.40295120924711225, grad_loss: None
2022-04-27 19:55:57,729 DEBUG epoch: 43, train_acc: 87.2265625, val_acc: 87.28, fidel_score: 90.63, acc_loss: 0.39364098012447357, grad_loss: None
2022-04-27 19:55:59,605 DEBUG epoch: 44, train_acc: 88.3984375, val_acc: 86.64, fidel_score: 90.03, acc_loss: 0.36049481853842735, grad_loss: None
2022-04-27 19:56:01,494 DEBUG epoch: 45, train_acc: 87.65625, val_acc: 87.07, fidel_score: 90.61, acc_loss: 0.3952417358756065, grad_loss: None
2022-04-27 19:56:03,365 DEBUG epoch: 46, train_acc: 88.28125, val_acc: 86.02, fidel_score: 89.39, acc_loss: 0.3661857098340988, grad_loss: None
2022-04-27 19:56:05,217 DEBUG epoch: 47, train_acc: 87.5, val_acc: 86.66, fidel_score: 89.92, acc_loss: 0.40750406980514525, grad_loss: None
2022-04-27 19:56:07,081 DEBUG epoch: 48, train_acc: 86.5234375, val_acc: 86.13, fidel_score: 89.55, acc_loss: 0.4286974839866161, grad_loss: None
2022-04-27 19:56:08,945 DEBUG epoch: 49, train_acc: 87.8515625, val_acc: 86.22, fidel_score: 89.51, acc_loss: 0.38747032433748246, grad_loss: None
2022-04-27 19:56:10,835 DEBUG epoch: 50, train_acc: 88.515625, val_acc: 85.72, fidel_score: 89.0, acc_loss: 0.36705835312604906, grad_loss: None
2022-04-27 19:56:12,705 DEBUG epoch: 51, train_acc: 88.4765625, val_acc: 85.85, fidel_score: 89.22, acc_loss: 0.35757048428058624, grad_loss: None
2022-04-27 19:56:14,592 DEBUG epoch: 52, train_acc: 88.0078125, val_acc: 86.25, fidel_score: 89.64, acc_loss: 0.37972310483455657, grad_loss: None
2022-04-27 19:56:16,477 DEBUG epoch: 53, train_acc: 88.5546875, val_acc: 86.32, fidel_score: 89.47, acc_loss: 0.36834084093570707, grad_loss: None
2022-04-27 19:56:18,360 DEBUG epoch: 54, train_acc: 88.3203125, val_acc: 85.74, fidel_score: 88.83, acc_loss: 0.37729045897722246, grad_loss: None
2022-04-27 19:56:20,233 DEBUG epoch: 55, train_acc: 87.8515625, val_acc: 86.45, fidel_score: 89.8, acc_loss: 0.3868937253952026, grad_loss: None
2022-04-27 19:56:22,106 DEBUG epoch: 56, train_acc: 88.046875, val_acc: 86.32, fidel_score: 89.77, acc_loss: 0.37586288899183273, grad_loss: None
2022-04-27 19:56:23,978 DEBUG epoch: 57, train_acc: 87.6171875, val_acc: 85.53, fidel_score: 88.84, acc_loss: 0.40141641199588773, grad_loss: None
2022-04-27 19:56:25,857 DEBUG epoch: 58, train_acc: 87.734375, val_acc: 85.92, fidel_score: 89.15, acc_loss: 0.39173773005604745, grad_loss: None
2022-04-27 19:56:27,736 DEBUG epoch: 59, train_acc: 86.6796875, val_acc: 85.4, fidel_score: 88.44, acc_loss: 0.41691156923770906, grad_loss: None
2022-04-27 19:56:29,615 DEBUG epoch: 60, train_acc: 88.59375, val_acc: 86.02, fidel_score: 89.31, acc_loss: 0.3587937705218792, grad_loss: None
2022-04-27 19:56:31,497 DEBUG epoch: 61, train_acc: 88.671875, val_acc: 86.54, fidel_score: 89.82, acc_loss: 0.34947540014982226, grad_loss: None
2022-04-27 19:56:33,373 DEBUG epoch: 62, train_acc: 87.5390625, val_acc: 86.33, fidel_score: 89.6, acc_loss: 0.3801571875810623, grad_loss: None
2022-04-27 19:56:35,266 DEBUG epoch: 63, train_acc: 87.96875, val_acc: 86.31, fidel_score: 89.73, acc_loss: 0.3706526838243008, grad_loss: None
2022-04-27 19:56:37,147 DEBUG epoch: 64, train_acc: 87.8515625, val_acc: 86.13, fidel_score: 89.39, acc_loss: 0.3804377779364586, grad_loss: None
2022-04-27 19:56:39,038 DEBUG epoch: 65, train_acc: 87.6171875, val_acc: 86.36, fidel_score: 89.61, acc_loss: 0.3997450448572636, grad_loss: None
2022-04-27 19:56:40,911 DEBUG epoch: 66, train_acc: 89.375, val_acc: 86.26, fidel_score: 89.74, acc_loss: 0.3542435705661774, grad_loss: None
2022-04-27 19:56:42,788 DEBUG epoch: 67, train_acc: 89.4140625, val_acc: 86.2, fidel_score: 89.58, acc_loss: 0.331170517206192, grad_loss: None
2022-04-27 19:56:44,661 DEBUG epoch: 68, train_acc: 88.671875, val_acc: 86.13, fidel_score: 89.39, acc_loss: 0.3694851666688919, grad_loss: None
2022-04-27 19:56:46,536 DEBUG epoch: 69, train_acc: 88.7109375, val_acc: 86.03, fidel_score: 89.36, acc_loss: 0.3566597685217857, grad_loss: None
2022-04-27 19:56:48,424 DEBUG epoch: 70, train_acc: 88.671875, val_acc: 85.77, fidel_score: 88.88, acc_loss: 0.36135376170277594, grad_loss: None
2022-04-27 19:56:50,291 DEBUG epoch: 71, train_acc: 88.0859375, val_acc: 85.97, fidel_score: 89.26, acc_loss: 0.3799642898142338, grad_loss: None
2022-04-27 19:56:52,186 DEBUG epoch: 72, train_acc: 88.046875, val_acc: 86.05, fidel_score: 89.28, acc_loss: 0.37765186503529546, grad_loss: None
2022-04-27 19:56:54,057 DEBUG epoch: 73, train_acc: 88.6328125, val_acc: 86.15, fidel_score: 89.49, acc_loss: 0.3807395473122597, grad_loss: None
2022-04-27 19:56:55,929 DEBUG epoch: 74, train_acc: 88.28125, val_acc: 86.09, fidel_score: 89.25, acc_loss: 0.3775169223546982, grad_loss: None
2022-04-27 19:56:57,815 DEBUG epoch: 75, train_acc: 88.203125, val_acc: 85.66, fidel_score: 88.84, acc_loss: 0.35168102830648423, grad_loss: None
2022-04-27 19:56:59,696 DEBUG epoch: 76, train_acc: 87.3828125, val_acc: 85.55, fidel_score: 88.86, acc_loss: 0.39135427176952364, grad_loss: None
2022-04-27 19:57:01,574 DEBUG epoch: 77, train_acc: 88.515625, val_acc: 86.39, fidel_score: 89.63, acc_loss: 0.3582533195614815, grad_loss: None
2022-04-27 19:57:03,447 DEBUG epoch: 78, train_acc: 89.140625, val_acc: 86.3, fidel_score: 89.57, acc_loss: 0.34929755330085754, grad_loss: None
2022-04-27 19:57:05,319 DEBUG epoch: 79, train_acc: 87.3046875, val_acc: 86.49, fidel_score: 89.78, acc_loss: 0.3960717491805553, grad_loss: None
2022-04-27 19:57:07,191 DEBUG epoch: 80, train_acc: 88.125, val_acc: 86.39, fidel_score: 89.71, acc_loss: 0.3660426899790764, grad_loss: None
2022-04-27 19:57:09,058 DEBUG epoch: 81, train_acc: 87.96875, val_acc: 86.1, fidel_score: 89.39, acc_loss: 0.395385804772377, grad_loss: None
2022-04-27 19:57:10,933 DEBUG epoch: 82, train_acc: 88.28125, val_acc: 85.69, fidel_score: 88.92, acc_loss: 0.39215333536267283, grad_loss: None
2022-04-27 19:57:12,813 DEBUG epoch: 83, train_acc: 88.125, val_acc: 85.81, fidel_score: 88.99, acc_loss: 0.3772189736366272, grad_loss: None
2022-04-27 19:57:14,691 DEBUG epoch: 84, train_acc: 88.4375, val_acc: 85.91, fidel_score: 89.01, acc_loss: 0.35832736268639565, grad_loss: None
2022-04-27 19:57:16,564 DEBUG epoch: 85, train_acc: 87.6953125, val_acc: 85.63, fidel_score: 88.94, acc_loss: 0.3842307299375534, grad_loss: None
2022-04-27 19:57:18,448 DEBUG epoch: 86, train_acc: 89.1015625, val_acc: 85.71, fidel_score: 88.74, acc_loss: 0.3562085762619972, grad_loss: None
2022-04-27 19:57:20,312 DEBUG epoch: 87, train_acc: 88.046875, val_acc: 86.16, fidel_score: 89.43, acc_loss: 0.38960851579904554, grad_loss: None
2022-04-27 19:57:22,181 DEBUG epoch: 88, train_acc: 88.3203125, val_acc: 86.2, fidel_score: 89.55, acc_loss: 0.37656325474381447, grad_loss: None
2022-04-27 19:57:24,069 DEBUG epoch: 89, train_acc: 89.1796875, val_acc: 85.95, fidel_score: 89.23, acc_loss: 0.3453350715339184, grad_loss: None
2022-04-27 19:57:25,953 DEBUG epoch: 90, train_acc: 88.3984375, val_acc: 85.98, fidel_score: 89.2, acc_loss: 0.3724376857280731, grad_loss: None
2022-04-27 19:57:27,841 DEBUG epoch: 91, train_acc: 87.8125, val_acc: 85.78, fidel_score: 89.12, acc_loss: 0.3897555410861969, grad_loss: None
2022-04-27 19:57:29,723 DEBUG epoch: 92, train_acc: 87.96875, val_acc: 85.75, fidel_score: 88.88, acc_loss: 0.3718877710402012, grad_loss: None
2022-04-27 19:57:31,589 DEBUG epoch: 93, train_acc: 88.2421875, val_acc: 85.88, fidel_score: 89.21, acc_loss: 0.3906456619501114, grad_loss: None
2022-04-27 19:57:33,471 DEBUG epoch: 94, train_acc: 88.984375, val_acc: 86.29, fidel_score: 89.55, acc_loss: 0.37091994285583496, grad_loss: None
2022-04-27 19:57:35,354 DEBUG epoch: 95, train_acc: 88.5546875, val_acc: 86.14, fidel_score: 89.49, acc_loss: 0.3671433135867119, grad_loss: None
2022-04-27 19:57:37,245 DEBUG epoch: 96, train_acc: 88.671875, val_acc: 86.12, fidel_score: 89.25, acc_loss: 0.3379606768488884, grad_loss: None
2022-04-27 19:57:39,140 DEBUG epoch: 97, train_acc: 87.4609375, val_acc: 85.84, fidel_score: 88.94, acc_loss: 0.3983819991350174, grad_loss: None
2022-04-27 19:57:41,013 DEBUG epoch: 98, train_acc: 88.2421875, val_acc: 85.76, fidel_score: 89.16, acc_loss: 0.3741730064153671, grad_loss: None
2022-04-27 19:57:42,904 DEBUG epoch: 99, train_acc: 89.4921875, val_acc: 86.15, fidel_score: 89.41, acc_loss: 0.34690478444099426, grad_loss: None
2022-04-27 19:57:44,785 DEBUG epoch: 100, train_acc: 87.8515625, val_acc: 85.9, fidel_score: 89.19, acc_loss: 0.3932203307747841, grad_loss: None
2022-04-27 19:57:46,661 DEBUG epoch: 101, train_acc: 87.34375, val_acc: 86.0, fidel_score: 89.2, acc_loss: 0.40100436210632323, grad_loss: None
2022-04-27 19:57:48,536 DEBUG epoch: 102, train_acc: 88.125, val_acc: 85.78, fidel_score: 89.07, acc_loss: 0.3812160685658455, grad_loss: None
2022-04-27 19:57:50,408 DEBUG epoch: 103, train_acc: 88.1640625, val_acc: 85.74, fidel_score: 88.99, acc_loss: 0.3731417588889599, grad_loss: None
2022-04-27 19:57:52,287 DEBUG epoch: 104, train_acc: 89.0625, val_acc: 86.11, fidel_score: 89.42, acc_loss: 0.3546578124165535, grad_loss: None
2022-04-27 19:57:54,170 DEBUG epoch: 105, train_acc: 88.6328125, val_acc: 85.8, fidel_score: 89.04, acc_loss: 0.3588764950633049, grad_loss: None
2022-04-27 19:57:56,049 DEBUG epoch: 106, train_acc: 87.9296875, val_acc: 85.78, fidel_score: 88.94, acc_loss: 0.37400189638137815, grad_loss: None
2022-04-27 19:57:57,909 DEBUG epoch: 107, train_acc: 87.5390625, val_acc: 86.06, fidel_score: 89.45, acc_loss: 0.382736037671566, grad_loss: None
2022-04-27 19:57:59,788 DEBUG epoch: 108, train_acc: 87.109375, val_acc: 85.95, fidel_score: 89.13, acc_loss: 0.39560522586107255, grad_loss: None
2022-04-27 19:58:01,647 DEBUG epoch: 109, train_acc: 88.3984375, val_acc: 85.87, fidel_score: 88.95, acc_loss: 0.37954986095428467, grad_loss: None
2022-04-27 19:58:03,522 DEBUG epoch: 110, train_acc: 89.21875, val_acc: 85.6, fidel_score: 88.92, acc_loss: 0.34593870788812636, grad_loss: None
2022-04-27 19:58:05,404 DEBUG epoch: 111, train_acc: 88.7890625, val_acc: 85.57, fidel_score: 88.76, acc_loss: 0.36314602866768836, grad_loss: None
2022-04-27 19:58:07,272 DEBUG epoch: 112, train_acc: 87.7734375, val_acc: 85.82, fidel_score: 89.17, acc_loss: 0.38144776299595834, grad_loss: None
2022-04-27 19:58:09,164 DEBUG epoch: 113, train_acc: 88.828125, val_acc: 86.04, fidel_score: 89.1, acc_loss: 0.3715405583381653, grad_loss: None
2022-04-27 19:58:11,029 DEBUG epoch: 114, train_acc: 89.21875, val_acc: 85.61, fidel_score: 88.63, acc_loss: 0.34059020653367045, grad_loss: None
2022-04-27 19:58:12,912 DEBUG epoch: 115, train_acc: 88.359375, val_acc: 85.5, fidel_score: 88.85, acc_loss: 0.34915982708334925, grad_loss: None
2022-04-27 19:58:14,783 DEBUG epoch: 116, train_acc: 87.8125, val_acc: 85.51, fidel_score: 88.57, acc_loss: 0.38797022104263307, grad_loss: None
2022-04-27 19:58:16,668 DEBUG epoch: 117, train_acc: 88.0078125, val_acc: 85.0, fidel_score: 88.16, acc_loss: 0.3618881531059742, grad_loss: None
2022-04-27 19:58:18,553 DEBUG epoch: 118, train_acc: 88.90625, val_acc: 85.55, fidel_score: 88.62, acc_loss: 0.35130650699138644, grad_loss: None
2022-04-27 19:58:20,438 DEBUG epoch: 119, train_acc: 88.0078125, val_acc: 85.58, fidel_score: 88.81, acc_loss: 0.38397990390658376, grad_loss: None
2022-04-27 19:58:22,324 DEBUG epoch: 120, train_acc: 88.5546875, val_acc: 86.15, fidel_score: 89.39, acc_loss: 0.3660093307495117, grad_loss: None
2022-04-27 19:58:24,207 DEBUG epoch: 121, train_acc: 87.96875, val_acc: 85.98, fidel_score: 89.26, acc_loss: 0.40202930122613906, grad_loss: None
2022-04-27 19:58:26,069 DEBUG epoch: 122, train_acc: 88.671875, val_acc: 85.61, fidel_score: 88.79, acc_loss: 0.37272935211658476, grad_loss: None
2022-04-27 19:58:27,946 DEBUG epoch: 123, train_acc: 87.890625, val_acc: 85.57, fidel_score: 88.74, acc_loss: 0.38607462793588637, grad_loss: None
2022-04-27 19:58:29,843 DEBUG epoch: 124, train_acc: 88.75, val_acc: 85.48, fidel_score: 88.59, acc_loss: 0.3729131668806076, grad_loss: None
2022-04-27 19:58:31,714 DEBUG epoch: 125, train_acc: 88.2421875, val_acc: 85.95, fidel_score: 89.15, acc_loss: 0.3771563470363617, grad_loss: None
2022-04-27 19:58:33,583 DEBUG epoch: 126, train_acc: 89.375, val_acc: 86.27, fidel_score: 89.46, acc_loss: 0.3533606857061386, grad_loss: None
2022-04-27 19:58:35,474 DEBUG epoch: 127, train_acc: 88.75, val_acc: 86.02, fidel_score: 89.24, acc_loss: 0.37044278383255, grad_loss: None
2022-04-27 19:58:37,368 DEBUG epoch: 128, train_acc: 87.6953125, val_acc: 85.88, fidel_score: 88.93, acc_loss: 0.368857541680336, grad_loss: None
2022-04-27 19:58:39,236 DEBUG epoch: 129, train_acc: 89.1015625, val_acc: 85.69, fidel_score: 88.85, acc_loss: 0.3664558619260788, grad_loss: None
2022-04-27 19:58:41,123 DEBUG epoch: 130, train_acc: 88.7890625, val_acc: 86.02, fidel_score: 89.23, acc_loss: 0.36185030788183215, grad_loss: None
2022-04-27 19:58:42,989 DEBUG epoch: 131, train_acc: 88.0078125, val_acc: 86.11, fidel_score: 89.27, acc_loss: 0.38170432224869727, grad_loss: None
2022-04-27 19:58:44,877 DEBUG epoch: 132, train_acc: 88.4375, val_acc: 85.88, fidel_score: 89.1, acc_loss: 0.3813967421650887, grad_loss: None
2022-04-27 19:58:46,767 DEBUG epoch: 133, train_acc: 88.3203125, val_acc: 85.98, fidel_score: 89.18, acc_loss: 0.3798799283802509, grad_loss: None
2022-04-27 19:58:48,641 DEBUG epoch: 134, train_acc: 87.265625, val_acc: 85.74, fidel_score: 88.68, acc_loss: 0.3927349433302879, grad_loss: None
2022-04-27 19:58:50,512 DEBUG epoch: 135, train_acc: 88.2421875, val_acc: 85.84, fidel_score: 89.06, acc_loss: 0.3619186893105507, grad_loss: None
2022-04-27 19:58:52,391 DEBUG epoch: 136, train_acc: 88.7890625, val_acc: 86.03, fidel_score: 89.26, acc_loss: 0.3607614979147911, grad_loss: None
2022-04-27 19:58:54,287 DEBUG epoch: 137, train_acc: 87.6171875, val_acc: 86.15, fidel_score: 89.34, acc_loss: 0.39255510419607165, grad_loss: None
2022-04-27 19:58:56,171 DEBUG epoch: 138, train_acc: 87.734375, val_acc: 85.87, fidel_score: 89.0, acc_loss: 0.3865187160670757, grad_loss: None
2022-04-27 19:58:58,058 DEBUG epoch: 139, train_acc: 88.1640625, val_acc: 85.92, fidel_score: 88.94, acc_loss: 0.37545753717422486, grad_loss: None
2022-04-27 19:58:59,930 DEBUG epoch: 140, train_acc: 87.6171875, val_acc: 86.09, fidel_score: 89.28, acc_loss: 0.3858689472079277, grad_loss: None
2022-04-27 19:59:01,813 DEBUG epoch: 141, train_acc: 87.3046875, val_acc: 85.68, fidel_score: 89.01, acc_loss: 0.38058962523937223, grad_loss: None
2022-04-27 19:59:03,689 DEBUG epoch: 142, train_acc: 88.046875, val_acc: 85.79, fidel_score: 88.99, acc_loss: 0.34360082224011423, grad_loss: None
2022-04-27 19:59:05,572 DEBUG epoch: 143, train_acc: 87.1875, val_acc: 86.06, fidel_score: 89.45, acc_loss: 0.3895327508449554, grad_loss: None
2022-04-27 19:59:07,443 DEBUG epoch: 144, train_acc: 87.890625, val_acc: 85.8, fidel_score: 89.03, acc_loss: 0.37079452723264694, grad_loss: None
2022-04-27 19:59:09,317 DEBUG epoch: 145, train_acc: 88.9453125, val_acc: 85.89, fidel_score: 89.24, acc_loss: 0.35729357302188874, grad_loss: None
2022-04-27 19:59:11,188 DEBUG epoch: 146, train_acc: 88.59375, val_acc: 85.95, fidel_score: 89.19, acc_loss: 0.3622760884463787, grad_loss: None
2022-04-27 19:59:13,062 DEBUG epoch: 147, train_acc: 88.125, val_acc: 85.74, fidel_score: 88.87, acc_loss: 0.37818861603736875, grad_loss: None
2022-04-27 19:59:14,945 DEBUG epoch: 148, train_acc: 87.5, val_acc: 85.71, fidel_score: 88.89, acc_loss: 0.3899992123246193, grad_loss: None
2022-04-27 19:59:16,811 DEBUG epoch: 149, train_acc: 87.6171875, val_acc: 85.74, fidel_score: 89.0, acc_loss: 0.3925480283796787, grad_loss: None
2022-04-27 19:59:18,692 DEBUG epoch: 150, train_acc: 88.984375, val_acc: 85.91, fidel_score: 89.07, acc_loss: 0.3774486482143402, grad_loss: None
2022-04-27 19:59:20,565 DEBUG epoch: 151, train_acc: 88.984375, val_acc: 86.1, fidel_score: 89.33, acc_loss: 0.3440245658159256, grad_loss: None
2022-04-27 19:59:22,445 DEBUG epoch: 152, train_acc: 87.421875, val_acc: 85.65, fidel_score: 89.01, acc_loss: 0.39020952582359314, grad_loss: None
2022-04-27 19:59:24,337 DEBUG epoch: 153, train_acc: 88.4765625, val_acc: 85.58, fidel_score: 88.96, acc_loss: 0.360830619931221, grad_loss: None
2022-04-27 19:59:26,221 DEBUG epoch: 154, train_acc: 87.9296875, val_acc: 85.76, fidel_score: 88.88, acc_loss: 0.37473655566573144, grad_loss: None
2022-04-27 19:59:28,123 DEBUG epoch: 155, train_acc: 88.8671875, val_acc: 85.87, fidel_score: 89.06, acc_loss: 0.3349108822643757, grad_loss: None
2022-04-27 19:59:30,003 DEBUG epoch: 156, train_acc: 87.5, val_acc: 85.91, fidel_score: 89.13, acc_loss: 0.3884901702404022, grad_loss: None
2022-04-27 19:59:31,880 DEBUG epoch: 157, train_acc: 87.734375, val_acc: 85.65, fidel_score: 88.76, acc_loss: 0.38608852624893186, grad_loss: None
2022-04-27 19:59:33,753 DEBUG epoch: 158, train_acc: 88.515625, val_acc: 86.05, fidel_score: 88.99, acc_loss: 0.3638539180159569, grad_loss: None
2022-04-27 19:59:35,632 DEBUG epoch: 159, train_acc: 89.0234375, val_acc: 85.97, fidel_score: 89.15, acc_loss: 0.3455275446176529, grad_loss: None
2022-04-27 19:59:37,503 DEBUG epoch: 160, train_acc: 87.4609375, val_acc: 86.05, fidel_score: 89.09, acc_loss: 0.3814361535012722, grad_loss: None
2022-04-27 19:59:39,394 DEBUG epoch: 161, train_acc: 87.65625, val_acc: 86.05, fidel_score: 89.22, acc_loss: 0.3739268250763416, grad_loss: None
2022-04-27 19:59:41,263 DEBUG epoch: 162, train_acc: 87.421875, val_acc: 85.92, fidel_score: 89.04, acc_loss: 0.3998128853738308, grad_loss: None
2022-04-27 19:59:43,136 DEBUG epoch: 163, train_acc: 88.828125, val_acc: 85.81, fidel_score: 89.02, acc_loss: 0.3522175639867783, grad_loss: None
2022-04-27 19:59:45,010 DEBUG epoch: 164, train_acc: 89.140625, val_acc: 85.8, fidel_score: 89.1, acc_loss: 0.3446125566959381, grad_loss: None
2022-04-27 19:59:46,875 DEBUG epoch: 165, train_acc: 88.671875, val_acc: 85.89, fidel_score: 89.01, acc_loss: 0.38476685956120493, grad_loss: None
2022-04-27 19:59:48,759 DEBUG epoch: 166, train_acc: 87.9296875, val_acc: 85.87, fidel_score: 88.91, acc_loss: 0.3665229737758636, grad_loss: None
2022-04-27 19:59:50,635 DEBUG epoch: 167, train_acc: 88.90625, val_acc: 85.81, fidel_score: 88.96, acc_loss: 0.348838958889246, grad_loss: None
2022-04-27 19:59:52,508 DEBUG epoch: 168, train_acc: 88.1640625, val_acc: 85.85, fidel_score: 89.08, acc_loss: 0.35771973729133605, grad_loss: None
2022-04-27 19:59:54,381 DEBUG epoch: 169, train_acc: 88.0078125, val_acc: 85.82, fidel_score: 88.99, acc_loss: 0.370882074534893, grad_loss: None
2022-04-27 19:59:56,257 DEBUG epoch: 170, train_acc: 88.28125, val_acc: 85.71, fidel_score: 88.99, acc_loss: 0.3597004100680351, grad_loss: None
2022-04-27 19:59:58,135 DEBUG epoch: 171, train_acc: 87.96875, val_acc: 85.69, fidel_score: 88.91, acc_loss: 0.3775350995361805, grad_loss: None
2022-04-27 20:00:00,016 DEBUG epoch: 172, train_acc: 87.8125, val_acc: 85.76, fidel_score: 88.96, acc_loss: 0.36173536702990533, grad_loss: None
2022-04-27 20:00:01,900 DEBUG epoch: 173, train_acc: 88.203125, val_acc: 85.84, fidel_score: 89.01, acc_loss: 0.36501682698726656, grad_loss: None
2022-04-27 20:00:03,777 DEBUG epoch: 174, train_acc: 87.4609375, val_acc: 85.86, fidel_score: 89.04, acc_loss: 0.39287004321813584, grad_loss: None
2022-04-27 20:00:05,638 DEBUG epoch: 175, train_acc: 87.8125, val_acc: 85.75, fidel_score: 88.95, acc_loss: 0.38240075707435606, grad_loss: None
2022-04-27 20:00:07,520 DEBUG epoch: 176, train_acc: 88.1640625, val_acc: 85.99, fidel_score: 89.24, acc_loss: 0.3763448134064674, grad_loss: None
2022-04-27 20:00:09,383 DEBUG epoch: 177, train_acc: 88.046875, val_acc: 85.75, fidel_score: 88.8, acc_loss: 0.3561051145195961, grad_loss: None
2022-04-27 20:00:11,249 DEBUG epoch: 178, train_acc: 87.734375, val_acc: 85.58, fidel_score: 88.64, acc_loss: 0.3814598128199577, grad_loss: None
2022-04-27 20:00:13,150 DEBUG epoch: 179, train_acc: 87.3828125, val_acc: 85.85, fidel_score: 88.98, acc_loss: 0.3877135440707207, grad_loss: None
2022-04-27 20:00:15,034 DEBUG epoch: 180, train_acc: 88.125, val_acc: 85.89, fidel_score: 88.96, acc_loss: 0.37516128718853, grad_loss: None
2022-04-27 20:00:16,920 DEBUG epoch: 181, train_acc: 87.8515625, val_acc: 85.88, fidel_score: 88.99, acc_loss: 0.38704959452152254, grad_loss: None
2022-04-27 20:00:18,783 DEBUG epoch: 182, train_acc: 86.953125, val_acc: 85.77, fidel_score: 88.93, acc_loss: 0.3998050898313522, grad_loss: None
2022-04-27 20:00:20,670 DEBUG epoch: 183, train_acc: 87.8125, val_acc: 85.85, fidel_score: 89.03, acc_loss: 0.3658091604709625, grad_loss: None
2022-04-27 20:00:22,539 DEBUG epoch: 184, train_acc: 88.4765625, val_acc: 85.77, fidel_score: 88.86, acc_loss: 0.3565512984991074, grad_loss: None
2022-04-27 20:00:24,434 DEBUG epoch: 185, train_acc: 88.90625, val_acc: 85.65, fidel_score: 88.72, acc_loss: 0.3453652888536453, grad_loss: None
2022-04-27 20:00:26,309 DEBUG epoch: 186, train_acc: 87.9296875, val_acc: 85.77, fidel_score: 88.91, acc_loss: 0.3945598691701889, grad_loss: None
2022-04-27 20:00:28,179 DEBUG epoch: 187, train_acc: 88.7109375, val_acc: 85.67, fidel_score: 88.75, acc_loss: 0.33817813768982885, grad_loss: None
2022-04-27 20:00:30,053 DEBUG epoch: 188, train_acc: 88.0078125, val_acc: 85.82, fidel_score: 88.9, acc_loss: 0.38844338059425354, grad_loss: None
2022-04-27 20:00:31,933 DEBUG epoch: 189, train_acc: 88.828125, val_acc: 85.74, fidel_score: 88.91, acc_loss: 0.3565944842994213, grad_loss: None
2022-04-27 20:00:33,818 DEBUG epoch: 190, train_acc: 88.203125, val_acc: 85.77, fidel_score: 88.88, acc_loss: 0.3655508801341057, grad_loss: None
2022-04-27 20:00:35,695 DEBUG epoch: 191, train_acc: 88.3984375, val_acc: 85.93, fidel_score: 89.07, acc_loss: 0.3689368493855, grad_loss: None
2022-04-27 20:00:37,580 DEBUG epoch: 192, train_acc: 87.2265625, val_acc: 85.77, fidel_score: 89.1, acc_loss: 0.380501352250576, grad_loss: None
2022-04-27 20:00:39,445 DEBUG epoch: 193, train_acc: 88.2421875, val_acc: 85.7, fidel_score: 88.9, acc_loss: 0.3662864021956921, grad_loss: None
2022-04-27 20:00:41,311 DEBUG epoch: 194, train_acc: 88.671875, val_acc: 85.97, fidel_score: 89.1, acc_loss: 0.3596927888691425, grad_loss: None
2022-04-27 20:00:43,189 DEBUG epoch: 195, train_acc: 89.2578125, val_acc: 85.63, fidel_score: 88.84, acc_loss: 0.3604146048426628, grad_loss: None
2022-04-27 20:00:45,061 DEBUG epoch: 196, train_acc: 87.6953125, val_acc: 85.49, fidel_score: 88.66, acc_loss: 0.3640994541347027, grad_loss: None
2022-04-27 20:00:46,937 DEBUG epoch: 197, train_acc: 88.4375, val_acc: 85.73, fidel_score: 88.85, acc_loss: 0.3590637378394604, grad_loss: None
2022-04-27 20:00:48,802 DEBUG epoch: 198, train_acc: 88.6328125, val_acc: 85.87, fidel_score: 89.03, acc_loss: 0.3740766569972038, grad_loss: None
2022-04-27 20:00:50,686 DEBUG epoch: 199, train_acc: 87.8125, val_acc: 85.68, fidel_score: 88.91, acc_loss: 0.37468171268701556, grad_loss: None
2022-04-27 20:00:52,568 DEBUG epoch: 200, train_acc: 89.1796875, val_acc: 85.96, fidel_score: 89.11, acc_loss: 0.3425296664237976, grad_loss: None
2022-04-27 20:00:54,445 DEBUG epoch: 201, train_acc: 87.3828125, val_acc: 85.86, fidel_score: 89.06, acc_loss: 0.3860269904136658, grad_loss: None
2022-04-27 20:00:56,324 DEBUG epoch: 202, train_acc: 88.4375, val_acc: 85.55, fidel_score: 88.71, acc_loss: 0.3671937555074692, grad_loss: None
2022-04-27 20:00:58,206 DEBUG epoch: 203, train_acc: 88.6328125, val_acc: 85.74, fidel_score: 88.86, acc_loss: 0.3557935290038586, grad_loss: None
2022-04-27 20:01:00,088 DEBUG epoch: 204, train_acc: 87.96875, val_acc: 85.55, fidel_score: 88.69, acc_loss: 0.3774918891489506, grad_loss: None
2022-04-27 20:01:01,968 DEBUG epoch: 205, train_acc: 88.4765625, val_acc: 85.95, fidel_score: 88.97, acc_loss: 0.37113764956593515, grad_loss: None
2022-04-27 20:01:03,846 DEBUG epoch: 206, train_acc: 88.59375, val_acc: 85.92, fidel_score: 89.05, acc_loss: 0.3730230242013931, grad_loss: None
2022-04-27 20:01:05,704 DEBUG epoch: 207, train_acc: 87.1875, val_acc: 85.72, fidel_score: 88.82, acc_loss: 0.3866309091448784, grad_loss: None
2022-04-27 20:01:07,577 DEBUG epoch: 208, train_acc: 87.65625, val_acc: 85.85, fidel_score: 89.11, acc_loss: 0.39200783967971803, grad_loss: None
2022-04-27 20:01:09,450 DEBUG epoch: 209, train_acc: 88.0859375, val_acc: 85.55, fidel_score: 88.79, acc_loss: 0.3606486089527607, grad_loss: None
2022-04-27 20:01:11,337 DEBUG epoch: 210, train_acc: 89.1015625, val_acc: 85.45, fidel_score: 88.69, acc_loss: 0.32137328535318377, grad_loss: None
2022-04-27 20:01:13,201 DEBUG epoch: 211, train_acc: 87.8515625, val_acc: 85.91, fidel_score: 89.06, acc_loss: 0.389787620306015, grad_loss: None
2022-04-27 20:01:15,070 DEBUG epoch: 212, train_acc: 88.125, val_acc: 86.03, fidel_score: 89.05, acc_loss: 0.36529401391744615, grad_loss: None
2022-04-27 20:01:16,945 DEBUG epoch: 213, train_acc: 87.3828125, val_acc: 85.88, fidel_score: 89.21, acc_loss: 0.39510594457387926, grad_loss: None
2022-04-27 20:01:18,833 DEBUG epoch: 214, train_acc: 88.2421875, val_acc: 85.82, fidel_score: 88.95, acc_loss: 0.3769050225615501, grad_loss: None
2022-04-27 20:01:20,703 DEBUG epoch: 215, train_acc: 88.75, val_acc: 85.88, fidel_score: 89.03, acc_loss: 0.35311737433075907, grad_loss: None
2022-04-27 20:01:22,570 DEBUG epoch: 216, train_acc: 88.6328125, val_acc: 85.8, fidel_score: 88.96, acc_loss: 0.36449153199791906, grad_loss: None
2022-04-27 20:01:24,433 DEBUG epoch: 217, train_acc: 87.6171875, val_acc: 86.0, fidel_score: 89.22, acc_loss: 0.37274143770337104, grad_loss: None
2022-04-27 20:01:26,321 DEBUG epoch: 218, train_acc: 87.34375, val_acc: 86.02, fidel_score: 89.26, acc_loss: 0.3863246917724609, grad_loss: None
2022-04-27 20:01:28,207 DEBUG epoch: 219, train_acc: 88.359375, val_acc: 86.11, fidel_score: 89.18, acc_loss: 0.374408970028162, grad_loss: None
2022-04-27 20:01:30,079 DEBUG epoch: 220, train_acc: 89.4140625, val_acc: 86.03, fidel_score: 89.18, acc_loss: 0.3349266141653061, grad_loss: None
2022-04-27 20:01:31,956 DEBUG epoch: 221, train_acc: 87.8515625, val_acc: 86.1, fidel_score: 89.31, acc_loss: 0.3643664553761482, grad_loss: None
2022-04-27 20:01:33,824 DEBUG epoch: 222, train_acc: 89.140625, val_acc: 86.01, fidel_score: 89.05, acc_loss: 0.3570421889424324, grad_loss: None
2022-04-27 20:01:35,711 DEBUG epoch: 223, train_acc: 88.984375, val_acc: 85.95, fidel_score: 89.27, acc_loss: 0.33718791976571083, grad_loss: None
2022-04-27 20:01:37,606 DEBUG epoch: 224, train_acc: 88.6328125, val_acc: 85.89, fidel_score: 89.08, acc_loss: 0.36624985188245773, grad_loss: None
2022-04-27 20:01:39,492 DEBUG epoch: 225, train_acc: 88.8671875, val_acc: 86.1, fidel_score: 89.28, acc_loss: 0.37878026217222216, grad_loss: None
2022-04-27 20:01:41,385 DEBUG epoch: 226, train_acc: 88.0859375, val_acc: 86.04, fidel_score: 89.23, acc_loss: 0.37443780675530436, grad_loss: None
2022-04-27 20:01:43,268 DEBUG epoch: 227, train_acc: 87.9296875, val_acc: 85.87, fidel_score: 89.07, acc_loss: 0.3885632440447807, grad_loss: None
2022-04-27 20:01:45,155 DEBUG epoch: 228, train_acc: 87.265625, val_acc: 85.93, fidel_score: 89.18, acc_loss: 0.4021022193133831, grad_loss: None
2022-04-27 20:01:47,030 DEBUG epoch: 229, train_acc: 89.21875, val_acc: 86.01, fidel_score: 89.16, acc_loss: 0.34976303949952126, grad_loss: None
2022-04-27 20:01:48,909 DEBUG epoch: 230, train_acc: 88.1640625, val_acc: 85.89, fidel_score: 89.18, acc_loss: 0.353230319917202, grad_loss: None
2022-04-27 20:01:50,780 DEBUG epoch: 231, train_acc: 89.765625, val_acc: 85.83, fidel_score: 89.06, acc_loss: 0.3350848361849785, grad_loss: None
2022-04-27 20:01:52,668 DEBUG epoch: 232, train_acc: 88.3984375, val_acc: 85.7, fidel_score: 88.8, acc_loss: 0.36003652662038804, grad_loss: None
2022-04-27 20:01:54,538 DEBUG epoch: 233, train_acc: 88.0859375, val_acc: 85.88, fidel_score: 89.02, acc_loss: 0.36817201003432276, grad_loss: None
2022-04-27 20:01:56,401 DEBUG epoch: 234, train_acc: 88.359375, val_acc: 85.81, fidel_score: 88.84, acc_loss: 0.36087948083877563, grad_loss: None
2022-04-27 20:01:58,269 DEBUG epoch: 235, train_acc: 88.359375, val_acc: 86.02, fidel_score: 89.01, acc_loss: 0.3654953643679619, grad_loss: None
2022-04-27 20:02:00,159 DEBUG epoch: 236, train_acc: 88.2421875, val_acc: 85.93, fidel_score: 89.17, acc_loss: 0.36596583724021914, grad_loss: None
2022-04-27 20:02:02,043 DEBUG epoch: 237, train_acc: 88.671875, val_acc: 85.99, fidel_score: 89.0, acc_loss: 0.37271565571427345, grad_loss: None
2022-04-27 20:02:03,915 DEBUG epoch: 238, train_acc: 88.3203125, val_acc: 85.84, fidel_score: 89.02, acc_loss: 0.3943479314446449, grad_loss: None
2022-04-27 20:02:05,792 DEBUG epoch: 239, train_acc: 88.0859375, val_acc: 85.74, fidel_score: 88.91, acc_loss: 0.3689562827348709, grad_loss: None
2022-04-27 20:02:07,669 DEBUG epoch: 240, train_acc: 89.1015625, val_acc: 85.71, fidel_score: 88.8, acc_loss: 0.35318309664726255, grad_loss: None
2022-04-27 20:02:09,538 DEBUG epoch: 241, train_acc: 87.8125, val_acc: 85.75, fidel_score: 88.81, acc_loss: 0.3744276165962219, grad_loss: None
2022-04-27 20:02:11,410 DEBUG epoch: 242, train_acc: 89.21875, val_acc: 85.58, fidel_score: 88.81, acc_loss: 0.34323369711637497, grad_loss: None
2022-04-27 20:02:13,296 DEBUG epoch: 243, train_acc: 88.1640625, val_acc: 85.63, fidel_score: 88.77, acc_loss: 0.3726018972694874, grad_loss: None
2022-04-27 20:02:15,167 DEBUG epoch: 244, train_acc: 88.515625, val_acc: 85.56, fidel_score: 88.63, acc_loss: 0.37905610501766207, grad_loss: None
2022-04-27 20:02:17,039 DEBUG epoch: 245, train_acc: 89.0234375, val_acc: 85.88, fidel_score: 88.91, acc_loss: 0.36465157866477965, grad_loss: None
2022-04-27 20:02:18,921 DEBUG epoch: 246, train_acc: 87.5, val_acc: 85.91, fidel_score: 89.11, acc_loss: 0.39277837947010996, grad_loss: None
2022-04-27 20:02:20,798 DEBUG epoch: 247, train_acc: 88.3203125, val_acc: 85.6, fidel_score: 88.79, acc_loss: 0.3573956072330475, grad_loss: None
2022-04-27 20:02:22,680 DEBUG epoch: 248, train_acc: 88.59375, val_acc: 85.69, fidel_score: 88.82, acc_loss: 0.3644551083445549, grad_loss: None
2022-04-27 20:02:24,577 DEBUG epoch: 249, train_acc: 89.4140625, val_acc: 85.75, fidel_score: 89.01, acc_loss: 0.3421576626598835, grad_loss: None
2022-04-27 20:02:26,473 DEBUG epoch: 250, train_acc: 88.515625, val_acc: 85.87, fidel_score: 89.09, acc_loss: 0.36805943325161933, grad_loss: None
2022-04-27 20:02:28,341 DEBUG epoch: 251, train_acc: 89.84375, val_acc: 85.81, fidel_score: 88.8, acc_loss: 0.34993771761655806, grad_loss: None
2022-04-27 20:02:30,223 DEBUG epoch: 252, train_acc: 88.1640625, val_acc: 85.62, fidel_score: 88.85, acc_loss: 0.34950012266635894, grad_loss: None
2022-04-27 20:02:32,095 DEBUG epoch: 253, train_acc: 88.203125, val_acc: 85.89, fidel_score: 89.12, acc_loss: 0.3604360163211823, grad_loss: None
2022-04-27 20:02:33,969 DEBUG epoch: 254, train_acc: 88.4765625, val_acc: 86.08, fidel_score: 89.18, acc_loss: 0.3763243809342384, grad_loss: None
2022-04-27 20:02:35,833 DEBUG epoch: 255, train_acc: 87.8125, val_acc: 85.82, fidel_score: 89.02, acc_loss: 0.37548748552799227, grad_loss: None
2022-04-27 20:02:37,719 DEBUG epoch: 256, train_acc: 88.1640625, val_acc: 85.92, fidel_score: 88.91, acc_loss: 0.3677833877503872, grad_loss: None
2022-04-27 20:02:39,580 DEBUG epoch: 257, train_acc: 88.75, val_acc: 85.76, fidel_score: 88.93, acc_loss: 0.3554003432393074, grad_loss: None
2022-04-27 20:02:41,446 DEBUG epoch: 258, train_acc: 89.765625, val_acc: 85.79, fidel_score: 89.01, acc_loss: 0.34681067392230036, grad_loss: None
2022-04-27 20:02:43,326 DEBUG epoch: 259, train_acc: 88.2421875, val_acc: 85.88, fidel_score: 88.98, acc_loss: 0.3666138306260109, grad_loss: None
2022-04-27 20:02:45,217 DEBUG epoch: 260, train_acc: 89.609375, val_acc: 85.89, fidel_score: 89.02, acc_loss: 0.35005548745393755, grad_loss: None
2022-04-27 20:02:47,086 DEBUG epoch: 261, train_acc: 89.453125, val_acc: 85.86, fidel_score: 89.01, acc_loss: 0.3539161905646324, grad_loss: None
2022-04-27 20:02:48,966 DEBUG epoch: 262, train_acc: 87.96875, val_acc: 85.91, fidel_score: 89.04, acc_loss: 0.3964325487613678, grad_loss: None
2022-04-27 20:02:50,842 DEBUG epoch: 263, train_acc: 88.125, val_acc: 85.83, fidel_score: 88.9, acc_loss: 0.365374755859375, grad_loss: None
2022-04-27 20:02:52,722 DEBUG epoch: 264, train_acc: 89.375, val_acc: 85.97, fidel_score: 89.13, acc_loss: 0.34580189511179926, grad_loss: None
2022-04-27 20:02:54,608 DEBUG epoch: 265, train_acc: 89.375, val_acc: 85.71, fidel_score: 88.81, acc_loss: 0.34437241181731226, grad_loss: None
2022-04-27 20:02:56,493 DEBUG epoch: 266, train_acc: 88.6328125, val_acc: 85.6, fidel_score: 88.8, acc_loss: 0.3662014305591583, grad_loss: None
2022-04-27 20:02:58,364 DEBUG epoch: 267, train_acc: 88.515625, val_acc: 85.64, fidel_score: 88.72, acc_loss: 0.3519548147916794, grad_loss: None
2022-04-27 20:03:00,237 DEBUG epoch: 268, train_acc: 89.1796875, val_acc: 85.83, fidel_score: 88.81, acc_loss: 0.3406330369412899, grad_loss: None
2022-04-27 20:03:02,101 DEBUG epoch: 269, train_acc: 88.9453125, val_acc: 85.68, fidel_score: 88.76, acc_loss: 0.3434873715043068, grad_loss: None
2022-04-27 20:03:03,977 DEBUG epoch: 270, train_acc: 88.515625, val_acc: 86.03, fidel_score: 89.09, acc_loss: 0.3414205774664879, grad_loss: None
2022-04-27 20:03:05,853 DEBUG epoch: 271, train_acc: 88.6328125, val_acc: 85.77, fidel_score: 89.01, acc_loss: 0.36513062119483947, grad_loss: None
2022-04-27 20:03:07,731 DEBUG epoch: 272, train_acc: 88.0078125, val_acc: 85.5, fidel_score: 88.75, acc_loss: 0.3874762117862701, grad_loss: None
2022-04-27 20:03:09,603 DEBUG epoch: 273, train_acc: 88.671875, val_acc: 85.71, fidel_score: 88.99, acc_loss: 0.34998021349310876, grad_loss: None
2022-04-27 20:03:11,461 DEBUG epoch: 274, train_acc: 86.875, val_acc: 85.8, fidel_score: 89.1, acc_loss: 0.4032500758767128, grad_loss: None
2022-04-27 20:03:13,329 DEBUG epoch: 275, train_acc: 88.828125, val_acc: 86.03, fidel_score: 89.08, acc_loss: 0.34550756216049194, grad_loss: None
2022-04-27 20:03:15,201 DEBUG epoch: 276, train_acc: 88.75, val_acc: 85.85, fidel_score: 88.95, acc_loss: 0.3564747355878353, grad_loss: None
2022-04-27 20:03:17,088 DEBUG epoch: 277, train_acc: 89.765625, val_acc: 85.92, fidel_score: 89.03, acc_loss: 0.33669337183237075, grad_loss: None
2022-04-27 20:03:18,972 DEBUG epoch: 278, train_acc: 88.75, val_acc: 85.76, fidel_score: 88.87, acc_loss: 0.3640885554254055, grad_loss: None
2022-04-27 20:03:20,847 DEBUG epoch: 279, train_acc: 88.2421875, val_acc: 85.66, fidel_score: 88.74, acc_loss: 0.3743340089917183, grad_loss: None
2022-04-27 20:03:22,725 DEBUG epoch: 280, train_acc: 89.53125, val_acc: 85.87, fidel_score: 89.01, acc_loss: 0.34802150055766107, grad_loss: None
2022-04-27 20:03:24,615 DEBUG epoch: 281, train_acc: 87.9296875, val_acc: 85.94, fidel_score: 89.16, acc_loss: 0.3798301354050636, grad_loss: None
2022-04-27 20:03:26,492 DEBUG epoch: 282, train_acc: 89.1796875, val_acc: 85.87, fidel_score: 89.02, acc_loss: 0.35312210619449613, grad_loss: None
2022-04-27 20:03:28,377 DEBUG epoch: 283, train_acc: 89.140625, val_acc: 85.77, fidel_score: 88.85, acc_loss: 0.3559200599789619, grad_loss: None
2022-04-27 20:03:30,250 DEBUG epoch: 284, train_acc: 88.984375, val_acc: 85.83, fidel_score: 88.98, acc_loss: 0.35860960483551024, grad_loss: None
2022-04-27 20:03:32,110 DEBUG epoch: 285, train_acc: 87.421875, val_acc: 86.02, fidel_score: 89.22, acc_loss: 0.3820227347314358, grad_loss: None
2022-04-27 20:03:33,992 DEBUG epoch: 286, train_acc: 89.0625, val_acc: 85.57, fidel_score: 88.66, acc_loss: 0.35573299378156664, grad_loss: None
2022-04-27 20:03:35,880 DEBUG epoch: 287, train_acc: 88.125, val_acc: 85.51, fidel_score: 88.52, acc_loss: 0.3775035306811333, grad_loss: None
2022-04-27 20:03:37,763 DEBUG epoch: 288, train_acc: 88.4375, val_acc: 85.84, fidel_score: 89.0, acc_loss: 0.36314031630754473, grad_loss: None
2022-04-27 20:03:39,635 DEBUG epoch: 289, train_acc: 89.2578125, val_acc: 85.87, fidel_score: 89.11, acc_loss: 0.33971243873238566, grad_loss: None
2022-04-27 20:03:41,532 DEBUG epoch: 290, train_acc: 89.2578125, val_acc: 85.77, fidel_score: 88.94, acc_loss: 0.34630327224731444, grad_loss: None
2022-04-27 20:03:43,417 DEBUG epoch: 291, train_acc: 88.3203125, val_acc: 85.76, fidel_score: 89.06, acc_loss: 0.35391771197319033, grad_loss: None
2022-04-27 20:03:45,296 DEBUG epoch: 292, train_acc: 88.203125, val_acc: 85.89, fidel_score: 89.06, acc_loss: 0.38156936764717103, grad_loss: None
2022-04-27 20:03:47,157 DEBUG epoch: 293, train_acc: 88.7109375, val_acc: 85.71, fidel_score: 88.83, acc_loss: 0.3640318103134632, grad_loss: None
2022-04-27 20:03:49,036 DEBUG epoch: 294, train_acc: 88.203125, val_acc: 85.71, fidel_score: 88.85, acc_loss: 0.3646911770105362, grad_loss: None
2022-04-27 20:03:50,918 DEBUG epoch: 295, train_acc: 87.9296875, val_acc: 85.89, fidel_score: 88.98, acc_loss: 0.38911108374595643, grad_loss: None
2022-04-27 20:03:52,789 DEBUG epoch: 296, train_acc: 89.84375, val_acc: 85.78, fidel_score: 89.05, acc_loss: 0.3276607498526573, grad_loss: None
2022-04-27 20:03:54,690 DEBUG epoch: 297, train_acc: 87.65625, val_acc: 85.84, fidel_score: 89.05, acc_loss: 0.3938139885663986, grad_loss: None
2022-04-27 20:03:56,561 DEBUG epoch: 298, train_acc: 88.7890625, val_acc: 85.56, fidel_score: 88.84, acc_loss: 0.36725675910711286, grad_loss: None
2022-04-27 20:03:58,430 DEBUG epoch: 299, train_acc: 87.34375, val_acc: 85.84, fidel_score: 89.06, acc_loss: 0.38820333033800125, grad_loss: None
2022-04-27 20:04:00,307 DEBUG epoch: 300, train_acc: 88.7890625, val_acc: 85.62, fidel_score: 88.76, acc_loss: 0.3671390742063522, grad_loss: None
2022-04-27 20:04:00,308 DEBUG load best stealed model.
2022-04-27 20:04:00,308 DEBUG Best perform model, val_acc: 91.14, fidel_score: 96.79, acc_loss: 0.7953387886285782
2022-04-27 20:04:00,311 DEBUG load cloest stealed model.
2022-04-27 20:04:00,311 DEBUG Closest perform model, val_acc: 91.14, fidel_score: 96.79, acc_loss: 0.7953387886285782
