2022-04-25 18:50:11,023 DEBUG Namespace(arch='vgg11_bn', attack_client=0, attack_epochs=300, attack_style='SoftTrain_option', average_time=1, batch_size=128, bottleneck_option='None', cutlayer=4, data_proportion=0.02, dataset='cifar100', filename='ace_V2_epoch_vgg11_bn_cutlayer_4_client_1_seed125_dataset_cifar100_lr_0.05_200epoch', folder='saves/baseline', learning_rate=0.05, noniid_ratio=1.0, num_client=1, num_epochs='best', num_query=10000, random_seed=123, regularization='None', regularization_strength=0.0, scheme='V2_epoch', surrogate_arch='same', test_best=True, train_clas_layer=8.0)
2022-04-25 18:50:14,471 DEBUG Test (client-0):	Loss 1.2311 (1.7817)	Prec@1 75.000 (68.630)
2022-04-25 18:50:14,471 DEBUG  * Prec@1 68.630
2022-04-25 18:50:14,478 DEBUG load 0.weight to surrogate
2022-04-25 18:50:14,478 DEBUG load 0.bias to surrogate
2022-04-25 18:50:14,478 DEBUG load 1.weight to surrogate
2022-04-25 18:50:14,478 DEBUG load 1.bias to surrogate
2022-04-25 18:50:14,478 DEBUG load 1.running_mean to surrogate
2022-04-25 18:50:14,478 DEBUG load 1.running_var to surrogate
2022-04-25 18:50:14,478 DEBUG load 1.num_batches_tracked to surrogate
2022-04-25 18:50:14,483 DEBUG 20
2022-04-25 18:50:14,484 DEBUG 26
2022-04-25 18:50:14,484 DEBUG surrogate parameter has 26 trainable parameters!
2022-04-25 18:50:18,397 DEBUG epoch: 0, val_acc: 0.95, val_fidelity: 0.96
2022-04-25 18:50:19,489 DEBUG epoch: 1, train_acc: 1.2169471085071564, val_acc: 1.01, fidel_score: 1.01, acc_loss: 4.604250073432922, grad_loss: None
2022-04-25 18:50:20,586 DEBUG epoch: 2, train_acc: 1.1192908585071564, val_acc: 0.98, fidel_score: 1.0, acc_loss: 4.600720107555389, grad_loss: None
2022-04-25 18:50:21,682 DEBUG epoch: 3, train_acc: 1.0967548042535782, val_acc: 1.0, fidel_score: 1.02, acc_loss: 4.59438169002533, grad_loss: None
2022-04-25 18:50:22,797 DEBUG epoch: 4, train_acc: 1.5850360542535782, val_acc: 0.96, fidel_score: 0.95, acc_loss: 4.586080193519592, grad_loss: None
2022-04-25 18:50:23,925 DEBUG epoch: 5, train_acc: 2.1484375, val_acc: 0.99, fidel_score: 1.01, acc_loss: 4.580472528934479, grad_loss: None
2022-04-25 18:50:25,038 DEBUG epoch: 6, train_acc: 1.9756610542535782, val_acc: 0.97, fidel_score: 0.85, acc_loss: 4.573782384395599, grad_loss: None
2022-04-25 18:50:26,144 DEBUG epoch: 7, train_acc: 1.9005408585071564, val_acc: 1.07, fidel_score: 1.01, acc_loss: 4.566714107990265, grad_loss: None
2022-04-25 18:50:27,251 DEBUG epoch: 8, train_acc: 2.0432692170143127, val_acc: 1.03, fidel_score: 0.95, acc_loss: 4.563159167766571, grad_loss: None
2022-04-25 18:50:28,369 DEBUG epoch: 9, train_acc: 1.7503004670143127, val_acc: 0.94, fidel_score: 0.89, acc_loss: 4.565628826618195, grad_loss: None
2022-04-25 18:50:29,486 DEBUG epoch: 10, train_acc: 1.9981971085071564, val_acc: 0.98, fidel_score: 0.97, acc_loss: 4.562611222267151, grad_loss: None
2022-04-25 18:50:30,576 DEBUG epoch: 11, train_acc: 1.7803485542535782, val_acc: 1.06, fidel_score: 0.99, acc_loss: 4.555335998535156, grad_loss: None
2022-04-25 18:50:31,677 DEBUG epoch: 12, train_acc: 1.9230769276618958, val_acc: 0.96, fidel_score: 0.89, acc_loss: 4.550009787082672, grad_loss: None
2022-04-25 18:50:32,783 DEBUG epoch: 13, train_acc: 1.8780048042535782, val_acc: 0.98, fidel_score: 0.92, acc_loss: 4.532929182052612, grad_loss: None
2022-04-25 18:50:33,906 DEBUG epoch: 14, train_acc: 2.4864783585071564, val_acc: 1.01, fidel_score: 0.96, acc_loss: 4.501576006412506, grad_loss: None
2022-04-25 18:50:35,015 DEBUG epoch: 15, train_acc: 2.4113581776618958, val_acc: 1.14, fidel_score: 1.29, acc_loss: 4.483459711074829, grad_loss: None
2022-04-25 18:50:36,125 DEBUG epoch: 16, train_acc: 1.3897235542535782, val_acc: 1.23, fidel_score: 1.27, acc_loss: 4.45733904838562, grad_loss: None
2022-04-25 18:50:37,226 DEBUG epoch: 17, train_acc: 2.2160456776618958, val_acc: 1.45, fidel_score: 1.5, acc_loss: 4.4640138149261475, grad_loss: None
2022-04-25 18:50:38,328 DEBUG epoch: 18, train_acc: 2.2911658585071564, val_acc: 1.77, fidel_score: 1.68, acc_loss: 4.4708404541015625, grad_loss: None
2022-04-25 18:50:39,425 DEBUG epoch: 19, train_acc: 2.8245192170143127, val_acc: 2.08, fidel_score: 2.12, acc_loss: 4.426084578037262, grad_loss: None
2022-04-25 18:50:40,534 DEBUG epoch: 20, train_acc: 3.3128004670143127, val_acc: 1.93, fidel_score: 1.89, acc_loss: 4.417011857032776, grad_loss: None
2022-04-25 18:50:41,638 DEBUG epoch: 21, train_acc: 2.268629804253578, val_acc: 1.78, fidel_score: 1.85, acc_loss: 4.386274039745331, grad_loss: None
2022-04-25 18:50:42,741 DEBUG epoch: 22, train_acc: 3.5832331776618958, val_acc: 2.06, fidel_score: 2.13, acc_loss: 4.371315896511078, grad_loss: None
2022-04-25 18:50:43,861 DEBUG epoch: 23, train_acc: 2.7043269276618958, val_acc: 1.88, fidel_score: 2.0, acc_loss: 4.351777911186218, grad_loss: None
2022-04-25 18:50:44,950 DEBUG epoch: 24, train_acc: 3.2602163553237915, val_acc: 2.37, fidel_score: 2.43, acc_loss: 4.33843195438385, grad_loss: None
2022-04-25 18:50:46,054 DEBUG epoch: 25, train_acc: 3.2151442170143127, val_acc: 2.11, fidel_score: 2.1, acc_loss: 4.328463017940521, grad_loss: None
2022-04-25 18:50:47,164 DEBUG epoch: 26, train_acc: 2.63671875, val_acc: 2.23, fidel_score: 2.17, acc_loss: 4.377536237239838, grad_loss: None
2022-04-25 18:50:48,269 DEBUG epoch: 27, train_acc: 3.4780648946762085, val_acc: 2.17, fidel_score: 2.22, acc_loss: 4.316746354103088, grad_loss: None
2022-04-25 18:50:49,400 DEBUG epoch: 28, train_acc: 2.6817908585071564, val_acc: 2.21, fidel_score: 2.3, acc_loss: 4.2906107902526855, grad_loss: None
2022-04-25 18:50:50,498 DEBUG epoch: 29, train_acc: 3.1174879670143127, val_acc: 2.24, fidel_score: 2.25, acc_loss: 4.296801507472992, grad_loss: None
2022-04-25 18:50:51,597 DEBUG epoch: 30, train_acc: 2.9447115063667297, val_acc: 2.34, fidel_score: 2.25, acc_loss: 4.295978546142578, grad_loss: None
2022-04-25 18:50:52,722 DEBUG epoch: 31, train_acc: 2.7043269276618958, val_acc: 2.08, fidel_score: 2.11, acc_loss: 4.3824251890182495, grad_loss: None
2022-04-25 18:50:53,809 DEBUG epoch: 32, train_acc: 1.8704927563667297, val_acc: 1.94, fidel_score: 1.87, acc_loss: 4.398729622364044, grad_loss: None
2022-04-25 18:50:54,931 DEBUG epoch: 33, train_acc: 3.0198317170143127, val_acc: 2.19, fidel_score: 2.15, acc_loss: 4.319944381713867, grad_loss: None
2022-04-25 18:50:56,032 DEBUG epoch: 34, train_acc: 3.4104567170143127, val_acc: 1.96, fidel_score: 1.89, acc_loss: 4.2669395208358765, grad_loss: None
2022-04-25 18:50:57,150 DEBUG epoch: 35, train_acc: 2.952223554253578, val_acc: 2.46, fidel_score: 2.39, acc_loss: 4.282690465450287, grad_loss: None
2022-04-25 18:50:58,257 DEBUG epoch: 36, train_acc: 3.5832331776618958, val_acc: 2.39, fidel_score: 2.44, acc_loss: 4.23865807056427, grad_loss: None
2022-04-25 18:50:59,351 DEBUG epoch: 37, train_acc: 3.4630408585071564, val_acc: 2.63, fidel_score: 2.65, acc_loss: 4.2252655029296875, grad_loss: None
2022-04-25 18:51:00,459 DEBUG epoch: 38, train_acc: 3.02734375, val_acc: 2.08, fidel_score: 2.18, acc_loss: 4.177770555019379, grad_loss: None
2022-04-25 18:51:01,557 DEBUG epoch: 39, train_acc: 2.6817908585071564, val_acc: 2.54, fidel_score: 2.62, acc_loss: 4.17819744348526, grad_loss: None
2022-04-25 18:51:02,658 DEBUG epoch: 40, train_acc: 3.2902644276618958, val_acc: 2.03, fidel_score: 2.23, acc_loss: 4.156590759754181, grad_loss: None
2022-04-25 18:51:03,749 DEBUG epoch: 41, train_acc: 3.9513221085071564, val_acc: 2.72, fidel_score: 2.71, acc_loss: 4.099831759929657, grad_loss: None
2022-04-25 18:51:04,847 DEBUG epoch: 42, train_acc: 3.6508413553237915, val_acc: 2.69, fidel_score: 2.73, acc_loss: 4.093048334121704, grad_loss: None
2022-04-25 18:51:05,943 DEBUG epoch: 43, train_acc: 3.8236177563667297, val_acc: 2.9, fidel_score: 2.86, acc_loss: 4.059185147285461, grad_loss: None
2022-04-25 18:51:07,038 DEBUG epoch: 44, train_acc: 3.9888821840286255, val_acc: 2.51, fidel_score: 2.5, acc_loss: 4.173064082860947, grad_loss: None
2022-04-25 18:51:08,144 DEBUG epoch: 45, train_acc: 3.2151442170143127, val_acc: 2.28, fidel_score: 2.29, acc_loss: 4.159661769866943, grad_loss: None
2022-04-25 18:51:09,245 DEBUG epoch: 46, train_acc: 3.5832331776618958, val_acc: 2.69, fidel_score: 2.63, acc_loss: 4.060587286949158, grad_loss: None
2022-04-25 18:51:10,355 DEBUG epoch: 47, train_acc: 5.28846150636673, val_acc: 3.33, fidel_score: 3.47, acc_loss: 4.00448402762413, grad_loss: None
2022-04-25 18:51:11,462 DEBUG epoch: 48, train_acc: 3.9738581776618958, val_acc: 3.84, fidel_score: 3.86, acc_loss: 3.951105237007141, grad_loss: None
2022-04-25 18:51:12,567 DEBUG epoch: 49, train_acc: 4.21424275636673, val_acc: 3.6, fidel_score: 3.64, acc_loss: 3.936925083398819, grad_loss: None
2022-04-25 18:51:13,672 DEBUG epoch: 50, train_acc: 5.67908650636673, val_acc: 3.76, fidel_score: 3.87, acc_loss: 3.97464719414711, grad_loss: None
2022-04-25 18:51:14,782 DEBUG epoch: 51, train_acc: 5.09314900636673, val_acc: 3.27, fidel_score: 3.33, acc_loss: 4.091520130634308, grad_loss: None
2022-04-25 18:51:15,905 DEBUG epoch: 52, train_acc: 5.1607571840286255, val_acc: 3.37, fidel_score: 3.33, acc_loss: 3.9821835458278656, grad_loss: None
2022-04-25 18:51:17,003 DEBUG epoch: 53, train_acc: 5.243389427661896, val_acc: 3.93, fidel_score: 3.83, acc_loss: 3.927305221557617, grad_loss: None
2022-04-25 18:51:18,126 DEBUG epoch: 54, train_acc: 5.9945913553237915, val_acc: 3.47, fidel_score: 3.59, acc_loss: 3.857780545949936, grad_loss: None
2022-04-25 18:51:19,217 DEBUG epoch: 55, train_acc: 8.503605723381042, val_acc: 4.09, fidel_score: 4.19, acc_loss: 3.7712643146514893, grad_loss: None
2022-04-25 18:51:20,322 DEBUG epoch: 56, train_acc: 5.97205525636673, val_acc: 3.59, fidel_score: 3.6, acc_loss: 3.820781946182251, grad_loss: None
2022-04-25 18:51:21,426 DEBUG epoch: 57, train_acc: 7.609675467014313, val_acc: 4.11, fidel_score: 4.09, acc_loss: 3.7819905877113342, grad_loss: None
2022-04-25 18:51:22,524 DEBUG epoch: 58, train_acc: 6.8960336446762085, val_acc: 3.8, fidel_score: 3.92, acc_loss: 3.7650832533836365, grad_loss: None
2022-04-25 18:51:23,619 DEBUG epoch: 59, train_acc: 6.94861775636673, val_acc: 3.97, fidel_score: 3.91, acc_loss: 3.6806046664714813, grad_loss: None
2022-04-25 18:51:24,735 DEBUG epoch: 60, train_acc: 10.28395426273346, val_acc: 4.5, fidel_score: 4.49, acc_loss: 3.6088564097881317, grad_loss: None
2022-04-25 18:51:25,845 DEBUG epoch: 61, train_acc: 10.531850934028625, val_acc: 4.57, fidel_score: 4.41, acc_loss: 3.4892521798610687, grad_loss: None
2022-04-25 18:51:26,955 DEBUG epoch: 62, train_acc: 9.442608118057251, val_acc: 4.5, fidel_score: 4.71, acc_loss: 3.5040282607078552, grad_loss: None
2022-04-25 18:51:28,068 DEBUG epoch: 63, train_acc: 10.404146552085876, val_acc: 4.69, fidel_score: 4.58, acc_loss: 3.4838858544826508, grad_loss: None
2022-04-25 18:51:29,158 DEBUG epoch: 64, train_acc: 11.16286051273346, val_acc: 4.86, fidel_score: 4.66, acc_loss: 3.438462346792221, grad_loss: None
2022-04-25 18:51:30,255 DEBUG epoch: 65, train_acc: 8.924278855323792, val_acc: 4.53, fidel_score: 4.62, acc_loss: 3.43589124083519, grad_loss: None
2022-04-25 18:51:31,356 DEBUG epoch: 66, train_acc: 9.337439894676208, val_acc: 4.64, fidel_score: 4.84, acc_loss: 3.4598896205425262, grad_loss: None
2022-04-25 18:51:32,467 DEBUG epoch: 67, train_acc: 10.201322078704834, val_acc: 4.75, fidel_score: 4.95, acc_loss: 3.3998169898986816, grad_loss: None
2022-04-25 18:51:33,585 DEBUG epoch: 68, train_acc: 9.750600934028625, val_acc: 4.96, fidel_score: 4.9, acc_loss: 3.3810489773750305, grad_loss: None
2022-04-25 18:51:34,684 DEBUG epoch: 69, train_acc: 11.576021552085876, val_acc: 5.15, fidel_score: 4.91, acc_loss: 3.3453624844551086, grad_loss: None
2022-04-25 18:51:35,786 DEBUG epoch: 70, train_acc: 10.719651460647583, val_acc: 5.11, fidel_score: 5.11, acc_loss: 3.3315364122390747, grad_loss: None
2022-04-25 18:51:36,889 DEBUG epoch: 71, train_acc: 10.25390625, val_acc: 5.19, fidel_score: 5.15, acc_loss: 3.3977580964565277, grad_loss: None
2022-04-25 18:51:37,992 DEBUG epoch: 72, train_acc: 11.140324473381042, val_acc: 5.05, fidel_score: 5.12, acc_loss: 3.3538039326667786, grad_loss: None
2022-04-25 18:51:39,096 DEBUG epoch: 73, train_acc: 12.327223539352417, val_acc: 5.12, fidel_score: 5.26, acc_loss: 3.323970288038254, grad_loss: None
2022-04-25 18:51:40,205 DEBUG epoch: 74, train_acc: 11.478365302085876, val_acc: 5.22, fidel_score: 5.14, acc_loss: 3.2726525962352753, grad_loss: None
2022-04-25 18:51:41,308 DEBUG epoch: 75, train_acc: 11.853966355323792, val_acc: 5.54, fidel_score: 5.72, acc_loss: 3.2644799947738647, grad_loss: None
2022-04-25 18:51:42,391 DEBUG epoch: 76, train_acc: 13.251201868057251, val_acc: 4.82, fidel_score: 4.9, acc_loss: 3.2020106315612793, grad_loss: None
2022-04-25 18:51:43,487 DEBUG epoch: 77, train_acc: 12.79296875, val_acc: 5.36, fidel_score: 5.23, acc_loss: 3.2581614553928375, grad_loss: None
2022-04-25 18:51:44,598 DEBUG epoch: 78, train_acc: 12.43239176273346, val_acc: 5.27, fidel_score: 5.25, acc_loss: 3.197049766778946, grad_loss: None
2022-04-25 18:51:45,714 DEBUG epoch: 79, train_acc: 12.409855723381042, val_acc: 5.18, fidel_score: 5.28, acc_loss: 3.2239689230918884, grad_loss: None
2022-04-25 18:51:46,798 DEBUG epoch: 80, train_acc: 14.107572078704834, val_acc: 5.21, fidel_score: 5.09, acc_loss: 3.1524628400802612, grad_loss: None
2022-04-25 18:51:47,897 DEBUG epoch: 81, train_acc: 15.647536039352417, val_acc: 5.69, fidel_score: 5.65, acc_loss: 3.126163899898529, grad_loss: None
2022-04-25 18:51:48,991 DEBUG epoch: 82, train_acc: 14.340444564819336, val_acc: 5.2, fidel_score: 5.23, acc_loss: 3.1327341198921204, grad_loss: None
2022-04-25 18:51:50,104 DEBUG epoch: 83, train_acc: 13.792067289352417, val_acc: 5.13, fidel_score: 5.17, acc_loss: 3.1223045587539673, grad_loss: None
2022-04-25 18:51:51,200 DEBUG epoch: 84, train_acc: 13.0859375, val_acc: 5.37, fidel_score: 5.39, acc_loss: 3.067648559808731, grad_loss: None
2022-04-25 18:51:52,321 DEBUG epoch: 85, train_acc: 12.672776460647583, val_acc: 4.83, fidel_score: 4.96, acc_loss: 3.2532244622707367, grad_loss: None
2022-04-25 18:51:53,455 DEBUG epoch: 86, train_acc: 11.576021552085876, val_acc: 5.4, fidel_score: 5.22, acc_loss: 3.2629173696041107, grad_loss: None
2022-04-25 18:51:54,557 DEBUG epoch: 87, train_acc: 12.064302802085876, val_acc: 5.03, fidel_score: 4.95, acc_loss: 3.227817475795746, grad_loss: None
2022-04-25 18:51:55,676 DEBUG epoch: 88, train_acc: 13.01832926273346, val_acc: 4.99, fidel_score: 5.04, acc_loss: 3.24624040722847, grad_loss: None
2022-04-25 18:51:56,777 DEBUG epoch: 89, train_acc: 11.65114176273346, val_acc: 5.14, fidel_score: 5.11, acc_loss: 3.258309692144394, grad_loss: None
2022-04-25 18:51:57,888 DEBUG epoch: 90, train_acc: 11.666165828704834, val_acc: 5.67, fidel_score: 5.88, acc_loss: 3.2533489763736725, grad_loss: None
2022-04-25 18:51:58,983 DEBUG epoch: 91, train_acc: 12.687800407409668, val_acc: 5.66, fidel_score: 5.74, acc_loss: 3.145152747631073, grad_loss: None
2022-04-25 18:52:00,088 DEBUG epoch: 92, train_acc: 14.903846025466919, val_acc: 6.16, fidel_score: 6.04, acc_loss: 3.0415996313095093, grad_loss: None
2022-04-25 18:52:01,200 DEBUG epoch: 93, train_acc: 15.399639368057251, val_acc: 5.41, fidel_score: 5.62, acc_loss: 3.0491819977760315, grad_loss: None
2022-04-25 18:52:02,294 DEBUG epoch: 94, train_acc: 16.451322078704834, val_acc: 5.71, fidel_score: 5.73, acc_loss: 2.976219028234482, grad_loss: None
2022-04-25 18:52:03,394 DEBUG epoch: 95, train_acc: 14.655949473381042, val_acc: 6.0, fidel_score: 6.09, acc_loss: 3.072198212146759, grad_loss: None
2022-04-25 18:52:04,491 DEBUG epoch: 96, train_acc: 13.619290828704834, val_acc: 6.06, fidel_score: 5.77, acc_loss: 3.0914217233657837, grad_loss: None
2022-04-25 18:52:05,578 DEBUG epoch: 97, train_acc: 13.236177802085876, val_acc: 5.0, fidel_score: 5.15, acc_loss: 3.0898448824882507, grad_loss: None
2022-04-25 18:52:06,697 DEBUG epoch: 98, train_acc: 13.882211446762085, val_acc: 5.71, fidel_score: 5.83, acc_loss: 3.1032082736492157, grad_loss: None
2022-04-25 18:52:07,814 DEBUG epoch: 99, train_acc: 12.154447078704834, val_acc: 5.63, fidel_score: 5.72, acc_loss: 3.067614644765854, grad_loss: None
2022-04-25 18:52:08,915 DEBUG epoch: 100, train_acc: 14.400540828704834, val_acc: 5.67, fidel_score: 5.81, acc_loss: 2.973333090543747, grad_loss: None
2022-04-25 18:52:10,023 DEBUG epoch: 101, train_acc: 16.714242696762085, val_acc: 5.72, fidel_score: 5.68, acc_loss: 2.9343987703323364, grad_loss: None
2022-04-25 18:52:11,140 DEBUG epoch: 102, train_acc: 15.301983118057251, val_acc: 6.14, fidel_score: 6.26, acc_loss: 2.8756197094917297, grad_loss: None
2022-04-25 18:52:12,237 DEBUG epoch: 103, train_acc: 17.48046875, val_acc: 6.15, fidel_score: 5.99, acc_loss: 2.9005682170391083, grad_loss: None
2022-04-25 18:52:13,340 DEBUG epoch: 104, train_acc: 16.33864164352417, val_acc: 5.94, fidel_score: 5.96, acc_loss: 2.887739807367325, grad_loss: None
2022-04-25 18:52:14,454 DEBUG epoch: 105, train_acc: 16.6015625, val_acc: 5.75, fidel_score: 5.78, acc_loss: 2.8719520568847656, grad_loss: None
2022-04-25 18:52:15,560 DEBUG epoch: 106, train_acc: 17.007211446762085, val_acc: 5.85, fidel_score: 5.9, acc_loss: 2.791176915168762, grad_loss: None
2022-04-25 18:52:16,659 DEBUG epoch: 107, train_acc: 17.029747486114502, val_acc: 6.27, fidel_score: 6.2, acc_loss: 2.8250803649425507, grad_loss: None
2022-04-25 18:52:17,740 DEBUG epoch: 108, train_acc: 15.865384578704834, val_acc: 6.08, fidel_score: 6.37, acc_loss: 2.8280378580093384, grad_loss: None
2022-04-25 18:52:18,846 DEBUG epoch: 109, train_acc: 16.443809986114502, val_acc: 6.1, fidel_score: 6.43, acc_loss: 2.9261574745178223, grad_loss: None
2022-04-25 18:52:19,953 DEBUG epoch: 110, train_acc: 17.15745186805725, val_acc: 5.41, fidel_score: 5.42, acc_loss: 2.8638789355754852, grad_loss: None
2022-04-25 18:52:21,059 DEBUG epoch: 111, train_acc: 16.286057710647583, val_acc: 6.44, fidel_score: 6.43, acc_loss: 2.914045989513397, grad_loss: None
2022-04-25 18:52:22,161 DEBUG epoch: 112, train_acc: 16.361177802085876, val_acc: 6.22, fidel_score: 6.45, acc_loss: 2.9045794904232025, grad_loss: None
2022-04-25 18:52:23,283 DEBUG epoch: 113, train_acc: 17.277644157409668, val_acc: 5.65, fidel_score: 5.69, acc_loss: 2.8600730895996094, grad_loss: None
2022-04-25 18:52:24,389 DEBUG epoch: 114, train_acc: 16.353665828704834, val_acc: 5.88, fidel_score: 6.11, acc_loss: 2.91204234957695, grad_loss: None
2022-04-25 18:52:25,474 DEBUG epoch: 115, train_acc: 15.4296875, val_acc: 5.95, fidel_score: 5.89, acc_loss: 2.9071558713912964, grad_loss: None
2022-04-25 18:52:26,573 DEBUG epoch: 116, train_acc: 17.112379789352417, val_acc: 6.35, fidel_score: 6.5, acc_loss: 2.843294709920883, grad_loss: None
2022-04-25 18:52:27,658 DEBUG epoch: 117, train_acc: 18.043870210647583, val_acc: 6.57, fidel_score: 6.54, acc_loss: 2.733077108860016, grad_loss: None
2022-04-25 18:52:28,755 DEBUG epoch: 118, train_acc: 17.097355723381042, val_acc: 6.76, fidel_score: 6.91, acc_loss: 2.7762938141822815, grad_loss: None
2022-04-25 18:52:29,871 DEBUG epoch: 119, train_acc: 16.676682710647583, val_acc: 6.14, fidel_score: 6.19, acc_loss: 2.754104644060135, grad_loss: None
2022-04-25 18:52:30,970 DEBUG epoch: 120, train_acc: 19.59885811805725, val_acc: 6.56, fidel_score: 6.83, acc_loss: 2.7300755083560944, grad_loss: None
2022-04-25 18:52:32,075 DEBUG epoch: 121, train_acc: 20.004507064819336, val_acc: 5.83, fidel_score: 5.95, acc_loss: 2.640773057937622, grad_loss: None
2022-04-25 18:52:33,171 DEBUG epoch: 122, train_acc: 19.260817289352417, val_acc: 7.04, fidel_score: 7.07, acc_loss: 2.696512073278427, grad_loss: None
2022-04-25 18:52:34,283 DEBUG epoch: 123, train_acc: 18.081430196762085, val_acc: 5.97, fidel_score: 6.22, acc_loss: 2.6702393889427185, grad_loss: None
2022-04-25 18:52:35,393 DEBUG epoch: 124, train_acc: 19.230769157409668, val_acc: 6.05, fidel_score: 6.26, acc_loss: 2.715703159570694, grad_loss: None
2022-04-25 18:52:36,479 DEBUG epoch: 125, train_acc: 18.374398946762085, val_acc: 6.18, fidel_score: 5.98, acc_loss: 2.870503604412079, grad_loss: None
2022-04-25 18:52:37,603 DEBUG epoch: 126, train_acc: 13.18359375, val_acc: 5.18, fidel_score: 5.19, acc_loss: 3.161768227815628, grad_loss: None
2022-04-25 18:52:38,707 DEBUG epoch: 127, train_acc: 16.14332926273346, val_acc: 6.15, fidel_score: 6.41, acc_loss: 2.9555144011974335, grad_loss: None
2022-04-25 18:52:39,821 DEBUG epoch: 128, train_acc: 15.497295618057251, val_acc: 5.9, fidel_score: 6.19, acc_loss: 2.893977016210556, grad_loss: None
2022-04-25 18:52:40,925 DEBUG epoch: 129, train_acc: 18.539663314819336, val_acc: 5.45, fidel_score: 5.52, acc_loss: 2.796765089035034, grad_loss: None
2022-04-25 18:52:42,012 DEBUG epoch: 130, train_acc: 17.728365302085876, val_acc: 6.68, fidel_score: 6.82, acc_loss: 2.7495159804821014, grad_loss: None
2022-04-25 18:52:43,123 DEBUG epoch: 131, train_acc: 17.397836446762085, val_acc: 5.99, fidel_score: 6.32, acc_loss: 2.800473004579544, grad_loss: None
2022-04-25 18:52:44,228 DEBUG epoch: 132, train_acc: 19.929386854171753, val_acc: 6.92, fidel_score: 6.93, acc_loss: 2.6292323768138885, grad_loss: None
2022-04-25 18:52:45,326 DEBUG epoch: 133, train_acc: 19.764122486114502, val_acc: 6.12, fidel_score: 6.14, acc_loss: 2.6326637864112854, grad_loss: None
2022-04-25 18:52:46,436 DEBUG epoch: 134, train_acc: 18.930288314819336, val_acc: 6.95, fidel_score: 6.84, acc_loss: 2.714118868112564, grad_loss: None
2022-04-25 18:52:47,534 DEBUG epoch: 135, train_acc: 20.73317289352417, val_acc: 6.58, fidel_score: 6.62, acc_loss: 2.5989086627960205, grad_loss: None
2022-04-25 18:52:48,644 DEBUG epoch: 136, train_acc: 20.057091236114502, val_acc: 6.72, fidel_score: 6.86, acc_loss: 2.5941387116909027, grad_loss: None
2022-04-25 18:52:49,745 DEBUG epoch: 137, train_acc: 21.83743977546692, val_acc: 6.8, fidel_score: 6.87, acc_loss: 2.5364287197589874, grad_loss: None
2022-04-25 18:52:50,838 DEBUG epoch: 138, train_acc: 21.814903736114502, val_acc: 6.8, fidel_score: 6.88, acc_loss: 2.509290933609009, grad_loss: None
2022-04-25 18:52:51,952 DEBUG epoch: 139, train_acc: 24.977463960647583, val_acc: 7.02, fidel_score: 7.24, acc_loss: 2.4348884224891663, grad_loss: None
2022-04-25 18:52:53,058 DEBUG epoch: 140, train_acc: 23.249699354171753, val_acc: 6.92, fidel_score: 6.97, acc_loss: 2.437621980905533, grad_loss: None
2022-04-25 18:52:54,173 DEBUG epoch: 141, train_acc: 22.483473539352417, val_acc: 7.18, fidel_score: 7.18, acc_loss: 2.540689170360565, grad_loss: None
2022-04-25 18:52:55,281 DEBUG epoch: 142, train_acc: 17.202523946762085, val_acc: 6.33, fidel_score: 6.48, acc_loss: 2.6833904087543488, grad_loss: None
2022-04-25 18:52:56,379 DEBUG epoch: 143, train_acc: 17.653245210647583, val_acc: 6.3, fidel_score: 6.39, acc_loss: 2.6717891693115234, grad_loss: None
2022-04-25 18:52:57,489 DEBUG epoch: 144, train_acc: 19.40354561805725, val_acc: 6.85, fidel_score: 7.01, acc_loss: 2.5351967811584473, grad_loss: None
2022-04-25 18:52:58,611 DEBUG epoch: 145, train_acc: 23.4375, val_acc: 7.09, fidel_score: 7.29, acc_loss: 2.4746106266975403, grad_loss: None
2022-04-25 18:52:59,727 DEBUG epoch: 146, train_acc: 22.603665828704834, val_acc: 6.94, fidel_score: 7.29, acc_loss: 2.49563667178154, grad_loss: None
2022-04-25 18:53:00,825 DEBUG epoch: 147, train_acc: 23.024338960647583, val_acc: 6.84, fidel_score: 7.18, acc_loss: 2.4724256694316864, grad_loss: None
2022-04-25 18:53:01,928 DEBUG epoch: 148, train_acc: 20.56790852546692, val_acc: 6.67, fidel_score: 6.67, acc_loss: 2.4589209258556366, grad_loss: None
2022-04-25 18:53:03,017 DEBUG epoch: 149, train_acc: 24.241286039352417, val_acc: 6.65, fidel_score: 7.09, acc_loss: 2.4617162942886353, grad_loss: None
2022-04-25 18:53:04,125 DEBUG epoch: 150, train_acc: 25.9765625, val_acc: 7.07, fidel_score: 7.42, acc_loss: 2.3425824344158173, grad_loss: None
2022-04-25 18:53:05,229 DEBUG epoch: 151, train_acc: 27.89963936805725, val_acc: 7.4, fidel_score: 7.69, acc_loss: 2.2517352998256683, grad_loss: None
2022-04-25 18:53:06,355 DEBUG epoch: 152, train_acc: 29.244290828704834, val_acc: 6.81, fidel_score: 7.05, acc_loss: 2.198033720254898, grad_loss: None
2022-04-25 18:53:07,463 DEBUG epoch: 153, train_acc: 30.649038314819336, val_acc: 7.2, fidel_score: 7.65, acc_loss: 2.193921744823456, grad_loss: None
2022-04-25 18:53:08,567 DEBUG epoch: 154, train_acc: 29.03395414352417, val_acc: 7.74, fidel_score: 7.77, acc_loss: 2.1807860136032104, grad_loss: None
2022-04-25 18:53:09,667 DEBUG epoch: 155, train_acc: 31.08473539352417, val_acc: 7.52, fidel_score: 7.64, acc_loss: 2.1496942937374115, grad_loss: None
2022-04-25 18:53:10,777 DEBUG epoch: 156, train_acc: 31.01712727546692, val_acc: 7.5, fidel_score: 7.61, acc_loss: 2.126187264919281, grad_loss: None
2022-04-25 18:53:11,880 DEBUG epoch: 157, train_acc: 31.295072078704834, val_acc: 7.49, fidel_score: 7.79, acc_loss: 2.171793431043625, grad_loss: None
2022-04-25 18:53:12,996 DEBUG epoch: 158, train_acc: 29.807692289352417, val_acc: 7.5, fidel_score: 7.61, acc_loss: 2.1395266354084015, grad_loss: None
2022-04-25 18:53:14,083 DEBUG epoch: 159, train_acc: 31.385216236114502, val_acc: 7.27, fidel_score: 7.43, acc_loss: 2.120321586728096, grad_loss: None
2022-04-25 18:53:15,201 DEBUG epoch: 160, train_acc: 30.20582914352417, val_acc: 7.29, fidel_score: 7.57, acc_loss: 2.1628980338573456, grad_loss: None
2022-04-25 18:53:16,304 DEBUG epoch: 161, train_acc: 31.723257064819336, val_acc: 7.26, fidel_score: 7.56, acc_loss: 2.133112847805023, grad_loss: None
2022-04-25 18:53:17,394 DEBUG epoch: 162, train_acc: 29.191706657409668, val_acc: 7.52, fidel_score: 7.81, acc_loss: 2.2216802835464478, grad_loss: None
2022-04-25 18:53:18,480 DEBUG epoch: 163, train_acc: 30.671574592590332, val_acc: 7.35, fidel_score: 7.49, acc_loss: 2.123684972524643, grad_loss: None
2022-04-25 18:53:19,582 DEBUG epoch: 164, train_acc: 30.093148946762085, val_acc: 7.49, fidel_score: 7.74, acc_loss: 2.155575543642044, grad_loss: None
2022-04-25 18:53:20,686 DEBUG epoch: 165, train_acc: 31.850961446762085, val_acc: 7.34, fidel_score: 7.54, acc_loss: 2.104263260960579, grad_loss: None
2022-04-25 18:53:21,799 DEBUG epoch: 166, train_acc: 29.679987907409668, val_acc: 7.29, fidel_score: 7.32, acc_loss: 2.097632870078087, grad_loss: None
2022-04-25 18:53:22,905 DEBUG epoch: 167, train_acc: 31.40775227546692, val_acc: 7.28, fidel_score: 7.39, acc_loss: 2.06205715239048, grad_loss: None
2022-04-25 18:53:24,008 DEBUG epoch: 168, train_acc: 33.56370186805725, val_acc: 7.39, fidel_score: 7.53, acc_loss: 2.0537536293268204, grad_loss: None
2022-04-25 18:53:25,115 DEBUG epoch: 169, train_acc: 33.36087703704834, val_acc: 7.28, fidel_score: 7.54, acc_loss: 2.0229541659355164, grad_loss: None
2022-04-25 18:53:26,214 DEBUG epoch: 170, train_acc: 31.069711446762085, val_acc: 7.09, fidel_score: 7.32, acc_loss: 2.085829585790634, grad_loss: None
2022-04-25 18:53:27,327 DEBUG epoch: 171, train_acc: 34.23978352546692, val_acc: 7.29, fidel_score: 7.22, acc_loss: 2.0339199006557465, grad_loss: None
2022-04-25 18:53:28,423 DEBUG epoch: 172, train_acc: 31.99368977546692, val_acc: 7.45, fidel_score: 7.6, acc_loss: 2.0443785190582275, grad_loss: None
2022-04-25 18:53:29,518 DEBUG epoch: 173, train_acc: 33.11298084259033, val_acc: 7.2, fidel_score: 7.53, acc_loss: 1.992484912276268, grad_loss: None
2022-04-25 18:53:30,621 DEBUG epoch: 174, train_acc: 31.032151460647583, val_acc: 7.25, fidel_score: 7.54, acc_loss: 2.080013856291771, grad_loss: None
2022-04-25 18:53:31,726 DEBUG epoch: 175, train_acc: 30.949519157409668, val_acc: 7.08, fidel_score: 7.33, acc_loss: 2.0964903086423874, grad_loss: None
2022-04-25 18:53:32,818 DEBUG epoch: 176, train_acc: 32.181490421295166, val_acc: 7.29, fidel_score: 7.61, acc_loss: 2.031265377998352, grad_loss: None
2022-04-25 18:53:33,911 DEBUG epoch: 177, train_acc: 30.776742696762085, val_acc: 7.61, fidel_score: 7.93, acc_loss: 2.1337912380695343, grad_loss: None
2022-04-25 18:53:35,013 DEBUG epoch: 178, train_acc: 34.77313709259033, val_acc: 7.05, fidel_score: 7.42, acc_loss: 2.0818932056427, grad_loss: None
2022-04-25 18:53:36,110 DEBUG epoch: 179, train_acc: 33.59375, val_acc: 7.26, fidel_score: 7.54, acc_loss: 1.985071837902069, grad_loss: None
2022-04-25 18:53:37,211 DEBUG epoch: 180, train_acc: 32.48197102546692, val_acc: 7.33, fidel_score: 7.58, acc_loss: 2.1096992194652557, grad_loss: None
2022-04-25 18:53:38,311 DEBUG epoch: 181, train_acc: 31.76832914352417, val_acc: 7.02, fidel_score: 7.2, acc_loss: 2.07383930683136, grad_loss: None
2022-04-25 18:53:39,414 DEBUG epoch: 182, train_acc: 32.03876209259033, val_acc: 7.33, fidel_score: 7.47, acc_loss: 2.066948786377907, grad_loss: None
2022-04-25 18:53:40,528 DEBUG epoch: 183, train_acc: 34.00691080093384, val_acc: 7.08, fidel_score: 7.13, acc_loss: 1.9865052551031113, grad_loss: None
2022-04-25 18:53:41,618 DEBUG epoch: 184, train_acc: 33.03786039352417, val_acc: 7.44, fidel_score: 7.98, acc_loss: 2.011574149131775, grad_loss: None
2022-04-25 18:53:42,737 DEBUG epoch: 185, train_acc: 30.994591236114502, val_acc: 7.46, fidel_score: 7.52, acc_loss: 2.074157953262329, grad_loss: None
2022-04-25 18:53:43,841 DEBUG epoch: 186, train_acc: 31.850961446762085, val_acc: 7.62, fidel_score: 7.46, acc_loss: 2.0465314835309982, grad_loss: None
2022-04-25 18:53:44,958 DEBUG epoch: 187, train_acc: 32.865084171295166, val_acc: 7.58, fidel_score: 7.84, acc_loss: 2.067115381360054, grad_loss: None
2022-04-25 18:53:46,055 DEBUG epoch: 188, train_acc: 33.0078125, val_acc: 7.59, fidel_score: 7.8, acc_loss: 2.0027134716510773, grad_loss: None
2022-04-25 18:53:47,167 DEBUG epoch: 189, train_acc: 34.652944564819336, val_acc: 7.43, fidel_score: 7.38, acc_loss: 1.9980018585920334, grad_loss: None
2022-04-25 18:53:48,264 DEBUG epoch: 190, train_acc: 30.686598539352417, val_acc: 7.74, fidel_score: 7.92, acc_loss: 2.0835567265748978, grad_loss: None
2022-04-25 18:53:49,386 DEBUG epoch: 191, train_acc: 34.27734375, val_acc: 7.3, fidel_score: 7.45, acc_loss: 1.9723180681467056, grad_loss: None
2022-04-25 18:53:50,485 DEBUG epoch: 192, train_acc: 30.025540828704834, val_acc: 7.57, fidel_score: 7.92, acc_loss: 2.0740101486444473, grad_loss: None
2022-04-25 18:53:51,621 DEBUG epoch: 193, train_acc: 33.969350814819336, val_acc: 6.91, fidel_score: 7.05, acc_loss: 1.9698572158813477, grad_loss: None
2022-04-25 18:53:52,711 DEBUG epoch: 194, train_acc: 33.5336537361145, val_acc: 7.69, fidel_score: 7.83, acc_loss: 1.9752139002084732, grad_loss: None
2022-04-25 18:53:53,801 DEBUG epoch: 195, train_acc: 33.51862978935242, val_acc: 7.17, fidel_score: 7.7, acc_loss: 1.9657952189445496, grad_loss: None
2022-04-25 18:53:54,904 DEBUG epoch: 196, train_acc: 35.22385811805725, val_acc: 7.12, fidel_score: 7.47, acc_loss: 1.9313884973526, grad_loss: None
2022-04-25 18:53:56,021 DEBUG epoch: 197, train_acc: 35.02103352546692, val_acc: 7.67, fidel_score: 7.66, acc_loss: 1.948288008570671, grad_loss: None
2022-04-25 18:53:57,123 DEBUG epoch: 198, train_acc: 32.59465146064758, val_acc: 7.68, fidel_score: 7.61, acc_loss: 2.022829055786133, grad_loss: None
2022-04-25 18:53:58,248 DEBUG epoch: 199, train_acc: 32.68479537963867, val_acc: 7.34, fidel_score: 7.32, acc_loss: 2.0144141614437103, grad_loss: None
2022-04-25 18:53:59,348 DEBUG epoch: 200, train_acc: 35.336538314819336, val_acc: 7.62, fidel_score: 7.87, acc_loss: 1.9394857287406921, grad_loss: None
2022-04-25 18:54:00,445 DEBUG epoch: 201, train_acc: 30.393629789352417, val_acc: 7.68, fidel_score: 7.81, acc_loss: 2.061780884861946, grad_loss: None
2022-04-25 18:54:01,542 DEBUG epoch: 202, train_acc: 29.16917061805725, val_acc: 7.02, fidel_score: 7.01, acc_loss: 2.156321957707405, grad_loss: None
2022-04-25 18:54:02,629 DEBUG epoch: 203, train_acc: 30.806790828704834, val_acc: 7.72, fidel_score: 7.85, acc_loss: 2.05244979262352, grad_loss: None
2022-04-25 18:54:03,731 DEBUG epoch: 204, train_acc: 35.80228328704834, val_acc: 7.58, fidel_score: 7.69, acc_loss: 1.9644063413143158, grad_loss: None
2022-04-25 18:54:04,820 DEBUG epoch: 205, train_acc: 33.97686290740967, val_acc: 7.46, fidel_score: 7.54, acc_loss: 1.9233720302581787, grad_loss: None
2022-04-25 18:54:05,916 DEBUG epoch: 206, train_acc: 32.91766834259033, val_acc: 7.56, fidel_score: 7.54, acc_loss: 1.986657977104187, grad_loss: None
2022-04-25 18:54:07,025 DEBUG epoch: 207, train_acc: 33.97686290740967, val_acc: 7.33, fidel_score: 7.47, acc_loss: 1.941046804189682, grad_loss: None
2022-04-25 18:54:08,134 DEBUG epoch: 208, train_acc: 32.80498790740967, val_acc: 7.4, fidel_score: 7.49, acc_loss: 2.0069741308689117, grad_loss: None
2022-04-25 18:54:09,225 DEBUG epoch: 209, train_acc: 32.39182686805725, val_acc: 6.89, fidel_score: 7.32, acc_loss: 2.06483918428421, grad_loss: None
2022-04-25 18:54:10,343 DEBUG epoch: 210, train_acc: 33.91676664352417, val_acc: 7.58, fidel_score: 7.42, acc_loss: 1.9684130400419235, grad_loss: None
2022-04-25 18:54:11,454 DEBUG epoch: 211, train_acc: 36.703725814819336, val_acc: 7.47, fidel_score: 7.56, acc_loss: 1.907068446278572, grad_loss: None
2022-04-25 18:54:12,556 DEBUG epoch: 212, train_acc: 36.06520414352417, val_acc: 7.72, fidel_score: 7.78, acc_loss: 1.89182510972023, grad_loss: None
2022-04-25 18:54:13,653 DEBUG epoch: 213, train_acc: 35.08112955093384, val_acc: 7.6, fidel_score: 7.84, acc_loss: 1.8666727542877197, grad_loss: None
2022-04-25 18:54:14,761 DEBUG epoch: 214, train_acc: 33.87920665740967, val_acc: 7.36, fidel_score: 7.66, acc_loss: 1.954783871769905, grad_loss: None
2022-04-25 18:54:15,865 DEBUG epoch: 215, train_acc: 34.9008412361145, val_acc: 7.29, fidel_score: 7.49, acc_loss: 1.8990384638309479, grad_loss: None
2022-04-25 18:54:16,953 DEBUG epoch: 216, train_acc: 32.339242696762085, val_acc: 7.65, fidel_score: 7.69, acc_loss: 1.9835924059152603, grad_loss: None
2022-04-25 18:54:18,051 DEBUG epoch: 217, train_acc: 35.1938099861145, val_acc: 7.02, fidel_score: 7.24, acc_loss: 1.9230206161737442, grad_loss: None
2022-04-25 18:54:19,159 DEBUG epoch: 218, train_acc: 34.49519228935242, val_acc: 7.72, fidel_score: 7.8, acc_loss: 1.994932845234871, grad_loss: None
2022-04-25 18:54:20,262 DEBUG epoch: 219, train_acc: 34.95342540740967, val_acc: 7.41, fidel_score: 7.51, acc_loss: 1.9715773463249207, grad_loss: None
2022-04-25 18:54:21,365 DEBUG epoch: 220, train_acc: 34.908353328704834, val_acc: 7.74, fidel_score: 7.78, acc_loss: 1.9422338008880615, grad_loss: None
2022-04-25 18:54:22,481 DEBUG epoch: 221, train_acc: 35.92998790740967, val_acc: 7.48, fidel_score: 7.53, acc_loss: 1.8966629058122635, grad_loss: None
2022-04-25 18:54:23,585 DEBUG epoch: 222, train_acc: 32.421875, val_acc: 7.56, fidel_score: 7.62, acc_loss: 1.962446928024292, grad_loss: None
2022-04-25 18:54:24,701 DEBUG epoch: 223, train_acc: 35.884915828704834, val_acc: 7.07, fidel_score: 7.23, acc_loss: 1.8727968037128448, grad_loss: None
2022-04-25 18:54:25,805 DEBUG epoch: 224, train_acc: 33.09795665740967, val_acc: 7.83, fidel_score: 7.89, acc_loss: 1.986501857638359, grad_loss: None
2022-04-25 18:54:26,910 DEBUG epoch: 225, train_acc: 36.16286039352417, val_acc: 7.39, fidel_score: 7.53, acc_loss: 1.9085285514593124, grad_loss: None
2022-04-25 18:54:28,014 DEBUG epoch: 226, train_acc: 36.8539662361145, val_acc: 7.71, fidel_score: 7.77, acc_loss: 1.942839652299881, grad_loss: None
2022-04-25 18:54:29,104 DEBUG epoch: 227, train_acc: 35.494290828704834, val_acc: 7.61, fidel_score: 7.74, acc_loss: 1.9026602059602737, grad_loss: None
2022-04-25 18:54:30,201 DEBUG epoch: 228, train_acc: 35.51682686805725, val_acc: 7.6, fidel_score: 7.65, acc_loss: 1.8990534543991089, grad_loss: None
2022-04-25 18:54:31,314 DEBUG epoch: 229, train_acc: 34.7055287361145, val_acc: 7.62, fidel_score: 7.82, acc_loss: 1.9236790090799332, grad_loss: None
2022-04-25 18:54:32,413 DEBUG epoch: 230, train_acc: 34.67548084259033, val_acc: 7.22, fidel_score: 7.47, acc_loss: 1.9194357693195343, grad_loss: None
2022-04-25 18:54:33,524 DEBUG epoch: 231, train_acc: 35.268930196762085, val_acc: 7.79, fidel_score: 7.75, acc_loss: 1.8694131523370743, grad_loss: None
2022-04-25 18:54:34,617 DEBUG epoch: 232, train_acc: 36.500901222229004, val_acc: 7.37, fidel_score: 7.3, acc_loss: 1.8369697481393814, grad_loss: None
2022-04-25 18:54:35,725 DEBUG epoch: 233, train_acc: 37.75540852546692, val_acc: 7.7, fidel_score: 7.87, acc_loss: 1.886711522936821, grad_loss: None
2022-04-25 18:54:36,872 DEBUG epoch: 234, train_acc: 34.57782459259033, val_acc: 7.35, fidel_score: 7.56, acc_loss: 1.9429366290569305, grad_loss: None
2022-04-25 18:54:37,968 DEBUG epoch: 235, train_acc: 37.95823287963867, val_acc: 7.59, fidel_score: 7.97, acc_loss: 1.8646377325057983, grad_loss: None
2022-04-25 18:54:39,081 DEBUG epoch: 236, train_acc: 36.606069564819336, val_acc: 7.51, fidel_score: 7.72, acc_loss: 1.8493297100067139, grad_loss: None
2022-04-25 18:54:40,176 DEBUG epoch: 237, train_acc: 36.538461208343506, val_acc: 7.55, fidel_score: 7.67, acc_loss: 1.86151322722435, grad_loss: None
2022-04-25 18:54:41,289 DEBUG epoch: 238, train_acc: 36.80889415740967, val_acc: 7.1, fidel_score: 7.38, acc_loss: 1.837298035621643, grad_loss: None
2022-04-25 18:54:42,388 DEBUG epoch: 239, train_acc: 35.036057472229004, val_acc: 7.43, fidel_score: 7.68, acc_loss: 1.9635944813489914, grad_loss: None
2022-04-25 18:54:43,520 DEBUG epoch: 240, train_acc: 35.9375, val_acc: 7.31, fidel_score: 7.57, acc_loss: 1.8916823714971542, grad_loss: None
2022-04-25 18:54:44,629 DEBUG epoch: 241, train_acc: 39.453125, val_acc: 7.59, fidel_score: 7.82, acc_loss: 1.7771508544683456, grad_loss: None
2022-04-25 18:54:45,733 DEBUG epoch: 242, train_acc: 40.8203125, val_acc: 7.8, fidel_score: 7.57, acc_loss: 1.8135654777288437, grad_loss: None
2022-04-25 18:54:46,842 DEBUG epoch: 243, train_acc: 38.138521671295166, val_acc: 7.38, fidel_score: 7.47, acc_loss: 1.7872761338949203, grad_loss: None
2022-04-25 18:54:47,945 DEBUG epoch: 244, train_acc: 37.95072078704834, val_acc: 7.47, fidel_score: 7.51, acc_loss: 1.7788763791322708, grad_loss: None
2022-04-25 18:54:49,039 DEBUG epoch: 245, train_acc: 39.438100814819336, val_acc: 7.49, fidel_score: 7.61, acc_loss: 1.785852998495102, grad_loss: None
2022-04-25 18:54:50,142 DEBUG epoch: 246, train_acc: 39.528244972229004, val_acc: 7.43, fidel_score: 7.39, acc_loss: 1.771442025899887, grad_loss: None
2022-04-25 18:54:51,258 DEBUG epoch: 247, train_acc: 39.723557472229004, val_acc: 7.9, fidel_score: 7.94, acc_loss: 1.8168255537748337, grad_loss: None
2022-04-25 18:54:52,350 DEBUG epoch: 248, train_acc: 39.798677921295166, val_acc: 7.46, fidel_score: 7.85, acc_loss: 1.783837378025055, grad_loss: None
2022-04-25 18:54:53,463 DEBUG epoch: 249, train_acc: 39.821213722229004, val_acc: 7.52, fidel_score: 7.62, acc_loss: 1.7925304025411606, grad_loss: None
2022-04-25 18:54:54,563 DEBUG epoch: 250, train_acc: 39.83623790740967, val_acc: 7.54, fidel_score: 7.92, acc_loss: 1.7835889756679535, grad_loss: None
2022-04-25 18:54:55,667 DEBUG epoch: 251, train_acc: 41.14332914352417, val_acc: 7.29, fidel_score: 7.64, acc_loss: 1.7290004193782806, grad_loss: None
2022-04-25 18:54:56,770 DEBUG epoch: 252, train_acc: 37.3422474861145, val_acc: 7.72, fidel_score: 8.1, acc_loss: 1.8189501464366913, grad_loss: None
2022-04-25 18:54:57,879 DEBUG epoch: 253, train_acc: 37.875600814819336, val_acc: 7.62, fidel_score: 7.93, acc_loss: 1.7829833179712296, grad_loss: None
2022-04-25 18:54:58,993 DEBUG epoch: 254, train_acc: 39.28786039352417, val_acc: 7.68, fidel_score: 8.14, acc_loss: 1.8072470277547836, grad_loss: None
2022-04-25 18:55:00,102 DEBUG epoch: 255, train_acc: 37.71784830093384, val_acc: 7.95, fidel_score: 7.93, acc_loss: 1.804714858531952, grad_loss: None
2022-04-25 18:55:01,206 DEBUG epoch: 256, train_acc: 40.65504789352417, val_acc: 7.73, fidel_score: 7.95, acc_loss: 1.7525139898061752, grad_loss: None
2022-04-25 18:55:02,317 DEBUG epoch: 257, train_acc: 39.731069564819336, val_acc: 7.95, fidel_score: 7.97, acc_loss: 1.745105817914009, grad_loss: None
2022-04-25 18:55:03,414 DEBUG epoch: 258, train_acc: 40.43719959259033, val_acc: 7.95, fidel_score: 7.87, acc_loss: 1.763187125325203, grad_loss: None
2022-04-25 18:55:04,513 DEBUG epoch: 259, train_acc: 40.347054958343506, val_acc: 7.9, fidel_score: 8.07, acc_loss: 1.7339040637016296, grad_loss: None
2022-04-25 18:55:05,623 DEBUG epoch: 260, train_acc: 40.53485584259033, val_acc: 7.56, fidel_score: 7.67, acc_loss: 1.7488120198249817, grad_loss: None
2022-04-25 18:55:06,709 DEBUG epoch: 261, train_acc: 39.2578125, val_acc: 7.38, fidel_score: 7.78, acc_loss: 1.746201515197754, grad_loss: None
2022-04-25 18:55:07,822 DEBUG epoch: 262, train_acc: 40.700119972229004, val_acc: 7.9, fidel_score: 8.01, acc_loss: 1.7366563975811005, grad_loss: None
2022-04-25 18:55:08,934 DEBUG epoch: 263, train_acc: 37.3046875, val_acc: 7.76, fidel_score: 7.97, acc_loss: 1.788164034485817, grad_loss: None
2022-04-25 18:55:10,037 DEBUG epoch: 264, train_acc: 38.69441080093384, val_acc: 7.78, fidel_score: 7.89, acc_loss: 1.7584429532289505, grad_loss: None
2022-04-25 18:55:11,142 DEBUG epoch: 265, train_acc: 40.19681453704834, val_acc: 8.02, fidel_score: 8.23, acc_loss: 1.7440671026706696, grad_loss: None
2022-04-25 18:55:12,239 DEBUG epoch: 266, train_acc: 40.98557662963867, val_acc: 7.61, fidel_score: 7.77, acc_loss: 1.7070586532354355, grad_loss: None
2022-04-25 18:55:13,334 DEBUG epoch: 267, train_acc: 38.17608165740967, val_acc: 7.73, fidel_score: 7.93, acc_loss: 1.8077942878007889, grad_loss: None
2022-04-25 18:55:14,444 DEBUG epoch: 268, train_acc: 40.25691080093384, val_acc: 7.39, fidel_score: 7.73, acc_loss: 1.7423126101493835, grad_loss: None
2022-04-25 18:55:15,559 DEBUG epoch: 269, train_acc: 41.879507064819336, val_acc: 7.52, fidel_score: 7.77, acc_loss: 1.7251789718866348, grad_loss: None
2022-04-25 18:55:16,650 DEBUG epoch: 270, train_acc: 40.865384578704834, val_acc: 7.58, fidel_score: 7.67, acc_loss: 1.7442460805177689, grad_loss: None
2022-04-25 18:55:17,744 DEBUG epoch: 271, train_acc: 39.46063709259033, val_acc: 7.76, fidel_score: 7.89, acc_loss: 1.7722416073083878, grad_loss: None
2022-04-25 18:55:18,847 DEBUG epoch: 272, train_acc: 39.74609375, val_acc: 7.7, fidel_score: 7.75, acc_loss: 1.7670939564704895, grad_loss: None
2022-04-25 18:55:19,971 DEBUG epoch: 273, train_acc: 38.656850814819336, val_acc: 7.45, fidel_score: 7.77, acc_loss: 1.753656044602394, grad_loss: None
2022-04-25 18:55:21,081 DEBUG epoch: 274, train_acc: 36.77884578704834, val_acc: 7.79, fidel_score: 8.04, acc_loss: 1.8451526015996933, grad_loss: None
2022-04-25 18:55:22,180 DEBUG epoch: 275, train_acc: 41.75931453704834, val_acc: 7.6, fidel_score: 7.63, acc_loss: 1.732614904642105, grad_loss: None
2022-04-25 18:55:23,295 DEBUG epoch: 276, train_acc: 40.12920665740967, val_acc: 7.54, fidel_score: 7.68, acc_loss: 1.740494966506958, grad_loss: None
2022-04-25 18:55:24,395 DEBUG epoch: 277, train_acc: 40.151742458343506, val_acc: 7.7, fidel_score: 7.88, acc_loss: 1.7245443314313889, grad_loss: None
2022-04-25 18:55:25,499 DEBUG epoch: 278, train_acc: 42.555588722229004, val_acc: 7.77, fidel_score: 8.17, acc_loss: 1.679662749171257, grad_loss: None
2022-04-25 18:55:26,600 DEBUG epoch: 279, train_acc: 37.973257064819336, val_acc: 7.59, fidel_score: 7.69, acc_loss: 1.8123081773519516, grad_loss: None
2022-04-25 18:55:27,695 DEBUG epoch: 280, train_acc: 40.309494972229004, val_acc: 7.46, fidel_score: 7.85, acc_loss: 1.7640985697507858, grad_loss: None
2022-04-25 18:55:28,783 DEBUG epoch: 281, train_acc: 38.70192289352417, val_acc: 7.58, fidel_score: 7.8, acc_loss: 1.7823547422885895, grad_loss: None
2022-04-25 18:55:29,880 DEBUG epoch: 282, train_acc: 39.858773708343506, val_acc: 7.65, fidel_score: 7.98, acc_loss: 1.7435150295495987, grad_loss: None
2022-04-25 18:55:31,009 DEBUG epoch: 283, train_acc: 41.27103328704834, val_acc: 7.68, fidel_score: 7.55, acc_loss: 1.7336388230323792, grad_loss: None
2022-04-25 18:55:32,112 DEBUG epoch: 284, train_acc: 43.697415828704834, val_acc: 7.68, fidel_score: 7.75, acc_loss: 1.7137643843889236, grad_loss: None
2022-04-25 18:55:33,230 DEBUG epoch: 285, train_acc: 41.556490421295166, val_acc: 7.71, fidel_score: 7.8, acc_loss: 1.7634202539920807, grad_loss: None
2022-04-25 18:55:34,320 DEBUG epoch: 286, train_acc: 43.1039662361145, val_acc: 7.57, fidel_score: 7.53, acc_loss: 1.7098757475614548, grad_loss: None
2022-04-25 18:55:35,426 DEBUG epoch: 287, train_acc: 41.7367787361145, val_acc: 7.39, fidel_score: 7.57, acc_loss: 1.7703137546777725, grad_loss: None
2022-04-25 18:55:36,525 DEBUG epoch: 288, train_acc: 43.38191080093384, val_acc: 7.95, fidel_score: 7.98, acc_loss: 1.6841862350702286, grad_loss: None
2022-04-25 18:55:37,624 DEBUG epoch: 289, train_acc: 39.858773708343506, val_acc: 7.38, fidel_score: 7.85, acc_loss: 1.7461457699537277, grad_loss: None
2022-04-25 18:55:38,735 DEBUG epoch: 290, train_acc: 40.94050455093384, val_acc: 7.8, fidel_score: 8.0, acc_loss: 1.7517627626657486, grad_loss: None
2022-04-25 18:55:39,834 DEBUG epoch: 291, train_acc: 41.39873790740967, val_acc: 7.54, fidel_score: 7.68, acc_loss: 1.733548492193222, grad_loss: None
2022-04-25 18:55:40,940 DEBUG epoch: 292, train_acc: 40.444711208343506, val_acc: 7.39, fidel_score: 7.78, acc_loss: 1.7148502171039581, grad_loss: None
2022-04-25 18:55:42,027 DEBUG epoch: 293, train_acc: 42.21003580093384, val_acc: 7.32, fidel_score: 7.68, acc_loss: 1.6700297147035599, grad_loss: None
2022-04-25 18:55:43,139 DEBUG epoch: 294, train_acc: 42.67578125, val_acc: 7.28, fidel_score: 7.44, acc_loss: 1.6876408606767654, grad_loss: None
2022-04-25 18:55:44,252 DEBUG epoch: 295, train_acc: 38.589242458343506, val_acc: 7.99, fidel_score: 8.14, acc_loss: 1.853522777557373, grad_loss: None
2022-04-25 18:55:45,360 DEBUG epoch: 296, train_acc: 39.84375, val_acc: 7.52, fidel_score: 7.65, acc_loss: 1.7325788736343384, grad_loss: None
2022-04-25 18:55:46,469 DEBUG epoch: 297, train_acc: 41.744290828704834, val_acc: 7.43, fidel_score: 7.68, acc_loss: 1.7457251250743866, grad_loss: None
2022-04-25 18:55:47,570 DEBUG epoch: 298, train_acc: 39.13010811805725, val_acc: 7.41, fidel_score: 7.74, acc_loss: 1.711089849472046, grad_loss: None
2022-04-25 18:55:48,687 DEBUG epoch: 299, train_acc: 41.879507064819336, val_acc: 7.88, fidel_score: 8.09, acc_loss: 1.6754630357027054, grad_loss: None
2022-04-25 18:55:49,788 DEBUG epoch: 300, train_acc: 40.78275227546692, val_acc: 7.95, fidel_score: 8.0, acc_loss: 1.7772619426250458, grad_loss: None
2022-04-25 18:55:49,788 DEBUG load best stealed model.
2022-04-25 18:55:49,788 DEBUG Best perform model, val_acc: 8.02, fidel_score: 8.23, acc_loss: 1.7440671026706696
2022-04-25 18:55:49,789 DEBUG load cloest stealed model.
2022-04-25 18:55:49,789 DEBUG Closest perform model, val_acc: 8.02, fidel_score: 8.23, acc_loss: 1.7440671026706696
