2022-04-27 16:40:02,742 DEBUG Namespace(arch='vgg11_bn', attack_client=0, attack_epochs=300, attack_style='GM_option_CIFAR100', average_time=1, batch_size=128, bottleneck_option='None', cutlayer=4, data_proportion=1.0, dataset='cifar10', filename='ace_V2_epoch_vgg11_bn_cutlayer_4_client_1_seed125_dataset_cifar10_lr_0.05_200epoch', folder='saves/baseline', learning_rate=0.005, noniid_ratio=1.0, num_client=1, num_epochs='best', num_query=10000, random_seed=123, regularization='None', regularization_strength=0.0, scheme='V2_epoch', surrogate_arch='wider', test_best=True, train_clas_layer=3.0)
2022-04-27 16:40:06,428 DEBUG Test (client-0):	Loss 0.6164 (0.3623)	Prec@1 81.250 (91.890)
2022-04-27 16:40:06,428 DEBUG  * Prec@1 91.890
2022-04-27 16:40:06,549 DEBUG 6
2022-04-27 16:40:06,549 DEBUG surrogate parameter has 6 trainable parameters!
2022-04-27 16:40:12,360 DEBUG epoch: 0, val_acc: 8.52, val_fidelity: 8.56
2022-04-27 16:40:15,210 DEBUG epoch: 1, train_acc: 0.0, val_acc: 22.94, fidel_score: 23.77, acc_loss: 0.0, grad_loss: 1.0418226967884014
2022-04-27 16:40:18,172 DEBUG epoch: 2, train_acc: 0.0, val_acc: 39.21, fidel_score: 40.93, acc_loss: 0.0, grad_loss: 1.0283565943754172
2022-04-27 16:40:21,099 DEBUG epoch: 3, train_acc: 0.0, val_acc: 47.32, fidel_score: 49.51, acc_loss: 0.0, grad_loss: 1.0155970333497735
2022-04-27 16:40:23,982 DEBUG epoch: 4, train_acc: 0.0, val_acc: 45.84, fidel_score: 47.71, acc_loss: 0.0, grad_loss: 1.0028151032290882
2022-04-27 16:40:26,993 DEBUG epoch: 5, train_acc: 0.0, val_acc: 34.15, fidel_score: 35.35, acc_loss: 0.0, grad_loss: 0.9884120588061176
2022-04-27 16:40:29,925 DEBUG epoch: 6, train_acc: 0.0, val_acc: 23.09, fidel_score: 24.02, acc_loss: 0.0, grad_loss: 0.9703404050839098
2022-04-27 16:40:32,921 DEBUG epoch: 7, train_acc: 0.0, val_acc: 22.81, fidel_score: 23.71, acc_loss: 0.0, grad_loss: 0.950805279273021
2022-04-27 16:40:35,803 DEBUG epoch: 8, train_acc: 0.0, val_acc: 29.19, fidel_score: 30.32, acc_loss: 0.0, grad_loss: 0.9319696215134633
2022-04-27 16:40:38,720 DEBUG epoch: 9, train_acc: 0.0, val_acc: 39.83, fidel_score: 41.37, acc_loss: 0.0, grad_loss: 0.9130473121812072
2022-04-27 16:40:41,580 DEBUG epoch: 10, train_acc: 0.0, val_acc: 52.01, fidel_score: 54.64, acc_loss: 0.0, grad_loss: 0.8938305823108817
2022-04-27 16:40:44,456 DEBUG epoch: 11, train_acc: 0.0, val_acc: 67.07, fidel_score: 70.94, acc_loss: 0.0, grad_loss: 0.8699792321724228
2022-04-27 16:40:47,363 DEBUG epoch: 12, train_acc: 0.0, val_acc: 75.83, fidel_score: 80.43, acc_loss: 0.0, grad_loss: 0.8420489785037463
2022-04-27 16:40:50,258 DEBUG epoch: 13, train_acc: 0.0, val_acc: 81.54, fidel_score: 86.69, acc_loss: 0.0, grad_loss: 0.8059626795068572
2022-04-27 16:40:53,229 DEBUG epoch: 14, train_acc: 0.0, val_acc: 82.4, fidel_score: 87.95, acc_loss: 0.0, grad_loss: 0.77036346287667
2022-04-27 16:40:56,141 DEBUG epoch: 15, train_acc: 0.0, val_acc: 84.01, fidel_score: 89.85, acc_loss: 0.0, grad_loss: 0.7407321371609652
2022-04-27 16:40:59,087 DEBUG epoch: 16, train_acc: 0.0, val_acc: 85.65, fidel_score: 91.54, acc_loss: 0.0, grad_loss: 0.7166141422489022
2022-04-27 16:41:01,958 DEBUG epoch: 17, train_acc: 0.0, val_acc: 87.86, fidel_score: 93.82, acc_loss: 0.0, grad_loss: 0.6908066536806807
2022-04-27 16:41:04,922 DEBUG epoch: 18, train_acc: 0.0, val_acc: 89.11, fidel_score: 95.42, acc_loss: 0.0, grad_loss: 0.6588875349563889
2022-04-27 16:41:07,825 DEBUG epoch: 19, train_acc: 0.0, val_acc: 90.08, fidel_score: 96.28, acc_loss: 0.0, grad_loss: 0.635174689413626
2022-04-27 16:41:10,728 DEBUG epoch: 20, train_acc: 0.0, val_acc: 90.76, fidel_score: 97.29, acc_loss: 0.0, grad_loss: 0.6317000275925745
2022-04-27 16:41:13,626 DEBUG epoch: 21, train_acc: 0.0, val_acc: 91.16, fidel_score: 97.77, acc_loss: 0.0, grad_loss: 0.611045405834536
2022-04-27 16:41:16,553 DEBUG epoch: 22, train_acc: 0.0, val_acc: 91.2, fidel_score: 98.05, acc_loss: 0.0, grad_loss: 0.587372462206249
2022-04-27 16:41:19,513 DEBUG epoch: 23, train_acc: 0.0, val_acc: 91.44, fidel_score: 98.45, acc_loss: 0.0, grad_loss: 0.5981541773940944
2022-04-27 16:41:22,464 DEBUG epoch: 24, train_acc: 0.0, val_acc: 91.51, fidel_score: 98.55, acc_loss: 0.0, grad_loss: 0.5646093947977959
2022-04-27 16:41:25,385 DEBUG epoch: 25, train_acc: 0.0, val_acc: 91.64, fidel_score: 98.63, acc_loss: 0.0, grad_loss: 0.5628010264680355
2022-04-27 16:41:28,321 DEBUG epoch: 26, train_acc: 0.0, val_acc: 91.69, fidel_score: 98.79, acc_loss: 0.0, grad_loss: 0.5521335688572896
2022-04-27 16:41:31,273 DEBUG epoch: 27, train_acc: 0.0, val_acc: 91.72, fidel_score: 98.84, acc_loss: 0.0, grad_loss: 0.5543040387992617
2022-04-27 16:41:34,094 DEBUG epoch: 28, train_acc: 0.0, val_acc: 91.73, fidel_score: 99.08, acc_loss: 0.0, grad_loss: 0.5398661460303054
2022-04-27 16:41:36,990 DEBUG epoch: 29, train_acc: 0.0, val_acc: 91.76, fidel_score: 99.01, acc_loss: 0.0, grad_loss: 0.540943160464492
2022-04-27 16:41:39,970 DEBUG epoch: 30, train_acc: 0.0, val_acc: 91.73, fidel_score: 98.88, acc_loss: 0.0, grad_loss: 0.5222879561442363
2022-04-27 16:41:42,907 DEBUG epoch: 31, train_acc: 0.0, val_acc: 91.69, fidel_score: 99.05, acc_loss: 0.0, grad_loss: 0.509283676554885
2022-04-27 16:41:45,884 DEBUG epoch: 32, train_acc: 0.0, val_acc: 91.72, fidel_score: 99.02, acc_loss: 0.0, grad_loss: 0.5086490413810634
2022-04-27 16:41:48,865 DEBUG epoch: 33, train_acc: 0.0, val_acc: 91.89, fidel_score: 99.11, acc_loss: 0.0, grad_loss: 0.4885599160496193
2022-04-27 16:41:51,749 DEBUG epoch: 34, train_acc: 0.0, val_acc: 91.62, fidel_score: 99.12, acc_loss: 0.0, grad_loss: 0.4967275774931606
2022-04-27 16:41:54,713 DEBUG epoch: 35, train_acc: 0.0, val_acc: 91.78, fidel_score: 99.15, acc_loss: 0.0, grad_loss: 0.507782949299752
2022-04-27 16:41:57,600 DEBUG epoch: 36, train_acc: 0.0, val_acc: 91.73, fidel_score: 99.25, acc_loss: 0.0, grad_loss: 0.4990490833415261
2022-04-27 16:42:00,463 DEBUG epoch: 37, train_acc: 0.0, val_acc: 91.73, fidel_score: 99.08, acc_loss: 0.0, grad_loss: 0.48631214039235177
2022-04-27 16:42:03,400 DEBUG epoch: 38, train_acc: 0.0, val_acc: 91.9, fidel_score: 98.95, acc_loss: 0.0, grad_loss: 0.4892923782897901
2022-04-27 16:42:06,333 DEBUG epoch: 39, train_acc: 0.0, val_acc: 91.79, fidel_score: 99.1, acc_loss: 0.0, grad_loss: 0.48149057694628267
2022-04-27 16:42:09,254 DEBUG epoch: 40, train_acc: 0.0, val_acc: 91.85, fidel_score: 99.21, acc_loss: 0.0, grad_loss: 0.48358652976494804
2022-04-27 16:42:12,224 DEBUG epoch: 41, train_acc: 0.0, val_acc: 91.67, fidel_score: 99.08, acc_loss: 0.0, grad_loss: 0.4748737619647497
2022-04-27 16:42:15,239 DEBUG epoch: 42, train_acc: 0.0, val_acc: 91.78, fidel_score: 99.15, acc_loss: 0.0, grad_loss: 0.47292106174215487
2022-04-27 16:42:18,172 DEBUG epoch: 43, train_acc: 0.0, val_acc: 91.75, fidel_score: 99.1, acc_loss: 0.0, grad_loss: 0.4682594390609596
2022-04-27 16:42:21,029 DEBUG epoch: 44, train_acc: 0.0, val_acc: 91.72, fidel_score: 99.28, acc_loss: 0.0, grad_loss: 0.46237337362917164
2022-04-27 16:42:23,859 DEBUG epoch: 45, train_acc: 0.0, val_acc: 91.79, fidel_score: 99.21, acc_loss: 0.0, grad_loss: 0.4536334061169926
2022-04-27 16:42:26,779 DEBUG epoch: 46, train_acc: 0.0, val_acc: 91.78, fidel_score: 99.01, acc_loss: 0.0, grad_loss: 0.45861504915394363
2022-04-27 16:42:29,732 DEBUG epoch: 47, train_acc: 0.0, val_acc: 91.73, fidel_score: 99.19, acc_loss: 0.0, grad_loss: 0.4657680645019193
2022-04-27 16:42:32,674 DEBUG epoch: 48, train_acc: 0.0, val_acc: 91.79, fidel_score: 99.23, acc_loss: 0.0, grad_loss: 0.4615859796729269
2022-04-27 16:42:35,596 DEBUG epoch: 49, train_acc: 0.0, val_acc: 91.95, fidel_score: 99.35, acc_loss: 0.0, grad_loss: 0.4485517057436931
2022-04-27 16:42:38,555 DEBUG epoch: 50, train_acc: 0.0, val_acc: 91.78, fidel_score: 99.24, acc_loss: 0.0, grad_loss: 0.4587689962568162
2022-04-27 16:42:41,500 DEBUG epoch: 51, train_acc: 0.0, val_acc: 91.61, fidel_score: 99.1, acc_loss: 0.0, grad_loss: 0.45264645354657235
2022-04-27 16:42:44,491 DEBUG epoch: 52, train_acc: 0.0, val_acc: 91.78, fidel_score: 99.22, acc_loss: 0.0, grad_loss: 0.43677429571936405
2022-04-27 16:42:47,457 DEBUG epoch: 53, train_acc: 0.0, val_acc: 91.88, fidel_score: 99.22, acc_loss: 0.0, grad_loss: 0.43405927925170223
2022-04-27 16:42:50,403 DEBUG epoch: 54, train_acc: 0.0, val_acc: 91.75, fidel_score: 99.19, acc_loss: 0.0, grad_loss: 0.4408890291859832
2022-04-27 16:42:53,379 DEBUG epoch: 55, train_acc: 0.0, val_acc: 91.68, fidel_score: 99.15, acc_loss: 0.0, grad_loss: 0.42428829473785207
2022-04-27 16:42:56,313 DEBUG epoch: 56, train_acc: 0.0, val_acc: 91.77, fidel_score: 99.17, acc_loss: 0.0, grad_loss: 0.43883347737638256
2022-04-27 16:42:59,254 DEBUG epoch: 57, train_acc: 0.0, val_acc: 91.79, fidel_score: 99.23, acc_loss: 0.0, grad_loss: 0.43247784051714067
2022-04-27 16:43:02,093 DEBUG epoch: 58, train_acc: 0.0, val_acc: 91.86, fidel_score: 99.18, acc_loss: 0.0, grad_loss: 0.43295020393178435
2022-04-27 16:43:05,047 DEBUG epoch: 59, train_acc: 0.0, val_acc: 91.76, fidel_score: 99.13, acc_loss: 0.0, grad_loss: 0.4283771673335305
2022-04-27 16:43:08,041 DEBUG epoch: 60, train_acc: 0.0, val_acc: 91.76, fidel_score: 99.24, acc_loss: 0.0, grad_loss: 0.43086610828773886
2022-04-27 16:43:11,005 DEBUG epoch: 61, train_acc: 0.0, val_acc: 91.78, fidel_score: 99.13, acc_loss: 0.0, grad_loss: 0.42107198283642155
2022-04-27 16:43:13,823 DEBUG epoch: 62, train_acc: 0.0, val_acc: 91.78, fidel_score: 99.27, acc_loss: 0.0, grad_loss: 0.43497071198270293
2022-04-27 16:43:16,775 DEBUG epoch: 63, train_acc: 0.0, val_acc: 91.82, fidel_score: 99.18, acc_loss: 0.0, grad_loss: 0.42176838426650326
2022-04-27 16:43:19,644 DEBUG epoch: 64, train_acc: 0.0, val_acc: 91.8, fidel_score: 99.23, acc_loss: 0.0, grad_loss: 0.4144297528870498
2022-04-27 16:43:22,565 DEBUG epoch: 65, train_acc: 0.0, val_acc: 91.67, fidel_score: 99.04, acc_loss: 0.0, grad_loss: 0.4055601599850232
2022-04-27 16:43:25,495 DEBUG epoch: 66, train_acc: 0.0, val_acc: 91.69, fidel_score: 99.25, acc_loss: 0.0, grad_loss: 0.42170722386505033
2022-04-27 16:43:28,421 DEBUG epoch: 67, train_acc: 0.0, val_acc: 91.87, fidel_score: 99.21, acc_loss: 0.0, grad_loss: 0.41325498645818687
2022-04-27 16:43:31,353 DEBUG epoch: 68, train_acc: 0.0, val_acc: 91.82, fidel_score: 99.2, acc_loss: 0.0, grad_loss: 0.4195408515537841
2022-04-27 16:43:34,271 DEBUG epoch: 69, train_acc: 0.0, val_acc: 91.8, fidel_score: 99.07, acc_loss: 0.0, grad_loss: 0.4223295733144012
2022-04-27 16:43:37,220 DEBUG epoch: 70, train_acc: 0.0, val_acc: 91.82, fidel_score: 99.16, acc_loss: 0.0, grad_loss: 0.4131647759600531
2022-04-27 16:43:40,159 DEBUG epoch: 71, train_acc: 0.0, val_acc: 91.9, fidel_score: 99.27, acc_loss: 0.0, grad_loss: 0.4174465190006208
2022-04-27 16:43:43,121 DEBUG epoch: 72, train_acc: 0.0, val_acc: 91.79, fidel_score: 99.18, acc_loss: 0.0, grad_loss: 0.41995975111104267
2022-04-27 16:43:46,079 DEBUG epoch: 73, train_acc: 0.0, val_acc: 91.86, fidel_score: 99.14, acc_loss: 0.0, grad_loss: 0.42215016333362726
2022-04-27 16:43:49,049 DEBUG epoch: 74, train_acc: 0.0, val_acc: 91.71, fidel_score: 99.24, acc_loss: 0.0, grad_loss: 0.40788697026952914
2022-04-27 16:43:51,967 DEBUG epoch: 75, train_acc: 0.0, val_acc: 91.78, fidel_score: 99.26, acc_loss: 0.0, grad_loss: 0.4180003310306163
2022-04-27 16:43:54,887 DEBUG epoch: 76, train_acc: 0.0, val_acc: 91.84, fidel_score: 99.07, acc_loss: 0.0, grad_loss: 0.4182011009771613
2022-04-27 16:43:57,881 DEBUG epoch: 77, train_acc: 0.0, val_acc: 91.82, fidel_score: 99.26, acc_loss: 0.0, grad_loss: 0.4090620147276528
2022-04-27 16:44:00,803 DEBUG epoch: 78, train_acc: 0.0, val_acc: 91.8, fidel_score: 99.19, acc_loss: 0.0, grad_loss: 0.407177761762957
2022-04-27 16:44:03,699 DEBUG epoch: 79, train_acc: 0.0, val_acc: 91.91, fidel_score: 99.17, acc_loss: 0.0, grad_loss: 0.4129390403439727
2022-04-27 16:44:06,626 DEBUG epoch: 80, train_acc: 0.0, val_acc: 91.75, fidel_score: 99.19, acc_loss: 0.0, grad_loss: 0.4264087028141263
2022-04-27 16:44:09,518 DEBUG epoch: 81, train_acc: 0.0, val_acc: 91.72, fidel_score: 99.28, acc_loss: 0.0, grad_loss: 0.4234083392952062
2022-04-27 16:44:12,438 DEBUG epoch: 82, train_acc: 0.0, val_acc: 91.85, fidel_score: 99.3, acc_loss: 0.0, grad_loss: 0.4055035997040664
2022-04-27 16:44:15,342 DEBUG epoch: 83, train_acc: 0.0, val_acc: 91.76, fidel_score: 99.18, acc_loss: 0.0, grad_loss: 0.4132905406287954
2022-04-27 16:44:18,293 DEBUG epoch: 84, train_acc: 0.0, val_acc: 91.8, fidel_score: 99.09, acc_loss: 0.0, grad_loss: 0.4087872010997579
2022-04-27 16:44:21,143 DEBUG epoch: 85, train_acc: 0.0, val_acc: 91.8, fidel_score: 99.32, acc_loss: 0.0, grad_loss: 0.4174359629425821
2022-04-27 16:44:24,053 DEBUG epoch: 86, train_acc: 0.0, val_acc: 91.76, fidel_score: 99.26, acc_loss: 0.0, grad_loss: 0.4107601548297496
2022-04-27 16:44:27,047 DEBUG epoch: 87, train_acc: 0.0, val_acc: 91.99, fidel_score: 99.28, acc_loss: 0.0, grad_loss: 0.41367814963376975
2022-04-27 16:44:29,972 DEBUG epoch: 88, train_acc: 0.0, val_acc: 91.85, fidel_score: 99.09, acc_loss: 0.0, grad_loss: 0.4133265437204627
2022-04-27 16:44:32,932 DEBUG epoch: 89, train_acc: 0.0, val_acc: 91.75, fidel_score: 99.04, acc_loss: 0.0, grad_loss: 0.4160080570963365
2022-04-27 16:44:35,805 DEBUG epoch: 90, train_acc: 0.0, val_acc: 91.76, fidel_score: 99.18, acc_loss: 0.0, grad_loss: 0.40153718522832366
2022-04-27 16:44:38,724 DEBUG epoch: 91, train_acc: 0.0, val_acc: 91.79, fidel_score: 99.18, acc_loss: 0.0, grad_loss: 0.40448478731927995
2022-04-27 16:44:41,629 DEBUG epoch: 92, train_acc: 0.0, val_acc: 91.7, fidel_score: 99.3, acc_loss: 0.0, grad_loss: 0.4215650611285922
2022-04-27 16:44:44,523 DEBUG epoch: 93, train_acc: 0.0, val_acc: 91.91, fidel_score: 99.28, acc_loss: 0.0, grad_loss: 0.3994952183735522
2022-04-27 16:44:47,471 DEBUG epoch: 94, train_acc: 0.0, val_acc: 91.75, fidel_score: 99.15, acc_loss: 0.0, grad_loss: 0.42224867811685873
2022-04-27 16:44:50,413 DEBUG epoch: 95, train_acc: 0.0, val_acc: 91.77, fidel_score: 99.25, acc_loss: 0.0, grad_loss: 0.4130719534203976
2022-04-27 16:44:53,355 DEBUG epoch: 96, train_acc: 0.0, val_acc: 91.63, fidel_score: 99.04, acc_loss: 0.0, grad_loss: 0.4131453440913671
2022-04-27 16:44:56,305 DEBUG epoch: 97, train_acc: 0.0, val_acc: 91.9, fidel_score: 99.3, acc_loss: 0.0, grad_loss: 0.4085620260691341
2022-04-27 16:44:59,262 DEBUG epoch: 98, train_acc: 0.0, val_acc: 91.69, fidel_score: 99.24, acc_loss: 0.0, grad_loss: 0.4088200413728062
2022-04-27 16:45:02,248 DEBUG epoch: 99, train_acc: 0.0, val_acc: 91.62, fidel_score: 99.17, acc_loss: 0.0, grad_loss: 0.40536474238468123
2022-04-27 16:45:05,140 DEBUG epoch: 100, train_acc: 0.0, val_acc: 91.87, fidel_score: 99.35, acc_loss: 0.0, grad_loss: 0.40170222784899456
2022-04-27 16:45:08,052 DEBUG epoch: 101, train_acc: 0.0, val_acc: 91.7, fidel_score: 99.21, acc_loss: 0.0, grad_loss: 0.40443924559822564
2022-04-27 16:45:11,019 DEBUG epoch: 102, train_acc: 0.0, val_acc: 91.82, fidel_score: 99.3, acc_loss: 0.0, grad_loss: 0.4072149067739897
2022-04-27 16:45:13,934 DEBUG epoch: 103, train_acc: 0.0, val_acc: 91.73, fidel_score: 99.2, acc_loss: 0.0, grad_loss: 0.41796792043915276
2022-04-27 16:45:16,931 DEBUG epoch: 104, train_acc: 0.0, val_acc: 91.77, fidel_score: 99.28, acc_loss: 0.0, grad_loss: 0.4124089298369009
2022-04-27 16:45:19,825 DEBUG epoch: 105, train_acc: 0.0, val_acc: 91.83, fidel_score: 99.3, acc_loss: 0.0, grad_loss: 0.3936079616033578
2022-04-27 16:45:22,784 DEBUG epoch: 106, train_acc: 0.0, val_acc: 91.72, fidel_score: 99.21, acc_loss: 0.0, grad_loss: 0.41040451202211503
2022-04-27 16:45:25,724 DEBUG epoch: 107, train_acc: 0.0, val_acc: 91.8, fidel_score: 99.15, acc_loss: 0.0, grad_loss: 0.4217133472991895
2022-04-27 16:45:28,698 DEBUG epoch: 108, train_acc: 0.0, val_acc: 91.81, fidel_score: 99.21, acc_loss: 0.0, grad_loss: 0.4047917753835268
2022-04-27 16:45:31,596 DEBUG epoch: 109, train_acc: 0.0, val_acc: 91.76, fidel_score: 99.28, acc_loss: 0.0, grad_loss: 0.389810339182238
2022-04-27 16:45:34,581 DEBUG epoch: 110, train_acc: 0.0, val_acc: 91.78, fidel_score: 99.31, acc_loss: 0.0, grad_loss: 0.3985625528082063
2022-04-27 16:45:37,504 DEBUG epoch: 111, train_acc: 0.0, val_acc: 91.95, fidel_score: 99.26, acc_loss: 0.0, grad_loss: 0.41293887020666387
2022-04-27 16:45:40,370 DEBUG epoch: 112, train_acc: 0.0, val_acc: 91.72, fidel_score: 99.24, acc_loss: 0.0, grad_loss: 0.40735796433460864
2022-04-27 16:45:43,322 DEBUG epoch: 113, train_acc: 0.0, val_acc: 91.82, fidel_score: 99.34, acc_loss: 0.0, grad_loss: 0.397995756774009
2022-04-27 16:45:46,251 DEBUG epoch: 114, train_acc: 0.0, val_acc: 91.81, fidel_score: 99.27, acc_loss: 0.0, grad_loss: 0.3982114942767952
2022-04-27 16:45:49,275 DEBUG epoch: 115, train_acc: 0.0, val_acc: 91.7, fidel_score: 99.12, acc_loss: 0.0, grad_loss: 0.3972742021838321
2022-04-27 16:45:52,221 DEBUG epoch: 116, train_acc: 0.0, val_acc: 91.82, fidel_score: 99.25, acc_loss: 0.0, grad_loss: 0.39747147431856467
2022-04-27 16:45:55,168 DEBUG epoch: 117, train_acc: 0.0, val_acc: 91.78, fidel_score: 99.25, acc_loss: 0.0, grad_loss: 0.40828110975555226
2022-04-27 16:45:58,109 DEBUG epoch: 118, train_acc: 0.0, val_acc: 91.78, fidel_score: 99.23, acc_loss: 0.0, grad_loss: 0.4057161128973659
2022-04-27 16:46:01,049 DEBUG epoch: 119, train_acc: 0.0, val_acc: 91.86, fidel_score: 99.26, acc_loss: 0.0, grad_loss: 0.38621458486665655
2022-04-27 16:46:03,994 DEBUG epoch: 120, train_acc: 0.0, val_acc: 91.82, fidel_score: 99.21, acc_loss: 0.0, grad_loss: 0.41705747797519344
2022-04-27 16:46:06,881 DEBUG epoch: 121, train_acc: 0.0, val_acc: 91.83, fidel_score: 99.21, acc_loss: 0.0, grad_loss: 0.40557943303373795
2022-04-27 16:46:09,743 DEBUG epoch: 122, train_acc: 0.0, val_acc: 91.85, fidel_score: 99.34, acc_loss: 0.0, grad_loss: 0.40257240699816355
2022-04-27 16:46:12,661 DEBUG epoch: 123, train_acc: 0.0, val_acc: 91.74, fidel_score: 99.15, acc_loss: 0.0, grad_loss: 0.4094061704376076
2022-04-27 16:46:15,582 DEBUG epoch: 124, train_acc: 0.0, val_acc: 91.85, fidel_score: 99.24, acc_loss: 0.0, grad_loss: 0.3810173827636091
2022-04-27 16:46:18,455 DEBUG epoch: 125, train_acc: 0.0, val_acc: 91.76, fidel_score: 99.3, acc_loss: 0.0, grad_loss: 0.39538314372678346
2022-04-27 16:46:21,418 DEBUG epoch: 126, train_acc: 0.0, val_acc: 91.81, fidel_score: 99.16, acc_loss: 0.0, grad_loss: 0.4097272719763502
2022-04-27 16:46:24,416 DEBUG epoch: 127, train_acc: 0.0, val_acc: 91.77, fidel_score: 99.11, acc_loss: 0.0, grad_loss: 0.40109860406646247
2022-04-27 16:46:27,336 DEBUG epoch: 128, train_acc: 0.0, val_acc: 91.76, fidel_score: 99.13, acc_loss: 0.0, grad_loss: 0.398702972297427
2022-04-27 16:46:30,265 DEBUG epoch: 129, train_acc: 0.0, val_acc: 91.84, fidel_score: 99.29, acc_loss: 0.0, grad_loss: 0.39577757897256294
2022-04-27 16:46:33,215 DEBUG epoch: 130, train_acc: 0.0, val_acc: 91.77, fidel_score: 99.2, acc_loss: 0.0, grad_loss: 0.39711194174199166
2022-04-27 16:46:36,165 DEBUG epoch: 131, train_acc: 0.0, val_acc: 91.72, fidel_score: 99.16, acc_loss: 0.0, grad_loss: 0.39526576369623595
2022-04-27 16:46:39,114 DEBUG epoch: 132, train_acc: 0.0, val_acc: 91.82, fidel_score: 99.19, acc_loss: 0.0, grad_loss: 0.40546425083015536
2022-04-27 16:46:42,036 DEBUG epoch: 133, train_acc: 0.0, val_acc: 91.84, fidel_score: 99.21, acc_loss: 0.0, grad_loss: 0.39735263963288897
2022-04-27 16:46:44,923 DEBUG epoch: 134, train_acc: 0.0, val_acc: 91.86, fidel_score: 99.18, acc_loss: 0.0, grad_loss: 0.40870172275772576
2022-04-27 16:46:47,899 DEBUG epoch: 135, train_acc: 0.0, val_acc: 91.8, fidel_score: 99.14, acc_loss: 0.0, grad_loss: 0.3978970262068736
2022-04-27 16:46:50,775 DEBUG epoch: 136, train_acc: 0.0, val_acc: 91.78, fidel_score: 99.31, acc_loss: 0.0, grad_loss: 0.396559747336786
2022-04-27 16:46:53,768 DEBUG epoch: 137, train_acc: 0.0, val_acc: 91.7, fidel_score: 99.26, acc_loss: 0.0, grad_loss: 0.4032364374474634
2022-04-27 16:46:56,653 DEBUG epoch: 138, train_acc: 0.0, val_acc: 91.8, fidel_score: 99.25, acc_loss: 0.0, grad_loss: 0.3894831096824211
2022-04-27 16:46:59,608 DEBUG epoch: 139, train_acc: 0.0, val_acc: 91.8, fidel_score: 99.2, acc_loss: 0.0, grad_loss: 0.38647514845751507
2022-04-27 16:47:02,545 DEBUG epoch: 140, train_acc: 0.0, val_acc: 91.66, fidel_score: 99.11, acc_loss: 0.0, grad_loss: 0.3881482323513755
2022-04-27 16:47:05,503 DEBUG epoch: 141, train_acc: 0.0, val_acc: 91.78, fidel_score: 99.37, acc_loss: 0.0, grad_loss: 0.3930749923368044
2022-04-27 16:47:08,456 DEBUG epoch: 142, train_acc: 0.0, val_acc: 91.76, fidel_score: 99.22, acc_loss: 0.0, grad_loss: 0.4011076356791243
2022-04-27 16:47:11,437 DEBUG epoch: 143, train_acc: 0.0, val_acc: 91.83, fidel_score: 99.24, acc_loss: 0.0, grad_loss: 0.38993376606627356
2022-04-27 16:47:14,364 DEBUG epoch: 144, train_acc: 0.0, val_acc: 91.76, fidel_score: 99.21, acc_loss: 0.0, grad_loss: 0.3949573685096789
2022-04-27 16:47:17,313 DEBUG epoch: 145, train_acc: 0.0, val_acc: 91.86, fidel_score: 99.26, acc_loss: 0.0, grad_loss: 0.40127105237562444
2022-04-27 16:47:20,237 DEBUG epoch: 146, train_acc: 0.0, val_acc: 91.67, fidel_score: 99.26, acc_loss: 0.0, grad_loss: 0.39104976835130134
2022-04-27 16:47:23,135 DEBUG epoch: 147, train_acc: 0.0, val_acc: 91.79, fidel_score: 99.2, acc_loss: 0.0, grad_loss: 0.396554360284081
2022-04-27 16:47:26,055 DEBUG epoch: 148, train_acc: 0.0, val_acc: 91.82, fidel_score: 99.21, acc_loss: 0.0, grad_loss: 0.40344834969013554
2022-04-27 16:47:29,013 DEBUG epoch: 149, train_acc: 0.0, val_acc: 91.74, fidel_score: 99.21, acc_loss: 0.0, grad_loss: 0.395173172784757
2022-04-27 16:47:31,943 DEBUG epoch: 150, train_acc: 0.0, val_acc: 91.9, fidel_score: 99.24, acc_loss: 0.0, grad_loss: 0.399593317056004
2022-04-27 16:47:34,869 DEBUG epoch: 151, train_acc: 0.0, val_acc: 91.8, fidel_score: 99.37, acc_loss: 0.0, grad_loss: 0.3832955994183504
2022-04-27 16:47:37,779 DEBUG epoch: 152, train_acc: 0.0, val_acc: 91.69, fidel_score: 99.25, acc_loss: 0.0, grad_loss: 0.394650765234911
2022-04-27 16:47:40,740 DEBUG epoch: 153, train_acc: 0.0, val_acc: 91.94, fidel_score: 99.32, acc_loss: 0.0, grad_loss: 0.3923644461209261
2022-04-27 16:47:43,686 DEBUG epoch: 154, train_acc: 0.0, val_acc: 91.74, fidel_score: 99.35, acc_loss: 0.0, grad_loss: 0.38817060069192816
2022-04-27 16:47:46,611 DEBUG epoch: 155, train_acc: 0.0, val_acc: 91.78, fidel_score: 99.17, acc_loss: 0.0, grad_loss: 0.3875566890722589
2022-04-27 16:47:49,611 DEBUG epoch: 156, train_acc: 0.0, val_acc: 91.88, fidel_score: 99.12, acc_loss: 0.0, grad_loss: 0.3964404294007941
2022-04-27 16:47:52,479 DEBUG epoch: 157, train_acc: 0.0, val_acc: 91.82, fidel_score: 99.3, acc_loss: 0.0, grad_loss: 0.3826032284694382
2022-04-27 16:47:55,429 DEBUG epoch: 158, train_acc: 0.0, val_acc: 91.85, fidel_score: 99.36, acc_loss: 0.0, grad_loss: 0.39974012405057496
2022-04-27 16:47:58,427 DEBUG epoch: 159, train_acc: 0.0, val_acc: 91.75, fidel_score: 99.24, acc_loss: 0.0, grad_loss: 0.3884114377860782
2022-04-27 16:48:01,358 DEBUG epoch: 160, train_acc: 0.0, val_acc: 91.81, fidel_score: 99.13, acc_loss: 0.0, grad_loss: 0.39318373874772955
2022-04-27 16:48:04,299 DEBUG epoch: 161, train_acc: 0.0, val_acc: 91.76, fidel_score: 99.22, acc_loss: 0.0, grad_loss: 0.38557555215268197
2022-04-27 16:48:07,222 DEBUG epoch: 162, train_acc: 0.0, val_acc: 91.67, fidel_score: 99.1, acc_loss: 0.0, grad_loss: 0.3926653820502607
2022-04-27 16:48:10,098 DEBUG epoch: 163, train_acc: 0.0, val_acc: 91.77, fidel_score: 99.44, acc_loss: 0.0, grad_loss: 0.39216586230676387
2022-04-27 16:48:13,054 DEBUG epoch: 164, train_acc: 0.0, val_acc: 91.83, fidel_score: 99.23, acc_loss: 0.0, grad_loss: 0.3940078963207293
2022-04-27 16:48:15,937 DEBUG epoch: 165, train_acc: 0.0, val_acc: 91.77, fidel_score: 99.16, acc_loss: 0.0, grad_loss: 0.39070240002644213
2022-04-27 16:48:18,873 DEBUG epoch: 166, train_acc: 0.0, val_acc: 91.74, fidel_score: 99.17, acc_loss: 0.0, grad_loss: 0.3898082737681232
2022-04-27 16:48:21,848 DEBUG epoch: 167, train_acc: 0.0, val_acc: 91.87, fidel_score: 99.31, acc_loss: 0.0, grad_loss: 0.3902277376832841
2022-04-27 16:48:24,737 DEBUG epoch: 168, train_acc: 0.0, val_acc: 91.82, fidel_score: 99.4, acc_loss: 0.0, grad_loss: 0.3819062475916706
2022-04-27 16:48:27,709 DEBUG epoch: 169, train_acc: 0.0, val_acc: 91.84, fidel_score: 99.34, acc_loss: 0.0, grad_loss: 0.39658181463615805
2022-04-27 16:48:30,597 DEBUG epoch: 170, train_acc: 0.0, val_acc: 91.89, fidel_score: 99.07, acc_loss: 0.0, grad_loss: 0.396810653088968
2022-04-27 16:48:33,485 DEBUG epoch: 171, train_acc: 0.0, val_acc: 91.81, fidel_score: 99.28, acc_loss: 0.0, grad_loss: 0.377233607105062
2022-04-27 16:48:36,402 DEBUG epoch: 172, train_acc: 0.0, val_acc: 91.89, fidel_score: 99.26, acc_loss: 0.0, grad_loss: 0.38649207542214215
2022-04-27 16:48:39,368 DEBUG epoch: 173, train_acc: 0.0, val_acc: 91.76, fidel_score: 99.27, acc_loss: 0.0, grad_loss: 0.39916905534418323
2022-04-27 16:48:42,310 DEBUG epoch: 174, train_acc: 0.0, val_acc: 91.7, fidel_score: 99.41, acc_loss: 0.0, grad_loss: 0.3962221862394599
2022-04-27 16:48:45,149 DEBUG epoch: 175, train_acc: 0.0, val_acc: 91.85, fidel_score: 99.25, acc_loss: 0.0, grad_loss: 0.3850889420962032
2022-04-27 16:48:48,100 DEBUG epoch: 176, train_acc: 0.0, val_acc: 91.8, fidel_score: 99.19, acc_loss: 0.0, grad_loss: 0.3910696763026563
2022-04-27 16:48:51,036 DEBUG epoch: 177, train_acc: 0.0, val_acc: 91.76, fidel_score: 99.33, acc_loss: 0.0, grad_loss: 0.3748893488811541
2022-04-27 16:48:53,934 DEBUG epoch: 178, train_acc: 0.0, val_acc: 91.84, fidel_score: 99.27, acc_loss: 0.0, grad_loss: 0.37999324708045285
2022-04-27 16:48:56,921 DEBUG epoch: 179, train_acc: 0.0, val_acc: 91.87, fidel_score: 99.17, acc_loss: 0.0, grad_loss: 0.3936720528180086
2022-04-27 16:48:59,818 DEBUG epoch: 180, train_acc: 0.0, val_acc: 91.82, fidel_score: 99.18, acc_loss: 0.0, grad_loss: 0.3835787607144706
2022-04-27 16:49:02,712 DEBUG epoch: 181, train_acc: 0.0, val_acc: 91.8, fidel_score: 99.28, acc_loss: 0.0, grad_loss: 0.3967810571193695
2022-04-27 16:49:05,682 DEBUG epoch: 182, train_acc: 0.0, val_acc: 91.71, fidel_score: 99.26, acc_loss: 0.0, grad_loss: 0.3973250200476828
2022-04-27 16:49:08,671 DEBUG epoch: 183, train_acc: 0.0, val_acc: 91.8, fidel_score: 99.24, acc_loss: 0.0, grad_loss: 0.39528434072868734
2022-04-27 16:49:11,596 DEBUG epoch: 184, train_acc: 0.0, val_acc: 91.97, fidel_score: 99.25, acc_loss: 0.0, grad_loss: 0.38724083613745774
2022-04-27 16:49:14,519 DEBUG epoch: 185, train_acc: 0.0, val_acc: 91.74, fidel_score: 99.16, acc_loss: 0.0, grad_loss: 0.39349589506282084
2022-04-27 16:49:17,468 DEBUG epoch: 186, train_acc: 0.0, val_acc: 91.8, fidel_score: 99.29, acc_loss: 0.0, grad_loss: 0.3884975502762613
2022-04-27 16:49:20,351 DEBUG epoch: 187, train_acc: 0.0, val_acc: 91.82, fidel_score: 99.2, acc_loss: 0.0, grad_loss: 0.3968128758140757
2022-04-27 16:49:23,238 DEBUG epoch: 188, train_acc: 0.0, val_acc: 91.86, fidel_score: 99.28, acc_loss: 0.0, grad_loss: 0.39515141218523436
2022-04-27 16:49:26,194 DEBUG epoch: 189, train_acc: 0.0, val_acc: 91.69, fidel_score: 99.19, acc_loss: 0.0, grad_loss: 0.39773316209829307
2022-04-27 16:49:29,112 DEBUG epoch: 190, train_acc: 0.0, val_acc: 91.77, fidel_score: 99.18, acc_loss: 0.0, grad_loss: 0.38791627710378623
2022-04-27 16:49:32,054 DEBUG epoch: 191, train_acc: 0.0, val_acc: 91.84, fidel_score: 99.22, acc_loss: 0.0, grad_loss: 0.38763510350939595
2022-04-27 16:49:34,990 DEBUG epoch: 192, train_acc: 0.0, val_acc: 91.67, fidel_score: 99.25, acc_loss: 0.0, grad_loss: 0.39178659983828096
2022-04-27 16:49:37,935 DEBUG epoch: 193, train_acc: 0.0, val_acc: 91.77, fidel_score: 99.31, acc_loss: 0.0, grad_loss: 0.39539696898641463
2022-04-27 16:49:40,905 DEBUG epoch: 194, train_acc: 0.0, val_acc: 91.85, fidel_score: 99.12, acc_loss: 0.0, grad_loss: 0.3978814720352994
2022-04-27 16:49:43,866 DEBUG epoch: 195, train_acc: 0.0, val_acc: 91.81, fidel_score: 99.29, acc_loss: 0.0, grad_loss: 0.39259789601156986
2022-04-27 16:49:46,751 DEBUG epoch: 196, train_acc: 0.0, val_acc: 91.78, fidel_score: 99.27, acc_loss: 0.0, grad_loss: 0.39057657650754424
2022-04-27 16:49:49,640 DEBUG epoch: 197, train_acc: 0.0, val_acc: 91.66, fidel_score: 99.35, acc_loss: 0.0, grad_loss: 0.38440092756778377
2022-04-27 16:49:52,539 DEBUG epoch: 198, train_acc: 0.0, val_acc: 91.79, fidel_score: 99.26, acc_loss: 0.0, grad_loss: 0.3905165987678721
2022-04-27 16:49:55,541 DEBUG epoch: 199, train_acc: 0.0, val_acc: 91.79, fidel_score: 99.29, acc_loss: 0.0, grad_loss: 0.3921326210227194
2022-04-27 16:49:58,466 DEBUG epoch: 200, train_acc: 0.0, val_acc: 91.98, fidel_score: 99.22, acc_loss: 0.0, grad_loss: 0.3925163738335235
2022-04-27 16:50:01,360 DEBUG epoch: 201, train_acc: 0.0, val_acc: 91.8, fidel_score: 99.23, acc_loss: 0.0, grad_loss: 0.3871562171585952
2022-04-27 16:50:04,281 DEBUG epoch: 202, train_acc: 0.0, val_acc: 91.78, fidel_score: 99.22, acc_loss: 0.0, grad_loss: 0.3813833643364001
2022-04-27 16:50:07,272 DEBUG epoch: 203, train_acc: 0.0, val_acc: 91.85, fidel_score: 99.14, acc_loss: 0.0, grad_loss: 0.397946704792071
2022-04-27 16:50:10,232 DEBUG epoch: 204, train_acc: 0.0, val_acc: 91.89, fidel_score: 99.21, acc_loss: 0.0, grad_loss: 0.39558413436141193
2022-04-27 16:50:13,213 DEBUG epoch: 205, train_acc: 0.0, val_acc: 91.84, fidel_score: 99.37, acc_loss: 0.0, grad_loss: 0.38562805667708194
2022-04-27 16:50:16,063 DEBUG epoch: 206, train_acc: 0.0, val_acc: 91.78, fidel_score: 99.26, acc_loss: 0.0, grad_loss: 0.3965169395072551
2022-04-27 16:50:18,899 DEBUG epoch: 207, train_acc: 0.0, val_acc: 91.79, fidel_score: 99.15, acc_loss: 0.0, grad_loss: 0.3856540627871888
2022-04-27 16:50:21,784 DEBUG epoch: 208, train_acc: 0.0, val_acc: 91.82, fidel_score: 99.27, acc_loss: 0.0, grad_loss: 0.3948008444490312
2022-04-27 16:50:24,659 DEBUG epoch: 209, train_acc: 0.0, val_acc: 91.69, fidel_score: 99.23, acc_loss: 0.0, grad_loss: 0.38938717147972013
2022-04-27 16:50:27,615 DEBUG epoch: 210, train_acc: 0.0, val_acc: 91.76, fidel_score: 99.29, acc_loss: 0.0, grad_loss: 0.397915839017192
2022-04-27 16:50:30,595 DEBUG epoch: 211, train_acc: 0.0, val_acc: 91.82, fidel_score: 99.3, acc_loss: 0.0, grad_loss: 0.39744006644321395
2022-04-27 16:50:33,485 DEBUG epoch: 212, train_acc: 0.0, val_acc: 91.81, fidel_score: 99.28, acc_loss: 0.0, grad_loss: 0.3991166677656053
2022-04-27 16:50:36,341 DEBUG epoch: 213, train_acc: 0.0, val_acc: 91.76, fidel_score: 99.25, acc_loss: 0.0, grad_loss: 0.4040062197401554
2022-04-27 16:50:39,362 DEBUG epoch: 214, train_acc: 0.0, val_acc: 91.91, fidel_score: 99.26, acc_loss: 0.0, grad_loss: 0.3960236016708084
2022-04-27 16:50:42,301 DEBUG epoch: 215, train_acc: 0.0, val_acc: 91.76, fidel_score: 99.24, acc_loss: 0.0, grad_loss: 0.3943021882183944
2022-04-27 16:50:45,309 DEBUG epoch: 216, train_acc: 0.0, val_acc: 91.72, fidel_score: 99.25, acc_loss: 0.0, grad_loss: 0.38969554855853694
2022-04-27 16:50:48,240 DEBUG epoch: 217, train_acc: 0.0, val_acc: 91.66, fidel_score: 99.27, acc_loss: 0.0, grad_loss: 0.39118888408322877
2022-04-27 16:50:51,156 DEBUG epoch: 218, train_acc: 0.0, val_acc: 91.87, fidel_score: 99.24, acc_loss: 0.0, grad_loss: 0.38999993212615386
2022-04-27 16:50:54,088 DEBUG epoch: 219, train_acc: 0.0, val_acc: 91.76, fidel_score: 99.11, acc_loss: 0.0, grad_loss: 0.39256074458737916
2022-04-27 16:50:57,041 DEBUG epoch: 220, train_acc: 0.0, val_acc: 91.85, fidel_score: 99.19, acc_loss: 0.0, grad_loss: 0.38726721458797214
2022-04-27 16:51:00,009 DEBUG epoch: 221, train_acc: 0.0, val_acc: 91.77, fidel_score: 99.22, acc_loss: 0.0, grad_loss: 0.3936928880365589
2022-04-27 16:51:02,937 DEBUG epoch: 222, train_acc: 0.0, val_acc: 91.75, fidel_score: 99.27, acc_loss: 0.0, grad_loss: 0.3804985756361032
2022-04-27 16:51:05,881 DEBUG epoch: 223, train_acc: 0.0, val_acc: 91.88, fidel_score: 99.17, acc_loss: 0.0, grad_loss: 0.39401123154012463
2022-04-27 16:51:08,824 DEBUG epoch: 224, train_acc: 0.0, val_acc: 91.8, fidel_score: 99.24, acc_loss: 0.0, grad_loss: 0.39491655139983456
2022-04-27 16:51:11,761 DEBUG epoch: 225, train_acc: 0.0, val_acc: 91.83, fidel_score: 99.34, acc_loss: 0.0, grad_loss: 0.3912376621855965
2022-04-27 16:51:14,679 DEBUG epoch: 226, train_acc: 0.0, val_acc: 91.74, fidel_score: 99.21, acc_loss: 0.0, grad_loss: 0.3868985726863523
2022-04-27 16:51:17,645 DEBUG epoch: 227, train_acc: 0.0, val_acc: 91.82, fidel_score: 99.39, acc_loss: 0.0, grad_loss: 0.39952391876450066
2022-04-27 16:51:20,575 DEBUG epoch: 228, train_acc: 0.0, val_acc: 91.81, fidel_score: 99.12, acc_loss: 0.0, grad_loss: 0.3803685054748873
2022-04-27 16:51:23,563 DEBUG epoch: 229, train_acc: 0.0, val_acc: 91.75, fidel_score: 99.32, acc_loss: 0.0, grad_loss: 0.38902022302905215
2022-04-27 16:51:26,555 DEBUG epoch: 230, train_acc: 0.0, val_acc: 91.68, fidel_score: 99.16, acc_loss: 0.0, grad_loss: 0.3776643461064447
2022-04-27 16:51:29,437 DEBUG epoch: 231, train_acc: 0.0, val_acc: 91.81, fidel_score: 99.21, acc_loss: 0.0, grad_loss: 0.38962438702583313
2022-04-27 16:51:32,403 DEBUG epoch: 232, train_acc: 0.0, val_acc: 91.78, fidel_score: 99.26, acc_loss: 0.0, grad_loss: 0.37624842192553265
2022-04-27 16:51:35,359 DEBUG epoch: 233, train_acc: 0.0, val_acc: 91.83, fidel_score: 99.24, acc_loss: 0.0, grad_loss: 0.38199433156206636
2022-04-27 16:51:38,341 DEBUG epoch: 234, train_acc: 0.0, val_acc: 91.83, fidel_score: 99.28, acc_loss: 0.0, grad_loss: 0.39841863324370563
2022-04-27 16:51:41,254 DEBUG epoch: 235, train_acc: 0.0, val_acc: 91.95, fidel_score: 99.21, acc_loss: 0.0, grad_loss: 0.3965911359726628
2022-04-27 16:51:44,247 DEBUG epoch: 236, train_acc: 0.0, val_acc: 91.88, fidel_score: 99.28, acc_loss: 0.0, grad_loss: 0.389580788868892
2022-04-27 16:51:47,156 DEBUG epoch: 237, train_acc: 0.0, val_acc: 91.76, fidel_score: 99.27, acc_loss: 0.0, grad_loss: 0.3993144993540607
2022-04-27 16:51:50,091 DEBUG epoch: 238, train_acc: 0.0, val_acc: 91.74, fidel_score: 99.23, acc_loss: 0.0, grad_loss: 0.3774496094335484
2022-04-27 16:51:53,059 DEBUG epoch: 239, train_acc: 0.0, val_acc: 91.78, fidel_score: 99.27, acc_loss: 0.0, grad_loss: 0.3767686859716343
2022-04-27 16:51:55,972 DEBUG epoch: 240, train_acc: 0.0, val_acc: 91.77, fidel_score: 99.3, acc_loss: 0.0, grad_loss: 0.4008025511910644
2022-04-27 16:51:58,944 DEBUG epoch: 241, train_acc: 0.0, val_acc: 91.82, fidel_score: 99.2, acc_loss: 0.0, grad_loss: 0.3894543481778495
2022-04-27 16:52:01,883 DEBUG epoch: 242, train_acc: 0.0, val_acc: 91.83, fidel_score: 99.28, acc_loss: 0.0, grad_loss: 0.3956515094901942
2022-04-27 16:52:04,823 DEBUG epoch: 243, train_acc: 0.0, val_acc: 91.85, fidel_score: 99.13, acc_loss: 0.0, grad_loss: 0.4008654386182375
2022-04-27 16:52:07,703 DEBUG epoch: 244, train_acc: 0.0, val_acc: 91.8, fidel_score: 99.21, acc_loss: 0.0, grad_loss: 0.3912578078010414
2022-04-27 16:52:10,651 DEBUG epoch: 245, train_acc: 0.0, val_acc: 91.8, fidel_score: 99.14, acc_loss: 0.0, grad_loss: 0.39363433477244797
2022-04-27 16:52:13,572 DEBUG epoch: 246, train_acc: 0.0, val_acc: 91.87, fidel_score: 99.23, acc_loss: 0.0, grad_loss: 0.39727993554706814
2022-04-27 16:52:16,537 DEBUG epoch: 247, train_acc: 0.0, val_acc: 91.78, fidel_score: 99.24, acc_loss: 0.0, grad_loss: 0.390097051858902
2022-04-27 16:52:19,425 DEBUG epoch: 248, train_acc: 0.0, val_acc: 91.78, fidel_score: 99.2, acc_loss: 0.0, grad_loss: 0.38019913585880133
2022-04-27 16:52:22,355 DEBUG epoch: 249, train_acc: 0.0, val_acc: 91.64, fidel_score: 99.33, acc_loss: 0.0, grad_loss: 0.38829677429380294
2022-04-27 16:52:25,304 DEBUG epoch: 250, train_acc: 0.0, val_acc: 91.72, fidel_score: 99.31, acc_loss: 0.0, grad_loss: 0.39315688874148114
2022-04-27 16:52:28,237 DEBUG epoch: 251, train_acc: 0.0, val_acc: 91.79, fidel_score: 99.16, acc_loss: 0.0, grad_loss: 0.3770084754575657
2022-04-27 16:52:31,177 DEBUG epoch: 252, train_acc: 0.0, val_acc: 91.83, fidel_score: 99.32, acc_loss: 0.0, grad_loss: 0.38048568179335773
2022-04-27 16:52:34,112 DEBUG epoch: 253, train_acc: 0.0, val_acc: 91.76, fidel_score: 99.11, acc_loss: 0.0, grad_loss: 0.40101871837543535
2022-04-27 16:52:37,007 DEBUG epoch: 254, train_acc: 0.0, val_acc: 91.82, fidel_score: 99.3, acc_loss: 0.0, grad_loss: 0.38924917578697205
2022-04-27 16:52:39,967 DEBUG epoch: 255, train_acc: 0.0, val_acc: 91.79, fidel_score: 99.31, acc_loss: 0.0, grad_loss: 0.3853600519367411
2022-04-27 16:52:42,860 DEBUG epoch: 256, train_acc: 0.0, val_acc: 91.75, fidel_score: 99.29, acc_loss: 0.0, grad_loss: 0.382518734358534
2022-04-27 16:52:45,797 DEBUG epoch: 257, train_acc: 0.0, val_acc: 91.85, fidel_score: 99.27, acc_loss: 0.0, grad_loss: 0.40097734105737903
2022-04-27 16:52:48,776 DEBUG epoch: 258, train_acc: 0.0, val_acc: 91.9, fidel_score: 99.24, acc_loss: 0.0, grad_loss: 0.39696560668039926
2022-04-27 16:52:51,751 DEBUG epoch: 259, train_acc: 0.0, val_acc: 91.72, fidel_score: 99.17, acc_loss: 0.0, grad_loss: 0.39047835522060154
2022-04-27 16:52:54,704 DEBUG epoch: 260, train_acc: 0.0, val_acc: 91.81, fidel_score: 99.28, acc_loss: 0.0, grad_loss: 0.3817830685573288
2022-04-27 16:52:57,626 DEBUG epoch: 261, train_acc: 0.0, val_acc: 91.9, fidel_score: 99.21, acc_loss: 0.0, grad_loss: 0.38513458793676353
2022-04-27 16:53:00,602 DEBUG epoch: 262, train_acc: 0.0, val_acc: 91.77, fidel_score: 99.29, acc_loss: 0.0, grad_loss: 0.3994186373451088
2022-04-27 16:53:03,514 DEBUG epoch: 263, train_acc: 0.0, val_acc: 91.92, fidel_score: 99.12, acc_loss: 0.0, grad_loss: 0.39571189201330836
2022-04-27 16:53:06,453 DEBUG epoch: 264, train_acc: 0.0, val_acc: 91.85, fidel_score: 99.27, acc_loss: 0.0, grad_loss: 0.39729117969923383
2022-04-27 16:53:09,364 DEBUG epoch: 265, train_acc: 0.0, val_acc: 91.8, fidel_score: 99.33, acc_loss: 0.0, grad_loss: 0.3852180638645269
2022-04-27 16:53:12,319 DEBUG epoch: 266, train_acc: 0.0, val_acc: 91.71, fidel_score: 99.24, acc_loss: 0.0, grad_loss: 0.3881523088563847
2022-04-27 16:53:15,311 DEBUG epoch: 267, train_acc: 0.0, val_acc: 91.75, fidel_score: 99.15, acc_loss: 0.0, grad_loss: 0.3962717735314671
2022-04-27 16:53:18,239 DEBUG epoch: 268, train_acc: 0.0, val_acc: 91.77, fidel_score: 99.3, acc_loss: 0.0, grad_loss: 0.40022097773189785
2022-04-27 16:53:21,093 DEBUG epoch: 269, train_acc: 0.0, val_acc: 91.76, fidel_score: 99.16, acc_loss: 0.0, grad_loss: 0.3906386219247987
2022-04-27 16:53:23,931 DEBUG epoch: 270, train_acc: 0.0, val_acc: 91.64, fidel_score: 99.16, acc_loss: 0.0, grad_loss: 0.378688010233867
2022-04-27 16:53:26,904 DEBUG epoch: 271, train_acc: 0.0, val_acc: 91.79, fidel_score: 99.1, acc_loss: 0.0, grad_loss: 0.38807547318784497
2022-04-27 16:53:29,860 DEBUG epoch: 272, train_acc: 0.0, val_acc: 91.89, fidel_score: 99.38, acc_loss: 0.0, grad_loss: 0.39228074196018753
2022-04-27 16:53:32,817 DEBUG epoch: 273, train_acc: 0.0, val_acc: 91.84, fidel_score: 99.32, acc_loss: 0.0, grad_loss: 0.3836533498914936
2022-04-27 16:53:35,761 DEBUG epoch: 274, train_acc: 0.0, val_acc: 91.92, fidel_score: 99.23, acc_loss: 0.0, grad_loss: 0.3932592529284803
2022-04-27 16:53:38,732 DEBUG epoch: 275, train_acc: 0.0, val_acc: 91.77, fidel_score: 99.26, acc_loss: 0.0, grad_loss: 0.3890185141110722
2022-04-27 16:53:41,680 DEBUG epoch: 276, train_acc: 0.0, val_acc: 91.66, fidel_score: 99.22, acc_loss: 0.0, grad_loss: 0.3796188167378872
2022-04-27 16:53:44,561 DEBUG epoch: 277, train_acc: 0.0, val_acc: 91.71, fidel_score: 99.13, acc_loss: 0.0, grad_loss: 0.3864844222612019
2022-04-27 16:53:47,503 DEBUG epoch: 278, train_acc: 0.0, val_acc: 91.83, fidel_score: 99.27, acc_loss: 0.0, grad_loss: 0.3790408418148379
2022-04-27 16:53:50,465 DEBUG epoch: 279, train_acc: 0.0, val_acc: 91.83, fidel_score: 99.28, acc_loss: 0.0, grad_loss: 0.40373283096506624
2022-04-27 16:53:53,405 DEBUG epoch: 280, train_acc: 0.0, val_acc: 91.69, fidel_score: 99.33, acc_loss: 0.0, grad_loss: 0.3837892680983
2022-04-27 16:53:56,400 DEBUG epoch: 281, train_acc: 0.0, val_acc: 91.77, fidel_score: 99.29, acc_loss: 0.0, grad_loss: 0.38484210643587236
2022-04-27 16:53:59,354 DEBUG epoch: 282, train_acc: 0.0, val_acc: 91.8, fidel_score: 99.25, acc_loss: 0.0, grad_loss: 0.38033551354951495
2022-04-27 16:54:02,261 DEBUG epoch: 283, train_acc: 0.0, val_acc: 91.94, fidel_score: 99.31, acc_loss: 0.0, grad_loss: 0.38757306525978863
2022-04-27 16:54:05,255 DEBUG epoch: 284, train_acc: 0.0, val_acc: 91.82, fidel_score: 99.21, acc_loss: 0.0, grad_loss: 0.3923201477980312
2022-04-27 16:54:08,159 DEBUG epoch: 285, train_acc: 0.0, val_acc: 91.87, fidel_score: 99.38, acc_loss: 0.0, grad_loss: 0.3901722061483166
2022-04-27 16:54:11,036 DEBUG epoch: 286, train_acc: 0.0, val_acc: 91.78, fidel_score: 99.27, acc_loss: 0.0, grad_loss: 0.4002868016309376
2022-04-27 16:54:13,965 DEBUG epoch: 287, train_acc: 0.0, val_acc: 91.84, fidel_score: 99.19, acc_loss: 0.0, grad_loss: 0.3765150580225112
2022-04-27 16:54:16,954 DEBUG epoch: 288, train_acc: 0.0, val_acc: 91.79, fidel_score: 99.25, acc_loss: 0.0, grad_loss: 0.3915956748437278
2022-04-27 16:54:19,853 DEBUG epoch: 289, train_acc: 0.0, val_acc: 91.81, fidel_score: 99.39, acc_loss: 0.0, grad_loss: 0.3805644542356081
2022-04-27 16:54:22,756 DEBUG epoch: 290, train_acc: 0.0, val_acc: 91.69, fidel_score: 99.24, acc_loss: 0.0, grad_loss: 0.39509400800813604
2022-04-27 16:54:25,654 DEBUG epoch: 291, train_acc: 0.0, val_acc: 91.78, fidel_score: 99.25, acc_loss: 0.0, grad_loss: 0.38582999834531473
2022-04-27 16:54:28,567 DEBUG epoch: 292, train_acc: 0.0, val_acc: 91.83, fidel_score: 99.3, acc_loss: 0.0, grad_loss: 0.38940602729592144
2022-04-27 16:54:31,532 DEBUG epoch: 293, train_acc: 0.0, val_acc: 91.75, fidel_score: 99.09, acc_loss: 0.0, grad_loss: 0.39046821224538586
2022-04-27 16:54:34,499 DEBUG epoch: 294, train_acc: 0.0, val_acc: 91.77, fidel_score: 99.28, acc_loss: 0.0, grad_loss: 0.3919225855718685
2022-04-27 16:54:37,457 DEBUG epoch: 295, train_acc: 0.0, val_acc: 91.8, fidel_score: 99.33, acc_loss: 0.0, grad_loss: 0.39297519869442227
2022-04-27 16:54:40,389 DEBUG epoch: 296, train_acc: 0.0, val_acc: 91.75, fidel_score: 99.43, acc_loss: 0.0, grad_loss: 0.3916228496575657
2022-04-27 16:54:43,336 DEBUG epoch: 297, train_acc: 0.0, val_acc: 91.78, fidel_score: 99.24, acc_loss: 0.0, grad_loss: 0.39153677828704253
2022-04-27 16:54:46,331 DEBUG epoch: 298, train_acc: 0.0, val_acc: 91.71, fidel_score: 99.31, acc_loss: 0.0, grad_loss: 0.3754414919810959
2022-04-27 16:54:49,270 DEBUG epoch: 299, train_acc: 0.0, val_acc: 91.8, fidel_score: 99.18, acc_loss: 0.0, grad_loss: 0.37394412710696834
2022-04-27 16:54:52,087 DEBUG epoch: 300, train_acc: 0.0, val_acc: 91.73, fidel_score: 99.41, acc_loss: 0.0, grad_loss: 0.3972168119647835
2022-04-27 16:54:52,087 DEBUG load best stealed model.
2022-04-27 16:54:52,088 DEBUG Best perform model, val_acc: 91.99, fidel_score: 99.28, acc_loss: 0.0, grad_loss: 0.39216586230676387
2022-04-27 16:54:52,090 DEBUG load cloest stealed model.
2022-04-27 16:54:52,090 DEBUG Cloest perform model, val_acc: 91.77, fidel_score: 99.44, acc_loss: 0.0, grad_loss: 0.39216586230676387
2022-04-30 02:49:44,136 DEBUG Namespace(arch='vgg11_bn', attack_client=0, attack_epochs=300, attack_style='GM_option_CIFAR100', average_time=1, batch_size=128, bottleneck_option='None', cutlayer=4, data_proportion=1.0, dataset='cifar10', filename='ace_V2_epoch_vgg11_bn_cutlayer_4_client_1_seed125_dataset_cifar10_lr_0.05_200epoch', folder='saves/baseline', learning_rate=0.05, noniid_ratio=1.0, num_client=1, num_epochs='best', num_query=10000, random_seed=123, regularization='None', regularization_strength=0.0, scheme='V2_epoch', surrogate_arch='wider', test_best=True, train_clas_layer=3.0)
2022-04-30 02:49:47,656 DEBUG Test (client-0):	Loss 0.6164 (0.3623)	Prec@1 81.250 (91.890)
2022-04-30 02:49:47,657 DEBUG  * Prec@1 91.890
2022-04-30 02:49:47,757 DEBUG 6
2022-04-30 02:49:47,757 DEBUG surrogate parameter has 6 trainable parameters!
2022-04-30 02:49:53,445 DEBUG epoch: 0, val_acc: 8.52, val_fidelity: 8.56
2022-04-30 02:49:56,411 DEBUG epoch: 1, train_acc: 0.0, val_acc: 37.88, fidel_score: 39.8, acc_loss: 0.0, grad_loss: 1.0040765578233743
2022-04-30 02:49:59,329 DEBUG epoch: 2, train_acc: 0.0, val_acc: 79.78, fidel_score: 82.96, acc_loss: 0.0, grad_loss: 0.8869128815735443
2022-04-30 02:50:02,220 DEBUG epoch: 3, train_acc: 0.0, val_acc: 91.55, fidel_score: 97.64, acc_loss: 0.0, grad_loss: 0.7122908223278915
2022-04-30 02:50:05,032 DEBUG epoch: 4, train_acc: 0.0, val_acc: 91.37, fidel_score: 97.85, acc_loss: 0.0, grad_loss: 0.6443704264827922
2022-04-30 02:50:07,958 DEBUG epoch: 5, train_acc: 0.0, val_acc: 82.83, fidel_score: 88.91, acc_loss: 0.0, grad_loss: 0.606466758477537
2022-04-30 02:50:10,897 DEBUG epoch: 6, train_acc: 0.0, val_acc: 91.62, fidel_score: 98.31, acc_loss: 0.0, grad_loss: 0.5363923767699471
2022-04-30 02:50:13,811 DEBUG epoch: 7, train_acc: 0.0, val_acc: 91.65, fidel_score: 98.42, acc_loss: 0.0, grad_loss: 0.5037781113310705
2022-04-30 02:50:16,677 DEBUG epoch: 8, train_acc: 0.0, val_acc: 91.75, fidel_score: 98.36, acc_loss: 0.0, grad_loss: 0.527666378247587
2022-04-30 02:50:19,585 DEBUG epoch: 9, train_acc: 0.0, val_acc: 91.8, fidel_score: 98.69, acc_loss: 0.0, grad_loss: 0.5292330995390687
2022-04-30 02:50:22,531 DEBUG epoch: 10, train_acc: 0.0, val_acc: 91.85, fidel_score: 98.49, acc_loss: 0.0, grad_loss: 0.49987507960464383
2022-04-30 02:50:25,454 DEBUG epoch: 11, train_acc: 0.0, val_acc: 91.75, fidel_score: 98.79, acc_loss: 0.0, grad_loss: 0.48308353107186813
2022-04-30 02:50:28,371 DEBUG epoch: 12, train_acc: 0.0, val_acc: 91.74, fidel_score: 98.3, acc_loss: 0.0, grad_loss: 0.4638879431199424
2022-04-30 02:50:31,335 DEBUG epoch: 13, train_acc: 0.0, val_acc: 91.77, fidel_score: 98.84, acc_loss: 0.0, grad_loss: 0.4890017369879952
2022-04-30 02:50:34,231 DEBUG epoch: 14, train_acc: 0.0, val_acc: 91.72, fidel_score: 98.56, acc_loss: 0.0, grad_loss: 0.4560175843631165
2022-04-30 02:50:37,213 DEBUG epoch: 15, train_acc: 0.0, val_acc: 91.57, fidel_score: 98.91, acc_loss: 0.0, grad_loss: 0.48176583572279047
2022-04-30 02:50:40,083 DEBUG epoch: 16, train_acc: 0.0, val_acc: 91.72, fidel_score: 98.59, acc_loss: 0.0, grad_loss: 0.44533598611626446
2022-04-30 02:50:43,063 DEBUG epoch: 17, train_acc: 0.0, val_acc: 91.66, fidel_score: 98.45, acc_loss: 0.0, grad_loss: 0.47342767255215706
2022-04-30 02:50:45,999 DEBUG epoch: 18, train_acc: 0.0, val_acc: 91.48, fidel_score: 98.5, acc_loss: 0.0, grad_loss: 0.4485310006745254
2022-04-30 02:50:48,952 DEBUG epoch: 19, train_acc: 0.0, val_acc: 91.7, fidel_score: 99.06, acc_loss: 0.0, grad_loss: 0.44877019486849823
2022-04-30 02:50:51,841 DEBUG epoch: 20, train_acc: 0.0, val_acc: 91.67, fidel_score: 99.01, acc_loss: 0.0, grad_loss: 0.41992852091789246
2022-04-30 02:50:54,744 DEBUG epoch: 21, train_acc: 0.0, val_acc: 91.71, fidel_score: 98.88, acc_loss: 0.0, grad_loss: 0.4099247919607766
2022-04-30 02:50:57,757 DEBUG epoch: 22, train_acc: 0.0, val_acc: 91.6, fidel_score: 98.9, acc_loss: 0.0, grad_loss: 0.40919281372541116
2022-04-30 02:51:00,668 DEBUG epoch: 23, train_acc: 0.0, val_acc: 91.79, fidel_score: 98.93, acc_loss: 0.0, grad_loss: 0.4142351067518886
2022-04-30 02:51:03,604 DEBUG epoch: 24, train_acc: 0.0, val_acc: 91.86, fidel_score: 98.83, acc_loss: 0.0, grad_loss: 0.4429268610628345
2022-04-30 02:51:06,541 DEBUG epoch: 25, train_acc: 0.0, val_acc: 91.77, fidel_score: 98.96, acc_loss: 0.0, grad_loss: 0.4297583850124214
2022-04-30 02:51:09,440 DEBUG epoch: 26, train_acc: 0.0, val_acc: 91.8, fidel_score: 98.84, acc_loss: 0.0, grad_loss: 0.41194371143473857
2022-04-30 02:51:12,370 DEBUG epoch: 27, train_acc: 0.0, val_acc: 91.76, fidel_score: 98.78, acc_loss: 0.0, grad_loss: 0.42590166571774063
2022-04-30 02:51:15,261 DEBUG epoch: 28, train_acc: 0.0, val_acc: 91.67, fidel_score: 98.86, acc_loss: 0.0, grad_loss: 0.42549323620675483
2022-04-30 02:51:18,211 DEBUG epoch: 29, train_acc: 0.0, val_acc: 91.78, fidel_score: 99.03, acc_loss: 0.0, grad_loss: 0.40894476107404204
2022-04-30 02:51:21,153 DEBUG epoch: 30, train_acc: 0.0, val_acc: 91.81, fidel_score: 98.77, acc_loss: 0.0, grad_loss: 0.425606270379658
2022-04-30 02:51:23,977 DEBUG epoch: 31, train_acc: 0.0, val_acc: 91.78, fidel_score: 98.83, acc_loss: 0.0, grad_loss: 0.4034159466435638
2022-04-30 02:51:26,805 DEBUG epoch: 32, train_acc: 0.0, val_acc: 91.91, fidel_score: 98.82, acc_loss: 0.0, grad_loss: 0.4051480900637711
2022-04-30 02:51:29,651 DEBUG epoch: 33, train_acc: 0.0, val_acc: 91.88, fidel_score: 99.01, acc_loss: 0.0, grad_loss: 0.4113082998915564
2022-04-30 02:51:32,598 DEBUG epoch: 34, train_acc: 0.0, val_acc: 91.52, fidel_score: 99.02, acc_loss: 0.0, grad_loss: 0.3860080019582676
2022-04-30 02:51:35,514 DEBUG epoch: 35, train_acc: 0.0, val_acc: 91.73, fidel_score: 99.14, acc_loss: 0.0, grad_loss: 0.42722617259508444
2022-04-30 02:51:38,458 DEBUG epoch: 36, train_acc: 0.0, val_acc: 91.74, fidel_score: 98.88, acc_loss: 0.0, grad_loss: 0.41776753226413005
2022-04-30 02:51:41,316 DEBUG epoch: 37, train_acc: 0.0, val_acc: 91.72, fidel_score: 98.82, acc_loss: 0.0, grad_loss: 0.41458880146847493
2022-04-30 02:51:44,291 DEBUG epoch: 38, train_acc: 0.0, val_acc: 91.64, fidel_score: 98.45, acc_loss: 0.0, grad_loss: 0.4270389034778257
2022-04-30 02:51:47,230 DEBUG epoch: 39, train_acc: 0.0, val_acc: 91.73, fidel_score: 98.98, acc_loss: 0.0, grad_loss: 0.43960687329497516
2022-04-30 02:51:50,092 DEBUG epoch: 40, train_acc: 0.0, val_acc: 91.73, fidel_score: 98.99, acc_loss: 0.0, grad_loss: 0.41444871169102343
2022-04-30 02:51:53,028 DEBUG epoch: 41, train_acc: 0.0, val_acc: 91.14, fidel_score: 97.71, acc_loss: 0.0, grad_loss: 0.4641698700717733
2022-04-30 02:51:55,965 DEBUG epoch: 42, train_acc: 0.0, val_acc: 91.73, fidel_score: 98.96, acc_loss: 0.0, grad_loss: 0.4220605081395258
2022-04-30 02:51:58,925 DEBUG epoch: 43, train_acc: 0.0, val_acc: 91.82, fidel_score: 99.1, acc_loss: 0.0, grad_loss: 0.4165561568887928
2022-04-30 02:52:01,947 DEBUG epoch: 44, train_acc: 0.0, val_acc: 91.65, fidel_score: 98.31, acc_loss: 0.0, grad_loss: 0.41098783061474187
2022-04-30 02:52:04,945 DEBUG epoch: 45, train_acc: 0.0, val_acc: 91.6, fidel_score: 98.87, acc_loss: 0.0, grad_loss: 0.4980833862401262
2022-04-30 02:52:07,879 DEBUG epoch: 46, train_acc: 0.0, val_acc: 91.69, fidel_score: 98.39, acc_loss: 0.0, grad_loss: 0.40886953548540045
2022-04-30 02:52:10,835 DEBUG epoch: 47, train_acc: 0.0, val_acc: 91.69, fidel_score: 98.81, acc_loss: 0.0, grad_loss: 0.45817177129697195
2022-04-30 02:52:13,747 DEBUG epoch: 48, train_acc: 0.0, val_acc: 91.69, fidel_score: 98.81, acc_loss: 0.0, grad_loss: 0.4465494774564912
2022-04-30 02:52:16,699 DEBUG epoch: 49, train_acc: 0.0, val_acc: 91.76, fidel_score: 98.95, acc_loss: 0.0, grad_loss: 0.4217263158363632
2022-04-30 02:52:19,598 DEBUG epoch: 50, train_acc: 0.0, val_acc: 91.75, fidel_score: 98.78, acc_loss: 0.0, grad_loss: 0.43604361294191096
2022-04-30 02:52:22,512 DEBUG epoch: 51, train_acc: 0.0, val_acc: 91.79, fidel_score: 99.02, acc_loss: 0.0, grad_loss: 0.4267054562327228
2022-04-30 02:52:25,467 DEBUG epoch: 52, train_acc: 0.0, val_acc: 91.73, fidel_score: 98.92, acc_loss: 0.0, grad_loss: 0.4480089454711238
2022-04-30 02:52:28,428 DEBUG epoch: 53, train_acc: 0.0, val_acc: 91.82, fidel_score: 98.97, acc_loss: 0.0, grad_loss: 0.4279882896550094
2022-04-30 02:52:31,396 DEBUG epoch: 54, train_acc: 0.0, val_acc: 91.77, fidel_score: 98.86, acc_loss: 0.0, grad_loss: 0.4126914173741884
2022-04-30 02:52:34,364 DEBUG epoch: 55, train_acc: 0.0, val_acc: 91.68, fidel_score: 98.89, acc_loss: 0.0, grad_loss: 0.4211871069443377
2022-04-30 02:52:37,233 DEBUG epoch: 56, train_acc: 0.0, val_acc: 91.72, fidel_score: 98.98, acc_loss: 0.0, grad_loss: 0.42052438591099994
2022-04-30 02:52:40,215 DEBUG epoch: 57, train_acc: 0.0, val_acc: 91.76, fidel_score: 98.99, acc_loss: 0.0, grad_loss: 0.42204909762249715
2022-04-30 02:52:43,145 DEBUG epoch: 58, train_acc: 0.0, val_acc: 91.73, fidel_score: 98.98, acc_loss: 0.0, grad_loss: 0.4077523377122758
2022-04-30 02:52:46,085 DEBUG epoch: 59, train_acc: 0.0, val_acc: 91.65, fidel_score: 98.91, acc_loss: 0.0, grad_loss: 0.4221516745754435
2022-04-30 02:52:49,042 DEBUG epoch: 60, train_acc: 0.0, val_acc: 91.84, fidel_score: 99.14, acc_loss: 0.0, grad_loss: 0.39028079449375974
2022-04-30 02:52:51,977 DEBUG epoch: 61, train_acc: 0.0, val_acc: 91.86, fidel_score: 99.18, acc_loss: 0.0, grad_loss: 0.3744507413121718
2022-04-30 02:52:54,949 DEBUG epoch: 62, train_acc: 0.0, val_acc: 91.71, fidel_score: 99.2, acc_loss: 0.0, grad_loss: 0.37732505949237677
2022-04-30 02:52:57,916 DEBUG epoch: 63, train_acc: 0.0, val_acc: 91.81, fidel_score: 99.17, acc_loss: 0.0, grad_loss: 0.3750725365892241
2022-04-30 02:53:00,845 DEBUG epoch: 64, train_acc: 0.0, val_acc: 91.72, fidel_score: 99.25, acc_loss: 0.0, grad_loss: 0.3635629887067819
2022-04-30 02:53:03,739 DEBUG epoch: 65, train_acc: 0.0, val_acc: 91.78, fidel_score: 99.17, acc_loss: 0.0, grad_loss: 0.35211704162102714
2022-04-30 02:53:06,692 DEBUG epoch: 66, train_acc: 0.0, val_acc: 91.86, fidel_score: 99.16, acc_loss: 0.0, grad_loss: 0.3653162035006511
2022-04-30 02:53:09,591 DEBUG epoch: 67, train_acc: 0.0, val_acc: 91.87, fidel_score: 99.35, acc_loss: 0.0, grad_loss: 0.35875016299984125
2022-04-30 02:53:12,505 DEBUG epoch: 68, train_acc: 0.0, val_acc: 91.81, fidel_score: 99.12, acc_loss: 0.0, grad_loss: 0.3686014677904829
2022-04-30 02:53:15,471 DEBUG epoch: 69, train_acc: 0.0, val_acc: 91.73, fidel_score: 99.04, acc_loss: 0.0, grad_loss: 0.3714774692360359
2022-04-30 02:53:18,483 DEBUG epoch: 70, train_acc: 0.0, val_acc: 91.83, fidel_score: 99.23, acc_loss: 0.0, grad_loss: 0.35580136806150026
2022-04-30 02:53:21,361 DEBUG epoch: 71, train_acc: 0.0, val_acc: 91.79, fidel_score: 99.38, acc_loss: 0.0, grad_loss: 0.36077614656732054
2022-04-30 02:53:24,257 DEBUG epoch: 72, train_acc: 0.0, val_acc: 91.88, fidel_score: 99.2, acc_loss: 0.0, grad_loss: 0.36547678180887727
2022-04-30 02:53:27,217 DEBUG epoch: 73, train_acc: 0.0, val_acc: 91.89, fidel_score: 99.35, acc_loss: 0.0, grad_loss: 0.36540072062347506
2022-04-30 02:53:30,188 DEBUG epoch: 74, train_acc: 0.0, val_acc: 91.71, fidel_score: 99.34, acc_loss: 0.0, grad_loss: 0.34966295089902755
2022-04-30 02:53:33,157 DEBUG epoch: 75, train_acc: 0.0, val_acc: 91.81, fidel_score: 99.34, acc_loss: 0.0, grad_loss: 0.3637533336877823
2022-04-30 02:53:36,085 DEBUG epoch: 76, train_acc: 0.0, val_acc: 91.85, fidel_score: 99.31, acc_loss: 0.0, grad_loss: 0.36588729238962825
2022-04-30 02:53:39,048 DEBUG epoch: 77, train_acc: 0.0, val_acc: 91.83, fidel_score: 99.23, acc_loss: 0.0, grad_loss: 0.35297897061969663
2022-04-30 02:53:42,002 DEBUG epoch: 78, train_acc: 0.0, val_acc: 91.77, fidel_score: 99.21, acc_loss: 0.0, grad_loss: 0.3491413291496567
2022-04-30 02:53:44,955 DEBUG epoch: 79, train_acc: 0.0, val_acc: 91.9, fidel_score: 99.25, acc_loss: 0.0, grad_loss: 0.3641467581066904
2022-04-30 02:53:47,886 DEBUG epoch: 80, train_acc: 0.0, val_acc: 91.8, fidel_score: 99.33, acc_loss: 0.0, grad_loss: 0.37001098598105997
2022-04-30 02:53:50,795 DEBUG epoch: 81, train_acc: 0.0, val_acc: 91.86, fidel_score: 99.21, acc_loss: 0.0, grad_loss: 0.37624820086020455
2022-04-30 02:53:53,719 DEBUG epoch: 82, train_acc: 0.0, val_acc: 91.78, fidel_score: 99.24, acc_loss: 0.0, grad_loss: 0.3616315997854064
2022-04-30 02:53:56,640 DEBUG epoch: 83, train_acc: 0.0, val_acc: 91.82, fidel_score: 99.25, acc_loss: 0.0, grad_loss: 0.36583882645715643
2022-04-30 02:53:59,556 DEBUG epoch: 84, train_acc: 0.0, val_acc: 91.86, fidel_score: 99.27, acc_loss: 0.0, grad_loss: 0.3607381020165697
2022-04-30 02:54:02,457 DEBUG epoch: 85, train_acc: 0.0, val_acc: 91.81, fidel_score: 99.33, acc_loss: 0.0, grad_loss: 0.36422644536706467
2022-04-30 02:54:05,440 DEBUG epoch: 86, train_acc: 0.0, val_acc: 91.79, fidel_score: 99.19, acc_loss: 0.0, grad_loss: 0.363720524914657
2022-04-30 02:54:08,387 DEBUG epoch: 87, train_acc: 0.0, val_acc: 91.77, fidel_score: 99.33, acc_loss: 0.0, grad_loss: 0.36792884408673154
2022-04-30 02:54:11,357 DEBUG epoch: 88, train_acc: 0.0, val_acc: 91.91, fidel_score: 99.13, acc_loss: 0.0, grad_loss: 0.35981986228423785
2022-04-30 02:54:14,293 DEBUG epoch: 89, train_acc: 0.0, val_acc: 91.96, fidel_score: 99.24, acc_loss: 0.0, grad_loss: 0.36625947378858736
2022-04-30 02:54:17,252 DEBUG epoch: 90, train_acc: 0.0, val_acc: 91.81, fidel_score: 99.19, acc_loss: 0.0, grad_loss: 0.3538861286036576
2022-04-30 02:54:20,197 DEBUG epoch: 91, train_acc: 0.0, val_acc: 91.83, fidel_score: 99.2, acc_loss: 0.0, grad_loss: 0.3553576450559157
2022-04-30 02:54:23,169 DEBUG epoch: 92, train_acc: 0.0, val_acc: 91.78, fidel_score: 99.3, acc_loss: 0.0, grad_loss: 0.3747922480106354
2022-04-30 02:54:26,077 DEBUG epoch: 93, train_acc: 0.0, val_acc: 91.77, fidel_score: 99.27, acc_loss: 0.0, grad_loss: 0.35771527961839605
2022-04-30 02:54:29,074 DEBUG epoch: 94, train_acc: 0.0, val_acc: 91.87, fidel_score: 99.17, acc_loss: 0.0, grad_loss: 0.381061704852913
2022-04-30 02:54:32,009 DEBUG epoch: 95, train_acc: 0.0, val_acc: 91.79, fidel_score: 99.1, acc_loss: 0.0, grad_loss: 0.3630700367915479
2022-04-30 02:54:35,003 DEBUG epoch: 96, train_acc: 0.0, val_acc: 91.8, fidel_score: 99.25, acc_loss: 0.0, grad_loss: 0.3631416834607909
2022-04-30 02:54:37,963 DEBUG epoch: 97, train_acc: 0.0, val_acc: 91.75, fidel_score: 99.23, acc_loss: 0.0, grad_loss: 0.36558871933176545
2022-04-30 02:54:40,914 DEBUG epoch: 98, train_acc: 0.0, val_acc: 91.8, fidel_score: 99.21, acc_loss: 0.0, grad_loss: 0.360741184104847
2022-04-30 02:54:43,833 DEBUG epoch: 99, train_acc: 0.0, val_acc: 91.73, fidel_score: 99.21, acc_loss: 0.0, grad_loss: 0.3537016758058645
2022-04-30 02:54:46,833 DEBUG epoch: 100, train_acc: 0.0, val_acc: 91.88, fidel_score: 99.2, acc_loss: 0.0, grad_loss: 0.3605771789067908
2022-04-30 02:54:49,784 DEBUG epoch: 101, train_acc: 0.0, val_acc: 91.8, fidel_score: 99.32, acc_loss: 0.0, grad_loss: 0.3537793874363356
2022-04-30 02:54:52,708 DEBUG epoch: 102, train_acc: 0.0, val_acc: 91.73, fidel_score: 99.31, acc_loss: 0.0, grad_loss: 0.36539415581316886
2022-04-30 02:54:55,697 DEBUG epoch: 103, train_acc: 0.0, val_acc: 91.79, fidel_score: 99.36, acc_loss: 0.0, grad_loss: 0.3774751000389268
2022-04-30 02:54:58,645 DEBUG epoch: 104, train_acc: 0.0, val_acc: 91.8, fidel_score: 99.21, acc_loss: 0.0, grad_loss: 0.36359417910062813
2022-04-30 02:55:01,579 DEBUG epoch: 105, train_acc: 0.0, val_acc: 91.85, fidel_score: 99.33, acc_loss: 0.0, grad_loss: 0.3508155998549884
2022-04-30 02:55:04,545 DEBUG epoch: 106, train_acc: 0.0, val_acc: 91.83, fidel_score: 99.22, acc_loss: 0.0, grad_loss: 0.3735011042673377
2022-04-30 02:55:07,417 DEBUG epoch: 107, train_acc: 0.0, val_acc: 91.83, fidel_score: 99.19, acc_loss: 0.0, grad_loss: 0.36773877958708173
2022-04-30 02:55:10,385 DEBUG epoch: 108, train_acc: 0.0, val_acc: 91.8, fidel_score: 99.23, acc_loss: 0.0, grad_loss: 0.3616792412498329
2022-04-30 02:55:13,345 DEBUG epoch: 109, train_acc: 0.0, val_acc: 91.84, fidel_score: 99.21, acc_loss: 0.0, grad_loss: 0.3466061048115356
2022-04-30 02:55:16,268 DEBUG epoch: 110, train_acc: 0.0, val_acc: 91.84, fidel_score: 99.25, acc_loss: 0.0, grad_loss: 0.36051719777191743
2022-04-30 02:55:19,189 DEBUG epoch: 111, train_acc: 0.0, val_acc: 91.79, fidel_score: 99.27, acc_loss: 0.0, grad_loss: 0.37021607537812823
2022-04-30 02:55:22,159 DEBUG epoch: 112, train_acc: 0.0, val_acc: 91.81, fidel_score: 99.38, acc_loss: 0.0, grad_loss: 0.3706490695476532
2022-04-30 02:55:25,144 DEBUG epoch: 113, train_acc: 0.0, val_acc: 91.8, fidel_score: 99.22, acc_loss: 0.0, grad_loss: 0.3571950795152519
2022-04-30 02:55:28,147 DEBUG epoch: 114, train_acc: 0.0, val_acc: 91.79, fidel_score: 99.17, acc_loss: 0.0, grad_loss: 0.3553131505658355
2022-04-30 02:55:31,094 DEBUG epoch: 115, train_acc: 0.0, val_acc: 91.81, fidel_score: 99.42, acc_loss: 0.0, grad_loss: 0.35251249127750156
2022-04-30 02:55:34,056 DEBUG epoch: 116, train_acc: 0.0, val_acc: 91.78, fidel_score: 99.19, acc_loss: 0.0, grad_loss: 0.35662818068190466
2022-04-30 02:55:37,004 DEBUG epoch: 117, train_acc: 0.0, val_acc: 91.83, fidel_score: 99.23, acc_loss: 0.0, grad_loss: 0.3711980304008798
2022-04-30 02:55:39,932 DEBUG epoch: 118, train_acc: 0.0, val_acc: 91.73, fidel_score: 99.35, acc_loss: 0.0, grad_loss: 0.36386693146409865
2022-04-30 02:55:42,907 DEBUG epoch: 119, train_acc: 0.0, val_acc: 91.97, fidel_score: 99.38, acc_loss: 0.0, grad_loss: 0.352198852013938
2022-04-30 02:55:45,851 DEBUG epoch: 120, train_acc: 0.0, val_acc: 91.77, fidel_score: 99.25, acc_loss: 0.0, grad_loss: 0.3697534080924867
2022-04-30 02:55:48,696 DEBUG epoch: 121, train_acc: 0.0, val_acc: 91.86, fidel_score: 99.19, acc_loss: 0.0, grad_loss: 0.3648865456822552
2022-04-30 02:55:51,545 DEBUG epoch: 122, train_acc: 0.0, val_acc: 91.85, fidel_score: 99.34, acc_loss: 0.0, grad_loss: 0.3577577984785732
2022-04-30 02:55:54,490 DEBUG epoch: 123, train_acc: 0.0, val_acc: 91.77, fidel_score: 99.32, acc_loss: 0.0, grad_loss: 0.36450460704067084
2022-04-30 02:55:57,454 DEBUG epoch: 124, train_acc: 0.0, val_acc: 91.91, fidel_score: 99.25, acc_loss: 0.0, grad_loss: 0.34016544060616555
2022-04-30 02:56:00,295 DEBUG epoch: 125, train_acc: 0.0, val_acc: 91.75, fidel_score: 99.17, acc_loss: 0.0, grad_loss: 0.34682635887514185
2022-04-30 02:56:03,244 DEBUG epoch: 126, train_acc: 0.0, val_acc: 91.85, fidel_score: 99.28, acc_loss: 0.0, grad_loss: 0.36867242655422117
2022-04-30 02:56:06,171 DEBUG epoch: 127, train_acc: 0.0, val_acc: 91.71, fidel_score: 99.15, acc_loss: 0.0, grad_loss: 0.3657458260466781
2022-04-30 02:56:09,096 DEBUG epoch: 128, train_acc: 0.0, val_acc: 91.74, fidel_score: 99.34, acc_loss: 0.0, grad_loss: 0.3661267127417311
2022-04-30 02:56:12,041 DEBUG epoch: 129, train_acc: 0.0, val_acc: 91.76, fidel_score: 99.14, acc_loss: 0.0, grad_loss: 0.3603966468119923
2022-04-30 02:56:14,997 DEBUG epoch: 130, train_acc: 0.0, val_acc: 91.79, fidel_score: 99.33, acc_loss: 0.0, grad_loss: 0.35467267489131493
2022-04-30 02:56:17,986 DEBUG epoch: 131, train_acc: 0.0, val_acc: 91.83, fidel_score: 99.35, acc_loss: 0.0, grad_loss: 0.3581146860047232
2022-04-30 02:56:20,907 DEBUG epoch: 132, train_acc: 0.0, val_acc: 91.81, fidel_score: 99.26, acc_loss: 0.0, grad_loss: 0.375910151231138
2022-04-30 02:56:23,891 DEBUG epoch: 133, train_acc: 0.0, val_acc: 91.73, fidel_score: 99.24, acc_loss: 0.0, grad_loss: 0.37493999660769595
2022-04-30 02:56:26,800 DEBUG epoch: 134, train_acc: 0.0, val_acc: 91.7, fidel_score: 99.21, acc_loss: 0.0, grad_loss: 0.37742269774780995
2022-04-30 02:56:29,757 DEBUG epoch: 135, train_acc: 0.0, val_acc: 91.86, fidel_score: 99.32, acc_loss: 0.0, grad_loss: 0.3706294398141813
2022-04-30 02:56:32,704 DEBUG epoch: 136, train_acc: 0.0, val_acc: 91.81, fidel_score: 99.33, acc_loss: 0.0, grad_loss: 0.35949458728862715
2022-04-30 02:56:35,675 DEBUG epoch: 137, train_acc: 0.0, val_acc: 91.87, fidel_score: 99.32, acc_loss: 0.0, grad_loss: 0.36683178457278237
2022-04-30 02:56:38,678 DEBUG epoch: 138, train_acc: 0.0, val_acc: 91.69, fidel_score: 99.28, acc_loss: 0.0, grad_loss: 0.35549578240400626
2022-04-30 02:56:41,661 DEBUG epoch: 139, train_acc: 0.0, val_acc: 91.78, fidel_score: 99.22, acc_loss: 0.0, grad_loss: 0.3468705293121217
2022-04-30 02:56:44,597 DEBUG epoch: 140, train_acc: 0.0, val_acc: 91.72, fidel_score: 99.25, acc_loss: 0.0, grad_loss: 0.35326122615156297
2022-04-30 02:56:47,527 DEBUG epoch: 141, train_acc: 0.0, val_acc: 91.76, fidel_score: 99.36, acc_loss: 0.0, grad_loss: 0.3627216067117981
2022-04-30 02:56:50,413 DEBUG epoch: 142, train_acc: 0.0, val_acc: 91.75, fidel_score: 99.22, acc_loss: 0.0, grad_loss: 0.3679885092792632
2022-04-30 02:56:53,246 DEBUG epoch: 143, train_acc: 0.0, val_acc: 91.81, fidel_score: 99.14, acc_loss: 0.0, grad_loss: 0.3498828922268711
2022-04-30 02:56:56,185 DEBUG epoch: 144, train_acc: 0.0, val_acc: 91.87, fidel_score: 99.26, acc_loss: 0.0, grad_loss: 0.35216110095947606
2022-04-30 02:56:59,119 DEBUG epoch: 145, train_acc: 0.0, val_acc: 91.85, fidel_score: 99.37, acc_loss: 0.0, grad_loss: 0.3766456027574177
2022-04-30 02:57:02,019 DEBUG epoch: 146, train_acc: 0.0, val_acc: 91.71, fidel_score: 99.33, acc_loss: 0.0, grad_loss: 0.3654461816141877
2022-04-30 02:57:04,961 DEBUG epoch: 147, train_acc: 0.0, val_acc: 91.85, fidel_score: 99.11, acc_loss: 0.0, grad_loss: 0.36818498373031616
2022-04-30 02:57:07,926 DEBUG epoch: 148, train_acc: 0.0, val_acc: 91.72, fidel_score: 99.21, acc_loss: 0.0, grad_loss: 0.36647421838362004
2022-04-30 02:57:10,851 DEBUG epoch: 149, train_acc: 0.0, val_acc: 91.83, fidel_score: 99.3, acc_loss: 0.0, grad_loss: 0.35930292591263974
2022-04-30 02:57:13,815 DEBUG epoch: 150, train_acc: 0.0, val_acc: 91.74, fidel_score: 99.36, acc_loss: 0.0, grad_loss: 0.35981009070631825
2022-04-30 02:57:16,793 DEBUG epoch: 151, train_acc: 0.0, val_acc: 91.85, fidel_score: 99.34, acc_loss: 0.0, grad_loss: 0.3426283795999575
2022-04-30 02:57:19,734 DEBUG epoch: 152, train_acc: 0.0, val_acc: 91.76, fidel_score: 99.42, acc_loss: 0.0, grad_loss: 0.35257685712621184
2022-04-30 02:57:22,656 DEBUG epoch: 153, train_acc: 0.0, val_acc: 91.86, fidel_score: 99.48, acc_loss: 0.0, grad_loss: 0.3556070791769631
2022-04-30 02:57:25,585 DEBUG epoch: 154, train_acc: 0.0, val_acc: 91.78, fidel_score: 99.34, acc_loss: 0.0, grad_loss: 0.35408446513399294
2022-04-30 02:57:28,569 DEBUG epoch: 155, train_acc: 0.0, val_acc: 91.82, fidel_score: 99.4, acc_loss: 0.0, grad_loss: 0.35018569891211354
2022-04-30 02:57:31,552 DEBUG epoch: 156, train_acc: 0.0, val_acc: 91.93, fidel_score: 99.35, acc_loss: 0.0, grad_loss: 0.3512242747635781
2022-04-30 02:57:34,515 DEBUG epoch: 157, train_acc: 0.0, val_acc: 91.8, fidel_score: 99.37, acc_loss: 0.0, grad_loss: 0.34619582076615923
2022-04-30 02:57:37,481 DEBUG epoch: 158, train_acc: 0.0, val_acc: 91.81, fidel_score: 99.4, acc_loss: 0.0, grad_loss: 0.3675916364675836
2022-04-30 02:57:40,423 DEBUG epoch: 159, train_acc: 0.0, val_acc: 91.87, fidel_score: 99.26, acc_loss: 0.0, grad_loss: 0.3491257534751409
2022-04-30 02:57:43,384 DEBUG epoch: 160, train_acc: 0.0, val_acc: 91.83, fidel_score: 99.33, acc_loss: 0.0, grad_loss: 0.34731065679954576
2022-04-30 02:57:46,337 DEBUG epoch: 161, train_acc: 0.0, val_acc: 91.78, fidel_score: 99.32, acc_loss: 0.0, grad_loss: 0.349111289163179
2022-04-30 02:57:49,197 DEBUG epoch: 162, train_acc: 0.0, val_acc: 91.82, fidel_score: 99.3, acc_loss: 0.0, grad_loss: 0.35245870732808415
2022-04-30 02:57:52,121 DEBUG epoch: 163, train_acc: 0.0, val_acc: 91.73, fidel_score: 99.32, acc_loss: 0.0, grad_loss: 0.3556131679046003
2022-04-30 02:57:55,041 DEBUG epoch: 164, train_acc: 0.0, val_acc: 91.79, fidel_score: 99.27, acc_loss: 0.0, grad_loss: 0.35571622584439533
2022-04-30 02:57:57,984 DEBUG epoch: 165, train_acc: 0.0, val_acc: 91.77, fidel_score: 99.31, acc_loss: 0.0, grad_loss: 0.35887275655058365
2022-04-30 02:58:00,933 DEBUG epoch: 166, train_acc: 0.0, val_acc: 91.86, fidel_score: 99.26, acc_loss: 0.0, grad_loss: 0.35974302284325227
2022-04-30 02:58:03,854 DEBUG epoch: 167, train_acc: 0.0, val_acc: 91.82, fidel_score: 99.44, acc_loss: 0.0, grad_loss: 0.35632138237168515
2022-04-30 02:58:06,834 DEBUG epoch: 168, train_acc: 0.0, val_acc: 91.87, fidel_score: 99.32, acc_loss: 0.0, grad_loss: 0.34976873499683186
2022-04-30 02:58:09,680 DEBUG epoch: 169, train_acc: 0.0, val_acc: 91.75, fidel_score: 99.32, acc_loss: 0.0, grad_loss: 0.3629400396271597
2022-04-30 02:58:12,593 DEBUG epoch: 170, train_acc: 0.0, val_acc: 91.8, fidel_score: 99.3, acc_loss: 0.0, grad_loss: 0.35993315354932715
2022-04-30 02:58:15,583 DEBUG epoch: 171, train_acc: 0.0, val_acc: 91.85, fidel_score: 99.37, acc_loss: 0.0, grad_loss: 0.33608844951738287
2022-04-30 02:58:18,433 DEBUG epoch: 172, train_acc: 0.0, val_acc: 91.74, fidel_score: 99.39, acc_loss: 0.0, grad_loss: 0.3469303012648715
2022-04-30 02:58:21,447 DEBUG epoch: 173, train_acc: 0.0, val_acc: 91.74, fidel_score: 99.49, acc_loss: 0.0, grad_loss: 0.3611111905001387
2022-04-30 02:58:24,426 DEBUG epoch: 174, train_acc: 0.0, val_acc: 91.68, fidel_score: 99.32, acc_loss: 0.0, grad_loss: 0.3537606713892538
2022-04-30 02:58:27,388 DEBUG epoch: 175, train_acc: 0.0, val_acc: 91.78, fidel_score: 99.33, acc_loss: 0.0, grad_loss: 0.3460356860975676
2022-04-30 02:58:30,357 DEBUG epoch: 176, train_acc: 0.0, val_acc: 91.72, fidel_score: 99.31, acc_loss: 0.0, grad_loss: 0.3542091622005535
2022-04-30 02:58:33,285 DEBUG epoch: 177, train_acc: 0.0, val_acc: 91.84, fidel_score: 99.31, acc_loss: 0.0, grad_loss: 0.33651940241644657
2022-04-30 02:58:36,282 DEBUG epoch: 178, train_acc: 0.0, val_acc: 91.82, fidel_score: 99.32, acc_loss: 0.0, grad_loss: 0.3395251899580412
2022-04-30 02:58:39,172 DEBUG epoch: 179, train_acc: 0.0, val_acc: 91.77, fidel_score: 99.26, acc_loss: 0.0, grad_loss: 0.356369379955002
2022-04-30 02:58:42,113 DEBUG epoch: 180, train_acc: 0.0, val_acc: 91.87, fidel_score: 99.43, acc_loss: 0.0, grad_loss: 0.3464284301558627
2022-04-30 02:58:45,094 DEBUG epoch: 181, train_acc: 0.0, val_acc: 91.77, fidel_score: 99.35, acc_loss: 0.0, grad_loss: 0.3614112048209468
2022-04-30 02:58:48,057 DEBUG epoch: 182, train_acc: 0.0, val_acc: 91.79, fidel_score: 99.33, acc_loss: 0.0, grad_loss: 0.3583839271641985
2022-04-30 02:58:50,965 DEBUG epoch: 183, train_acc: 0.0, val_acc: 91.78, fidel_score: 99.29, acc_loss: 0.0, grad_loss: 0.3625009554096415
2022-04-30 02:58:53,891 DEBUG epoch: 184, train_acc: 0.0, val_acc: 91.87, fidel_score: 99.41, acc_loss: 0.0, grad_loss: 0.3508649402404133
2022-04-30 02:58:56,821 DEBUG epoch: 185, train_acc: 0.0, val_acc: 91.92, fidel_score: 99.34, acc_loss: 0.0, grad_loss: 0.3578051615364944
2022-04-30 02:58:59,784 DEBUG epoch: 186, train_acc: 0.0, val_acc: 91.82, fidel_score: 99.34, acc_loss: 0.0, grad_loss: 0.3445792856472957
2022-04-30 02:59:02,784 DEBUG epoch: 187, train_acc: 0.0, val_acc: 91.75, fidel_score: 99.34, acc_loss: 0.0, grad_loss: 0.35946208502672894
2022-04-30 02:59:05,741 DEBUG epoch: 188, train_acc: 0.0, val_acc: 91.94, fidel_score: 99.4, acc_loss: 0.0, grad_loss: 0.3604933523301837
2022-04-30 02:59:08,709 DEBUG epoch: 189, train_acc: 0.0, val_acc: 91.73, fidel_score: 99.37, acc_loss: 0.0, grad_loss: 0.36803983604606194
2022-04-30 02:59:11,692 DEBUG epoch: 190, train_acc: 0.0, val_acc: 91.77, fidel_score: 99.23, acc_loss: 0.0, grad_loss: 0.3603015762718418
2022-04-30 02:59:14,597 DEBUG epoch: 191, train_acc: 0.0, val_acc: 91.94, fidel_score: 99.31, acc_loss: 0.0, grad_loss: 0.34842844986462895
2022-04-30 02:59:17,490 DEBUG epoch: 192, train_acc: 0.0, val_acc: 91.72, fidel_score: 99.29, acc_loss: 0.0, grad_loss: 0.35329895721206184
2022-04-30 02:59:20,437 DEBUG epoch: 193, train_acc: 0.0, val_acc: 91.85, fidel_score: 99.36, acc_loss: 0.0, grad_loss: 0.3613054863637007
2022-04-30 02:59:23,346 DEBUG epoch: 194, train_acc: 0.0, val_acc: 91.81, fidel_score: 99.38, acc_loss: 0.0, grad_loss: 0.3593620465526098
2022-04-30 02:59:26,296 DEBUG epoch: 195, train_acc: 0.0, val_acc: 91.87, fidel_score: 99.49, acc_loss: 0.0, grad_loss: 0.3567190760675865
2022-04-30 02:59:29,296 DEBUG epoch: 196, train_acc: 0.0, val_acc: 91.82, fidel_score: 99.4, acc_loss: 0.0, grad_loss: 0.3523014834787272
2022-04-30 02:59:32,267 DEBUG epoch: 197, train_acc: 0.0, val_acc: 91.7, fidel_score: 99.49, acc_loss: 0.0, grad_loss: 0.3472683971064
2022-04-30 02:59:35,206 DEBUG epoch: 198, train_acc: 0.0, val_acc: 91.81, fidel_score: 99.39, acc_loss: 0.0, grad_loss: 0.34811737096007866
2022-04-30 02:59:38,130 DEBUG epoch: 199, train_acc: 0.0, val_acc: 91.79, fidel_score: 99.43, acc_loss: 0.0, grad_loss: 0.3525366072036043
2022-04-30 02:59:41,063 DEBUG epoch: 200, train_acc: 0.0, val_acc: 91.89, fidel_score: 99.32, acc_loss: 0.0, grad_loss: 0.35407502590855466
2022-04-30 02:59:44,049 DEBUG epoch: 201, train_acc: 0.0, val_acc: 91.78, fidel_score: 99.34, acc_loss: 0.0, grad_loss: 0.35333356864844695
2022-04-30 02:59:46,966 DEBUG epoch: 202, train_acc: 0.0, val_acc: 91.78, fidel_score: 99.33, acc_loss: 0.0, grad_loss: 0.3461681091332737
2022-04-30 02:59:49,885 DEBUG epoch: 203, train_acc: 0.0, val_acc: 91.8, fidel_score: 99.34, acc_loss: 0.0, grad_loss: 0.3612846683097791
2022-04-30 02:59:52,728 DEBUG epoch: 204, train_acc: 0.0, val_acc: 91.94, fidel_score: 99.35, acc_loss: 0.0, grad_loss: 0.3615412142457841
2022-04-30 02:59:55,740 DEBUG epoch: 205, train_acc: 0.0, val_acc: 91.87, fidel_score: 99.34, acc_loss: 0.0, grad_loss: 0.3463132796408255
2022-04-30 02:59:58,701 DEBUG epoch: 206, train_acc: 0.0, val_acc: 91.88, fidel_score: 99.43, acc_loss: 0.0, grad_loss: 0.3616315675309942
2022-04-30 03:00:01,669 DEBUG epoch: 207, train_acc: 0.0, val_acc: 91.76, fidel_score: 99.31, acc_loss: 0.0, grad_loss: 0.3484712869306154
2022-04-30 03:00:04,668 DEBUG epoch: 208, train_acc: 0.0, val_acc: 91.84, fidel_score: 99.49, acc_loss: 0.0, grad_loss: 0.36117026983182643
2022-04-30 03:00:07,633 DEBUG epoch: 209, train_acc: 0.0, val_acc: 91.74, fidel_score: 99.33, acc_loss: 0.0, grad_loss: 0.3579487959040871
2022-04-30 03:00:10,590 DEBUG epoch: 210, train_acc: 0.0, val_acc: 91.77, fidel_score: 99.31, acc_loss: 0.0, grad_loss: 0.37080170874354207
2022-04-30 03:00:13,469 DEBUG epoch: 211, train_acc: 0.0, val_acc: 91.77, fidel_score: 99.39, acc_loss: 0.0, grad_loss: 0.369153707465039
2022-04-30 03:00:16,424 DEBUG epoch: 212, train_acc: 0.0, val_acc: 91.91, fidel_score: 99.39, acc_loss: 0.0, grad_loss: 0.364121835443038
2022-04-30 03:00:19,357 DEBUG epoch: 213, train_acc: 0.0, val_acc: 91.79, fidel_score: 99.33, acc_loss: 0.0, grad_loss: 0.3667752452289002
2022-04-30 03:00:22,296 DEBUG epoch: 214, train_acc: 0.0, val_acc: 91.89, fidel_score: 99.31, acc_loss: 0.0, grad_loss: 0.3611665666103363
2022-04-30 03:00:25,209 DEBUG epoch: 215, train_acc: 0.0, val_acc: 91.78, fidel_score: 99.36, acc_loss: 0.0, grad_loss: 0.3614433856704567
2022-04-30 03:00:28,116 DEBUG epoch: 216, train_acc: 0.0, val_acc: 91.75, fidel_score: 99.21, acc_loss: 0.0, grad_loss: 0.3512990323803093
2022-04-30 03:00:30,993 DEBUG epoch: 217, train_acc: 0.0, val_acc: 91.86, fidel_score: 99.37, acc_loss: 0.0, grad_loss: 0.3578759152677995
2022-04-30 03:00:34,007 DEBUG epoch: 218, train_acc: 0.0, val_acc: 91.88, fidel_score: 99.43, acc_loss: 0.0, grad_loss: 0.3596444450601747
2022-04-30 03:00:36,911 DEBUG epoch: 219, train_acc: 0.0, val_acc: 91.88, fidel_score: 99.47, acc_loss: 0.0, grad_loss: 0.3629742370376104
2022-04-30 03:00:39,919 DEBUG epoch: 220, train_acc: 0.0, val_acc: 91.85, fidel_score: 99.29, acc_loss: 0.0, grad_loss: 0.35778645661812797
2022-04-30 03:00:42,895 DEBUG epoch: 221, train_acc: 0.0, val_acc: 91.87, fidel_score: 99.41, acc_loss: 0.0, grad_loss: 0.3663311638409578
2022-04-30 03:00:45,858 DEBUG epoch: 222, train_acc: 0.0, val_acc: 91.74, fidel_score: 99.29, acc_loss: 0.0, grad_loss: 0.35396421578111525
2022-04-30 03:00:48,799 DEBUG epoch: 223, train_acc: 0.0, val_acc: 91.88, fidel_score: 99.41, acc_loss: 0.0, grad_loss: 0.3629784617997423
2022-04-30 03:00:51,778 DEBUG epoch: 224, train_acc: 0.0, val_acc: 91.79, fidel_score: 99.33, acc_loss: 0.0, grad_loss: 0.36094111883187596
2022-04-30 03:00:54,771 DEBUG epoch: 225, train_acc: 0.0, val_acc: 91.86, fidel_score: 99.42, acc_loss: 0.0, grad_loss: 0.3551714820197866
2022-04-30 03:00:57,712 DEBUG epoch: 226, train_acc: 0.0, val_acc: 91.81, fidel_score: 99.35, acc_loss: 0.0, grad_loss: 0.3592624860473826
2022-04-30 03:01:00,611 DEBUG epoch: 227, train_acc: 0.0, val_acc: 91.85, fidel_score: 99.43, acc_loss: 0.0, grad_loss: 0.36893312897108776
2022-04-30 03:01:03,590 DEBUG epoch: 228, train_acc: 0.0, val_acc: 91.86, fidel_score: 99.34, acc_loss: 0.0, grad_loss: 0.3456517391944233
2022-04-30 03:01:06,527 DEBUG epoch: 229, train_acc: 0.0, val_acc: 91.75, fidel_score: 99.51, acc_loss: 0.0, grad_loss: 0.3609777709728555
2022-04-30 03:01:09,392 DEBUG epoch: 230, train_acc: 0.0, val_acc: 91.75, fidel_score: 99.38, acc_loss: 0.0, grad_loss: 0.34215021190009537
2022-04-30 03:01:12,346 DEBUG epoch: 231, train_acc: 0.0, val_acc: 91.79, fidel_score: 99.2, acc_loss: 0.0, grad_loss: 0.35345844981036606
2022-04-30 03:01:15,284 DEBUG epoch: 232, train_acc: 0.0, val_acc: 91.77, fidel_score: 99.29, acc_loss: 0.0, grad_loss: 0.3432779017883011
2022-04-30 03:01:18,168 DEBUG epoch: 233, train_acc: 0.0, val_acc: 91.74, fidel_score: 99.29, acc_loss: 0.0, grad_loss: 0.3514630477639693
2022-04-30 03:01:21,108 DEBUG epoch: 234, train_acc: 0.0, val_acc: 91.91, fidel_score: 99.53, acc_loss: 0.0, grad_loss: 0.36398886125298996
2022-04-30 03:01:24,045 DEBUG epoch: 235, train_acc: 0.0, val_acc: 91.91, fidel_score: 99.29, acc_loss: 0.0, grad_loss: 0.36437800564343414
2022-04-30 03:01:26,990 DEBUG epoch: 236, train_acc: 0.0, val_acc: 91.81, fidel_score: 99.39, acc_loss: 0.0, grad_loss: 0.3597440613976008
2022-04-30 03:01:29,821 DEBUG epoch: 237, train_acc: 0.0, val_acc: 91.79, fidel_score: 99.29, acc_loss: 0.0, grad_loss: 0.363673518541493
2022-04-30 03:01:32,747 DEBUG epoch: 238, train_acc: 0.0, val_acc: 91.88, fidel_score: 99.35, acc_loss: 0.0, grad_loss: 0.34364287555217743
2022-04-30 03:01:35,717 DEBUG epoch: 239, train_acc: 0.0, val_acc: 91.82, fidel_score: 99.32, acc_loss: 0.0, grad_loss: 0.34237556253807455
2022-04-30 03:01:38,645 DEBUG epoch: 240, train_acc: 0.0, val_acc: 91.77, fidel_score: 99.39, acc_loss: 0.0, grad_loss: 0.36297139827209185
2022-04-30 03:01:41,551 DEBUG epoch: 241, train_acc: 0.0, val_acc: 91.83, fidel_score: 99.32, acc_loss: 0.0, grad_loss: 0.3632975292356708
2022-04-30 03:01:44,485 DEBUG epoch: 242, train_acc: 0.0, val_acc: 91.95, fidel_score: 99.32, acc_loss: 0.0, grad_loss: 0.36528343622443044
2022-04-30 03:01:47,402 DEBUG epoch: 243, train_acc: 0.0, val_acc: 91.85, fidel_score: 99.29, acc_loss: 0.0, grad_loss: 0.37124896106086197
2022-04-30 03:01:50,331 DEBUG epoch: 244, train_acc: 0.0, val_acc: 91.89, fidel_score: 99.42, acc_loss: 0.0, grad_loss: 0.36004831632481343
2022-04-30 03:01:53,290 DEBUG epoch: 245, train_acc: 0.0, val_acc: 91.74, fidel_score: 99.35, acc_loss: 0.0, grad_loss: 0.3609140520986122
2022-04-30 03:01:56,173 DEBUG epoch: 246, train_acc: 0.0, val_acc: 91.92, fidel_score: 99.34, acc_loss: 0.0, grad_loss: 0.3642997090952306
2022-04-30 03:01:58,988 DEBUG epoch: 247, train_acc: 0.0, val_acc: 91.83, fidel_score: 99.32, acc_loss: 0.0, grad_loss: 0.35928836540330816
2022-04-30 03:02:01,992 DEBUG epoch: 248, train_acc: 0.0, val_acc: 91.79, fidel_score: 99.48, acc_loss: 0.0, grad_loss: 0.34741444036930424
2022-04-30 03:02:04,947 DEBUG epoch: 249, train_acc: 0.0, val_acc: 91.73, fidel_score: 99.39, acc_loss: 0.0, grad_loss: 0.35623128202897086
2022-04-30 03:02:07,963 DEBUG epoch: 250, train_acc: 0.0, val_acc: 91.8, fidel_score: 99.37, acc_loss: 0.0, grad_loss: 0.36426954065697104
2022-04-30 03:02:10,853 DEBUG epoch: 251, train_acc: 0.0, val_acc: 91.75, fidel_score: 99.33, acc_loss: 0.0, grad_loss: 0.3462263681466066
2022-04-30 03:02:13,806 DEBUG epoch: 252, train_acc: 0.0, val_acc: 91.76, fidel_score: 99.31, acc_loss: 0.0, grad_loss: 0.3507047669042515
2022-04-30 03:02:16,758 DEBUG epoch: 253, train_acc: 0.0, val_acc: 91.81, fidel_score: 99.35, acc_loss: 0.0, grad_loss: 0.36331924399997617
2022-04-30 03:02:19,634 DEBUG epoch: 254, train_acc: 0.0, val_acc: 91.72, fidel_score: 99.39, acc_loss: 0.0, grad_loss: 0.3582917731019515
2022-04-30 03:02:22,549 DEBUG epoch: 255, train_acc: 0.0, val_acc: 91.77, fidel_score: 99.36, acc_loss: 0.0, grad_loss: 0.3477966406300098
2022-04-30 03:02:25,431 DEBUG epoch: 256, train_acc: 0.0, val_acc: 91.79, fidel_score: 99.39, acc_loss: 0.0, grad_loss: 0.35210001732729657
2022-04-30 03:02:28,416 DEBUG epoch: 257, train_acc: 0.0, val_acc: 91.84, fidel_score: 99.34, acc_loss: 0.0, grad_loss: 0.36387061808682697
2022-04-30 03:02:31,331 DEBUG epoch: 258, train_acc: 0.0, val_acc: 91.79, fidel_score: 99.38, acc_loss: 0.0, grad_loss: 0.3709282324283938
2022-04-30 03:02:34,289 DEBUG epoch: 259, train_acc: 0.0, val_acc: 91.86, fidel_score: 99.36, acc_loss: 0.0, grad_loss: 0.3556577987685988
2022-04-30 03:02:37,273 DEBUG epoch: 260, train_acc: 0.0, val_acc: 91.86, fidel_score: 99.48, acc_loss: 0.0, grad_loss: 0.3443429636049874
2022-04-30 03:02:40,229 DEBUG epoch: 261, train_acc: 0.0, val_acc: 91.9, fidel_score: 99.35, acc_loss: 0.0, grad_loss: 0.3520346570618545
2022-04-30 03:02:43,182 DEBUG epoch: 262, train_acc: 0.0, val_acc: 91.75, fidel_score: 99.47, acc_loss: 0.0, grad_loss: 0.3657923748221579
2022-04-30 03:02:46,146 DEBUG epoch: 263, train_acc: 0.0, val_acc: 91.88, fidel_score: 99.32, acc_loss: 0.0, grad_loss: 0.36652966051162045
2022-04-30 03:02:49,137 DEBUG epoch: 264, train_acc: 0.0, val_acc: 91.83, fidel_score: 99.4, acc_loss: 0.0, grad_loss: 0.3672063301635694
2022-04-30 03:02:52,026 DEBUG epoch: 265, train_acc: 0.0, val_acc: 91.81, fidel_score: 99.47, acc_loss: 0.0, grad_loss: 0.3569126585616341
2022-04-30 03:02:54,994 DEBUG epoch: 266, train_acc: 0.0, val_acc: 91.79, fidel_score: 99.4, acc_loss: 0.0, grad_loss: 0.35428304140326344
2022-04-30 03:02:57,967 DEBUG epoch: 267, train_acc: 0.0, val_acc: 91.89, fidel_score: 99.37, acc_loss: 0.0, grad_loss: 0.3586316353912595
2022-04-30 03:03:00,878 DEBUG epoch: 268, train_acc: 0.0, val_acc: 91.78, fidel_score: 99.39, acc_loss: 0.0, grad_loss: 0.37016923291773735
2022-04-30 03:03:03,817 DEBUG epoch: 269, train_acc: 0.0, val_acc: 91.81, fidel_score: 99.38, acc_loss: 0.0, grad_loss: 0.3598035770126536
2022-04-30 03:03:06,778 DEBUG epoch: 270, train_acc: 0.0, val_acc: 91.84, fidel_score: 99.38, acc_loss: 0.0, grad_loss: 0.34617857201189933
2022-04-30 03:03:09,719 DEBUG epoch: 271, train_acc: 0.0, val_acc: 91.81, fidel_score: 99.31, acc_loss: 0.0, grad_loss: 0.35973359625550766
2022-04-30 03:03:12,658 DEBUG epoch: 272, train_acc: 0.0, val_acc: 91.91, fidel_score: 99.32, acc_loss: 0.0, grad_loss: 0.3557750494042529
2022-04-30 03:03:15,600 DEBUG epoch: 273, train_acc: 0.0, val_acc: 91.73, fidel_score: 99.37, acc_loss: 0.0, grad_loss: 0.34661229671556737
2022-04-30 03:03:18,477 DEBUG epoch: 274, train_acc: 0.0, val_acc: 91.82, fidel_score: 99.41, acc_loss: 0.0, grad_loss: 0.3601872611649429
2022-04-30 03:03:21,432 DEBUG epoch: 275, train_acc: 0.0, val_acc: 91.89, fidel_score: 99.43, acc_loss: 0.0, grad_loss: 0.3565610960314545
2022-04-30 03:03:24,357 DEBUG epoch: 276, train_acc: 0.0, val_acc: 91.76, fidel_score: 99.34, acc_loss: 0.0, grad_loss: 0.3472636704203449
2022-04-30 03:03:27,269 DEBUG epoch: 277, train_acc: 0.0, val_acc: 91.87, fidel_score: 99.36, acc_loss: 0.0, grad_loss: 0.35275732037387314
2022-04-30 03:03:30,233 DEBUG epoch: 278, train_acc: 0.0, val_acc: 91.77, fidel_score: 99.41, acc_loss: 0.0, grad_loss: 0.3513412794357614
2022-04-30 03:03:33,177 DEBUG epoch: 279, train_acc: 0.0, val_acc: 91.86, fidel_score: 99.37, acc_loss: 0.0, grad_loss: 0.37059237025206604
2022-04-30 03:03:36,109 DEBUG epoch: 280, train_acc: 0.0, val_acc: 91.84, fidel_score: 99.36, acc_loss: 0.0, grad_loss: 0.35267699745636955
2022-04-30 03:03:39,096 DEBUG epoch: 281, train_acc: 0.0, val_acc: 91.77, fidel_score: 99.39, acc_loss: 0.0, grad_loss: 0.3523222532453416
2022-04-30 03:03:42,091 DEBUG epoch: 282, train_acc: 0.0, val_acc: 91.77, fidel_score: 99.35, acc_loss: 0.0, grad_loss: 0.34983407828626756
2022-04-30 03:03:45,054 DEBUG epoch: 283, train_acc: 0.0, val_acc: 91.67, fidel_score: 99.36, acc_loss: 0.0, grad_loss: 0.36047774421263346
2022-04-30 03:03:47,947 DEBUG epoch: 284, train_acc: 0.0, val_acc: 91.85, fidel_score: 99.36, acc_loss: 0.0, grad_loss: 0.3626604506486579
2022-04-30 03:03:50,885 DEBUG epoch: 285, train_acc: 0.0, val_acc: 91.84, fidel_score: 99.43, acc_loss: 0.0, grad_loss: 0.3627004770538475
2022-04-30 03:03:53,877 DEBUG epoch: 286, train_acc: 0.0, val_acc: 91.83, fidel_score: 99.4, acc_loss: 0.0, grad_loss: 0.3651785714716851
2022-04-30 03:03:56,806 DEBUG epoch: 287, train_acc: 0.0, val_acc: 91.95, fidel_score: 99.44, acc_loss: 0.0, grad_loss: 0.34934687161747413
2022-04-30 03:03:59,729 DEBUG epoch: 288, train_acc: 0.0, val_acc: 91.63, fidel_score: 99.25, acc_loss: 0.0, grad_loss: 0.3582166546507727
2022-04-30 03:04:02,596 DEBUG epoch: 289, train_acc: 0.0, val_acc: 91.77, fidel_score: 99.44, acc_loss: 0.0, grad_loss: 0.3487546087443074
2022-04-30 03:04:05,562 DEBUG epoch: 290, train_acc: 0.0, val_acc: 91.86, fidel_score: 99.38, acc_loss: 0.0, grad_loss: 0.36207514473154573
2022-04-30 03:04:08,568 DEBUG epoch: 291, train_acc: 0.0, val_acc: 91.79, fidel_score: 99.36, acc_loss: 0.0, grad_loss: 0.3546155032855046
2022-04-30 03:04:11,425 DEBUG epoch: 292, train_acc: 0.0, val_acc: 91.76, fidel_score: 99.36, acc_loss: 0.0, grad_loss: 0.35557019257847267
2022-04-30 03:04:14,353 DEBUG epoch: 293, train_acc: 0.0, val_acc: 91.89, fidel_score: 99.37, acc_loss: 0.0, grad_loss: 0.36181979013394705
2022-04-30 03:04:17,336 DEBUG epoch: 294, train_acc: 0.0, val_acc: 91.85, fidel_score: 99.49, acc_loss: 0.0, grad_loss: 0.36603543237794806
2022-04-30 03:04:20,215 DEBUG epoch: 295, train_acc: 0.0, val_acc: 91.85, fidel_score: 99.39, acc_loss: 0.0, grad_loss: 0.3539979952045634
2022-04-30 03:04:23,154 DEBUG epoch: 296, train_acc: 0.0, val_acc: 91.81, fidel_score: 99.42, acc_loss: 0.0, grad_loss: 0.3611423275138758
2022-04-30 03:04:26,051 DEBUG epoch: 297, train_acc: 0.0, val_acc: 91.79, fidel_score: 99.43, acc_loss: 0.0, grad_loss: 0.3640858764889874
2022-04-30 03:04:28,977 DEBUG epoch: 298, train_acc: 0.0, val_acc: 91.81, fidel_score: 99.35, acc_loss: 0.0, grad_loss: 0.349654955765869
2022-04-30 03:04:31,951 DEBUG epoch: 299, train_acc: 0.0, val_acc: 91.89, fidel_score: 99.34, acc_loss: 0.0, grad_loss: 0.34524735563163517
2022-04-30 03:04:34,918 DEBUG epoch: 300, train_acc: 0.0, val_acc: 91.82, fidel_score: 99.4, acc_loss: 0.0, grad_loss: 0.3684673252739484
2022-04-30 03:04:34,918 DEBUG load best stealed model.
2022-04-30 03:04:34,918 DEBUG Best perform model, val_acc: 91.97, fidel_score: 99.38, acc_loss: 0.0, grad_loss: 0.36398886125298996
2022-04-30 03:04:34,921 DEBUG load cloest stealed model.
2022-04-30 03:04:34,921 DEBUG Cloest perform model, val_acc: 91.91, fidel_score: 99.53, acc_loss: 0.0, grad_loss: 0.36398886125298996
