2022-04-25 18:10:09,693 DEBUG Namespace(arch='vgg11_bn', attack_client=0, attack_epochs=300, attack_style='GM_option_SVHN', average_time=1, batch_size=128, bottleneck_option='None', cutlayer=4, data_proportion=1.0, dataset='cifar100', filename='ace_V2_epoch_vgg11_bn_cutlayer_4_client_1_seed125_dataset_cifar100_lr_0.05_200epoch', folder='saves/baseline', learning_rate=0.005, noniid_ratio=1.0, num_client=1, num_epochs='best', num_query=10000, random_seed=123, regularization='None', regularization_strength=0.0, scheme='V2_epoch', surrogate_arch='same', test_best=True, train_clas_layer=3.0)
2022-04-25 18:10:13,221 DEBUG Test (client-0):	Loss 1.2311 (1.7817)	Prec@1 75.000 (68.630)
2022-04-25 18:10:13,221 DEBUG  * Prec@1 68.630
2022-04-25 18:10:13,222 DEBUG 6
2022-04-25 18:10:13,222 DEBUG surrogate parameter has 6 trainable parameters!
2022-04-25 18:10:19,351 DEBUG epoch: 0, val_acc: 0.48, val_fidelity: 0.34
2022-04-25 18:10:22,129 DEBUG epoch: 1, train_acc: 0.0, val_acc: 0.64, fidel_score: 0.51, acc_loss: 0.0, grad_loss: 4.075996899906593
2022-04-25 18:10:24,926 DEBUG epoch: 2, train_acc: 0.0, val_acc: 0.97, fidel_score: 0.97, acc_loss: 0.0, grad_loss: 4.070964903771123
2022-04-25 18:10:27,707 DEBUG epoch: 3, train_acc: 0.0, val_acc: 1.0, fidel_score: 1.02, acc_loss: 0.0, grad_loss: 4.019726596301115
2022-04-25 18:10:30,486 DEBUG epoch: 4, train_acc: 0.0, val_acc: 1.0, fidel_score: 1.02, acc_loss: 0.0, grad_loss: 3.42022310329389
2022-04-25 18:10:33,269 DEBUG epoch: 5, train_acc: 0.0, val_acc: 1.0, fidel_score: 1.02, acc_loss: 0.0, grad_loss: 3.261571328851241
2022-04-25 18:10:36,040 DEBUG epoch: 6, train_acc: 0.0, val_acc: 1.0, fidel_score: 1.02, acc_loss: 0.0, grad_loss: 3.1141483874260625
2022-04-25 18:10:38,787 DEBUG epoch: 7, train_acc: 0.0, val_acc: 1.0, fidel_score: 1.02, acc_loss: 0.0, grad_loss: 3.049437945402121
2022-04-25 18:10:41,548 DEBUG epoch: 8, train_acc: 0.0, val_acc: 1.0, fidel_score: 1.02, acc_loss: 0.0, grad_loss: 2.965507425839388
2022-04-25 18:10:44,320 DEBUG epoch: 9, train_acc: 0.0, val_acc: 1.0, fidel_score: 1.02, acc_loss: 0.0, grad_loss: 2.914619838135152
2022-04-25 18:10:47,119 DEBUG epoch: 10, train_acc: 0.0, val_acc: 1.0, fidel_score: 1.02, acc_loss: 0.0, grad_loss: 2.8813874449910997
2022-04-25 18:10:49,907 DEBUG epoch: 11, train_acc: 0.0, val_acc: 1.0, fidel_score: 1.02, acc_loss: 0.0, grad_loss: 3.032632758345785
2022-04-25 18:10:52,699 DEBUG epoch: 12, train_acc: 0.0, val_acc: 1.0, fidel_score: 1.02, acc_loss: 0.0, grad_loss: 2.9356179327904424
2022-04-25 18:10:55,475 DEBUG epoch: 13, train_acc: 0.0, val_acc: 1.0, fidel_score: 1.02, acc_loss: 0.0, grad_loss: 2.837652825102021
2022-04-25 18:10:58,256 DEBUG epoch: 14, train_acc: 0.0, val_acc: 1.0, fidel_score: 1.02, acc_loss: 0.0, grad_loss: 2.8562469059907936
2022-04-25 18:11:01,038 DEBUG epoch: 15, train_acc: 0.0, val_acc: 1.0, fidel_score: 1.02, acc_loss: 0.0, grad_loss: 2.7798067195506038
2022-04-25 18:11:03,814 DEBUG epoch: 16, train_acc: 0.0, val_acc: 1.0, fidel_score: 1.02, acc_loss: 0.0, grad_loss: 2.678071175949483
2022-04-25 18:11:06,582 DEBUG epoch: 17, train_acc: 0.0, val_acc: 1.0, fidel_score: 1.02, acc_loss: 0.0, grad_loss: 2.734242034863822
2022-04-25 18:11:09,338 DEBUG epoch: 18, train_acc: 0.0, val_acc: 1.0, fidel_score: 1.02, acc_loss: 0.0, grad_loss: 2.722952157636232
2022-04-25 18:11:12,110 DEBUG epoch: 19, train_acc: 0.0, val_acc: 1.0, fidel_score: 1.02, acc_loss: 0.0, grad_loss: 2.6012016278278978
2022-04-25 18:11:14,900 DEBUG epoch: 20, train_acc: 0.0, val_acc: 1.0, fidel_score: 1.02, acc_loss: 0.0, grad_loss: 2.6186307291441326
2022-04-25 18:11:17,690 DEBUG epoch: 21, train_acc: 0.0, val_acc: 1.0, fidel_score: 1.02, acc_loss: 0.0, grad_loss: 2.5992448329925537
2022-04-25 18:11:20,475 DEBUG epoch: 22, train_acc: 0.0, val_acc: 1.0, fidel_score: 1.02, acc_loss: 0.0, grad_loss: 2.6406556775298298
2022-04-25 18:11:23,259 DEBUG epoch: 23, train_acc: 0.0, val_acc: 1.0, fidel_score: 1.02, acc_loss: 0.0, grad_loss: 2.632289832151389
2022-04-25 18:11:26,023 DEBUG epoch: 24, train_acc: 0.0, val_acc: 1.0, fidel_score: 1.02, acc_loss: 0.0, grad_loss: 2.597451777397832
2022-04-25 18:11:28,799 DEBUG epoch: 25, train_acc: 0.0, val_acc: 1.0, fidel_score: 1.02, acc_loss: 0.0, grad_loss: 2.4295224826547166
2022-04-25 18:11:31,569 DEBUG epoch: 26, train_acc: 0.0, val_acc: 1.0, fidel_score: 1.02, acc_loss: 0.0, grad_loss: 2.4356481983691833
2022-04-25 18:11:34,351 DEBUG epoch: 27, train_acc: 0.0, val_acc: 1.0, fidel_score: 1.02, acc_loss: 0.0, grad_loss: 2.388902122461343
2022-04-25 18:11:37,119 DEBUG epoch: 28, train_acc: 0.0, val_acc: 1.0, fidel_score: 1.02, acc_loss: 0.0, grad_loss: 2.3810502185097224
2022-04-25 18:11:39,917 DEBUG epoch: 29, train_acc: 0.0, val_acc: 1.0, fidel_score: 1.02, acc_loss: 0.0, grad_loss: 2.387166242056255
2022-04-25 18:11:42,693 DEBUG epoch: 30, train_acc: 0.0, val_acc: 1.0, fidel_score: 1.02, acc_loss: 0.0, grad_loss: 2.3867667128768146
2022-04-25 18:11:45,489 DEBUG epoch: 31, train_acc: 0.0, val_acc: 1.0, fidel_score: 1.02, acc_loss: 0.0, grad_loss: 2.326949092406261
2022-04-25 18:11:48,269 DEBUG epoch: 32, train_acc: 0.0, val_acc: 1.35, fidel_score: 1.38, acc_loss: 0.0, grad_loss: 2.376778910431681
2022-04-25 18:11:51,062 DEBUG epoch: 33, train_acc: 0.0, val_acc: 2.21, fidel_score: 2.37, acc_loss: 0.0, grad_loss: 2.3134534811671776
2022-04-25 18:11:53,852 DEBUG epoch: 34, train_acc: 0.0, val_acc: 2.32, fidel_score: 2.49, acc_loss: 0.0, grad_loss: 2.1847692079181913
2022-04-25 18:11:56,621 DEBUG epoch: 35, train_acc: 0.0, val_acc: 1.72, fidel_score: 1.82, acc_loss: 0.0, grad_loss: 2.0959906442255916
2022-04-25 18:11:59,393 DEBUG epoch: 36, train_acc: 0.0, val_acc: 1.75, fidel_score: 1.86, acc_loss: 0.0, grad_loss: 2.170701887034163
2022-04-25 18:12:02,176 DEBUG epoch: 37, train_acc: 0.0, val_acc: 1.72, fidel_score: 1.84, acc_loss: 0.0, grad_loss: 2.169805209847945
2022-04-25 18:12:04,962 DEBUG epoch: 38, train_acc: 0.0, val_acc: 1.7, fidel_score: 1.77, acc_loss: 0.0, grad_loss: 2.0800740567943716
2022-04-25 18:12:07,743 DEBUG epoch: 39, train_acc: 0.0, val_acc: 1.79, fidel_score: 1.92, acc_loss: 0.0, grad_loss: 2.024494097202639
2022-04-25 18:12:10,536 DEBUG epoch: 40, train_acc: 0.0, val_acc: 1.74, fidel_score: 1.85, acc_loss: 0.0, grad_loss: 2.02542490295217
2022-04-25 18:12:13,304 DEBUG epoch: 41, train_acc: 0.0, val_acc: 2.83, fidel_score: 3.03, acc_loss: 0.0, grad_loss: 1.9592581519597694
2022-04-25 18:12:16,076 DEBUG epoch: 42, train_acc: 0.0, val_acc: 3.07, fidel_score: 3.38, acc_loss: 0.0, grad_loss: 1.897167829018605
2022-04-25 18:12:18,854 DEBUG epoch: 43, train_acc: 0.0, val_acc: 4.43, fidel_score: 4.89, acc_loss: 0.0, grad_loss: 1.9315686965290504
2022-04-25 18:12:21,632 DEBUG epoch: 44, train_acc: 0.0, val_acc: 4.01, fidel_score: 4.29, acc_loss: 0.0, grad_loss: 1.8684241137927091
2022-04-25 18:12:24,412 DEBUG epoch: 45, train_acc: 0.0, val_acc: 2.93, fidel_score: 3.17, acc_loss: 0.0, grad_loss: 1.809187118011185
2022-04-25 18:12:27,192 DEBUG epoch: 46, train_acc: 0.0, val_acc: 3.52, fidel_score: 3.78, acc_loss: 0.0, grad_loss: 1.8668492157248002
2022-04-25 18:12:29,988 DEBUG epoch: 47, train_acc: 0.0, val_acc: 2.91, fidel_score: 3.19, acc_loss: 0.0, grad_loss: 1.7935431592072113
2022-04-25 18:12:32,762 DEBUG epoch: 48, train_acc: 0.0, val_acc: 3.91, fidel_score: 4.38, acc_loss: 0.0, grad_loss: 1.8333442663844628
2022-04-25 18:12:35,555 DEBUG epoch: 49, train_acc: 0.0, val_acc: 3.8, fidel_score: 4.32, acc_loss: 0.0, grad_loss: 1.7648976271665548
2022-04-25 18:12:38,338 DEBUG epoch: 50, train_acc: 0.0, val_acc: 4.68, fidel_score: 5.31, acc_loss: 0.0, grad_loss: 1.7422054055370861
2022-04-25 18:12:41,110 DEBUG epoch: 51, train_acc: 0.0, val_acc: 4.58, fidel_score: 5.01, acc_loss: 0.0, grad_loss: 1.7551842611047286
2022-04-25 18:12:43,877 DEBUG epoch: 52, train_acc: 0.0, val_acc: 3.33, fidel_score: 3.6, acc_loss: 0.0, grad_loss: 1.771911690506754
2022-04-25 18:12:46,661 DEBUG epoch: 53, train_acc: 0.0, val_acc: 1.68, fidel_score: 1.76, acc_loss: 0.0, grad_loss: 1.8206084242349938
2022-04-25 18:12:49,435 DEBUG epoch: 54, train_acc: 0.0, val_acc: 3.04, fidel_score: 3.17, acc_loss: 0.0, grad_loss: 1.8800491245487068
2022-04-25 18:12:52,213 DEBUG epoch: 55, train_acc: 0.0, val_acc: 6.02, fidel_score: 7.12, acc_loss: 0.0, grad_loss: 1.837843262696568
2022-04-25 18:12:55,007 DEBUG epoch: 56, train_acc: 0.0, val_acc: 5.73, fidel_score: 6.88, acc_loss: 0.0, grad_loss: 1.70923896077313
2022-04-25 18:12:57,786 DEBUG epoch: 57, train_acc: 0.0, val_acc: 7.95, fidel_score: 9.42, acc_loss: 0.0, grad_loss: 1.7481860571269747
2022-04-25 18:13:00,555 DEBUG epoch: 58, train_acc: 0.0, val_acc: 13.26, fidel_score: 15.24, acc_loss: 0.0, grad_loss: 1.687961086442199
2022-04-25 18:13:03,340 DEBUG epoch: 59, train_acc: 0.0, val_acc: 12.05, fidel_score: 13.91, acc_loss: 0.0, grad_loss: 1.6075298031674157
2022-04-25 18:13:06,126 DEBUG epoch: 60, train_acc: 0.0, val_acc: 12.72, fidel_score: 14.76, acc_loss: 0.0, grad_loss: 1.5258812768549859
2022-04-25 18:13:08,901 DEBUG epoch: 61, train_acc: 0.0, val_acc: 13.78, fidel_score: 16.03, acc_loss: 0.0, grad_loss: 1.4520136148114748
2022-04-25 18:13:11,672 DEBUG epoch: 62, train_acc: 0.0, val_acc: 13.87, fidel_score: 16.22, acc_loss: 0.0, grad_loss: 1.4900248729729955
2022-04-25 18:13:14,456 DEBUG epoch: 63, train_acc: 0.0, val_acc: 13.44, fidel_score: 15.72, acc_loss: 0.0, grad_loss: 1.4694928866398485
2022-04-25 18:13:17,227 DEBUG epoch: 64, train_acc: 0.0, val_acc: 13.7, fidel_score: 15.97, acc_loss: 0.0, grad_loss: 1.5009948905510238
2022-04-25 18:13:19,995 DEBUG epoch: 65, train_acc: 0.0, val_acc: 14.61, fidel_score: 17.05, acc_loss: 0.0, grad_loss: 1.4559950224960907
2022-04-25 18:13:22,774 DEBUG epoch: 66, train_acc: 0.0, val_acc: 14.04, fidel_score: 16.33, acc_loss: 0.0, grad_loss: 1.5152422280251225
2022-04-25 18:13:25,554 DEBUG epoch: 67, train_acc: 0.0, val_acc: 14.46, fidel_score: 16.79, acc_loss: 0.0, grad_loss: 1.5142946907236605
2022-04-25 18:13:28,325 DEBUG epoch: 68, train_acc: 0.0, val_acc: 13.96, fidel_score: 16.32, acc_loss: 0.0, grad_loss: 1.4092903031578548
2022-04-25 18:13:31,101 DEBUG epoch: 69, train_acc: 0.0, val_acc: 14.89, fidel_score: 17.44, acc_loss: 0.0, grad_loss: 1.463192883926102
2022-04-25 18:13:33,883 DEBUG epoch: 70, train_acc: 0.0, val_acc: 15.5, fidel_score: 18.14, acc_loss: 0.0, grad_loss: 1.4051509703261942
2022-04-25 18:13:36,665 DEBUG epoch: 71, train_acc: 0.0, val_acc: 15.61, fidel_score: 18.15, acc_loss: 0.0, grad_loss: 1.4438842218133467
2022-04-25 18:13:39,450 DEBUG epoch: 72, train_acc: 0.0, val_acc: 15.47, fidel_score: 17.98, acc_loss: 0.0, grad_loss: 1.5224586785594119
2022-04-25 18:13:42,228 DEBUG epoch: 73, train_acc: 0.0, val_acc: 14.86, fidel_score: 17.35, acc_loss: 0.0, grad_loss: 1.5119306588474708
2022-04-25 18:13:45,019 DEBUG epoch: 74, train_acc: 0.0, val_acc: 15.63, fidel_score: 18.31, acc_loss: 0.0, grad_loss: 1.4321237289452855
2022-04-25 18:13:47,804 DEBUG epoch: 75, train_acc: 0.0, val_acc: 15.01, fidel_score: 17.53, acc_loss: 0.0, grad_loss: 1.4584543101395233
2022-04-25 18:13:50,590 DEBUG epoch: 76, train_acc: 0.0, val_acc: 15.27, fidel_score: 17.76, acc_loss: 0.0, grad_loss: 1.4481231351441974
2022-04-25 18:13:53,350 DEBUG epoch: 77, train_acc: 0.0, val_acc: 15.73, fidel_score: 18.32, acc_loss: 0.0, grad_loss: 1.4082363451583475
2022-04-25 18:13:56,142 DEBUG epoch: 78, train_acc: 0.0, val_acc: 15.61, fidel_score: 18.26, acc_loss: 0.0, grad_loss: 1.3559190163129493
2022-04-25 18:13:58,950 DEBUG epoch: 79, train_acc: 0.0, val_acc: 16.65, fidel_score: 19.49, acc_loss: 0.0, grad_loss: 1.3778845313229138
2022-04-25 18:14:01,739 DEBUG epoch: 80, train_acc: 0.0, val_acc: 17.36, fidel_score: 20.28, acc_loss: 0.0, grad_loss: 1.3790368890460534
2022-04-25 18:14:04,526 DEBUG epoch: 81, train_acc: 0.0, val_acc: 17.52, fidel_score: 20.52, acc_loss: 0.0, grad_loss: 1.3684862361678594
2022-04-25 18:14:07,301 DEBUG epoch: 82, train_acc: 0.0, val_acc: 17.08, fidel_score: 19.94, acc_loss: 0.0, grad_loss: 1.501744789413259
2022-04-25 18:14:10,082 DEBUG epoch: 83, train_acc: 0.0, val_acc: 17.14, fidel_score: 20.14, acc_loss: 0.0, grad_loss: 1.3650886627692211
2022-04-25 18:14:12,874 DEBUG epoch: 84, train_acc: 0.0, val_acc: 17.67, fidel_score: 20.68, acc_loss: 0.0, grad_loss: 1.34468536663659
2022-04-25 18:14:15,645 DEBUG epoch: 85, train_acc: 0.0, val_acc: 18.12, fidel_score: 21.11, acc_loss: 0.0, grad_loss: 1.4132160265234452
2022-04-25 18:14:18,440 DEBUG epoch: 86, train_acc: 0.0, val_acc: 18.99, fidel_score: 22.23, acc_loss: 0.0, grad_loss: 1.3344838943662523
2022-04-25 18:14:21,206 DEBUG epoch: 87, train_acc: 0.0, val_acc: 19.16, fidel_score: 22.46, acc_loss: 0.0, grad_loss: 1.44550027500225
2022-04-25 18:14:23,976 DEBUG epoch: 88, train_acc: 0.0, val_acc: 18.75, fidel_score: 21.89, acc_loss: 0.0, grad_loss: 1.327286681796931
2022-04-25 18:14:26,752 DEBUG epoch: 89, train_acc: 0.0, val_acc: 18.84, fidel_score: 21.96, acc_loss: 0.0, grad_loss: 1.3727931297278102
2022-04-25 18:14:29,530 DEBUG epoch: 90, train_acc: 0.0, val_acc: 19.11, fidel_score: 22.32, acc_loss: 0.0, grad_loss: 1.374895678290838
2022-04-25 18:14:32,315 DEBUG epoch: 91, train_acc: 0.0, val_acc: 19.89, fidel_score: 23.23, acc_loss: 0.0, grad_loss: 1.3443625003476687
2022-04-25 18:14:35,104 DEBUG epoch: 92, train_acc: 0.0, val_acc: 19.9, fidel_score: 23.27, acc_loss: 0.0, grad_loss: 1.3140536244911483
2022-04-25 18:14:37,870 DEBUG epoch: 93, train_acc: 0.0, val_acc: 19.72, fidel_score: 22.97, acc_loss: 0.0, grad_loss: 1.4060959966876838
2022-04-25 18:14:40,654 DEBUG epoch: 94, train_acc: 0.0, val_acc: 20.03, fidel_score: 23.38, acc_loss: 0.0, grad_loss: 1.362256749521328
2022-04-25 18:14:43,423 DEBUG epoch: 95, train_acc: 0.0, val_acc: 19.23, fidel_score: 22.32, acc_loss: 0.0, grad_loss: 1.381878116462804
2022-04-25 18:14:46,208 DEBUG epoch: 96, train_acc: 0.0, val_acc: 19.63, fidel_score: 22.95, acc_loss: 0.0, grad_loss: 1.4003861335259449
2022-04-25 18:14:48,974 DEBUG epoch: 97, train_acc: 0.0, val_acc: 20.19, fidel_score: 23.6, acc_loss: 0.0, grad_loss: 1.403042167047911
2022-04-25 18:14:51,739 DEBUG epoch: 98, train_acc: 0.0, val_acc: 20.67, fidel_score: 24.13, acc_loss: 0.0, grad_loss: 1.3769629650478121
2022-04-25 18:14:54,503 DEBUG epoch: 99, train_acc: 0.0, val_acc: 20.8, fidel_score: 24.38, acc_loss: 0.0, grad_loss: 1.3254941588715663
2022-04-25 18:14:57,277 DEBUG epoch: 100, train_acc: 0.0, val_acc: 21.61, fidel_score: 25.43, acc_loss: 0.0, grad_loss: 1.3930131400687784
2022-04-25 18:15:00,061 DEBUG epoch: 101, train_acc: 0.0, val_acc: 21.44, fidel_score: 25.1, acc_loss: 0.0, grad_loss: 1.3110059831715837
2022-04-25 18:15:02,858 DEBUG epoch: 102, train_acc: 0.0, val_acc: 21.19, fidel_score: 24.77, acc_loss: 0.0, grad_loss: 1.3217236980607239
2022-04-25 18:15:05,642 DEBUG epoch: 103, train_acc: 0.0, val_acc: 21.62, fidel_score: 25.42, acc_loss: 0.0, grad_loss: 1.3638489608523212
2022-04-25 18:15:08,420 DEBUG epoch: 104, train_acc: 0.0, val_acc: 20.34, fidel_score: 23.93, acc_loss: 0.0, grad_loss: 1.3154666114457045
2022-04-25 18:15:11,203 DEBUG epoch: 105, train_acc: 0.0, val_acc: 20.7, fidel_score: 24.39, acc_loss: 0.0, grad_loss: 1.3686879775192164
2022-04-25 18:15:13,999 DEBUG epoch: 106, train_acc: 0.0, val_acc: 21.52, fidel_score: 25.35, acc_loss: 0.0, grad_loss: 1.305754390698445
2022-04-25 18:15:16,783 DEBUG epoch: 107, train_acc: 0.0, val_acc: 22.25, fidel_score: 26.15, acc_loss: 0.0, grad_loss: 1.31410307069368
2022-04-25 18:15:19,577 DEBUG epoch: 108, train_acc: 0.0, val_acc: 21.59, fidel_score: 25.27, acc_loss: 0.0, grad_loss: 1.3768919246106208
2022-04-25 18:15:22,382 DEBUG epoch: 109, train_acc: 0.0, val_acc: 21.55, fidel_score: 25.3, acc_loss: 0.0, grad_loss: 1.278234241129477
2022-04-25 18:15:25,164 DEBUG epoch: 110, train_acc: 0.0, val_acc: 23.02, fidel_score: 27.07, acc_loss: 0.0, grad_loss: 1.2833764786961712
2022-04-25 18:15:27,947 DEBUG epoch: 111, train_acc: 0.0, val_acc: 22.62, fidel_score: 26.63, acc_loss: 0.0, grad_loss: 1.2639990335778346
2022-04-25 18:15:30,737 DEBUG epoch: 112, train_acc: 0.0, val_acc: 23.11, fidel_score: 27.2, acc_loss: 0.0, grad_loss: 1.3109105908418004
2022-04-25 18:15:33,519 DEBUG epoch: 113, train_acc: 0.0, val_acc: 22.87, fidel_score: 26.94, acc_loss: 0.0, grad_loss: 1.4136793681337863
2022-04-25 18:15:36,298 DEBUG epoch: 114, train_acc: 0.0, val_acc: 22.04, fidel_score: 26.08, acc_loss: 0.0, grad_loss: 1.3428741708586487
2022-04-25 18:15:39,067 DEBUG epoch: 115, train_acc: 0.0, val_acc: 23.26, fidel_score: 27.47, acc_loss: 0.0, grad_loss: 1.3326702246183082
2022-04-25 18:15:41,861 DEBUG epoch: 116, train_acc: 0.0, val_acc: 23.57, fidel_score: 27.79, acc_loss: 0.0, grad_loss: 1.351830910278272
2022-04-25 18:15:44,658 DEBUG epoch: 117, train_acc: 0.0, val_acc: 23.7, fidel_score: 27.89, acc_loss: 0.0, grad_loss: 1.333785203438771
2022-04-25 18:15:47,451 DEBUG epoch: 118, train_acc: 0.0, val_acc: 24.05, fidel_score: 28.36, acc_loss: 0.0, grad_loss: 1.3186255640621427
2022-04-25 18:15:50,238 DEBUG epoch: 119, train_acc: 0.0, val_acc: 24.83, fidel_score: 29.21, acc_loss: 0.0, grad_loss: 1.313617541065699
2022-04-25 18:15:53,007 DEBUG epoch: 120, train_acc: 0.0, val_acc: 25.0, fidel_score: 29.4, acc_loss: 0.0, grad_loss: 1.2776541204392156
2022-04-25 18:15:55,778 DEBUG epoch: 121, train_acc: 0.0, val_acc: 24.28, fidel_score: 28.56, acc_loss: 0.0, grad_loss: 1.2558137329318855
2022-04-25 18:15:58,559 DEBUG epoch: 122, train_acc: 0.0, val_acc: 25.19, fidel_score: 29.57, acc_loss: 0.0, grad_loss: 1.2766700055025801
2022-04-25 18:16:01,323 DEBUG epoch: 123, train_acc: 0.0, val_acc: 24.47, fidel_score: 28.73, acc_loss: 0.0, grad_loss: 1.33246934338461
2022-04-25 18:16:04,110 DEBUG epoch: 124, train_acc: 0.0, val_acc: 26.06, fidel_score: 30.85, acc_loss: 0.0, grad_loss: 1.2532042015956928
2022-04-25 18:16:06,891 DEBUG epoch: 125, train_acc: 0.0, val_acc: 25.7, fidel_score: 30.33, acc_loss: 0.0, grad_loss: 1.2153577615943136
2022-04-25 18:16:09,683 DEBUG epoch: 126, train_acc: 0.0, val_acc: 26.56, fidel_score: 31.38, acc_loss: 0.0, grad_loss: 1.2624593512921394
2022-04-25 18:16:12,470 DEBUG epoch: 127, train_acc: 0.0, val_acc: 25.78, fidel_score: 30.43, acc_loss: 0.0, grad_loss: 1.2397106802916225
2022-04-25 18:16:15,234 DEBUG epoch: 128, train_acc: 0.0, val_acc: 26.68, fidel_score: 31.6, acc_loss: 0.0, grad_loss: 1.3084611621084092
2022-04-25 18:16:18,013 DEBUG epoch: 129, train_acc: 0.0, val_acc: 27.27, fidel_score: 32.27, acc_loss: 0.0, grad_loss: 1.3045498253423957
2022-04-25 18:16:20,800 DEBUG epoch: 130, train_acc: 0.0, val_acc: 26.75, fidel_score: 31.54, acc_loss: 0.0, grad_loss: 1.293448321426971
2022-04-25 18:16:23,574 DEBUG epoch: 131, train_acc: 0.0, val_acc: 28.27, fidel_score: 33.49, acc_loss: 0.0, grad_loss: 1.349318326274051
2022-04-25 18:16:26,335 DEBUG epoch: 132, train_acc: 0.0, val_acc: 27.64, fidel_score: 32.7, acc_loss: 0.0, grad_loss: 1.2784240939949132
2022-04-25 18:16:29,103 DEBUG epoch: 133, train_acc: 0.0, val_acc: 26.98, fidel_score: 31.97, acc_loss: 0.0, grad_loss: 1.268843433524989
2022-04-25 18:16:31,877 DEBUG epoch: 134, train_acc: 0.0, val_acc: 27.89, fidel_score: 32.97, acc_loss: 0.0, grad_loss: 1.2187748121309885
2022-04-25 18:16:34,652 DEBUG epoch: 135, train_acc: 0.0, val_acc: 27.61, fidel_score: 32.62, acc_loss: 0.0, grad_loss: 1.2074742558636242
2022-04-25 18:16:37,436 DEBUG epoch: 136, train_acc: 0.0, val_acc: 28.85, fidel_score: 34.26, acc_loss: 0.0, grad_loss: 1.2862477989136418
2022-04-25 18:16:40,216 DEBUG epoch: 137, train_acc: 0.0, val_acc: 27.92, fidel_score: 33.07, acc_loss: 0.0, grad_loss: 1.2216562538207332
2022-04-25 18:16:42,988 DEBUG epoch: 138, train_acc: 0.0, val_acc: 28.52, fidel_score: 33.74, acc_loss: 0.0, grad_loss: 1.2723445258563078
2022-04-25 18:16:45,766 DEBUG epoch: 139, train_acc: 0.0, val_acc: 29.26, fidel_score: 34.69, acc_loss: 0.0, grad_loss: 1.2459319573414476
2022-04-25 18:16:48,568 DEBUG epoch: 140, train_acc: 0.0, val_acc: 30.1, fidel_score: 35.48, acc_loss: 0.0, grad_loss: 1.186123779302911
2022-04-25 18:16:51,324 DEBUG epoch: 141, train_acc: 0.0, val_acc: 29.34, fidel_score: 34.63, acc_loss: 0.0, grad_loss: 1.2818594484389583
2022-04-25 18:16:54,110 DEBUG epoch: 142, train_acc: 0.0, val_acc: 29.61, fidel_score: 34.96, acc_loss: 0.0, grad_loss: 1.2392100646525999
2022-04-25 18:16:56,907 DEBUG epoch: 143, train_acc: 0.0, val_acc: 28.83, fidel_score: 33.98, acc_loss: 0.0, grad_loss: 1.2296588813202292
2022-04-25 18:16:59,716 DEBUG epoch: 144, train_acc: 0.0, val_acc: 30.73, fidel_score: 36.36, acc_loss: 0.0, grad_loss: 1.1771336763719968
2022-04-25 18:17:02,509 DEBUG epoch: 145, train_acc: 0.0, val_acc: 30.79, fidel_score: 36.34, acc_loss: 0.0, grad_loss: 1.206982922704914
2022-04-25 18:17:05,291 DEBUG epoch: 146, train_acc: 0.0, val_acc: 31.29, fidel_score: 37.1, acc_loss: 0.0, grad_loss: 1.217045801349833
2022-04-25 18:17:08,088 DEBUG epoch: 147, train_acc: 0.0, val_acc: 30.36, fidel_score: 35.72, acc_loss: 0.0, grad_loss: 1.235823236688783
2022-04-25 18:17:10,878 DEBUG epoch: 148, train_acc: 0.0, val_acc: 32.69, fidel_score: 38.79, acc_loss: 0.0, grad_loss: 1.2570163849033886
2022-04-25 18:17:13,674 DEBUG epoch: 149, train_acc: 0.0, val_acc: 31.36, fidel_score: 36.92, acc_loss: 0.0, grad_loss: 1.1737203929997697
2022-04-25 18:17:16,472 DEBUG epoch: 150, train_acc: 0.0, val_acc: 32.08, fidel_score: 37.8, acc_loss: 0.0, grad_loss: 1.1510972750337818
2022-04-25 18:17:19,265 DEBUG epoch: 151, train_acc: 0.0, val_acc: 32.11, fidel_score: 37.82, acc_loss: 0.0, grad_loss: 1.2519490424590776
2022-04-25 18:17:22,046 DEBUG epoch: 152, train_acc: 0.0, val_acc: 32.1, fidel_score: 37.81, acc_loss: 0.0, grad_loss: 1.2933484678026996
2022-04-25 18:17:24,827 DEBUG epoch: 153, train_acc: 0.0, val_acc: 32.69, fidel_score: 38.47, acc_loss: 0.0, grad_loss: 1.1412647034548506
2022-04-25 18:17:27,586 DEBUG epoch: 154, train_acc: 0.0, val_acc: 32.76, fidel_score: 38.6, acc_loss: 0.0, grad_loss: 1.2441578884667988
2022-04-25 18:17:30,365 DEBUG epoch: 155, train_acc: 0.0, val_acc: 32.61, fidel_score: 38.47, acc_loss: 0.0, grad_loss: 1.1955628229092947
2022-04-25 18:17:33,144 DEBUG epoch: 156, train_acc: 0.0, val_acc: 33.04, fidel_score: 39.03, acc_loss: 0.0, grad_loss: 1.2150562232053732
2022-04-25 18:17:35,925 DEBUG epoch: 157, train_acc: 0.0, val_acc: 33.23, fidel_score: 39.3, acc_loss: 0.0, grad_loss: 1.2590585003925274
2022-04-25 18:17:38,722 DEBUG epoch: 158, train_acc: 0.0, val_acc: 33.0, fidel_score: 38.96, acc_loss: 0.0, grad_loss: 1.1936478471454186
2022-04-25 18:17:41,500 DEBUG epoch: 159, train_acc: 0.0, val_acc: 33.16, fidel_score: 39.16, acc_loss: 0.0, grad_loss: 1.2233620368981664
2022-04-25 18:17:44,269 DEBUG epoch: 160, train_acc: 0.0, val_acc: 33.46, fidel_score: 39.55, acc_loss: 0.0, grad_loss: 1.1401540146598332
2022-04-25 18:17:47,057 DEBUG epoch: 161, train_acc: 0.0, val_acc: 33.47, fidel_score: 39.57, acc_loss: 0.0, grad_loss: 1.1957302666917633
2022-04-25 18:17:49,825 DEBUG epoch: 162, train_acc: 0.0, val_acc: 33.5, fidel_score: 39.63, acc_loss: 0.0, grad_loss: 1.2671639625030229
2022-04-25 18:17:52,591 DEBUG epoch: 163, train_acc: 0.0, val_acc: 33.88, fidel_score: 40.08, acc_loss: 0.0, grad_loss: 1.1677532633648644
2022-04-25 18:17:55,352 DEBUG epoch: 164, train_acc: 0.0, val_acc: 34.1, fidel_score: 40.39, acc_loss: 0.0, grad_loss: 1.1785640429846849
2022-04-25 18:17:58,137 DEBUG epoch: 165, train_acc: 0.0, val_acc: 34.16, fidel_score: 40.38, acc_loss: 0.0, grad_loss: 1.1816872260238551
2022-04-25 18:18:00,927 DEBUG epoch: 166, train_acc: 0.0, val_acc: 34.31, fidel_score: 40.63, acc_loss: 0.0, grad_loss: 1.2172493919541565
2022-04-25 18:18:03,691 DEBUG epoch: 167, train_acc: 0.0, val_acc: 34.37, fidel_score: 40.66, acc_loss: 0.0, grad_loss: 1.171757758418216
2022-04-25 18:18:06,480 DEBUG epoch: 168, train_acc: 0.0, val_acc: 34.42, fidel_score: 40.75, acc_loss: 0.0, grad_loss: 1.1424363655380056
2022-04-25 18:18:09,258 DEBUG epoch: 169, train_acc: 0.0, val_acc: 34.74, fidel_score: 41.15, acc_loss: 0.0, grad_loss: 1.175446244734752
2022-04-25 18:18:12,047 DEBUG epoch: 170, train_acc: 0.0, val_acc: 34.77, fidel_score: 41.17, acc_loss: 0.0, grad_loss: 1.2219240808788734
2022-04-25 18:18:14,828 DEBUG epoch: 171, train_acc: 0.0, val_acc: 34.66, fidel_score: 41.09, acc_loss: 0.0, grad_loss: 1.1948447468914563
2022-04-25 18:18:17,602 DEBUG epoch: 172, train_acc: 0.0, val_acc: 34.58, fidel_score: 40.91, acc_loss: 0.0, grad_loss: 1.1761848300318174
2022-04-25 18:18:20,368 DEBUG epoch: 173, train_acc: 0.0, val_acc: 34.4, fidel_score: 40.63, acc_loss: 0.0, grad_loss: 1.1903194981285288
2022-04-25 18:18:23,143 DEBUG epoch: 174, train_acc: 0.0, val_acc: 34.65, fidel_score: 40.95, acc_loss: 0.0, grad_loss: 1.2122001798847053
2022-04-25 18:18:25,928 DEBUG epoch: 175, train_acc: 0.0, val_acc: 34.99, fidel_score: 41.44, acc_loss: 0.0, grad_loss: 1.142842299576047
2022-04-25 18:18:28,706 DEBUG epoch: 176, train_acc: 0.0, val_acc: 35.09, fidel_score: 41.56, acc_loss: 0.0, grad_loss: 1.1893185143229328
2022-04-25 18:18:31,497 DEBUG epoch: 177, train_acc: 0.0, val_acc: 34.78, fidel_score: 41.17, acc_loss: 0.0, grad_loss: 1.1416001825393
2022-04-25 18:18:34,273 DEBUG epoch: 178, train_acc: 0.0, val_acc: 34.68, fidel_score: 41.0, acc_loss: 0.0, grad_loss: 1.2174876860425443
2022-04-25 18:18:37,042 DEBUG epoch: 179, train_acc: 0.0, val_acc: 34.87, fidel_score: 41.25, acc_loss: 0.0, grad_loss: 1.1688177970391285
2022-04-25 18:18:39,823 DEBUG epoch: 180, train_acc: 0.0, val_acc: 34.99, fidel_score: 41.45, acc_loss: 0.0, grad_loss: 1.1852436254296121
2022-04-25 18:18:42,604 DEBUG epoch: 181, train_acc: 0.0, val_acc: 34.97, fidel_score: 41.42, acc_loss: 0.0, grad_loss: 1.2103544277480887
2022-04-25 18:18:45,385 DEBUG epoch: 182, train_acc: 0.0, val_acc: 35.28, fidel_score: 41.76, acc_loss: 0.0, grad_loss: 1.2004332361342032
2022-04-25 18:18:48,145 DEBUG epoch: 183, train_acc: 0.0, val_acc: 35.35, fidel_score: 41.85, acc_loss: 0.0, grad_loss: 1.1392367625538307
2022-04-25 18:18:50,918 DEBUG epoch: 184, train_acc: 0.0, val_acc: 35.24, fidel_score: 41.71, acc_loss: 0.0, grad_loss: 1.1137026088147224
2022-04-25 18:18:53,702 DEBUG epoch: 185, train_acc: 0.0, val_acc: 34.97, fidel_score: 41.36, acc_loss: 0.0, grad_loss: 1.1885923660254176
2022-04-25 18:18:56,493 DEBUG epoch: 186, train_acc: 0.0, val_acc: 35.29, fidel_score: 41.82, acc_loss: 0.0, grad_loss: 1.1801863078829609
2022-04-25 18:18:59,272 DEBUG epoch: 187, train_acc: 0.0, val_acc: 35.29, fidel_score: 41.79, acc_loss: 0.0, grad_loss: 1.1463245243965825
2022-04-25 18:19:02,076 DEBUG epoch: 188, train_acc: 0.0, val_acc: 35.42, fidel_score: 41.99, acc_loss: 0.0, grad_loss: 1.175424805170373
2022-04-25 18:19:04,860 DEBUG epoch: 189, train_acc: 0.0, val_acc: 35.79, fidel_score: 42.44, acc_loss: 0.0, grad_loss: 1.149893044670926
2022-04-25 18:19:07,650 DEBUG epoch: 190, train_acc: 0.0, val_acc: 36.3, fidel_score: 43.1, acc_loss: 0.0, grad_loss: 1.2437965387030492
2022-04-25 18:19:10,429 DEBUG epoch: 191, train_acc: 0.0, val_acc: 36.28, fidel_score: 43.07, acc_loss: 0.0, grad_loss: 1.1949517161031313
2022-04-25 18:19:13,200 DEBUG epoch: 192, train_acc: 0.0, val_acc: 35.96, fidel_score: 42.67, acc_loss: 0.0, grad_loss: 1.2040749079064479
2022-04-25 18:19:15,979 DEBUG epoch: 193, train_acc: 0.0, val_acc: 35.95, fidel_score: 42.67, acc_loss: 0.0, grad_loss: 1.1459897703762296
2022-04-25 18:19:18,779 DEBUG epoch: 194, train_acc: 0.0, val_acc: 36.05, fidel_score: 42.76, acc_loss: 0.0, grad_loss: 1.1443343177626404
2022-04-25 18:19:21,561 DEBUG epoch: 195, train_acc: 0.0, val_acc: 36.22, fidel_score: 42.94, acc_loss: 0.0, grad_loss: 1.0735524591011336
2022-04-25 18:19:24,351 DEBUG epoch: 196, train_acc: 0.0, val_acc: 36.33, fidel_score: 43.14, acc_loss: 0.0, grad_loss: 1.2367102828206895
2022-04-25 18:19:27,126 DEBUG epoch: 197, train_acc: 0.0, val_acc: 36.27, fidel_score: 43.08, acc_loss: 0.0, grad_loss: 1.1339065839972677
2022-04-25 18:19:29,922 DEBUG epoch: 198, train_acc: 0.0, val_acc: 36.53, fidel_score: 43.44, acc_loss: 0.0, grad_loss: 1.198444140862815
2022-04-25 18:19:32,689 DEBUG epoch: 199, train_acc: 0.0, val_acc: 36.7, fidel_score: 43.65, acc_loss: 0.0, grad_loss: 1.224344473850878
2022-04-25 18:19:35,465 DEBUG epoch: 200, train_acc: 0.0, val_acc: 37.09, fidel_score: 44.1, acc_loss: 0.0, grad_loss: 1.1708607002149654
2022-04-25 18:19:38,234 DEBUG epoch: 201, train_acc: 0.0, val_acc: 37.1, fidel_score: 44.1, acc_loss: 0.0, grad_loss: 1.1440241744246664
2022-04-25 18:19:41,012 DEBUG epoch: 202, train_acc: 0.0, val_acc: 36.98, fidel_score: 43.93, acc_loss: 0.0, grad_loss: 1.254066197932521
2022-04-25 18:19:43,795 DEBUG epoch: 203, train_acc: 0.0, val_acc: 36.93, fidel_score: 43.91, acc_loss: 0.0, grad_loss: 1.1256288720082632
2022-04-25 18:19:46,586 DEBUG epoch: 204, train_acc: 0.0, val_acc: 37.13, fidel_score: 44.15, acc_loss: 0.0, grad_loss: 1.1257768431796302
2022-04-25 18:19:49,368 DEBUG epoch: 205, train_acc: 0.0, val_acc: 37.21, fidel_score: 44.28, acc_loss: 0.0, grad_loss: 1.153527012354211
2022-04-25 18:19:52,144 DEBUG epoch: 206, train_acc: 0.0, val_acc: 37.34, fidel_score: 44.42, acc_loss: 0.0, grad_loss: 1.2229039676581757
2022-04-25 18:19:54,925 DEBUG epoch: 207, train_acc: 0.0, val_acc: 37.16, fidel_score: 44.22, acc_loss: 0.0, grad_loss: 1.1479029632821869
2022-04-25 18:19:57,701 DEBUG epoch: 208, train_acc: 0.0, val_acc: 37.53, fidel_score: 44.65, acc_loss: 0.0, grad_loss: 1.1253515361230584
2022-04-25 18:20:00,487 DEBUG epoch: 209, train_acc: 0.0, val_acc: 37.68, fidel_score: 44.79, acc_loss: 0.0, grad_loss: 1.1956741138349605
2022-04-25 18:20:03,280 DEBUG epoch: 210, train_acc: 0.0, val_acc: 37.33, fidel_score: 44.36, acc_loss: 0.0, grad_loss: 1.1432673546332348
2022-04-25 18:20:06,082 DEBUG epoch: 211, train_acc: 0.0, val_acc: 37.82, fidel_score: 45.01, acc_loss: 0.0, grad_loss: 1.1147069621689711
2022-04-25 18:20:08,884 DEBUG epoch: 212, train_acc: 0.0, val_acc: 37.44, fidel_score: 44.49, acc_loss: 0.0, grad_loss: 1.1688874477072606
2022-04-25 18:20:11,669 DEBUG epoch: 213, train_acc: 0.0, val_acc: 37.37, fidel_score: 44.42, acc_loss: 0.0, grad_loss: 1.1328444790236558
2022-04-25 18:20:14,454 DEBUG epoch: 214, train_acc: 0.0, val_acc: 37.7, fidel_score: 44.87, acc_loss: 0.0, grad_loss: 1.1805472351327728
2022-04-25 18:20:17,254 DEBUG epoch: 215, train_acc: 0.0, val_acc: 37.41, fidel_score: 44.47, acc_loss: 0.0, grad_loss: 1.1868776294249523
2022-04-25 18:20:20,044 DEBUG epoch: 216, train_acc: 0.0, val_acc: 37.86, fidel_score: 45.01, acc_loss: 0.0, grad_loss: 1.1839974341513235
2022-04-25 18:20:22,824 DEBUG epoch: 217, train_acc: 0.0, val_acc: 37.83, fidel_score: 44.99, acc_loss: 0.0, grad_loss: 1.141684972032716
2022-04-25 18:20:25,617 DEBUG epoch: 218, train_acc: 0.0, val_acc: 37.89, fidel_score: 45.04, acc_loss: 0.0, grad_loss: 1.1566514131389087
2022-04-25 18:20:28,395 DEBUG epoch: 219, train_acc: 0.0, val_acc: 38.07, fidel_score: 45.31, acc_loss: 0.0, grad_loss: 1.127708782123614
2022-04-25 18:20:31,172 DEBUG epoch: 220, train_acc: 0.0, val_acc: 38.17, fidel_score: 45.43, acc_loss: 0.0, grad_loss: 1.1323770624172838
2022-04-25 18:20:33,962 DEBUG epoch: 221, train_acc: 0.0, val_acc: 38.23, fidel_score: 45.48, acc_loss: 0.0, grad_loss: 1.198974457722676
2022-04-25 18:20:36,717 DEBUG epoch: 222, train_acc: 0.0, val_acc: 38.07, fidel_score: 45.26, acc_loss: 0.0, grad_loss: 1.1545078784604617
2022-04-25 18:20:39,507 DEBUG epoch: 223, train_acc: 0.0, val_acc: 38.0, fidel_score: 45.15, acc_loss: 0.0, grad_loss: 1.1553996220419678
2022-04-25 18:20:42,287 DEBUG epoch: 224, train_acc: 0.0, val_acc: 38.24, fidel_score: 45.49, acc_loss: 0.0, grad_loss: 1.1727535619011409
2022-04-25 18:20:45,079 DEBUG epoch: 225, train_acc: 0.0, val_acc: 38.16, fidel_score: 45.42, acc_loss: 0.0, grad_loss: 1.1635202976721752
2022-04-25 18:20:47,867 DEBUG epoch: 226, train_acc: 0.0, val_acc: 38.41, fidel_score: 45.77, acc_loss: 0.0, grad_loss: 1.17316978792601
2022-04-25 18:20:50,646 DEBUG epoch: 227, train_acc: 0.0, val_acc: 38.35, fidel_score: 45.75, acc_loss: 0.0, grad_loss: 1.1390949389602565
2022-04-25 18:20:53,426 DEBUG epoch: 228, train_acc: 0.0, val_acc: 38.43, fidel_score: 45.83, acc_loss: 0.0, grad_loss: 1.0826630011389526
2022-04-25 18:20:56,201 DEBUG epoch: 229, train_acc: 0.0, val_acc: 38.34, fidel_score: 45.69, acc_loss: 0.0, grad_loss: 1.156436960908431
2022-04-25 18:20:58,989 DEBUG epoch: 230, train_acc: 0.0, val_acc: 38.13, fidel_score: 45.33, acc_loss: 0.0, grad_loss: 1.122603048252154
2022-04-25 18:21:01,766 DEBUG epoch: 231, train_acc: 0.0, val_acc: 38.51, fidel_score: 45.85, acc_loss: 0.0, grad_loss: 1.1181435554842405
2022-04-25 18:21:04,552 DEBUG epoch: 232, train_acc: 0.0, val_acc: 38.39, fidel_score: 45.68, acc_loss: 0.0, grad_loss: 1.1073691505420058
2022-04-25 18:21:07,342 DEBUG epoch: 233, train_acc: 0.0, val_acc: 38.46, fidel_score: 45.76, acc_loss: 0.0, grad_loss: 1.1018057676810253
2022-04-25 18:21:10,112 DEBUG epoch: 234, train_acc: 0.0, val_acc: 38.53, fidel_score: 45.87, acc_loss: 0.0, grad_loss: 1.1842293301715126
2022-04-25 18:21:12,873 DEBUG epoch: 235, train_acc: 0.0, val_acc: 38.75, fidel_score: 46.14, acc_loss: 0.0, grad_loss: 1.1899640688413307
2022-04-25 18:21:15,657 DEBUG epoch: 236, train_acc: 0.0, val_acc: 38.81, fidel_score: 46.22, acc_loss: 0.0, grad_loss: 1.179639969445482
2022-04-25 18:21:18,430 DEBUG epoch: 237, train_acc: 0.0, val_acc: 38.94, fidel_score: 46.42, acc_loss: 0.0, grad_loss: 1.15758917301516
2022-04-25 18:21:21,215 DEBUG epoch: 238, train_acc: 0.0, val_acc: 39.25, fidel_score: 46.8, acc_loss: 0.0, grad_loss: 1.1705545866036717
2022-04-25 18:21:23,999 DEBUG epoch: 239, train_acc: 0.0, val_acc: 39.2, fidel_score: 46.69, acc_loss: 0.0, grad_loss: 1.1745341193826893
2022-04-25 18:21:26,766 DEBUG epoch: 240, train_acc: 0.0, val_acc: 39.22, fidel_score: 46.73, acc_loss: 0.0, grad_loss: 1.159111902683596
2022-04-25 18:21:29,536 DEBUG epoch: 241, train_acc: 0.0, val_acc: 39.19, fidel_score: 46.7, acc_loss: 0.0, grad_loss: 1.1965400470963008
2022-04-25 18:21:32,314 DEBUG epoch: 242, train_acc: 0.0, val_acc: 39.13, fidel_score: 46.62, acc_loss: 0.0, grad_loss: 1.1718716259244122
2022-04-25 18:21:35,116 DEBUG epoch: 243, train_acc: 0.0, val_acc: 39.22, fidel_score: 46.7, acc_loss: 0.0, grad_loss: 1.2000308881832074
2022-04-25 18:21:37,895 DEBUG epoch: 244, train_acc: 0.0, val_acc: 39.26, fidel_score: 46.76, acc_loss: 0.0, grad_loss: 1.1556218357025823
2022-04-25 18:21:40,673 DEBUG epoch: 245, train_acc: 0.0, val_acc: 39.29, fidel_score: 46.85, acc_loss: 0.0, grad_loss: 1.1640075822419758
2022-04-25 18:21:43,443 DEBUG epoch: 246, train_acc: 0.0, val_acc: 39.3, fidel_score: 46.89, acc_loss: 0.0, grad_loss: 1.1096070046666302
2022-04-25 18:21:46,232 DEBUG epoch: 247, train_acc: 0.0, val_acc: 39.27, fidel_score: 46.88, acc_loss: 0.0, grad_loss: 1.173067357721208
2022-04-25 18:21:49,022 DEBUG epoch: 248, train_acc: 0.0, val_acc: 39.29, fidel_score: 46.87, acc_loss: 0.0, grad_loss: 1.1473351249211952
2022-04-25 18:21:51,805 DEBUG epoch: 249, train_acc: 0.0, val_acc: 39.26, fidel_score: 46.79, acc_loss: 0.0, grad_loss: 1.1685959975930709
2022-04-25 18:21:54,590 DEBUG epoch: 250, train_acc: 0.0, val_acc: 39.17, fidel_score: 46.66, acc_loss: 0.0, grad_loss: 1.1704378942900067
2022-04-25 18:21:57,381 DEBUG epoch: 251, train_acc: 0.0, val_acc: 39.11, fidel_score: 46.55, acc_loss: 0.0, grad_loss: 1.1747546188438995
2022-04-25 18:22:00,172 DEBUG epoch: 252, train_acc: 0.0, val_acc: 39.13, fidel_score: 46.57, acc_loss: 0.0, grad_loss: 1.1038041235525398
2022-04-25 18:22:02,962 DEBUG epoch: 253, train_acc: 0.0, val_acc: 39.12, fidel_score: 46.55, acc_loss: 0.0, grad_loss: 1.1583078745045239
2022-04-25 18:22:05,738 DEBUG epoch: 254, train_acc: 0.0, val_acc: 39.04, fidel_score: 46.5, acc_loss: 0.0, grad_loss: 1.203412725955625
2022-04-25 18:22:08,517 DEBUG epoch: 255, train_acc: 0.0, val_acc: 38.89, fidel_score: 46.3, acc_loss: 0.0, grad_loss: 1.1696237831176082
2022-04-25 18:22:11,286 DEBUG epoch: 256, train_acc: 0.0, val_acc: 38.91, fidel_score: 46.36, acc_loss: 0.0, grad_loss: 1.1239761612083339
2022-04-25 18:22:14,065 DEBUG epoch: 257, train_acc: 0.0, val_acc: 39.02, fidel_score: 46.45, acc_loss: 0.0, grad_loss: 1.1515916548197782
2022-04-25 18:22:16,867 DEBUG epoch: 258, train_acc: 0.0, val_acc: 38.93, fidel_score: 46.36, acc_loss: 0.0, grad_loss: 1.2050720174101335
2022-04-25 18:22:19,649 DEBUG epoch: 259, train_acc: 0.0, val_acc: 38.98, fidel_score: 46.46, acc_loss: 0.0, grad_loss: 1.0765483409543581
2022-04-25 18:22:22,423 DEBUG epoch: 260, train_acc: 0.0, val_acc: 39.17, fidel_score: 46.68, acc_loss: 0.0, grad_loss: 1.2145102733298192
2022-04-25 18:22:25,196 DEBUG epoch: 261, train_acc: 0.0, val_acc: 39.18, fidel_score: 46.67, acc_loss: 0.0, grad_loss: 1.1774573084674305
2022-04-25 18:22:27,976 DEBUG epoch: 262, train_acc: 0.0, val_acc: 39.18, fidel_score: 46.67, acc_loss: 0.0, grad_loss: 1.1984626062308685
2022-04-25 18:22:30,755 DEBUG epoch: 263, train_acc: 0.0, val_acc: 39.31, fidel_score: 46.82, acc_loss: 0.0, grad_loss: 1.1201935531217841
2022-04-25 18:22:33,535 DEBUG epoch: 264, train_acc: 0.0, val_acc: 39.28, fidel_score: 46.78, acc_loss: 0.0, grad_loss: 1.171899784214889
2022-04-25 18:22:36,321 DEBUG epoch: 265, train_acc: 0.0, val_acc: 39.17, fidel_score: 46.63, acc_loss: 0.0, grad_loss: 1.09911170865916
2022-04-25 18:22:39,113 DEBUG epoch: 266, train_acc: 0.0, val_acc: 39.28, fidel_score: 46.76, acc_loss: 0.0, grad_loss: 1.1883634811715236
2022-04-25 18:22:41,898 DEBUG epoch: 267, train_acc: 0.0, val_acc: 39.37, fidel_score: 46.88, acc_loss: 0.0, grad_loss: 1.1789948751654806
2022-04-25 18:22:44,670 DEBUG epoch: 268, train_acc: 0.0, val_acc: 39.4, fidel_score: 46.94, acc_loss: 0.0, grad_loss: 1.132959787604175
2022-04-25 18:22:47,451 DEBUG epoch: 269, train_acc: 0.0, val_acc: 39.5, fidel_score: 47.07, acc_loss: 0.0, grad_loss: 1.1560499698300906
2022-04-25 18:22:50,251 DEBUG epoch: 270, train_acc: 0.0, val_acc: 39.72, fidel_score: 47.3, acc_loss: 0.0, grad_loss: 1.1573657876328578
2022-04-25 18:22:53,026 DEBUG epoch: 271, train_acc: 0.0, val_acc: 39.65, fidel_score: 47.23, acc_loss: 0.0, grad_loss: 1.1186361893822876
2022-04-25 18:22:55,816 DEBUG epoch: 272, train_acc: 0.0, val_acc: 39.48, fidel_score: 47.04, acc_loss: 0.0, grad_loss: 1.1537563536740556
2022-04-25 18:22:58,599 DEBUG epoch: 273, train_acc: 0.0, val_acc: 39.43, fidel_score: 46.95, acc_loss: 0.0, grad_loss: 1.0721962444389923
2022-04-25 18:23:01,382 DEBUG epoch: 274, train_acc: 0.0, val_acc: 39.42, fidel_score: 46.93, acc_loss: 0.0, grad_loss: 1.194446883624113
2022-04-25 18:23:04,167 DEBUG epoch: 275, train_acc: 0.0, val_acc: 39.45, fidel_score: 47.01, acc_loss: 0.0, grad_loss: 1.1378863212428516
2022-04-25 18:23:06,956 DEBUG epoch: 276, train_acc: 0.0, val_acc: 39.5, fidel_score: 47.06, acc_loss: 0.0, grad_loss: 1.2023383597784405
2022-04-25 18:23:09,739 DEBUG epoch: 277, train_acc: 0.0, val_acc: 39.45, fidel_score: 46.98, acc_loss: 0.0, grad_loss: 1.1619585775121857
2022-04-25 18:23:12,520 DEBUG epoch: 278, train_acc: 0.0, val_acc: 39.38, fidel_score: 46.94, acc_loss: 0.0, grad_loss: 1.179933311064032
2022-04-25 18:23:15,312 DEBUG epoch: 279, train_acc: 0.0, val_acc: 39.31, fidel_score: 46.84, acc_loss: 0.0, grad_loss: 1.115317571766769
2022-04-25 18:23:18,094 DEBUG epoch: 280, train_acc: 0.0, val_acc: 39.49, fidel_score: 47.05, acc_loss: 0.0, grad_loss: 1.1697171458715125
2022-04-25 18:23:20,867 DEBUG epoch: 281, train_acc: 0.0, val_acc: 39.45, fidel_score: 47.0, acc_loss: 0.0, grad_loss: 1.1585952013353757
2022-04-25 18:23:23,662 DEBUG epoch: 282, train_acc: 0.0, val_acc: 39.49, fidel_score: 47.03, acc_loss: 0.0, grad_loss: 1.2512233400646644
2022-04-25 18:23:26,455 DEBUG epoch: 283, train_acc: 0.0, val_acc: 39.51, fidel_score: 47.04, acc_loss: 0.0, grad_loss: 1.1649157276636437
2022-04-25 18:23:29,223 DEBUG epoch: 284, train_acc: 0.0, val_acc: 39.77, fidel_score: 47.34, acc_loss: 0.0, grad_loss: 1.1575543639026111
2022-04-25 18:23:32,016 DEBUG epoch: 285, train_acc: 0.0, val_acc: 39.86, fidel_score: 47.42, acc_loss: 0.0, grad_loss: 1.0850559103338024
2022-04-25 18:23:34,807 DEBUG epoch: 286, train_acc: 0.0, val_acc: 39.78, fidel_score: 47.32, acc_loss: 0.0, grad_loss: 1.1419126323506803
2022-04-25 18:23:37,586 DEBUG epoch: 287, train_acc: 0.0, val_acc: 39.72, fidel_score: 47.29, acc_loss: 0.0, grad_loss: 1.145282528068446
2022-04-25 18:23:40,386 DEBUG epoch: 288, train_acc: 0.0, val_acc: 39.77, fidel_score: 47.32, acc_loss: 0.0, grad_loss: 1.1289302887795847
2022-04-25 18:23:43,165 DEBUG epoch: 289, train_acc: 0.0, val_acc: 39.81, fidel_score: 47.38, acc_loss: 0.0, grad_loss: 1.1170657548723342
2022-04-25 18:23:45,956 DEBUG epoch: 290, train_acc: 0.0, val_acc: 39.7, fidel_score: 47.23, acc_loss: 0.0, grad_loss: 1.1984457011464276
2022-04-25 18:23:48,749 DEBUG epoch: 291, train_acc: 0.0, val_acc: 39.8, fidel_score: 47.32, acc_loss: 0.0, grad_loss: 1.14146374675292
2022-04-25 18:23:51,528 DEBUG epoch: 292, train_acc: 0.0, val_acc: 39.81, fidel_score: 47.42, acc_loss: 0.0, grad_loss: 1.1477990942665293
2022-04-25 18:23:54,307 DEBUG epoch: 293, train_acc: 0.0, val_acc: 39.97, fidel_score: 47.61, acc_loss: 0.0, grad_loss: 1.2001781425898588
2022-04-25 18:23:57,075 DEBUG epoch: 294, train_acc: 0.0, val_acc: 39.88, fidel_score: 47.5, acc_loss: 0.0, grad_loss: 1.093663583073435
2022-04-25 18:23:59,857 DEBUG epoch: 295, train_acc: 0.0, val_acc: 40.02, fidel_score: 47.67, acc_loss: 0.0, grad_loss: 1.185592385032509
2022-04-25 18:24:02,650 DEBUG epoch: 296, train_acc: 0.0, val_acc: 39.82, fidel_score: 47.45, acc_loss: 0.0, grad_loss: 1.1565516847598403
2022-04-25 18:24:05,425 DEBUG epoch: 297, train_acc: 0.0, val_acc: 39.71, fidel_score: 47.23, acc_loss: 0.0, grad_loss: 1.1719608736943594
2022-04-25 18:24:08,196 DEBUG epoch: 298, train_acc: 0.0, val_acc: 39.74, fidel_score: 47.28, acc_loss: 0.0, grad_loss: 1.158611150482033
2022-04-25 18:24:10,988 DEBUG epoch: 299, train_acc: 0.0, val_acc: 39.79, fidel_score: 47.35, acc_loss: 0.0, grad_loss: 1.1534081508841696
2022-04-25 18:24:13,772 DEBUG epoch: 300, train_acc: 0.0, val_acc: 39.82, fidel_score: 47.37, acc_loss: 0.0, grad_loss: 1.1453563457802882
2022-04-25 18:24:13,772 DEBUG load best stealed model.
2022-04-25 18:24:13,772 DEBUG Best perform model, val_acc: 40.02, fidel_score: 47.67, acc_loss: 0.0, grad_loss: 1.185592385032509
2022-04-25 18:24:13,772 DEBUG load cloest stealed model.
2022-04-25 18:24:13,772 DEBUG Cloest perform model, val_acc: 40.02, fidel_score: 47.67, acc_loss: 0.0, grad_loss: 1.185592385032509
