2022-04-27 16:36:20,224 DEBUG Namespace(arch='vgg11_bn', attack_client=0, attack_epochs=300, attack_style='SoftTrain_option', average_time=1, batch_size=128, bottleneck_option='None', cutlayer=4, data_proportion=0.2, dataset='cifar100', filename='ace_V2_epoch_vgg11_bn_cutlayer_4_client_1_seed125_dataset_cifar100_lr_0.05_200epoch', folder='saves/baseline', learning_rate=0.05, noniid_ratio=1.0, num_client=1, num_epochs='best', num_query=10000, random_seed=123, regularization='None', regularization_strength=0.0, scheme='V2_epoch', surrogate_arch='same', test_best=True, train_clas_layer=6.0)
2022-04-27 16:36:25,270 DEBUG Test (client-0):	Loss 1.2311 (1.7817)	Prec@1 75.000 (68.630)
2022-04-27 16:36:25,270 DEBUG  * Prec@1 68.630
2022-04-27 16:36:25,337 DEBUG 18
2022-04-27 16:36:25,337 DEBUG surrogate parameter has 18 trainable parameters!
2022-04-27 16:36:35,972 DEBUG epoch: 0, val_acc: 0.86, val_fidelity: 0.98
2022-04-27 16:36:40,268 DEBUG epoch: 1, train_acc: 1.0284810126582278, val_acc: 1.31, fidel_score: 1.23, acc_loss: 4.692535937586917, grad_loss: None
2022-04-27 16:36:44,294 DEBUG epoch: 2, train_acc: 1.4932753164556962, val_acc: 1.62, fidel_score: 1.65, acc_loss: 4.5853589999524855, grad_loss: None
2022-04-27 16:36:48,566 DEBUG epoch: 3, train_acc: 1.9976265822784811, val_acc: 2.19, fidel_score: 2.23, acc_loss: 4.5184532841549645, grad_loss: None
2022-04-27 16:36:52,793 DEBUG epoch: 4, train_acc: 2.4030854430379747, val_acc: 2.22, fidel_score: 2.28, acc_loss: 4.459834714479085, grad_loss: None
2022-04-27 16:36:57,182 DEBUG epoch: 5, train_acc: 2.8085443037974684, val_acc: 3.36, fidel_score: 3.37, acc_loss: 4.360068961034847, grad_loss: None
2022-04-27 16:37:01,496 DEBUG epoch: 6, train_acc: 3.985363924050633, val_acc: 4.35, fidel_score: 4.36, acc_loss: 4.197341128240658, grad_loss: None
2022-04-27 16:37:05,609 DEBUG epoch: 7, train_acc: 5.617088607594937, val_acc: 5.77, fidel_score: 6.04, acc_loss: 3.958266864849042, grad_loss: None
2022-04-27 16:37:09,834 DEBUG epoch: 8, train_acc: 6.655458860759493, val_acc: 7.14, fidel_score: 7.14, acc_loss: 3.7478775525394874, grad_loss: None
2022-04-27 16:37:14,039 DEBUG epoch: 9, train_acc: 8.989319620253164, val_acc: 9.59, fidel_score: 9.38, acc_loss: 3.51253508012506, grad_loss: None
2022-04-27 16:37:18,415 DEBUG epoch: 10, train_acc: 11.05617088607595, val_acc: 12.47, fidel_score: 12.5, acc_loss: 3.3401018215131155, grad_loss: None
2022-04-27 16:37:22,672 DEBUG epoch: 11, train_acc: 14.082278481012658, val_acc: 14.36, fidel_score: 14.58, acc_loss: 3.1374878792823115, grad_loss: None
2022-04-27 16:37:26,788 DEBUG epoch: 12, train_acc: 16.386471518987342, val_acc: 16.21, fidel_score: 16.32, acc_loss: 3.0057128863998606, grad_loss: None
2022-04-27 16:37:31,036 DEBUG epoch: 13, train_acc: 19.32357594936709, val_acc: 19.47, fidel_score: 20.01, acc_loss: 2.842339325554763, grad_loss: None
2022-04-27 16:37:35,208 DEBUG epoch: 14, train_acc: 23.002373417721518, val_acc: 22.59, fidel_score: 22.88, acc_loss: 2.668281648732439, grad_loss: None
2022-04-27 16:37:39,430 DEBUG epoch: 15, train_acc: 24.930775316455698, val_acc: 24.09, fidel_score: 24.53, acc_loss: 2.573705211470399, grad_loss: None
2022-04-27 16:37:43,885 DEBUG epoch: 16, train_acc: 28.609572784810126, val_acc: 27.63, fidel_score: 28.67, acc_loss: 2.4116823703427857, grad_loss: None
2022-04-27 16:37:48,092 DEBUG epoch: 17, train_acc: 31.46756329113924, val_acc: 27.72, fidel_score: 28.56, acc_loss: 2.2887453882000113, grad_loss: None
2022-04-27 16:37:52,381 DEBUG epoch: 18, train_acc: 35.78916139240506, val_acc: 32.72, fidel_score: 33.49, acc_loss: 2.1196164179451857, grad_loss: None
2022-04-27 16:37:56,613 DEBUG epoch: 19, train_acc: 38.39003164556962, val_acc: 34.18, fidel_score: 34.88, acc_loss: 2.0418943936311744, grad_loss: None
2022-04-27 16:38:00,809 DEBUG epoch: 20, train_acc: 42.256724683544306, val_acc: 37.12, fidel_score: 38.01, acc_loss: 1.901024779186973, grad_loss: None
2022-04-27 16:38:04,561 DEBUG epoch: 21, train_acc: 44.99604430379747, val_acc: 38.02, fidel_score: 39.49, acc_loss: 1.8067537380170218, grad_loss: None
2022-04-27 16:38:08,550 DEBUG epoch: 22, train_acc: 48.397943037974684, val_acc: 40.3, fidel_score: 41.32, acc_loss: 1.709727730932115, grad_loss: None
2022-04-27 16:38:12,682 DEBUG epoch: 23, train_acc: 52.12618670886076, val_acc: 42.81, fidel_score: 44.8, acc_loss: 1.5733854378326029, grad_loss: None
2022-04-27 16:38:16,836 DEBUG epoch: 24, train_acc: 53.085443037974684, val_acc: 43.93, fidel_score: 45.53, acc_loss: 1.5627437452726727, grad_loss: None
2022-04-27 16:38:20,645 DEBUG epoch: 25, train_acc: 57.39715189873418, val_acc: 45.48, fidel_score: 47.12, acc_loss: 1.4060543458673018, grad_loss: None
2022-04-27 16:38:24,564 DEBUG epoch: 26, train_acc: 59.27610759493671, val_acc: 46.55, fidel_score: 48.51, acc_loss: 1.3354990286163138, grad_loss: None
2022-04-27 16:38:28,669 DEBUG epoch: 27, train_acc: 61.441851265822784, val_acc: 45.92, fidel_score: 47.7, acc_loss: 1.2893530213380162, grad_loss: None
2022-04-27 16:38:32,722 DEBUG epoch: 28, train_acc: 63.74604430379747, val_acc: 47.81, fidel_score: 49.4, acc_loss: 1.202202246158938, grad_loss: None
2022-04-27 16:38:36,678 DEBUG epoch: 29, train_acc: 65.96123417721519, val_acc: 49.04, fidel_score: 50.98, acc_loss: 1.1302096911623507, grad_loss: None
2022-04-27 16:38:40,679 DEBUG epoch: 30, train_acc: 67.8006329113924, val_acc: 49.34, fidel_score: 51.12, acc_loss: 1.073664661449722, grad_loss: None
2022-04-27 16:38:44,819 DEBUG epoch: 31, train_acc: 69.30379746835443, val_acc: 50.08, fidel_score: 52.41, acc_loss: 1.0104175149639951, grad_loss: None
2022-04-27 16:38:48,930 DEBUG epoch: 32, train_acc: 71.99367088607595, val_acc: 50.49, fidel_score: 53.09, acc_loss: 0.9308144065398204, grad_loss: None
2022-04-27 16:38:53,138 DEBUG epoch: 33, train_acc: 73.34849683544304, val_acc: 50.92, fidel_score: 53.43, acc_loss: 0.8833349022684218, grad_loss: None
2022-04-27 16:38:57,610 DEBUG epoch: 34, train_acc: 72.90348101265823, val_acc: 51.11, fidel_score: 53.36, acc_loss: 0.9019825420802152, grad_loss: None
2022-04-27 16:39:01,850 DEBUG epoch: 35, train_acc: 73.22982594936708, val_acc: 52.04, fidel_score: 55.09, acc_loss: 0.8940473312064062, grad_loss: None
2022-04-27 16:39:06,303 DEBUG epoch: 36, train_acc: 75.51424050632912, val_acc: 51.78, fidel_score: 54.41, acc_loss: 0.816481233020372, grad_loss: None
2022-04-27 16:39:10,512 DEBUG epoch: 37, train_acc: 75.8801424050633, val_acc: 52.84, fidel_score: 55.45, acc_loss: 0.8267382024964199, grad_loss: None
2022-04-27 16:39:14,484 DEBUG epoch: 38, train_acc: 77.54153481012658, val_acc: 52.47, fidel_score: 54.9, acc_loss: 0.7649844115293478, grad_loss: None
2022-04-27 16:39:18,623 DEBUG epoch: 39, train_acc: 78.37223101265823, val_acc: 53.3, fidel_score: 56.0, acc_loss: 0.7349223105967799, grad_loss: None
2022-04-27 16:39:22,952 DEBUG epoch: 40, train_acc: 79.84572784810126, val_acc: 52.88, fidel_score: 55.8, acc_loss: 0.6729216330413577, grad_loss: None
2022-04-27 16:39:27,242 DEBUG epoch: 41, train_acc: 80.45886075949367, val_acc: 53.05, fidel_score: 56.25, acc_loss: 0.683814060461672, grad_loss: None
2022-04-27 16:39:31,500 DEBUG epoch: 42, train_acc: 80.48852848101266, val_acc: 53.99, fidel_score: 56.48, acc_loss: 0.6672943449473079, grad_loss: None
2022-04-27 16:39:35,658 DEBUG epoch: 43, train_acc: 81.70490506329114, val_acc: 54.03, fidel_score: 57.03, acc_loss: 0.6317790497707415, grad_loss: None
2022-04-27 16:39:39,764 DEBUG epoch: 44, train_acc: 82.12025316455696, val_acc: 52.64, fidel_score: 55.34, acc_loss: 0.619348190253294, grad_loss: None
2022-04-27 16:39:43,992 DEBUG epoch: 45, train_acc: 84.93868670886076, val_acc: 53.21, fidel_score: 56.75, acc_loss: 0.5127328505998925, grad_loss: None
2022-04-27 16:39:48,170 DEBUG epoch: 46, train_acc: 82.45648734177215, val_acc: 53.78, fidel_score: 56.72, acc_loss: 0.6048453012599221, grad_loss: None
2022-04-27 16:39:52,473 DEBUG epoch: 47, train_acc: 83.4948575949367, val_acc: 53.6, fidel_score: 57.04, acc_loss: 0.5780258963379679, grad_loss: None
2022-04-27 16:39:56,718 DEBUG epoch: 48, train_acc: 83.93987341772151, val_acc: 53.63, fidel_score: 56.55, acc_loss: 0.55574129540709, grad_loss: None
2022-04-27 16:40:01,120 DEBUG epoch: 49, train_acc: 85.54193037974683, val_acc: 54.89, fidel_score: 58.07, acc_loss: 0.5166949037509628, grad_loss: None
2022-04-27 16:40:04,914 DEBUG epoch: 50, train_acc: 87.1242088607595, val_acc: 53.79, fidel_score: 56.64, acc_loss: 0.4553784988348997, grad_loss: None
2022-04-27 16:40:08,127 DEBUG epoch: 51, train_acc: 86.84731012658227, val_acc: 54.12, fidel_score: 57.25, acc_loss: 0.45643929778775083, grad_loss: None
2022-04-27 16:40:11,295 DEBUG epoch: 52, train_acc: 86.53085443037975, val_acc: 54.6, fidel_score: 57.42, acc_loss: 0.4947570328471027, grad_loss: None
2022-04-27 16:40:14,819 DEBUG epoch: 53, train_acc: 86.13528481012658, val_acc: 54.18, fidel_score: 58.03, acc_loss: 0.49578657746315, grad_loss: None
2022-04-27 16:40:19,854 DEBUG epoch: 54, train_acc: 87.89556962025317, val_acc: 54.88, fidel_score: 58.68, acc_loss: 0.4250833973099914, grad_loss: None
2022-04-27 16:40:23,927 DEBUG epoch: 55, train_acc: 87.81645569620254, val_acc: 54.21, fidel_score: 57.8, acc_loss: 0.43494398854201355, grad_loss: None
2022-04-27 16:40:27,805 DEBUG epoch: 56, train_acc: 87.20332278481013, val_acc: 54.84, fidel_score: 57.32, acc_loss: 0.4608484561307521, grad_loss: None
2022-04-27 16:40:31,953 DEBUG epoch: 57, train_acc: 88.81526898734177, val_acc: 55.25, fidel_score: 58.47, acc_loss: 0.4071898184999635, grad_loss: None
2022-04-27 16:40:36,219 DEBUG epoch: 58, train_acc: 89.2306170886076, val_acc: 55.53, fidel_score: 59.36, acc_loss: 0.3785725094472306, grad_loss: None
2022-04-27 16:40:40,410 DEBUG epoch: 59, train_acc: 89.95253164556962, val_acc: 54.97, fidel_score: 58.43, acc_loss: 0.3653687292450591, grad_loss: None
2022-04-27 16:40:44,563 DEBUG epoch: 60, train_acc: 91.91060126582279, val_acc: 57.08, fidel_score: 61.12, acc_loss: 0.285449083470091, grad_loss: None
2022-04-27 16:40:48,825 DEBUG epoch: 61, train_acc: 94.82792721518987, val_acc: 57.44, fidel_score: 62.0, acc_loss: 0.18091218607335152, grad_loss: None
2022-04-27 16:40:53,112 DEBUG epoch: 62, train_acc: 95.06526898734177, val_acc: 58.14, fidel_score: 62.15, acc_loss: 0.17879716580427146, grad_loss: None
2022-04-27 16:40:57,189 DEBUG epoch: 63, train_acc: 95.43117088607595, val_acc: 57.95, fidel_score: 62.17, acc_loss: 0.1682404662847896, grad_loss: None
2022-04-27 16:41:01,369 DEBUG epoch: 64, train_acc: 96.35087025316456, val_acc: 57.81, fidel_score: 62.15, acc_loss: 0.1400663979540143, grad_loss: None
2022-04-27 16:41:05,611 DEBUG epoch: 65, train_acc: 95.74762658227849, val_acc: 58.3, fidel_score: 62.07, acc_loss: 0.15299334388839292, grad_loss: None
2022-04-27 16:41:09,927 DEBUG epoch: 66, train_acc: 96.52887658227849, val_acc: 58.14, fidel_score: 62.38, acc_loss: 0.13071544308073912, grad_loss: None
2022-04-27 16:41:14,096 DEBUG epoch: 67, train_acc: 96.89477848101266, val_acc: 57.88, fidel_score: 62.04, acc_loss: 0.115003032539087, grad_loss: None
2022-04-27 16:41:18,207 DEBUG epoch: 68, train_acc: 97.43868670886076, val_acc: 58.18, fidel_score: 62.12, acc_loss: 0.10032432823430133, grad_loss: None
2022-04-27 16:41:22,480 DEBUG epoch: 69, train_acc: 97.59691455696202, val_acc: 58.43, fidel_score: 62.63, acc_loss: 0.0969475674431158, grad_loss: None
2022-04-27 16:41:26,640 DEBUG epoch: 70, train_acc: 97.24090189873418, val_acc: 58.23, fidel_score: 62.22, acc_loss: 0.10144369865331469, grad_loss: None
2022-04-27 16:41:30,924 DEBUG epoch: 71, train_acc: 96.78599683544304, val_acc: 57.99, fidel_score: 62.01, acc_loss: 0.10750110916604724, grad_loss: None
2022-04-27 16:41:35,398 DEBUG epoch: 72, train_acc: 97.99248417721519, val_acc: 58.5, fidel_score: 62.81, acc_loss: 0.08053942625941354, grad_loss: None
2022-04-27 16:41:39,547 DEBUG epoch: 73, train_acc: 97.36946202531645, val_acc: 58.13, fidel_score: 62.29, acc_loss: 0.09410557508044227, grad_loss: None
2022-04-27 16:41:43,589 DEBUG epoch: 74, train_acc: 97.67602848101266, val_acc: 58.5, fidel_score: 62.17, acc_loss: 0.08525369856270808, grad_loss: None
2022-04-27 16:41:47,598 DEBUG epoch: 75, train_acc: 97.80458860759494, val_acc: 58.56, fidel_score: 62.26, acc_loss: 0.08699162103990211, grad_loss: None
2022-04-27 16:41:51,874 DEBUG epoch: 76, train_acc: 97.76503164556962, val_acc: 58.34, fidel_score: 62.47, acc_loss: 0.09012485116342955, grad_loss: None
2022-04-27 16:41:55,946 DEBUG epoch: 77, train_acc: 97.47824367088607, val_acc: 57.97, fidel_score: 62.13, acc_loss: 0.09546017939154106, grad_loss: None
2022-04-27 16:41:59,854 DEBUG epoch: 78, train_acc: 97.76503164556962, val_acc: 57.77, fidel_score: 61.7, acc_loss: 0.08411440507897848, grad_loss: None
2022-04-27 16:42:03,602 DEBUG epoch: 79, train_acc: 97.7551424050633, val_acc: 57.78, fidel_score: 62.19, acc_loss: 0.08699614826967067, grad_loss: None
2022-04-27 16:42:07,421 DEBUG epoch: 80, train_acc: 97.66613924050633, val_acc: 58.14, fidel_score: 62.37, acc_loss: 0.08534990119028694, grad_loss: None
2022-04-27 16:42:11,431 DEBUG epoch: 81, train_acc: 97.67602848101266, val_acc: 58.34, fidel_score: 62.34, acc_loss: 0.0850864176909569, grad_loss: None
2022-04-27 16:42:15,732 DEBUG epoch: 82, train_acc: 97.31012658227849, val_acc: 58.47, fidel_score: 62.29, acc_loss: 0.09608299143706696, grad_loss: None
2022-04-27 16:42:19,978 DEBUG epoch: 83, train_acc: 97.95292721518987, val_acc: 58.03, fidel_score: 62.21, acc_loss: 0.07282807517655288, grad_loss: None
2022-04-27 16:42:24,180 DEBUG epoch: 84, train_acc: 97.94303797468355, val_acc: 58.13, fidel_score: 62.18, acc_loss: 0.07434785745660716, grad_loss: None
2022-04-27 16:42:28,262 DEBUG epoch: 85, train_acc: 98.42761075949367, val_acc: 58.15, fidel_score: 62.21, acc_loss: 0.06532212027313211, grad_loss: None
2022-04-27 16:42:32,638 DEBUG epoch: 86, train_acc: 98.1309335443038, val_acc: 58.32, fidel_score: 62.22, acc_loss: 0.07389859915298375, grad_loss: None
2022-04-27 16:42:36,746 DEBUG epoch: 87, train_acc: 98.37816455696202, val_acc: 58.64, fidel_score: 62.39, acc_loss: 0.06302984430207105, grad_loss: None
2022-04-27 16:42:40,792 DEBUG epoch: 88, train_acc: 98.55617088607595, val_acc: 58.14, fidel_score: 62.04, acc_loss: 0.05579759083876881, grad_loss: None
2022-04-27 16:42:44,948 DEBUG epoch: 89, train_acc: 98.31882911392405, val_acc: 58.46, fidel_score: 62.15, acc_loss: 0.06296573540408022, grad_loss: None
2022-04-27 16:42:49,174 DEBUG epoch: 90, train_acc: 98.27927215189874, val_acc: 58.55, fidel_score: 61.9, acc_loss: 0.07020561629316852, grad_loss: None
2022-04-27 16:42:53,363 DEBUG epoch: 91, train_acc: 98.3682753164557, val_acc: 58.43, fidel_score: 62.24, acc_loss: 0.0666581060902416, grad_loss: None
2022-04-27 16:42:57,420 DEBUG epoch: 92, train_acc: 98.66495253164557, val_acc: 58.54, fidel_score: 62.7, acc_loss: 0.052818677411709404, grad_loss: None
2022-04-27 16:43:01,594 DEBUG epoch: 93, train_acc: 98.66495253164557, val_acc: 58.32, fidel_score: 62.58, acc_loss: 0.05339892699583611, grad_loss: None
2022-04-27 16:43:05,804 DEBUG epoch: 94, train_acc: 98.61550632911393, val_acc: 57.96, fidel_score: 62.31, acc_loss: 0.05898825856090724, grad_loss: None
2022-04-27 16:43:09,847 DEBUG epoch: 95, train_acc: 98.75395569620254, val_acc: 58.72, fidel_score: 62.54, acc_loss: 0.054554359197522266, grad_loss: None
2022-04-27 16:43:13,812 DEBUG epoch: 96, train_acc: 98.51661392405063, val_acc: 58.22, fidel_score: 61.95, acc_loss: 0.05873976203412572, grad_loss: None
2022-04-27 16:43:17,800 DEBUG epoch: 97, train_acc: 98.46716772151899, val_acc: 58.59, fidel_score: 62.95, acc_loss: 0.062325885719796525, grad_loss: None
2022-04-27 16:43:21,859 DEBUG epoch: 98, train_acc: 98.2001582278481, val_acc: 58.64, fidel_score: 62.47, acc_loss: 0.07313488044221944, grad_loss: None
2022-04-27 16:43:26,101 DEBUG epoch: 99, train_acc: 98.30893987341773, val_acc: 58.2, fidel_score: 62.11, acc_loss: 0.0629563936020566, grad_loss: None
2022-04-27 16:43:30,320 DEBUG epoch: 100, train_acc: 98.4375, val_acc: 58.21, fidel_score: 62.21, acc_loss: 0.05723954976500967, grad_loss: None
2022-04-27 16:43:34,629 DEBUG epoch: 101, train_acc: 98.45727848101266, val_acc: 57.98, fidel_score: 62.1, acc_loss: 0.07442983621849289, grad_loss: None
2022-04-27 16:43:38,954 DEBUG epoch: 102, train_acc: 98.21993670886076, val_acc: 57.76, fidel_score: 62.12, acc_loss: 0.07138979008209102, grad_loss: None
2022-04-27 16:43:43,053 DEBUG epoch: 103, train_acc: 98.21004746835443, val_acc: 57.87, fidel_score: 62.19, acc_loss: 0.07224798545571445, grad_loss: None
2022-04-27 16:43:46,997 DEBUG epoch: 104, train_acc: 98.65506329113924, val_acc: 58.18, fidel_score: 62.52, acc_loss: 0.05822305978994958, grad_loss: None
2022-04-27 16:43:50,780 DEBUG epoch: 105, train_acc: 98.51661392405063, val_acc: 58.12, fidel_score: 62.49, acc_loss: 0.061971079298778424, grad_loss: None
2022-04-27 16:43:54,750 DEBUG epoch: 106, train_acc: 98.30893987341773, val_acc: 58.48, fidel_score: 62.67, acc_loss: 0.06298383088381607, grad_loss: None
2022-04-27 16:43:58,946 DEBUG epoch: 107, train_acc: 98.45727848101266, val_acc: 58.16, fidel_score: 62.24, acc_loss: 0.06388917496970183, grad_loss: None
2022-04-27 16:44:03,231 DEBUG epoch: 108, train_acc: 98.59572784810126, val_acc: 58.37, fidel_score: 62.51, acc_loss: 0.058067575627584245, grad_loss: None
2022-04-27 16:44:07,395 DEBUG epoch: 109, train_acc: 98.79351265822785, val_acc: 57.95, fidel_score: 62.47, acc_loss: 0.05340794991418908, grad_loss: None
2022-04-27 16:44:11,416 DEBUG epoch: 110, train_acc: 98.70450949367088, val_acc: 57.93, fidel_score: 62.37, acc_loss: 0.05815567963320432, grad_loss: None
2022-04-27 16:44:15,743 DEBUG epoch: 111, train_acc: 98.72428797468355, val_acc: 58.23, fidel_score: 62.32, acc_loss: 0.053373515641293195, grad_loss: None
2022-04-27 16:44:19,967 DEBUG epoch: 112, train_acc: 98.92207278481013, val_acc: 58.44, fidel_score: 62.45, acc_loss: 0.04901319422723749, grad_loss: None
2022-04-27 16:44:24,079 DEBUG epoch: 113, train_acc: 98.86273734177215, val_acc: 58.06, fidel_score: 62.4, acc_loss: 0.04922774187112345, grad_loss: None
2022-04-27 16:44:28,115 DEBUG epoch: 114, train_acc: 98.97151898734177, val_acc: 58.25, fidel_score: 62.44, acc_loss: 0.049366601530603973, grad_loss: None
2022-04-27 16:44:32,377 DEBUG epoch: 115, train_acc: 98.96162974683544, val_acc: 58.24, fidel_score: 62.18, acc_loss: 0.047851067065862535, grad_loss: None
2022-04-27 16:44:36,561 DEBUG epoch: 116, train_acc: 98.5363924050633, val_acc: 58.27, fidel_score: 62.0, acc_loss: 0.058348641624744936, grad_loss: None
2022-04-27 16:44:40,652 DEBUG epoch: 117, train_acc: 98.58583860759494, val_acc: 57.35, fidel_score: 61.47, acc_loss: 0.059777350058849855, grad_loss: None
2022-04-27 16:44:44,694 DEBUG epoch: 118, train_acc: 98.57594936708861, val_acc: 58.09, fidel_score: 62.35, acc_loss: 0.05862937673124709, grad_loss: None
2022-04-27 16:44:48,957 DEBUG epoch: 119, train_acc: 98.52650316455696, val_acc: 57.83, fidel_score: 61.74, acc_loss: 0.06353906384091589, grad_loss: None
2022-04-27 16:44:53,146 DEBUG epoch: 120, train_acc: 98.18037974683544, val_acc: 57.75, fidel_score: 62.02, acc_loss: 0.07686495836352623, grad_loss: None
2022-04-27 16:44:57,334 DEBUG epoch: 121, train_acc: 97.99248417721519, val_acc: 57.33, fidel_score: 61.7, acc_loss: 0.08863890661468989, grad_loss: None
2022-04-27 16:45:01,575 DEBUG epoch: 122, train_acc: 98.6748417721519, val_acc: 57.64, fidel_score: 62.01, acc_loss: 0.06024142042321118, grad_loss: None
2022-04-27 16:45:05,929 DEBUG epoch: 123, train_acc: 98.9814082278481, val_acc: 57.67, fidel_score: 61.98, acc_loss: 0.04708977943121255, grad_loss: None
2022-04-27 16:45:10,314 DEBUG epoch: 124, train_acc: 98.92207278481013, val_acc: 57.86, fidel_score: 61.96, acc_loss: 0.04763938655157255, grad_loss: None
2022-04-27 16:45:14,494 DEBUG epoch: 125, train_acc: 98.82318037974683, val_acc: 58.23, fidel_score: 62.0, acc_loss: 0.04918942183161838, grad_loss: None
2022-04-27 16:45:18,721 DEBUG epoch: 126, train_acc: 98.94185126582279, val_acc: 57.84, fidel_score: 62.04, acc_loss: 0.046234911649570436, grad_loss: None
2022-04-27 16:45:22,794 DEBUG epoch: 127, train_acc: 98.79351265822785, val_acc: 57.72, fidel_score: 61.71, acc_loss: 0.05522933114272884, grad_loss: None
2022-04-27 16:45:27,227 DEBUG epoch: 128, train_acc: 98.63528481012658, val_acc: 57.76, fidel_score: 61.77, acc_loss: 0.06575789092745207, grad_loss: None
2022-04-27 16:45:31,591 DEBUG epoch: 129, train_acc: 98.92207278481013, val_acc: 58.3, fidel_score: 62.43, acc_loss: 0.04795458679429338, grad_loss: None
2022-04-27 16:45:35,711 DEBUG epoch: 130, train_acc: 98.80340189873418, val_acc: 58.1, fidel_score: 62.24, acc_loss: 0.0515843970418165, grad_loss: None
2022-04-27 16:45:39,911 DEBUG epoch: 131, train_acc: 98.71439873417721, val_acc: 57.68, fidel_score: 61.44, acc_loss: 0.05210191197693348, grad_loss: None
2022-04-27 16:45:44,095 DEBUG epoch: 132, train_acc: 98.69462025316456, val_acc: 58.18, fidel_score: 62.2, acc_loss: 0.058786797767528626, grad_loss: None
2022-04-27 16:45:48,369 DEBUG epoch: 133, train_acc: 98.83306962025317, val_acc: 58.41, fidel_score: 62.03, acc_loss: 0.054530418324696864, grad_loss: None
2022-04-27 16:45:52,484 DEBUG epoch: 134, train_acc: 98.94185126582279, val_acc: 58.11, fidel_score: 62.34, acc_loss: 0.05069338850370502, grad_loss: None
2022-04-27 16:45:56,685 DEBUG epoch: 135, train_acc: 99.12974683544304, val_acc: 58.51, fidel_score: 62.89, acc_loss: 0.03964966484875996, grad_loss: None
2022-04-27 16:46:00,855 DEBUG epoch: 136, train_acc: 98.86273734177215, val_acc: 58.4, fidel_score: 62.52, acc_loss: 0.048078046840485895, grad_loss: None
2022-04-27 16:46:04,938 DEBUG epoch: 137, train_acc: 98.6748417721519, val_acc: 58.17, fidel_score: 62.07, acc_loss: 0.056745836735243284, grad_loss: None
2022-04-27 16:46:09,217 DEBUG epoch: 138, train_acc: 98.66495253164557, val_acc: 58.41, fidel_score: 62.4, acc_loss: 0.05271599426441177, grad_loss: None
2022-04-27 16:46:13,619 DEBUG epoch: 139, train_acc: 98.99129746835443, val_acc: 57.91, fidel_score: 62.21, acc_loss: 0.04622725008904368, grad_loss: None
2022-04-27 16:46:18,134 DEBUG epoch: 140, train_acc: 98.73417721518987, val_acc: 58.09, fidel_score: 62.25, acc_loss: 0.05768824425891419, grad_loss: None
2022-04-27 16:46:22,460 DEBUG epoch: 141, train_acc: 98.73417721518987, val_acc: 57.65, fidel_score: 62.12, acc_loss: 0.05253016661640398, grad_loss: None
2022-04-27 16:46:26,622 DEBUG epoch: 142, train_acc: 99.07041139240506, val_acc: 58.27, fidel_score: 62.56, acc_loss: 0.04017715806825251, grad_loss: None
2022-04-27 16:46:30,749 DEBUG epoch: 143, train_acc: 99.02096518987342, val_acc: 58.17, fidel_score: 62.51, acc_loss: 0.04295889036494154, grad_loss: None
2022-04-27 16:46:34,937 DEBUG epoch: 144, train_acc: 99.06052215189874, val_acc: 57.99, fidel_score: 62.09, acc_loss: 0.04234771652123596, grad_loss: None
2022-04-27 16:46:39,054 DEBUG epoch: 145, train_acc: 99.06052215189874, val_acc: 57.96, fidel_score: 62.26, acc_loss: 0.04335634936165961, grad_loss: None
2022-04-27 16:46:43,200 DEBUG epoch: 146, train_acc: 98.85284810126582, val_acc: 58.02, fidel_score: 62.32, acc_loss: 0.04912012412884756, grad_loss: None
2022-04-27 16:46:47,295 DEBUG epoch: 147, train_acc: 99.15941455696202, val_acc: 58.08, fidel_score: 62.27, acc_loss: 0.04019116872591497, grad_loss: None
2022-04-27 16:46:51,602 DEBUG epoch: 148, train_acc: 99.25830696202532, val_acc: 57.98, fidel_score: 62.17, acc_loss: 0.03708626099720692, grad_loss: None
2022-04-27 16:46:55,787 DEBUG epoch: 149, train_acc: 99.33742088607595, val_acc: 57.86, fidel_score: 62.28, acc_loss: 0.035921618436710746, grad_loss: None
2022-04-27 16:46:59,900 DEBUG epoch: 150, train_acc: 99.29786392405063, val_acc: 58.08, fidel_score: 62.73, acc_loss: 0.03398028411607765, grad_loss: None
2022-04-27 16:47:04,198 DEBUG epoch: 151, train_acc: 99.25830696202532, val_acc: 58.59, fidel_score: 62.75, acc_loss: 0.03497151478747778, grad_loss: None
2022-04-27 16:47:08,368 DEBUG epoch: 152, train_acc: 99.48575949367088, val_acc: 58.8, fidel_score: 62.94, acc_loss: 0.029644451949957618, grad_loss: None
2022-04-27 16:47:12,480 DEBUG epoch: 153, train_acc: 99.06052215189874, val_acc: 58.66, fidel_score: 63.01, acc_loss: 0.04062312972861566, grad_loss: None
2022-04-27 16:47:16,683 DEBUG epoch: 154, train_acc: 99.35719936708861, val_acc: 58.25, fidel_score: 62.68, acc_loss: 0.02949238575617724, grad_loss: None
2022-04-27 16:47:20,871 DEBUG epoch: 155, train_acc: 99.21875, val_acc: 58.8, fidel_score: 63.2, acc_loss: 0.033918460990196166, grad_loss: None
2022-04-27 16:47:25,077 DEBUG epoch: 156, train_acc: 99.40664556962025, val_acc: 58.48, fidel_score: 62.69, acc_loss: 0.03167640472632609, grad_loss: None
2022-04-27 16:47:29,163 DEBUG epoch: 157, train_acc: 99.33742088607595, val_acc: 58.75, fidel_score: 62.68, acc_loss: 0.032575522372616995, grad_loss: None
2022-04-27 16:47:33,020 DEBUG epoch: 158, train_acc: 99.22863924050633, val_acc: 59.09, fidel_score: 63.19, acc_loss: 0.03160642197685717, grad_loss: None
2022-04-27 16:47:36,944 DEBUG epoch: 159, train_acc: 99.39675632911393, val_acc: 58.65, fidel_score: 62.83, acc_loss: 0.028480189021299535, grad_loss: None
2022-04-27 16:47:41,150 DEBUG epoch: 160, train_acc: 99.34731012658227, val_acc: 58.53, fidel_score: 62.72, acc_loss: 0.03341676992706106, grad_loss: None
2022-04-27 16:47:45,387 DEBUG epoch: 161, train_acc: 99.35719936708861, val_acc: 58.68, fidel_score: 62.87, acc_loss: 0.03321573776605574, grad_loss: None
2022-04-27 16:47:49,652 DEBUG epoch: 162, train_acc: 99.3868670886076, val_acc: 58.57, fidel_score: 62.95, acc_loss: 0.03213924554447773, grad_loss: None
2022-04-27 16:47:53,944 DEBUG epoch: 163, train_acc: 99.58465189873418, val_acc: 58.31, fidel_score: 62.83, acc_loss: 0.0252740358096795, grad_loss: None
2022-04-27 16:47:58,249 DEBUG epoch: 164, train_acc: 99.3868670886076, val_acc: 59.03, fidel_score: 63.13, acc_loss: 0.03111975508022912, grad_loss: None
2022-04-27 16:48:02,345 DEBUG epoch: 165, train_acc: 99.53520569620254, val_acc: 58.92, fidel_score: 62.97, acc_loss: 0.026324991861806264, grad_loss: None
2022-04-27 16:48:06,510 DEBUG epoch: 166, train_acc: 99.51542721518987, val_acc: 58.47, fidel_score: 63.14, acc_loss: 0.026528711825656363, grad_loss: None
2022-04-27 16:48:10,439 DEBUG epoch: 167, train_acc: 99.19897151898734, val_acc: 58.67, fidel_score: 63.4, acc_loss: 0.03222283351388347, grad_loss: None
2022-04-27 16:48:14,700 DEBUG epoch: 168, train_acc: 99.71321202531645, val_acc: 58.56, fidel_score: 62.84, acc_loss: 0.021741137503870304, grad_loss: None
2022-04-27 16:48:18,992 DEBUG epoch: 169, train_acc: 99.57476265822785, val_acc: 58.7, fidel_score: 63.09, acc_loss: 0.022496181999958013, grad_loss: None
2022-04-27 16:48:23,110 DEBUG epoch: 170, train_acc: 99.49564873417721, val_acc: 58.6, fidel_score: 62.98, acc_loss: 0.02844655826758546, grad_loss: None
2022-04-27 16:48:27,221 DEBUG epoch: 171, train_acc: 99.4560917721519, val_acc: 58.22, fidel_score: 62.82, acc_loss: 0.026991902231651394, grad_loss: None
2022-04-27 16:48:31,367 DEBUG epoch: 172, train_acc: 99.60443037974683, val_acc: 58.11, fidel_score: 62.78, acc_loss: 0.024210840610999474, grad_loss: None
2022-04-27 16:48:35,621 DEBUG epoch: 173, train_acc: 99.43631329113924, val_acc: 58.74, fidel_score: 62.93, acc_loss: 0.028740950665566364, grad_loss: None
2022-04-27 16:48:39,867 DEBUG epoch: 174, train_acc: 99.56487341772151, val_acc: 58.76, fidel_score: 63.27, acc_loss: 0.023851474363922695, grad_loss: None
2022-04-27 16:48:44,104 DEBUG epoch: 175, train_acc: 99.65387658227849, val_acc: 58.91, fidel_score: 63.13, acc_loss: 0.021816347563592128, grad_loss: None
2022-04-27 16:48:48,283 DEBUG epoch: 176, train_acc: 99.53520569620254, val_acc: 58.76, fidel_score: 63.15, acc_loss: 0.02445479369828407, grad_loss: None
2022-04-27 16:48:52,340 DEBUG epoch: 177, train_acc: 99.43631329113924, val_acc: 58.86, fidel_score: 63.27, acc_loss: 0.029571366260606278, grad_loss: None
2022-04-27 16:48:56,498 DEBUG epoch: 178, train_acc: 99.57476265822785, val_acc: 58.63, fidel_score: 62.77, acc_loss: 0.024477040925640847, grad_loss: None
2022-04-27 16:49:00,815 DEBUG epoch: 179, train_acc: 99.5945411392405, val_acc: 58.47, fidel_score: 62.82, acc_loss: 0.023486782389964107, grad_loss: None
2022-04-27 16:49:05,286 DEBUG epoch: 180, train_acc: 99.44620253164557, val_acc: 58.79, fidel_score: 63.14, acc_loss: 0.02952992946168856, grad_loss: None
2022-04-27 16:49:09,501 DEBUG epoch: 181, train_acc: 99.60443037974683, val_acc: 58.6, fidel_score: 62.97, acc_loss: 0.021257910730105033, grad_loss: None
2022-04-27 16:49:13,718 DEBUG epoch: 182, train_acc: 99.68354430379746, val_acc: 58.59, fidel_score: 63.18, acc_loss: 0.023314404230611988, grad_loss: None
2022-04-27 16:49:17,890 DEBUG epoch: 183, train_acc: 99.36708860759494, val_acc: 58.66, fidel_score: 62.97, acc_loss: 0.03409409477623015, grad_loss: None
2022-04-27 16:49:22,004 DEBUG epoch: 184, train_acc: 99.57476265822785, val_acc: 58.82, fidel_score: 63.27, acc_loss: 0.02481351656650629, grad_loss: None
2022-04-27 16:49:26,128 DEBUG epoch: 185, train_acc: 99.65387658227849, val_acc: 58.98, fidel_score: 63.39, acc_loss: 0.023119544572067222, grad_loss: None
2022-04-27 16:49:30,192 DEBUG epoch: 186, train_acc: 99.49564873417721, val_acc: 58.71, fidel_score: 62.95, acc_loss: 0.025420473888516426, grad_loss: None
2022-04-27 16:49:34,301 DEBUG epoch: 187, train_acc: 99.50553797468355, val_acc: 58.55, fidel_score: 62.77, acc_loss: 0.029200766135384387, grad_loss: None
2022-04-27 16:49:38,158 DEBUG epoch: 188, train_acc: 99.63409810126582, val_acc: 58.53, fidel_score: 63.38, acc_loss: 0.02111407169848209, grad_loss: None
2022-04-27 16:49:42,080 DEBUG epoch: 189, train_acc: 99.67365506329114, val_acc: 58.52, fidel_score: 62.7, acc_loss: 0.021050478334691893, grad_loss: None
2022-04-27 16:49:46,399 DEBUG epoch: 190, train_acc: 99.6934335443038, val_acc: 58.76, fidel_score: 63.03, acc_loss: 0.02209880805421102, grad_loss: None
2022-04-27 16:49:50,608 DEBUG epoch: 191, train_acc: 99.66376582278481, val_acc: 58.52, fidel_score: 62.77, acc_loss: 0.021176900950413715, grad_loss: None
2022-04-27 16:49:54,922 DEBUG epoch: 192, train_acc: 99.56487341772151, val_acc: 58.62, fidel_score: 63.17, acc_loss: 0.02562215421466699, grad_loss: None
2022-04-27 16:49:59,152 DEBUG epoch: 193, train_acc: 99.56487341772151, val_acc: 58.94, fidel_score: 63.08, acc_loss: 0.02319865741566578, grad_loss: None
2022-04-27 16:50:03,309 DEBUG epoch: 194, train_acc: 99.68354430379746, val_acc: 58.72, fidel_score: 63.16, acc_loss: 0.022719213184959525, grad_loss: None
2022-04-27 16:50:07,441 DEBUG epoch: 195, train_acc: 99.54509493670886, val_acc: 58.72, fidel_score: 63.24, acc_loss: 0.025734080266961945, grad_loss: None
2022-04-27 16:50:11,586 DEBUG epoch: 196, train_acc: 99.57476265822785, val_acc: 58.58, fidel_score: 63.08, acc_loss: 0.024500923272505214, grad_loss: None
2022-04-27 16:50:16,023 DEBUG epoch: 197, train_acc: 99.60443037974683, val_acc: 58.73, fidel_score: 63.31, acc_loss: 0.023234122459293356, grad_loss: None
2022-04-27 16:50:20,188 DEBUG epoch: 198, train_acc: 99.68354430379746, val_acc: 58.9, fidel_score: 63.04, acc_loss: 0.020280472810462684, grad_loss: None
2022-04-27 16:50:24,284 DEBUG epoch: 199, train_acc: 99.5945411392405, val_acc: 58.86, fidel_score: 63.39, acc_loss: 0.023126696271798277, grad_loss: None
2022-04-27 16:50:28,360 DEBUG epoch: 200, train_acc: 99.6934335443038, val_acc: 59.08, fidel_score: 63.53, acc_loss: 0.021155128279064274, grad_loss: None
2022-04-27 16:50:32,697 DEBUG epoch: 201, train_acc: 99.6242088607595, val_acc: 58.7, fidel_score: 63.05, acc_loss: 0.020781042490484593, grad_loss: None
2022-04-27 16:50:36,887 DEBUG epoch: 202, train_acc: 99.77254746835443, val_acc: 58.85, fidel_score: 63.2, acc_loss: 0.019825443572400115, grad_loss: None
2022-04-27 16:50:41,076 DEBUG epoch: 203, train_acc: 99.65387658227849, val_acc: 58.63, fidel_score: 63.0, acc_loss: 0.021762571309374857, grad_loss: None
2022-04-27 16:50:45,336 DEBUG epoch: 204, train_acc: 99.64398734177215, val_acc: 59.1, fidel_score: 63.32, acc_loss: 0.02215505893566186, grad_loss: None
2022-04-27 16:50:49,683 DEBUG epoch: 205, train_acc: 99.58465189873418, val_acc: 58.78, fidel_score: 63.3, acc_loss: 0.022793463018687465, grad_loss: None
2022-04-27 16:50:52,876 DEBUG epoch: 206, train_acc: 99.55498417721519, val_acc: 58.58, fidel_score: 62.7, acc_loss: 0.02703233986291327, grad_loss: None
2022-04-27 16:50:55,957 DEBUG epoch: 207, train_acc: 99.77254746835443, val_acc: 58.63, fidel_score: 63.41, acc_loss: 0.020674268791711407, grad_loss: None
2022-04-27 16:50:59,437 DEBUG epoch: 208, train_acc: 99.66376582278481, val_acc: 58.76, fidel_score: 63.32, acc_loss: 0.020572185822868648, grad_loss: None
2022-04-27 16:51:04,534 DEBUG epoch: 209, train_acc: 99.65387658227849, val_acc: 59.31, fidel_score: 63.56, acc_loss: 0.0223537187498723, grad_loss: None
2022-04-27 16:51:09,208 DEBUG epoch: 210, train_acc: 99.35719936708861, val_acc: 58.7, fidel_score: 63.22, acc_loss: 0.028874478391312724, grad_loss: None
2022-04-27 16:51:13,722 DEBUG epoch: 211, train_acc: 99.65387658227849, val_acc: 58.84, fidel_score: 63.31, acc_loss: 0.021802002764483797, grad_loss: None
2022-04-27 16:51:17,792 DEBUG epoch: 212, train_acc: 99.6242088607595, val_acc: 58.89, fidel_score: 63.69, acc_loss: 0.02622855581119185, grad_loss: None
2022-04-27 16:51:21,841 DEBUG epoch: 213, train_acc: 99.72310126582279, val_acc: 58.55, fidel_score: 63.17, acc_loss: 0.021265745003813806, grad_loss: None
2022-04-27 16:51:25,910 DEBUG epoch: 214, train_acc: 99.42642405063292, val_acc: 58.65, fidel_score: 63.28, acc_loss: 0.029224122114055142, grad_loss: None
2022-04-27 16:51:29,889 DEBUG epoch: 215, train_acc: 99.58465189873418, val_acc: 58.82, fidel_score: 63.1, acc_loss: 0.02580736054083969, grad_loss: None
2022-04-27 16:51:33,927 DEBUG epoch: 216, train_acc: 99.6934335443038, val_acc: 58.71, fidel_score: 63.4, acc_loss: 0.01936047236270071, grad_loss: None
2022-04-27 16:51:38,179 DEBUG epoch: 217, train_acc: 99.55498417721519, val_acc: 58.64, fidel_score: 63.01, acc_loss: 0.0275306333375128, grad_loss: None
2022-04-27 16:51:42,292 DEBUG epoch: 218, train_acc: 99.54509493670886, val_acc: 58.78, fidel_score: 63.12, acc_loss: 0.024286988857379066, grad_loss: None
2022-04-27 16:51:46,554 DEBUG epoch: 219, train_acc: 99.51542721518987, val_acc: 58.73, fidel_score: 63.42, acc_loss: 0.024034323683597997, grad_loss: None
2022-04-27 16:51:50,719 DEBUG epoch: 220, train_acc: 99.50553797468355, val_acc: 58.56, fidel_score: 62.93, acc_loss: 0.02570256231871398, grad_loss: None
2022-04-27 16:51:54,886 DEBUG epoch: 221, train_acc: 99.72310126582279, val_acc: 58.82, fidel_score: 63.3, acc_loss: 0.019291282722820775, grad_loss: None
2022-04-27 16:51:58,773 DEBUG epoch: 222, train_acc: 99.6242088607595, val_acc: 58.82, fidel_score: 63.13, acc_loss: 0.020569331198341295, grad_loss: None
2022-04-27 16:52:02,925 DEBUG epoch: 223, train_acc: 99.47587025316456, val_acc: 58.81, fidel_score: 63.26, acc_loss: 0.0285328068133868, grad_loss: None
2022-04-27 16:52:06,961 DEBUG epoch: 224, train_acc: 99.72310126582279, val_acc: 59.01, fidel_score: 63.23, acc_loss: 0.017929341293329112, grad_loss: None
2022-04-27 16:52:11,007 DEBUG epoch: 225, train_acc: 99.47587025316456, val_acc: 58.82, fidel_score: 63.21, acc_loss: 0.022751608807475694, grad_loss: None
2022-04-27 16:52:14,942 DEBUG epoch: 226, train_acc: 99.6242088607595, val_acc: 58.18, fidel_score: 62.66, acc_loss: 0.0256223256133874, grad_loss: None
2022-04-27 16:52:18,844 DEBUG epoch: 227, train_acc: 99.60443037974683, val_acc: 58.85, fidel_score: 63.23, acc_loss: 0.025702344866681704, grad_loss: None
2022-04-27 16:52:23,059 DEBUG epoch: 228, train_acc: 99.77254746835443, val_acc: 58.9, fidel_score: 63.52, acc_loss: 0.01761972384609848, grad_loss: None
2022-04-27 16:52:27,234 DEBUG epoch: 229, train_acc: 99.57476265822785, val_acc: 58.93, fidel_score: 63.52, acc_loss: 0.024241118750806097, grad_loss: None
2022-04-27 16:52:31,496 DEBUG epoch: 230, train_acc: 99.60443037974683, val_acc: 58.42, fidel_score: 63.42, acc_loss: 0.021819225477078295, grad_loss: None
2022-04-27 16:52:35,627 DEBUG epoch: 231, train_acc: 99.50553797468355, val_acc: 58.64, fidel_score: 63.29, acc_loss: 0.02568771159630033, grad_loss: None
2022-04-27 16:52:39,643 DEBUG epoch: 232, train_acc: 99.65387658227849, val_acc: 58.79, fidel_score: 63.43, acc_loss: 0.02079878108505207, grad_loss: None
2022-04-27 16:52:43,704 DEBUG epoch: 233, train_acc: 99.78243670886076, val_acc: 58.75, fidel_score: 63.41, acc_loss: 0.019483793031754373, grad_loss: None
2022-04-27 16:52:47,714 DEBUG epoch: 234, train_acc: 99.74287974683544, val_acc: 59.23, fidel_score: 63.54, acc_loss: 0.018385671064422668, grad_loss: None
2022-04-27 16:52:51,902 DEBUG epoch: 235, train_acc: 99.6242088607595, val_acc: 58.41, fidel_score: 63.38, acc_loss: 0.02279631268009072, grad_loss: None
2022-04-27 16:52:56,039 DEBUG epoch: 236, train_acc: 99.51542721518987, val_acc: 59.03, fidel_score: 63.47, acc_loss: 0.025004420276212542, grad_loss: None
2022-04-27 16:53:00,324 DEBUG epoch: 237, train_acc: 99.68354430379746, val_acc: 58.38, fidel_score: 63.04, acc_loss: 0.02024187395773545, grad_loss: None
2022-04-27 16:53:04,567 DEBUG epoch: 238, train_acc: 99.75276898734177, val_acc: 58.89, fidel_score: 63.33, acc_loss: 0.019157431371321407, grad_loss: None
2022-04-27 16:53:08,689 DEBUG epoch: 239, train_acc: 99.60443037974683, val_acc: 59.24, fidel_score: 63.54, acc_loss: 0.022904427742727006, grad_loss: None
2022-04-27 16:53:12,803 DEBUG epoch: 240, train_acc: 99.68354430379746, val_acc: 58.71, fidel_score: 63.77, acc_loss: 0.01949510209946127, grad_loss: None
2022-04-27 16:53:16,782 DEBUG epoch: 241, train_acc: 99.82199367088607, val_acc: 58.4, fidel_score: 63.29, acc_loss: 0.0174628150401802, grad_loss: None
2022-04-27 16:53:20,752 DEBUG epoch: 242, train_acc: 99.79232594936708, val_acc: 58.85, fidel_score: 63.06, acc_loss: 0.018193661771667532, grad_loss: None
2022-04-27 16:53:24,632 DEBUG epoch: 243, train_acc: 99.78243670886076, val_acc: 58.86, fidel_score: 63.31, acc_loss: 0.01719964107003393, grad_loss: None
2022-04-27 16:53:28,707 DEBUG epoch: 244, train_acc: 99.70332278481013, val_acc: 59.01, fidel_score: 63.49, acc_loss: 0.020363558626061755, grad_loss: None
2022-04-27 16:53:33,018 DEBUG epoch: 245, train_acc: 99.80221518987342, val_acc: 58.84, fidel_score: 63.31, acc_loss: 0.017900329475184974, grad_loss: None
2022-04-27 16:53:37,025 DEBUG epoch: 246, train_acc: 99.79232594936708, val_acc: 59.39, fidel_score: 63.93, acc_loss: 0.018626694726651606, grad_loss: None
2022-04-27 16:53:41,340 DEBUG epoch: 247, train_acc: 99.68354430379746, val_acc: 58.75, fidel_score: 63.25, acc_loss: 0.020262413074651472, grad_loss: None
2022-04-27 16:53:45,568 DEBUG epoch: 248, train_acc: 99.70332278481013, val_acc: 59.01, fidel_score: 63.66, acc_loss: 0.018098010186436055, grad_loss: None
2022-04-27 16:53:49,714 DEBUG epoch: 249, train_acc: 99.75276898734177, val_acc: 58.99, fidel_score: 63.29, acc_loss: 0.02039166233985673, grad_loss: None
2022-04-27 16:53:53,907 DEBUG epoch: 250, train_acc: 99.64398734177215, val_acc: 59.07, fidel_score: 63.55, acc_loss: 0.02232313269301306, grad_loss: None
2022-04-27 16:53:58,084 DEBUG epoch: 251, train_acc: 99.8318829113924, val_acc: 59.02, fidel_score: 63.17, acc_loss: 0.016421246937700088, grad_loss: None
2022-04-27 16:54:02,104 DEBUG epoch: 252, train_acc: 99.63409810126582, val_acc: 58.92, fidel_score: 63.67, acc_loss: 0.020424683318956742, grad_loss: None
2022-04-27 16:54:06,065 DEBUG epoch: 253, train_acc: 99.67365506329114, val_acc: 58.99, fidel_score: 63.63, acc_loss: 0.022345029672348422, grad_loss: None
2022-04-27 16:54:10,134 DEBUG epoch: 254, train_acc: 99.8318829113924, val_acc: 58.73, fidel_score: 63.33, acc_loss: 0.01723440905702831, grad_loss: None
2022-04-27 16:54:14,109 DEBUG epoch: 255, train_acc: 99.6934335443038, val_acc: 59.06, fidel_score: 63.28, acc_loss: 0.01992081596716484, grad_loss: None
2022-04-27 16:54:18,043 DEBUG epoch: 256, train_acc: 99.70332278481013, val_acc: 59.04, fidel_score: 63.77, acc_loss: 0.019831748956319274, grad_loss: None
2022-04-27 16:54:21,657 DEBUG epoch: 257, train_acc: 99.6934335443038, val_acc: 59.01, fidel_score: 63.21, acc_loss: 0.019474043407701428, grad_loss: None
2022-04-27 16:54:25,466 DEBUG epoch: 258, train_acc: 99.81210443037975, val_acc: 58.68, fidel_score: 63.21, acc_loss: 0.017629335030229596, grad_loss: None
2022-04-27 16:54:29,392 DEBUG epoch: 259, train_acc: 99.66376582278481, val_acc: 58.61, fidel_score: 63.04, acc_loss: 0.022353045138400755, grad_loss: None
2022-04-27 16:54:33,456 DEBUG epoch: 260, train_acc: 99.60443037974683, val_acc: 58.64, fidel_score: 63.31, acc_loss: 0.02078375047002035, grad_loss: None
2022-04-27 16:54:37,507 DEBUG epoch: 261, train_acc: 99.7626582278481, val_acc: 59.17, fidel_score: 63.66, acc_loss: 0.01699737132868812, grad_loss: None
2022-04-27 16:54:41,561 DEBUG epoch: 262, train_acc: 99.79232594936708, val_acc: 59.01, fidel_score: 63.35, acc_loss: 0.016327378770360088, grad_loss: None
2022-04-27 16:54:45,731 DEBUG epoch: 263, train_acc: 99.80221518987342, val_acc: 59.05, fidel_score: 63.61, acc_loss: 0.018546696286648512, grad_loss: None
2022-04-27 16:54:50,108 DEBUG epoch: 264, train_acc: 99.74287974683544, val_acc: 58.89, fidel_score: 63.41, acc_loss: 0.019179679577156335, grad_loss: None
2022-04-27 16:54:54,156 DEBUG epoch: 265, train_acc: 99.6934335443038, val_acc: 59.17, fidel_score: 63.57, acc_loss: 0.020015246647445462, grad_loss: None
2022-04-27 16:54:58,514 DEBUG epoch: 266, train_acc: 99.6934335443038, val_acc: 58.73, fidel_score: 63.17, acc_loss: 0.018707612712124858, grad_loss: None
2022-04-27 16:55:02,660 DEBUG epoch: 267, train_acc: 99.72310126582279, val_acc: 59.04, fidel_score: 63.37, acc_loss: 0.018584434617947364, grad_loss: None
2022-04-27 16:55:06,840 DEBUG epoch: 268, train_acc: 99.60443037974683, val_acc: 59.04, fidel_score: 63.29, acc_loss: 0.01951750960861203, grad_loss: None
2022-04-27 16:55:10,897 DEBUG epoch: 269, train_acc: 99.78243670886076, val_acc: 58.72, fidel_score: 63.46, acc_loss: 0.016234157285711998, grad_loss: None
2022-04-27 16:55:14,918 DEBUG epoch: 270, train_acc: 99.42642405063292, val_acc: 59.21, fidel_score: 63.74, acc_loss: 0.02551304335599836, grad_loss: None
2022-04-27 16:55:18,949 DEBUG epoch: 271, train_acc: 99.80221518987342, val_acc: 58.71, fidel_score: 63.37, acc_loss: 0.015026905385282221, grad_loss: None
2022-04-27 16:55:23,191 DEBUG epoch: 272, train_acc: 99.65387658227849, val_acc: 59.13, fidel_score: 63.8, acc_loss: 0.019257376801599807, grad_loss: None
2022-04-27 16:55:27,364 DEBUG epoch: 273, train_acc: 99.66376582278481, val_acc: 58.84, fidel_score: 63.49, acc_loss: 0.021670528298503237, grad_loss: None
2022-04-27 16:55:31,405 DEBUG epoch: 274, train_acc: 99.55498417721519, val_acc: 58.86, fidel_score: 63.33, acc_loss: 0.021722507079520934, grad_loss: None
2022-04-27 16:55:35,433 DEBUG epoch: 275, train_acc: 99.7626582278481, val_acc: 59.21, fidel_score: 63.35, acc_loss: 0.01729428125957994, grad_loss: None
2022-04-27 16:55:39,855 DEBUG epoch: 276, train_acc: 99.70332278481013, val_acc: 59.36, fidel_score: 63.7, acc_loss: 0.01945960072246439, grad_loss: None
2022-04-27 16:55:44,047 DEBUG epoch: 277, train_acc: 99.60443037974683, val_acc: 58.6, fidel_score: 63.4, acc_loss: 0.021757849439082644, grad_loss: None
2022-04-27 16:55:48,226 DEBUG epoch: 278, train_acc: 99.74287974683544, val_acc: 58.99, fidel_score: 63.62, acc_loss: 0.018398650403169892, grad_loss: None
2022-04-27 16:55:52,365 DEBUG epoch: 279, train_acc: 99.70332278481013, val_acc: 58.9, fidel_score: 63.65, acc_loss: 0.017423767687847154, grad_loss: None
2022-04-27 16:55:56,320 DEBUG epoch: 280, train_acc: 99.54509493670886, val_acc: 59.16, fidel_score: 63.5, acc_loss: 0.023000460648555543, grad_loss: None
2022-04-27 16:56:00,090 DEBUG epoch: 281, train_acc: 99.71321202531645, val_acc: 59.1, fidel_score: 63.28, acc_loss: 0.017650090175669028, grad_loss: None
2022-04-27 16:56:03,925 DEBUG epoch: 282, train_acc: 99.70332278481013, val_acc: 59.43, fidel_score: 63.78, acc_loss: 0.02027323986167866, grad_loss: None
2022-04-27 16:56:07,745 DEBUG epoch: 283, train_acc: 99.5945411392405, val_acc: 59.06, fidel_score: 63.4, acc_loss: 0.020640674353683296, grad_loss: None
2022-04-27 16:56:11,549 DEBUG epoch: 284, train_acc: 99.64398734177215, val_acc: 58.97, fidel_score: 63.56, acc_loss: 0.021590151440918068, grad_loss: None
2022-04-27 16:56:15,695 DEBUG epoch: 285, train_acc: 99.80221518987342, val_acc: 58.93, fidel_score: 63.11, acc_loss: 0.01716731728608661, grad_loss: None
2022-04-27 16:56:19,680 DEBUG epoch: 286, train_acc: 99.78243670886076, val_acc: 59.23, fidel_score: 63.49, acc_loss: 0.01735761262405711, grad_loss: None
2022-04-27 16:56:23,817 DEBUG epoch: 287, train_acc: 99.6242088607595, val_acc: 58.68, fidel_score: 63.22, acc_loss: 0.02013597365091496, grad_loss: None
2022-04-27 16:56:28,054 DEBUG epoch: 288, train_acc: 99.79232594936708, val_acc: 58.92, fidel_score: 63.03, acc_loss: 0.016312724173870644, grad_loss: None
2022-04-27 16:56:32,292 DEBUG epoch: 289, train_acc: 99.66376582278481, val_acc: 59.22, fidel_score: 63.55, acc_loss: 0.019825244366627515, grad_loss: None
2022-04-27 16:56:36,627 DEBUG epoch: 290, train_acc: 99.73299050632912, val_acc: 59.12, fidel_score: 63.46, acc_loss: 0.017748459772784497, grad_loss: None
2022-04-27 16:56:40,806 DEBUG epoch: 291, train_acc: 99.72310126582279, val_acc: 58.7, fidel_score: 63.28, acc_loss: 0.017290440603171156, grad_loss: None
2022-04-27 16:56:44,902 DEBUG epoch: 292, train_acc: 99.72310126582279, val_acc: 58.85, fidel_score: 63.55, acc_loss: 0.02597956385027287, grad_loss: None
2022-04-27 16:56:49,050 DEBUG epoch: 293, train_acc: 99.80221518987342, val_acc: 59.05, fidel_score: 63.72, acc_loss: 0.017361840828545864, grad_loss: None
2022-04-27 16:56:53,160 DEBUG epoch: 294, train_acc: 99.82199367088607, val_acc: 59.11, fidel_score: 63.65, acc_loss: 0.014726214824079336, grad_loss: None
2022-04-27 16:56:57,083 DEBUG epoch: 295, train_acc: 99.74287974683544, val_acc: 58.89, fidel_score: 63.53, acc_loss: 0.017861536070350792, grad_loss: None
2022-04-27 16:57:00,888 DEBUG epoch: 296, train_acc: 99.58465189873418, val_acc: 59.11, fidel_score: 63.31, acc_loss: 0.024023091874403667, grad_loss: None
2022-04-27 16:57:04,727 DEBUG epoch: 297, train_acc: 99.77254746835443, val_acc: 59.08, fidel_score: 63.45, acc_loss: 0.016432351132123907, grad_loss: None
2022-04-27 16:57:08,535 DEBUG epoch: 298, train_acc: 99.71321202531645, val_acc: 58.78, fidel_score: 63.14, acc_loss: 0.019297585015102654, grad_loss: None
2022-04-27 16:57:12,688 DEBUG epoch: 299, train_acc: 99.70332278481013, val_acc: 59.02, fidel_score: 63.42, acc_loss: 0.017791086339238513, grad_loss: None
2022-04-27 16:57:16,695 DEBUG epoch: 300, train_acc: 99.79232594936708, val_acc: 59.27, fidel_score: 63.69, acc_loss: 0.01713974672499337, grad_loss: None
2022-04-27 16:57:16,695 DEBUG load best stealed model.
2022-04-27 16:57:16,695 DEBUG Best perform model, val_acc: 59.43, fidel_score: 63.78, acc_loss: 0.02027323986167866
2022-04-27 16:57:16,696 DEBUG load cloest stealed model.
2022-04-27 16:57:16,696 DEBUG Closest perform model, val_acc: 59.39, fidel_score: 63.93, acc_loss: 0.02027323986167866
