2022-04-27 20:25:25,056 DEBUG Namespace(arch='vgg11_bn', attack_client=0, attack_epochs=300, attack_style='TrainME_option', average_time=1, batch_size=128, bottleneck_option='None', cutlayer=4, data_proportion=0.2, dataset='cifar100', filename='ace_V2_epoch_vgg11_bn_cutlayer_4_client_1_seed125_dataset_cifar100_lr_0.05_200epoch', folder='saves/baseline', learning_rate=0.05, noniid_ratio=1.0, num_client=1, num_epochs='best', num_query=1, random_seed=123, regularization='None', regularization_strength=0.0, scheme='V2_epoch', surrogate_arch='same', test_best=True, train_clas_layer=8.0)
2022-04-27 20:25:30,115 DEBUG Test (client-0):	Loss 1.2311 (1.7817)	Prec@1 75.000 (68.630)
2022-04-27 20:25:30,115 DEBUG  * Prec@1 68.630
2022-04-27 20:25:30,187 DEBUG 26
2022-04-27 20:25:30,187 DEBUG surrogate parameter has 26 trainable parameters!
2022-04-27 20:25:37,135 DEBUG epoch: 0, val_acc: 1.01, val_fidelity: 1.05
2022-04-27 20:25:41,676 DEBUG epoch: 1, train_acc: 1.1075949367088607, val_acc: 1.06, fidel_score: 1.13, acc_loss: 4.6971743982049485, grad_loss: None
2022-04-27 20:25:46,179 DEBUG epoch: 2, train_acc: 1.2163765822784811, val_acc: 1.26, fidel_score: 1.33, acc_loss: 4.575945262667499, grad_loss: None
2022-04-27 20:25:50,393 DEBUG epoch: 3, train_acc: 1.5427215189873418, val_acc: 1.89, fidel_score: 1.98, acc_loss: 4.525604175615914, grad_loss: None
2022-04-27 20:25:54,486 DEBUG epoch: 4, train_acc: 1.8888449367088607, val_acc: 2.04, fidel_score: 2.2, acc_loss: 4.485774486879759, grad_loss: None
2022-04-27 20:25:58,713 DEBUG epoch: 5, train_acc: 2.3338607594936707, val_acc: 2.01, fidel_score: 2.12, acc_loss: 4.421093488041358, grad_loss: None
2022-04-27 20:26:02,810 DEBUG epoch: 6, train_acc: 2.3635284810126582, val_acc: 2.12, fidel_score: 2.1, acc_loss: 4.36523700665824, grad_loss: None
2022-04-27 20:26:06,932 DEBUG epoch: 7, train_acc: 2.412974683544304, val_acc: 2.23, fidel_score: 2.35, acc_loss: 4.3224900161163715, grad_loss: None
2022-04-27 20:26:10,886 DEBUG epoch: 8, train_acc: 2.5316455696202533, val_acc: 2.55, fidel_score: 2.61, acc_loss: 4.275545470322235, grad_loss: None
2022-04-27 20:26:15,104 DEBUG epoch: 9, train_acc: 2.7393196202531644, val_acc: 2.83, fidel_score: 2.84, acc_loss: 4.236480912075767, grad_loss: None
2022-04-27 20:26:19,248 DEBUG epoch: 10, train_acc: 2.877768987341772, val_acc: 2.92, fidel_score: 3.02, acc_loss: 4.188664415214635, grad_loss: None
2022-04-27 20:26:23,550 DEBUG epoch: 11, train_acc: 3.2535601265822787, val_acc: 3.15, fidel_score: 3.22, acc_loss: 4.124866908109641, grad_loss: None
2022-04-27 20:26:27,615 DEBUG epoch: 12, train_acc: 3.6194620253164556, val_acc: 3.4, fidel_score: 3.37, acc_loss: 4.065855910506429, grad_loss: None
2022-04-27 20:26:31,814 DEBUG epoch: 13, train_acc: 3.5996835443037973, val_acc: 4.36, fidel_score: 4.18, acc_loss: 4.01085576830031, grad_loss: None
2022-04-27 20:26:36,048 DEBUG epoch: 14, train_acc: 4.123813291139241, val_acc: 4.68, fidel_score: 4.78, acc_loss: 3.94332540789737, grad_loss: None
2022-04-27 20:26:40,105 DEBUG epoch: 15, train_acc: 4.5094936708860756, val_acc: 4.78, fidel_score: 4.6, acc_loss: 3.8787746791598163, grad_loss: None
2022-04-27 20:26:44,438 DEBUG epoch: 16, train_acc: 6.012658227848101, val_acc: 5.18, fidel_score: 5.11, acc_loss: 3.8091691083545927, grad_loss: None
2022-04-27 20:26:48,392 DEBUG epoch: 17, train_acc: 6.052215189873418, val_acc: 6.51, fidel_score: 6.59, acc_loss: 3.7267573241946064, grad_loss: None
2022-04-27 20:26:52,751 DEBUG epoch: 18, train_acc: 6.971914556962025, val_acc: 6.8, fidel_score: 6.96, acc_loss: 3.653766043578522, grad_loss: None
2022-04-27 20:26:56,880 DEBUG epoch: 19, train_acc: 7.753164556962025, val_acc: 8.71, fidel_score: 8.53, acc_loss: 3.6059155041658424, grad_loss: None
2022-04-27 20:27:01,301 DEBUG epoch: 20, train_acc: 9.365110759493671, val_acc: 9.26, fidel_score: 9.23, acc_loss: 3.5196767577642127, grad_loss: None
2022-04-27 20:27:04,569 DEBUG epoch: 21, train_acc: 10.146360759493671, val_acc: 10.68, fidel_score: 11.06, acc_loss: 3.4487738699852666, grad_loss: None
2022-04-27 20:27:07,916 DEBUG epoch: 22, train_acc: 11.293512658227849, val_acc: 11.91, fidel_score: 12.18, acc_loss: 3.3725663559346257, grad_loss: None
2022-04-27 20:27:11,401 DEBUG epoch: 23, train_acc: 12.59889240506329, val_acc: 12.48, fidel_score: 12.74, acc_loss: 3.2422620405124714, grad_loss: None
2022-04-27 20:27:16,440 DEBUG epoch: 24, train_acc: 13.370253164556962, val_acc: 13.33, fidel_score: 13.79, acc_loss: 3.217191237437574, grad_loss: None
2022-04-27 20:27:21,222 DEBUG epoch: 25, train_acc: 14.596518987341772, val_acc: 14.92, fidel_score: 15.3, acc_loss: 3.1353490563887583, grad_loss: None
2022-04-27 20:27:25,607 DEBUG epoch: 26, train_acc: 16.08979430379747, val_acc: 16.23, fidel_score: 16.7, acc_loss: 3.0426999858663053, grad_loss: None
2022-04-27 20:27:29,876 DEBUG epoch: 27, train_acc: 17.217167721518987, val_acc: 14.4, fidel_score: 14.52, acc_loss: 2.9820020862772494, grad_loss: None
2022-04-27 20:27:34,341 DEBUG epoch: 28, train_acc: 18.601661392405063, val_acc: 17.19, fidel_score: 17.0, acc_loss: 2.9151226689543903, grad_loss: None
2022-04-27 20:27:38,621 DEBUG epoch: 29, train_acc: 19.84770569620253, val_acc: 18.98, fidel_score: 19.12, acc_loss: 2.8409507485884653, grad_loss: None
2022-04-27 20:27:42,807 DEBUG epoch: 30, train_acc: 20.87618670886076, val_acc: 19.67, fidel_score: 20.33, acc_loss: 2.785671258274513, grad_loss: None
2022-04-27 20:27:47,090 DEBUG epoch: 31, train_acc: 22.43868670886076, val_acc: 20.93, fidel_score: 21.38, acc_loss: 2.7151159546043298, grad_loss: None
2022-04-27 20:27:50,905 DEBUG epoch: 32, train_acc: 24.376977848101266, val_acc: 22.62, fidel_score: 22.28, acc_loss: 2.5948131144801274, grad_loss: None
2022-04-27 20:27:55,088 DEBUG epoch: 33, train_acc: 25.79113924050633, val_acc: 24.12, fidel_score: 24.03, acc_loss: 2.5595787295812293, grad_loss: None
2022-04-27 20:27:59,188 DEBUG epoch: 34, train_acc: 27.45253164556962, val_acc: 24.0, fidel_score: 23.92, acc_loss: 2.5325666409504564, grad_loss: None
2022-04-27 20:28:03,353 DEBUG epoch: 35, train_acc: 28.25356012658228, val_acc: 26.55, fidel_score: 26.86, acc_loss: 2.4658348530153686, grad_loss: None
2022-04-27 20:28:07,691 DEBUG epoch: 36, train_acc: 28.78757911392405, val_acc: 26.53, fidel_score: 26.67, acc_loss: 2.4285762460925913, grad_loss: None
2022-04-27 20:28:11,755 DEBUG epoch: 37, train_acc: 30.092958860759495, val_acc: 26.67, fidel_score: 26.74, acc_loss: 2.3964306538618065, grad_loss: None
2022-04-27 20:28:16,202 DEBUG epoch: 38, train_acc: 31.991693037974684, val_acc: 29.27, fidel_score: 29.64, acc_loss: 2.3110889890525916, grad_loss: None
2022-04-27 20:28:20,521 DEBUG epoch: 39, train_acc: 33.22784810126582, val_acc: 29.62, fidel_score: 30.0, acc_loss: 2.265247280084634, grad_loss: None
2022-04-27 20:28:24,557 DEBUG epoch: 40, train_acc: 35.96716772151899, val_acc: 30.33, fidel_score: 30.13, acc_loss: 2.185695201535768, grad_loss: None
2022-04-27 20:28:28,838 DEBUG epoch: 41, train_acc: 36.342958860759495, val_acc: 31.92, fidel_score: 31.9, acc_loss: 2.1440195237533954, grad_loss: None
2022-04-27 20:28:33,078 DEBUG epoch: 42, train_acc: 39.05261075949367, val_acc: 32.4, fidel_score: 32.44, acc_loss: 2.070991372760338, grad_loss: None
2022-04-27 20:28:37,173 DEBUG epoch: 43, train_acc: 38.95371835443038, val_acc: 32.96, fidel_score: 33.19, acc_loss: 2.077627151827269, grad_loss: None
2022-04-27 20:28:41,852 DEBUG epoch: 44, train_acc: 40.714003164556964, val_acc: 33.52, fidel_score: 33.76, acc_loss: 1.9917850373666497, grad_loss: None
2022-04-27 20:28:46,241 DEBUG epoch: 45, train_acc: 42.81052215189873, val_acc: 32.87, fidel_score: 33.32, acc_loss: 1.9317196501961238, grad_loss: None
2022-04-27 20:28:50,297 DEBUG epoch: 46, train_acc: 43.59177215189873, val_acc: 34.28, fidel_score: 34.6, acc_loss: 1.8972179965127873, grad_loss: None
2022-04-27 20:28:54,575 DEBUG epoch: 47, train_acc: 44.31368670886076, val_acc: 34.84, fidel_score: 35.24, acc_loss: 1.8783398187613185, grad_loss: None
2022-04-27 20:28:58,886 DEBUG epoch: 48, train_acc: 46.43987341772152, val_acc: 35.27, fidel_score: 35.89, acc_loss: 1.8007796550098853, grad_loss: None
2022-04-27 20:29:02,885 DEBUG epoch: 49, train_acc: 46.68710443037975, val_acc: 36.72, fidel_score: 37.3, acc_loss: 1.7902205141284797, grad_loss: None
2022-04-27 20:29:07,079 DEBUG epoch: 50, train_acc: 47.87381329113924, val_acc: 36.46, fidel_score: 37.35, acc_loss: 1.7540487005740781, grad_loss: None
2022-04-27 20:29:11,353 DEBUG epoch: 51, train_acc: 49.53520569620253, val_acc: 38.43, fidel_score: 39.19, acc_loss: 1.6953103134903726, grad_loss: None
2022-04-27 20:29:15,472 DEBUG epoch: 52, train_acc: 51.424050632911396, val_acc: 37.37, fidel_score: 37.56, acc_loss: 1.6120369328728206, grad_loss: None
2022-04-27 20:29:20,034 DEBUG epoch: 53, train_acc: 51.157041139240505, val_acc: 38.12, fidel_score: 38.52, acc_loss: 1.638179219221767, grad_loss: None
2022-04-27 20:29:24,371 DEBUG epoch: 54, train_acc: 51.51305379746835, val_acc: 40.02, fidel_score: 40.76, acc_loss: 1.6016196419921103, grad_loss: None
2022-04-27 20:29:28,638 DEBUG epoch: 55, train_acc: 54.044699367088604, val_acc: 39.34, fidel_score: 39.98, acc_loss: 1.5161082306994667, grad_loss: None
2022-04-27 20:29:33,032 DEBUG epoch: 56, train_acc: 55.221518987341774, val_acc: 38.73, fidel_score: 38.76, acc_loss: 1.4777807857416854, grad_loss: None
2022-04-27 20:29:37,308 DEBUG epoch: 57, train_acc: 56.46756329113924, val_acc: 39.93, fidel_score: 40.3, acc_loss: 1.4446925739698773, grad_loss: None
2022-04-27 20:29:41,389 DEBUG epoch: 58, train_acc: 57.229034810126585, val_acc: 40.49, fidel_score: 41.55, acc_loss: 1.4317553692226168, grad_loss: None
2022-04-27 20:29:45,624 DEBUG epoch: 59, train_acc: 56.64556962025316, val_acc: 39.8, fidel_score: 40.61, acc_loss: 1.4652194403394867, grad_loss: None
2022-04-27 20:29:49,854 DEBUG epoch: 60, train_acc: 65.59533227848101, val_acc: 44.41, fidel_score: 45.21, acc_loss: 1.1186799723890763, grad_loss: None
2022-04-27 20:29:54,013 DEBUG epoch: 61, train_acc: 69.97626582278481, val_acc: 44.93, fidel_score: 45.81, acc_loss: 0.9607221755800368, grad_loss: None
2022-04-27 20:29:58,600 DEBUG epoch: 62, train_acc: 71.41020569620254, val_acc: 45.46, fidel_score: 46.17, acc_loss: 0.9066544084609309, grad_loss: None
2022-04-27 20:30:03,033 DEBUG epoch: 63, train_acc: 71.78599683544304, val_acc: 45.1, fidel_score: 46.2, acc_loss: 0.8863530475882035, grad_loss: None
2022-04-27 20:30:07,109 DEBUG epoch: 64, train_acc: 74.64398734177215, val_acc: 44.91, fidel_score: 45.81, acc_loss: 0.7911521418939663, grad_loss: None
2022-04-27 20:30:11,431 DEBUG epoch: 65, train_acc: 74.74287974683544, val_acc: 45.4, fidel_score: 46.23, acc_loss: 0.7841715556156786, grad_loss: None
2022-04-27 20:30:15,681 DEBUG epoch: 66, train_acc: 75.79113924050633, val_acc: 45.38, fidel_score: 46.38, acc_loss: 0.7458046735087528, grad_loss: None
2022-04-27 20:30:19,888 DEBUG epoch: 67, train_acc: 77.43275316455696, val_acc: 45.38, fidel_score: 46.44, acc_loss: 0.696037708958493, grad_loss: None
2022-04-27 20:30:24,335 DEBUG epoch: 68, train_acc: 77.4129746835443, val_acc: 45.3, fidel_score: 46.39, acc_loss: 0.6884881729566599, grad_loss: None
2022-04-27 20:30:28,539 DEBUG epoch: 69, train_acc: 78.2238924050633, val_acc: 45.63, fidel_score: 46.56, acc_loss: 0.6817437734784959, grad_loss: None
2022-04-27 20:30:32,662 DEBUG epoch: 70, train_acc: 79.17325949367088, val_acc: 45.51, fidel_score: 46.26, acc_loss: 0.6441209493558618, grad_loss: None
2022-04-27 20:30:36,900 DEBUG epoch: 71, train_acc: 78.42167721518987, val_acc: 45.88, fidel_score: 46.66, acc_loss: 0.6566662660127953, grad_loss: None
2022-04-27 20:30:40,956 DEBUG epoch: 72, train_acc: 80.62697784810126, val_acc: 46.03, fidel_score: 46.68, acc_loss: 0.5974949266337142, grad_loss: None
2022-04-27 20:30:45,189 DEBUG epoch: 73, train_acc: 80.52808544303798, val_acc: 45.45, fidel_score: 46.46, acc_loss: 0.5931019994276988, grad_loss: None
2022-04-27 20:30:49,677 DEBUG epoch: 74, train_acc: 81.54667721518987, val_acc: 45.63, fidel_score: 45.99, acc_loss: 0.5709320601028732, grad_loss: None
2022-04-27 20:30:53,982 DEBUG epoch: 75, train_acc: 81.29944620253164, val_acc: 45.25, fidel_score: 46.29, acc_loss: 0.5776438071757932, grad_loss: None
2022-04-27 20:30:58,243 DEBUG epoch: 76, train_acc: 82.01147151898734, val_acc: 45.49, fidel_score: 46.49, acc_loss: 0.5519355301615558, grad_loss: None
2022-04-27 20:31:02,695 DEBUG epoch: 77, train_acc: 82.45648734177215, val_acc: 45.9, fidel_score: 47.04, acc_loss: 0.5357992618898803, grad_loss: None
2022-04-27 20:31:06,677 DEBUG epoch: 78, train_acc: 83.25751582278481, val_acc: 45.73, fidel_score: 46.94, acc_loss: 0.505363857067084, grad_loss: None
2022-04-27 20:31:10,876 DEBUG epoch: 79, train_acc: 83.36629746835443, val_acc: 44.96, fidel_score: 45.79, acc_loss: 0.5166382925419868, grad_loss: None
2022-04-27 20:31:15,198 DEBUG epoch: 80, train_acc: 83.00039556962025, val_acc: 45.47, fidel_score: 46.4, acc_loss: 0.5346610225454161, grad_loss: None
2022-04-27 20:31:18,362 DEBUG epoch: 81, train_acc: 83.64319620253164, val_acc: 45.55, fidel_score: 46.23, acc_loss: 0.5124843226203436, grad_loss: None
2022-04-27 20:31:21,506 DEBUG epoch: 82, train_acc: 83.31685126582279, val_acc: 45.61, fidel_score: 46.7, acc_loss: 0.5308829974147338, grad_loss: None
2022-04-27 20:31:24,937 DEBUG epoch: 83, train_acc: 84.62223101265823, val_acc: 45.25, fidel_score: 46.59, acc_loss: 0.4865588579751268, grad_loss: None
2022-04-27 20:31:30,027 DEBUG epoch: 84, train_acc: 85.0573575949367, val_acc: 45.63, fidel_score: 46.95, acc_loss: 0.4647528302820423, grad_loss: None
2022-04-27 20:31:35,226 DEBUG epoch: 85, train_acc: 86.46162974683544, val_acc: 46.87, fidel_score: 47.67, acc_loss: 0.4274422930011266, grad_loss: None
2022-04-27 20:31:39,846 DEBUG epoch: 86, train_acc: 85.96716772151899, val_acc: 45.56, fidel_score: 46.54, acc_loss: 0.44479892318007314, grad_loss: None
2022-04-27 20:31:43,994 DEBUG epoch: 87, train_acc: 86.08583860759494, val_acc: 46.04, fidel_score: 46.8, acc_loss: 0.45320148973525326, grad_loss: None
2022-04-27 20:31:47,965 DEBUG epoch: 88, train_acc: 86.6198575949367, val_acc: 46.19, fidel_score: 47.1, acc_loss: 0.43491597492483597, grad_loss: None
2022-04-27 20:31:52,011 DEBUG epoch: 89, train_acc: 86.83742088607595, val_acc: 46.08, fidel_score: 46.52, acc_loss: 0.4287936231003532, grad_loss: None
2022-04-27 20:31:56,137 DEBUG epoch: 90, train_acc: 85.75949367088607, val_acc: 46.18, fidel_score: 47.25, acc_loss: 0.45090451836586, grad_loss: None
2022-04-27 20:32:00,208 DEBUG epoch: 91, train_acc: 86.67919303797468, val_acc: 46.35, fidel_score: 47.37, acc_loss: 0.4244574625280839, grad_loss: None
2022-04-27 20:32:04,131 DEBUG epoch: 92, train_acc: 88.56803797468355, val_acc: 46.33, fidel_score: 47.41, acc_loss: 0.35324019740653945, grad_loss: None
2022-04-27 20:32:08,375 DEBUG epoch: 93, train_acc: 89.17128164556962, val_acc: 46.2, fidel_score: 47.11, acc_loss: 0.3386550802218763, grad_loss: None
2022-04-27 20:32:12,513 DEBUG epoch: 94, train_acc: 89.98219936708861, val_acc: 46.08, fidel_score: 46.93, acc_loss: 0.3205760655146611, grad_loss: None
2022-04-27 20:32:16,616 DEBUG epoch: 95, train_acc: 89.70530063291139, val_acc: 46.8, fidel_score: 47.34, acc_loss: 0.3312351439572588, grad_loss: None
2022-04-27 20:32:20,720 DEBUG epoch: 96, train_acc: 90.33821202531645, val_acc: 46.45, fidel_score: 47.19, acc_loss: 0.3052766436262976, grad_loss: None
2022-04-27 20:32:25,207 DEBUG epoch: 97, train_acc: 90.39754746835443, val_acc: 45.84, fidel_score: 46.46, acc_loss: 0.31008878086186664, grad_loss: None
2022-04-27 20:32:29,508 DEBUG epoch: 98, train_acc: 88.88449367088607, val_acc: 46.24, fidel_score: 47.09, acc_loss: 0.36605100918419753, grad_loss: None
2022-04-27 20:32:33,802 DEBUG epoch: 99, train_acc: 89.73496835443038, val_acc: 46.11, fidel_score: 46.87, acc_loss: 0.3384669246741488, grad_loss: None
2022-04-27 20:32:38,124 DEBUG epoch: 100, train_acc: 90.70411392405063, val_acc: 46.61, fidel_score: 47.24, acc_loss: 0.30432142741695234, grad_loss: None
2022-04-27 20:32:41,967 DEBUG epoch: 101, train_acc: 89.31962025316456, val_acc: 46.06, fidel_score: 46.64, acc_loss: 0.3621337460943415, grad_loss: None
2022-04-27 20:32:46,111 DEBUG epoch: 102, train_acc: 89.70530063291139, val_acc: 46.76, fidel_score: 47.72, acc_loss: 0.34367909621966036, grad_loss: None
2022-04-27 20:32:50,369 DEBUG epoch: 103, train_acc: 89.83386075949367, val_acc: 47.03, fidel_score: 48.1, acc_loss: 0.34135528965086875, grad_loss: None
2022-04-27 20:32:54,384 DEBUG epoch: 104, train_acc: 89.72507911392405, val_acc: 46.46, fidel_score: 47.22, acc_loss: 0.3412667635498168, grad_loss: None
2022-04-27 20:32:58,498 DEBUG epoch: 105, train_acc: 89.10205696202532, val_acc: 46.28, fidel_score: 47.12, acc_loss: 0.36415928715392004, grad_loss: None
2022-04-27 20:33:02,849 DEBUG epoch: 106, train_acc: 89.22072784810126, val_acc: 46.11, fidel_score: 47.02, acc_loss: 0.37109278576283516, grad_loss: None
2022-04-27 20:33:07,253 DEBUG epoch: 107, train_acc: 89.25039556962025, val_acc: 46.59, fidel_score: 47.38, acc_loss: 0.3542145820735376, grad_loss: None
2022-04-27 20:33:11,414 DEBUG epoch: 108, train_acc: 91.36669303797468, val_acc: 47.01, fidel_score: 48.29, acc_loss: 0.27573757543216776, grad_loss: None
2022-04-27 20:33:15,416 DEBUG epoch: 109, train_acc: 91.96004746835443, val_acc: 46.72, fidel_score: 47.96, acc_loss: 0.27086114044053644, grad_loss: None
2022-04-27 20:33:19,632 DEBUG epoch: 110, train_acc: 90.28876582278481, val_acc: 46.72, fidel_score: 47.29, acc_loss: 0.3253446325093885, grad_loss: None
2022-04-27 20:33:23,856 DEBUG epoch: 111, train_acc: 91.46558544303798, val_acc: 46.61, fidel_score: 47.69, acc_loss: 0.28858035906583446, grad_loss: None
2022-04-27 20:33:27,682 DEBUG epoch: 112, train_acc: 92.53362341772151, val_acc: 46.48, fidel_score: 47.84, acc_loss: 0.2457314339242404, grad_loss: None
2022-04-27 20:33:31,944 DEBUG epoch: 113, train_acc: 92.5632911392405, val_acc: 46.44, fidel_score: 47.54, acc_loss: 0.23797601338806032, grad_loss: None
2022-04-27 20:33:36,189 DEBUG epoch: 114, train_acc: 92.81052215189874, val_acc: 46.34, fidel_score: 47.24, acc_loss: 0.23337514651349828, grad_loss: None
2022-04-27 20:33:40,291 DEBUG epoch: 115, train_acc: 91.92049050632912, val_acc: 46.22, fidel_score: 47.48, acc_loss: 0.2684723825394353, grad_loss: None
2022-04-27 20:33:44,500 DEBUG epoch: 116, train_acc: 92.65229430379746, val_acc: 46.9, fidel_score: 48.03, acc_loss: 0.25310375258515155, grad_loss: None
2022-04-27 20:33:48,854 DEBUG epoch: 117, train_acc: 92.6621835443038, val_acc: 46.35, fidel_score: 47.78, acc_loss: 0.251390446684783, grad_loss: None
2022-04-27 20:33:53,244 DEBUG epoch: 118, train_acc: 91.67325949367088, val_acc: 46.6, fidel_score: 47.65, acc_loss: 0.28871073375774337, grad_loss: None
2022-04-27 20:33:57,585 DEBUG epoch: 119, train_acc: 92.45450949367088, val_acc: 46.5, fidel_score: 47.91, acc_loss: 0.25596749858011175, grad_loss: None
2022-04-27 20:34:01,843 DEBUG epoch: 120, train_acc: 93.93789556962025, val_acc: 46.63, fidel_score: 48.04, acc_loss: 0.21416966060671624, grad_loss: None
2022-04-27 20:34:05,862 DEBUG epoch: 121, train_acc: 93.0676424050633, val_acc: 46.47, fidel_score: 47.89, acc_loss: 0.23059312923799588, grad_loss: None
2022-04-27 20:34:09,893 DEBUG epoch: 122, train_acc: 92.79074367088607, val_acc: 46.42, fidel_score: 47.67, acc_loss: 0.2350405587614337, grad_loss: None
2022-04-27 20:34:13,646 DEBUG epoch: 123, train_acc: 93.46321202531645, val_acc: 47.15, fidel_score: 48.6, acc_loss: 0.21358069753910922, grad_loss: None
2022-04-27 20:34:17,532 DEBUG epoch: 124, train_acc: 93.73022151898734, val_acc: 46.77, fidel_score: 47.85, acc_loss: 0.2149389724282524, grad_loss: None
2022-04-27 20:34:21,673 DEBUG epoch: 125, train_acc: 92.53362341772151, val_acc: 46.9, fidel_score: 48.01, acc_loss: 0.2588344627543341, grad_loss: None
2022-04-27 20:34:25,718 DEBUG epoch: 126, train_acc: 94.02689873417721, val_acc: 46.22, fidel_score: 47.38, acc_loss: 0.1944737343848506, grad_loss: None
2022-04-27 20:34:29,633 DEBUG epoch: 127, train_acc: 92.68196202531645, val_acc: 46.59, fidel_score: 47.75, acc_loss: 0.26546863221292255, grad_loss: None
2022-04-27 20:34:33,965 DEBUG epoch: 128, train_acc: 92.85996835443038, val_acc: 46.49, fidel_score: 47.93, acc_loss: 0.2374187101480327, grad_loss: None
2022-04-27 20:34:38,287 DEBUG epoch: 129, train_acc: 91.96004746835443, val_acc: 45.68, fidel_score: 47.23, acc_loss: 0.2941308576094953, grad_loss: None
2022-04-27 20:34:42,627 DEBUG epoch: 130, train_acc: 92.44462025316456, val_acc: 46.36, fidel_score: 47.93, acc_loss: 0.25336806127164935, grad_loss: None
2022-04-27 20:34:46,941 DEBUG epoch: 131, train_acc: 93.70055379746836, val_acc: 47.12, fidel_score: 48.22, acc_loss: 0.23637220782192447, grad_loss: None
2022-04-27 20:34:51,070 DEBUG epoch: 132, train_acc: 91.90071202531645, val_acc: 46.75, fidel_score: 48.04, acc_loss: 0.2762543232757834, grad_loss: None
2022-04-27 20:34:55,191 DEBUG epoch: 133, train_acc: 93.00830696202532, val_acc: 46.75, fidel_score: 48.03, acc_loss: 0.23488989415802533, grad_loss: None
2022-04-27 20:34:59,241 DEBUG epoch: 134, train_acc: 93.19620253164557, val_acc: 47.3, fidel_score: 48.51, acc_loss: 0.2325068540116654, grad_loss: None
2022-04-27 20:35:03,334 DEBUG epoch: 135, train_acc: 94.73892405063292, val_acc: 47.24, fidel_score: 48.38, acc_loss: 0.18518684625248366, grad_loss: None
2022-04-27 20:35:07,150 DEBUG epoch: 136, train_acc: 93.5818829113924, val_acc: 47.71, fidel_score: 48.49, acc_loss: 0.2233576865135869, grad_loss: None
2022-04-27 20:35:11,306 DEBUG epoch: 137, train_acc: 93.0676424050633, val_acc: 47.11, fidel_score: 48.13, acc_loss: 0.24147319642803336, grad_loss: None
2022-04-27 20:35:15,684 DEBUG epoch: 138, train_acc: 92.50395569620254, val_acc: 47.47, fidel_score: 48.56, acc_loss: 0.2637962097231346, grad_loss: None
2022-04-27 20:35:19,898 DEBUG epoch: 139, train_acc: 94.84770569620254, val_acc: 46.77, fidel_score: 48.21, acc_loss: 0.19465430962699878, grad_loss: None
2022-04-27 20:35:24,223 DEBUG epoch: 140, train_acc: 91.1689082278481, val_acc: 46.64, fidel_score: 47.68, acc_loss: 0.32936077998786034, grad_loss: None
2022-04-27 20:35:28,410 DEBUG epoch: 141, train_acc: 93.26542721518987, val_acc: 46.7, fidel_score: 47.56, acc_loss: 0.2266864351268056, grad_loss: None
2022-04-27 20:35:32,766 DEBUG epoch: 142, train_acc: 94.44224683544304, val_acc: 47.15, fidel_score: 48.76, acc_loss: 0.19103300458268274, grad_loss: None
2022-04-27 20:35:37,000 DEBUG epoch: 143, train_acc: 94.86748417721519, val_acc: 46.89, fidel_score: 48.32, acc_loss: 0.1751488057212739, grad_loss: None
2022-04-27 20:35:41,167 DEBUG epoch: 144, train_acc: 94.14556962025317, val_acc: 46.98, fidel_score: 48.3, acc_loss: 0.19661008783533604, grad_loss: None
2022-04-27 20:35:45,320 DEBUG epoch: 145, train_acc: 94.89715189873418, val_acc: 47.34, fidel_score: 48.36, acc_loss: 0.16767160441207735, grad_loss: None
2022-04-27 20:35:49,329 DEBUG epoch: 146, train_acc: 94.40268987341773, val_acc: 47.44, fidel_score: 48.87, acc_loss: 0.20174222661158706, grad_loss: None
2022-04-27 20:35:53,155 DEBUG epoch: 147, train_acc: 94.14556962025317, val_acc: 46.81, fidel_score: 48.3, acc_loss: 0.2069921905669985, grad_loss: None
2022-04-27 20:35:57,426 DEBUG epoch: 148, train_acc: 95.26305379746836, val_acc: 47.77, fidel_score: 49.01, acc_loss: 0.17095109452552434, grad_loss: None
2022-04-27 20:36:01,483 DEBUG epoch: 149, train_acc: 94.72903481012658, val_acc: 47.31, fidel_score: 48.82, acc_loss: 0.19551678652627558, grad_loss: None
2022-04-27 20:36:05,632 DEBUG epoch: 150, train_acc: 96.36075949367088, val_acc: 48.43, fidel_score: 49.93, acc_loss: 0.13385401600146596, grad_loss: None
2022-04-27 20:36:09,943 DEBUG epoch: 151, train_acc: 96.98378164556962, val_acc: 48.85, fidel_score: 50.53, acc_loss: 0.10407038766277742, grad_loss: None
2022-04-27 20:36:14,474 DEBUG epoch: 152, train_acc: 97.63647151898734, val_acc: 48.97, fidel_score: 50.3, acc_loss: 0.08224516710903071, grad_loss: None
2022-04-27 20:36:18,610 DEBUG epoch: 153, train_acc: 97.3496835443038, val_acc: 49.1, fidel_score: 50.46, acc_loss: 0.09188468846244903, grad_loss: None
2022-04-27 20:36:22,637 DEBUG epoch: 154, train_acc: 98.05181962025317, val_acc: 48.9, fidel_score: 50.68, acc_loss: 0.07281192803543203, grad_loss: None
2022-04-27 20:36:26,845 DEBUG epoch: 155, train_acc: 98.02215189873418, val_acc: 49.02, fidel_score: 50.61, acc_loss: 0.07442587265108205, grad_loss: None
2022-04-27 20:36:31,042 DEBUG epoch: 156, train_acc: 98.0617088607595, val_acc: 49.11, fidel_score: 50.6, acc_loss: 0.06913792501097615, grad_loss: None
2022-04-27 20:36:34,946 DEBUG epoch: 157, train_acc: 98.10126582278481, val_acc: 48.97, fidel_score: 50.22, acc_loss: 0.07333424995075676, grad_loss: None
2022-04-27 20:36:39,106 DEBUG epoch: 158, train_acc: 98.48694620253164, val_acc: 49.31, fidel_score: 50.68, acc_loss: 0.05714763894299917, grad_loss: None
2022-04-27 20:36:43,235 DEBUG epoch: 159, train_acc: 98.62539556962025, val_acc: 49.26, fidel_score: 50.92, acc_loss: 0.05398381194925007, grad_loss: None
2022-04-27 20:36:47,350 DEBUG epoch: 160, train_acc: 98.27927215189874, val_acc: 48.91, fidel_score: 50.4, acc_loss: 0.06851529726121999, grad_loss: None
2022-04-27 20:36:51,274 DEBUG epoch: 161, train_acc: 98.21993670886076, val_acc: 49.08, fidel_score: 50.63, acc_loss: 0.06394180407912671, grad_loss: None
2022-04-27 20:36:55,467 DEBUG epoch: 162, train_acc: 98.24960443037975, val_acc: 49.21, fidel_score: 50.72, acc_loss: 0.06746745446720455, grad_loss: None
2022-04-27 20:37:00,119 DEBUG epoch: 163, train_acc: 98.64517405063292, val_acc: 49.29, fidel_score: 50.79, acc_loss: 0.05728384969119407, grad_loss: None
2022-04-27 20:37:04,499 DEBUG epoch: 164, train_acc: 98.45727848101266, val_acc: 48.97, fidel_score: 50.41, acc_loss: 0.06262664963738827, grad_loss: None
2022-04-27 20:37:08,663 DEBUG epoch: 165, train_acc: 98.63528481012658, val_acc: 49.14, fidel_score: 50.57, acc_loss: 0.05405809871758087, grad_loss: None
2022-04-27 20:37:12,646 DEBUG epoch: 166, train_acc: 98.64517405063292, val_acc: 48.78, fidel_score: 50.31, acc_loss: 0.05134443803159874, grad_loss: None
2022-04-27 20:37:16,614 DEBUG epoch: 167, train_acc: 98.69462025316456, val_acc: 49.22, fidel_score: 50.4, acc_loss: 0.056439262378630756, grad_loss: None
2022-04-27 20:37:20,232 DEBUG epoch: 168, train_acc: 98.63528481012658, val_acc: 49.31, fidel_score: 50.81, acc_loss: 0.05092467711884764, grad_loss: None
2022-04-27 20:37:23,613 DEBUG epoch: 169, train_acc: 99.09018987341773, val_acc: 49.28, fidel_score: 50.99, acc_loss: 0.038696793143790736, grad_loss: None
2022-04-27 20:37:27,507 DEBUG epoch: 170, train_acc: 98.72428797468355, val_acc: 49.36, fidel_score: 50.86, acc_loss: 0.04543146557068523, grad_loss: None
2022-04-27 20:37:32,108 DEBUG epoch: 171, train_acc: 98.76384493670886, val_acc: 49.54, fidel_score: 50.93, acc_loss: 0.05462356340847438, grad_loss: None
2022-04-27 20:37:36,381 DEBUG epoch: 172, train_acc: 98.71439873417721, val_acc: 49.29, fidel_score: 51.16, acc_loss: 0.044945049736224395, grad_loss: None
2022-04-27 20:37:40,447 DEBUG epoch: 173, train_acc: 98.63528481012658, val_acc: 49.04, fidel_score: 50.73, acc_loss: 0.054896557438364135, grad_loss: None
2022-04-27 20:37:44,780 DEBUG epoch: 174, train_acc: 98.48694620253164, val_acc: 48.77, fidel_score: 50.58, acc_loss: 0.056251725128887195, grad_loss: None
2022-04-27 20:37:48,819 DEBUG epoch: 175, train_acc: 98.7440664556962, val_acc: 48.88, fidel_score: 50.57, acc_loss: 0.04877828831984839, grad_loss: None
2022-04-27 20:37:52,962 DEBUG epoch: 176, train_acc: 98.6748417721519, val_acc: 49.24, fidel_score: 50.79, acc_loss: 0.04995103417365234, grad_loss: None
2022-04-27 20:37:57,333 DEBUG epoch: 177, train_acc: 98.9814082278481, val_acc: 49.18, fidel_score: 50.62, acc_loss: 0.04392589204296281, grad_loss: None
2022-04-27 20:38:01,755 DEBUG epoch: 178, train_acc: 98.89240506329114, val_acc: 48.85, fidel_score: 50.15, acc_loss: 0.04263754077019948, grad_loss: None
2022-04-27 20:38:05,981 DEBUG epoch: 179, train_acc: 98.8429588607595, val_acc: 49.62, fidel_score: 50.89, acc_loss: 0.04125859908453083, grad_loss: None
2022-04-27 20:38:10,173 DEBUG epoch: 180, train_acc: 98.72428797468355, val_acc: 49.19, fidel_score: 50.43, acc_loss: 0.048508781745228206, grad_loss: None
2022-04-27 20:38:14,264 DEBUG epoch: 181, train_acc: 99.00118670886076, val_acc: 49.22, fidel_score: 50.86, acc_loss: 0.041698430529265085, grad_loss: None
2022-04-27 20:38:18,469 DEBUG epoch: 182, train_acc: 99.07041139240506, val_acc: 49.31, fidel_score: 50.52, acc_loss: 0.03762992017584134, grad_loss: None
2022-04-27 20:38:22,696 DEBUG epoch: 183, train_acc: 98.95174050632912, val_acc: 48.94, fidel_score: 50.23, acc_loss: 0.04306849828461492, grad_loss: None
2022-04-27 20:38:26,612 DEBUG epoch: 184, train_acc: 98.79351265822785, val_acc: 48.94, fidel_score: 50.84, acc_loss: 0.04251480516329219, grad_loss: None
2022-04-27 20:38:30,640 DEBUG epoch: 185, train_acc: 98.6748417721519, val_acc: 49.63, fidel_score: 50.89, acc_loss: 0.04764313696400274, grad_loss: None
2022-04-27 20:38:34,746 DEBUG epoch: 186, train_acc: 98.65506329113924, val_acc: 49.65, fidel_score: 51.26, acc_loss: 0.04627143408914533, grad_loss: None
2022-04-27 20:38:38,919 DEBUG epoch: 187, train_acc: 98.87262658227849, val_acc: 49.77, fidel_score: 50.84, acc_loss: 0.0415041200415809, grad_loss: None
2022-04-27 20:38:42,856 DEBUG epoch: 188, train_acc: 98.9814082278481, val_acc: 49.54, fidel_score: 51.41, acc_loss: 0.03875933597571676, grad_loss: None
2022-04-27 20:38:47,261 DEBUG epoch: 189, train_acc: 98.95174050632912, val_acc: 49.64, fidel_score: 51.02, acc_loss: 0.03691190385695877, grad_loss: None
2022-04-27 20:38:51,805 DEBUG epoch: 190, train_acc: 98.95174050632912, val_acc: 49.32, fidel_score: 50.65, acc_loss: 0.03945162718455437, grad_loss: None
2022-04-27 20:38:56,196 DEBUG epoch: 191, train_acc: 99.29786392405063, val_acc: 49.81, fidel_score: 50.99, acc_loss: 0.03052754713151651, grad_loss: None
2022-04-27 20:39:00,212 DEBUG epoch: 192, train_acc: 98.90229430379746, val_acc: 49.8, fidel_score: 51.14, acc_loss: 0.03818570088029285, grad_loss: None
2022-04-27 20:39:04,211 DEBUG epoch: 193, train_acc: 99.1495253164557, val_acc: 49.35, fidel_score: 51.05, acc_loss: 0.03379018310622513, grad_loss: None
2022-04-27 20:39:08,225 DEBUG epoch: 194, train_acc: 99.13963607594937, val_acc: 49.56, fidel_score: 51.02, acc_loss: 0.032374420574618666, grad_loss: None
2022-04-27 20:39:12,266 DEBUG epoch: 195, train_acc: 99.02096518987342, val_acc: 49.82, fidel_score: 51.01, acc_loss: 0.04018011696848877, grad_loss: None
2022-04-27 20:39:16,377 DEBUG epoch: 196, train_acc: 99.03085443037975, val_acc: 49.38, fidel_score: 50.97, acc_loss: 0.036713537989962325, grad_loss: None
2022-04-27 20:39:20,777 DEBUG epoch: 197, train_acc: 99.00118670886076, val_acc: 49.17, fidel_score: 50.75, acc_loss: 0.037022111177020055, grad_loss: None
2022-04-27 20:39:25,287 DEBUG epoch: 198, train_acc: 99.21875, val_acc: 49.59, fidel_score: 51.08, acc_loss: 0.031728485628632425, grad_loss: None
2022-04-27 20:39:29,608 DEBUG epoch: 199, train_acc: 98.94185126582279, val_acc: 49.32, fidel_score: 50.94, acc_loss: 0.043294104800524216, grad_loss: None
2022-04-27 20:39:33,610 DEBUG epoch: 200, train_acc: 99.02096518987342, val_acc: 49.59, fidel_score: 50.95, acc_loss: 0.040380726149895144, grad_loss: None
2022-04-27 20:39:37,588 DEBUG epoch: 201, train_acc: 99.17919303797468, val_acc: 49.54, fidel_score: 50.94, acc_loss: 0.03224338889357787, grad_loss: None
2022-04-27 20:39:41,674 DEBUG epoch: 202, train_acc: 99.44620253164557, val_acc: 49.84, fidel_score: 51.21, acc_loss: 0.023652339395418574, grad_loss: None
2022-04-27 20:39:45,664 DEBUG epoch: 203, train_acc: 99.32753164556962, val_acc: 49.51, fidel_score: 51.36, acc_loss: 0.030010152089444898, grad_loss: None
2022-04-27 20:39:49,842 DEBUG epoch: 204, train_acc: 99.27808544303798, val_acc: 49.65, fidel_score: 51.14, acc_loss: 0.029298385941199486, grad_loss: None
2022-04-27 20:39:54,164 DEBUG epoch: 205, train_acc: 99.26819620253164, val_acc: 49.63, fidel_score: 51.07, acc_loss: 0.029832844940733304, grad_loss: None
2022-04-27 20:39:58,560 DEBUG epoch: 206, train_acc: 99.3176424050633, val_acc: 49.62, fidel_score: 50.95, acc_loss: 0.02774004008668133, grad_loss: None
2022-04-27 20:40:02,858 DEBUG epoch: 207, train_acc: 99.33742088607595, val_acc: 49.98, fidel_score: 50.97, acc_loss: 0.0288921673045364, grad_loss: None
2022-04-27 20:40:06,875 DEBUG epoch: 208, train_acc: 99.3176424050633, val_acc: 50.09, fidel_score: 51.34, acc_loss: 0.02812076731926844, grad_loss: None
2022-04-27 20:40:10,969 DEBUG epoch: 209, train_acc: 99.30775316455696, val_acc: 49.93, fidel_score: 51.21, acc_loss: 0.030263770457144967, grad_loss: None
2022-04-27 20:40:15,095 DEBUG epoch: 210, train_acc: 99.23852848101266, val_acc: 49.74, fidel_score: 51.0, acc_loss: 0.030983791916477908, grad_loss: None
2022-04-27 20:40:19,022 DEBUG epoch: 211, train_acc: 99.19897151898734, val_acc: 49.87, fidel_score: 51.34, acc_loss: 0.03082259190327759, grad_loss: None
2022-04-27 20:40:23,092 DEBUG epoch: 212, train_acc: 99.24841772151899, val_acc: 49.84, fidel_score: 51.36, acc_loss: 0.028302067419207547, grad_loss: None
2022-04-27 20:40:27,363 DEBUG epoch: 213, train_acc: 99.10007911392405, val_acc: 49.94, fidel_score: 51.25, acc_loss: 0.03255608882401374, grad_loss: None
2022-04-27 20:40:31,239 DEBUG epoch: 214, train_acc: 99.03085443037975, val_acc: 49.77, fidel_score: 51.01, acc_loss: 0.04460575657637342, grad_loss: None
2022-04-27 20:40:35,395 DEBUG epoch: 215, train_acc: 98.96162974683544, val_acc: 49.33, fidel_score: 50.85, acc_loss: 0.03854529630935079, grad_loss: None
2022-04-27 20:40:39,769 DEBUG epoch: 216, train_acc: 99.3868670886076, val_acc: 49.54, fidel_score: 51.2, acc_loss: 0.026236218105577216, grad_loss: None
2022-04-27 20:40:44,230 DEBUG epoch: 217, train_acc: 98.68473101265823, val_acc: 49.67, fidel_score: 51.11, acc_loss: 0.04302255914817694, grad_loss: None
2022-04-27 20:40:48,376 DEBUG epoch: 218, train_acc: 99.12974683544304, val_acc: 49.48, fidel_score: 51.4, acc_loss: 0.03164381342291643, grad_loss: None
2022-04-27 20:40:52,546 DEBUG epoch: 219, train_acc: 99.41653481012658, val_acc: 49.3, fidel_score: 51.13, acc_loss: 0.026982930046800947, grad_loss: None
2022-04-27 20:40:56,671 DEBUG epoch: 220, train_acc: 99.19897151898734, val_acc: 49.59, fidel_score: 50.94, acc_loss: 0.03014347979893224, grad_loss: None
2022-04-27 20:41:00,906 DEBUG epoch: 221, train_acc: 99.16930379746836, val_acc: 49.38, fidel_score: 51.18, acc_loss: 0.033393825189198686, grad_loss: None
2022-04-27 20:41:05,024 DEBUG epoch: 222, train_acc: 99.32753164556962, val_acc: 49.51, fidel_score: 50.62, acc_loss: 0.028585934763939322, grad_loss: None
2022-04-27 20:41:08,974 DEBUG epoch: 223, train_acc: 99.03085443037975, val_acc: 49.84, fidel_score: 51.3, acc_loss: 0.0350629319790515, grad_loss: None
2022-04-27 20:41:12,935 DEBUG epoch: 224, train_acc: 99.1198575949367, val_acc: 49.41, fidel_score: 51.37, acc_loss: 0.042305763315739514, grad_loss: None
2022-04-27 20:41:16,695 DEBUG epoch: 225, train_acc: 98.8429588607595, val_acc: 48.84, fidel_score: 50.66, acc_loss: 0.04706920082739825, grad_loss: None
2022-04-27 20:41:20,641 DEBUG epoch: 226, train_acc: 99.19897151898734, val_acc: 49.0, fidel_score: 50.65, acc_loss: 0.033849626844395186, grad_loss: None
2022-04-27 20:41:24,630 DEBUG epoch: 227, train_acc: 99.25830696202532, val_acc: 49.21, fidel_score: 50.76, acc_loss: 0.032251859726266395, grad_loss: None
2022-04-27 20:41:28,535 DEBUG epoch: 228, train_acc: 99.17919303797468, val_acc: 49.16, fidel_score: 50.88, acc_loss: 0.03144957168805826, grad_loss: None
2022-04-27 20:41:32,631 DEBUG epoch: 229, train_acc: 99.04074367088607, val_acc: 48.97, fidel_score: 50.49, acc_loss: 0.03611824940890074, grad_loss: None
2022-04-27 20:41:37,117 DEBUG epoch: 230, train_acc: 99.23852848101266, val_acc: 49.38, fidel_score: 50.82, acc_loss: 0.03474107372303364, grad_loss: None
2022-04-27 20:41:41,545 DEBUG epoch: 231, train_acc: 99.35719936708861, val_acc: 49.73, fidel_score: 51.12, acc_loss: 0.028881686969506968, grad_loss: None
2022-04-27 20:41:45,776 DEBUG epoch: 232, train_acc: 99.08030063291139, val_acc: 49.48, fidel_score: 50.81, acc_loss: 0.03691465206019863, grad_loss: None
2022-04-27 20:41:49,828 DEBUG epoch: 233, train_acc: 99.16930379746836, val_acc: 49.87, fidel_score: 51.45, acc_loss: 0.03079719313337833, grad_loss: None
2022-04-27 20:41:53,978 DEBUG epoch: 234, train_acc: 99.1198575949367, val_acc: 49.85, fidel_score: 51.25, acc_loss: 0.033871019182467384, grad_loss: None
2022-04-27 20:41:57,890 DEBUG epoch: 235, train_acc: 98.85284810126582, val_acc: 49.69, fidel_score: 51.13, acc_loss: 0.04976812876242248, grad_loss: None
2022-04-27 20:42:01,840 DEBUG epoch: 236, train_acc: 99.1495253164557, val_acc: 48.96, fidel_score: 50.53, acc_loss: 0.03266981179248306, grad_loss: None
2022-04-27 20:42:06,126 DEBUG epoch: 237, train_acc: 99.36708860759494, val_acc: 49.33, fidel_score: 50.86, acc_loss: 0.025389161632879624, grad_loss: None
2022-04-27 20:42:10,691 DEBUG epoch: 238, train_acc: 99.24841772151899, val_acc: 49.46, fidel_score: 51.02, acc_loss: 0.030845696967142292, grad_loss: None
2022-04-27 20:42:15,034 DEBUG epoch: 239, train_acc: 99.22863924050633, val_acc: 49.27, fidel_score: 50.77, acc_loss: 0.029875846444098634, grad_loss: None
2022-04-27 20:42:19,072 DEBUG epoch: 240, train_acc: 99.39675632911393, val_acc: 49.14, fidel_score: 51.16, acc_loss: 0.028775591473979286, grad_loss: None
2022-04-27 20:42:23,184 DEBUG epoch: 241, train_acc: 99.30775316455696, val_acc: 49.49, fidel_score: 50.8, acc_loss: 0.02877894969939997, grad_loss: None
2022-04-27 20:42:27,434 DEBUG epoch: 242, train_acc: 99.46598101265823, val_acc: 49.63, fidel_score: 51.19, acc_loss: 0.022862965279388466, grad_loss: None
2022-04-27 20:42:31,299 DEBUG epoch: 243, train_acc: 99.3868670886076, val_acc: 49.61, fidel_score: 51.44, acc_loss: 0.0237798130528742, grad_loss: None
2022-04-27 20:42:35,189 DEBUG epoch: 244, train_acc: 99.48575949367088, val_acc: 49.48, fidel_score: 51.1, acc_loss: 0.022551422626298816, grad_loss: None
2022-04-27 20:42:39,200 DEBUG epoch: 245, train_acc: 99.42642405063292, val_acc: 49.52, fidel_score: 51.41, acc_loss: 0.0235509626372847, grad_loss: None
2022-04-27 20:42:43,408 DEBUG epoch: 246, train_acc: 99.44620253164557, val_acc: 49.85, fidel_score: 51.56, acc_loss: 0.023990122949162238, grad_loss: None
2022-04-27 20:42:47,307 DEBUG epoch: 247, train_acc: 99.33742088607595, val_acc: 49.7, fidel_score: 51.28, acc_loss: 0.03101356003339155, grad_loss: None
2022-04-27 20:42:51,565 DEBUG epoch: 248, train_acc: 99.58465189873418, val_acc: 49.17, fidel_score: 51.14, acc_loss: 0.020586317101540633, grad_loss: None
2022-04-27 20:42:56,083 DEBUG epoch: 249, train_acc: 99.18908227848101, val_acc: 49.62, fidel_score: 51.4, acc_loss: 0.028411745845304825, grad_loss: None
2022-04-27 20:43:00,373 DEBUG epoch: 250, train_acc: 99.41653481012658, val_acc: 49.76, fidel_score: 51.54, acc_loss: 0.028462870022918606, grad_loss: None
2022-04-27 20:43:04,518 DEBUG epoch: 251, train_acc: 99.57476265822785, val_acc: 49.54, fidel_score: 51.17, acc_loss: 0.01907039283114615, grad_loss: None
2022-04-27 20:43:08,540 DEBUG epoch: 252, train_acc: 99.37697784810126, val_acc: 49.6, fidel_score: 51.42, acc_loss: 0.022920916661549405, grad_loss: None
2022-04-27 20:43:12,834 DEBUG epoch: 253, train_acc: 99.53520569620254, val_acc: 49.58, fidel_score: 51.55, acc_loss: 0.02139738079490541, grad_loss: None
2022-04-27 20:43:17,234 DEBUG epoch: 254, train_acc: 99.53520569620254, val_acc: 49.46, fidel_score: 51.46, acc_loss: 0.020132234499825142, grad_loss: None
2022-04-27 20:43:21,670 DEBUG epoch: 255, train_acc: 99.5253164556962, val_acc: 49.65, fidel_score: 51.19, acc_loss: 0.02207692355931371, grad_loss: None
2022-04-27 20:43:25,913 DEBUG epoch: 256, train_acc: 99.37697784810126, val_acc: 50.05, fidel_score: 51.37, acc_loss: 0.02212585727212644, grad_loss: None
2022-04-27 20:43:30,051 DEBUG epoch: 257, train_acc: 99.39675632911393, val_acc: 49.57, fidel_score: 51.34, acc_loss: 0.026010985551048305, grad_loss: None
2022-04-27 20:43:34,138 DEBUG epoch: 258, train_acc: 99.6242088607595, val_acc: 49.47, fidel_score: 51.0, acc_loss: 0.01714407793199054, grad_loss: None
2022-04-27 20:43:38,559 DEBUG epoch: 259, train_acc: 99.54509493670886, val_acc: 49.47, fidel_score: 50.83, acc_loss: 0.020765317197228912, grad_loss: None
2022-04-27 20:43:43,048 DEBUG epoch: 260, train_acc: 99.53520569620254, val_acc: 49.8, fidel_score: 51.55, acc_loss: 0.020614479804010707, grad_loss: None
2022-04-27 20:43:47,408 DEBUG epoch: 261, train_acc: 99.66376582278481, val_acc: 49.83, fidel_score: 51.48, acc_loss: 0.01825310997488095, grad_loss: None
2022-04-27 20:43:51,612 DEBUG epoch: 262, train_acc: 99.63409810126582, val_acc: 49.77, fidel_score: 51.73, acc_loss: 0.018791968465629447, grad_loss: None
2022-04-27 20:43:55,676 DEBUG epoch: 263, train_acc: 99.61431962025317, val_acc: 49.8, fidel_score: 51.78, acc_loss: 0.018324815335129446, grad_loss: None
2022-04-27 20:43:59,896 DEBUG epoch: 264, train_acc: 99.4560917721519, val_acc: 49.7, fidel_score: 51.66, acc_loss: 0.020975506121787845, grad_loss: None
2022-04-27 20:44:04,125 DEBUG epoch: 265, train_acc: 99.49564873417721, val_acc: 50.12, fidel_score: 51.6, acc_loss: 0.022602399044870575, grad_loss: None
2022-04-27 20:44:08,092 DEBUG epoch: 266, train_acc: 99.48575949367088, val_acc: 49.99, fidel_score: 51.66, acc_loss: 0.02541142181917742, grad_loss: None
2022-04-27 20:44:12,077 DEBUG epoch: 267, train_acc: 99.46598101265823, val_acc: 49.63, fidel_score: 51.36, acc_loss: 0.020344545283720275, grad_loss: None
2022-04-27 20:44:16,157 DEBUG epoch: 268, train_acc: 99.4560917721519, val_acc: 49.96, fidel_score: 51.26, acc_loss: 0.02106214844609929, grad_loss: None
2022-04-27 20:44:20,012 DEBUG epoch: 269, train_acc: 99.4560917721519, val_acc: 50.37, fidel_score: 52.31, acc_loss: 0.026326481191017017, grad_loss: None
2022-04-27 20:44:24,460 DEBUG epoch: 270, train_acc: 99.35719936708861, val_acc: 49.86, fidel_score: 51.54, acc_loss: 0.030630388957318625, grad_loss: None
2022-04-27 20:44:29,014 DEBUG epoch: 271, train_acc: 99.68354430379746, val_acc: 49.79, fidel_score: 51.77, acc_loss: 0.014475032996645645, grad_loss: None
2022-04-27 20:44:33,410 DEBUG epoch: 272, train_acc: 99.50553797468355, val_acc: 49.98, fidel_score: 51.54, acc_loss: 0.020658364584315803, grad_loss: None
2022-04-27 20:44:37,689 DEBUG epoch: 273, train_acc: 99.44620253164557, val_acc: 49.92, fidel_score: 51.53, acc_loss: 0.021598101970798606, grad_loss: None
2022-04-27 20:44:41,590 DEBUG epoch: 274, train_acc: 99.21875, val_acc: 49.58, fidel_score: 51.22, acc_loss: 0.03260785426732294, grad_loss: None
2022-04-27 20:44:45,652 DEBUG epoch: 275, train_acc: 99.47587025316456, val_acc: 50.02, fidel_score: 51.67, acc_loss: 0.020285654807156776, grad_loss: None
2022-04-27 20:44:49,850 DEBUG epoch: 276, train_acc: 99.60443037974683, val_acc: 49.73, fidel_score: 51.7, acc_loss: 0.017137874020970886, grad_loss: None
2022-04-27 20:44:53,950 DEBUG epoch: 277, train_acc: 99.2879746835443, val_acc: 49.68, fidel_score: 51.68, acc_loss: 0.025702951735333553, grad_loss: None
2022-04-27 20:44:58,096 DEBUG epoch: 278, train_acc: 99.61431962025317, val_acc: 50.02, fidel_score: 51.91, acc_loss: 0.017546068396584333, grad_loss: None
2022-04-27 20:45:02,520 DEBUG epoch: 279, train_acc: 99.53520569620254, val_acc: 50.27, fidel_score: 51.63, acc_loss: 0.018919307700228653, grad_loss: None
2022-04-27 20:45:06,914 DEBUG epoch: 280, train_acc: 99.30775316455696, val_acc: 50.26, fidel_score: 51.74, acc_loss: 0.02414905766756097, grad_loss: None
2022-04-27 20:45:11,152 DEBUG epoch: 281, train_acc: 99.66376582278481, val_acc: 50.04, fidel_score: 51.54, acc_loss: 0.016266346440497268, grad_loss: None
2022-04-27 20:45:15,134 DEBUG epoch: 282, train_acc: 99.5945411392405, val_acc: 50.03, fidel_score: 51.9, acc_loss: 0.01979978797851201, grad_loss: None
2022-04-27 20:45:19,322 DEBUG epoch: 283, train_acc: 99.32753164556962, val_acc: 49.85, fidel_score: 51.44, acc_loss: 0.02497156713116631, grad_loss: None
2022-04-27 20:45:23,656 DEBUG epoch: 284, train_acc: 99.33742088607595, val_acc: 49.71, fidel_score: 51.66, acc_loss: 0.023998400323163672, grad_loss: None
2022-04-27 20:45:27,790 DEBUG epoch: 285, train_acc: 99.47587025316456, val_acc: 50.4, fidel_score: 52.09, acc_loss: 0.02127812200084423, grad_loss: None
2022-04-27 20:45:31,870 DEBUG epoch: 286, train_acc: 99.56487341772151, val_acc: 49.67, fidel_score: 51.5, acc_loss: 0.01879458916904051, grad_loss: None
2022-04-27 20:45:36,133 DEBUG epoch: 287, train_acc: 99.63409810126582, val_acc: 49.95, fidel_score: 51.99, acc_loss: 0.016747789687323798, grad_loss: None
2022-04-27 20:45:40,596 DEBUG epoch: 288, train_acc: 99.7626582278481, val_acc: 49.68, fidel_score: 51.19, acc_loss: 0.01417235696181372, grad_loss: None
2022-04-27 20:45:44,850 DEBUG epoch: 289, train_acc: 99.27808544303798, val_acc: 50.24, fidel_score: 51.75, acc_loss: 0.02813161939936631, grad_loss: None
2022-04-27 20:45:48,798 DEBUG epoch: 290, train_acc: 99.61431962025317, val_acc: 49.99, fidel_score: 51.62, acc_loss: 0.017916242471200567, grad_loss: None
2022-04-27 20:45:52,768 DEBUG epoch: 291, train_acc: 99.68354430379746, val_acc: 50.05, fidel_score: 51.82, acc_loss: 0.017515067149637433, grad_loss: None
2022-04-27 20:45:57,156 DEBUG epoch: 292, train_acc: 99.2879746835443, val_acc: 50.12, fidel_score: 51.79, acc_loss: 0.03154041397656444, grad_loss: None
2022-04-27 20:46:01,145 DEBUG epoch: 293, train_acc: 99.57476265822785, val_acc: 49.6, fidel_score: 51.26, acc_loss: 0.01854387383401111, grad_loss: None
2022-04-27 20:46:05,190 DEBUG epoch: 294, train_acc: 99.67365506329114, val_acc: 50.22, fidel_score: 51.94, acc_loss: 0.018479787169873148, grad_loss: None
2022-04-27 20:46:09,462 DEBUG epoch: 295, train_acc: 99.58465189873418, val_acc: 49.89, fidel_score: 51.42, acc_loss: 0.02092119011014134, grad_loss: None
2022-04-27 20:46:13,800 DEBUG epoch: 296, train_acc: 99.37697784810126, val_acc: 50.03, fidel_score: 51.8, acc_loss: 0.02515516807678851, grad_loss: None
2022-04-27 20:46:18,161 DEBUG epoch: 297, train_acc: 99.61431962025317, val_acc: 49.84, fidel_score: 51.76, acc_loss: 0.017350780898469347, grad_loss: None
2022-04-27 20:46:22,457 DEBUG epoch: 298, train_acc: 99.56487341772151, val_acc: 50.06, fidel_score: 51.6, acc_loss: 0.024679606137915127, grad_loss: None
2022-04-27 20:46:26,617 DEBUG epoch: 299, train_acc: 99.67365506329114, val_acc: 49.73, fidel_score: 51.47, acc_loss: 0.01602901111038614, grad_loss: None
2022-04-27 20:46:30,746 DEBUG epoch: 300, train_acc: 99.74287974683544, val_acc: 50.05, fidel_score: 51.65, acc_loss: 0.014448168195336114, grad_loss: None
2022-04-27 20:46:30,746 DEBUG load best stealed model.
2022-04-27 20:46:30,746 DEBUG Best perform model, val_acc: 50.4, fidel_score: 52.09, acc_loss: 0.02127812200084423
2022-04-27 20:46:30,748 DEBUG load cloest stealed model.
2022-04-27 20:46:30,748 DEBUG Closest perform model, val_acc: 50.37, fidel_score: 52.31, acc_loss: 0.02127812200084423
