2022-04-27 11:46:41,683 DEBUG Namespace(arch='vgg11_bn', attack_client=0, attack_epochs=300, attack_style='GM_option_CIFAR10', average_time=1, batch_size=128, bottleneck_option='None', cutlayer=4, data_proportion=1.0, dataset='cifar100', filename='ace_V2_epoch_vgg11_bn_cutlayer_4_client_1_seed125_dataset_cifar100_lr_0.05_200epoch', folder='saves/baseline', learning_rate=0.05, noniid_ratio=1.0, num_client=1, num_epochs='best', num_query=1000, random_seed=123, regularization='None', regularization_strength=0.0, scheme='V2_epoch', surrogate_arch='same', test_best=True, train_clas_layer=7.0)
2022-04-27 11:46:46,860 DEBUG Test (client-0):	Loss 1.2311 (1.7817)	Prec@1 75.000 (68.630)
2022-04-27 11:46:46,860 DEBUG  * Prec@1 68.630
2022-04-27 11:46:46,935 DEBUG 22
2022-04-27 11:46:46,935 DEBUG surrogate parameter has 22 trainable parameters!
2022-04-27 11:46:53,836 DEBUG epoch: 0, val_acc: 1.06, val_fidelity: 1.01
2022-04-27 11:46:58,856 DEBUG epoch: 1, train_acc: 0.0, val_acc: 0.89, fidel_score: 0.68, acc_loss: 0.0, grad_loss: 8.816350079789947
2022-04-27 11:47:03,805 DEBUG epoch: 2, train_acc: 0.0, val_acc: 1.11, fidel_score: 0.98, acc_loss: 0.0, grad_loss: 8.794707588002652
2022-04-27 11:47:08,924 DEBUG epoch: 3, train_acc: 0.0, val_acc: 1.19, fidel_score: 1.12, acc_loss: 0.0, grad_loss: 8.781958628304396
2022-04-27 11:47:14,035 DEBUG epoch: 4, train_acc: 0.0, val_acc: 1.25, fidel_score: 1.19, acc_loss: 0.0, grad_loss: 8.802566492104832
2022-04-27 11:47:19,008 DEBUG epoch: 5, train_acc: 0.0, val_acc: 1.17, fidel_score: 1.07, acc_loss: 0.0, grad_loss: 8.802284458015539
2022-04-27 11:47:24,216 DEBUG epoch: 6, train_acc: 0.0, val_acc: 1.03, fidel_score: 1.02, acc_loss: 0.0, grad_loss: 8.786526861070078
2022-04-27 11:47:28,922 DEBUG epoch: 7, train_acc: 0.0, val_acc: 0.81, fidel_score: 0.98, acc_loss: 0.0, grad_loss: 8.786706526068192
2022-04-27 11:47:34,100 DEBUG epoch: 8, train_acc: 0.0, val_acc: 1.03, fidel_score: 1.05, acc_loss: 0.0, grad_loss: 8.770368956312348
2022-04-27 11:47:38,981 DEBUG epoch: 9, train_acc: 0.0, val_acc: 0.9, fidel_score: 0.86, acc_loss: 0.0, grad_loss: 8.784813603268393
2022-04-27 11:47:44,087 DEBUG epoch: 10, train_acc: 0.0, val_acc: 1.02, fidel_score: 0.98, acc_loss: 0.0, grad_loss: 8.812425233140777
2022-04-27 11:47:48,815 DEBUG epoch: 11, train_acc: 0.0, val_acc: 1.07, fidel_score: 1.15, acc_loss: 0.0, grad_loss: 8.778997674773011
2022-04-27 11:47:53,970 DEBUG epoch: 12, train_acc: 0.0, val_acc: 0.89, fidel_score: 0.96, acc_loss: 0.0, grad_loss: 8.806258249886428
2022-04-27 11:47:58,656 DEBUG epoch: 13, train_acc: 0.0, val_acc: 0.94, fidel_score: 0.97, acc_loss: 0.0, grad_loss: 8.76860978331747
2022-04-27 11:48:03,839 DEBUG epoch: 14, train_acc: 0.0, val_acc: 0.96, fidel_score: 0.81, acc_loss: 0.0, grad_loss: 8.791717577584182
2022-04-27 11:48:08,815 DEBUG epoch: 15, train_acc: 0.0, val_acc: 0.9, fidel_score: 0.93, acc_loss: 0.0, grad_loss: 8.794198084481154
2022-04-27 11:48:13,805 DEBUG epoch: 16, train_acc: 0.0, val_acc: 1.06, fidel_score: 1.0, acc_loss: 0.0, grad_loss: 8.767757071724422
2022-04-27 11:48:18,688 DEBUG epoch: 17, train_acc: 0.0, val_acc: 1.21, fidel_score: 1.07, acc_loss: 0.0, grad_loss: 8.786030612414397
2022-04-27 11:48:23,706 DEBUG epoch: 18, train_acc: 0.0, val_acc: 1.07, fidel_score: 0.94, acc_loss: 0.0, grad_loss: 8.797220036953311
2022-04-27 11:48:28,772 DEBUG epoch: 19, train_acc: 0.0, val_acc: 0.97, fidel_score: 0.77, acc_loss: 0.0, grad_loss: 8.773656259609174
2022-04-27 11:48:33,578 DEBUG epoch: 20, train_acc: 0.0, val_acc: 1.06, fidel_score: 0.96, acc_loss: 0.0, grad_loss: 8.788083354129068
2022-04-27 11:48:38,749 DEBUG epoch: 21, train_acc: 0.0, val_acc: 0.96, fidel_score: 1.04, acc_loss: 0.0, grad_loss: 8.789413210711901
2022-04-27 11:48:43,532 DEBUG epoch: 22, train_acc: 0.0, val_acc: 0.96, fidel_score: 0.95, acc_loss: 0.0, grad_loss: 8.791002442565146
2022-04-27 11:48:48,717 DEBUG epoch: 23, train_acc: 0.0, val_acc: 1.01, fidel_score: 0.97, acc_loss: 0.0, grad_loss: 8.782095088234431
2022-04-27 11:48:53,665 DEBUG epoch: 24, train_acc: 0.0, val_acc: 1.0, fidel_score: 1.03, acc_loss: 0.0, grad_loss: 8.788966118534908
2022-04-27 11:48:58,860 DEBUG epoch: 25, train_acc: 0.0, val_acc: 1.0, fidel_score: 1.03, acc_loss: 0.0, grad_loss: 8.774451654168624
2022-04-27 11:49:03,691 DEBUG epoch: 26, train_acc: 0.0, val_acc: 1.0, fidel_score: 1.07, acc_loss: 0.0, grad_loss: 8.813003690936897
2022-04-27 11:49:08,902 DEBUG epoch: 27, train_acc: 0.0, val_acc: 1.0, fidel_score: 1.07, acc_loss: 0.0, grad_loss: 8.780618486525137
2022-04-27 11:49:13,832 DEBUG epoch: 28, train_acc: 0.0, val_acc: 1.04, fidel_score: 1.11, acc_loss: 0.0, grad_loss: 8.773328080961976
2022-04-27 11:49:19,121 DEBUG epoch: 29, train_acc: 0.0, val_acc: 1.09, fidel_score: 1.2, acc_loss: 0.0, grad_loss: 8.784840342364733
2022-04-27 11:49:23,930 DEBUG epoch: 30, train_acc: 0.0, val_acc: 1.07, fidel_score: 1.25, acc_loss: 0.0, grad_loss: 8.777082696745667
2022-04-27 11:49:29,151 DEBUG epoch: 31, train_acc: 0.0, val_acc: 1.11, fidel_score: 1.08, acc_loss: 0.0, grad_loss: 8.785820466053638
2022-04-27 11:49:34,044 DEBUG epoch: 32, train_acc: 0.0, val_acc: 1.0, fidel_score: 1.07, acc_loss: 0.0, grad_loss: 8.785021359407448
2022-04-27 11:49:39,388 DEBUG epoch: 33, train_acc: 0.0, val_acc: 1.0, fidel_score: 0.96, acc_loss: 0.0, grad_loss: 8.790042237390447
2022-04-27 11:49:44,371 DEBUG epoch: 34, train_acc: 0.0, val_acc: 1.0, fidel_score: 1.13, acc_loss: 0.0, grad_loss: 8.786329897144173
2022-04-27 11:49:49,694 DEBUG epoch: 35, train_acc: 0.0, val_acc: 1.09, fidel_score: 1.13, acc_loss: 0.0, grad_loss: 8.790408931201018
2022-04-27 11:49:54,575 DEBUG epoch: 36, train_acc: 0.0, val_acc: 1.09, fidel_score: 1.06, acc_loss: 0.0, grad_loss: 8.786598302141021
2022-04-27 11:49:59,752 DEBUG epoch: 37, train_acc: 0.0, val_acc: 0.99, fidel_score: 1.03, acc_loss: 0.0, grad_loss: 8.789938413644139
2022-04-27 11:50:04,650 DEBUG epoch: 38, train_acc: 0.0, val_acc: 1.15, fidel_score: 1.0, acc_loss: 0.0, grad_loss: 8.784766969801504
2022-04-27 11:50:09,819 DEBUG epoch: 39, train_acc: 0.0, val_acc: 1.0, fidel_score: 0.98, acc_loss: 0.0, grad_loss: 8.797501660600494
2022-04-27 11:50:14,947 DEBUG epoch: 40, train_acc: 0.0, val_acc: 1.08, fidel_score: 1.18, acc_loss: 0.0, grad_loss: 8.792750666413125
2022-04-27 11:50:19,888 DEBUG epoch: 41, train_acc: 0.0, val_acc: 1.0, fidel_score: 1.1, acc_loss: 0.0, grad_loss: 8.786023580575291
2022-04-27 11:50:24,917 DEBUG epoch: 42, train_acc: 0.0, val_acc: 1.0, fidel_score: 1.1, acc_loss: 0.0, grad_loss: 8.769090386885631
2022-04-27 11:50:29,871 DEBUG epoch: 43, train_acc: 0.0, val_acc: 0.92, fidel_score: 1.04, acc_loss: 0.0, grad_loss: 8.800932594492465
2022-04-27 11:50:34,894 DEBUG epoch: 44, train_acc: 0.0, val_acc: 0.98, fidel_score: 0.91, acc_loss: 0.0, grad_loss: 8.796083866795406
2022-04-27 11:50:39,865 DEBUG epoch: 45, train_acc: 0.0, val_acc: 0.99, fidel_score: 0.99, acc_loss: 0.0, grad_loss: 8.785706339003164
2022-04-27 11:50:45,017 DEBUG epoch: 46, train_acc: 0.0, val_acc: 0.96, fidel_score: 0.9, acc_loss: 0.0, grad_loss: 8.786173579059069
2022-04-27 11:50:49,572 DEBUG epoch: 47, train_acc: 0.0, val_acc: 0.99, fidel_score: 0.95, acc_loss: 0.0, grad_loss: 8.784682382511187
2022-04-27 11:50:54,727 DEBUG epoch: 48, train_acc: 0.0, val_acc: 0.95, fidel_score: 0.92, acc_loss: 0.0, grad_loss: 8.787358024452306
2022-04-27 11:50:59,653 DEBUG epoch: 49, train_acc: 0.0, val_acc: 0.99, fidel_score: 0.97, acc_loss: 0.0, grad_loss: 8.783092776431314
2022-04-27 11:51:04,910 DEBUG epoch: 50, train_acc: 0.0, val_acc: 0.98, fidel_score: 0.93, acc_loss: 0.0, grad_loss: 8.773618305785746
2022-04-27 11:51:09,681 DEBUG epoch: 51, train_acc: 0.0, val_acc: 0.99, fidel_score: 0.94, acc_loss: 0.0, grad_loss: 8.798899288418927
2022-04-27 11:51:14,881 DEBUG epoch: 52, train_acc: 0.0, val_acc: 1.02, fidel_score: 0.98, acc_loss: 0.0, grad_loss: 8.778668645062025
2022-04-27 11:51:19,641 DEBUG epoch: 53, train_acc: 0.0, val_acc: 1.01, fidel_score: 0.96, acc_loss: 0.0, grad_loss: 8.785871240157116
2022-04-27 11:51:24,840 DEBUG epoch: 54, train_acc: 0.0, val_acc: 1.04, fidel_score: 1.0, acc_loss: 0.0, grad_loss: 8.772864027868343
2022-04-27 11:51:29,693 DEBUG epoch: 55, train_acc: 0.0, val_acc: 1.06, fidel_score: 1.01, acc_loss: 0.0, grad_loss: 8.776677348945714
2022-04-27 11:51:34,881 DEBUG epoch: 56, train_acc: 0.0, val_acc: 1.01, fidel_score: 0.96, acc_loss: 0.0, grad_loss: 8.782756274259544
2022-04-27 11:51:39,826 DEBUG epoch: 57, train_acc: 0.0, val_acc: 1.0, fidel_score: 0.93, acc_loss: 0.0, grad_loss: 8.780056168761435
2022-04-27 11:51:45,130 DEBUG epoch: 58, train_acc: 0.0, val_acc: 1.04, fidel_score: 0.98, acc_loss: 0.0, grad_loss: 8.792127911048599
2022-04-27 11:51:50,141 DEBUG epoch: 59, train_acc: 0.0, val_acc: 0.96, fidel_score: 0.88, acc_loss: 0.0, grad_loss: 8.80185826217072
2022-04-27 11:51:55,453 DEBUG epoch: 60, train_acc: 0.0, val_acc: 0.98, fidel_score: 0.92, acc_loss: 0.0, grad_loss: 8.788971888868115
2022-04-27 11:52:00,480 DEBUG epoch: 61, train_acc: 0.0, val_acc: 0.96, fidel_score: 0.94, acc_loss: 0.0, grad_loss: 8.779563964167728
2022-04-27 11:52:05,795 DEBUG epoch: 62, train_acc: 0.0, val_acc: 1.01, fidel_score: 0.97, acc_loss: 0.0, grad_loss: 8.79150920578196
2022-04-27 11:52:10,937 DEBUG epoch: 63, train_acc: 0.0, val_acc: 1.03, fidel_score: 0.97, acc_loss: 0.0, grad_loss: 8.788638410688955
2022-04-27 11:52:16,046 DEBUG epoch: 64, train_acc: 0.0, val_acc: 1.06, fidel_score: 1.0, acc_loss: 0.0, grad_loss: 8.78789982614638
2022-04-27 11:52:20,833 DEBUG epoch: 65, train_acc: 0.0, val_acc: 0.98, fidel_score: 0.93, acc_loss: 0.0, grad_loss: 8.787806685966782
2022-04-27 11:52:25,641 DEBUG epoch: 66, train_acc: 0.0, val_acc: 0.88, fidel_score: 0.86, acc_loss: 0.0, grad_loss: 8.783995610249194
2022-04-27 11:52:30,748 DEBUG epoch: 67, train_acc: 0.0, val_acc: 0.99, fidel_score: 0.99, acc_loss: 0.0, grad_loss: 8.788005599492713
2022-04-27 11:52:35,651 DEBUG epoch: 68, train_acc: 0.0, val_acc: 0.97, fidel_score: 0.95, acc_loss: 0.0, grad_loss: 8.783709827857681
2022-04-27 11:52:40,806 DEBUG epoch: 69, train_acc: 0.0, val_acc: 1.06, fidel_score: 1.0, acc_loss: 0.0, grad_loss: 8.786206981803797
2022-04-27 11:52:45,621 DEBUG epoch: 70, train_acc: 0.0, val_acc: 0.99, fidel_score: 0.93, acc_loss: 0.0, grad_loss: 8.784555169600475
2022-04-27 11:52:50,771 DEBUG epoch: 71, train_acc: 0.0, val_acc: 1.0, fidel_score: 0.95, acc_loss: 0.0, grad_loss: 8.783125551441048
2022-04-27 11:52:55,470 DEBUG epoch: 72, train_acc: 0.0, val_acc: 1.08, fidel_score: 1.03, acc_loss: 0.0, grad_loss: 8.788268415233757
2022-04-27 11:53:00,581 DEBUG epoch: 73, train_acc: 0.0, val_acc: 0.97, fidel_score: 0.91, acc_loss: 0.0, grad_loss: 8.790900218335889
2022-04-27 11:53:05,225 DEBUG epoch: 74, train_acc: 0.0, val_acc: 1.01, fidel_score: 0.96, acc_loss: 0.0, grad_loss: 8.787218166303031
2022-04-27 11:53:10,359 DEBUG epoch: 75, train_acc: 0.0, val_acc: 1.04, fidel_score: 0.93, acc_loss: 0.0, grad_loss: 8.771598236470282
2022-04-27 11:53:15,193 DEBUG epoch: 76, train_acc: 0.0, val_acc: 0.96, fidel_score: 0.89, acc_loss: 0.0, grad_loss: 8.779944486255888
2022-04-27 11:53:20,355 DEBUG epoch: 77, train_acc: 0.0, val_acc: 1.04, fidel_score: 0.96, acc_loss: 0.0, grad_loss: 8.779854774475098
2022-04-27 11:53:25,340 DEBUG epoch: 78, train_acc: 0.0, val_acc: 0.98, fidel_score: 0.93, acc_loss: 0.0, grad_loss: 8.779329468932334
2022-04-27 11:53:30,173 DEBUG epoch: 79, train_acc: 0.0, val_acc: 0.99, fidel_score: 0.97, acc_loss: 0.0, grad_loss: 8.782671131665193
2022-04-27 11:53:35,036 DEBUG epoch: 80, train_acc: 0.0, val_acc: 1.02, fidel_score: 0.95, acc_loss: 0.0, grad_loss: 8.788559237612954
2022-04-27 11:53:40,059 DEBUG epoch: 81, train_acc: 0.0, val_acc: 1.02, fidel_score: 0.94, acc_loss: 0.0, grad_loss: 8.80230871031556
2022-04-27 11:53:45,206 DEBUG epoch: 82, train_acc: 0.0, val_acc: 1.02, fidel_score: 1.02, acc_loss: 0.0, grad_loss: 8.804764240602903
2022-04-27 11:53:49,989 DEBUG epoch: 83, train_acc: 0.0, val_acc: 1.01, fidel_score: 0.94, acc_loss: 0.0, grad_loss: 8.78197580651392
2022-04-27 11:53:55,137 DEBUG epoch: 84, train_acc: 0.0, val_acc: 1.07, fidel_score: 0.99, acc_loss: 0.0, grad_loss: 8.788059258762795
2022-04-27 11:53:59,883 DEBUG epoch: 85, train_acc: 0.0, val_acc: 0.98, fidel_score: 0.94, acc_loss: 0.0, grad_loss: 8.790237469009206
2022-04-27 11:54:05,032 DEBUG epoch: 86, train_acc: 0.0, val_acc: 0.97, fidel_score: 0.9, acc_loss: 0.0, grad_loss: 8.784847126731389
2022-04-27 11:54:09,777 DEBUG epoch: 87, train_acc: 0.0, val_acc: 0.97, fidel_score: 0.94, acc_loss: 0.0, grad_loss: 8.80004795895347
2022-04-27 11:54:14,935 DEBUG epoch: 88, train_acc: 0.0, val_acc: 1.0, fidel_score: 0.9, acc_loss: 0.0, grad_loss: 8.771658758573894
2022-04-27 11:54:19,632 DEBUG epoch: 89, train_acc: 0.0, val_acc: 1.02, fidel_score: 0.98, acc_loss: 0.0, grad_loss: 8.780301166486137
2022-04-27 11:54:24,799 DEBUG epoch: 90, train_acc: 0.0, val_acc: 1.01, fidel_score: 0.98, acc_loss: 0.0, grad_loss: 8.802956049955345
2022-04-27 11:54:29,866 DEBUG epoch: 91, train_acc: 0.0, val_acc: 1.0, fidel_score: 0.91, acc_loss: 0.0, grad_loss: 8.778336766399915
2022-04-27 11:54:35,075 DEBUG epoch: 92, train_acc: 0.0, val_acc: 1.02, fidel_score: 1.01, acc_loss: 0.0, grad_loss: 8.787429749211178
2022-04-27 11:54:40,497 DEBUG epoch: 93, train_acc: 0.0, val_acc: 1.05, fidel_score: 0.98, acc_loss: 0.0, grad_loss: 8.795930246763591
2022-04-27 11:54:45,666 DEBUG epoch: 94, train_acc: 0.0, val_acc: 1.06, fidel_score: 0.96, acc_loss: 0.0, grad_loss: 8.788879792901534
2022-04-27 11:54:50,968 DEBUG epoch: 95, train_acc: 0.0, val_acc: 0.94, fidel_score: 0.91, acc_loss: 0.0, grad_loss: 8.78491602064688
2022-04-27 11:54:56,059 DEBUG epoch: 96, train_acc: 0.0, val_acc: 0.97, fidel_score: 0.94, acc_loss: 0.0, grad_loss: 8.794928188565411
2022-04-27 11:55:01,198 DEBUG epoch: 97, train_acc: 0.0, val_acc: 1.04, fidel_score: 0.96, acc_loss: 0.0, grad_loss: 8.802488640893865
2022-04-27 11:55:06,143 DEBUG epoch: 98, train_acc: 0.0, val_acc: 0.98, fidel_score: 0.93, acc_loss: 0.0, grad_loss: 8.78442645978324
2022-04-27 11:55:11,171 DEBUG epoch: 99, train_acc: 0.0, val_acc: 1.0, fidel_score: 0.95, acc_loss: 0.0, grad_loss: 8.792066887964177
2022-04-27 11:55:16,260 DEBUG epoch: 100, train_acc: 0.0, val_acc: 1.01, fidel_score: 0.98, acc_loss: 0.0, grad_loss: 8.776512544366378
2022-04-27 11:55:21,393 DEBUG epoch: 101, train_acc: 0.0, val_acc: 1.07, fidel_score: 1.01, acc_loss: 0.0, grad_loss: 8.765801236599307
2022-04-27 11:55:26,727 DEBUG epoch: 102, train_acc: 0.0, val_acc: 0.96, fidel_score: 0.94, acc_loss: 0.0, grad_loss: 8.782654243179515
2022-04-27 11:55:32,123 DEBUG epoch: 103, train_acc: 0.0, val_acc: 1.0, fidel_score: 0.95, acc_loss: 0.0, grad_loss: 8.787539832199677
2022-04-27 11:55:37,421 DEBUG epoch: 104, train_acc: 0.0, val_acc: 1.01, fidel_score: 0.99, acc_loss: 0.0, grad_loss: 8.78761484653135
2022-04-27 11:55:42,702 DEBUG epoch: 105, train_acc: 0.0, val_acc: 0.97, fidel_score: 0.93, acc_loss: 0.0, grad_loss: 8.803010699115221
2022-04-27 11:55:47,773 DEBUG epoch: 106, train_acc: 0.0, val_acc: 0.97, fidel_score: 0.95, acc_loss: 0.0, grad_loss: 8.780141033703767
2022-04-27 11:55:52,730 DEBUG epoch: 107, train_acc: 0.0, val_acc: 1.03, fidel_score: 0.97, acc_loss: 0.0, grad_loss: 8.777172849148135
2022-04-27 11:55:57,759 DEBUG epoch: 108, train_acc: 0.0, val_acc: 0.95, fidel_score: 0.91, acc_loss: 0.0, grad_loss: 8.791342856008795
2022-04-27 11:56:02,602 DEBUG epoch: 109, train_acc: 0.0, val_acc: 1.0, fidel_score: 0.99, acc_loss: 0.0, grad_loss: 8.782286837131162
2022-04-27 11:56:07,577 DEBUG epoch: 110, train_acc: 0.0, val_acc: 0.92, fidel_score: 0.95, acc_loss: 0.0, grad_loss: 8.790783025041412
2022-04-27 11:56:12,752 DEBUG epoch: 111, train_acc: 0.0, val_acc: 1.07, fidel_score: 0.98, acc_loss: 0.0, grad_loss: 8.783482080773462
2022-04-27 11:56:17,552 DEBUG epoch: 112, train_acc: 0.0, val_acc: 1.05, fidel_score: 0.99, acc_loss: 0.0, grad_loss: 8.802729510053803
2022-04-27 11:56:22,728 DEBUG epoch: 113, train_acc: 0.0, val_acc: 1.01, fidel_score: 0.91, acc_loss: 0.0, grad_loss: 8.79199940645242
2022-04-27 11:56:27,489 DEBUG epoch: 114, train_acc: 0.0, val_acc: 0.96, fidel_score: 0.97, acc_loss: 0.0, grad_loss: 8.786525979826722
2022-04-27 11:56:32,614 DEBUG epoch: 115, train_acc: 0.0, val_acc: 0.99, fidel_score: 0.92, acc_loss: 0.0, grad_loss: 8.78280468228497
2022-04-27 11:56:37,529 DEBUG epoch: 116, train_acc: 0.0, val_acc: 0.92, fidel_score: 0.96, acc_loss: 0.0, grad_loss: 8.775336682041988
2022-04-27 11:56:42,652 DEBUG epoch: 117, train_acc: 0.0, val_acc: 0.99, fidel_score: 0.97, acc_loss: 0.0, grad_loss: 8.790435634081877
2022-04-27 11:56:47,100 DEBUG epoch: 118, train_acc: 0.0, val_acc: 0.98, fidel_score: 0.94, acc_loss: 0.0, grad_loss: 8.773871578747713
2022-04-27 11:56:52,311 DEBUG epoch: 119, train_acc: 0.0, val_acc: 0.97, fidel_score: 0.9, acc_loss: 0.0, grad_loss: 8.777718954448458
2022-04-27 11:56:57,487 DEBUG epoch: 120, train_acc: 0.0, val_acc: 0.99, fidel_score: 0.92, acc_loss: 0.0, grad_loss: 8.793397046342681
2022-04-27 11:57:02,711 DEBUG epoch: 121, train_acc: 0.0, val_acc: 0.99, fidel_score: 0.94, acc_loss: 0.0, grad_loss: 8.794915513147282
2022-04-27 11:57:07,985 DEBUG epoch: 122, train_acc: 0.0, val_acc: 0.96, fidel_score: 0.92, acc_loss: 0.0, grad_loss: 8.776441887964177
2022-04-27 11:57:13,097 DEBUG epoch: 123, train_acc: 0.0, val_acc: 0.99, fidel_score: 0.96, acc_loss: 0.0, grad_loss: 8.787306858014457
2022-04-27 11:57:18,377 DEBUG epoch: 124, train_acc: 0.0, val_acc: 0.99, fidel_score: 0.94, acc_loss: 0.0, grad_loss: 8.77742411215094
2022-04-27 11:57:23,531 DEBUG epoch: 125, train_acc: 0.0, val_acc: 1.01, fidel_score: 0.98, acc_loss: 0.0, grad_loss: 8.798048297061197
2022-04-27 11:57:28,764 DEBUG epoch: 126, train_acc: 0.0, val_acc: 1.02, fidel_score: 0.94, acc_loss: 0.0, grad_loss: 8.774144033842449
2022-04-27 11:57:33,796 DEBUG epoch: 127, train_acc: 0.0, val_acc: 1.04, fidel_score: 0.93, acc_loss: 0.0, grad_loss: 8.788934212696704
2022-04-27 11:57:38,782 DEBUG epoch: 128, train_acc: 0.0, val_acc: 1.03, fidel_score: 0.99, acc_loss: 0.0, grad_loss: 8.777030739603163
2022-04-27 11:57:43,781 DEBUG epoch: 129, train_acc: 0.0, val_acc: 0.97, fidel_score: 0.9, acc_loss: 0.0, grad_loss: 8.792313551600975
2022-04-27 11:57:48,732 DEBUG epoch: 130, train_acc: 0.0, val_acc: 1.06, fidel_score: 1.01, acc_loss: 0.0, grad_loss: 8.780173935467683
2022-04-27 11:57:53,679 DEBUG epoch: 131, train_acc: 0.0, val_acc: 1.01, fidel_score: 0.97, acc_loss: 0.0, grad_loss: 8.781841893739339
2022-04-27 11:57:58,871 DEBUG epoch: 132, train_acc: 0.0, val_acc: 1.01, fidel_score: 1.0, acc_loss: 0.0, grad_loss: 8.76885435249232
2022-04-27 11:58:03,809 DEBUG epoch: 133, train_acc: 0.0, val_acc: 0.97, fidel_score: 0.91, acc_loss: 0.0, grad_loss: 8.784060321276701
2022-04-27 11:58:08,987 DEBUG epoch: 134, train_acc: 0.0, val_acc: 1.0, fidel_score: 0.94, acc_loss: 0.0, grad_loss: 8.78547390805015
2022-04-27 11:58:13,762 DEBUG epoch: 135, train_acc: 0.0, val_acc: 1.04, fidel_score: 0.94, acc_loss: 0.0, grad_loss: 8.788114511514012
2022-04-27 11:58:18,912 DEBUG epoch: 136, train_acc: 0.0, val_acc: 0.96, fidel_score: 0.93, acc_loss: 0.0, grad_loss: 8.773111156270474
2022-04-27 11:58:23,875 DEBUG epoch: 137, train_acc: 0.0, val_acc: 0.96, fidel_score: 0.95, acc_loss: 0.0, grad_loss: 8.783786858184428
2022-04-27 11:58:29,171 DEBUG epoch: 138, train_acc: 0.0, val_acc: 0.97, fidel_score: 0.91, acc_loss: 0.0, grad_loss: 8.778952972798407
2022-04-27 11:58:34,104 DEBUG epoch: 139, train_acc: 0.0, val_acc: 1.0, fidel_score: 0.91, acc_loss: 0.0, grad_loss: 8.793871903721291
2022-04-27 11:58:39,318 DEBUG epoch: 140, train_acc: 0.0, val_acc: 0.97, fidel_score: 0.95, acc_loss: 0.0, grad_loss: 8.788285726233374
2022-04-27 11:58:44,226 DEBUG epoch: 141, train_acc: 0.0, val_acc: 0.96, fidel_score: 0.94, acc_loss: 0.0, grad_loss: 8.796858413309991
2022-04-27 11:58:49,357 DEBUG epoch: 142, train_acc: 0.0, val_acc: 0.98, fidel_score: 0.94, acc_loss: 0.0, grad_loss: 8.789199249653876
2022-04-27 11:58:54,185 DEBUG epoch: 143, train_acc: 0.0, val_acc: 1.03, fidel_score: 0.93, acc_loss: 0.0, grad_loss: 8.786928164808057
2022-04-27 11:58:59,339 DEBUG epoch: 144, train_acc: 0.0, val_acc: 1.02, fidel_score: 0.95, acc_loss: 0.0, grad_loss: 8.777547570723522
2022-04-27 11:59:04,045 DEBUG epoch: 145, train_acc: 0.0, val_acc: 0.95, fidel_score: 0.93, acc_loss: 0.0, grad_loss: 8.7840212085579
2022-04-27 11:59:09,239 DEBUG epoch: 146, train_acc: 0.0, val_acc: 1.03, fidel_score: 0.99, acc_loss: 0.0, grad_loss: 8.791824075240124
2022-04-27 11:59:14,183 DEBUG epoch: 147, train_acc: 0.0, val_acc: 1.0, fidel_score: 0.97, acc_loss: 0.0, grad_loss: 8.780570899383932
2022-04-27 11:59:19,286 DEBUG epoch: 148, train_acc: 0.0, val_acc: 0.97, fidel_score: 0.89, acc_loss: 0.0, grad_loss: 8.77868952932237
2022-04-27 11:59:24,342 DEBUG epoch: 149, train_acc: 0.0, val_acc: 1.05, fidel_score: 0.97, acc_loss: 0.0, grad_loss: 8.774847767021082
2022-04-27 11:59:29,261 DEBUG epoch: 150, train_acc: 0.0, val_acc: 1.04, fidel_score: 0.98, acc_loss: 0.0, grad_loss: 8.769579990000665
2022-04-27 11:59:34,031 DEBUG epoch: 151, train_acc: 0.0, val_acc: 0.98, fidel_score: 0.96, acc_loss: 0.0, grad_loss: 8.781720777101155
2022-04-27 11:59:39,020 DEBUG epoch: 152, train_acc: 0.0, val_acc: 0.99, fidel_score: 0.92, acc_loss: 0.0, grad_loss: 8.777936392192599
2022-04-27 11:59:43,004 DEBUG epoch: 153, train_acc: 0.0, val_acc: 0.97, fidel_score: 0.91, acc_loss: 0.0, grad_loss: 8.782908355133443
2022-04-27 11:59:46,426 DEBUG epoch: 154, train_acc: 0.0, val_acc: 1.03, fidel_score: 0.96, acc_loss: 0.0, grad_loss: 8.773927549772624
2022-04-27 11:59:50,331 DEBUG epoch: 155, train_acc: 0.0, val_acc: 1.02, fidel_score: 0.96, acc_loss: 0.0, grad_loss: 8.787723094602175
2022-04-27 11:59:54,125 DEBUG epoch: 156, train_acc: 0.0, val_acc: 1.03, fidel_score: 0.95, acc_loss: 0.0, grad_loss: 8.780985506275032
2022-04-27 11:59:58,487 DEBUG epoch: 157, train_acc: 0.0, val_acc: 0.96, fidel_score: 0.93, acc_loss: 0.0, grad_loss: 8.769127483609356
2022-04-27 12:00:03,000 DEBUG epoch: 158, train_acc: 0.0, val_acc: 0.97, fidel_score: 0.92, acc_loss: 0.0, grad_loss: 8.784908813766286
2022-04-27 12:00:08,168 DEBUG epoch: 159, train_acc: 0.0, val_acc: 1.07, fidel_score: 0.97, acc_loss: 0.0, grad_loss: 8.801900398882129
2022-04-27 12:00:13,110 DEBUG epoch: 160, train_acc: 0.0, val_acc: 1.02, fidel_score: 0.91, acc_loss: 0.0, grad_loss: 8.775637137738965
2022-04-27 12:00:18,419 DEBUG epoch: 161, train_acc: 0.0, val_acc: 0.99, fidel_score: 0.97, acc_loss: 0.0, grad_loss: 8.772640035122256
2022-04-27 12:00:23,125 DEBUG epoch: 162, train_acc: 0.0, val_acc: 1.02, fidel_score: 1.01, acc_loss: 0.0, grad_loss: 8.786148216150984
2022-04-27 12:00:28,337 DEBUG epoch: 163, train_acc: 0.0, val_acc: 1.07, fidel_score: 1.01, acc_loss: 0.0, grad_loss: 8.78744087943548
2022-04-27 12:00:33,080 DEBUG epoch: 164, train_acc: 0.0, val_acc: 1.0, fidel_score: 0.96, acc_loss: 0.0, grad_loss: 8.776488714580294
2022-04-27 12:00:38,253 DEBUG epoch: 165, train_acc: 0.0, val_acc: 0.99, fidel_score: 0.97, acc_loss: 0.0, grad_loss: 8.771888322468046
2022-04-27 12:00:43,440 DEBUG epoch: 166, train_acc: 0.0, val_acc: 1.05, fidel_score: 0.97, acc_loss: 0.0, grad_loss: 8.7884261940099
2022-04-27 12:00:48,462 DEBUG epoch: 167, train_acc: 0.0, val_acc: 0.93, fidel_score: 0.91, acc_loss: 0.0, grad_loss: 8.783380315273623
2022-04-27 12:00:53,370 DEBUG epoch: 168, train_acc: 0.0, val_acc: 1.02, fidel_score: 0.89, acc_loss: 0.0, grad_loss: 8.791157426713388
2022-04-27 12:00:58,424 DEBUG epoch: 169, train_acc: 0.0, val_acc: 1.02, fidel_score: 0.96, acc_loss: 0.0, grad_loss: 8.779808889461469
2022-04-27 12:01:03,591 DEBUG epoch: 170, train_acc: 0.0, val_acc: 0.99, fidel_score: 0.95, acc_loss: 0.0, grad_loss: 8.783160233799416
2022-04-27 12:01:08,927 DEBUG epoch: 171, train_acc: 0.0, val_acc: 0.98, fidel_score: 0.91, acc_loss: 0.0, grad_loss: 8.798256101487558
2022-04-27 12:01:14,115 DEBUG epoch: 172, train_acc: 0.0, val_acc: 1.03, fidel_score: 0.97, acc_loss: 0.0, grad_loss: 8.796312827098218
2022-04-27 12:01:18,029 DEBUG epoch: 173, train_acc: 0.0, val_acc: 1.02, fidel_score: 0.91, acc_loss: 0.0, grad_loss: 8.781358163568038
2022-04-27 12:01:21,738 DEBUG epoch: 174, train_acc: 0.0, val_acc: 0.96, fidel_score: 0.94, acc_loss: 0.0, grad_loss: 8.786288780502126
2022-04-27 12:01:25,430 DEBUG epoch: 175, train_acc: 0.0, val_acc: 1.03, fidel_score: 1.0, acc_loss: 0.0, grad_loss: 8.791601989842668
2022-04-27 12:01:29,417 DEBUG epoch: 176, train_acc: 0.0, val_acc: 1.0, fidel_score: 0.95, acc_loss: 0.0, grad_loss: 8.785130573224418
2022-04-27 12:01:33,633 DEBUG epoch: 177, train_acc: 0.0, val_acc: 1.02, fidel_score: 0.94, acc_loss: 0.0, grad_loss: 8.78527001489567
2022-04-27 12:01:39,002 DEBUG epoch: 178, train_acc: 0.0, val_acc: 1.01, fidel_score: 0.98, acc_loss: 0.0, grad_loss: 8.803997921038277
2022-04-27 12:01:44,207 DEBUG epoch: 179, train_acc: 0.0, val_acc: 0.94, fidel_score: 0.94, acc_loss: 0.0, grad_loss: 8.784326492985592
2022-04-27 12:01:49,586 DEBUG epoch: 180, train_acc: 0.0, val_acc: 1.03, fidel_score: 1.01, acc_loss: 0.0, grad_loss: 8.789177291000946
2022-04-27 12:01:54,831 DEBUG epoch: 181, train_acc: 0.0, val_acc: 0.98, fidel_score: 0.94, acc_loss: 0.0, grad_loss: 8.774266900895517
2022-04-27 12:01:59,957 DEBUG epoch: 182, train_acc: 0.0, val_acc: 1.0, fidel_score: 0.97, acc_loss: 0.0, grad_loss: 8.792236774782591
2022-04-27 12:02:04,974 DEBUG epoch: 183, train_acc: 0.0, val_acc: 1.0, fidel_score: 0.94, acc_loss: 0.0, grad_loss: 8.798241035847724
2022-04-27 12:02:09,709 DEBUG epoch: 184, train_acc: 0.0, val_acc: 0.97, fidel_score: 0.95, acc_loss: 0.0, grad_loss: 8.791829881788809
2022-04-27 12:02:14,795 DEBUG epoch: 185, train_acc: 0.0, val_acc: 1.0, fidel_score: 0.95, acc_loss: 0.0, grad_loss: 8.780099253111247
2022-04-27 12:02:19,914 DEBUG epoch: 186, train_acc: 0.0, val_acc: 0.95, fidel_score: 0.88, acc_loss: 0.0, grad_loss: 8.78384382513505
2022-04-27 12:02:25,135 DEBUG epoch: 187, train_acc: 0.0, val_acc: 1.02, fidel_score: 0.97, acc_loss: 0.0, grad_loss: 8.77870656266997
2022-04-27 12:02:30,102 DEBUG epoch: 188, train_acc: 0.0, val_acc: 0.97, fidel_score: 0.92, acc_loss: 0.0, grad_loss: 8.7896199045302
2022-04-27 12:02:35,316 DEBUG epoch: 189, train_acc: 0.0, val_acc: 1.01, fidel_score: 0.89, acc_loss: 0.0, grad_loss: 8.789890241019334
2022-04-27 12:02:40,336 DEBUG epoch: 190, train_acc: 0.0, val_acc: 1.01, fidel_score: 0.97, acc_loss: 0.0, grad_loss: 8.779650881320615
2022-04-27 12:02:45,675 DEBUG epoch: 191, train_acc: 0.0, val_acc: 1.0, fidel_score: 0.97, acc_loss: 0.0, grad_loss: 8.786694249020346
2022-04-27 12:02:50,528 DEBUG epoch: 192, train_acc: 0.0, val_acc: 0.93, fidel_score: 0.89, acc_loss: 0.0, grad_loss: 8.785628041134604
2022-04-27 12:02:55,730 DEBUG epoch: 193, train_acc: 0.0, val_acc: 1.04, fidel_score: 0.96, acc_loss: 0.0, grad_loss: 8.79469540752942
2022-04-27 12:03:00,433 DEBUG epoch: 194, train_acc: 0.0, val_acc: 0.98, fidel_score: 0.97, acc_loss: 0.0, grad_loss: 8.786211025865772
2022-04-27 12:03:05,607 DEBUG epoch: 195, train_acc: 0.0, val_acc: 1.01, fidel_score: 0.94, acc_loss: 0.0, grad_loss: 8.7891322993025
2022-04-27 12:03:10,624 DEBUG epoch: 196, train_acc: 0.0, val_acc: 1.09, fidel_score: 1.03, acc_loss: 0.0, grad_loss: 8.78282103961027
2022-04-27 12:03:15,793 DEBUG epoch: 197, train_acc: 0.0, val_acc: 0.96, fidel_score: 0.93, acc_loss: 0.0, grad_loss: 8.779323589952686
2022-04-27 12:03:20,760 DEBUG epoch: 198, train_acc: 0.0, val_acc: 1.0, fidel_score: 0.96, acc_loss: 0.0, grad_loss: 8.774776012082643
2022-04-27 12:03:26,096 DEBUG epoch: 199, train_acc: 0.0, val_acc: 1.02, fidel_score: 0.94, acc_loss: 0.0, grad_loss: 8.760239570955687
2022-04-27 12:03:31,249 DEBUG epoch: 200, train_acc: 0.0, val_acc: 1.04, fidel_score: 0.99, acc_loss: 0.0, grad_loss: 8.800277335734307
2022-04-27 12:03:36,814 DEBUG epoch: 201, train_acc: 0.0, val_acc: 1.04, fidel_score: 0.96, acc_loss: 0.0, grad_loss: 8.790124331848531
2022-04-27 12:03:42,023 DEBUG epoch: 202, train_acc: 0.0, val_acc: 0.99, fidel_score: 0.93, acc_loss: 0.0, grad_loss: 8.771389478369604
2022-04-27 12:03:47,286 DEBUG epoch: 203, train_acc: 0.0, val_acc: 0.98, fidel_score: 0.91, acc_loss: 0.0, grad_loss: 8.799375944499728
2022-04-27 12:03:51,952 DEBUG epoch: 204, train_acc: 0.0, val_acc: 0.98, fidel_score: 0.91, acc_loss: 0.0, grad_loss: 8.77715804908849
2022-04-27 12:03:57,168 DEBUG epoch: 205, train_acc: 0.0, val_acc: 0.99, fidel_score: 0.94, acc_loss: 0.0, grad_loss: 8.776893434645254
2022-04-27 12:04:02,068 DEBUG epoch: 206, train_acc: 0.0, val_acc: 1.07, fidel_score: 0.95, acc_loss: 0.0, grad_loss: 8.791571810275693
2022-04-27 12:04:07,476 DEBUG epoch: 207, train_acc: 0.0, val_acc: 0.95, fidel_score: 0.94, acc_loss: 0.0, grad_loss: 8.793375944789451
2022-04-27 12:04:12,636 DEBUG epoch: 208, train_acc: 0.0, val_acc: 1.03, fidel_score: 0.95, acc_loss: 0.0, grad_loss: 8.784533802467056
2022-04-27 12:04:17,956 DEBUG epoch: 209, train_acc: 0.0, val_acc: 1.06, fidel_score: 1.03, acc_loss: 0.0, grad_loss: 8.785460399675973
2022-04-27 12:04:23,040 DEBUG epoch: 210, train_acc: 0.0, val_acc: 0.98, fidel_score: 0.93, acc_loss: 0.0, grad_loss: 8.782923951933656
2022-04-27 12:04:28,274 DEBUG epoch: 211, train_acc: 0.0, val_acc: 1.07, fidel_score: 0.98, acc_loss: 0.0, grad_loss: 8.776991626884364
2022-04-27 12:04:33,293 DEBUG epoch: 212, train_acc: 0.0, val_acc: 1.02, fidel_score: 0.99, acc_loss: 0.0, grad_loss: 8.786376349533661
2022-04-27 12:04:38,095 DEBUG epoch: 213, train_acc: 0.0, val_acc: 0.99, fidel_score: 0.92, acc_loss: 0.0, grad_loss: 8.78868334806418
2022-04-27 12:04:43,152 DEBUG epoch: 214, train_acc: 0.0, val_acc: 0.97, fidel_score: 0.98, acc_loss: 0.0, grad_loss: 8.789199925676177
2022-04-27 12:04:48,109 DEBUG epoch: 215, train_acc: 0.0, val_acc: 0.96, fidel_score: 0.96, acc_loss: 0.0, grad_loss: 8.776315954667103
2022-04-27 12:04:53,312 DEBUG epoch: 216, train_acc: 0.0, val_acc: 0.97, fidel_score: 0.93, acc_loss: 0.0, grad_loss: 8.809813149367706
2022-04-27 12:04:58,463 DEBUG epoch: 217, train_acc: 0.0, val_acc: 0.97, fidel_score: 0.93, acc_loss: 0.0, grad_loss: 8.79425548601754
2022-04-27 12:05:03,510 DEBUG epoch: 218, train_acc: 0.0, val_acc: 0.97, fidel_score: 0.96, acc_loss: 0.0, grad_loss: 8.782535263254672
2022-04-27 12:05:08,515 DEBUG epoch: 219, train_acc: 0.0, val_acc: 0.98, fidel_score: 0.89, acc_loss: 0.0, grad_loss: 8.795250844351854
2022-04-27 12:05:13,689 DEBUG epoch: 220, train_acc: 0.0, val_acc: 1.01, fidel_score: 0.99, acc_loss: 0.0, grad_loss: 8.773892239679265
2022-04-27 12:05:18,676 DEBUG epoch: 221, train_acc: 0.0, val_acc: 0.99, fidel_score: 0.93, acc_loss: 0.0, grad_loss: 8.774198163913775
2022-04-27 12:05:23,830 DEBUG epoch: 222, train_acc: 0.0, val_acc: 1.01, fidel_score: 0.99, acc_loss: 0.0, grad_loss: 8.774606076976921
2022-04-27 12:05:28,680 DEBUG epoch: 223, train_acc: 0.0, val_acc: 1.1, fidel_score: 0.98, acc_loss: 0.0, grad_loss: 8.795666646353807
2022-04-27 12:05:33,876 DEBUG epoch: 224, train_acc: 0.0, val_acc: 0.97, fidel_score: 0.98, acc_loss: 0.0, grad_loss: 8.798257610465907
2022-04-27 12:05:38,903 DEBUG epoch: 225, train_acc: 0.0, val_acc: 1.01, fidel_score: 0.98, acc_loss: 0.0, grad_loss: 8.781474222110797
2022-04-27 12:05:44,464 DEBUG epoch: 226, train_acc: 0.0, val_acc: 0.99, fidel_score: 0.94, acc_loss: 0.0, grad_loss: 8.764669961567167
2022-04-27 12:05:49,530 DEBUG epoch: 227, train_acc: 0.0, val_acc: 0.94, fidel_score: 0.96, acc_loss: 0.0, grad_loss: 8.784626393378536
2022-04-27 12:05:54,701 DEBUG epoch: 228, train_acc: 0.0, val_acc: 0.99, fidel_score: 0.9, acc_loss: 0.0, grad_loss: 8.791824220102045
2022-04-27 12:05:59,464 DEBUG epoch: 229, train_acc: 0.0, val_acc: 1.05, fidel_score: 1.02, acc_loss: 0.0, grad_loss: 8.773998405359968
2022-04-27 12:06:04,682 DEBUG epoch: 230, train_acc: 0.0, val_acc: 1.0, fidel_score: 1.0, acc_loss: 0.0, grad_loss: 8.800551414489746
2022-04-27 12:06:09,671 DEBUG epoch: 231, train_acc: 0.0, val_acc: 0.99, fidel_score: 0.9, acc_loss: 0.0, grad_loss: 8.786673376831827
2022-04-27 12:06:14,850 DEBUG epoch: 232, train_acc: 0.0, val_acc: 0.96, fidel_score: 0.94, acc_loss: 0.0, grad_loss: 8.776830129985568
2022-04-27 12:06:19,812 DEBUG epoch: 233, train_acc: 0.0, val_acc: 0.99, fidel_score: 0.93, acc_loss: 0.0, grad_loss: 8.789277595809743
2022-04-27 12:06:25,104 DEBUG epoch: 234, train_acc: 0.0, val_acc: 0.94, fidel_score: 0.91, acc_loss: 0.0, grad_loss: 8.78874434700495
2022-04-27 12:06:30,182 DEBUG epoch: 235, train_acc: 0.0, val_acc: 0.98, fidel_score: 0.87, acc_loss: 0.0, grad_loss: 8.77744750735126
2022-04-27 12:06:35,584 DEBUG epoch: 236, train_acc: 0.0, val_acc: 1.03, fidel_score: 1.01, acc_loss: 0.0, grad_loss: 8.783878501457504
2022-04-27 12:06:40,397 DEBUG epoch: 237, train_acc: 0.0, val_acc: 0.99, fidel_score: 0.94, acc_loss: 0.0, grad_loss: 8.807733777203138
2022-04-27 12:06:45,549 DEBUG epoch: 238, train_acc: 0.0, val_acc: 1.03, fidel_score: 0.95, acc_loss: 0.0, grad_loss: 8.776811285863948
2022-04-27 12:06:50,236 DEBUG epoch: 239, train_acc: 0.0, val_acc: 0.99, fidel_score: 0.93, acc_loss: 0.0, grad_loss: 8.781261021577858
2022-04-27 12:06:55,440 DEBUG epoch: 240, train_acc: 0.0, val_acc: 1.03, fidel_score: 0.93, acc_loss: 0.0, grad_loss: 8.76882804194583
2022-04-27 12:07:00,532 DEBUG epoch: 241, train_acc: 0.0, val_acc: 1.01, fidel_score: 0.95, acc_loss: 0.0, grad_loss: 8.7823263723639
2022-04-27 12:07:05,882 DEBUG epoch: 242, train_acc: 0.0, val_acc: 1.0, fidel_score: 0.94, acc_loss: 0.0, grad_loss: 8.795822759217854
2022-04-27 12:07:10,894 DEBUG epoch: 243, train_acc: 0.0, val_acc: 0.97, fidel_score: 0.95, acc_loss: 0.0, grad_loss: 8.79876246633409
2022-04-27 12:07:16,194 DEBUG epoch: 244, train_acc: 0.0, val_acc: 0.94, fidel_score: 0.93, acc_loss: 0.0, grad_loss: 8.785804289805737
2022-04-27 12:07:21,109 DEBUG epoch: 245, train_acc: 0.0, val_acc: 1.03, fidel_score: 0.95, acc_loss: 0.0, grad_loss: 8.785047857067253
2022-04-27 12:07:26,281 DEBUG epoch: 246, train_acc: 0.0, val_acc: 0.94, fidel_score: 0.89, acc_loss: 0.0, grad_loss: 8.778498565094381
2022-04-27 12:07:31,391 DEBUG epoch: 247, train_acc: 0.0, val_acc: 0.99, fidel_score: 0.96, acc_loss: 0.0, grad_loss: 8.777516352979443
2022-04-27 12:07:36,557 DEBUG epoch: 248, train_acc: 0.0, val_acc: 1.01, fidel_score: 0.99, acc_loss: 0.0, grad_loss: 8.7844452314739
2022-04-27 12:07:41,560 DEBUG epoch: 249, train_acc: 0.0, val_acc: 0.96, fidel_score: 0.95, acc_loss: 0.0, grad_loss: 8.790163245382189
2022-04-27 12:07:46,619 DEBUG epoch: 250, train_acc: 0.0, val_acc: 1.05, fidel_score: 1.01, acc_loss: 0.0, grad_loss: 8.780876123452488
2022-04-27 12:07:51,444 DEBUG epoch: 251, train_acc: 0.0, val_acc: 0.96, fidel_score: 0.91, acc_loss: 0.0, grad_loss: 8.790972842445857
2022-04-27 12:07:56,650 DEBUG epoch: 252, train_acc: 0.0, val_acc: 1.0, fidel_score: 0.93, acc_loss: 0.0, grad_loss: 8.784605557405495
2022-04-27 12:08:02,011 DEBUG epoch: 253, train_acc: 0.0, val_acc: 0.9, fidel_score: 0.94, acc_loss: 0.0, grad_loss: 8.78360028810139
2022-04-27 12:08:07,299 DEBUG epoch: 254, train_acc: 0.0, val_acc: 1.02, fidel_score: 0.95, acc_loss: 0.0, grad_loss: 8.783587528180473
2022-04-27 12:08:12,358 DEBUG epoch: 255, train_acc: 0.0, val_acc: 0.97, fidel_score: 0.89, acc_loss: 0.0, grad_loss: 8.785807488839838
2022-04-27 12:08:17,401 DEBUG epoch: 256, train_acc: 0.0, val_acc: 0.97, fidel_score: 0.94, acc_loss: 0.0, grad_loss: 8.78087912933736
2022-04-27 12:08:22,496 DEBUG epoch: 257, train_acc: 0.0, val_acc: 1.04, fidel_score: 1.0, acc_loss: 0.0, grad_loss: 8.7672184932081
2022-04-27 12:08:27,533 DEBUG epoch: 258, train_acc: 0.0, val_acc: 1.03, fidel_score: 1.01, acc_loss: 0.0, grad_loss: 8.782339808307116
2022-04-27 12:08:32,725 DEBUG epoch: 259, train_acc: 0.0, val_acc: 0.94, fidel_score: 0.93, acc_loss: 0.0, grad_loss: 8.774556238440018
2022-04-27 12:08:37,610 DEBUG epoch: 260, train_acc: 0.0, val_acc: 1.06, fidel_score: 0.99, acc_loss: 0.0, grad_loss: 8.765315098098561
2022-04-27 12:08:42,841 DEBUG epoch: 261, train_acc: 0.0, val_acc: 1.01, fidel_score: 0.87, acc_loss: 0.0, grad_loss: 8.78376714489128
2022-04-27 12:08:47,823 DEBUG epoch: 262, train_acc: 0.0, val_acc: 0.92, fidel_score: 0.87, acc_loss: 0.0, grad_loss: 8.775116129766536
2022-04-27 12:08:53,144 DEBUG epoch: 263, train_acc: 0.0, val_acc: 0.98, fidel_score: 0.92, acc_loss: 0.0, grad_loss: 8.789150370827205
2022-04-27 12:08:58,217 DEBUG epoch: 264, train_acc: 0.0, val_acc: 0.99, fidel_score: 0.98, acc_loss: 0.0, grad_loss: 8.773231711568712
2022-04-27 12:09:03,519 DEBUG epoch: 265, train_acc: 0.0, val_acc: 0.98, fidel_score: 0.95, acc_loss: 0.0, grad_loss: 8.776874481877194
2022-04-27 12:09:08,416 DEBUG epoch: 266, train_acc: 0.0, val_acc: 0.98, fidel_score: 0.98, acc_loss: 0.0, grad_loss: 8.781815021852903
2022-04-27 12:09:13,623 DEBUG epoch: 267, train_acc: 0.0, val_acc: 0.99, fidel_score: 0.93, acc_loss: 0.0, grad_loss: 8.774455191213873
2022-04-27 12:09:18,514 DEBUG epoch: 268, train_acc: 0.0, val_acc: 1.01, fidel_score: 0.91, acc_loss: 0.0, grad_loss: 8.78763586358179
2022-04-27 12:09:23,739 DEBUG epoch: 269, train_acc: 0.0, val_acc: 1.04, fidel_score: 0.95, acc_loss: 0.0, grad_loss: 8.788440812992144
2022-04-27 12:09:28,726 DEBUG epoch: 270, train_acc: 0.0, val_acc: 1.08, fidel_score: 0.99, acc_loss: 0.0, grad_loss: 8.78228331215774
2022-04-27 12:09:33,917 DEBUG epoch: 271, train_acc: 0.0, val_acc: 0.92, fidel_score: 0.91, acc_loss: 0.0, grad_loss: 8.786139524435695
2022-04-27 12:09:38,830 DEBUG epoch: 272, train_acc: 0.0, val_acc: 0.99, fidel_score: 0.96, acc_loss: 0.0, grad_loss: 8.783919020544124
2022-04-27 12:09:44,030 DEBUG epoch: 273, train_acc: 0.0, val_acc: 1.08, fidel_score: 1.03, acc_loss: 0.0, grad_loss: 8.793305735044841
2022-04-27 12:09:48,923 DEBUG epoch: 274, train_acc: 0.0, val_acc: 1.01, fidel_score: 0.94, acc_loss: 0.0, grad_loss: 8.781148343146603
2022-04-27 12:09:54,208 DEBUG epoch: 275, train_acc: 0.0, val_acc: 0.95, fidel_score: 0.93, acc_loss: 0.0, grad_loss: 8.805359212658074
2022-04-27 12:09:59,218 DEBUG epoch: 276, train_acc: 0.0, val_acc: 1.03, fidel_score: 0.96, acc_loss: 0.0, grad_loss: 8.774359703063965
2022-04-27 12:10:04,648 DEBUG epoch: 277, train_acc: 0.0, val_acc: 1.05, fidel_score: 0.98, acc_loss: 0.0, grad_loss: 8.794079889225054
2022-04-27 12:10:09,286 DEBUG epoch: 278, train_acc: 0.0, val_acc: 0.89, fidel_score: 0.83, acc_loss: 0.0, grad_loss: 8.78966280780261
2022-04-27 12:10:14,471 DEBUG epoch: 279, train_acc: 0.0, val_acc: 1.02, fidel_score: 0.98, acc_loss: 0.0, grad_loss: 8.774832942817785
2022-04-27 12:10:19,385 DEBUG epoch: 280, train_acc: 0.0, val_acc: 1.03, fidel_score: 0.99, acc_loss: 0.0, grad_loss: 8.78855883924267
2022-04-27 12:10:24,619 DEBUG epoch: 281, train_acc: 0.0, val_acc: 0.97, fidel_score: 0.92, acc_loss: 0.0, grad_loss: 8.789625252349467
2022-04-27 12:10:29,766 DEBUG epoch: 282, train_acc: 0.0, val_acc: 1.0, fidel_score: 0.95, acc_loss: 0.0, grad_loss: 8.772982506812374
2022-04-27 12:10:34,821 DEBUG epoch: 283, train_acc: 0.0, val_acc: 1.05, fidel_score: 0.95, acc_loss: 0.0, grad_loss: 8.78561388088178
2022-04-27 12:10:39,769 DEBUG epoch: 284, train_acc: 0.0, val_acc: 0.92, fidel_score: 0.89, acc_loss: 0.0, grad_loss: 8.789603649815426
2022-04-27 12:10:44,824 DEBUG epoch: 285, train_acc: 0.0, val_acc: 1.02, fidel_score: 1.0, acc_loss: 0.0, grad_loss: 8.790951547743399
2022-04-27 12:10:50,004 DEBUG epoch: 286, train_acc: 0.0, val_acc: 1.07, fidel_score: 1.02, acc_loss: 0.0, grad_loss: 8.793528882763054
2022-04-27 12:10:55,274 DEBUG epoch: 287, train_acc: 0.0, val_acc: 0.97, fidel_score: 0.9, acc_loss: 0.0, grad_loss: 8.789904268482063
2022-04-27 12:11:00,668 DEBUG epoch: 288, train_acc: 0.0, val_acc: 0.99, fidel_score: 0.96, acc_loss: 0.0, grad_loss: 8.783584401577334
2022-04-27 12:11:05,823 DEBUG epoch: 289, train_acc: 0.0, val_acc: 1.04, fidel_score: 0.96, acc_loss: 0.0, grad_loss: 8.774873980992957
2022-04-27 12:11:10,669 DEBUG epoch: 290, train_acc: 0.0, val_acc: 0.96, fidel_score: 0.92, acc_loss: 0.0, grad_loss: 8.775557880160175
2022-04-27 12:11:15,707 DEBUG epoch: 291, train_acc: 0.0, val_acc: 1.06, fidel_score: 1.03, acc_loss: 0.0, grad_loss: 8.772969209695164
2022-04-27 12:11:20,833 DEBUG epoch: 292, train_acc: 0.0, val_acc: 1.02, fidel_score: 0.95, acc_loss: 0.0, grad_loss: 8.782346182231661
2022-04-27 12:11:25,887 DEBUG epoch: 293, train_acc: 0.0, val_acc: 0.98, fidel_score: 0.92, acc_loss: 0.0, grad_loss: 8.794371291051936
2022-04-27 12:11:31,068 DEBUG epoch: 294, train_acc: 0.0, val_acc: 1.02, fidel_score: 0.93, acc_loss: 0.0, grad_loss: 8.789157879503467
2022-04-27 12:11:35,989 DEBUG epoch: 295, train_acc: 0.0, val_acc: 1.0, fidel_score: 0.97, acc_loss: 0.0, grad_loss: 8.777206119102768
2022-04-27 12:11:41,260 DEBUG epoch: 296, train_acc: 0.0, val_acc: 0.98, fidel_score: 0.98, acc_loss: 0.0, grad_loss: 8.799765997295138
2022-04-27 12:11:46,343 DEBUG epoch: 297, train_acc: 0.0, val_acc: 0.91, fidel_score: 0.92, acc_loss: 0.0, grad_loss: 8.790978999077518
2022-04-27 12:11:51,725 DEBUG epoch: 298, train_acc: 0.0, val_acc: 0.97, fidel_score: 0.96, acc_loss: 0.0, grad_loss: 8.788134116160718
2022-04-27 12:11:56,691 DEBUG epoch: 299, train_acc: 0.0, val_acc: 0.99, fidel_score: 0.98, acc_loss: 0.0, grad_loss: 8.806461285941209
2022-04-27 12:12:01,893 DEBUG epoch: 300, train_acc: 0.0, val_acc: 1.01, fidel_score: 0.94, acc_loss: 0.0, grad_loss: 8.787984015066412
2022-04-27 12:12:01,893 DEBUG load best stealed model.
2022-04-27 12:12:01,893 DEBUG Best perform model, val_acc: 1.25, fidel_score: 1.19, acc_loss: 0.0, grad_loss: 8.777082696745667
2022-04-27 12:12:01,894 DEBUG load cloest stealed model.
2022-04-27 12:12:01,894 DEBUG Cloest perform model, val_acc: 1.07, fidel_score: 1.25, acc_loss: 0.0, grad_loss: 8.777082696745667
