2022-04-27 17:39:36,784 DEBUG Namespace(arch='vgg11_bn', attack_client=0, attack_epochs=300, attack_style='TrainME_option', average_time=1, batch_size=128, bottleneck_option='None', cutlayer=4, data_proportion=0.2, dataset='cifar100', filename='ace_V2_epoch_vgg11_bn_cutlayer_4_client_1_seed125_dataset_cifar100_lr_0.05_200epoch', folder='saves/baseline', learning_rate=0.005, noniid_ratio=1.0, num_client=1, num_epochs='best', num_query=1, random_seed=123, regularization='None', regularization_strength=0.0, scheme='V2_epoch', surrogate_arch='same', test_best=True, train_clas_layer=2.0)
2022-04-27 17:39:41,835 DEBUG Test (client-0):	Loss 1.2311 (1.7817)	Prec@1 75.000 (68.630)
2022-04-27 17:39:41,836 DEBUG  * Prec@1 68.630
2022-04-27 17:39:41,932 DEBUG 4
2022-04-27 17:39:41,932 DEBUG surrogate parameter has 4 trainable parameters!
2022-04-27 17:39:47,415 DEBUG epoch: 0, val_acc: 0.89, val_fidelity: 1.06
2022-04-27 17:39:51,927 DEBUG epoch: 1, train_acc: 54.12381329113924, val_acc: 66.28, fidel_score: 85.76, acc_loss: 3.1772548956207083, grad_loss: None
2022-04-27 17:39:55,990 DEBUG epoch: 2, train_acc: 94.3631329113924, val_acc: 67.74, fidel_score: 91.8, acc_loss: 0.9008934062115753, grad_loss: None
2022-04-27 17:39:59,956 DEBUG epoch: 3, train_acc: 94.31368670886076, val_acc: 67.74, fidel_score: 92.06, acc_loss: 0.5224571140317977, grad_loss: None
2022-04-27 17:40:04,025 DEBUG epoch: 4, train_acc: 94.9070411392405, val_acc: 67.68, fidel_score: 92.2, acc_loss: 0.38001028773716733, grad_loss: None
2022-04-27 17:40:08,080 DEBUG epoch: 5, train_acc: 93.83900316455696, val_acc: 67.89, fidel_score: 92.29, acc_loss: 0.36568266167482244, grad_loss: None
2022-04-27 17:40:11,995 DEBUG epoch: 6, train_acc: 95.4806170886076, val_acc: 67.63, fidel_score: 92.63, acc_loss: 0.26016845664928984, grad_loss: None
2022-04-27 17:40:15,949 DEBUG epoch: 7, train_acc: 94.48180379746836, val_acc: 67.7, fidel_score: 92.32, acc_loss: 0.28424471744065044, grad_loss: None
2022-04-27 17:40:19,781 DEBUG epoch: 8, train_acc: 96.00474683544304, val_acc: 67.95, fidel_score: 93.1, acc_loss: 0.21405139071513204, grad_loss: None
2022-04-27 17:40:23,537 DEBUG epoch: 9, train_acc: 95.57950949367088, val_acc: 67.93, fidel_score: 92.71, acc_loss: 0.22167666179799958, grad_loss: None
2022-04-27 17:40:27,351 DEBUG epoch: 10, train_acc: 94.96637658227849, val_acc: 67.8, fidel_score: 92.42, acc_loss: 0.24070290037536923, grad_loss: None
2022-04-27 17:40:31,228 DEBUG epoch: 11, train_acc: 95.59928797468355, val_acc: 67.57, fidel_score: 92.21, acc_loss: 0.20572893824899877, grad_loss: None
2022-04-27 17:40:35,230 DEBUG epoch: 12, train_acc: 95.57950949367088, val_acc: 67.83, fidel_score: 92.82, acc_loss: 0.19271945869667997, grad_loss: None
2022-04-27 17:40:39,384 DEBUG epoch: 13, train_acc: 94.64003164556962, val_acc: 67.61, fidel_score: 91.78, acc_loss: 0.229355979086006, grad_loss: None
2022-04-27 17:40:43,436 DEBUG epoch: 14, train_acc: 95.34216772151899, val_acc: 67.73, fidel_score: 92.27, acc_loss: 0.20754309145945915, grad_loss: None
2022-04-27 17:40:47,581 DEBUG epoch: 15, train_acc: 94.40268987341773, val_acc: 67.7, fidel_score: 92.15, acc_loss: 0.2361774615283254, grad_loss: None
2022-04-27 17:40:51,956 DEBUG epoch: 16, train_acc: 95.47072784810126, val_acc: 67.92, fidel_score: 92.3, acc_loss: 0.1965906450707654, grad_loss: None
2022-04-27 17:40:56,115 DEBUG epoch: 17, train_acc: 95.03560126582279, val_acc: 67.75, fidel_score: 92.06, acc_loss: 0.2056985870357367, grad_loss: None
2022-04-27 17:41:00,273 DEBUG epoch: 18, train_acc: 95.6882911392405, val_acc: 67.96, fidel_score: 92.0, acc_loss: 0.1771645121441423, grad_loss: None
2022-04-27 17:41:04,356 DEBUG epoch: 19, train_acc: 95.47072784810126, val_acc: 67.74, fidel_score: 91.66, acc_loss: 0.18809351362759555, grad_loss: None
2022-04-27 17:41:08,558 DEBUG epoch: 20, train_acc: 96.10363924050633, val_acc: 67.71, fidel_score: 91.73, acc_loss: 0.1620154056132217, grad_loss: None
2022-04-27 17:41:12,588 DEBUG epoch: 21, train_acc: 95.25316455696202, val_acc: 67.81, fidel_score: 91.91, acc_loss: 0.18347105873701505, grad_loss: None
2022-04-27 17:41:16,554 DEBUG epoch: 22, train_acc: 95.11471518987342, val_acc: 67.42, fidel_score: 91.11, acc_loss: 0.1887273676015578, grad_loss: None
2022-04-27 17:41:20,460 DEBUG epoch: 23, train_acc: 96.04430379746836, val_acc: 67.5, fidel_score: 91.22, acc_loss: 0.1547416086703586, grad_loss: None
2022-04-27 17:41:24,024 DEBUG epoch: 24, train_acc: 94.74881329113924, val_acc: 67.63, fidel_score: 91.76, acc_loss: 0.2076011608189703, grad_loss: None
2022-04-27 17:41:27,889 DEBUG epoch: 25, train_acc: 94.87737341772151, val_acc: 67.75, fidel_score: 91.96, acc_loss: 0.19693173465165723, grad_loss: None
2022-04-27 17:41:31,793 DEBUG epoch: 26, train_acc: 95.42128164556962, val_acc: 67.97, fidel_score: 92.24, acc_loss: 0.1794415734136548, grad_loss: None
2022-04-27 17:41:35,871 DEBUG epoch: 27, train_acc: 94.84770569620254, val_acc: 67.41, fidel_score: 91.37, acc_loss: 0.19625714581601228, grad_loss: None
2022-04-27 17:41:39,861 DEBUG epoch: 28, train_acc: 95.62895569620254, val_acc: 67.53, fidel_score: 91.57, acc_loss: 0.1710512634437484, grad_loss: None
2022-04-27 17:41:43,922 DEBUG epoch: 29, train_acc: 95.55973101265823, val_acc: 67.51, fidel_score: 91.41, acc_loss: 0.17340502639808045, grad_loss: None
2022-04-27 17:41:47,995 DEBUG epoch: 30, train_acc: 95.56962025316456, val_acc: 67.74, fidel_score: 91.47, acc_loss: 0.17304102733695903, grad_loss: None
2022-04-27 17:41:52,061 DEBUG epoch: 31, train_acc: 95.46083860759494, val_acc: 67.61, fidel_score: 91.19, acc_loss: 0.1745584750123605, grad_loss: None
2022-04-27 17:41:56,112 DEBUG epoch: 32, train_acc: 96.08386075949367, val_acc: 67.79, fidel_score: 91.74, acc_loss: 0.14907922215842276, grad_loss: None
2022-04-27 17:42:00,266 DEBUG epoch: 33, train_acc: 95.90585443037975, val_acc: 67.75, fidel_score: 91.41, acc_loss: 0.1599152677521534, grad_loss: None
2022-04-27 17:42:04,537 DEBUG epoch: 34, train_acc: 95.08504746835443, val_acc: 67.86, fidel_score: 91.82, acc_loss: 0.18025073157387633, grad_loss: None
2022-04-27 17:42:08,541 DEBUG epoch: 35, train_acc: 95.60917721518987, val_acc: 67.56, fidel_score: 91.42, acc_loss: 0.17069945126017438, grad_loss: None
2022-04-27 17:42:12,616 DEBUG epoch: 36, train_acc: 95.26305379746836, val_acc: 67.67, fidel_score: 92.0, acc_loss: 0.17819180711219676, grad_loss: None
2022-04-27 17:42:16,800 DEBUG epoch: 37, train_acc: 95.32238924050633, val_acc: 67.63, fidel_score: 91.13, acc_loss: 0.18704356653674778, grad_loss: None
2022-04-27 17:42:20,893 DEBUG epoch: 38, train_acc: 94.8378164556962, val_acc: 67.59, fidel_score: 91.51, acc_loss: 0.1963672366647545, grad_loss: None
2022-04-27 17:42:24,865 DEBUG epoch: 39, train_acc: 95.53995253164557, val_acc: 67.65, fidel_score: 91.59, acc_loss: 0.16794158901748119, grad_loss: None
2022-04-27 17:42:28,924 DEBUG epoch: 40, train_acc: 95.7871835443038, val_acc: 67.58, fidel_score: 91.55, acc_loss: 0.17201859494553337, grad_loss: None
2022-04-27 17:42:32,963 DEBUG epoch: 41, train_acc: 95.47072784810126, val_acc: 67.77, fidel_score: 91.44, acc_loss: 0.17677292294352304, grad_loss: None
2022-04-27 17:42:36,959 DEBUG epoch: 42, train_acc: 95.18393987341773, val_acc: 67.91, fidel_score: 91.88, acc_loss: 0.1833128629015063, grad_loss: None
2022-04-27 17:42:40,941 DEBUG epoch: 43, train_acc: 95.47072784810126, val_acc: 67.6, fidel_score: 90.75, acc_loss: 0.18024089169110866, grad_loss: None
2022-04-27 17:42:44,976 DEBUG epoch: 44, train_acc: 94.74881329113924, val_acc: 67.6, fidel_score: 91.29, acc_loss: 0.19559379119154868, grad_loss: None
2022-04-27 17:42:49,165 DEBUG epoch: 45, train_acc: 96.81566455696202, val_acc: 67.77, fidel_score: 91.64, acc_loss: 0.12406995136856655, grad_loss: None
2022-04-27 17:42:53,247 DEBUG epoch: 46, train_acc: 96.05419303797468, val_acc: 67.92, fidel_score: 91.25, acc_loss: 0.15074752160359786, grad_loss: None
2022-04-27 17:42:57,281 DEBUG epoch: 47, train_acc: 95.3125, val_acc: 67.66, fidel_score: 91.16, acc_loss: 0.16902442852659977, grad_loss: None
2022-04-27 17:43:01,447 DEBUG epoch: 48, train_acc: 95.91574367088607, val_acc: 67.55, fidel_score: 91.49, acc_loss: 0.1514000010387854, grad_loss: None
2022-04-27 17:43:05,597 DEBUG epoch: 49, train_acc: 95.58939873417721, val_acc: 67.7, fidel_score: 91.47, acc_loss: 0.17230762986619544, grad_loss: None
2022-04-27 17:43:09,635 DEBUG epoch: 50, train_acc: 94.68947784810126, val_acc: 67.64, fidel_score: 91.29, acc_loss: 0.19766005091192318, grad_loss: None
2022-04-27 17:43:13,537 DEBUG epoch: 51, train_acc: 96.07397151898734, val_acc: 67.68, fidel_score: 91.36, acc_loss: 0.14517202413098626, grad_loss: None
2022-04-27 17:43:17,502 DEBUG epoch: 52, train_acc: 95.95530063291139, val_acc: 67.6, fidel_score: 91.2, acc_loss: 0.1527890007032223, grad_loss: None
2022-04-27 17:43:21,550 DEBUG epoch: 53, train_acc: 95.32238924050633, val_acc: 67.65, fidel_score: 91.05, acc_loss: 0.17553835626856623, grad_loss: None
2022-04-27 17:43:25,638 DEBUG epoch: 54, train_acc: 96.29153481012658, val_acc: 67.61, fidel_score: 91.06, acc_loss: 0.1406469260035908, grad_loss: None
2022-04-27 17:43:29,819 DEBUG epoch: 55, train_acc: 96.76621835443038, val_acc: 67.74, fidel_score: 91.65, acc_loss: 0.12484848177166585, grad_loss: None
2022-04-27 17:43:33,848 DEBUG epoch: 56, train_acc: 95.6882911392405, val_acc: 67.62, fidel_score: 91.04, acc_loss: 0.16255101833869762, grad_loss: None
2022-04-27 17:43:37,770 DEBUG epoch: 57, train_acc: 95.95530063291139, val_acc: 67.62, fidel_score: 91.67, acc_loss: 0.14956377735626708, grad_loss: None
2022-04-27 17:43:41,722 DEBUG epoch: 58, train_acc: 95.3817246835443, val_acc: 67.7, fidel_score: 90.96, acc_loss: 0.1734239748897196, grad_loss: None
2022-04-27 17:43:45,447 DEBUG epoch: 59, train_acc: 96.00474683544304, val_acc: 67.66, fidel_score: 91.25, acc_loss: 0.1489430882325514, grad_loss: None
2022-04-27 17:43:49,299 DEBUG epoch: 60, train_acc: 95.44106012658227, val_acc: 67.62, fidel_score: 91.37, acc_loss: 0.17407778028068663, grad_loss: None
2022-04-27 17:43:53,312 DEBUG epoch: 61, train_acc: 96.14319620253164, val_acc: 67.64, fidel_score: 91.49, acc_loss: 0.14452718758271843, grad_loss: None
2022-04-27 17:43:57,487 DEBUG epoch: 62, train_acc: 95.45094936708861, val_acc: 67.61, fidel_score: 91.42, acc_loss: 0.16776315966117067, grad_loss: None
2022-04-27 17:44:01,438 DEBUG epoch: 63, train_acc: 94.80814873417721, val_acc: 67.72, fidel_score: 91.72, acc_loss: 0.19257345141347829, grad_loss: None
2022-04-27 17:44:05,502 DEBUG epoch: 64, train_acc: 96.1629746835443, val_acc: 67.69, fidel_score: 91.74, acc_loss: 0.14944388486995344, grad_loss: None
2022-04-27 17:44:09,566 DEBUG epoch: 65, train_acc: 94.88726265822785, val_acc: 67.85, fidel_score: 91.71, acc_loss: 0.1885795447934136, grad_loss: None
2022-04-27 17:44:13,868 DEBUG epoch: 66, train_acc: 95.60917721518987, val_acc: 67.75, fidel_score: 91.56, acc_loss: 0.16176418266907522, grad_loss: None
2022-04-27 17:44:18,109 DEBUG epoch: 67, train_acc: 96.47943037974683, val_acc: 67.79, fidel_score: 91.61, acc_loss: 0.13477011215932008, grad_loss: None
2022-04-27 17:44:22,514 DEBUG epoch: 68, train_acc: 96.64754746835443, val_acc: 67.79, fidel_score: 91.63, acc_loss: 0.12486660986832238, grad_loss: None
2022-04-27 17:44:26,838 DEBUG epoch: 69, train_acc: 96.51898734177215, val_acc: 67.68, fidel_score: 91.36, acc_loss: 0.1315606117640516, grad_loss: None
2022-04-27 17:44:31,087 DEBUG epoch: 70, train_acc: 95.6190664556962, val_acc: 67.7, fidel_score: 91.53, acc_loss: 0.16390420821247786, grad_loss: None
2022-04-27 17:44:35,269 DEBUG epoch: 71, train_acc: 95.57950949367088, val_acc: 67.76, fidel_score: 91.78, acc_loss: 0.1735741310853134, grad_loss: None
2022-04-27 17:44:39,396 DEBUG epoch: 72, train_acc: 96.75632911392405, val_acc: 67.83, fidel_score: 91.71, acc_loss: 0.11808654204853869, grad_loss: None
2022-04-27 17:44:43,690 DEBUG epoch: 73, train_acc: 95.47072784810126, val_acc: 67.68, fidel_score: 91.55, acc_loss: 0.17611170764658837, grad_loss: None
2022-04-27 17:44:47,759 DEBUG epoch: 74, train_acc: 96.58821202531645, val_acc: 67.83, fidel_score: 91.79, acc_loss: 0.1338423380423396, grad_loss: None
2022-04-27 17:44:51,773 DEBUG epoch: 75, train_acc: 96.1629746835443, val_acc: 67.76, fidel_score: 91.7, acc_loss: 0.14448507625868992, grad_loss: None
2022-04-27 17:44:55,847 DEBUG epoch: 76, train_acc: 95.5498417721519, val_acc: 67.73, fidel_score: 91.8, acc_loss: 0.16435984532566905, grad_loss: None
2022-04-27 17:44:59,634 DEBUG epoch: 77, train_acc: 94.79825949367088, val_acc: 67.63, fidel_score: 91.79, acc_loss: 0.19157788752065383, grad_loss: None
2022-04-27 17:45:03,420 DEBUG epoch: 78, train_acc: 96.31131329113924, val_acc: 67.71, fidel_score: 91.57, acc_loss: 0.14396153619259455, grad_loss: None
2022-04-27 17:45:07,345 DEBUG epoch: 79, train_acc: 95.19382911392405, val_acc: 67.78, fidel_score: 91.58, acc_loss: 0.18410249119123467, grad_loss: None
2022-04-27 17:45:11,262 DEBUG epoch: 80, train_acc: 95.65862341772151, val_acc: 67.73, fidel_score: 91.63, acc_loss: 0.1616973259657197, grad_loss: None
2022-04-27 17:45:15,420 DEBUG epoch: 81, train_acc: 95.13449367088607, val_acc: 67.62, fidel_score: 91.47, acc_loss: 0.18957180416070019, grad_loss: None
2022-04-27 17:45:19,382 DEBUG epoch: 82, train_acc: 94.92681962025317, val_acc: 67.73, fidel_score: 91.6, acc_loss: 0.19163759282342147, grad_loss: None
2022-04-27 17:45:23,276 DEBUG epoch: 83, train_acc: 95.84651898734177, val_acc: 67.75, fidel_score: 91.55, acc_loss: 0.15065485647514085, grad_loss: None
2022-04-27 17:45:27,028 DEBUG epoch: 84, train_acc: 95.9948575949367, val_acc: 67.78, fidel_score: 91.68, acc_loss: 0.1473488909887928, grad_loss: None
2022-04-27 17:45:30,679 DEBUG epoch: 85, train_acc: 96.21242088607595, val_acc: 67.68, fidel_score: 91.4, acc_loss: 0.14606364491937943, grad_loss: None
2022-04-27 17:45:34,616 DEBUG epoch: 86, train_acc: 95.4113924050633, val_acc: 67.67, fidel_score: 91.38, acc_loss: 0.1753951792216188, grad_loss: None
2022-04-27 17:45:38,554 DEBUG epoch: 87, train_acc: 95.75751582278481, val_acc: 67.66, fidel_score: 91.6, acc_loss: 0.1695121840833203, grad_loss: None
2022-04-27 17:45:42,659 DEBUG epoch: 88, train_acc: 96.28164556962025, val_acc: 67.67, fidel_score: 91.66, acc_loss: 0.1387658639357107, grad_loss: None
2022-04-27 17:45:46,675 DEBUG epoch: 89, train_acc: 95.51028481012658, val_acc: 67.72, fidel_score: 91.7, acc_loss: 0.1679236360242048, grad_loss: None
2022-04-27 17:45:50,634 DEBUG epoch: 90, train_acc: 95.66851265822785, val_acc: 67.61, fidel_score: 91.44, acc_loss: 0.16865359477793115, grad_loss: None
2022-04-27 17:45:54,610 DEBUG epoch: 91, train_acc: 95.36194620253164, val_acc: 67.63, fidel_score: 91.42, acc_loss: 0.17088028018751852, grad_loss: None
2022-04-27 17:45:58,691 DEBUG epoch: 92, train_acc: 95.93552215189874, val_acc: 67.65, fidel_score: 91.45, acc_loss: 0.15676678192972712, grad_loss: None
2022-04-27 17:46:02,548 DEBUG epoch: 93, train_acc: 96.52887658227849, val_acc: 67.73, fidel_score: 91.56, acc_loss: 0.13477031652862795, grad_loss: None
2022-04-27 17:46:06,507 DEBUG epoch: 94, train_acc: 95.45094936708861, val_acc: 67.71, fidel_score: 91.57, acc_loss: 0.17058383201726393, grad_loss: None
2022-04-27 17:46:10,370 DEBUG epoch: 95, train_acc: 96.36075949367088, val_acc: 67.73, fidel_score: 91.6, acc_loss: 0.14223123564608867, grad_loss: None
2022-04-27 17:46:14,178 DEBUG epoch: 96, train_acc: 96.31131329113924, val_acc: 67.81, fidel_score: 91.57, acc_loss: 0.1369073351629998, grad_loss: None
2022-04-27 17:46:18,080 DEBUG epoch: 97, train_acc: 95.20371835443038, val_acc: 67.69, fidel_score: 91.54, acc_loss: 0.1816020687582278, grad_loss: None
2022-04-27 17:46:22,091 DEBUG epoch: 98, train_acc: 95.70806962025317, val_acc: 67.75, fidel_score: 91.45, acc_loss: 0.16152276054814552, grad_loss: None
2022-04-27 17:46:26,271 DEBUG epoch: 99, train_acc: 96.0245253164557, val_acc: 67.77, fidel_score: 91.62, acc_loss: 0.1502748298152244, grad_loss: None
2022-04-27 17:46:30,302 DEBUG epoch: 100, train_acc: 95.98496835443038, val_acc: 67.66, fidel_score: 91.5, acc_loss: 0.14562384969307274, grad_loss: None
2022-04-27 17:46:34,423 DEBUG epoch: 101, train_acc: 96.00474683544304, val_acc: 67.67, fidel_score: 91.47, acc_loss: 0.15393738196337525, grad_loss: None
2022-04-27 17:46:38,636 DEBUG epoch: 102, train_acc: 96.11352848101266, val_acc: 67.77, fidel_score: 91.46, acc_loss: 0.14334543259472504, grad_loss: None
2022-04-27 17:46:42,825 DEBUG epoch: 103, train_acc: 94.97626582278481, val_acc: 67.75, fidel_score: 91.42, acc_loss: 0.1907888170113622, grad_loss: None
2022-04-27 17:46:47,003 DEBUG epoch: 104, train_acc: 95.95530063291139, val_acc: 67.72, fidel_score: 91.38, acc_loss: 0.150487365878977, grad_loss: None
2022-04-27 17:46:51,134 DEBUG epoch: 105, train_acc: 96.37064873417721, val_acc: 67.76, fidel_score: 91.49, acc_loss: 0.13749660979484832, grad_loss: None
2022-04-27 17:46:55,156 DEBUG epoch: 106, train_acc: 95.0751582278481, val_acc: 67.64, fidel_score: 91.51, acc_loss: 0.18127867526189081, grad_loss: None
2022-04-27 17:46:59,273 DEBUG epoch: 107, train_acc: 95.51028481012658, val_acc: 67.63, fidel_score: 91.5, acc_loss: 0.16754486812927016, grad_loss: None
2022-04-27 17:47:03,416 DEBUG epoch: 108, train_acc: 96.15308544303798, val_acc: 67.67, fidel_score: 91.4, acc_loss: 0.14236318341845386, grad_loss: None
2022-04-27 17:47:07,686 DEBUG epoch: 109, train_acc: 96.08386075949367, val_acc: 67.74, fidel_score: 91.58, acc_loss: 0.1517925087562939, grad_loss: None
2022-04-27 17:47:11,877 DEBUG epoch: 110, train_acc: 95.55973101265823, val_acc: 67.65, fidel_score: 91.6, acc_loss: 0.16673590216927137, grad_loss: None
2022-04-27 17:47:15,851 DEBUG epoch: 111, train_acc: 96.03441455696202, val_acc: 67.67, fidel_score: 91.72, acc_loss: 0.15207300931981566, grad_loss: None
2022-04-27 17:47:19,716 DEBUG epoch: 112, train_acc: 96.3310917721519, val_acc: 67.72, fidel_score: 91.75, acc_loss: 0.13430252158130176, grad_loss: None
2022-04-27 17:47:23,690 DEBUG epoch: 113, train_acc: 95.13449367088607, val_acc: 67.74, fidel_score: 91.62, acc_loss: 0.18016687276348756, grad_loss: None
2022-04-27 17:47:27,735 DEBUG epoch: 114, train_acc: 95.89596518987342, val_acc: 67.66, fidel_score: 91.58, acc_loss: 0.15071003873172345, grad_loss: None
2022-04-27 17:47:31,850 DEBUG epoch: 115, train_acc: 96.59810126582279, val_acc: 67.7, fidel_score: 91.48, acc_loss: 0.12672523173350322, grad_loss: None
2022-04-27 17:47:35,847 DEBUG epoch: 116, train_acc: 95.77729430379746, val_acc: 67.75, fidel_score: 91.59, acc_loss: 0.15903249978901277, grad_loss: None
2022-04-27 17:47:39,781 DEBUG epoch: 117, train_acc: 95.73773734177215, val_acc: 67.85, fidel_score: 91.66, acc_loss: 0.15625464312048465, grad_loss: None
2022-04-27 17:47:43,821 DEBUG epoch: 118, train_acc: 95.8564082278481, val_acc: 67.82, fidel_score: 91.9, acc_loss: 0.15491395352313977, grad_loss: None
2022-04-27 17:47:47,807 DEBUG epoch: 119, train_acc: 95.2136075949367, val_acc: 67.7, fidel_score: 91.58, acc_loss: 0.17574989911805414, grad_loss: None
2022-04-27 17:47:51,696 DEBUG epoch: 120, train_acc: 95.94541139240506, val_acc: 67.67, fidel_score: 91.52, acc_loss: 0.14607221234731282, grad_loss: None
2022-04-27 17:47:55,574 DEBUG epoch: 121, train_acc: 95.51028481012658, val_acc: 67.7, fidel_score: 91.69, acc_loss: 0.16453738264073442, grad_loss: None
2022-04-27 17:47:59,666 DEBUG epoch: 122, train_acc: 95.5498417721519, val_acc: 67.8, fidel_score: 91.34, acc_loss: 0.1658794654833884, grad_loss: None
2022-04-27 17:48:03,888 DEBUG epoch: 123, train_acc: 95.73773734177215, val_acc: 67.77, fidel_score: 91.65, acc_loss: 0.15320266283977824, grad_loss: None
2022-04-27 17:48:07,840 DEBUG epoch: 124, train_acc: 96.13330696202532, val_acc: 67.88, fidel_score: 91.72, acc_loss: 0.14461106818782377, grad_loss: None
2022-04-27 17:48:11,666 DEBUG epoch: 125, train_acc: 96.34098101265823, val_acc: 67.75, fidel_score: 91.47, acc_loss: 0.13984030938141426, grad_loss: None
2022-04-27 17:48:15,587 DEBUG epoch: 126, train_acc: 96.1629746835443, val_acc: 67.74, fidel_score: 91.61, acc_loss: 0.14254223742475144, grad_loss: None
2022-04-27 17:48:19,768 DEBUG epoch: 127, train_acc: 95.53995253164557, val_acc: 67.68, fidel_score: 91.55, acc_loss: 0.17104508777007554, grad_loss: None
2022-04-27 17:48:23,821 DEBUG epoch: 128, train_acc: 95.65862341772151, val_acc: 67.72, fidel_score: 91.52, acc_loss: 0.1599939919247799, grad_loss: None
2022-04-27 17:48:27,823 DEBUG epoch: 129, train_acc: 96.23219936708861, val_acc: 67.68, fidel_score: 91.67, acc_loss: 0.1415397046558276, grad_loss: None
2022-04-27 17:48:31,869 DEBUG epoch: 130, train_acc: 96.09375, val_acc: 67.67, fidel_score: 91.64, acc_loss: 0.14947020759381638, grad_loss: None
2022-04-27 17:48:35,890 DEBUG epoch: 131, train_acc: 96.09375, val_acc: 67.62, fidel_score: 91.55, acc_loss: 0.1484329184116442, grad_loss: None
2022-04-27 17:48:39,863 DEBUG epoch: 132, train_acc: 96.0245253164557, val_acc: 67.72, fidel_score: 91.54, acc_loss: 0.15355975839052985, grad_loss: None
2022-04-27 17:48:43,905 DEBUG epoch: 133, train_acc: 95.74762658227849, val_acc: 67.71, fidel_score: 91.57, acc_loss: 0.15802603364403395, grad_loss: None
2022-04-27 17:48:48,040 DEBUG epoch: 134, train_acc: 95.32238924050633, val_acc: 67.7, fidel_score: 91.41, acc_loss: 0.17058254441664897, grad_loss: None
2022-04-27 17:48:52,316 DEBUG epoch: 135, train_acc: 96.23219936708861, val_acc: 67.72, fidel_score: 91.57, acc_loss: 0.14853600152367372, grad_loss: None
2022-04-27 17:48:56,445 DEBUG epoch: 136, train_acc: 95.73773734177215, val_acc: 67.72, fidel_score: 91.68, acc_loss: 0.16465837970417277, grad_loss: None
2022-04-27 17:49:00,439 DEBUG epoch: 137, train_acc: 94.47191455696202, val_acc: 67.71, fidel_score: 91.59, acc_loss: 0.1939168879003382, grad_loss: None
2022-04-27 17:49:04,493 DEBUG epoch: 138, train_acc: 96.01463607594937, val_acc: 67.6, fidel_score: 91.4, acc_loss: 0.14850937201246572, grad_loss: None
2022-04-27 17:49:08,630 DEBUG epoch: 139, train_acc: 95.81685126582279, val_acc: 67.77, fidel_score: 91.43, acc_loss: 0.15589813372898328, grad_loss: None
2022-04-27 17:49:12,719 DEBUG epoch: 140, train_acc: 94.99604430379746, val_acc: 67.75, fidel_score: 91.45, acc_loss: 0.18958844908784273, grad_loss: None
2022-04-27 17:49:16,874 DEBUG epoch: 141, train_acc: 95.04549050632912, val_acc: 67.69, fidel_score: 91.26, acc_loss: 0.18780626890933305, grad_loss: None
2022-04-27 17:49:20,939 DEBUG epoch: 142, train_acc: 96.09375, val_acc: 67.64, fidel_score: 91.54, acc_loss: 0.14498861821197398, grad_loss: None
2022-04-27 17:49:25,058 DEBUG epoch: 143, train_acc: 95.9948575949367, val_acc: 67.72, fidel_score: 91.49, acc_loss: 0.15321416281387681, grad_loss: None
2022-04-27 17:49:29,230 DEBUG epoch: 144, train_acc: 95.69818037974683, val_acc: 67.84, fidel_score: 91.7, acc_loss: 0.15704121407934854, grad_loss: None
2022-04-27 17:49:33,379 DEBUG epoch: 145, train_acc: 95.6882911392405, val_acc: 67.81, fidel_score: 91.62, acc_loss: 0.16117123319602372, grad_loss: None
2022-04-27 17:49:37,428 DEBUG epoch: 146, train_acc: 96.44976265822785, val_acc: 67.77, fidel_score: 91.63, acc_loss: 0.13432388736047088, grad_loss: None
2022-04-27 17:49:41,252 DEBUG epoch: 147, train_acc: 96.7761075949367, val_acc: 67.7, fidel_score: 91.56, acc_loss: 0.12141679005131503, grad_loss: None
2022-04-27 17:49:45,089 DEBUG epoch: 148, train_acc: 96.27175632911393, val_acc: 67.83, fidel_score: 91.57, acc_loss: 0.14170539327543466, grad_loss: None
2022-04-27 17:49:48,901 DEBUG epoch: 149, train_acc: 96.73655063291139, val_acc: 67.66, fidel_score: 91.48, acc_loss: 0.12427322553246742, grad_loss: None
2022-04-27 17:49:52,834 DEBUG epoch: 150, train_acc: 96.17286392405063, val_acc: 67.7, fidel_score: 91.56, acc_loss: 0.14711072936925235, grad_loss: None
2022-04-27 17:49:56,727 DEBUG epoch: 151, train_acc: 95.1443829113924, val_acc: 67.7, fidel_score: 91.51, acc_loss: 0.17372965560990233, grad_loss: None
2022-04-27 17:50:00,734 DEBUG epoch: 152, train_acc: 96.86511075949367, val_acc: 67.71, fidel_score: 91.5, acc_loss: 0.11860990012654021, grad_loss: None
2022-04-27 17:50:04,778 DEBUG epoch: 153, train_acc: 95.2432753164557, val_acc: 67.73, fidel_score: 91.52, acc_loss: 0.17915565815689397, grad_loss: None
2022-04-27 17:50:08,629 DEBUG epoch: 154, train_acc: 94.84770569620254, val_acc: 67.76, fidel_score: 91.52, acc_loss: 0.18328644371226052, grad_loss: None
2022-04-27 17:50:12,528 DEBUG epoch: 155, train_acc: 96.38053797468355, val_acc: 67.78, fidel_score: 91.57, acc_loss: 0.13773100232982513, grad_loss: None
2022-04-27 17:50:16,589 DEBUG epoch: 156, train_acc: 95.53995253164557, val_acc: 67.75, fidel_score: 91.64, acc_loss: 0.17224286238167766, grad_loss: None
2022-04-27 17:50:20,659 DEBUG epoch: 157, train_acc: 95.91574367088607, val_acc: 67.73, fidel_score: 91.7, acc_loss: 0.1546130380961643, grad_loss: None
2022-04-27 17:50:24,717 DEBUG epoch: 158, train_acc: 97.08267405063292, val_acc: 67.78, fidel_score: 91.69, acc_loss: 0.11487546687668684, grad_loss: None
2022-04-27 17:50:28,655 DEBUG epoch: 159, train_acc: 96.1629746835443, val_acc: 67.77, fidel_score: 91.73, acc_loss: 0.1440167309454041, grad_loss: None
2022-04-27 17:50:32,575 DEBUG epoch: 160, train_acc: 95.88607594936708, val_acc: 67.81, fidel_score: 91.75, acc_loss: 0.16450453321729444, grad_loss: None
2022-04-27 17:50:36,564 DEBUG epoch: 161, train_acc: 94.82792721518987, val_acc: 67.82, fidel_score: 91.7, acc_loss: 0.1976367444082906, grad_loss: None
2022-04-27 17:50:40,616 DEBUG epoch: 162, train_acc: 95.46083860759494, val_acc: 67.83, fidel_score: 91.69, acc_loss: 0.17213792367720435, grad_loss: None
2022-04-27 17:50:44,499 DEBUG epoch: 163, train_acc: 96.29153481012658, val_acc: 67.8, fidel_score: 91.64, acc_loss: 0.14739838207753586, grad_loss: None
2022-04-27 17:50:48,209 DEBUG epoch: 164, train_acc: 95.13449367088607, val_acc: 67.78, fidel_score: 91.65, acc_loss: 0.1753355705877766, grad_loss: None
2022-04-27 17:50:51,951 DEBUG epoch: 165, train_acc: 95.81685126582279, val_acc: 67.76, fidel_score: 91.62, acc_loss: 0.16208716762204997, grad_loss: None
2022-04-27 17:50:55,797 DEBUG epoch: 166, train_acc: 95.79707278481013, val_acc: 67.77, fidel_score: 91.6, acc_loss: 0.16508256255566509, grad_loss: None
2022-04-27 17:50:59,695 DEBUG epoch: 167, train_acc: 95.58939873417721, val_acc: 67.76, fidel_score: 91.62, acc_loss: 0.16633055848364212, grad_loss: None
2022-04-27 17:51:03,846 DEBUG epoch: 168, train_acc: 96.65743670886076, val_acc: 67.75, fidel_score: 91.58, acc_loss: 0.125913740652967, grad_loss: None
2022-04-27 17:51:07,889 DEBUG epoch: 169, train_acc: 96.81566455696202, val_acc: 67.78, fidel_score: 91.6, acc_loss: 0.119852153675725, grad_loss: None
2022-04-27 17:51:11,801 DEBUG epoch: 170, train_acc: 95.28283227848101, val_acc: 67.75, fidel_score: 91.61, acc_loss: 0.17586164427420148, grad_loss: None
2022-04-27 17:51:14,629 DEBUG epoch: 171, train_acc: 96.12341772151899, val_acc: 67.73, fidel_score: 91.62, acc_loss: 0.1513880634344407, grad_loss: None
2022-04-27 17:51:17,630 DEBUG epoch: 172, train_acc: 96.21242088607595, val_acc: 67.77, fidel_score: 91.58, acc_loss: 0.14191882581674034, grad_loss: None
2022-04-27 17:51:20,848 DEBUG epoch: 173, train_acc: 95.86629746835443, val_acc: 67.77, fidel_score: 91.53, acc_loss: 0.14917098859596195, grad_loss: None
2022-04-27 17:51:24,976 DEBUG epoch: 174, train_acc: 95.44106012658227, val_acc: 67.73, fidel_score: 91.49, acc_loss: 0.16807105839311418, grad_loss: None
2022-04-27 17:51:28,888 DEBUG epoch: 175, train_acc: 96.34098101265823, val_acc: 67.71, fidel_score: 91.41, acc_loss: 0.14180354466308145, grad_loss: None
2022-04-27 17:51:33,305 DEBUG epoch: 176, train_acc: 95.65862341772151, val_acc: 67.76, fidel_score: 91.43, acc_loss: 0.17316767476540343, grad_loss: None
2022-04-27 17:51:37,351 DEBUG epoch: 177, train_acc: 96.00474683544304, val_acc: 67.79, fidel_score: 91.5, acc_loss: 0.15560842698581423, grad_loss: None
2022-04-27 17:51:41,224 DEBUG epoch: 178, train_acc: 96.43987341772151, val_acc: 67.8, fidel_score: 91.47, acc_loss: 0.13137018684109178, grad_loss: None
2022-04-27 17:51:44,988 DEBUG epoch: 179, train_acc: 96.21242088607595, val_acc: 67.77, fidel_score: 91.53, acc_loss: 0.1425150001887232, grad_loss: None
2022-04-27 17:51:48,655 DEBUG epoch: 180, train_acc: 95.88607594936708, val_acc: 67.78, fidel_score: 91.48, acc_loss: 0.15008475489271922, grad_loss: None
2022-04-27 17:51:52,572 DEBUG epoch: 181, train_acc: 96.58821202531645, val_acc: 67.74, fidel_score: 91.53, acc_loss: 0.12947659365261044, grad_loss: None
2022-04-27 17:51:56,584 DEBUG epoch: 182, train_acc: 95.30261075949367, val_acc: 67.77, fidel_score: 91.53, acc_loss: 0.17304027903990088, grad_loss: None
2022-04-27 17:52:00,760 DEBUG epoch: 183, train_acc: 95.06526898734177, val_acc: 67.77, fidel_score: 91.46, acc_loss: 0.18449246473507247, grad_loss: None
2022-04-27 17:52:04,832 DEBUG epoch: 184, train_acc: 95.70806962025317, val_acc: 67.77, fidel_score: 91.54, acc_loss: 0.16136028483521805, grad_loss: None
2022-04-27 17:52:08,741 DEBUG epoch: 185, train_acc: 96.04430379746836, val_acc: 67.73, fidel_score: 91.52, acc_loss: 0.14787109507854934, grad_loss: None
2022-04-27 17:52:12,664 DEBUG epoch: 186, train_acc: 95.20371835443038, val_acc: 67.76, fidel_score: 91.49, acc_loss: 0.1744881971809966, grad_loss: None
2022-04-27 17:52:16,684 DEBUG epoch: 187, train_acc: 95.95530063291139, val_acc: 67.74, fidel_score: 91.49, acc_loss: 0.1527194840821756, grad_loss: None
2022-04-27 17:52:20,668 DEBUG epoch: 188, train_acc: 96.53876582278481, val_acc: 67.78, fidel_score: 91.56, acc_loss: 0.13027765143874892, grad_loss: None
2022-04-27 17:52:24,589 DEBUG epoch: 189, train_acc: 96.08386075949367, val_acc: 67.79, fidel_score: 91.58, acc_loss: 0.14175057719915493, grad_loss: None
2022-04-27 17:52:28,588 DEBUG epoch: 190, train_acc: 96.13330696202532, val_acc: 67.78, fidel_score: 91.54, acc_loss: 0.14373918309737044, grad_loss: None
2022-04-27 17:52:32,737 DEBUG epoch: 191, train_acc: 96.4992088607595, val_acc: 67.76, fidel_score: 91.55, acc_loss: 0.13033783840475296, grad_loss: None
2022-04-27 17:52:36,827 DEBUG epoch: 192, train_acc: 95.16416139240506, val_acc: 67.68, fidel_score: 91.53, acc_loss: 0.18000566268551954, grad_loss: None
2022-04-27 17:52:40,713 DEBUG epoch: 193, train_acc: 95.69818037974683, val_acc: 67.69, fidel_score: 91.46, acc_loss: 0.16185824676266505, grad_loss: None
2022-04-27 17:52:44,512 DEBUG epoch: 194, train_acc: 96.20253164556962, val_acc: 67.69, fidel_score: 91.57, acc_loss: 0.1404848136774064, grad_loss: None
2022-04-27 17:52:48,228 DEBUG epoch: 195, train_acc: 96.90466772151899, val_acc: 67.7, fidel_score: 91.55, acc_loss: 0.11862007447789553, grad_loss: None
2022-04-27 17:52:52,036 DEBUG epoch: 196, train_acc: 95.59928797468355, val_acc: 67.71, fidel_score: 91.55, acc_loss: 0.16439665859208524, grad_loss: None
2022-04-27 17:52:56,047 DEBUG epoch: 197, train_acc: 95.50039556962025, val_acc: 67.68, fidel_score: 91.55, acc_loss: 0.1668784103836699, grad_loss: None
2022-04-27 17:53:00,036 DEBUG epoch: 198, train_acc: 96.00474683544304, val_acc: 67.68, fidel_score: 91.57, acc_loss: 0.15455949016186538, grad_loss: None
2022-04-27 17:53:04,146 DEBUG epoch: 199, train_acc: 95.2432753164557, val_acc: 67.64, fidel_score: 91.55, acc_loss: 0.1794151077901685, grad_loss: None
2022-04-27 17:53:08,195 DEBUG epoch: 200, train_acc: 95.53006329113924, val_acc: 67.65, fidel_score: 91.54, acc_loss: 0.16891201135784953, grad_loss: None
2022-04-27 17:53:12,280 DEBUG epoch: 201, train_acc: 95.4806170886076, val_acc: 67.59, fidel_score: 91.46, acc_loss: 0.17361821614196996, grad_loss: None
2022-04-27 17:53:16,407 DEBUG epoch: 202, train_acc: 96.34098101265823, val_acc: 67.61, fidel_score: 91.47, acc_loss: 0.1378896815755369, grad_loss: None
2022-04-27 17:53:19,624 DEBUG epoch: 203, train_acc: 96.31131329113924, val_acc: 67.64, fidel_score: 91.52, acc_loss: 0.14326044475907296, grad_loss: None
2022-04-27 17:53:22,582 DEBUG epoch: 204, train_acc: 96.15308544303798, val_acc: 67.64, fidel_score: 91.47, acc_loss: 0.14639917035481032, grad_loss: None
2022-04-27 17:53:25,667 DEBUG epoch: 205, train_acc: 95.8564082278481, val_acc: 67.67, fidel_score: 91.44, acc_loss: 0.15714904766299914, grad_loss: None
2022-04-27 17:53:29,034 DEBUG epoch: 206, train_acc: 94.71914556962025, val_acc: 67.63, fidel_score: 91.47, acc_loss: 0.18793928282500444, grad_loss: None
2022-04-27 17:53:34,103 DEBUG epoch: 207, train_acc: 95.67840189873418, val_acc: 67.63, fidel_score: 91.38, acc_loss: 0.15579495455073547, grad_loss: None
2022-04-27 17:53:38,132 DEBUG epoch: 208, train_acc: 95.55973101265823, val_acc: 67.64, fidel_score: 91.41, acc_loss: 0.16532385735949384, grad_loss: None
2022-04-27 17:53:42,477 DEBUG epoch: 209, train_acc: 95.2432753164557, val_acc: 67.62, fidel_score: 91.46, acc_loss: 0.1796021259498865, grad_loss: None
2022-04-27 17:53:46,521 DEBUG epoch: 210, train_acc: 94.86748417721519, val_acc: 67.63, fidel_score: 91.5, acc_loss: 0.19472874198816245, grad_loss: None
2022-04-27 17:53:50,479 DEBUG epoch: 211, train_acc: 95.32238924050633, val_acc: 67.66, fidel_score: 91.49, acc_loss: 0.17310750358325394, grad_loss: None
2022-04-27 17:53:54,076 DEBUG epoch: 212, train_acc: 95.63884493670886, val_acc: 67.64, fidel_score: 91.5, acc_loss: 0.16341145299492946, grad_loss: None
2022-04-27 17:53:58,135 DEBUG epoch: 213, train_acc: 94.98615506329114, val_acc: 67.66, fidel_score: 91.49, acc_loss: 0.18958474700692804, grad_loss: None
2022-04-27 17:54:02,011 DEBUG epoch: 214, train_acc: 96.18275316455696, val_acc: 67.65, fidel_score: 91.51, acc_loss: 0.1461781676758458, grad_loss: None
2022-04-27 17:54:05,973 DEBUG epoch: 215, train_acc: 96.1629746835443, val_acc: 67.7, fidel_score: 91.42, acc_loss: 0.15046200367380405, grad_loss: None
2022-04-27 17:54:10,030 DEBUG epoch: 216, train_acc: 96.24208860759494, val_acc: 67.7, fidel_score: 91.48, acc_loss: 0.13997203357299626, grad_loss: None
2022-04-27 17:54:13,999 DEBUG epoch: 217, train_acc: 94.13568037974683, val_acc: 67.7, fidel_score: 91.42, acc_loss: 0.2139986470058749, grad_loss: None
2022-04-27 17:54:18,043 DEBUG epoch: 218, train_acc: 95.94541139240506, val_acc: 67.69, fidel_score: 91.44, acc_loss: 0.15971146901197072, grad_loss: None
2022-04-27 17:54:21,949 DEBUG epoch: 219, train_acc: 95.53006329113924, val_acc: 67.74, fidel_score: 91.5, acc_loss: 0.1592098564245514, grad_loss: None
2022-04-27 17:54:25,894 DEBUG epoch: 220, train_acc: 95.2136075949367, val_acc: 67.7, fidel_score: 91.42, acc_loss: 0.18356836756950692, grad_loss: None
2022-04-27 17:54:30,088 DEBUG epoch: 221, train_acc: 96.72666139240506, val_acc: 67.64, fidel_score: 91.38, acc_loss: 0.13234703783888982, grad_loss: None
2022-04-27 17:54:34,135 DEBUG epoch: 222, train_acc: 96.66732594936708, val_acc: 67.62, fidel_score: 91.45, acc_loss: 0.12646525607391296, grad_loss: None
2022-04-27 17:54:38,153 DEBUG epoch: 223, train_acc: 94.87737341772151, val_acc: 67.68, fidel_score: 91.46, acc_loss: 0.18174890877643624, grad_loss: None
2022-04-27 17:54:42,257 DEBUG epoch: 224, train_acc: 96.34098101265823, val_acc: 67.72, fidel_score: 91.49, acc_loss: 0.13714683013142948, grad_loss: None
2022-04-27 17:54:46,475 DEBUG epoch: 225, train_acc: 96.25197784810126, val_acc: 67.62, fidel_score: 91.46, acc_loss: 0.1514722310475227, grad_loss: None
2022-04-27 17:54:50,548 DEBUG epoch: 226, train_acc: 96.03441455696202, val_acc: 67.65, fidel_score: 91.52, acc_loss: 0.14349815657928208, grad_loss: None
2022-04-27 17:54:54,687 DEBUG epoch: 227, train_acc: 95.11471518987342, val_acc: 67.67, fidel_score: 91.41, acc_loss: 0.18079510824224335, grad_loss: None
2022-04-27 17:54:58,715 DEBUG epoch: 228, train_acc: 96.20253164556962, val_acc: 67.67, fidel_score: 91.4, acc_loss: 0.14901355344248063, grad_loss: None
2022-04-27 17:55:02,611 DEBUG epoch: 229, train_acc: 95.20371835443038, val_acc: 67.71, fidel_score: 91.34, acc_loss: 0.18205360498403117, grad_loss: None
2022-04-27 17:55:06,893 DEBUG epoch: 230, train_acc: 95.42128164556962, val_acc: 67.7, fidel_score: 91.41, acc_loss: 0.17102174116652222, grad_loss: None
2022-04-27 17:55:10,956 DEBUG epoch: 231, train_acc: 95.16416139240506, val_acc: 67.73, fidel_score: 91.34, acc_loss: 0.18525911664554873, grad_loss: None
2022-04-27 17:55:14,928 DEBUG epoch: 232, train_acc: 95.65862341772151, val_acc: 67.68, fidel_score: 91.36, acc_loss: 0.1578163998658309, grad_loss: None
2022-04-27 17:55:18,970 DEBUG epoch: 233, train_acc: 95.77729430379746, val_acc: 67.72, fidel_score: 91.35, acc_loss: 0.1569581184833888, grad_loss: None
2022-04-27 17:55:23,139 DEBUG epoch: 234, train_acc: 95.56962025316456, val_acc: 67.7, fidel_score: 91.41, acc_loss: 0.15121466355822696, grad_loss: None
2022-04-27 17:55:27,217 DEBUG epoch: 235, train_acc: 95.64873417721519, val_acc: 67.74, fidel_score: 91.37, acc_loss: 0.16645693410146697, grad_loss: None
2022-04-27 17:55:31,273 DEBUG epoch: 236, train_acc: 94.9070411392405, val_acc: 67.76, fidel_score: 91.3, acc_loss: 0.19941181164895055, grad_loss: None
2022-04-27 17:55:35,237 DEBUG epoch: 237, train_acc: 95.77729430379746, val_acc: 67.73, fidel_score: 91.32, acc_loss: 0.15616397116969846, grad_loss: None
2022-04-27 17:55:39,176 DEBUG epoch: 238, train_acc: 95.9256329113924, val_acc: 67.7, fidel_score: 91.33, acc_loss: 0.15335053033077548, grad_loss: None
2022-04-27 17:55:43,378 DEBUG epoch: 239, train_acc: 95.57950949367088, val_acc: 67.68, fidel_score: 91.37, acc_loss: 0.16287615980740777, grad_loss: None
2022-04-27 17:55:47,407 DEBUG epoch: 240, train_acc: 95.56962025316456, val_acc: 67.68, fidel_score: 91.39, acc_loss: 0.15824158810656755, grad_loss: None
2022-04-27 17:55:51,364 DEBUG epoch: 241, train_acc: 96.4003164556962, val_acc: 67.66, fidel_score: 91.37, acc_loss: 0.13732673531351022, grad_loss: None
2022-04-27 17:55:55,549 DEBUG epoch: 242, train_acc: 96.13330696202532, val_acc: 67.67, fidel_score: 91.38, acc_loss: 0.14509550962137366, grad_loss: None
2022-04-27 17:55:59,639 DEBUG epoch: 243, train_acc: 96.2618670886076, val_acc: 67.68, fidel_score: 91.38, acc_loss: 0.14540041370399862, grad_loss: None
2022-04-27 17:56:03,743 DEBUG epoch: 244, train_acc: 95.95530063291139, val_acc: 67.69, fidel_score: 91.4, acc_loss: 0.15081545261406823, grad_loss: None
2022-04-27 17:56:07,866 DEBUG epoch: 245, train_acc: 96.37064873417721, val_acc: 67.66, fidel_score: 91.36, acc_loss: 0.14094507194100583, grad_loss: None
2022-04-27 17:56:11,848 DEBUG epoch: 246, train_acc: 96.05419303797468, val_acc: 67.67, fidel_score: 91.39, acc_loss: 0.1424281014928217, grad_loss: None
2022-04-27 17:56:15,872 DEBUG epoch: 247, train_acc: 96.50909810126582, val_acc: 67.69, fidel_score: 91.42, acc_loss: 0.13158729947555245, grad_loss: None
2022-04-27 17:56:19,970 DEBUG epoch: 248, train_acc: 95.19382911392405, val_acc: 67.69, fidel_score: 91.42, acc_loss: 0.17912133972313773, grad_loss: None
2022-04-27 17:56:24,141 DEBUG epoch: 249, train_acc: 95.12460443037975, val_acc: 67.69, fidel_score: 91.41, acc_loss: 0.18256177493854414, grad_loss: None
2022-04-27 17:56:28,379 DEBUG epoch: 250, train_acc: 95.46083860759494, val_acc: 67.7, fidel_score: 91.43, acc_loss: 0.1712029059594379, grad_loss: None
2022-04-27 17:56:32,376 DEBUG epoch: 251, train_acc: 97.02333860759494, val_acc: 67.7, fidel_score: 91.43, acc_loss: 0.11327311587726249, grad_loss: None
2022-04-27 17:56:36,337 DEBUG epoch: 252, train_acc: 95.60917721518987, val_acc: 67.68, fidel_score: 91.45, acc_loss: 0.16053953662196385, grad_loss: None
2022-04-27 17:56:40,489 DEBUG epoch: 253, train_acc: 96.14319620253164, val_acc: 67.72, fidel_score: 91.48, acc_loss: 0.14564301146789677, grad_loss: None
2022-04-27 17:56:44,649 DEBUG epoch: 254, train_acc: 95.9948575949367, val_acc: 67.7, fidel_score: 91.45, acc_loss: 0.15735974024592228, grad_loss: None
2022-04-27 17:56:48,600 DEBUG epoch: 255, train_acc: 95.52017405063292, val_acc: 67.71, fidel_score: 91.47, acc_loss: 0.1657521628739336, grad_loss: None
2022-04-27 17:56:52,551 DEBUG epoch: 256, train_acc: 95.94541139240506, val_acc: 67.71, fidel_score: 91.44, acc_loss: 0.15005103034804326, grad_loss: None
2022-04-27 17:56:56,540 DEBUG epoch: 257, train_acc: 96.59810126582279, val_acc: 67.69, fidel_score: 91.44, acc_loss: 0.13349564222005916, grad_loss: None
2022-04-27 17:57:00,617 DEBUG epoch: 258, train_acc: 96.76621835443038, val_acc: 67.69, fidel_score: 91.46, acc_loss: 0.11950388979726718, grad_loss: None
2022-04-27 17:57:04,694 DEBUG epoch: 259, train_acc: 96.07397151898734, val_acc: 67.72, fidel_score: 91.45, acc_loss: 0.1531458389289571, grad_loss: None
2022-04-27 17:57:08,661 DEBUG epoch: 260, train_acc: 96.24208860759494, val_acc: 67.7, fidel_score: 91.45, acc_loss: 0.14594130966476387, grad_loss: None
2022-04-27 17:57:12,683 DEBUG epoch: 261, train_acc: 96.30142405063292, val_acc: 67.69, fidel_score: 91.44, acc_loss: 0.13068308753161867, grad_loss: None
2022-04-27 17:57:16,774 DEBUG epoch: 262, train_acc: 96.36075949367088, val_acc: 67.71, fidel_score: 91.46, acc_loss: 0.13528941913995643, grad_loss: None
2022-04-27 17:57:20,770 DEBUG epoch: 263, train_acc: 95.96518987341773, val_acc: 67.71, fidel_score: 91.44, acc_loss: 0.14306445387074182, grad_loss: None
2022-04-27 17:57:24,780 DEBUG epoch: 264, train_acc: 95.91574367088607, val_acc: 67.69, fidel_score: 91.45, acc_loss: 0.16065373492966512, grad_loss: None
2022-04-27 17:57:28,534 DEBUG epoch: 265, train_acc: 95.81685126582279, val_acc: 67.68, fidel_score: 91.44, acc_loss: 0.15168677450782514, grad_loss: None
2022-04-27 17:57:32,660 DEBUG epoch: 266, train_acc: 94.95648734177215, val_acc: 67.7, fidel_score: 91.47, acc_loss: 0.1827787599862329, grad_loss: None
2022-04-27 17:57:36,635 DEBUG epoch: 267, train_acc: 96.07397151898734, val_acc: 67.71, fidel_score: 91.48, acc_loss: 0.14587973323473824, grad_loss: None
2022-04-27 17:57:40,636 DEBUG epoch: 268, train_acc: 96.24208860759494, val_acc: 67.72, fidel_score: 91.48, acc_loss: 0.13974067052425462, grad_loss: None
2022-04-27 17:57:44,974 DEBUG epoch: 269, train_acc: 95.36194620253164, val_acc: 67.73, fidel_score: 91.48, acc_loss: 0.16445768725633905, grad_loss: None
2022-04-27 17:57:49,134 DEBUG epoch: 270, train_acc: 96.17286392405063, val_acc: 67.73, fidel_score: 91.48, acc_loss: 0.1491489112539264, grad_loss: None
2022-04-27 17:57:53,181 DEBUG epoch: 271, train_acc: 96.78599683544304, val_acc: 67.72, fidel_score: 91.51, acc_loss: 0.12276732982313142, grad_loss: None
2022-04-27 17:57:57,447 DEBUG epoch: 272, train_acc: 95.88607594936708, val_acc: 67.76, fidel_score: 91.53, acc_loss: 0.14816173238243577, grad_loss: None
2022-04-27 17:58:01,730 DEBUG epoch: 273, train_acc: 95.91574367088607, val_acc: 67.75, fidel_score: 91.54, acc_loss: 0.14723389877796267, grad_loss: None
2022-04-27 17:58:05,884 DEBUG epoch: 274, train_acc: 95.77729430379746, val_acc: 67.74, fidel_score: 91.49, acc_loss: 0.16404129765173303, grad_loss: None
2022-04-27 17:58:09,979 DEBUG epoch: 275, train_acc: 96.4003164556962, val_acc: 67.73, fidel_score: 91.48, acc_loss: 0.1298761434154585, grad_loss: None
2022-04-27 17:58:13,996 DEBUG epoch: 276, train_acc: 95.63884493670886, val_acc: 67.73, fidel_score: 91.47, acc_loss: 0.16210975210312045, grad_loss: None
2022-04-27 17:58:18,211 DEBUG epoch: 277, train_acc: 95.39161392405063, val_acc: 67.72, fidel_score: 91.45, acc_loss: 0.1662299277163641, grad_loss: None
2022-04-27 17:58:22,526 DEBUG epoch: 278, train_acc: 96.39042721518987, val_acc: 67.74, fidel_score: 91.47, acc_loss: 0.1301812148546871, grad_loss: None
2022-04-27 17:58:26,456 DEBUG epoch: 279, train_acc: 96.42009493670886, val_acc: 67.75, fidel_score: 91.45, acc_loss: 0.13575637827132228, grad_loss: None
2022-04-27 17:58:30,462 DEBUG epoch: 280, train_acc: 95.43117088607595, val_acc: 67.72, fidel_score: 91.46, acc_loss: 0.17490099642213575, grad_loss: None
2022-04-27 17:58:34,601 DEBUG epoch: 281, train_acc: 96.14319620253164, val_acc: 67.73, fidel_score: 91.48, acc_loss: 0.14086054313686217, grad_loss: None
2022-04-27 17:58:38,518 DEBUG epoch: 282, train_acc: 95.46083860759494, val_acc: 67.74, fidel_score: 91.44, acc_loss: 0.1704898838696506, grad_loss: None
2022-04-27 17:58:42,592 DEBUG epoch: 283, train_acc: 95.83662974683544, val_acc: 67.75, fidel_score: 91.44, acc_loss: 0.1518234952641769, grad_loss: None
2022-04-27 17:58:46,349 DEBUG epoch: 284, train_acc: 95.7179588607595, val_acc: 67.75, fidel_score: 91.41, acc_loss: 0.16915811148849375, grad_loss: None
2022-04-27 17:58:50,478 DEBUG epoch: 285, train_acc: 95.80696202531645, val_acc: 67.74, fidel_score: 91.42, acc_loss: 0.15110681296467687, grad_loss: None
2022-04-27 17:58:54,193 DEBUG epoch: 286, train_acc: 95.87618670886076, val_acc: 67.74, fidel_score: 91.45, acc_loss: 0.1568775927261862, grad_loss: None
2022-04-27 17:58:58,228 DEBUG epoch: 287, train_acc: 96.10363924050633, val_acc: 67.75, fidel_score: 91.47, acc_loss: 0.14629961437062372, grad_loss: None
2022-04-27 17:59:02,304 DEBUG epoch: 288, train_acc: 96.24208860759494, val_acc: 67.73, fidel_score: 91.48, acc_loss: 0.13955817605026916, grad_loss: None
2022-04-27 17:59:06,319 DEBUG epoch: 289, train_acc: 96.01463607594937, val_acc: 67.72, fidel_score: 91.48, acc_loss: 0.1501466340350011, grad_loss: None
2022-04-27 17:59:10,137 DEBUG epoch: 290, train_acc: 95.57950949367088, val_acc: 67.72, fidel_score: 91.49, acc_loss: 0.16100967791254922, grad_loss: None
2022-04-27 17:59:14,028 DEBUG epoch: 291, train_acc: 96.58821202531645, val_acc: 67.72, fidel_score: 91.5, acc_loss: 0.12508984063339385, grad_loss: None
2022-04-27 17:59:18,016 DEBUG epoch: 292, train_acc: 96.15308544303798, val_acc: 67.72, fidel_score: 91.51, acc_loss: 0.14568654482571197, grad_loss: None
2022-04-27 17:59:21,821 DEBUG epoch: 293, train_acc: 95.77729430379746, val_acc: 67.72, fidel_score: 91.51, acc_loss: 0.16249218812695693, grad_loss: None
2022-04-27 17:59:25,796 DEBUG epoch: 294, train_acc: 97.1123417721519, val_acc: 67.72, fidel_score: 91.54, acc_loss: 0.10732175431308584, grad_loss: None
2022-04-27 17:59:29,859 DEBUG epoch: 295, train_acc: 95.73773734177215, val_acc: 67.71, fidel_score: 91.54, acc_loss: 0.15797017324609752, grad_loss: None
2022-04-27 17:59:33,847 DEBUG epoch: 296, train_acc: 95.20371835443038, val_acc: 67.71, fidel_score: 91.53, acc_loss: 0.1847679412207578, grad_loss: None
2022-04-27 17:59:37,602 DEBUG epoch: 297, train_acc: 96.51898734177215, val_acc: 67.72, fidel_score: 91.53, acc_loss: 0.13414223119027063, grad_loss: None
2022-04-27 17:59:41,699 DEBUG epoch: 298, train_acc: 95.73773734177215, val_acc: 67.71, fidel_score: 91.52, acc_loss: 0.1532246634876945, grad_loss: None
2022-04-27 17:59:45,607 DEBUG epoch: 299, train_acc: 96.20253164556962, val_acc: 67.71, fidel_score: 91.5, acc_loss: 0.14322810101063474, grad_loss: None
2022-04-27 17:59:49,488 DEBUG epoch: 300, train_acc: 96.0245253164557, val_acc: 67.72, fidel_score: 91.52, acc_loss: 0.14441503088956675, grad_loss: None
2022-04-27 17:59:49,488 DEBUG load best stealed model.
2022-04-27 17:59:49,488 DEBUG Best perform model, val_acc: 67.97, fidel_score: 92.24, acc_loss: 0.1794415734136548
2022-04-27 17:59:49,489 DEBUG load cloest stealed model.
2022-04-27 17:59:49,489 DEBUG Closest perform model, val_acc: 67.95, fidel_score: 93.1, acc_loss: 0.1794415734136548
