2022-04-27 18:52:54,823 DEBUG Namespace(arch='vgg11_bn', attack_client=0, attack_epochs=300, attack_style='SoftTrain_option', average_time=1, batch_size=128, bottleneck_option='None', cutlayer=4, data_proportion=0.02, dataset='cifar10', filename='ace_V2_epoch_vgg11_bn_cutlayer_4_client_1_seed125_dataset_cifar10_lr_0.05_200epoch', folder='saves/baseline', learning_rate=0.05, noniid_ratio=1.0, num_client=1, num_epochs='best', num_query=1000, random_seed=123, regularization='None', regularization_strength=0.0, scheme='V2_epoch', surrogate_arch='same', test_best=True, train_clas_layer=6.0)
2022-04-27 18:52:59,650 DEBUG Test (client-0):	Loss 0.6165 (0.3623)	Prec@1 81.250 (91.890)
2022-04-27 18:52:59,650 DEBUG  * Prec@1 91.890
2022-04-27 18:52:59,722 DEBUG 18
2022-04-27 18:52:59,723 DEBUG surrogate parameter has 18 trainable parameters!
2022-04-27 18:53:03,367 DEBUG epoch: 0, val_acc: 10.14, val_fidelity: 10.31
2022-04-27 18:53:05,559 DEBUG epoch: 1, train_acc: 15.594951868057251, val_acc: 20.15, fidel_score: 20.56, acc_loss: 3.048508733510971, grad_loss: None
2022-04-27 18:53:07,605 DEBUG epoch: 2, train_acc: 24.48167061805725, val_acc: 26.72, fidel_score: 26.84, acc_loss: 2.0756576508283615, grad_loss: None
2022-04-27 18:53:09,825 DEBUG epoch: 3, train_acc: 32.421875, val_acc: 34.72, fidel_score: 35.04, acc_loss: 1.7799819707870483, grad_loss: None
2022-04-27 18:53:11,890 DEBUG epoch: 4, train_acc: 39.408052921295166, val_acc: 49.19, fidel_score: 49.62, acc_loss: 1.5785963535308838, grad_loss: None
2022-04-27 18:53:13,986 DEBUG epoch: 5, train_acc: 52.24609375, val_acc: 55.13, fidel_score: 55.81, acc_loss: 1.2455526739358902, grad_loss: None
2022-04-27 18:53:16,073 DEBUG epoch: 6, train_acc: 61.959134101867676, val_acc: 64.17, fidel_score: 65.18, acc_loss: 1.0698191970586777, grad_loss: None
2022-04-27 18:53:18,111 DEBUG epoch: 7, train_acc: 68.42698287963867, val_acc: 68.17, fidel_score: 69.53, acc_loss: 0.8464976623654366, grad_loss: None
2022-04-27 18:53:20,081 DEBUG epoch: 8, train_acc: 75.0, val_acc: 74.19, fidel_score: 75.7, acc_loss: 0.7068719416856766, grad_loss: None
2022-04-27 18:53:22,269 DEBUG epoch: 9, train_acc: 78.57572078704834, val_acc: 76.37, fidel_score: 77.92, acc_loss: 0.6101744100451469, grad_loss: None
2022-04-27 18:53:24,213 DEBUG epoch: 10, train_acc: 81.82091331481934, val_acc: 76.88, fidel_score: 78.46, acc_loss: 0.5169731117784977, grad_loss: None
2022-04-27 18:53:26,415 DEBUG epoch: 11, train_acc: 87.01923084259033, val_acc: 78.81, fidel_score: 80.94, acc_loss: 0.4211354162544012, grad_loss: None
2022-04-27 18:53:28,345 DEBUG epoch: 12, train_acc: 86.10276412963867, val_acc: 79.96, fidel_score: 81.5, acc_loss: 0.4441056624054909, grad_loss: None
2022-04-27 18:53:30,569 DEBUG epoch: 13, train_acc: 89.42307662963867, val_acc: 81.73, fidel_score: 83.52, acc_loss: 0.320629408583045, grad_loss: None
2022-04-27 18:53:32,544 DEBUG epoch: 14, train_acc: 90.71514415740967, val_acc: 80.46, fidel_score: 82.51, acc_loss: 0.33957701548933983, grad_loss: None
2022-04-27 18:53:34,731 DEBUG epoch: 15, train_acc: 93.93780040740967, val_acc: 82.04, fidel_score: 83.5, acc_loss: 0.22304002474993467, grad_loss: None
2022-04-27 18:53:36,692 DEBUG epoch: 16, train_acc: 94.20072078704834, val_acc: 83.14, fidel_score: 84.87, acc_loss: 0.21624814718961716, grad_loss: None
2022-04-27 18:53:38,833 DEBUG epoch: 17, train_acc: 93.68990325927734, val_acc: 82.66, fidel_score: 84.45, acc_loss: 0.21359887067228556, grad_loss: None
2022-04-27 18:53:40,813 DEBUG epoch: 18, train_acc: 92.15745162963867, val_acc: 82.73, fidel_score: 84.91, acc_loss: 0.2742872964590788, grad_loss: None
2022-04-27 18:53:42,766 DEBUG epoch: 19, train_acc: 93.043869972229, val_acc: 83.08, fidel_score: 85.13, acc_loss: 0.24351605493575335, grad_loss: None
2022-04-27 18:53:44,839 DEBUG epoch: 20, train_acc: 95.875901222229, val_acc: 83.36, fidel_score: 85.48, acc_loss: 0.16702342592179775, grad_loss: None
2022-04-27 18:53:46,938 DEBUG epoch: 21, train_acc: 95.44020366668701, val_acc: 82.7, fidel_score: 84.72, acc_loss: 0.1813171049579978, grad_loss: None
2022-04-27 18:53:49,062 DEBUG epoch: 22, train_acc: 92.78094959259033, val_acc: 83.7, fidel_score: 86.2, acc_loss: 0.2340407334268093, grad_loss: None
2022-04-27 18:53:51,085 DEBUG epoch: 23, train_acc: 96.10126209259033, val_acc: 83.53, fidel_score: 85.85, acc_loss: 0.14460698328912258, grad_loss: None
2022-04-27 18:53:53,211 DEBUG epoch: 24, train_acc: 96.61207866668701, val_acc: 84.15, fidel_score: 86.33, acc_loss: 0.12383091263473034, grad_loss: None
2022-04-27 18:53:55,150 DEBUG epoch: 25, train_acc: 96.53695869445801, val_acc: 83.18, fidel_score: 85.61, acc_loss: 0.1597342425957322, grad_loss: None
2022-04-27 18:53:57,331 DEBUG epoch: 26, train_acc: 96.657151222229, val_acc: 84.53, fidel_score: 86.53, acc_loss: 0.11230402160435915, grad_loss: None
2022-04-27 18:53:59,324 DEBUG epoch: 27, train_acc: 96.39423084259033, val_acc: 83.86, fidel_score: 86.2, acc_loss: 0.13821384962648153, grad_loss: None
2022-04-27 18:54:01,476 DEBUG epoch: 28, train_acc: 97.55859375, val_acc: 83.25, fidel_score: 85.66, acc_loss: 0.12575335940346122, grad_loss: None
2022-04-27 18:54:03,517 DEBUG epoch: 29, train_acc: 95.68810081481934, val_acc: 83.64, fidel_score: 85.51, acc_loss: 0.16760320588946342, grad_loss: None
2022-04-27 18:54:05,705 DEBUG epoch: 30, train_acc: 97.68629741668701, val_acc: 83.43, fidel_score: 85.64, acc_loss: 0.10732561908662319, grad_loss: None
2022-04-27 18:54:07,664 DEBUG epoch: 31, train_acc: 98.49008369445801, val_acc: 84.35, fidel_score: 86.49, acc_loss: 0.0827082023024559, grad_loss: None
2022-04-27 18:54:09,734 DEBUG epoch: 32, train_acc: 98.317307472229, val_acc: 84.32, fidel_score: 86.61, acc_loss: 0.07834777096286416, grad_loss: None
2022-04-27 18:54:11,467 DEBUG epoch: 33, train_acc: 97.88160991668701, val_acc: 83.76, fidel_score: 85.89, acc_loss: 0.10213570902124047, grad_loss: None
2022-04-27 18:54:13,485 DEBUG epoch: 34, train_acc: 98.4375, val_acc: 84.41, fidel_score: 86.69, acc_loss: 0.10220161965116858, grad_loss: None
2022-04-27 18:54:15,433 DEBUG epoch: 35, train_acc: 98.512619972229, val_acc: 84.13, fidel_score: 86.39, acc_loss: 0.08246526890434325, grad_loss: None
2022-04-27 18:54:17,468 DEBUG epoch: 36, train_acc: 98.317307472229, val_acc: 84.51, fidel_score: 87.04, acc_loss: 0.08372346358373761, grad_loss: None
2022-04-27 18:54:19,502 DEBUG epoch: 37, train_acc: 97.07782459259033, val_acc: 85.63, fidel_score: 88.21, acc_loss: 0.125701698474586, grad_loss: None
2022-04-27 18:54:21,506 DEBUG epoch: 38, train_acc: 98.4375, val_acc: 85.18, fidel_score: 87.43, acc_loss: 0.08889740123413503, grad_loss: None
2022-04-27 18:54:23,542 DEBUG epoch: 39, train_acc: 97.41586494445801, val_acc: 84.06, fidel_score: 86.23, acc_loss: 0.11118848528712988, grad_loss: None
2022-04-27 18:54:25,660 DEBUG epoch: 40, train_acc: 98.88070869445801, val_acc: 84.2, fidel_score: 86.32, acc_loss: 0.0699660899117589, grad_loss: None
2022-04-27 18:54:27,743 DEBUG epoch: 41, train_acc: 98.2421875, val_acc: 84.84, fidel_score: 87.04, acc_loss: 0.07621682668104768, grad_loss: None
2022-04-27 18:54:29,901 DEBUG epoch: 42, train_acc: 99.07602119445801, val_acc: 84.84, fidel_score: 87.05, acc_loss: 0.058812187518924475, grad_loss: None
2022-04-27 18:54:31,964 DEBUG epoch: 43, train_acc: 99.098557472229, val_acc: 85.15, fidel_score: 87.32, acc_loss: 0.05817364505492151, grad_loss: None
2022-04-27 18:54:33,763 DEBUG epoch: 44, train_acc: 99.391526222229, val_acc: 85.36, fidel_score: 87.5, acc_loss: 0.0628459258005023, grad_loss: None
2022-04-27 18:54:35,787 DEBUG epoch: 45, train_acc: 98.37740325927734, val_acc: 85.64, fidel_score: 88.22, acc_loss: 0.08713419968262315, grad_loss: None
2022-04-27 18:54:37,696 DEBUG epoch: 46, train_acc: 98.29477119445801, val_acc: 85.34, fidel_score: 87.79, acc_loss: 0.08443787880241871, grad_loss: None
2022-04-27 18:54:39,660 DEBUG epoch: 47, train_acc: 97.83653831481934, val_acc: 83.99, fidel_score: 85.92, acc_loss: 0.11575137870386243, grad_loss: None
2022-04-27 18:54:41,710 DEBUG epoch: 48, train_acc: 97.54356956481934, val_acc: 84.75, fidel_score: 87.11, acc_loss: 0.10350251151248813, grad_loss: None
2022-04-27 18:54:43,752 DEBUG epoch: 49, train_acc: 98.414963722229, val_acc: 84.46, fidel_score: 87.01, acc_loss: 0.09020189987495542, grad_loss: None
2022-04-27 18:54:45,809 DEBUG epoch: 50, train_acc: 98.19711494445801, val_acc: 85.24, fidel_score: 87.53, acc_loss: 0.0808759848587215, grad_loss: None
2022-04-27 18:54:47,864 DEBUG epoch: 51, train_acc: 98.15204334259033, val_acc: 85.47, fidel_score: 87.97, acc_loss: 0.09317523846402764, grad_loss: None
2022-04-27 18:54:49,900 DEBUG epoch: 52, train_acc: 99.293869972229, val_acc: 85.29, fidel_score: 87.67, acc_loss: 0.05884803831577301, grad_loss: None
2022-04-27 18:54:52,038 DEBUG epoch: 53, train_acc: 98.707932472229, val_acc: 85.31, fidel_score: 87.72, acc_loss: 0.09004814270883799, grad_loss: None
2022-04-27 18:54:54,016 DEBUG epoch: 54, train_acc: 98.88070869445801, val_acc: 85.62, fidel_score: 88.03, acc_loss: 0.0727791516110301, grad_loss: None
2022-04-27 18:54:55,978 DEBUG epoch: 55, train_acc: 99.609375, val_acc: 85.95, fidel_score: 88.16, acc_loss: 0.0478478295262903, grad_loss: None
2022-04-27 18:54:58,048 DEBUG epoch: 56, train_acc: 99.51171875, val_acc: 85.56, fidel_score: 87.91, acc_loss: 0.04494708473794162, grad_loss: None
2022-04-27 18:54:59,971 DEBUG epoch: 57, train_acc: 98.610276222229, val_acc: 85.66, fidel_score: 87.85, acc_loss: 0.07576314732432365, grad_loss: None
2022-04-27 18:55:01,857 DEBUG epoch: 58, train_acc: 98.05438709259033, val_acc: 85.86, fidel_score: 88.04, acc_loss: 0.0884927911683917, grad_loss: None
2022-04-27 18:55:03,938 DEBUG epoch: 59, train_acc: 99.12109375, val_acc: 85.32, fidel_score: 87.93, acc_loss: 0.051339356461539865, grad_loss: None
2022-04-27 18:55:05,724 DEBUG epoch: 60, train_acc: 98.828125, val_acc: 85.6, fidel_score: 88.03, acc_loss: 0.06008123094215989, grad_loss: None
2022-04-27 18:55:07,831 DEBUG epoch: 61, train_acc: 99.098557472229, val_acc: 85.79, fidel_score: 88.28, acc_loss: 0.06368942884728312, grad_loss: None
2022-04-27 18:55:09,781 DEBUG epoch: 62, train_acc: 99.098557472229, val_acc: 85.74, fidel_score: 88.16, acc_loss: 0.059417972108349204, grad_loss: None
2022-04-27 18:55:11,929 DEBUG epoch: 63, train_acc: 99.609375, val_acc: 86.35, fidel_score: 88.67, acc_loss: 0.041808381443843246, grad_loss: None
2022-04-27 18:55:14,051 DEBUG epoch: 64, train_acc: 98.73046875, val_acc: 86.28, fidel_score: 88.63, acc_loss: 0.0743430636357516, grad_loss: None
2022-04-27 18:55:16,221 DEBUG epoch: 65, train_acc: 99.51171875, val_acc: 86.23, fidel_score: 88.75, acc_loss: 0.0482236051466316, grad_loss: None
2022-04-27 18:55:18,471 DEBUG epoch: 66, train_acc: 99.70703125, val_acc: 86.19, fidel_score: 88.73, acc_loss: 0.039092906983569264, grad_loss: None
2022-04-27 18:55:20,620 DEBUG epoch: 67, train_acc: 99.4140625, val_acc: 86.01, fidel_score: 88.43, acc_loss: 0.04943989962339401, grad_loss: None
2022-04-27 18:55:22,750 DEBUG epoch: 68, train_acc: 99.51171875, val_acc: 86.31, fidel_score: 88.91, acc_loss: 0.046468326123431325, grad_loss: None
2022-04-27 18:55:24,891 DEBUG epoch: 69, train_acc: 99.12109375, val_acc: 86.5, fidel_score: 88.72, acc_loss: 0.061405702494084835, grad_loss: None
2022-04-27 18:55:27,019 DEBUG epoch: 70, train_acc: 99.44410991668701, val_acc: 86.18, fidel_score: 88.59, acc_loss: 0.039185521425679326, grad_loss: None
2022-04-27 18:55:29,123 DEBUG epoch: 71, train_acc: 99.31640625, val_acc: 86.01, fidel_score: 88.65, acc_loss: 0.05211120448075235, grad_loss: None
2022-04-27 18:55:31,171 DEBUG epoch: 72, train_acc: 99.609375, val_acc: 85.97, fidel_score: 88.4, acc_loss: 0.04181791399605572, grad_loss: None
2022-04-27 18:55:33,261 DEBUG epoch: 73, train_acc: 99.609375, val_acc: 86.26, fidel_score: 88.8, acc_loss: 0.036013302858918905, grad_loss: None
2022-04-27 18:55:35,120 DEBUG epoch: 74, train_acc: 99.24879741668701, val_acc: 86.38, fidel_score: 88.97, acc_loss: 0.04462287947535515, grad_loss: None
2022-04-27 18:55:37,220 DEBUG epoch: 75, train_acc: 99.8046875, val_acc: 86.44, fidel_score: 88.99, acc_loss: 0.03807051689364016, grad_loss: None
2022-04-27 18:55:39,131 DEBUG epoch: 76, train_acc: 99.70703125, val_acc: 86.55, fidel_score: 89.01, acc_loss: 0.0370493377558887, grad_loss: None
2022-04-27 18:55:41,161 DEBUG epoch: 77, train_acc: 99.8046875, val_acc: 86.41, fidel_score: 88.88, acc_loss: 0.03263619146309793, grad_loss: None
2022-04-27 18:55:43,315 DEBUG epoch: 78, train_acc: 99.489182472229, val_acc: 86.35, fidel_score: 89.01, acc_loss: 0.03721411759033799, grad_loss: None
2022-04-27 18:55:45,413 DEBUG epoch: 79, train_acc: 99.586838722229, val_acc: 86.54, fidel_score: 89.12, acc_loss: 0.04534083674661815, grad_loss: None
2022-04-27 18:55:47,586 DEBUG epoch: 80, train_acc: 99.12109375, val_acc: 86.62, fidel_score: 89.12, acc_loss: 0.04875231860205531, grad_loss: None
2022-04-27 18:55:49,597 DEBUG epoch: 81, train_acc: 99.782151222229, val_acc: 86.64, fidel_score: 88.98, acc_loss: 0.03232910670340061, grad_loss: None
2022-04-27 18:55:51,756 DEBUG epoch: 82, train_acc: 99.90234375, val_acc: 86.61, fidel_score: 89.02, acc_loss: 0.03387972852215171, grad_loss: None
2022-04-27 18:55:53,763 DEBUG epoch: 83, train_acc: 99.31640625, val_acc: 86.45, fidel_score: 89.02, acc_loss: 0.04505483852699399, grad_loss: None
2022-04-27 18:55:55,996 DEBUG epoch: 84, train_acc: 99.90234375, val_acc: 86.66, fidel_score: 89.02, acc_loss: 0.03239414468407631, grad_loss: None
2022-04-27 18:55:58,052 DEBUG epoch: 85, train_acc: 99.8046875, val_acc: 86.54, fidel_score: 89.06, acc_loss: 0.03206258243881166, grad_loss: None
2022-04-27 18:56:00,376 DEBUG epoch: 86, train_acc: 99.8046875, val_acc: 86.56, fidel_score: 88.96, acc_loss: 0.036102517042309046, grad_loss: None
2022-04-27 18:56:02,454 DEBUG epoch: 87, train_acc: 99.8046875, val_acc: 86.7, fidel_score: 89.21, acc_loss: 0.03358286898583174, grad_loss: None
2022-04-27 18:56:04,665 DEBUG epoch: 88, train_acc: 99.70703125, val_acc: 86.33, fidel_score: 89.01, acc_loss: 0.03856953186914325, grad_loss: None
2022-04-27 18:56:06,814 DEBUG epoch: 89, train_acc: 100.0, val_acc: 86.61, fidel_score: 88.84, acc_loss: 0.03052220237441361, grad_loss: None
2022-04-27 18:56:08,973 DEBUG epoch: 90, train_acc: 99.51171875, val_acc: 86.53, fidel_score: 89.27, acc_loss: 0.04108909307979047, grad_loss: None
2022-04-27 18:56:10,981 DEBUG epoch: 91, train_acc: 99.07602119445801, val_acc: 86.88, fidel_score: 89.41, acc_loss: 0.05018922779709101, grad_loss: None
2022-04-27 18:56:13,113 DEBUG epoch: 92, train_acc: 99.70703125, val_acc: 86.83, fidel_score: 89.06, acc_loss: 0.04656122508458793, grad_loss: None
2022-04-27 18:56:15,149 DEBUG epoch: 93, train_acc: 99.8046875, val_acc: 86.68, fidel_score: 88.89, acc_loss: 0.03801443171687424, grad_loss: None
2022-04-27 18:56:17,305 DEBUG epoch: 94, train_acc: 99.21875, val_acc: 86.61, fidel_score: 88.98, acc_loss: 0.05241203657351434, grad_loss: None
2022-04-27 18:56:19,353 DEBUG epoch: 95, train_acc: 99.90234375, val_acc: 86.78, fidel_score: 89.35, acc_loss: 0.03207297553308308, grad_loss: None
2022-04-27 18:56:21,464 DEBUG epoch: 96, train_acc: 99.782151222229, val_acc: 86.64, fidel_score: 89.07, acc_loss: 0.03489503380842507, grad_loss: None
2022-04-27 18:56:23,536 DEBUG epoch: 97, train_acc: 99.609375, val_acc: 86.66, fidel_score: 89.22, acc_loss: 0.04086187295615673, grad_loss: None
2022-04-27 18:56:25,561 DEBUG epoch: 98, train_acc: 99.8046875, val_acc: 86.79, fidel_score: 89.24, acc_loss: 0.03774694143794477, grad_loss: None
2022-04-27 18:56:27,824 DEBUG epoch: 99, train_acc: 99.51171875, val_acc: 86.59, fidel_score: 89.25, acc_loss: 0.046419196762144566, grad_loss: None
2022-04-27 18:56:29,904 DEBUG epoch: 100, train_acc: 100.0, val_acc: 86.6, fidel_score: 89.19, acc_loss: 0.030050296103581786, grad_loss: None
2022-04-27 18:56:31,891 DEBUG epoch: 101, train_acc: 99.70703125, val_acc: 86.62, fidel_score: 89.01, acc_loss: 0.03508540312759578, grad_loss: None
2022-04-27 18:56:33,838 DEBUG epoch: 102, train_acc: 99.36898994445801, val_acc: 86.76, fidel_score: 89.15, acc_loss: 0.04408703395165503, grad_loss: None
2022-04-27 18:56:35,757 DEBUG epoch: 103, train_acc: 99.586838722229, val_acc: 86.98, fidel_score: 89.26, acc_loss: 0.04287212039344013, grad_loss: None
2022-04-27 18:56:37,738 DEBUG epoch: 104, train_acc: 99.70703125, val_acc: 86.83, fidel_score: 89.48, acc_loss: 0.035406094742938876, grad_loss: None
2022-04-27 18:56:39,782 DEBUG epoch: 105, train_acc: 99.90234375, val_acc: 87.11, fidel_score: 89.49, acc_loss: 0.030904584331437945, grad_loss: None
2022-04-27 18:56:41,698 DEBUG epoch: 106, train_acc: 100.0, val_acc: 86.87, fidel_score: 89.23, acc_loss: 0.029116638470441103, grad_loss: None
2022-04-27 18:56:43,855 DEBUG epoch: 107, train_acc: 99.90234375, val_acc: 86.97, fidel_score: 89.66, acc_loss: 0.029400296742096543, grad_loss: None
2022-04-27 18:56:45,769 DEBUG epoch: 108, train_acc: 99.90234375, val_acc: 86.85, fidel_score: 89.33, acc_loss: 0.028896835166960955, grad_loss: None
2022-04-27 18:56:47,930 DEBUG epoch: 109, train_acc: 99.70703125, val_acc: 86.74, fidel_score: 89.34, acc_loss: 0.03400355321355164, grad_loss: None
2022-04-27 18:56:50,044 DEBUG epoch: 110, train_acc: 99.90234375, val_acc: 86.94, fidel_score: 89.39, acc_loss: 0.034487746423110366, grad_loss: None
2022-04-27 18:56:52,086 DEBUG epoch: 111, train_acc: 99.51171875, val_acc: 87.04, fidel_score: 89.6, acc_loss: 0.035264015663415194, grad_loss: None
2022-04-27 18:56:53,773 DEBUG epoch: 112, train_acc: 99.70703125, val_acc: 86.88, fidel_score: 89.42, acc_loss: 0.03699499391950667, grad_loss: None
2022-04-27 18:56:55,760 DEBUG epoch: 113, train_acc: 99.90234375, val_acc: 86.74, fidel_score: 89.32, acc_loss: 0.029805481666699052, grad_loss: None
2022-04-27 18:56:57,705 DEBUG epoch: 114, train_acc: 99.8046875, val_acc: 86.96, fidel_score: 89.47, acc_loss: 0.02948585175909102, grad_loss: None
2022-04-27 18:56:59,705 DEBUG epoch: 115, train_acc: 99.8046875, val_acc: 86.87, fidel_score: 89.45, acc_loss: 0.031220849370583892, grad_loss: None
2022-04-27 18:57:01,774 DEBUG epoch: 116, train_acc: 100.0, val_acc: 87.14, fidel_score: 89.63, acc_loss: 0.02738261758349836, grad_loss: None
2022-04-27 18:57:03,825 DEBUG epoch: 117, train_acc: 99.34645366668701, val_acc: 87.03, fidel_score: 89.27, acc_loss: 0.042195689864456654, grad_loss: None
2022-04-27 18:57:05,858 DEBUG epoch: 118, train_acc: 99.782151222229, val_acc: 86.98, fidel_score: 89.6, acc_loss: 0.034987027291208506, grad_loss: None
2022-04-27 18:57:07,842 DEBUG epoch: 119, train_acc: 99.8046875, val_acc: 87.24, fidel_score: 89.53, acc_loss: 0.031173408962786198, grad_loss: None
2022-04-27 18:57:09,887 DEBUG epoch: 120, train_acc: 100.0, val_acc: 86.89, fidel_score: 89.44, acc_loss: 0.027969002490863204, grad_loss: None
2022-04-27 18:57:11,910 DEBUG epoch: 121, train_acc: 99.8046875, val_acc: 87.09, fidel_score: 89.55, acc_loss: 0.03465718240477145, grad_loss: None
2022-04-27 18:57:13,929 DEBUG epoch: 122, train_acc: 99.8046875, val_acc: 86.84, fidel_score: 89.45, acc_loss: 0.042861068388447165, grad_loss: None
2022-04-27 18:57:15,799 DEBUG epoch: 123, train_acc: 99.8046875, val_acc: 87.09, fidel_score: 89.4, acc_loss: 0.034414662746712565, grad_loss: None
2022-04-27 18:57:17,598 DEBUG epoch: 124, train_acc: 99.609375, val_acc: 87.05, fidel_score: 89.36, acc_loss: 0.032775376457720995, grad_loss: None
2022-04-27 18:57:19,645 DEBUG epoch: 125, train_acc: 99.90234375, val_acc: 86.99, fidel_score: 89.51, acc_loss: 0.02673386689275503, grad_loss: None
2022-04-27 18:57:21,522 DEBUG epoch: 126, train_acc: 99.90234375, val_acc: 86.98, fidel_score: 89.34, acc_loss: 0.028429337544366717, grad_loss: None
2022-04-27 18:57:23,488 DEBUG epoch: 127, train_acc: 99.8046875, val_acc: 86.87, fidel_score: 89.31, acc_loss: 0.03480482357554138, grad_loss: None
2022-04-27 18:57:25,489 DEBUG epoch: 128, train_acc: 99.684494972229, val_acc: 87.04, fidel_score: 89.18, acc_loss: 0.03901681583374739, grad_loss: None
2022-04-27 18:57:27,438 DEBUG epoch: 129, train_acc: 99.70703125, val_acc: 86.81, fidel_score: 89.19, acc_loss: 0.032880259677767754, grad_loss: None
2022-04-27 18:57:29,254 DEBUG epoch: 130, train_acc: 99.90234375, val_acc: 87.03, fidel_score: 89.39, acc_loss: 0.02814200962893665, grad_loss: None
2022-04-27 18:57:31,100 DEBUG epoch: 131, train_acc: 99.782151222229, val_acc: 86.86, fidel_score: 89.22, acc_loss: 0.033844060730189085, grad_loss: None
2022-04-27 18:57:33,108 DEBUG epoch: 132, train_acc: 99.489182472229, val_acc: 86.75, fidel_score: 89.13, acc_loss: 0.03931657294742763, grad_loss: None
2022-04-27 18:57:34,961 DEBUG epoch: 133, train_acc: 99.586838722229, val_acc: 86.82, fidel_score: 89.16, acc_loss: 0.037991982186213136, grad_loss: None
2022-04-27 18:57:36,968 DEBUG epoch: 134, train_acc: 99.70703125, val_acc: 86.55, fidel_score: 88.89, acc_loss: 0.03412264888174832, grad_loss: None
2022-04-27 18:57:38,958 DEBUG epoch: 135, train_acc: 99.70703125, val_acc: 86.96, fidel_score: 89.36, acc_loss: 0.040243989787995815, grad_loss: None
2022-04-27 18:57:41,080 DEBUG epoch: 136, train_acc: 99.8046875, val_acc: 86.92, fidel_score: 89.18, acc_loss: 0.029143689665943384, grad_loss: None
2022-04-27 18:57:42,858 DEBUG epoch: 137, train_acc: 100.0, val_acc: 86.9, fidel_score: 89.46, acc_loss: 0.027828648686408997, grad_loss: None
2022-04-27 18:57:44,894 DEBUG epoch: 138, train_acc: 99.70703125, val_acc: 86.96, fidel_score: 89.51, acc_loss: 0.034072288777679205, grad_loss: None
2022-04-27 18:57:46,836 DEBUG epoch: 139, train_acc: 99.90234375, val_acc: 86.9, fidel_score: 89.22, acc_loss: 0.0328791718930006, grad_loss: None
2022-04-27 18:57:48,771 DEBUG epoch: 140, train_acc: 99.46664619445801, val_acc: 86.88, fidel_score: 89.18, acc_loss: 0.039553856709972024, grad_loss: None
2022-04-27 18:57:50,793 DEBUG epoch: 141, train_acc: 100.0, val_acc: 87.08, fidel_score: 89.37, acc_loss: 0.027577391592785716, grad_loss: None
2022-04-27 18:57:52,796 DEBUG epoch: 142, train_acc: 99.90234375, val_acc: 86.9, fidel_score: 89.25, acc_loss: 0.02893099677748978, grad_loss: None
2022-04-27 18:57:54,799 DEBUG epoch: 143, train_acc: 99.586838722229, val_acc: 86.81, fidel_score: 89.12, acc_loss: 0.03562044445425272, grad_loss: None
2022-04-27 18:57:56,979 DEBUG epoch: 144, train_acc: 99.90234375, val_acc: 87.0, fidel_score: 89.5, acc_loss: 0.029123971005901694, grad_loss: None
2022-04-27 18:57:59,077 DEBUG epoch: 145, train_acc: 99.90234375, val_acc: 86.77, fidel_score: 89.15, acc_loss: 0.02864960511215031, grad_loss: None
2022-04-27 18:58:01,125 DEBUG epoch: 146, train_acc: 99.684494972229, val_acc: 86.93, fidel_score: 89.51, acc_loss: 0.03591021988540888, grad_loss: None
2022-04-27 18:58:03,145 DEBUG epoch: 147, train_acc: 100.0, val_acc: 87.0, fidel_score: 89.48, acc_loss: 0.025981667917221785, grad_loss: None
2022-04-27 18:58:05,093 DEBUG epoch: 148, train_acc: 100.0, val_acc: 86.85, fidel_score: 89.27, acc_loss: 0.025829277001321316, grad_loss: None
2022-04-27 18:58:07,309 DEBUG epoch: 149, train_acc: 99.684494972229, val_acc: 86.86, fidel_score: 89.17, acc_loss: 0.03555984073318541, grad_loss: None
2022-04-27 18:58:09,187 DEBUG epoch: 150, train_acc: 99.8046875, val_acc: 86.8, fidel_score: 89.29, acc_loss: 0.027596020605415106, grad_loss: None
2022-04-27 18:58:11,030 DEBUG epoch: 151, train_acc: 99.90234375, val_acc: 87.08, fidel_score: 89.53, acc_loss: 0.02906354982405901, grad_loss: None
2022-04-27 18:58:13,160 DEBUG epoch: 152, train_acc: 100.0, val_acc: 86.97, fidel_score: 89.32, acc_loss: 0.02835845574736595, grad_loss: None
2022-04-27 18:58:15,098 DEBUG epoch: 153, train_acc: 99.609375, val_acc: 86.89, fidel_score: 89.37, acc_loss: 0.03492868994362652, grad_loss: None
2022-04-27 18:58:17,188 DEBUG epoch: 154, train_acc: 99.4140625, val_acc: 86.86, fidel_score: 89.36, acc_loss: 0.038977271877229214, grad_loss: None
2022-04-27 18:58:19,108 DEBUG epoch: 155, train_acc: 100.0, val_acc: 86.99, fidel_score: 89.41, acc_loss: 0.02675475226715207, grad_loss: None
2022-04-27 18:58:21,176 DEBUG epoch: 156, train_acc: 99.782151222229, val_acc: 86.93, fidel_score: 89.48, acc_loss: 0.032344957115128636, grad_loss: None
2022-04-27 18:58:23,247 DEBUG epoch: 157, train_acc: 99.684494972229, val_acc: 86.9, fidel_score: 89.41, acc_loss: 0.03107816376723349, grad_loss: None
2022-04-27 18:58:25,358 DEBUG epoch: 158, train_acc: 99.609375, val_acc: 87.11, fidel_score: 89.37, acc_loss: 0.03952603484503925, grad_loss: None
2022-04-27 18:58:27,109 DEBUG epoch: 159, train_acc: 99.879807472229, val_acc: 87.04, fidel_score: 89.38, acc_loss: 0.027703157858923078, grad_loss: None
2022-04-27 18:58:29,166 DEBUG epoch: 160, train_acc: 99.90234375, val_acc: 87.0, fidel_score: 89.47, acc_loss: 0.02835605340078473, grad_loss: None
2022-04-27 18:58:31,109 DEBUG epoch: 161, train_acc: 99.8046875, val_acc: 86.9, fidel_score: 89.57, acc_loss: 0.03015988995321095, grad_loss: None
2022-04-27 18:58:33,108 DEBUG epoch: 162, train_acc: 99.8046875, val_acc: 86.95, fidel_score: 89.47, acc_loss: 0.03147081541828811, grad_loss: None
2022-04-27 18:58:35,156 DEBUG epoch: 163, train_acc: 99.8046875, val_acc: 86.91, fidel_score: 89.37, acc_loss: 0.02873081248253584, grad_loss: None
2022-04-27 18:58:37,176 DEBUG epoch: 164, train_acc: 99.70703125, val_acc: 87.16, fidel_score: 89.34, acc_loss: 0.03196652256883681, grad_loss: None
2022-04-27 18:58:39,285 DEBUG epoch: 165, train_acc: 99.90234375, val_acc: 87.18, fidel_score: 89.46, acc_loss: 0.027526474790647626, grad_loss: None
2022-04-27 18:58:41,320 DEBUG epoch: 166, train_acc: 99.196213722229, val_acc: 86.77, fidel_score: 89.37, acc_loss: 0.042733740992844105, grad_loss: None
2022-04-27 18:58:43,524 DEBUG epoch: 167, train_acc: 99.90234375, val_acc: 86.91, fidel_score: 89.32, acc_loss: 0.028076112736016512, grad_loss: None
2022-04-27 18:58:45,630 DEBUG epoch: 168, train_acc: 99.90234375, val_acc: 86.97, fidel_score: 89.26, acc_loss: 0.029330665711313486, grad_loss: None
2022-04-27 18:58:47,812 DEBUG epoch: 169, train_acc: 99.609375, val_acc: 87.03, fidel_score: 89.22, acc_loss: 0.03576490213163197, grad_loss: None
2022-04-27 18:58:49,948 DEBUG epoch: 170, train_acc: 100.0, val_acc: 87.12, fidel_score: 89.5, acc_loss: 0.027385885594412684, grad_loss: None
2022-04-27 18:58:52,018 DEBUG epoch: 171, train_acc: 99.879807472229, val_acc: 86.86, fidel_score: 89.21, acc_loss: 0.027281521819531918, grad_loss: None
2022-04-27 18:58:54,063 DEBUG epoch: 172, train_acc: 99.8046875, val_acc: 86.88, fidel_score: 89.26, acc_loss: 0.03015504265204072, grad_loss: None
2022-04-27 18:58:56,139 DEBUG epoch: 173, train_acc: 99.51171875, val_acc: 87.06, fidel_score: 89.61, acc_loss: 0.03813948365859687, grad_loss: None
2022-04-27 18:58:58,126 DEBUG epoch: 174, train_acc: 99.90234375, val_acc: 87.29, fidel_score: 89.6, acc_loss: 0.032039155485108495, grad_loss: None
2022-04-27 18:59:00,241 DEBUG epoch: 175, train_acc: 99.8046875, val_acc: 87.07, fidel_score: 89.42, acc_loss: 0.028458771528676152, grad_loss: None
2022-04-27 18:59:02,239 DEBUG epoch: 176, train_acc: 99.782151222229, val_acc: 86.74, fidel_score: 89.3, acc_loss: 0.03254421311430633, grad_loss: None
2022-04-27 18:59:04,228 DEBUG epoch: 177, train_acc: 100.0, val_acc: 87.03, fidel_score: 89.3, acc_loss: 0.026562910992652178, grad_loss: None
2022-04-27 18:59:06,329 DEBUG epoch: 178, train_acc: 99.90234375, val_acc: 87.06, fidel_score: 89.52, acc_loss: 0.028281958308070898, grad_loss: None
2022-04-27 18:59:08,310 DEBUG epoch: 179, train_acc: 99.8046875, val_acc: 86.8, fidel_score: 89.32, acc_loss: 0.030768483644351363, grad_loss: None
2022-04-27 18:59:10,418 DEBUG epoch: 180, train_acc: 100.0, val_acc: 87.06, fidel_score: 89.3, acc_loss: 0.027170885121449828, grad_loss: None
2022-04-27 18:59:12,378 DEBUG epoch: 181, train_acc: 100.0, val_acc: 87.12, fidel_score: 89.45, acc_loss: 0.02542154025286436, grad_loss: None
2022-04-27 18:59:14,547 DEBUG epoch: 182, train_acc: 99.90234375, val_acc: 86.88, fidel_score: 89.2, acc_loss: 0.02828943612985313, grad_loss: None
2022-04-27 18:59:16,613 DEBUG epoch: 183, train_acc: 100.0, val_acc: 87.03, fidel_score: 89.49, acc_loss: 0.025557214627042413, grad_loss: None
2022-04-27 18:59:18,644 DEBUG epoch: 184, train_acc: 99.609375, val_acc: 87.09, fidel_score: 89.52, acc_loss: 0.03593799006193876, grad_loss: None
2022-04-27 18:59:20,311 DEBUG epoch: 185, train_acc: 100.0, val_acc: 87.18, fidel_score: 89.65, acc_loss: 0.02730925753712654, grad_loss: None
2022-04-27 18:59:22,317 DEBUG epoch: 186, train_acc: 99.90234375, val_acc: 86.93, fidel_score: 89.34, acc_loss: 0.02973101125098765, grad_loss: None
2022-04-27 18:59:24,200 DEBUG epoch: 187, train_acc: 100.0, val_acc: 86.86, fidel_score: 89.26, acc_loss: 0.02558843814767897, grad_loss: None
2022-04-27 18:59:26,236 DEBUG epoch: 188, train_acc: 100.0, val_acc: 87.12, fidel_score: 89.39, acc_loss: 0.027055962244048715, grad_loss: None
2022-04-27 18:59:28,338 DEBUG epoch: 189, train_acc: 100.0, val_acc: 86.82, fidel_score: 89.34, acc_loss: 0.02696077711880207, grad_loss: None
2022-04-27 18:59:30,315 DEBUG epoch: 190, train_acc: 100.0, val_acc: 86.92, fidel_score: 89.3, acc_loss: 0.02769908052869141, grad_loss: None
2022-04-27 18:59:32,362 DEBUG epoch: 191, train_acc: 99.70703125, val_acc: 87.1, fidel_score: 89.68, acc_loss: 0.03384005930274725, grad_loss: None
2022-04-27 18:59:34,372 DEBUG epoch: 192, train_acc: 99.8046875, val_acc: 86.89, fidel_score: 89.28, acc_loss: 0.027447383850812912, grad_loss: None
2022-04-27 18:59:36,394 DEBUG epoch: 193, train_acc: 99.66195869445801, val_acc: 87.15, fidel_score: 89.39, acc_loss: 0.036518969340249896, grad_loss: None
2022-04-27 18:59:38,393 DEBUG epoch: 194, train_acc: 100.0, val_acc: 87.13, fidel_score: 89.27, acc_loss: 0.02439406351186335, grad_loss: None
2022-04-27 18:59:40,401 DEBUG epoch: 195, train_acc: 99.609375, val_acc: 86.96, fidel_score: 89.27, acc_loss: 0.03585456032305956, grad_loss: None
2022-04-27 18:59:42,251 DEBUG epoch: 196, train_acc: 99.21875, val_acc: 86.99, fidel_score: 89.41, acc_loss: 0.04154715011827648, grad_loss: None
2022-04-27 18:59:44,145 DEBUG epoch: 197, train_acc: 100.0, val_acc: 86.79, fidel_score: 89.2, acc_loss: 0.026087430538609624, grad_loss: None
2022-04-27 18:59:46,130 DEBUG epoch: 198, train_acc: 99.90234375, val_acc: 86.9, fidel_score: 89.41, acc_loss: 0.02863849769346416, grad_loss: None
2022-04-27 18:59:48,021 DEBUG epoch: 199, train_acc: 99.293869972229, val_acc: 87.01, fidel_score: 89.37, acc_loss: 0.036779610672965646, grad_loss: None
2022-04-27 18:59:50,052 DEBUG epoch: 200, train_acc: 100.0, val_acc: 86.89, fidel_score: 89.29, acc_loss: 0.027857698500156403, grad_loss: None
2022-04-27 18:59:52,134 DEBUG epoch: 201, train_acc: 99.90234375, val_acc: 86.81, fidel_score: 89.35, acc_loss: 0.026430823374539614, grad_loss: None
2022-04-27 18:59:54,172 DEBUG epoch: 202, train_acc: 99.609375, val_acc: 86.86, fidel_score: 89.22, acc_loss: 0.039874451933428645, grad_loss: None
2022-04-27 18:59:56,223 DEBUG epoch: 203, train_acc: 100.0, val_acc: 87.11, fidel_score: 89.49, acc_loss: 0.02589032892137766, grad_loss: None
2022-04-27 18:59:58,185 DEBUG epoch: 204, train_acc: 99.90234375, val_acc: 87.22, fidel_score: 89.75, acc_loss: 0.029756271978840232, grad_loss: None
2022-04-27 19:00:00,094 DEBUG epoch: 205, train_acc: 100.0, val_acc: 86.92, fidel_score: 89.2, acc_loss: 0.02671407745219767, grad_loss: None
2022-04-27 19:00:02,045 DEBUG epoch: 206, train_acc: 99.90234375, val_acc: 86.93, fidel_score: 89.38, acc_loss: 0.03368371375836432, grad_loss: None
2022-04-27 19:00:04,060 DEBUG epoch: 207, train_acc: 99.66195869445801, val_acc: 87.05, fidel_score: 89.49, acc_loss: 0.03498757118359208, grad_loss: None
2022-04-27 19:00:05,775 DEBUG epoch: 208, train_acc: 99.90234375, val_acc: 87.1, fidel_score: 89.46, acc_loss: 0.030019277008250356, grad_loss: None
2022-04-27 19:00:07,767 DEBUG epoch: 209, train_acc: 99.8046875, val_acc: 87.19, fidel_score: 89.46, acc_loss: 0.031238480703905225, grad_loss: None
2022-04-27 19:00:09,829 DEBUG epoch: 210, train_acc: 99.90234375, val_acc: 87.08, fidel_score: 89.43, acc_loss: 0.03024590527638793, grad_loss: None
2022-04-27 19:00:12,009 DEBUG epoch: 211, train_acc: 99.293869972229, val_acc: 86.98, fidel_score: 89.33, acc_loss: 0.035244506085291505, grad_loss: None
2022-04-27 19:00:13,925 DEBUG epoch: 212, train_acc: 100.0, val_acc: 86.86, fidel_score: 89.25, acc_loss: 0.02587431902065873, grad_loss: None
2022-04-27 19:00:16,026 DEBUG epoch: 213, train_acc: 99.609375, val_acc: 87.05, fidel_score: 89.38, acc_loss: 0.03596977633424103, grad_loss: None
2022-04-27 19:00:17,777 DEBUG epoch: 214, train_acc: 99.8046875, val_acc: 87.0, fidel_score: 89.56, acc_loss: 0.03096234076656401, grad_loss: None
2022-04-27 19:00:19,589 DEBUG epoch: 215, train_acc: 100.0, val_acc: 87.07, fidel_score: 89.31, acc_loss: 0.02923535043373704, grad_loss: None
2022-04-27 19:00:21,604 DEBUG epoch: 216, train_acc: 99.90234375, val_acc: 87.18, fidel_score: 89.65, acc_loss: 0.028644305421039462, grad_loss: None
2022-04-27 19:00:23,502 DEBUG epoch: 217, train_acc: 100.0, val_acc: 86.81, fidel_score: 89.17, acc_loss: 0.025063865818083286, grad_loss: None
2022-04-27 19:00:25,523 DEBUG epoch: 218, train_acc: 99.90234375, val_acc: 87.08, fidel_score: 89.49, acc_loss: 0.030990281142294407, grad_loss: None
2022-04-27 19:00:27,712 DEBUG epoch: 219, train_acc: 99.51171875, val_acc: 86.72, fidel_score: 89.17, acc_loss: 0.0369529512245208, grad_loss: None
2022-04-27 19:00:29,757 DEBUG epoch: 220, train_acc: 99.70703125, val_acc: 86.95, fidel_score: 89.55, acc_loss: 0.031992885982617736, grad_loss: None
2022-04-27 19:00:31,808 DEBUG epoch: 221, train_acc: 100.0, val_acc: 86.94, fidel_score: 89.34, acc_loss: 0.02696809731423855, grad_loss: None
2022-04-27 19:00:33,807 DEBUG epoch: 222, train_acc: 99.90234375, val_acc: 86.81, fidel_score: 89.16, acc_loss: 0.02784597664140165, grad_loss: None
2022-04-27 19:00:35,857 DEBUG epoch: 223, train_acc: 99.782151222229, val_acc: 86.8, fidel_score: 89.35, acc_loss: 0.033990243915468454, grad_loss: None
2022-04-27 19:00:38,006 DEBUG epoch: 224, train_acc: 100.0, val_acc: 87.05, fidel_score: 89.5, acc_loss: 0.026369932340458035, grad_loss: None
2022-04-27 19:00:39,988 DEBUG epoch: 225, train_acc: 99.8046875, val_acc: 87.05, fidel_score: 89.47, acc_loss: 0.030441713985055685, grad_loss: None
2022-04-27 19:00:41,823 DEBUG epoch: 226, train_acc: 100.0, val_acc: 87.15, fidel_score: 89.3, acc_loss: 0.02639768272638321, grad_loss: None
2022-04-27 19:00:43,924 DEBUG epoch: 227, train_acc: 99.90234375, val_acc: 87.01, fidel_score: 89.4, acc_loss: 0.02819966827519238, grad_loss: None
2022-04-27 19:00:45,912 DEBUG epoch: 228, train_acc: 99.586838722229, val_acc: 86.99, fidel_score: 89.33, acc_loss: 0.03840509708970785, grad_loss: None
2022-04-27 19:00:48,020 DEBUG epoch: 229, train_acc: 99.782151222229, val_acc: 86.89, fidel_score: 89.39, acc_loss: 0.034833185374736786, grad_loss: None
2022-04-27 19:00:49,968 DEBUG epoch: 230, train_acc: 100.0, val_acc: 86.89, fidel_score: 89.3, acc_loss: 0.025972112081944942, grad_loss: None
2022-04-27 19:00:52,074 DEBUG epoch: 231, train_acc: 100.0, val_acc: 87.04, fidel_score: 89.6, acc_loss: 0.02734253858216107, grad_loss: None
2022-04-27 19:00:54,122 DEBUG epoch: 232, train_acc: 99.90234375, val_acc: 87.09, fidel_score: 89.55, acc_loss: 0.030920428223907948, grad_loss: None
2022-04-27 19:00:56,250 DEBUG epoch: 233, train_acc: 99.90234375, val_acc: 86.96, fidel_score: 89.35, acc_loss: 0.030182960210368037, grad_loss: None
2022-04-27 19:00:58,587 DEBUG epoch: 234, train_acc: 99.8046875, val_acc: 87.06, fidel_score: 89.41, acc_loss: 0.033458776073530316, grad_loss: None
2022-04-27 19:01:00,758 DEBUG epoch: 235, train_acc: 99.36898994445801, val_acc: 87.09, fidel_score: 89.54, acc_loss: 0.04234691569581628, grad_loss: None
2022-04-27 19:01:02,877 DEBUG epoch: 236, train_acc: 99.8046875, val_acc: 87.11, fidel_score: 89.45, acc_loss: 0.02756143780425191, grad_loss: None
2022-04-27 19:01:04,987 DEBUG epoch: 237, train_acc: 100.0, val_acc: 86.82, fidel_score: 89.3, acc_loss: 0.02825634740293026, grad_loss: None
2022-04-27 19:01:07,007 DEBUG epoch: 238, train_acc: 99.70703125, val_acc: 86.94, fidel_score: 89.34, acc_loss: 0.0333093402441591, grad_loss: None
2022-04-27 19:01:09,111 DEBUG epoch: 239, train_acc: 99.51171875, val_acc: 86.91, fidel_score: 89.29, acc_loss: 0.041795716155320406, grad_loss: None
2022-04-27 19:01:11,004 DEBUG epoch: 240, train_acc: 100.0, val_acc: 86.93, fidel_score: 89.21, acc_loss: 0.02802463178522885, grad_loss: None
2022-04-27 19:01:13,147 DEBUG epoch: 241, train_acc: 100.0, val_acc: 86.92, fidel_score: 89.5, acc_loss: 0.028887022752314806, grad_loss: None
2022-04-27 19:01:14,979 DEBUG epoch: 242, train_acc: 99.609375, val_acc: 86.86, fidel_score: 89.4, acc_loss: 0.0355216464959085, grad_loss: None
2022-04-27 19:01:16,965 DEBUG epoch: 243, train_acc: 99.782151222229, val_acc: 87.06, fidel_score: 89.38, acc_loss: 0.035705826012417674, grad_loss: None
2022-04-27 19:01:19,035 DEBUG epoch: 244, train_acc: 99.8046875, val_acc: 86.95, fidel_score: 89.36, acc_loss: 0.03336779633536935, grad_loss: None
2022-04-27 19:01:21,070 DEBUG epoch: 245, train_acc: 99.879807472229, val_acc: 87.07, fidel_score: 89.35, acc_loss: 0.030036694719456136, grad_loss: None
2022-04-27 19:01:23,119 DEBUG epoch: 246, train_acc: 100.0, val_acc: 87.12, fidel_score: 89.52, acc_loss: 0.03004699992015958, grad_loss: None
2022-04-27 19:01:25,192 DEBUG epoch: 247, train_acc: 99.90234375, val_acc: 86.94, fidel_score: 89.4, acc_loss: 0.026532148011028767, grad_loss: None
2022-04-27 19:01:27,298 DEBUG epoch: 248, train_acc: 99.70703125, val_acc: 86.88, fidel_score: 89.24, acc_loss: 0.03242532443255186, grad_loss: None
2022-04-27 19:01:29,385 DEBUG epoch: 249, train_acc: 99.51171875, val_acc: 86.97, fidel_score: 89.44, acc_loss: 0.03251048061065376, grad_loss: None
2022-04-27 19:01:31,419 DEBUG epoch: 250, train_acc: 100.0, val_acc: 87.01, fidel_score: 89.48, acc_loss: 0.025769398198463023, grad_loss: None
2022-04-27 19:01:33,315 DEBUG epoch: 251, train_acc: 100.0, val_acc: 87.06, fidel_score: 89.42, acc_loss: 0.027040038025006652, grad_loss: None
2022-04-27 19:01:35,135 DEBUG epoch: 252, train_acc: 100.0, val_acc: 87.07, fidel_score: 89.28, acc_loss: 0.027153922244906425, grad_loss: None
2022-04-27 19:01:36,594 DEBUG epoch: 253, train_acc: 99.90234375, val_acc: 86.95, fidel_score: 89.25, acc_loss: 0.026231136173009872, grad_loss: None
2022-04-27 19:01:38,326 DEBUG epoch: 254, train_acc: 99.90234375, val_acc: 86.83, fidel_score: 89.35, acc_loss: 0.028512355173006654, grad_loss: None
2022-04-27 19:01:39,799 DEBUG epoch: 255, train_acc: 99.90234375, val_acc: 87.02, fidel_score: 89.33, acc_loss: 0.028870217967778444, grad_loss: None
2022-04-27 19:01:41,540 DEBUG epoch: 256, train_acc: 99.8046875, val_acc: 86.95, fidel_score: 89.52, acc_loss: 0.030861661303788424, grad_loss: None
2022-04-27 19:01:43,073 DEBUG epoch: 257, train_acc: 99.8046875, val_acc: 87.05, fidel_score: 89.53, acc_loss: 0.03267419571056962, grad_loss: None
2022-04-27 19:01:44,935 DEBUG epoch: 258, train_acc: 99.70703125, val_acc: 86.82, fidel_score: 89.18, acc_loss: 0.03264623205177486, grad_loss: None
2022-04-27 19:01:47,374 DEBUG epoch: 259, train_acc: 99.8046875, val_acc: 86.83, fidel_score: 89.4, acc_loss: 0.031153165735304356, grad_loss: None
2022-04-27 19:01:49,123 DEBUG epoch: 260, train_acc: 99.879807472229, val_acc: 87.11, fidel_score: 89.42, acc_loss: 0.03155360138043761, grad_loss: None
2022-04-27 19:01:51,106 DEBUG epoch: 261, train_acc: 100.0, val_acc: 86.98, fidel_score: 89.38, acc_loss: 0.027438494144007564, grad_loss: None
2022-04-27 19:01:53,228 DEBUG epoch: 262, train_acc: 99.8046875, val_acc: 86.99, fidel_score: 89.3, acc_loss: 0.031683564418926835, grad_loss: None
2022-04-27 19:01:55,320 DEBUG epoch: 263, train_acc: 99.879807472229, val_acc: 86.96, fidel_score: 89.53, acc_loss: 0.03290192037820816, grad_loss: None
2022-04-27 19:01:57,454 DEBUG epoch: 264, train_acc: 99.8046875, val_acc: 87.02, fidel_score: 89.35, acc_loss: 0.029227602761238813, grad_loss: None
2022-04-27 19:01:59,334 DEBUG epoch: 265, train_acc: 100.0, val_acc: 86.97, fidel_score: 89.52, acc_loss: 0.026624581310898066, grad_loss: None
2022-04-27 19:02:00,940 DEBUG epoch: 266, train_acc: 100.0, val_acc: 86.85, fidel_score: 89.34, acc_loss: 0.027060380671173334, grad_loss: None
2022-04-27 19:02:02,484 DEBUG epoch: 267, train_acc: 99.90234375, val_acc: 87.19, fidel_score: 89.6, acc_loss: 0.02844102238304913, grad_loss: None
2022-04-27 19:02:04,058 DEBUG epoch: 268, train_acc: 99.56430244445801, val_acc: 87.0, fidel_score: 89.46, acc_loss: 0.036509237019345164, grad_loss: None
2022-04-27 19:02:05,666 DEBUG epoch: 269, train_acc: 99.90234375, val_acc: 87.33, fidel_score: 89.58, acc_loss: 0.027737796306610107, grad_loss: None
2022-04-27 19:02:07,351 DEBUG epoch: 270, train_acc: 100.0, val_acc: 86.77, fidel_score: 89.36, acc_loss: 0.0256867459975183, grad_loss: None
2022-04-27 19:02:09,101 DEBUG epoch: 271, train_acc: 99.90234375, val_acc: 87.1, fidel_score: 89.52, acc_loss: 0.028724385425448418, grad_loss: None
2022-04-27 19:02:10,983 DEBUG epoch: 272, train_acc: 99.90234375, val_acc: 87.09, fidel_score: 89.48, acc_loss: 0.028875071788206697, grad_loss: None
2022-04-27 19:02:13,192 DEBUG epoch: 273, train_acc: 99.90234375, val_acc: 87.28, fidel_score: 89.7, acc_loss: 0.02687870291993022, grad_loss: None
2022-04-27 19:02:15,442 DEBUG epoch: 274, train_acc: 100.0, val_acc: 86.99, fidel_score: 89.42, acc_loss: 0.028275338234379888, grad_loss: None
2022-04-27 19:02:17,761 DEBUG epoch: 275, train_acc: 99.70703125, val_acc: 86.85, fidel_score: 89.3, acc_loss: 0.03156861523166299, grad_loss: None
2022-04-27 19:02:20,005 DEBUG epoch: 276, train_acc: 99.90234375, val_acc: 87.07, fidel_score: 89.64, acc_loss: 0.02688224148005247, grad_loss: None
2022-04-27 19:02:22,136 DEBUG epoch: 277, train_acc: 99.90234375, val_acc: 87.05, fidel_score: 89.37, acc_loss: 0.027789991348981857, grad_loss: None
2022-04-27 19:02:24,352 DEBUG epoch: 278, train_acc: 99.684494972229, val_acc: 87.09, fidel_score: 89.2, acc_loss: 0.03082681749947369, grad_loss: None
2022-04-27 19:02:26,481 DEBUG epoch: 279, train_acc: 99.8046875, val_acc: 86.93, fidel_score: 89.44, acc_loss: 0.03434927761554718, grad_loss: None
2022-04-27 19:02:28,715 DEBUG epoch: 280, train_acc: 99.90234375, val_acc: 86.95, fidel_score: 89.24, acc_loss: 0.028223710134625435, grad_loss: None
2022-04-27 19:02:30,814 DEBUG epoch: 281, train_acc: 99.70703125, val_acc: 86.67, fidel_score: 89.25, acc_loss: 0.03458567266352475, grad_loss: None
2022-04-27 19:02:32,985 DEBUG epoch: 282, train_acc: 99.90234375, val_acc: 87.1, fidel_score: 89.53, acc_loss: 0.02917948761023581, grad_loss: None
2022-04-27 19:02:35,028 DEBUG epoch: 283, train_acc: 99.684494972229, val_acc: 87.16, fidel_score: 89.52, acc_loss: 0.03712300769984722, grad_loss: None
2022-04-27 19:02:37,050 DEBUG epoch: 284, train_acc: 99.8046875, val_acc: 87.03, fidel_score: 89.37, acc_loss: 0.031178945209831, grad_loss: None
2022-04-27 19:02:38,993 DEBUG epoch: 285, train_acc: 100.0, val_acc: 86.88, fidel_score: 89.16, acc_loss: 0.02615165337920189, grad_loss: None
2022-04-27 19:02:41,056 DEBUG epoch: 286, train_acc: 99.90234375, val_acc: 87.03, fidel_score: 89.25, acc_loss: 0.027847971068695188, grad_loss: None
2022-04-27 19:02:42,825 DEBUG epoch: 287, train_acc: 99.75961494445801, val_acc: 86.95, fidel_score: 89.5, acc_loss: 0.03126079170033336, grad_loss: None
2022-04-27 19:02:44,787 DEBUG epoch: 288, train_acc: 100.0, val_acc: 86.78, fidel_score: 89.3, acc_loss: 0.029342925641685724, grad_loss: None
2022-04-27 19:02:46,753 DEBUG epoch: 289, train_acc: 99.70703125, val_acc: 87.1, fidel_score: 89.52, acc_loss: 0.03171160933561623, grad_loss: None
2022-04-27 19:02:48,681 DEBUG epoch: 290, train_acc: 99.879807472229, val_acc: 87.02, fidel_score: 89.53, acc_loss: 0.02762912237085402, grad_loss: None
2022-04-27 19:02:50,707 DEBUG epoch: 291, train_acc: 100.0, val_acc: 86.97, fidel_score: 89.5, acc_loss: 0.02963233576156199, grad_loss: None
2022-04-27 19:02:52,681 DEBUG epoch: 292, train_acc: 99.70703125, val_acc: 86.96, fidel_score: 89.4, acc_loss: 0.03163671516813338, grad_loss: None
2022-04-27 19:02:54,722 DEBUG epoch: 293, train_acc: 99.90234375, val_acc: 87.03, fidel_score: 89.17, acc_loss: 0.03347303671762347, grad_loss: None
2022-04-27 19:02:56,803 DEBUG epoch: 294, train_acc: 99.90234375, val_acc: 87.03, fidel_score: 89.37, acc_loss: 0.02632974018342793, grad_loss: None
2022-04-27 19:02:58,797 DEBUG epoch: 295, train_acc: 99.90234375, val_acc: 87.09, fidel_score: 89.61, acc_loss: 0.027723642298951745, grad_loss: None
2022-04-27 19:03:00,479 DEBUG epoch: 296, train_acc: 99.90234375, val_acc: 86.94, fidel_score: 89.34, acc_loss: 0.026678370544686913, grad_loss: None
2022-04-27 19:03:02,518 DEBUG epoch: 297, train_acc: 99.90234375, val_acc: 86.76, fidel_score: 89.28, acc_loss: 0.02971940510906279, grad_loss: None
2022-04-27 19:03:04,328 DEBUG epoch: 298, train_acc: 99.90234375, val_acc: 86.88, fidel_score: 89.26, acc_loss: 0.026517138350754976, grad_loss: None
2022-04-27 19:03:06,133 DEBUG epoch: 299, train_acc: 99.879807472229, val_acc: 86.97, fidel_score: 89.44, acc_loss: 0.028475835919380188, grad_loss: None
2022-04-27 19:03:08,162 DEBUG epoch: 300, train_acc: 99.684494972229, val_acc: 87.11, fidel_score: 89.48, acc_loss: 0.03440198441967368, grad_loss: None
2022-04-27 19:03:08,163 DEBUG load best stealed model.
2022-04-27 19:03:08,163 DEBUG Best perform model, val_acc: 87.33, fidel_score: 89.58, acc_loss: 0.027737796306610107
2022-04-27 19:03:08,164 DEBUG load cloest stealed model.
2022-04-27 19:03:08,165 DEBUG Closest perform model, val_acc: 87.22, fidel_score: 89.75, acc_loss: 0.027737796306610107
