2022-04-25 18:27:45,709 DEBUG Namespace(arch='vgg11_bn', attack_client=0, attack_epochs=300, attack_style='SoftTrain_option', average_time=1, batch_size=128, bottleneck_option='None', cutlayer=4, data_proportion=0.02, dataset='cifar100', filename='ace_V2_epoch_vgg11_bn_cutlayer_4_client_1_seed125_dataset_cifar100_lr_0.05_200epoch', folder='saves/baseline', learning_rate=0.05, noniid_ratio=1.0, num_client=1, num_epochs='best', num_query=10000, random_seed=123, regularization='None', regularization_strength=0.0, scheme='V2_epoch', surrogate_arch='same', test_best=True, train_clas_layer=4.0)
2022-04-25 18:27:49,198 DEBUG Test (client-0):	Loss 1.2311 (1.7817)	Prec@1 75.000 (68.630)
2022-04-25 18:27:49,198 DEBUG  * Prec@1 68.630
2022-04-25 18:27:49,204 DEBUG load 0.weight to surrogate
2022-04-25 18:27:49,205 DEBUG load 0.bias to surrogate
2022-04-25 18:27:49,205 DEBUG load 1.weight to surrogate
2022-04-25 18:27:49,205 DEBUG load 1.bias to surrogate
2022-04-25 18:27:49,205 DEBUG load 1.running_mean to surrogate
2022-04-25 18:27:49,205 DEBUG load 1.running_var to surrogate
2022-04-25 18:27:49,205 DEBUG load 1.num_batches_tracked to surrogate
2022-04-25 18:27:49,205 DEBUG load 3.weight to surrogate
2022-04-25 18:27:49,205 DEBUG load 3.bias to surrogate
2022-04-25 18:27:49,206 DEBUG load 4.weight to surrogate
2022-04-25 18:27:49,206 DEBUG load 4.bias to surrogate
2022-04-25 18:27:49,206 DEBUG load 4.running_mean to surrogate
2022-04-25 18:27:49,206 DEBUG load 4.running_var to surrogate
2022-04-25 18:27:49,206 DEBUG load 4.num_batches_tracked to surrogate
2022-04-25 18:27:49,206 DEBUG load 7.weight to surrogate
2022-04-25 18:27:49,206 DEBUG load 7.bias to surrogate
2022-04-25 18:27:49,206 DEBUG load 8.weight to surrogate
2022-04-25 18:27:49,206 DEBUG load 8.bias to surrogate
2022-04-25 18:27:49,206 DEBUG load 8.running_mean to surrogate
2022-04-25 18:27:49,206 DEBUG load 8.running_var to surrogate
2022-04-25 18:27:49,207 DEBUG load 8.num_batches_tracked to surrogate
2022-04-25 18:27:49,207 DEBUG load 10.weight to surrogate
2022-04-25 18:27:49,207 DEBUG load 10.bias to surrogate
2022-04-25 18:27:49,207 DEBUG load 11.weight to surrogate
2022-04-25 18:27:49,207 DEBUG load 11.bias to surrogate
2022-04-25 18:27:49,207 DEBUG load 11.running_mean to surrogate
2022-04-25 18:27:49,207 DEBUG load 11.running_var to surrogate
2022-04-25 18:27:49,207 DEBUG load 11.num_batches_tracked to surrogate
2022-04-25 18:27:49,207 DEBUG load 14.weight to surrogate
2022-04-25 18:27:49,207 DEBUG load 14.bias to surrogate
2022-04-25 18:27:49,207 DEBUG load 15.weight to surrogate
2022-04-25 18:27:49,208 DEBUG load 15.bias to surrogate
2022-04-25 18:27:49,208 DEBUG load 15.running_mean to surrogate
2022-04-25 18:27:49,208 DEBUG load 15.running_var to surrogate
2022-04-25 18:27:49,208 DEBUG load 15.num_batches_tracked to surrogate
2022-04-25 18:27:49,214 DEBUG 4
2022-04-25 18:27:49,214 DEBUG 10
2022-04-25 18:27:49,214 DEBUG surrogate parameter has 10 trainable parameters!
2022-04-25 18:27:53,093 DEBUG epoch: 0, val_acc: 1.03, val_fidelity: 0.95
2022-04-25 18:27:54,157 DEBUG epoch: 1, train_acc: 1.2169471085071564, val_acc: 1.17, fidel_score: 1.25, acc_loss: 4.60385000705719, grad_loss: None
2022-04-25 18:27:55,226 DEBUG epoch: 2, train_acc: 1.1868990063667297, val_acc: 1.35, fidel_score: 1.29, acc_loss: 4.5971158146858215, grad_loss: None
2022-04-25 18:27:56,292 DEBUG epoch: 3, train_acc: 2.170973554253578, val_acc: 1.18, fidel_score: 1.34, acc_loss: 4.588727056980133, grad_loss: None
2022-04-25 18:27:57,357 DEBUG epoch: 4, train_acc: 1.9756610542535782, val_acc: 1.47, fidel_score: 1.36, acc_loss: 4.578486621379852, grad_loss: None
2022-04-25 18:27:58,411 DEBUG epoch: 5, train_acc: 2.5390625, val_acc: 1.26, fidel_score: 1.26, acc_loss: 4.571350812911987, grad_loss: None
2022-04-25 18:27:59,487 DEBUG epoch: 6, train_acc: 2.268629804253578, val_acc: 1.21, fidel_score: 1.13, acc_loss: 4.557389557361603, grad_loss: None
2022-04-25 18:28:00,552 DEBUG epoch: 7, train_acc: 2.4864783585071564, val_acc: 1.22, fidel_score: 1.2, acc_loss: 4.546619653701782, grad_loss: None
2022-04-25 18:28:01,605 DEBUG epoch: 8, train_acc: 2.5540865063667297, val_acc: 1.54, fidel_score: 1.47, acc_loss: 4.535373270511627, grad_loss: None
2022-04-25 18:28:02,663 DEBUG epoch: 9, train_acc: 2.8470552563667297, val_acc: 1.34, fidel_score: 1.29, acc_loss: 4.526317238807678, grad_loss: None
2022-04-25 18:28:03,740 DEBUG epoch: 10, train_acc: 2.4864783585071564, val_acc: 1.45, fidel_score: 1.44, acc_loss: 4.517293155193329, grad_loss: None
2022-04-25 18:28:04,797 DEBUG epoch: 11, train_acc: 2.8771033585071564, val_acc: 1.69, fidel_score: 1.64, acc_loss: 4.505959928035736, grad_loss: None
2022-04-25 18:28:05,849 DEBUG epoch: 12, train_acc: 4.2593148946762085, val_acc: 2.28, fidel_score: 2.29, acc_loss: 4.491101384162903, grad_loss: None
2022-04-25 18:28:06,922 DEBUG epoch: 13, train_acc: 5.09314900636673, val_acc: 2.6, fidel_score: 2.61, acc_loss: 4.473262429237366, grad_loss: None
2022-04-25 18:28:07,990 DEBUG epoch: 14, train_acc: 4.657451927661896, val_acc: 2.67, fidel_score: 2.61, acc_loss: 4.458802580833435, grad_loss: None
2022-04-25 18:28:09,051 DEBUG epoch: 15, train_acc: 5.5063101053237915, val_acc: 2.87, fidel_score: 2.91, acc_loss: 4.431935012340546, grad_loss: None
2022-04-25 18:28:10,104 DEBUG epoch: 16, train_acc: 5.754206717014313, val_acc: 4.36, fidel_score: 4.5, acc_loss: 4.41303163766861, grad_loss: None
2022-04-25 18:28:11,165 DEBUG epoch: 17, train_acc: 8.458533644676208, val_acc: 5.15, fidel_score: 5.28, acc_loss: 4.38690859079361, grad_loss: None
2022-04-25 18:28:12,243 DEBUG epoch: 18, train_acc: 10.036057710647583, val_acc: 5.54, fidel_score: 5.71, acc_loss: 4.336005389690399, grad_loss: None
2022-04-25 18:28:13,302 DEBUG epoch: 19, train_acc: 10.914963960647583, val_acc: 6.48, fidel_score: 6.54, acc_loss: 4.2792603969573975, grad_loss: None
2022-04-25 18:28:14,353 DEBUG epoch: 20, train_acc: 11.741286039352417, val_acc: 8.63, fidel_score: 9.02, acc_loss: 4.209452569484711, grad_loss: None
2022-04-25 18:28:15,418 DEBUG epoch: 21, train_acc: 15.024038434028625, val_acc: 9.16, fidel_score: 9.3, acc_loss: 4.152212023735046, grad_loss: None
2022-04-25 18:28:16,475 DEBUG epoch: 22, train_acc: 20.18479561805725, val_acc: 14.36, fidel_score: 15.08, acc_loss: 4.017030239105225, grad_loss: None
2022-04-25 18:28:17,556 DEBUG epoch: 23, train_acc: 21.769831657409668, val_acc: 14.05, fidel_score: 14.68, acc_loss: 3.943933755159378, grad_loss: None
2022-04-25 18:28:18,609 DEBUG epoch: 24, train_acc: 24.57932686805725, val_acc: 18.17, fidel_score: 19.14, acc_loss: 3.7918096780776978, grad_loss: None
2022-04-25 18:28:19,659 DEBUG epoch: 25, train_acc: 29.018930196762085, val_acc: 20.72, fidel_score: 21.96, acc_loss: 3.613860458135605, grad_loss: None
2022-04-25 18:28:20,715 DEBUG epoch: 26, train_acc: 32.42938709259033, val_acc: 20.44, fidel_score: 21.68, acc_loss: 3.4466345012187958, grad_loss: None
2022-04-25 18:28:21,788 DEBUG epoch: 27, train_acc: 32.106369972229004, val_acc: 23.48, fidel_score: 24.85, acc_loss: 3.21577188372612, grad_loss: None
2022-04-25 18:28:22,858 DEBUG epoch: 28, train_acc: 35.922475814819336, val_acc: 25.18, fidel_score: 26.83, acc_loss: 3.0026473104953766, grad_loss: None
2022-04-25 18:28:23,928 DEBUG epoch: 29, train_acc: 41.75931453704834, val_acc: 27.23, fidel_score: 29.05, acc_loss: 2.781370759010315, grad_loss: None
2022-04-25 18:28:25,012 DEBUG epoch: 30, train_acc: 44.24579334259033, val_acc: 31.25, fidel_score: 33.63, acc_loss: 2.5398144721984863, grad_loss: None
2022-04-25 18:28:26,065 DEBUG epoch: 31, train_acc: 47.415865421295166, val_acc: 31.79, fidel_score: 34.68, acc_loss: 2.3438154458999634, grad_loss: None
2022-04-25 18:28:27,132 DEBUG epoch: 32, train_acc: 46.40925455093384, val_acc: 34.74, fidel_score: 38.05, acc_loss: 2.262708306312561, grad_loss: None
2022-04-25 18:28:28,194 DEBUG epoch: 33, train_acc: 51.156850814819336, val_acc: 36.66, fidel_score: 39.54, acc_loss: 2.013795033097267, grad_loss: None
2022-04-25 18:28:29,268 DEBUG epoch: 34, train_acc: 56.80588912963867, val_acc: 38.16, fidel_score: 41.48, acc_loss: 1.8087317794561386, grad_loss: None
2022-04-25 18:28:30,349 DEBUG epoch: 35, train_acc: 56.618088722229004, val_acc: 41.43, fidel_score: 45.22, acc_loss: 1.687092438340187, grad_loss: None
2022-04-25 18:28:31,413 DEBUG epoch: 36, train_acc: 64.39302825927734, val_acc: 40.91, fidel_score: 44.51, acc_loss: 1.4873589426279068, grad_loss: None
2022-04-25 18:28:32,479 DEBUG epoch: 37, train_acc: 64.49819660186768, val_acc: 43.52, fidel_score: 47.84, acc_loss: 1.420989990234375, grad_loss: None
2022-04-25 18:28:33,539 DEBUG epoch: 38, train_acc: 69.47866535186768, val_acc: 45.61, fidel_score: 50.33, acc_loss: 1.257880412042141, grad_loss: None
2022-04-25 18:28:34,614 DEBUG epoch: 39, train_acc: 72.145432472229, val_acc: 46.59, fidel_score: 51.17, acc_loss: 1.1443810984492302, grad_loss: None
2022-04-25 18:28:35,676 DEBUG epoch: 40, train_acc: 71.53695869445801, val_acc: 47.49, fidel_score: 52.82, acc_loss: 1.1828776374459267, grad_loss: None
2022-04-25 18:28:36,743 DEBUG epoch: 41, train_acc: 75.21784782409668, val_acc: 50.17, fidel_score: 56.03, acc_loss: 1.0498675629496574, grad_loss: None
2022-04-25 18:28:37,814 DEBUG epoch: 42, train_acc: 76.29957866668701, val_acc: 50.66, fidel_score: 56.56, acc_loss: 0.9496212899684906, grad_loss: None
2022-04-25 18:28:38,890 DEBUG epoch: 43, train_acc: 77.86959075927734, val_acc: 51.77, fidel_score: 57.62, acc_loss: 0.9149491041898727, grad_loss: None
2022-04-25 18:28:39,940 DEBUG epoch: 44, train_acc: 75.54837703704834, val_acc: 50.43, fidel_score: 56.57, acc_loss: 0.9252303540706635, grad_loss: None
2022-04-25 18:28:40,995 DEBUG epoch: 45, train_acc: 81.31760787963867, val_acc: 49.98, fidel_score: 55.29, acc_loss: 0.7534829825162888, grad_loss: None
2022-04-25 18:28:42,046 DEBUG epoch: 46, train_acc: 81.60306453704834, val_acc: 53.39, fidel_score: 60.06, acc_loss: 0.744107611477375, grad_loss: None
2022-04-25 18:28:43,114 DEBUG epoch: 47, train_acc: 87.03425407409668, val_acc: 53.95, fidel_score: 60.98, acc_loss: 0.5494108870625496, grad_loss: None
2022-04-25 18:28:44,180 DEBUG epoch: 48, train_acc: 81.73828125, val_acc: 54.55, fidel_score: 60.74, acc_loss: 0.7053621485829353, grad_loss: None
2022-04-25 18:28:45,255 DEBUG epoch: 49, train_acc: 85.26893043518066, val_acc: 54.43, fidel_score: 61.25, acc_loss: 0.6403415314853191, grad_loss: None
2022-04-25 18:28:46,323 DEBUG epoch: 50, train_acc: 83.80408668518066, val_acc: 55.48, fidel_score: 62.64, acc_loss: 0.6063735261559486, grad_loss: None
2022-04-25 18:28:47,387 DEBUG epoch: 51, train_acc: 84.24729537963867, val_acc: 54.88, fidel_score: 61.72, acc_loss: 0.651830866932869, grad_loss: None
2022-04-25 18:28:48,464 DEBUG epoch: 52, train_acc: 81.13731956481934, val_acc: 54.1, fidel_score: 60.44, acc_loss: 0.7122742831707001, grad_loss: None
2022-04-25 18:28:49,534 DEBUG epoch: 53, train_acc: 85.04356956481934, val_acc: 54.62, fidel_score: 61.48, acc_loss: 0.6275704465806484, grad_loss: None
2022-04-25 18:28:50,600 DEBUG epoch: 54, train_acc: 88.4765625, val_acc: 53.71, fidel_score: 59.81, acc_loss: 0.5043012537062168, grad_loss: None
2022-04-25 18:28:51,664 DEBUG epoch: 55, train_acc: 91.090744972229, val_acc: 56.67, fidel_score: 64.49, acc_loss: 0.38767509534955025, grad_loss: None
2022-04-25 18:28:52,731 DEBUG epoch: 56, train_acc: 88.69441032409668, val_acc: 57.18, fidel_score: 65.25, acc_loss: 0.48459969088435173, grad_loss: None
2022-04-25 18:28:53,792 DEBUG epoch: 57, train_acc: 88.17608165740967, val_acc: 56.19, fidel_score: 63.46, acc_loss: 0.43396520614624023, grad_loss: None
2022-04-25 18:28:54,855 DEBUG epoch: 58, train_acc: 88.49909782409668, val_acc: 57.67, fidel_score: 65.36, acc_loss: 0.47452676855027676, grad_loss: None
2022-04-25 18:28:55,936 DEBUG epoch: 59, train_acc: 87.95823287963867, val_acc: 56.74, fidel_score: 64.99, acc_loss: 0.5399394743144512, grad_loss: None
2022-04-25 18:28:56,997 DEBUG epoch: 60, train_acc: 89.67848491668701, val_acc: 57.98, fidel_score: 66.19, acc_loss: 0.44066692143678665, grad_loss: None
2022-04-25 18:28:58,078 DEBUG epoch: 61, train_acc: 94.118088722229, val_acc: 58.38, fidel_score: 66.61, acc_loss: 0.31059602834284306, grad_loss: None
2022-04-25 18:28:59,144 DEBUG epoch: 62, train_acc: 93.38191032409668, val_acc: 58.65, fidel_score: 67.25, acc_loss: 0.3395309094339609, grad_loss: None
2022-04-25 18:29:00,211 DEBUG epoch: 63, train_acc: 93.29927825927734, val_acc: 59.52, fidel_score: 67.82, acc_loss: 0.31957532465457916, grad_loss: None
2022-04-25 18:29:01,273 DEBUG epoch: 64, train_acc: 93.64483165740967, val_acc: 58.72, fidel_score: 67.47, acc_loss: 0.2888703942298889, grad_loss: None
2022-04-25 18:29:02,336 DEBUG epoch: 65, train_acc: 94.59885787963867, val_acc: 58.99, fidel_score: 67.57, acc_loss: 0.2767268605530262, grad_loss: None
2022-04-25 18:29:03,396 DEBUG epoch: 66, train_acc: 93.17157459259033, val_acc: 59.36, fidel_score: 67.88, acc_loss: 0.28809585236012936, grad_loss: None
2022-04-25 18:29:04,458 DEBUG epoch: 67, train_acc: 94.17818450927734, val_acc: 59.53, fidel_score: 68.44, acc_loss: 0.28942241333425045, grad_loss: None
2022-04-25 18:29:05,543 DEBUG epoch: 68, train_acc: 94.87680244445801, val_acc: 59.74, fidel_score: 68.19, acc_loss: 0.25695405900478363, grad_loss: None
2022-04-25 18:29:06,600 DEBUG epoch: 69, train_acc: 94.83173084259033, val_acc: 59.18, fidel_score: 67.96, acc_loss: 0.27055775932967663, grad_loss: None
2022-04-25 18:29:07,681 DEBUG epoch: 70, train_acc: 95.61298084259033, val_acc: 59.21, fidel_score: 67.47, acc_loss: 0.24685082584619522, grad_loss: None
2022-04-25 18:29:08,739 DEBUG epoch: 71, train_acc: 94.58383369445801, val_acc: 59.24, fidel_score: 67.82, acc_loss: 0.2836406044661999, grad_loss: None
2022-04-25 18:29:09,817 DEBUG epoch: 72, train_acc: 94.86177825927734, val_acc: 58.9, fidel_score: 68.06, acc_loss: 0.24304519221186638, grad_loss: None
2022-04-25 18:29:10,868 DEBUG epoch: 73, train_acc: 93.65985584259033, val_acc: 59.48, fidel_score: 68.67, acc_loss: 0.3124695448204875, grad_loss: None
2022-04-25 18:29:11,923 DEBUG epoch: 74, train_acc: 94.53876209259033, val_acc: 59.35, fidel_score: 67.46, acc_loss: 0.26638828217983246, grad_loss: None
2022-04-25 18:29:12,986 DEBUG epoch: 75, train_acc: 92.90114116668701, val_acc: 59.47, fidel_score: 67.99, acc_loss: 0.32756892032921314, grad_loss: None
2022-04-25 18:29:14,052 DEBUG epoch: 76, train_acc: 96.071213722229, val_acc: 59.32, fidel_score: 68.37, acc_loss: 0.2382569219917059, grad_loss: None
2022-04-25 18:29:15,115 DEBUG epoch: 77, train_acc: 95.12469959259033, val_acc: 59.14, fidel_score: 68.06, acc_loss: 0.25278800539672375, grad_loss: None
2022-04-25 18:29:16,193 DEBUG epoch: 78, train_acc: 95.582932472229, val_acc: 59.55, fidel_score: 68.57, acc_loss: 0.25286185555160046, grad_loss: None
2022-04-25 18:29:17,257 DEBUG epoch: 79, train_acc: 93.98287200927734, val_acc: 60.04, fidel_score: 68.62, acc_loss: 0.30253846384584904, grad_loss: None
2022-04-25 18:29:18,335 DEBUG epoch: 80, train_acc: 96.05618953704834, val_acc: 59.39, fidel_score: 68.61, acc_loss: 0.22426402755081654, grad_loss: None
2022-04-25 18:29:19,401 DEBUG epoch: 81, train_acc: 94.71153831481934, val_acc: 59.37, fidel_score: 68.27, acc_loss: 0.26185227930545807, grad_loss: None
2022-04-25 18:29:20,476 DEBUG epoch: 82, train_acc: 94.71153831481934, val_acc: 59.44, fidel_score: 68.64, acc_loss: 0.27965041622519493, grad_loss: None
2022-04-25 18:29:21,546 DEBUG epoch: 83, train_acc: 95.16977119445801, val_acc: 59.78, fidel_score: 68.47, acc_loss: 0.23283400479704142, grad_loss: None
2022-04-25 18:29:22,607 DEBUG epoch: 84, train_acc: 97.10035991668701, val_acc: 59.42, fidel_score: 68.55, acc_loss: 0.16932716965675354, grad_loss: None
2022-04-25 18:29:23,692 DEBUG epoch: 85, train_acc: 94.53876209259033, val_acc: 60.06, fidel_score: 69.25, acc_loss: 0.26461964286863804, grad_loss: None
2022-04-25 18:29:24,750 DEBUG epoch: 86, train_acc: 95.95102119445801, val_acc: 59.77, fidel_score: 68.87, acc_loss: 0.21707619726657867, grad_loss: None
2022-04-25 18:29:25,817 DEBUG epoch: 87, train_acc: 96.168869972229, val_acc: 59.65, fidel_score: 69.01, acc_loss: 0.23988550156354904, grad_loss: None
2022-04-25 18:29:26,898 DEBUG epoch: 88, train_acc: 95.17728328704834, val_acc: 59.73, fidel_score: 68.83, acc_loss: 0.2606146354228258, grad_loss: None
2022-04-25 18:29:27,960 DEBUG epoch: 89, train_acc: 94.89182662963867, val_acc: 59.4, fidel_score: 68.6, acc_loss: 0.2635723929852247, grad_loss: None
2022-04-25 18:29:29,036 DEBUG epoch: 90, train_acc: 94.05799293518066, val_acc: 59.71, fidel_score: 68.84, acc_loss: 0.2952209357172251, grad_loss: None
2022-04-25 18:29:30,109 DEBUG epoch: 91, train_acc: 95.973557472229, val_acc: 59.53, fidel_score: 68.59, acc_loss: 0.21635158360004425, grad_loss: None
2022-04-25 18:29:31,174 DEBUG epoch: 92, train_acc: 97.243088722229, val_acc: 59.38, fidel_score: 68.36, acc_loss: 0.17968211695551872, grad_loss: None
2022-04-25 18:29:32,238 DEBUG epoch: 93, train_acc: 90.05408668518066, val_acc: 59.6, fidel_score: 68.54, acc_loss: 0.4033932238817215, grad_loss: None
2022-04-25 18:29:33,296 DEBUG epoch: 94, train_acc: 95.44020366668701, val_acc: 59.4, fidel_score: 68.27, acc_loss: 0.2549892086535692, grad_loss: None
2022-04-25 18:29:34,374 DEBUG epoch: 95, train_acc: 94.48617744445801, val_acc: 59.76, fidel_score: 69.01, acc_loss: 0.2753478344529867, grad_loss: None
2022-04-25 18:29:35,444 DEBUG epoch: 96, train_acc: 95.85336494445801, val_acc: 59.85, fidel_score: 68.94, acc_loss: 0.2407637294381857, grad_loss: None
2022-04-25 18:29:36,506 DEBUG epoch: 97, train_acc: 98.414963722229, val_acc: 60.28, fidel_score: 69.13, acc_loss: 0.16720933094620705, grad_loss: None
2022-04-25 18:29:37,573 DEBUG epoch: 98, train_acc: 96.58203125, val_acc: 59.91, fidel_score: 68.74, acc_loss: 0.19915419444441795, grad_loss: None
2022-04-25 18:29:38,623 DEBUG epoch: 99, train_acc: 92.93118953704834, val_acc: 59.79, fidel_score: 68.66, acc_loss: 0.3015555962920189, grad_loss: None
2022-04-25 18:29:39,683 DEBUG epoch: 100, train_acc: 95.51532459259033, val_acc: 60.38, fidel_score: 69.49, acc_loss: 0.2119494117796421, grad_loss: None
2022-04-25 18:29:40,762 DEBUG epoch: 101, train_acc: 95.22235584259033, val_acc: 60.11, fidel_score: 69.46, acc_loss: 0.24007250554859638, grad_loss: None
2022-04-25 18:29:41,846 DEBUG epoch: 102, train_acc: 96.13130950927734, val_acc: 59.73, fidel_score: 69.6, acc_loss: 0.20897799730300903, grad_loss: None
2022-04-25 18:29:42,916 DEBUG epoch: 103, train_acc: 97.047776222229, val_acc: 59.82, fidel_score: 68.82, acc_loss: 0.18909377232193947, grad_loss: None
2022-04-25 18:29:43,984 DEBUG epoch: 104, train_acc: 96.17638206481934, val_acc: 59.94, fidel_score: 68.97, acc_loss: 0.2051951950415969, grad_loss: None
2022-04-25 18:29:45,054 DEBUG epoch: 105, train_acc: 94.47866535186768, val_acc: 59.46, fidel_score: 68.3, acc_loss: 0.26734817679971457, grad_loss: None
2022-04-25 18:29:46,125 DEBUG epoch: 106, train_acc: 96.559494972229, val_acc: 59.43, fidel_score: 68.73, acc_loss: 0.17744934745132923, grad_loss: None
2022-04-25 18:29:47,189 DEBUG epoch: 107, train_acc: 95.32001209259033, val_acc: 60.14, fidel_score: 69.35, acc_loss: 0.25180463679134846, grad_loss: None
2022-04-25 18:29:48,259 DEBUG epoch: 108, train_acc: 95.14723491668701, val_acc: 60.41, fidel_score: 70.19, acc_loss: 0.2604082003235817, grad_loss: None
2022-04-25 18:29:49,318 DEBUG epoch: 109, train_acc: 94.64393043518066, val_acc: 59.35, fidel_score: 68.44, acc_loss: 0.26126487739384174, grad_loss: None
2022-04-25 18:29:50,372 DEBUG epoch: 110, train_acc: 97.29567241668701, val_acc: 60.4, fidel_score: 69.39, acc_loss: 0.16822192911058664, grad_loss: None
2022-04-25 18:29:51,443 DEBUG epoch: 111, train_acc: 95.22986793518066, val_acc: 60.04, fidel_score: 68.89, acc_loss: 0.22525627352297306, grad_loss: None
2022-04-25 18:29:52,501 DEBUG epoch: 112, train_acc: 96.45432662963867, val_acc: 60.07, fidel_score: 68.66, acc_loss: 0.21945707872509956, grad_loss: None
2022-04-25 18:29:53,579 DEBUG epoch: 113, train_acc: 93.11898994445801, val_acc: 59.95, fidel_score: 68.89, acc_loss: 0.3085196390748024, grad_loss: None
2022-04-25 18:29:54,659 DEBUG epoch: 114, train_acc: 92.84104537963867, val_acc: 60.38, fidel_score: 69.67, acc_loss: 0.28729609586298466, grad_loss: None
2022-04-25 18:29:55,722 DEBUG epoch: 115, train_acc: 96.80739116668701, val_acc: 59.94, fidel_score: 69.3, acc_loss: 0.2116324119269848, grad_loss: None
2022-04-25 18:29:56,788 DEBUG epoch: 116, train_acc: 95.57542037963867, val_acc: 60.47, fidel_score: 69.6, acc_loss: 0.24253667518496513, grad_loss: None
2022-04-25 18:29:57,867 DEBUG epoch: 117, train_acc: 96.16135787963867, val_acc: 60.36, fidel_score: 69.36, acc_loss: 0.21753512881696224, grad_loss: None
2022-04-25 18:29:58,951 DEBUG epoch: 118, train_acc: 95.37259578704834, val_acc: 60.08, fidel_score: 69.21, acc_loss: 0.25046536326408386, grad_loss: None
2022-04-25 18:30:00,044 DEBUG epoch: 119, train_acc: 95.22235584259033, val_acc: 59.86, fidel_score: 69.56, acc_loss: 0.2538206409662962, grad_loss: None
2022-04-25 18:30:01,120 DEBUG epoch: 120, train_acc: 95.92848491668701, val_acc: 59.87, fidel_score: 69.03, acc_loss: 0.2312173517420888, grad_loss: None
2022-04-25 18:30:02,184 DEBUG epoch: 121, train_acc: 97.633713722229, val_acc: 59.74, fidel_score: 69.06, acc_loss: 0.16811165772378445, grad_loss: None
2022-04-25 18:30:03,259 DEBUG epoch: 122, train_acc: 95.16977119445801, val_acc: 60.05, fidel_score: 69.75, acc_loss: 0.2553485073149204, grad_loss: None
2022-04-25 18:30:04,321 DEBUG epoch: 123, train_acc: 95.86087703704834, val_acc: 59.31, fidel_score: 68.73, acc_loss: 0.2132362173870206, grad_loss: None
2022-04-25 18:30:05,391 DEBUG epoch: 124, train_acc: 94.996994972229, val_acc: 59.8, fidel_score: 69.19, acc_loss: 0.24598282389342785, grad_loss: None
2022-04-25 18:30:06,452 DEBUG epoch: 125, train_acc: 96.58203125, val_acc: 59.66, fidel_score: 68.95, acc_loss: 0.1795813273638487, grad_loss: None
2022-04-25 18:30:07,516 DEBUG epoch: 126, train_acc: 94.65895366668701, val_acc: 59.58, fidel_score: 69.04, acc_loss: 0.26271927915513515, grad_loss: None
2022-04-25 18:30:08,590 DEBUG epoch: 127, train_acc: 96.22896575927734, val_acc: 59.64, fidel_score: 69.01, acc_loss: 0.2344841230660677, grad_loss: None
2022-04-25 18:30:09,654 DEBUG epoch: 128, train_acc: 95.54537200927734, val_acc: 59.97, fidel_score: 69.43, acc_loss: 0.22417863365262747, grad_loss: None
2022-04-25 18:30:10,724 DEBUG epoch: 129, train_acc: 96.559494972229, val_acc: 59.87, fidel_score: 69.05, acc_loss: 0.19275987148284912, grad_loss: None
2022-04-25 18:30:11,797 DEBUG epoch: 130, train_acc: 96.63461494445801, val_acc: 60.11, fidel_score: 69.69, acc_loss: 0.19319932162761688, grad_loss: None
2022-04-25 18:30:12,868 DEBUG epoch: 131, train_acc: 96.92758369445801, val_acc: 59.9, fidel_score: 69.3, acc_loss: 0.20368040166795254, grad_loss: None
2022-04-25 18:30:13,930 DEBUG epoch: 132, train_acc: 95.582932472229, val_acc: 60.09, fidel_score: 69.46, acc_loss: 0.258382860571146, grad_loss: None
2022-04-25 18:30:15,008 DEBUG epoch: 133, train_acc: 96.93509578704834, val_acc: 60.66, fidel_score: 69.42, acc_loss: 0.1708645112812519, grad_loss: None
2022-04-25 18:30:16,075 DEBUG epoch: 134, train_acc: 95.05709075927734, val_acc: 60.19, fidel_score: 69.01, acc_loss: 0.2121278103441, grad_loss: None
2022-04-25 18:30:17,147 DEBUG epoch: 135, train_acc: 96.42427825927734, val_acc: 59.81, fidel_score: 69.25, acc_loss: 0.18460045475512743, grad_loss: None
2022-04-25 18:30:18,216 DEBUG epoch: 136, train_acc: 95.53785991668701, val_acc: 59.6, fidel_score: 69.23, acc_loss: 0.22029889468103647, grad_loss: None
2022-04-25 18:30:19,283 DEBUG epoch: 137, train_acc: 95.04957866668701, val_acc: 59.96, fidel_score: 69.33, acc_loss: 0.25978002417832613, grad_loss: None
2022-04-25 18:30:20,371 DEBUG epoch: 138, train_acc: 95.973557472229, val_acc: 60.33, fidel_score: 69.51, acc_loss: 0.22716574650257826, grad_loss: None
2022-04-25 18:30:21,437 DEBUG epoch: 139, train_acc: 98.39242744445801, val_acc: 60.19, fidel_score: 69.67, acc_loss: 0.14917372167110443, grad_loss: None
2022-04-25 18:30:22,517 DEBUG epoch: 140, train_acc: 95.49278831481934, val_acc: 60.66, fidel_score: 69.88, acc_loss: 0.2068515159189701, grad_loss: None
2022-04-25 18:30:23,578 DEBUG epoch: 141, train_acc: 93.54717540740967, val_acc: 60.36, fidel_score: 69.71, acc_loss: 0.32069997675716877, grad_loss: None
2022-04-25 18:30:24,630 DEBUG epoch: 142, train_acc: 97.03275203704834, val_acc: 60.23, fidel_score: 69.73, acc_loss: 0.17196157202124596, grad_loss: None
2022-04-25 18:30:25,695 DEBUG epoch: 143, train_acc: 93.74248790740967, val_acc: 60.37, fidel_score: 69.73, acc_loss: 0.2586690429598093, grad_loss: None
2022-04-25 18:30:26,761 DEBUG epoch: 144, train_acc: 97.56610584259033, val_acc: 60.71, fidel_score: 70.24, acc_loss: 0.17493041045963764, grad_loss: None
2022-04-25 18:30:27,827 DEBUG epoch: 145, train_acc: 95.46273994445801, val_acc: 60.2, fidel_score: 69.74, acc_loss: 0.22741299960762262, grad_loss: None
2022-04-25 18:30:28,898 DEBUG epoch: 146, train_acc: 96.24398994445801, val_acc: 60.15, fidel_score: 69.61, acc_loss: 0.20064159110188484, grad_loss: None
2022-04-25 18:30:29,976 DEBUG epoch: 147, train_acc: 97.78395366668701, val_acc: 60.11, fidel_score: 69.64, acc_loss: 0.1672052862122655, grad_loss: None
2022-04-25 18:30:31,044 DEBUG epoch: 148, train_acc: 97.265625, val_acc: 60.01, fidel_score: 69.37, acc_loss: 0.1899820063263178, grad_loss: None
2022-04-25 18:30:32,108 DEBUG epoch: 149, train_acc: 93.53966331481934, val_acc: 60.83, fidel_score: 70.44, acc_loss: 0.2901945700868964, grad_loss: None
2022-04-25 18:30:33,183 DEBUG epoch: 150, train_acc: 94.71905040740967, val_acc: 60.4, fidel_score: 69.75, acc_loss: 0.2797987814992666, grad_loss: None
2022-04-25 18:30:34,253 DEBUG epoch: 151, train_acc: 95.02704334259033, val_acc: 59.92, fidel_score: 70.14, acc_loss: 0.239218027330935, grad_loss: None
2022-04-25 18:30:35,312 DEBUG epoch: 152, train_acc: 98.414963722229, val_acc: 59.9, fidel_score: 69.52, acc_loss: 0.14204408694058657, grad_loss: None
2022-04-25 18:30:36,393 DEBUG epoch: 153, train_acc: 96.25150203704834, val_acc: 61.32, fidel_score: 70.25, acc_loss: 0.19282590877264738, grad_loss: None
2022-04-25 18:30:37,467 DEBUG epoch: 154, train_acc: 96.657151222229, val_acc: 61.01, fidel_score: 70.13, acc_loss: 0.19779016822576523, grad_loss: None
2022-04-25 18:30:38,525 DEBUG epoch: 155, train_acc: 97.36328125, val_acc: 59.96, fidel_score: 69.93, acc_loss: 0.18934130296111107, grad_loss: None
2022-04-25 18:30:39,584 DEBUG epoch: 156, train_acc: 98.29477119445801, val_acc: 60.27, fidel_score: 69.53, acc_loss: 0.1335140634328127, grad_loss: None
2022-04-25 18:30:40,681 DEBUG epoch: 157, train_acc: 96.31910991668701, val_acc: 60.35, fidel_score: 69.75, acc_loss: 0.20949789136648178, grad_loss: None
2022-04-25 18:30:41,744 DEBUG epoch: 158, train_acc: 96.63461494445801, val_acc: 61.11, fidel_score: 70.0, acc_loss: 0.18243313767015934, grad_loss: None
2022-04-25 18:30:42,807 DEBUG epoch: 159, train_acc: 97.70883369445801, val_acc: 60.61, fidel_score: 69.87, acc_loss: 0.15437813848257065, grad_loss: None
2022-04-25 18:30:43,878 DEBUG epoch: 160, train_acc: 95.85336494445801, val_acc: 60.59, fidel_score: 69.99, acc_loss: 0.2291313987225294, grad_loss: None
2022-04-25 18:30:44,941 DEBUG epoch: 161, train_acc: 95.53785991668701, val_acc: 60.67, fidel_score: 70.1, acc_loss: 0.21793995331972837, grad_loss: None
2022-04-25 18:30:45,993 DEBUG epoch: 162, train_acc: 94.80919456481934, val_acc: 60.45, fidel_score: 70.21, acc_loss: 0.28037295676767826, grad_loss: None
2022-04-25 18:30:47,059 DEBUG epoch: 163, train_acc: 96.39423084259033, val_acc: 61.03, fidel_score: 70.52, acc_loss: 0.2152070850133896, grad_loss: None
2022-04-25 18:30:48,150 DEBUG epoch: 164, train_acc: 96.81490325927734, val_acc: 60.4, fidel_score: 70.22, acc_loss: 0.21385504584759474, grad_loss: None
2022-04-25 18:30:49,206 DEBUG epoch: 165, train_acc: 97.047776222229, val_acc: 60.43, fidel_score: 69.71, acc_loss: 0.18118202220648527, grad_loss: None
2022-04-25 18:30:50,281 DEBUG epoch: 166, train_acc: 95.91346168518066, val_acc: 61.07, fidel_score: 70.4, acc_loss: 0.23627923894673586, grad_loss: None
2022-04-25 18:30:51,344 DEBUG epoch: 167, train_acc: 96.37169456481934, val_acc: 60.9, fidel_score: 70.22, acc_loss: 0.19682126305997372, grad_loss: None
2022-04-25 18:30:52,428 DEBUG epoch: 168, train_acc: 97.047776222229, val_acc: 60.82, fidel_score: 70.12, acc_loss: 0.18691042996942997, grad_loss: None
2022-04-25 18:30:53,513 DEBUG epoch: 169, train_acc: 98.4375, val_acc: 60.67, fidel_score: 70.22, acc_loss: 0.13146999571472406, grad_loss: None
2022-04-25 18:30:54,592 DEBUG epoch: 170, train_acc: 96.364182472229, val_acc: 60.03, fidel_score: 69.95, acc_loss: 0.20754943415522575, grad_loss: None
2022-04-25 18:30:55,669 DEBUG epoch: 171, train_acc: 97.047776222229, val_acc: 60.39, fidel_score: 69.93, acc_loss: 0.18463192228227854, grad_loss: None
2022-04-25 18:30:56,731 DEBUG epoch: 172, train_acc: 98.4375, val_acc: 60.67, fidel_score: 70.31, acc_loss: 0.12961927242577076, grad_loss: None
2022-04-25 18:30:57,801 DEBUG epoch: 173, train_acc: 97.97926616668701, val_acc: 60.49, fidel_score: 70.03, acc_loss: 0.1520051248371601, grad_loss: None
2022-04-25 18:30:58,875 DEBUG epoch: 174, train_acc: 96.168869972229, val_acc: 60.85, fidel_score: 70.69, acc_loss: 0.21984995901584625, grad_loss: None
2022-04-25 18:30:59,943 DEBUG epoch: 175, train_acc: 96.58954334259033, val_acc: 60.61, fidel_score: 69.89, acc_loss: 0.1957760564982891, grad_loss: None
2022-04-25 18:31:01,001 DEBUG epoch: 176, train_acc: 96.61959075927734, val_acc: 60.46, fidel_score: 70.05, acc_loss: 0.2236801516264677, grad_loss: None
2022-04-25 18:31:02,063 DEBUG epoch: 177, train_acc: 93.39693450927734, val_acc: 60.43, fidel_score: 70.39, acc_loss: 0.28986005298793316, grad_loss: None
2022-04-25 18:31:03,121 DEBUG epoch: 178, train_acc: 94.49368953704834, val_acc: 60.93, fidel_score: 70.86, acc_loss: 0.2675302103161812, grad_loss: None
2022-04-25 18:31:04,195 DEBUG epoch: 179, train_acc: 96.80739116668701, val_acc: 60.65, fidel_score: 70.42, acc_loss: 0.1705025853589177, grad_loss: None
2022-04-25 18:31:05,280 DEBUG epoch: 180, train_acc: 96.17638206481934, val_acc: 60.73, fidel_score: 70.26, acc_loss: 0.22815827652812004, grad_loss: None
2022-04-25 18:31:06,356 DEBUG epoch: 181, train_acc: 95.03455543518066, val_acc: 60.67, fidel_score: 70.27, acc_loss: 0.23685830272734165, grad_loss: None
2022-04-25 18:31:07,426 DEBUG epoch: 182, train_acc: 96.98016834259033, val_acc: 60.47, fidel_score: 69.77, acc_loss: 0.18568436708301306, grad_loss: None
2022-04-25 18:31:08,494 DEBUG epoch: 183, train_acc: 96.6796875, val_acc: 60.58, fidel_score: 69.78, acc_loss: 0.1877290941774845, grad_loss: None
2022-04-25 18:31:09,569 DEBUG epoch: 184, train_acc: 97.0703125, val_acc: 60.31, fidel_score: 69.82, acc_loss: 0.17195920459926128, grad_loss: None
2022-04-25 18:31:10,640 DEBUG epoch: 185, train_acc: 95.89092540740967, val_acc: 60.41, fidel_score: 69.9, acc_loss: 0.24552740156650543, grad_loss: None
2022-04-25 18:31:11,723 DEBUG epoch: 186, train_acc: 95.32752418518066, val_acc: 60.45, fidel_score: 70.59, acc_loss: 0.2318174922838807, grad_loss: None
2022-04-25 18:31:12,789 DEBUG epoch: 187, train_acc: 96.00360584259033, val_acc: 60.55, fidel_score: 70.24, acc_loss: 0.21082239877432585, grad_loss: None
2022-04-25 18:31:13,858 DEBUG epoch: 188, train_acc: 96.73978328704834, val_acc: 60.67, fidel_score: 70.2, acc_loss: 0.17572537157684565, grad_loss: None
2022-04-25 18:31:14,930 DEBUG epoch: 189, train_acc: 97.4609375, val_acc: 60.69, fidel_score: 70.67, acc_loss: 0.1893727146089077, grad_loss: None
2022-04-25 18:31:16,006 DEBUG epoch: 190, train_acc: 93.05138206481934, val_acc: 60.52, fidel_score: 70.36, acc_loss: 0.2705434886738658, grad_loss: None
2022-04-25 18:31:17,103 DEBUG epoch: 191, train_acc: 98.317307472229, val_acc: 61.13, fidel_score: 70.5, acc_loss: 0.1365598328411579, grad_loss: None
2022-04-25 18:31:18,193 DEBUG epoch: 192, train_acc: 94.68900203704834, val_acc: 59.96, fidel_score: 70.17, acc_loss: 0.25997150130569935, grad_loss: None
2022-04-25 18:31:19,268 DEBUG epoch: 193, train_acc: 97.16796875, val_acc: 60.39, fidel_score: 70.48, acc_loss: 0.17316887248307467, grad_loss: None
2022-04-25 18:31:20,345 DEBUG epoch: 194, train_acc: 97.59615325927734, val_acc: 60.52, fidel_score: 69.89, acc_loss: 0.16003972478210926, grad_loss: None
2022-04-25 18:31:21,407 DEBUG epoch: 195, train_acc: 97.41586494445801, val_acc: 61.13, fidel_score: 70.69, acc_loss: 0.1728467270731926, grad_loss: None
2022-04-25 18:31:22,471 DEBUG epoch: 196, train_acc: 98.09945869445801, val_acc: 60.44, fidel_score: 70.26, acc_loss: 0.1595754800364375, grad_loss: None
2022-04-25 18:31:23,536 DEBUG epoch: 197, train_acc: 98.414963722229, val_acc: 60.63, fidel_score: 70.09, acc_loss: 0.1360350986942649, grad_loss: None
2022-04-25 18:31:24,614 DEBUG epoch: 198, train_acc: 96.40174293518066, val_acc: 60.57, fidel_score: 70.65, acc_loss: 0.2092434074729681, grad_loss: None
2022-04-25 18:31:25,705 DEBUG epoch: 199, train_acc: 94.04296875, val_acc: 60.56, fidel_score: 70.27, acc_loss: 0.2588657522574067, grad_loss: None
2022-04-25 18:31:26,773 DEBUG epoch: 200, train_acc: 98.85817241668701, val_acc: 60.74, fidel_score: 70.2, acc_loss: 0.12410821113735437, grad_loss: None
2022-04-25 18:31:27,848 DEBUG epoch: 201, train_acc: 96.2890625, val_acc: 60.65, fidel_score: 70.24, acc_loss: 0.22752020601183176, grad_loss: None
2022-04-25 18:31:28,918 DEBUG epoch: 202, train_acc: 92.61568450927734, val_acc: 60.56, fidel_score: 70.31, acc_loss: 0.3439024519175291, grad_loss: None
2022-04-25 18:31:29,998 DEBUG epoch: 203, train_acc: 97.731369972229, val_acc: 60.64, fidel_score: 70.59, acc_loss: 0.15967532340437174, grad_loss: None
2022-04-25 18:31:31,064 DEBUG epoch: 204, train_acc: 97.36328125, val_acc: 61.43, fidel_score: 70.65, acc_loss: 0.15931585617363453, grad_loss: None
2022-04-25 18:31:32,126 DEBUG epoch: 205, train_acc: 98.44501209259033, val_acc: 60.51, fidel_score: 70.42, acc_loss: 0.12628388963639736, grad_loss: None
2022-04-25 18:31:33,186 DEBUG epoch: 206, train_acc: 97.16796875, val_acc: 60.89, fidel_score: 70.82, acc_loss: 0.15940322075039148, grad_loss: None
2022-04-25 18:31:34,236 DEBUG epoch: 207, train_acc: 98.22716331481934, val_acc: 60.86, fidel_score: 70.51, acc_loss: 0.14965340495109558, grad_loss: None
2022-04-25 18:31:35,329 DEBUG epoch: 208, train_acc: 96.37169456481934, val_acc: 60.86, fidel_score: 70.35, acc_loss: 0.2096671387553215, grad_loss: None
2022-04-25 18:31:36,401 DEBUG epoch: 209, train_acc: 95.54537200927734, val_acc: 60.55, fidel_score: 70.63, acc_loss: 0.2520007034763694, grad_loss: None
2022-04-25 18:31:37,463 DEBUG epoch: 210, train_acc: 95.80829334259033, val_acc: 60.58, fidel_score: 70.15, acc_loss: 0.20909560099244118, grad_loss: None
2022-04-25 18:31:38,533 DEBUG epoch: 211, train_acc: 98.414963722229, val_acc: 60.57, fidel_score: 70.28, acc_loss: 0.15244115516543388, grad_loss: None
2022-04-25 18:31:39,606 DEBUG epoch: 212, train_acc: 98.58773994445801, val_acc: 60.12, fidel_score: 69.83, acc_loss: 0.1256398344412446, grad_loss: None
2022-04-25 18:31:40,661 DEBUG epoch: 213, train_acc: 97.80648994445801, val_acc: 60.72, fidel_score: 69.85, acc_loss: 0.14850879274308681, grad_loss: None
2022-04-25 18:31:41,723 DEBUG epoch: 214, train_acc: 95.56039619445801, val_acc: 60.38, fidel_score: 70.16, acc_loss: 0.2298815157264471, grad_loss: None
2022-04-25 18:31:42,783 DEBUG epoch: 215, train_acc: 97.41586494445801, val_acc: 60.7, fidel_score: 70.37, acc_loss: 0.17656342033296824, grad_loss: None
2022-04-25 18:31:43,837 DEBUG epoch: 216, train_acc: 97.55859375, val_acc: 60.22, fidel_score: 69.98, acc_loss: 0.15969322063028812, grad_loss: None
2022-04-25 18:31:44,907 DEBUG epoch: 217, train_acc: 98.828125, val_acc: 60.79, fidel_score: 70.3, acc_loss: 0.12016518972814083, grad_loss: None
2022-04-25 18:31:45,969 DEBUG epoch: 218, train_acc: 96.950119972229, val_acc: 60.34, fidel_score: 70.0, acc_loss: 0.18273974675685167, grad_loss: None
2022-04-25 18:31:47,047 DEBUG epoch: 219, train_acc: 95.75570869445801, val_acc: 60.79, fidel_score: 70.39, acc_loss: 0.2294671107083559, grad_loss: None
2022-04-25 18:31:48,123 DEBUG epoch: 220, train_acc: 97.36328125, val_acc: 61.31, fidel_score: 70.66, acc_loss: 0.16826842445880175, grad_loss: None
2022-04-25 18:31:49,191 DEBUG epoch: 221, train_acc: 97.59615325927734, val_acc: 60.67, fidel_score: 70.22, acc_loss: 0.1638660915195942, grad_loss: None
2022-04-25 18:31:50,247 DEBUG epoch: 222, train_acc: 94.29837703704834, val_acc: 60.68, fidel_score: 70.73, acc_loss: 0.27652703784406185, grad_loss: None
2022-04-25 18:31:51,313 DEBUG epoch: 223, train_acc: 99.15114116668701, val_acc: 60.89, fidel_score: 69.95, acc_loss: 0.1176084354519844, grad_loss: None
2022-04-25 18:31:52,379 DEBUG epoch: 224, train_acc: 95.28245162963867, val_acc: 60.74, fidel_score: 70.45, acc_loss: 0.23850510641932487, grad_loss: None
2022-04-25 18:31:53,451 DEBUG epoch: 225, train_acc: 97.94921875, val_acc: 60.95, fidel_score: 70.6, acc_loss: 0.15981033444404602, grad_loss: None
2022-04-25 18:31:54,515 DEBUG epoch: 226, train_acc: 96.38671875, val_acc: 60.36, fidel_score: 70.25, acc_loss: 0.18531647231429815, grad_loss: None
2022-04-25 18:31:55,607 DEBUG epoch: 227, train_acc: 98.4375, val_acc: 61.27, fidel_score: 70.61, acc_loss: 0.1641157642006874, grad_loss: None
2022-04-25 18:31:56,685 DEBUG epoch: 228, train_acc: 95.88341331481934, val_acc: 60.75, fidel_score: 70.35, acc_loss: 0.22145928256213665, grad_loss: None
2022-04-25 18:31:57,761 DEBUG epoch: 229, train_acc: 95.875901222229, val_acc: 60.21, fidel_score: 70.18, acc_loss: 0.2069868566468358, grad_loss: None
2022-04-25 18:31:58,832 DEBUG epoch: 230, train_acc: 97.41586494445801, val_acc: 60.81, fidel_score: 70.69, acc_loss: 0.17521370761096478, grad_loss: None
2022-04-25 18:31:59,907 DEBUG epoch: 231, train_acc: 96.76231956481934, val_acc: 60.95, fidel_score: 70.27, acc_loss: 0.208441698923707, grad_loss: None
2022-04-25 18:32:00,962 DEBUG epoch: 232, train_acc: 97.0703125, val_acc: 60.61, fidel_score: 69.99, acc_loss: 0.1697233710438013, grad_loss: None
2022-04-25 18:32:02,031 DEBUG epoch: 233, train_acc: 97.340744972229, val_acc: 60.54, fidel_score: 70.16, acc_loss: 0.18544206209480762, grad_loss: None
2022-04-25 18:32:03,088 DEBUG epoch: 234, train_acc: 96.49188709259033, val_acc: 61.03, fidel_score: 70.32, acc_loss: 0.21178654115647078, grad_loss: None
2022-04-25 18:32:04,165 DEBUG epoch: 235, train_acc: 96.73227119445801, val_acc: 60.37, fidel_score: 69.91, acc_loss: 0.18895188719034195, grad_loss: None
2022-04-25 18:32:05,218 DEBUG epoch: 236, train_acc: 96.14633369445801, val_acc: 60.43, fidel_score: 69.95, acc_loss: 0.189256701618433, grad_loss: None
2022-04-25 18:32:06,289 DEBUG epoch: 237, train_acc: 96.34164619445801, val_acc: 60.5, fidel_score: 69.74, acc_loss: 0.19084695167839527, grad_loss: None
2022-04-25 18:32:07,356 DEBUG epoch: 238, train_acc: 97.145432472229, val_acc: 60.59, fidel_score: 70.08, acc_loss: 0.1709955232217908, grad_loss: None
2022-04-25 18:32:08,422 DEBUG epoch: 239, train_acc: 93.80258369445801, val_acc: 60.7, fidel_score: 70.35, acc_loss: 0.2740637920796871, grad_loss: None
2022-04-25 18:32:09,508 DEBUG epoch: 240, train_acc: 94.97445869445801, val_acc: 60.89, fidel_score: 70.64, acc_loss: 0.22138780821114779, grad_loss: None
2022-04-25 18:32:10,570 DEBUG epoch: 241, train_acc: 96.34164619445801, val_acc: 60.63, fidel_score: 69.79, acc_loss: 0.1751867365092039, grad_loss: None
2022-04-25 18:32:11,648 DEBUG epoch: 242, train_acc: 96.657151222229, val_acc: 60.39, fidel_score: 70.03, acc_loss: 0.2109735831618309, grad_loss: None
2022-04-25 18:32:12,719 DEBUG epoch: 243, train_acc: 97.80648994445801, val_acc: 60.77, fidel_score: 70.33, acc_loss: 0.16019145399332047, grad_loss: None
2022-04-25 18:32:13,801 DEBUG epoch: 244, train_acc: 96.90504741668701, val_acc: 60.87, fidel_score: 70.32, acc_loss: 0.1732371374964714, grad_loss: None
2022-04-25 18:32:14,875 DEBUG epoch: 245, train_acc: 96.22145366668701, val_acc: 60.75, fidel_score: 70.16, acc_loss: 0.20484817773103714, grad_loss: None
2022-04-25 18:32:15,947 DEBUG epoch: 246, train_acc: 96.484375, val_acc: 60.8, fidel_score: 70.43, acc_loss: 0.1979978485032916, grad_loss: None
2022-04-25 18:32:17,016 DEBUG epoch: 247, train_acc: 95.44020366668701, val_acc: 60.91, fidel_score: 69.88, acc_loss: 0.22966029681265354, grad_loss: None
2022-04-25 18:32:18,090 DEBUG epoch: 248, train_acc: 96.61207866668701, val_acc: 60.87, fidel_score: 70.22, acc_loss: 0.1920464662835002, grad_loss: None
2022-04-25 18:32:19,168 DEBUG epoch: 249, train_acc: 95.52283668518066, val_acc: 60.33, fidel_score: 70.17, acc_loss: 0.2007959522306919, grad_loss: None
2022-04-25 18:32:20,242 DEBUG epoch: 250, train_acc: 96.41676616668701, val_acc: 60.67, fidel_score: 70.15, acc_loss: 0.21290375478565693, grad_loss: None
2022-04-25 18:32:21,322 DEBUG epoch: 251, train_acc: 97.61117744445801, val_acc: 60.88, fidel_score: 70.13, acc_loss: 0.15341087244451046, grad_loss: None
2022-04-25 18:32:22,397 DEBUG epoch: 252, train_acc: 95.26742744445801, val_acc: 60.41, fidel_score: 70.16, acc_loss: 0.20279695466160774, grad_loss: None
2022-04-25 18:32:23,467 DEBUG epoch: 253, train_acc: 97.68629741668701, val_acc: 60.57, fidel_score: 70.02, acc_loss: 0.16726124566048384, grad_loss: None
2022-04-25 18:32:24,552 DEBUG epoch: 254, train_acc: 95.8984375, val_acc: 60.72, fidel_score: 70.04, acc_loss: 0.21638136636465788, grad_loss: None
2022-04-25 18:32:25,615 DEBUG epoch: 255, train_acc: 95.92848491668701, val_acc: 60.98, fidel_score: 70.34, acc_loss: 0.24545254092663527, grad_loss: None
2022-04-25 18:32:26,706 DEBUG epoch: 256, train_acc: 97.265625, val_acc: 60.16, fidel_score: 69.84, acc_loss: 0.17694650683552027, grad_loss: None
2022-04-25 18:32:27,784 DEBUG epoch: 257, train_acc: 97.340744972229, val_acc: 60.84, fidel_score: 70.66, acc_loss: 0.1679760217666626, grad_loss: None
2022-04-25 18:32:28,843 DEBUG epoch: 258, train_acc: 97.22806453704834, val_acc: 60.15, fidel_score: 69.84, acc_loss: 0.19952857121825218, grad_loss: None
2022-04-25 18:32:29,918 DEBUG epoch: 259, train_acc: 96.66466331481934, val_acc: 60.4, fidel_score: 70.18, acc_loss: 0.1754118101671338, grad_loss: None
2022-04-25 18:32:30,997 DEBUG epoch: 260, train_acc: 97.51352119445801, val_acc: 60.79, fidel_score: 70.41, acc_loss: 0.17374315857887268, grad_loss: None
2022-04-25 18:32:32,078 DEBUG epoch: 261, train_acc: 97.438401222229, val_acc: 60.67, fidel_score: 70.44, acc_loss: 0.15683240443468094, grad_loss: None
2022-04-25 18:32:33,157 DEBUG epoch: 262, train_acc: 97.61117744445801, val_acc: 60.63, fidel_score: 70.64, acc_loss: 0.15777839813381433, grad_loss: None
2022-04-25 18:32:34,233 DEBUG epoch: 263, train_acc: 96.68719959259033, val_acc: 60.6, fidel_score: 70.52, acc_loss: 0.16901647578924894, grad_loss: None
2022-04-25 18:32:35,315 DEBUG epoch: 264, train_acc: 96.14633369445801, val_acc: 60.56, fidel_score: 70.36, acc_loss: 0.19936586171388626, grad_loss: None
2022-04-25 18:32:36,386 DEBUG epoch: 265, train_acc: 97.731369972229, val_acc: 60.75, fidel_score: 70.41, acc_loss: 0.1501257410272956, grad_loss: None
2022-04-25 18:32:37,453 DEBUG epoch: 266, train_acc: 98.24969959259033, val_acc: 60.75, fidel_score: 70.8, acc_loss: 0.13068108819425106, grad_loss: None
2022-04-25 18:32:38,528 DEBUG epoch: 267, train_acc: 93.79507160186768, val_acc: 61.06, fidel_score: 70.35, acc_loss: 0.2477169455960393, grad_loss: None
2022-04-25 18:32:39,595 DEBUG epoch: 268, train_acc: 97.55108165740967, val_acc: 60.81, fidel_score: 70.35, acc_loss: 0.1627052342519164, grad_loss: None
2022-04-25 18:32:40,651 DEBUG epoch: 269, train_acc: 98.12950706481934, val_acc: 60.5, fidel_score: 70.2, acc_loss: 0.12682882510125637, grad_loss: None
2022-04-25 18:32:41,727 DEBUG epoch: 270, train_acc: 97.81400203704834, val_acc: 60.34, fidel_score: 69.88, acc_loss: 0.15909371245652437, grad_loss: None
2022-04-25 18:32:42,792 DEBUG epoch: 271, train_acc: 96.657151222229, val_acc: 60.93, fidel_score: 70.58, acc_loss: 0.20262138731777668, grad_loss: None
2022-04-25 18:32:43,864 DEBUG epoch: 272, train_acc: 97.56610584259033, val_acc: 61.01, fidel_score: 70.47, acc_loss: 0.17681871447712183, grad_loss: None
2022-04-25 18:32:44,945 DEBUG epoch: 273, train_acc: 97.67127418518066, val_acc: 60.86, fidel_score: 70.67, acc_loss: 0.14402491971850395, grad_loss: None
2022-04-25 18:32:46,013 DEBUG epoch: 274, train_acc: 93.93028831481934, val_acc: 61.1, fidel_score: 70.91, acc_loss: 0.2778603658080101, grad_loss: None
2022-04-25 18:32:47,092 DEBUG epoch: 275, train_acc: 98.27223491668701, val_acc: 60.61, fidel_score: 70.35, acc_loss: 0.13298057205975056, grad_loss: None
2022-04-25 18:32:48,163 DEBUG epoch: 276, train_acc: 97.68629741668701, val_acc: 60.45, fidel_score: 70.19, acc_loss: 0.15685776807367802, grad_loss: None
2022-04-25 18:32:49,214 DEBUG epoch: 277, train_acc: 97.28064918518066, val_acc: 60.67, fidel_score: 70.6, acc_loss: 0.16659904178231955, grad_loss: None
2022-04-25 18:32:50,274 DEBUG epoch: 278, train_acc: 97.55859375, val_acc: 60.82, fidel_score: 70.35, acc_loss: 0.15294723957777023, grad_loss: None
2022-04-25 18:32:51,337 DEBUG epoch: 279, train_acc: 96.950119972229, val_acc: 60.81, fidel_score: 70.2, acc_loss: 0.1818698183633387, grad_loss: None
2022-04-25 18:32:52,397 DEBUG epoch: 280, train_acc: 95.875901222229, val_acc: 60.86, fidel_score: 70.45, acc_loss: 0.18914434779435396, grad_loss: None
2022-04-25 18:32:53,470 DEBUG epoch: 281, train_acc: 95.34254741668701, val_acc: 60.75, fidel_score: 70.51, acc_loss: 0.22859644517302513, grad_loss: None
2022-04-25 18:32:54,537 DEBUG epoch: 282, train_acc: 96.77734375, val_acc: 60.71, fidel_score: 71.02, acc_loss: 0.1745186448097229, grad_loss: None
2022-04-25 18:32:55,597 DEBUG epoch: 283, train_acc: 95.95102119445801, val_acc: 60.91, fidel_score: 70.57, acc_loss: 0.19703419599682093, grad_loss: None
2022-04-25 18:32:56,666 DEBUG epoch: 284, train_acc: 97.41586494445801, val_acc: 60.94, fidel_score: 70.56, acc_loss: 0.17339906003326178, grad_loss: None
2022-04-25 18:32:57,744 DEBUG epoch: 285, train_acc: 98.512619972229, val_acc: 61.26, fidel_score: 70.95, acc_loss: 0.1318587502464652, grad_loss: None
2022-04-25 18:32:58,812 DEBUG epoch: 286, train_acc: 98.046875, val_acc: 60.36, fidel_score: 70.75, acc_loss: 0.1482750726863742, grad_loss: None
2022-04-25 18:32:59,875 DEBUG epoch: 287, train_acc: 97.32572078704834, val_acc: 60.49, fidel_score: 70.07, acc_loss: 0.17536769155412912, grad_loss: None
2022-04-25 18:33:00,950 DEBUG epoch: 288, train_acc: 98.73046875, val_acc: 60.72, fidel_score: 70.33, acc_loss: 0.1179811293259263, grad_loss: None
2022-04-25 18:33:02,020 DEBUG epoch: 289, train_acc: 96.754807472229, val_acc: 60.78, fidel_score: 70.89, acc_loss: 0.1846952997148037, grad_loss: None
2022-04-25 18:33:03,079 DEBUG epoch: 290, train_acc: 96.63461494445801, val_acc: 60.85, fidel_score: 70.11, acc_loss: 0.20400753151625395, grad_loss: None
2022-04-25 18:33:04,161 DEBUG epoch: 291, train_acc: 94.58383369445801, val_acc: 60.75, fidel_score: 70.34, acc_loss: 0.2529189921915531, grad_loss: None
2022-04-25 18:33:05,223 DEBUG epoch: 292, train_acc: 98.512619972229, val_acc: 60.77, fidel_score: 70.47, acc_loss: 0.12508083414286375, grad_loss: None
2022-04-25 18:33:06,297 DEBUG epoch: 293, train_acc: 98.14453125, val_acc: 60.86, fidel_score: 70.13, acc_loss: 0.1552132647484541, grad_loss: None
2022-04-25 18:33:07,371 DEBUG epoch: 294, train_acc: 96.34164619445801, val_acc: 60.66, fidel_score: 70.18, acc_loss: 0.19475334510207176, grad_loss: None
2022-04-25 18:33:08,429 DEBUG epoch: 295, train_acc: 92.88611793518066, val_acc: 61.22, fidel_score: 70.4, acc_loss: 0.33728761319071054, grad_loss: None
2022-04-25 18:33:09,497 DEBUG epoch: 296, train_acc: 97.88160991668701, val_acc: 60.74, fidel_score: 70.21, acc_loss: 0.1625534575432539, grad_loss: None
2022-04-25 18:33:10,574 DEBUG epoch: 297, train_acc: 96.61959075927734, val_acc: 60.9, fidel_score: 70.48, acc_loss: 0.1824255147948861, grad_loss: None
2022-04-25 18:33:11,644 DEBUG epoch: 298, train_acc: 96.71724700927734, val_acc: 60.64, fidel_score: 70.42, acc_loss: 0.18361112289130688, grad_loss: None
2022-04-25 18:33:12,707 DEBUG epoch: 299, train_acc: 97.047776222229, val_acc: 60.83, fidel_score: 70.42, acc_loss: 0.18517407402396202, grad_loss: None
2022-04-25 18:33:13,781 DEBUG epoch: 300, train_acc: 96.61207866668701, val_acc: 60.63, fidel_score: 70.32, acc_loss: 0.19169167149811983, grad_loss: None
2022-04-25 18:33:13,781 DEBUG load best stealed model.
2022-04-25 18:33:13,782 DEBUG Best perform model, val_acc: 61.43, fidel_score: 70.65, acc_loss: 0.1745186448097229
2022-04-25 18:33:13,782 DEBUG load cloest stealed model.
2022-04-25 18:33:13,782 DEBUG Closest perform model, val_acc: 60.71, fidel_score: 71.02, acc_loss: 0.1745186448097229
