2022-04-27 21:20:36,371 DEBUG Namespace(arch='vgg11_bn', attack_client=0, attack_epochs=300, attack_style='Generator_option', average_time=1, batch_size=128, bottleneck_option='None', cutlayer=4, data_proportion=0.0, dataset='cifar10', filename='ace_V2_epoch_vgg11_bn_cutlayer_4_client_1_seed125_dataset_cifar10_lr_0.05_200epoch', folder='saves/baseline', learning_rate=0.005, noniid_ratio=1.0, num_client=1, num_epochs='best', num_query=10000, random_seed=123, regularization='None', regularization_strength=0.0, scheme='V2_epoch', surrogate_arch='wider', test_best=True, train_clas_layer=3.0)
2022-04-27 21:20:39,987 DEBUG Test (client-0):	Loss 0.6164 (0.3623)	Prec@1 81.250 (91.890)
2022-04-27 21:20:39,988 DEBUG  * Prec@1 91.890
2022-04-27 21:20:40,203 DEBUG 6
2022-04-27 21:20:40,204 DEBUG surrogate parameter has 6 trainable parameters!
2022-04-27 21:20:40,639 DEBUG Train step: 10	 CE_Loss: 1.7739619017 diversity_Loss: 41.7677268982 bc_losses (G):  0.0000000000  bc_losses (D)):  0.0000000000
2022-04-27 21:20:41,044 DEBUG Train step: 20	 CE_Loss: 1.7092758417 diversity_Loss: 44.4567985535 bc_losses (G):  0.0000000000  bc_losses (D)):  0.0000000000
2022-04-27 21:20:41,448 DEBUG Train step: 30	 CE_Loss: 2.2616360188 diversity_Loss: 45.8545875549 bc_losses (G):  0.0000000000  bc_losses (D)):  0.0000000000
2022-04-27 21:20:41,852 DEBUG Train step: 40	 CE_Loss: 1.5614221096 diversity_Loss: 46.3520126343 bc_losses (G):  0.0000000000  bc_losses (D)):  0.0000000000
2022-04-27 21:20:42,256 DEBUG Train step: 50	 CE_Loss: 1.8207774162 diversity_Loss: 46.0905380249 bc_losses (G):  0.0000000000  bc_losses (D)):  0.0000000000
2022-04-27 21:20:42,660 DEBUG Train step: 60	 CE_Loss: 1.9029986858 diversity_Loss: 46.2970390320 bc_losses (G):  0.0000000000  bc_losses (D)):  0.0000000000
2022-04-27 21:20:43,064 DEBUG Train step: 70	 CE_Loss: 1.4137743711 diversity_Loss: 47.1609725952 bc_losses (G):  0.0000000000  bc_losses (D)):  0.0000000000
2022-04-27 21:20:43,468 DEBUG Train step: 80	 CE_Loss: 1.1078826189 diversity_Loss: 46.5949325562 bc_losses (G):  0.0000000000  bc_losses (D)):  0.0000000000
2022-04-27 21:20:43,872 DEBUG Train step: 90	 CE_Loss: 1.4203871489 diversity_Loss: 47.0436706543 bc_losses (G):  0.0000000000  bc_losses (D)):  0.0000000000
2022-04-27 21:20:44,275 DEBUG Train step: 100	 CE_Loss: 1.4224174023 diversity_Loss: 47.2295913696 bc_losses (G):  0.0000000000  bc_losses (D)):  0.0000000000
2022-04-27 21:20:44,276 DEBUG End of Training: 100	 CE_Loss: 1.4224174023 diversity_Loss: 47.2295913696 bc_losses (G):  0.0000000000  bc_losses (D)):  0.0000000000
2022-04-27 21:20:45,416 DEBUG epoch: 0, val_acc: 9.26, val_fidelity: 8.98
2022-04-27 21:20:47,467 DEBUG epoch: 1, train_acc: 27.96875, val_acc: 60.43, fidel_score: 63.87, acc_loss: 2.202773725986481, grad_loss: None
2022-04-27 21:20:49,379 DEBUG epoch: 2, train_acc: 58.3203125, val_acc: 73.22, fidel_score: 77.61, acc_loss: 1.8734958589076995, grad_loss: None
2022-04-27 21:20:51,285 DEBUG epoch: 3, train_acc: 62.1875, val_acc: 80.3, fidel_score: 85.31, acc_loss: 1.5245976388454436, grad_loss: None
2022-04-27 21:20:53,177 DEBUG epoch: 4, train_acc: 66.328125, val_acc: 81.85, fidel_score: 87.25, acc_loss: 1.245893168449402, grad_loss: None
2022-04-27 21:20:55,058 DEBUG epoch: 5, train_acc: 70.859375, val_acc: 82.42, fidel_score: 87.74, acc_loss: 1.0614071607589721, grad_loss: None
2022-04-27 21:20:56,935 DEBUG epoch: 6, train_acc: 72.3828125, val_acc: 81.87, fidel_score: 86.85, acc_loss: 0.9473071455955505, grad_loss: None
2022-04-27 21:20:58,815 DEBUG epoch: 7, train_acc: 72.8515625, val_acc: 81.75, fidel_score: 86.8, acc_loss: 0.8878486007452011, grad_loss: None
2022-04-27 21:21:00,702 DEBUG epoch: 8, train_acc: 74.296875, val_acc: 81.25, fidel_score: 85.8, acc_loss: 0.8369169890880584, grad_loss: None
2022-04-27 21:21:02,591 DEBUG epoch: 9, train_acc: 75.6640625, val_acc: 81.26, fidel_score: 85.86, acc_loss: 0.7803130894899368, grad_loss: None
2022-04-27 21:21:04,465 DEBUG epoch: 10, train_acc: 74.0234375, val_acc: 80.73, fidel_score: 84.88, acc_loss: 0.8191713035106659, grad_loss: None
2022-04-27 21:21:06,352 DEBUG epoch: 11, train_acc: 74.1796875, val_acc: 80.62, fidel_score: 84.56, acc_loss: 0.7881157875061036, grad_loss: None
2022-04-27 21:21:08,237 DEBUG epoch: 12, train_acc: 75.4296875, val_acc: 80.69, fidel_score: 84.65, acc_loss: 0.7515402019023896, grad_loss: None
2022-04-27 21:21:10,141 DEBUG epoch: 13, train_acc: 75.3125, val_acc: 80.28, fidel_score: 84.0, acc_loss: 0.7579167395830154, grad_loss: None
2022-04-27 21:21:12,024 DEBUG epoch: 14, train_acc: 77.578125, val_acc: 80.11, fidel_score: 84.08, acc_loss: 0.6905531197786331, grad_loss: None
2022-04-27 21:21:13,899 DEBUG epoch: 15, train_acc: 76.2109375, val_acc: 80.11, fidel_score: 83.85, acc_loss: 0.7152725338935852, grad_loss: None
2022-04-27 21:21:15,779 DEBUG epoch: 16, train_acc: 77.265625, val_acc: 79.77, fidel_score: 82.96, acc_loss: 0.7154023855924606, grad_loss: None
2022-04-27 21:21:17,666 DEBUG epoch: 17, train_acc: 76.015625, val_acc: 79.93, fidel_score: 83.44, acc_loss: 0.699274605512619, grad_loss: None
2022-04-27 21:21:19,565 DEBUG epoch: 18, train_acc: 77.1484375, val_acc: 79.73, fidel_score: 83.28, acc_loss: 0.6790593639016151, grad_loss: None
2022-04-27 21:21:21,449 DEBUG epoch: 19, train_acc: 78.828125, val_acc: 79.65, fidel_score: 83.21, acc_loss: 0.6746446877717972, grad_loss: None
2022-04-27 21:21:23,327 DEBUG epoch: 20, train_acc: 76.3671875, val_acc: 79.49, fidel_score: 82.75, acc_loss: 0.6938895046710968, grad_loss: None
2022-04-27 21:21:25,207 DEBUG epoch: 21, train_acc: 77.03125, val_acc: 79.81, fidel_score: 83.04, acc_loss: 0.6824587911367417, grad_loss: None
2022-04-27 21:21:27,077 DEBUG epoch: 22, train_acc: 77.8125, val_acc: 79.5, fidel_score: 83.08, acc_loss: 0.6670852661132812, grad_loss: None
2022-04-27 21:21:28,964 DEBUG epoch: 23, train_acc: 77.65625, val_acc: 79.36, fidel_score: 82.64, acc_loss: 0.6946731090545655, grad_loss: None
2022-04-27 21:21:30,845 DEBUG epoch: 24, train_acc: 79.4140625, val_acc: 79.19, fidel_score: 82.46, acc_loss: 0.6292275562882423, grad_loss: None
2022-04-27 21:21:32,727 DEBUG epoch: 25, train_acc: 77.890625, val_acc: 78.66, fidel_score: 81.79, acc_loss: 0.6442817062139511, grad_loss: None
2022-04-27 21:21:34,599 DEBUG epoch: 26, train_acc: 78.1640625, val_acc: 79.21, fidel_score: 82.43, acc_loss: 0.6440199479460716, grad_loss: None
2022-04-27 21:21:36,481 DEBUG epoch: 27, train_acc: 77.265625, val_acc: 78.99, fidel_score: 82.2, acc_loss: 0.6733069598674775, grad_loss: None
2022-04-27 21:21:38,377 DEBUG epoch: 28, train_acc: 79.609375, val_acc: 79.08, fidel_score: 82.21, acc_loss: 0.6105650052428245, grad_loss: None
2022-04-27 21:21:40,248 DEBUG epoch: 29, train_acc: 78.3203125, val_acc: 79.16, fidel_score: 82.21, acc_loss: 0.6520384609699249, grad_loss: None
2022-04-27 21:21:42,134 DEBUG epoch: 30, train_acc: 78.671875, val_acc: 78.61, fidel_score: 81.62, acc_loss: 0.6422128200531005, grad_loss: None
2022-04-27 21:21:44,016 DEBUG epoch: 31, train_acc: 78.828125, val_acc: 78.54, fidel_score: 81.55, acc_loss: 0.6429354757070541, grad_loss: None
2022-04-27 21:21:45,897 DEBUG epoch: 32, train_acc: 78.9453125, val_acc: 79.05, fidel_score: 82.21, acc_loss: 0.6283799335360527, grad_loss: None
2022-04-27 21:21:47,776 DEBUG epoch: 33, train_acc: 79.140625, val_acc: 78.41, fidel_score: 81.42, acc_loss: 0.6304775238037109, grad_loss: None
2022-04-27 21:21:49,676 DEBUG epoch: 34, train_acc: 78.3984375, val_acc: 79.01, fidel_score: 81.94, acc_loss: 0.6326756715774536, grad_loss: None
2022-04-27 21:21:51,560 DEBUG epoch: 35, train_acc: 78.6328125, val_acc: 78.12, fidel_score: 81.07, acc_loss: 0.6497116059064865, grad_loss: None
2022-04-27 21:21:53,446 DEBUG epoch: 36, train_acc: 77.96875, val_acc: 78.57, fidel_score: 81.47, acc_loss: 0.6688652709126472, grad_loss: None
2022-04-27 21:21:55,330 DEBUG epoch: 37, train_acc: 77.4609375, val_acc: 78.86, fidel_score: 81.83, acc_loss: 0.6470436662435531, grad_loss: None
2022-04-27 21:21:57,222 DEBUG epoch: 38, train_acc: 77.34375, val_acc: 78.63, fidel_score: 81.68, acc_loss: 0.6576855272054672, grad_loss: None
2022-04-27 21:21:59,119 DEBUG epoch: 39, train_acc: 79.375, val_acc: 77.92, fidel_score: 80.87, acc_loss: 0.6428789764642715, grad_loss: None
2022-04-27 21:22:01,001 DEBUG epoch: 40, train_acc: 79.140625, val_acc: 78.72, fidel_score: 81.59, acc_loss: 0.6245890825986862, grad_loss: None
2022-04-27 21:22:02,888 DEBUG epoch: 41, train_acc: 80.703125, val_acc: 78.95, fidel_score: 82.07, acc_loss: 0.6201575189828873, grad_loss: None
2022-04-27 21:22:04,772 DEBUG epoch: 42, train_acc: 79.609375, val_acc: 78.97, fidel_score: 81.89, acc_loss: 0.6075357615947723, grad_loss: None
2022-04-27 21:22:06,646 DEBUG epoch: 43, train_acc: 78.5546875, val_acc: 78.74, fidel_score: 81.63, acc_loss: 0.6305503144860267, grad_loss: None
2022-04-27 21:22:08,529 DEBUG epoch: 44, train_acc: 78.28125, val_acc: 78.96, fidel_score: 81.87, acc_loss: 0.6363269329071045, grad_loss: None
2022-04-27 21:22:10,398 DEBUG epoch: 45, train_acc: 79.3359375, val_acc: 78.99, fidel_score: 82.01, acc_loss: 0.6393245071172714, grad_loss: None
2022-04-27 21:22:12,271 DEBUG epoch: 46, train_acc: 78.90625, val_acc: 78.34, fidel_score: 81.33, acc_loss: 0.6463242426514626, grad_loss: None
2022-04-27 21:22:14,175 DEBUG epoch: 47, train_acc: 79.375, val_acc: 78.67, fidel_score: 81.63, acc_loss: 0.6141326129436493, grad_loss: None
2022-04-27 21:22:16,063 DEBUG epoch: 48, train_acc: 78.5546875, val_acc: 79.06, fidel_score: 82.03, acc_loss: 0.6484743222594261, grad_loss: None
2022-04-27 21:22:17,950 DEBUG epoch: 49, train_acc: 80.8203125, val_acc: 78.65, fidel_score: 81.6, acc_loss: 0.5913149550557136, grad_loss: None
2022-04-27 21:22:19,823 DEBUG epoch: 50, train_acc: 79.765625, val_acc: 79.35, fidel_score: 82.33, acc_loss: 0.6091976866126061, grad_loss: None
2022-04-27 21:22:21,700 DEBUG epoch: 51, train_acc: 79.375, val_acc: 78.77, fidel_score: 81.76, acc_loss: 0.6161890611052513, grad_loss: None
2022-04-27 21:22:23,594 DEBUG epoch: 52, train_acc: 79.453125, val_acc: 79.7, fidel_score: 82.54, acc_loss: 0.623550346493721, grad_loss: None
2022-04-27 21:22:25,479 DEBUG epoch: 53, train_acc: 78.90625, val_acc: 77.72, fidel_score: 80.39, acc_loss: 0.6324075445532799, grad_loss: None
2022-04-27 21:22:27,361 DEBUG epoch: 54, train_acc: 79.53125, val_acc: 79.65, fidel_score: 82.79, acc_loss: 0.5954864531755447, grad_loss: None
2022-04-27 21:22:29,248 DEBUG epoch: 55, train_acc: 77.4609375, val_acc: 79.47, fidel_score: 82.53, acc_loss: 0.6537233978509903, grad_loss: None
2022-04-27 21:22:31,139 DEBUG epoch: 56, train_acc: 78.984375, val_acc: 79.33, fidel_score: 82.37, acc_loss: 0.6251571327447891, grad_loss: None
2022-04-27 21:22:33,021 DEBUG epoch: 57, train_acc: 79.140625, val_acc: 79.92, fidel_score: 83.04, acc_loss: 0.5980120331048966, grad_loss: None
2022-04-27 21:22:34,904 DEBUG epoch: 58, train_acc: 79.3359375, val_acc: 78.49, fidel_score: 81.19, acc_loss: 0.6034026369452477, grad_loss: None
2022-04-27 21:22:36,786 DEBUG epoch: 59, train_acc: 79.8046875, val_acc: 79.57, fidel_score: 82.49, acc_loss: 0.6211285576224327, grad_loss: None
2022-04-27 21:22:38,677 DEBUG epoch: 60, train_acc: 80.234375, val_acc: 79.63, fidel_score: 82.56, acc_loss: 0.599286499619484, grad_loss: None
2022-04-27 21:22:40,558 DEBUG epoch: 61, train_acc: 78.7109375, val_acc: 79.37, fidel_score: 82.53, acc_loss: 0.61940858066082, grad_loss: None
2022-04-27 21:22:42,445 DEBUG epoch: 62, train_acc: 80.1953125, val_acc: 79.11, fidel_score: 82.03, acc_loss: 0.59200619161129, grad_loss: None
2022-04-27 21:22:44,315 DEBUG epoch: 63, train_acc: 78.90625, val_acc: 79.44, fidel_score: 82.45, acc_loss: 0.6521453082561492, grad_loss: None
2022-04-27 21:22:46,200 DEBUG epoch: 64, train_acc: 78.75, val_acc: 79.43, fidel_score: 82.48, acc_loss: 0.6161974728107452, grad_loss: None
2022-04-27 21:22:48,065 DEBUG epoch: 65, train_acc: 80.78125, val_acc: 79.76, fidel_score: 82.73, acc_loss: 0.5807883456349373, grad_loss: None
2022-04-27 21:22:49,924 DEBUG epoch: 66, train_acc: 80.625, val_acc: 79.83, fidel_score: 82.92, acc_loss: 0.5994094356894493, grad_loss: None
2022-04-27 21:22:51,794 DEBUG epoch: 67, train_acc: 79.53125, val_acc: 79.43, fidel_score: 82.56, acc_loss: 0.6220291793346405, grad_loss: None
2022-04-27 21:22:53,664 DEBUG epoch: 68, train_acc: 80.625, val_acc: 79.4, fidel_score: 82.28, acc_loss: 0.5891715839505196, grad_loss: None
2022-04-27 21:22:55,551 DEBUG epoch: 69, train_acc: 78.75, val_acc: 78.57, fidel_score: 81.25, acc_loss: 0.6322891637682915, grad_loss: None
2022-04-27 21:22:57,451 DEBUG epoch: 70, train_acc: 79.8828125, val_acc: 78.85, fidel_score: 81.74, acc_loss: 0.5757275447249413, grad_loss: None
2022-04-27 21:22:59,351 DEBUG epoch: 71, train_acc: 80.3515625, val_acc: 78.82, fidel_score: 81.72, acc_loss: 0.5977975636720657, grad_loss: None
2022-04-27 21:23:01,206 DEBUG epoch: 72, train_acc: 79.765625, val_acc: 78.69, fidel_score: 81.65, acc_loss: 0.6104762464761734, grad_loss: None
2022-04-27 21:23:03,089 DEBUG epoch: 73, train_acc: 79.6484375, val_acc: 79.5, fidel_score: 82.48, acc_loss: 0.59893778860569, grad_loss: None
2022-04-27 21:23:04,987 DEBUG epoch: 74, train_acc: 78.59375, val_acc: 78.94, fidel_score: 81.84, acc_loss: 0.6278561696410179, grad_loss: None
2022-04-27 21:23:06,869 DEBUG epoch: 75, train_acc: 79.6484375, val_acc: 79.44, fidel_score: 82.48, acc_loss: 0.6174989640712738, grad_loss: None
2022-04-27 21:23:08,763 DEBUG epoch: 76, train_acc: 79.2578125, val_acc: 79.41, fidel_score: 82.44, acc_loss: 0.6217195868492127, grad_loss: None
2022-04-27 21:23:10,648 DEBUG epoch: 77, train_acc: 79.9609375, val_acc: 79.81, fidel_score: 82.8, acc_loss: 0.5881415635347367, grad_loss: None
2022-04-27 21:23:12,514 DEBUG epoch: 78, train_acc: 80.2734375, val_acc: 79.98, fidel_score: 82.92, acc_loss: 0.5758013918995857, grad_loss: None
2022-04-27 21:23:14,404 DEBUG epoch: 79, train_acc: 79.921875, val_acc: 79.57, fidel_score: 82.4, acc_loss: 0.5884743154048919, grad_loss: None
2022-04-27 21:23:16,285 DEBUG epoch: 80, train_acc: 78.9453125, val_acc: 79.98, fidel_score: 82.86, acc_loss: 0.6143984660506249, grad_loss: None
2022-04-27 21:23:18,168 DEBUG epoch: 81, train_acc: 79.8828125, val_acc: 79.94, fidel_score: 82.98, acc_loss: 0.6050107672810554, grad_loss: None
2022-04-27 21:23:20,060 DEBUG epoch: 82, train_acc: 79.4140625, val_acc: 80.4, fidel_score: 83.32, acc_loss: 0.5958241209387779, grad_loss: None
2022-04-27 21:23:21,947 DEBUG epoch: 83, train_acc: 78.828125, val_acc: 80.02, fidel_score: 82.94, acc_loss: 0.5920062407851219, grad_loss: None
2022-04-27 21:23:23,827 DEBUG epoch: 84, train_acc: 80.46875, val_acc: 79.41, fidel_score: 82.2, acc_loss: 0.5867584064602852, grad_loss: None
2022-04-27 21:23:25,701 DEBUG epoch: 85, train_acc: 79.6875, val_acc: 79.4, fidel_score: 82.34, acc_loss: 0.6004239603877067, grad_loss: None
2022-04-27 21:23:27,584 DEBUG epoch: 86, train_acc: 78.828125, val_acc: 79.6, fidel_score: 82.59, acc_loss: 0.6283434838056564, grad_loss: None
2022-04-27 21:23:29,473 DEBUG epoch: 87, train_acc: 81.7578125, val_acc: 79.69, fidel_score: 82.66, acc_loss: 0.5638515427708626, grad_loss: None
2022-04-27 21:23:31,362 DEBUG epoch: 88, train_acc: 78.359375, val_acc: 79.51, fidel_score: 82.31, acc_loss: 0.6292898952960968, grad_loss: None
2022-04-27 21:23:33,248 DEBUG epoch: 89, train_acc: 79.5703125, val_acc: 79.16, fidel_score: 81.9, acc_loss: 0.6061682671308517, grad_loss: None
2022-04-27 21:23:35,140 DEBUG epoch: 90, train_acc: 79.296875, val_acc: 79.45, fidel_score: 82.25, acc_loss: 0.6087612405419349, grad_loss: None
2022-04-27 21:23:37,032 DEBUG epoch: 91, train_acc: 79.9609375, val_acc: 79.67, fidel_score: 82.48, acc_loss: 0.597115096449852, grad_loss: None
2022-04-27 21:23:38,911 DEBUG epoch: 92, train_acc: 79.4921875, val_acc: 79.74, fidel_score: 82.72, acc_loss: 0.605221176147461, grad_loss: None
2022-04-27 21:23:40,813 DEBUG epoch: 93, train_acc: 79.0625, val_acc: 79.81, fidel_score: 82.77, acc_loss: 0.6195417702198028, grad_loss: None
2022-04-27 21:23:42,686 DEBUG epoch: 94, train_acc: 80.1171875, val_acc: 79.69, fidel_score: 82.68, acc_loss: 0.6123263210058212, grad_loss: None
2022-04-27 21:23:44,574 DEBUG epoch: 95, train_acc: 80.0, val_acc: 79.33, fidel_score: 82.22, acc_loss: 0.597705602645874, grad_loss: None
2022-04-27 21:23:46,457 DEBUG epoch: 96, train_acc: 81.015625, val_acc: 79.79, fidel_score: 82.85, acc_loss: 0.5727416291832924, grad_loss: None
2022-04-27 21:23:48,331 DEBUG epoch: 97, train_acc: 80.3125, val_acc: 79.6, fidel_score: 82.47, acc_loss: 0.5786851733922959, grad_loss: None
2022-04-27 21:23:50,225 DEBUG epoch: 98, train_acc: 79.453125, val_acc: 79.96, fidel_score: 82.79, acc_loss: 0.607025420665741, grad_loss: None
2022-04-27 21:23:52,117 DEBUG epoch: 99, train_acc: 80.0390625, val_acc: 80.12, fidel_score: 82.88, acc_loss: 0.5880051866173744, grad_loss: None
2022-04-27 21:23:54,016 DEBUG epoch: 100, train_acc: 78.515625, val_acc: 79.92, fidel_score: 82.82, acc_loss: 0.6251999646425247, grad_loss: None
2022-04-27 21:23:55,882 DEBUG epoch: 101, train_acc: 79.1015625, val_acc: 80.09, fidel_score: 83.17, acc_loss: 0.6236995398998261, grad_loss: None
2022-04-27 21:23:57,767 DEBUG epoch: 102, train_acc: 81.9140625, val_acc: 80.11, fidel_score: 83.19, acc_loss: 0.5576025366783142, grad_loss: None
2022-04-27 21:23:59,645 DEBUG epoch: 103, train_acc: 80.2734375, val_acc: 79.72, fidel_score: 82.52, acc_loss: 0.5952748820185662, grad_loss: None
2022-04-27 21:24:01,543 DEBUG epoch: 104, train_acc: 79.2578125, val_acc: 80.3, fidel_score: 83.15, acc_loss: 0.6242809787392616, grad_loss: None
2022-04-27 21:24:03,421 DEBUG epoch: 105, train_acc: 79.921875, val_acc: 80.19, fidel_score: 82.98, acc_loss: 0.6046716660261154, grad_loss: None
2022-04-27 21:24:05,304 DEBUG epoch: 106, train_acc: 78.6328125, val_acc: 80.24, fidel_score: 83.3, acc_loss: 0.647377935051918, grad_loss: None
2022-04-27 21:24:07,188 DEBUG epoch: 107, train_acc: 80.1171875, val_acc: 80.22, fidel_score: 83.1, acc_loss: 0.6000095620751381, grad_loss: None
2022-04-27 21:24:09,077 DEBUG epoch: 108, train_acc: 80.15625, val_acc: 80.37, fidel_score: 83.31, acc_loss: 0.5848599046468734, grad_loss: None
2022-04-27 21:24:10,960 DEBUG epoch: 109, train_acc: 78.75, val_acc: 80.7, fidel_score: 83.69, acc_loss: 0.6434235543012619, grad_loss: None
2022-04-27 21:24:12,840 DEBUG epoch: 110, train_acc: 81.0546875, val_acc: 80.48, fidel_score: 83.4, acc_loss: 0.595135074853897, grad_loss: None
2022-04-27 21:24:14,736 DEBUG epoch: 111, train_acc: 80.1171875, val_acc: 79.79, fidel_score: 82.6, acc_loss: 0.5902039289474488, grad_loss: None
2022-04-27 21:24:16,623 DEBUG epoch: 112, train_acc: 79.84375, val_acc: 80.26, fidel_score: 83.21, acc_loss: 0.6007745772600174, grad_loss: None
2022-04-27 21:24:18,499 DEBUG epoch: 113, train_acc: 79.4921875, val_acc: 80.12, fidel_score: 82.99, acc_loss: 0.6141058951616287, grad_loss: None
2022-04-27 21:24:20,389 DEBUG epoch: 114, train_acc: 79.1015625, val_acc: 80.53, fidel_score: 83.41, acc_loss: 0.6081093862652779, grad_loss: None
2022-04-27 21:24:22,281 DEBUG epoch: 115, train_acc: 80.1953125, val_acc: 80.88, fidel_score: 83.9, acc_loss: 0.6100262627005577, grad_loss: None
2022-04-27 21:24:24,160 DEBUG epoch: 116, train_acc: 81.25, val_acc: 80.71, fidel_score: 83.6, acc_loss: 0.5901671037077904, grad_loss: None
2022-04-27 21:24:26,038 DEBUG epoch: 117, train_acc: 80.7421875, val_acc: 80.4, fidel_score: 83.3, acc_loss: 0.590810714662075, grad_loss: None
2022-04-27 21:24:27,915 DEBUG epoch: 118, train_acc: 79.9609375, val_acc: 80.24, fidel_score: 83.12, acc_loss: 0.5850144535303116, grad_loss: None
2022-04-27 21:24:29,816 DEBUG epoch: 119, train_acc: 79.453125, val_acc: 80.34, fidel_score: 83.23, acc_loss: 0.5941467240452767, grad_loss: None
2022-04-27 21:24:31,702 DEBUG epoch: 120, train_acc: 79.765625, val_acc: 80.35, fidel_score: 83.28, acc_loss: 0.60627830773592, grad_loss: None
2022-04-27 21:24:33,585 DEBUG epoch: 121, train_acc: 79.375, val_acc: 80.19, fidel_score: 83.23, acc_loss: 0.6079219475388526, grad_loss: None
2022-04-27 21:24:35,456 DEBUG epoch: 122, train_acc: 80.546875, val_acc: 80.38, fidel_score: 83.34, acc_loss: 0.5895557105541229, grad_loss: None
2022-04-27 21:24:37,332 DEBUG epoch: 123, train_acc: 79.765625, val_acc: 80.1, fidel_score: 83.04, acc_loss: 0.5969473242759704, grad_loss: None
2022-04-27 21:24:39,221 DEBUG epoch: 124, train_acc: 79.2578125, val_acc: 80.39, fidel_score: 83.41, acc_loss: 0.6205200403928757, grad_loss: None
2022-04-27 21:24:41,109 DEBUG epoch: 125, train_acc: 80.15625, val_acc: 80.56, fidel_score: 83.57, acc_loss: 0.6000422477722168, grad_loss: None
2022-04-27 21:24:42,984 DEBUG epoch: 126, train_acc: 78.4375, val_acc: 80.21, fidel_score: 83.35, acc_loss: 0.6184906721115112, grad_loss: None
2022-04-27 21:24:44,875 DEBUG epoch: 127, train_acc: 80.1171875, val_acc: 80.36, fidel_score: 83.12, acc_loss: 0.5783950120210648, grad_loss: None
2022-04-27 21:24:46,773 DEBUG epoch: 128, train_acc: 80.3125, val_acc: 80.98, fidel_score: 84.02, acc_loss: 0.6057181507349014, grad_loss: None
2022-04-27 21:24:48,665 DEBUG epoch: 129, train_acc: 80.1171875, val_acc: 80.57, fidel_score: 83.65, acc_loss: 0.610306653380394, grad_loss: None
2022-04-27 21:24:50,547 DEBUG epoch: 130, train_acc: 80.0, val_acc: 80.91, fidel_score: 83.86, acc_loss: 0.5929862603545188, grad_loss: None
2022-04-27 21:24:52,430 DEBUG epoch: 131, train_acc: 81.2890625, val_acc: 80.32, fidel_score: 83.25, acc_loss: 0.577728909254074, grad_loss: None
2022-04-27 21:24:54,317 DEBUG epoch: 132, train_acc: 78.75, val_acc: 80.27, fidel_score: 83.21, acc_loss: 0.6248195633292198, grad_loss: None
2022-04-27 21:24:56,190 DEBUG epoch: 133, train_acc: 80.5859375, val_acc: 80.11, fidel_score: 82.99, acc_loss: 0.5808741495013237, grad_loss: None
2022-04-27 21:24:58,071 DEBUG epoch: 134, train_acc: 79.8828125, val_acc: 80.17, fidel_score: 83.05, acc_loss: 0.6059376090765, grad_loss: None
2022-04-27 21:24:59,948 DEBUG epoch: 135, train_acc: 79.9609375, val_acc: 81.06, fidel_score: 83.79, acc_loss: 0.5826833233237266, grad_loss: None
2022-04-27 21:25:01,836 DEBUG epoch: 136, train_acc: 80.2734375, val_acc: 80.74, fidel_score: 83.81, acc_loss: 0.6000816792249679, grad_loss: None
2022-04-27 21:25:03,709 DEBUG epoch: 137, train_acc: 80.6640625, val_acc: 80.97, fidel_score: 83.76, acc_loss: 0.5863138824701309, grad_loss: None
2022-04-27 21:25:05,584 DEBUG epoch: 138, train_acc: 80.9375, val_acc: 80.27, fidel_score: 83.22, acc_loss: 0.5709137439727783, grad_loss: None
2022-04-27 21:25:07,477 DEBUG epoch: 139, train_acc: 78.125, val_acc: 81.08, fidel_score: 83.94, acc_loss: 0.6213096842169762, grad_loss: None
2022-04-27 21:25:09,367 DEBUG epoch: 140, train_acc: 80.078125, val_acc: 81.33, fidel_score: 84.22, acc_loss: 0.5986365899443626, grad_loss: None
2022-04-27 21:25:11,244 DEBUG epoch: 141, train_acc: 79.0234375, val_acc: 80.94, fidel_score: 83.95, acc_loss: 0.6196960538625718, grad_loss: None
2022-04-27 21:25:13,141 DEBUG epoch: 142, train_acc: 79.6875, val_acc: 80.96, fidel_score: 83.78, acc_loss: 0.6205799221992493, grad_loss: None
2022-04-27 21:25:15,039 DEBUG epoch: 143, train_acc: 79.2578125, val_acc: 80.3, fidel_score: 83.26, acc_loss: 0.6237982958555222, grad_loss: None
2022-04-27 21:25:16,919 DEBUG epoch: 144, train_acc: 81.71875, val_acc: 80.49, fidel_score: 83.33, acc_loss: 0.557482187449932, grad_loss: None
2022-04-27 21:25:18,801 DEBUG epoch: 145, train_acc: 80.7421875, val_acc: 81.04, fidel_score: 84.01, acc_loss: 0.5854482233524323, grad_loss: None
2022-04-27 21:25:20,681 DEBUG epoch: 146, train_acc: 81.7578125, val_acc: 80.9, fidel_score: 83.97, acc_loss: 0.5718176305294037, grad_loss: None
2022-04-27 21:25:22,560 DEBUG epoch: 147, train_acc: 79.6484375, val_acc: 80.61, fidel_score: 83.71, acc_loss: 0.6009711027145386, grad_loss: None
2022-04-27 21:25:24,429 DEBUG epoch: 148, train_acc: 80.5859375, val_acc: 80.73, fidel_score: 83.74, acc_loss: 0.586202609539032, grad_loss: None
2022-04-27 21:25:26,308 DEBUG epoch: 149, train_acc: 80.4296875, val_acc: 81.64, fidel_score: 84.62, acc_loss: 0.5893677860498429, grad_loss: None
2022-04-27 21:25:28,189 DEBUG epoch: 150, train_acc: 79.2578125, val_acc: 81.39, fidel_score: 84.46, acc_loss: 0.6155146688222886, grad_loss: None
2022-04-27 21:25:30,069 DEBUG epoch: 151, train_acc: 79.921875, val_acc: 81.72, fidel_score: 84.45, acc_loss: 0.5982314422726631, grad_loss: None
2022-04-27 21:25:31,968 DEBUG epoch: 152, train_acc: 78.359375, val_acc: 81.37, fidel_score: 84.28, acc_loss: 0.631568942964077, grad_loss: None
2022-04-27 21:25:33,854 DEBUG epoch: 153, train_acc: 80.8203125, val_acc: 81.48, fidel_score: 84.3, acc_loss: 0.5697818383574486, grad_loss: None
2022-04-27 21:25:35,764 DEBUG epoch: 154, train_acc: 80.1953125, val_acc: 81.34, fidel_score: 84.29, acc_loss: 0.5965296342968941, grad_loss: None
2022-04-27 21:25:37,659 DEBUG epoch: 155, train_acc: 80.4296875, val_acc: 81.46, fidel_score: 84.32, acc_loss: 0.6002337604761123, grad_loss: None
2022-04-27 21:25:39,549 DEBUG epoch: 156, train_acc: 80.859375, val_acc: 81.38, fidel_score: 84.47, acc_loss: 0.5811258599162101, grad_loss: None
2022-04-27 21:25:41,429 DEBUG epoch: 157, train_acc: 80.0390625, val_acc: 81.41, fidel_score: 84.5, acc_loss: 0.598991473019123, grad_loss: None
2022-04-27 21:25:43,305 DEBUG epoch: 158, train_acc: 79.765625, val_acc: 81.18, fidel_score: 84.16, acc_loss: 0.5964480742812157, grad_loss: None
2022-04-27 21:25:45,168 DEBUG epoch: 159, train_acc: 80.3125, val_acc: 81.54, fidel_score: 84.4, acc_loss: 0.5951691389083862, grad_loss: None
2022-04-27 21:25:47,049 DEBUG epoch: 160, train_acc: 79.0234375, val_acc: 81.28, fidel_score: 84.19, acc_loss: 0.6164133846759796, grad_loss: None
2022-04-27 21:25:48,929 DEBUG epoch: 161, train_acc: 79.4921875, val_acc: 80.94, fidel_score: 83.73, acc_loss: 0.6044460609555244, grad_loss: None
2022-04-27 21:25:50,805 DEBUG epoch: 162, train_acc: 79.453125, val_acc: 81.28, fidel_score: 84.25, acc_loss: 0.6208885788917542, grad_loss: None
2022-04-27 21:25:52,674 DEBUG epoch: 163, train_acc: 80.390625, val_acc: 81.29, fidel_score: 84.12, acc_loss: 0.5883712664246559, grad_loss: None
2022-04-27 21:25:54,569 DEBUG epoch: 164, train_acc: 80.2734375, val_acc: 81.0, fidel_score: 83.86, acc_loss: 0.5838519558310509, grad_loss: None
2022-04-27 21:25:56,432 DEBUG epoch: 165, train_acc: 79.921875, val_acc: 81.15, fidel_score: 84.03, acc_loss: 0.5790362626314163, grad_loss: None
2022-04-27 21:25:58,329 DEBUG epoch: 166, train_acc: 80.3125, val_acc: 80.95, fidel_score: 83.95, acc_loss: 0.5858814060688019, grad_loss: None
2022-04-27 21:26:00,209 DEBUG epoch: 167, train_acc: 80.1171875, val_acc: 80.81, fidel_score: 83.6, acc_loss: 0.5933646917343139, grad_loss: None
2022-04-27 21:26:02,080 DEBUG epoch: 168, train_acc: 79.6484375, val_acc: 80.48, fidel_score: 83.51, acc_loss: 0.626650033891201, grad_loss: None
2022-04-27 21:26:03,978 DEBUG epoch: 169, train_acc: 80.546875, val_acc: 80.77, fidel_score: 83.52, acc_loss: 0.5905759021639824, grad_loss: None
2022-04-27 21:26:05,864 DEBUG epoch: 170, train_acc: 79.4921875, val_acc: 80.56, fidel_score: 83.51, acc_loss: 0.6040358051657677, grad_loss: None
2022-04-27 21:26:07,750 DEBUG epoch: 171, train_acc: 80.4296875, val_acc: 81.09, fidel_score: 83.95, acc_loss: 0.5737366750836372, grad_loss: None
2022-04-27 21:26:09,625 DEBUG epoch: 172, train_acc: 80.2734375, val_acc: 80.73, fidel_score: 83.67, acc_loss: 0.580682224035263, grad_loss: None
2022-04-27 21:26:11,493 DEBUG epoch: 173, train_acc: 78.7109375, val_acc: 80.86, fidel_score: 83.72, acc_loss: 0.6123116448521614, grad_loss: None
2022-04-27 21:26:13,369 DEBUG epoch: 174, train_acc: 78.4765625, val_acc: 80.63, fidel_score: 83.61, acc_loss: 0.6213114231824874, grad_loss: None
2022-04-27 21:26:15,252 DEBUG epoch: 175, train_acc: 79.84375, val_acc: 81.09, fidel_score: 84.02, acc_loss: 0.6175904393196106, grad_loss: None
2022-04-27 21:26:17,130 DEBUG epoch: 176, train_acc: 80.8203125, val_acc: 81.07, fidel_score: 83.99, acc_loss: 0.5544072985649109, grad_loss: None
2022-04-27 21:26:19,015 DEBUG epoch: 177, train_acc: 79.9609375, val_acc: 80.91, fidel_score: 83.94, acc_loss: 0.5969115242362022, grad_loss: None
2022-04-27 21:26:20,891 DEBUG epoch: 178, train_acc: 80.15625, val_acc: 81.26, fidel_score: 84.17, acc_loss: 0.6226860299706459, grad_loss: None
2022-04-27 21:26:22,757 DEBUG epoch: 179, train_acc: 80.390625, val_acc: 81.46, fidel_score: 84.52, acc_loss: 0.5918820038437843, grad_loss: None
2022-04-27 21:26:24,638 DEBUG epoch: 180, train_acc: 81.25, val_acc: 81.34, fidel_score: 84.07, acc_loss: 0.5691335320472717, grad_loss: None
2022-04-27 21:26:26,514 DEBUG epoch: 181, train_acc: 79.9609375, val_acc: 81.18, fidel_score: 84.06, acc_loss: 0.6052593663334846, grad_loss: None
2022-04-27 21:26:28,399 DEBUG epoch: 182, train_acc: 80.78125, val_acc: 81.17, fidel_score: 84.19, acc_loss: 0.5823757886886597, grad_loss: None
2022-04-27 21:26:30,288 DEBUG epoch: 183, train_acc: 78.8671875, val_acc: 81.11, fidel_score: 84.09, acc_loss: 0.6052991673350334, grad_loss: None
2022-04-27 21:26:32,174 DEBUG epoch: 184, train_acc: 80.078125, val_acc: 81.18, fidel_score: 84.0, acc_loss: 0.5664481461048126, grad_loss: None
2022-04-27 21:26:34,060 DEBUG epoch: 185, train_acc: 79.7265625, val_acc: 81.11, fidel_score: 83.81, acc_loss: 0.6055076077580452, grad_loss: None
2022-04-27 21:26:35,945 DEBUG epoch: 186, train_acc: 80.8984375, val_acc: 80.8, fidel_score: 83.82, acc_loss: 0.590137891471386, grad_loss: None
2022-04-27 21:26:37,818 DEBUG epoch: 187, train_acc: 78.75, val_acc: 81.14, fidel_score: 84.11, acc_loss: 0.6105834186077118, grad_loss: None
2022-04-27 21:26:39,711 DEBUG epoch: 188, train_acc: 79.8828125, val_acc: 80.91, fidel_score: 83.98, acc_loss: 0.5895313188433647, grad_loss: None
2022-04-27 21:26:41,587 DEBUG epoch: 189, train_acc: 80.234375, val_acc: 81.36, fidel_score: 84.22, acc_loss: 0.5858186140656472, grad_loss: None
2022-04-27 21:26:43,483 DEBUG epoch: 190, train_acc: 79.7265625, val_acc: 81.2, fidel_score: 84.11, acc_loss: 0.5942856654524803, grad_loss: None
2022-04-27 21:26:45,349 DEBUG epoch: 191, train_acc: 80.6640625, val_acc: 81.47, fidel_score: 84.46, acc_loss: 0.5783286780118942, grad_loss: None
2022-04-27 21:26:47,230 DEBUG epoch: 192, train_acc: 80.234375, val_acc: 81.32, fidel_score: 84.27, acc_loss: 0.6013042777776718, grad_loss: None
2022-04-27 21:26:49,138 DEBUG epoch: 193, train_acc: 78.90625, val_acc: 81.31, fidel_score: 84.19, acc_loss: 0.6050364896655083, grad_loss: None
2022-04-27 21:26:51,015 DEBUG epoch: 194, train_acc: 81.2109375, val_acc: 81.13, fidel_score: 83.94, acc_loss: 0.5706768363714219, grad_loss: None
2022-04-27 21:26:52,889 DEBUG epoch: 195, train_acc: 79.4140625, val_acc: 81.12, fidel_score: 83.96, acc_loss: 0.6121673494577408, grad_loss: None
2022-04-27 21:26:54,782 DEBUG epoch: 196, train_acc: 77.6171875, val_acc: 80.74, fidel_score: 83.66, acc_loss: 0.6587803035974502, grad_loss: None
2022-04-27 21:26:56,667 DEBUG epoch: 197, train_acc: 80.0390625, val_acc: 80.97, fidel_score: 84.02, acc_loss: 0.5920434832572937, grad_loss: None
2022-04-27 21:26:58,565 DEBUG epoch: 198, train_acc: 78.671875, val_acc: 81.65, fidel_score: 84.4, acc_loss: 0.6417675510048866, grad_loss: None
2022-04-27 21:27:00,446 DEBUG epoch: 199, train_acc: 81.2890625, val_acc: 80.74, fidel_score: 83.68, acc_loss: 0.5612011089920997, grad_loss: None
2022-04-27 21:27:02,316 DEBUG epoch: 200, train_acc: 80.703125, val_acc: 81.08, fidel_score: 83.98, acc_loss: 0.5937195271253586, grad_loss: None
2022-04-27 21:27:04,197 DEBUG epoch: 201, train_acc: 79.8046875, val_acc: 80.71, fidel_score: 83.53, acc_loss: 0.5991499558091163, grad_loss: None
2022-04-27 21:27:06,089 DEBUG epoch: 202, train_acc: 80.1171875, val_acc: 80.82, fidel_score: 83.86, acc_loss: 0.5725286111235619, grad_loss: None
2022-04-27 21:27:07,970 DEBUG epoch: 203, train_acc: 80.546875, val_acc: 80.95, fidel_score: 83.8, acc_loss: 0.5810126692056656, grad_loss: None
2022-04-27 21:27:09,864 DEBUG epoch: 204, train_acc: 80.8984375, val_acc: 80.67, fidel_score: 83.63, acc_loss: 0.573243036866188, grad_loss: None
2022-04-27 21:27:11,743 DEBUG epoch: 205, train_acc: 80.8203125, val_acc: 81.04, fidel_score: 84.0, acc_loss: 0.5902293086051941, grad_loss: None
2022-04-27 21:27:13,628 DEBUG epoch: 206, train_acc: 80.7421875, val_acc: 80.92, fidel_score: 83.94, acc_loss: 0.5935784921050071, grad_loss: None
2022-04-27 21:27:15,507 DEBUG epoch: 207, train_acc: 80.3125, val_acc: 80.7, fidel_score: 83.61, acc_loss: 0.5807956337928772, grad_loss: None
2022-04-27 21:27:17,391 DEBUG epoch: 208, train_acc: 80.234375, val_acc: 81.04, fidel_score: 84.06, acc_loss: 0.597370083630085, grad_loss: None
2022-04-27 21:27:19,280 DEBUG epoch: 209, train_acc: 80.15625, val_acc: 81.04, fidel_score: 84.04, acc_loss: 0.5887289851903915, grad_loss: None
2022-04-27 21:27:21,170 DEBUG epoch: 210, train_acc: 79.53125, val_acc: 81.4, fidel_score: 84.08, acc_loss: 0.6118978470563888, grad_loss: None
2022-04-27 21:27:23,067 DEBUG epoch: 211, train_acc: 78.9453125, val_acc: 81.4, fidel_score: 84.27, acc_loss: 0.6168721735477447, grad_loss: None
2022-04-27 21:27:24,945 DEBUG epoch: 212, train_acc: 81.1328125, val_acc: 81.2, fidel_score: 84.18, acc_loss: 0.569243198633194, grad_loss: None
2022-04-27 21:27:26,836 DEBUG epoch: 213, train_acc: 79.1796875, val_acc: 81.17, fidel_score: 84.32, acc_loss: 0.595999664068222, grad_loss: None
2022-04-27 21:27:28,716 DEBUG epoch: 214, train_acc: 81.09375, val_acc: 81.54, fidel_score: 84.42, acc_loss: 0.5628769159317016, grad_loss: None
2022-04-27 21:27:30,604 DEBUG epoch: 215, train_acc: 80.9765625, val_acc: 81.28, fidel_score: 84.1, acc_loss: 0.5943902790546417, grad_loss: None
2022-04-27 21:27:32,468 DEBUG epoch: 216, train_acc: 80.0, val_acc: 81.19, fidel_score: 84.09, acc_loss: 0.5944855257868766, grad_loss: None
2022-04-27 21:27:34,353 DEBUG epoch: 217, train_acc: 80.1171875, val_acc: 81.24, fidel_score: 84.06, acc_loss: 0.5992816060781478, grad_loss: None
2022-04-27 21:27:36,233 DEBUG epoch: 218, train_acc: 80.7421875, val_acc: 81.53, fidel_score: 84.49, acc_loss: 0.5894253447651863, grad_loss: None
2022-04-27 21:27:38,128 DEBUG epoch: 219, train_acc: 79.8828125, val_acc: 81.33, fidel_score: 84.28, acc_loss: 0.5945631965994835, grad_loss: None
2022-04-27 21:27:40,004 DEBUG epoch: 220, train_acc: 79.765625, val_acc: 81.37, fidel_score: 84.19, acc_loss: 0.580102464556694, grad_loss: None
2022-04-27 21:27:41,876 DEBUG epoch: 221, train_acc: 81.0546875, val_acc: 81.2, fidel_score: 84.16, acc_loss: 0.5753735557198525, grad_loss: None
2022-04-27 21:27:43,753 DEBUG epoch: 222, train_acc: 80.5859375, val_acc: 80.97, fidel_score: 83.8, acc_loss: 0.5833430737257004, grad_loss: None
2022-04-27 21:27:45,629 DEBUG epoch: 223, train_acc: 78.7109375, val_acc: 80.91, fidel_score: 83.84, acc_loss: 0.6034160777926445, grad_loss: None
2022-04-27 21:27:47,516 DEBUG epoch: 224, train_acc: 80.9765625, val_acc: 81.2, fidel_score: 84.04, acc_loss: 0.5759097397327423, grad_loss: None
2022-04-27 21:27:49,412 DEBUG epoch: 225, train_acc: 80.8203125, val_acc: 81.02, fidel_score: 83.87, acc_loss: 0.5860898703336715, grad_loss: None
2022-04-27 21:27:51,293 DEBUG epoch: 226, train_acc: 80.7421875, val_acc: 80.76, fidel_score: 83.68, acc_loss: 0.5948659121990204, grad_loss: None
2022-04-27 21:27:53,173 DEBUG epoch: 227, train_acc: 81.6015625, val_acc: 80.92, fidel_score: 83.86, acc_loss: 0.5775366052985191, grad_loss: None
2022-04-27 21:27:55,077 DEBUG epoch: 228, train_acc: 79.0234375, val_acc: 81.16, fidel_score: 84.04, acc_loss: 0.6391269564628601, grad_loss: None
2022-04-27 21:27:56,953 DEBUG epoch: 229, train_acc: 80.390625, val_acc: 81.15, fidel_score: 84.07, acc_loss: 0.5611295491456986, grad_loss: None
2022-04-27 21:27:58,837 DEBUG epoch: 230, train_acc: 81.3671875, val_acc: 80.93, fidel_score: 83.95, acc_loss: 0.542729239165783, grad_loss: None
2022-04-27 21:28:00,716 DEBUG epoch: 231, train_acc: 80.1953125, val_acc: 80.73, fidel_score: 83.75, acc_loss: 0.5978949308395386, grad_loss: None
2022-04-27 21:28:02,597 DEBUG epoch: 232, train_acc: 80.5078125, val_acc: 81.1, fidel_score: 83.95, acc_loss: 0.5672582924365998, grad_loss: None
2022-04-27 21:28:04,460 DEBUG epoch: 233, train_acc: 79.7265625, val_acc: 80.9, fidel_score: 83.72, acc_loss: 0.6120147064328194, grad_loss: None
2022-04-27 21:28:06,331 DEBUG epoch: 234, train_acc: 80.0390625, val_acc: 80.96, fidel_score: 84.01, acc_loss: 0.5720240458846092, grad_loss: None
2022-04-27 21:28:08,216 DEBUG epoch: 235, train_acc: 80.3515625, val_acc: 81.18, fidel_score: 84.16, acc_loss: 0.613147397339344, grad_loss: None
2022-04-27 21:28:10,097 DEBUG epoch: 236, train_acc: 79.5703125, val_acc: 80.96, fidel_score: 83.86, acc_loss: 0.5879707485437393, grad_loss: None
2022-04-27 21:28:11,975 DEBUG epoch: 237, train_acc: 80.859375, val_acc: 80.75, fidel_score: 83.71, acc_loss: 0.6041005849838257, grad_loss: None
2022-04-27 21:28:13,860 DEBUG epoch: 238, train_acc: 81.015625, val_acc: 81.45, fidel_score: 84.35, acc_loss: 0.57160082757473, grad_loss: None
2022-04-27 21:28:15,733 DEBUG epoch: 239, train_acc: 81.484375, val_acc: 81.0, fidel_score: 83.92, acc_loss: 0.5500459119677543, grad_loss: None
2022-04-27 21:28:17,608 DEBUG epoch: 240, train_acc: 79.8828125, val_acc: 80.92, fidel_score: 83.69, acc_loss: 0.5970617815852165, grad_loss: None
2022-04-27 21:28:19,473 DEBUG epoch: 241, train_acc: 80.3515625, val_acc: 81.09, fidel_score: 83.76, acc_loss: 0.5895847409963608, grad_loss: None
2022-04-27 21:28:21,344 DEBUG epoch: 242, train_acc: 78.984375, val_acc: 81.11, fidel_score: 83.88, acc_loss: 0.6111359685659409, grad_loss: None
2022-04-27 21:28:23,228 DEBUG epoch: 243, train_acc: 80.625, val_acc: 81.13, fidel_score: 84.13, acc_loss: 0.5713404208421707, grad_loss: None
2022-04-27 21:28:25,095 DEBUG epoch: 244, train_acc: 80.2734375, val_acc: 81.0, fidel_score: 83.86, acc_loss: 0.5790400341153145, grad_loss: None
2022-04-27 21:28:26,986 DEBUG epoch: 245, train_acc: 81.1328125, val_acc: 81.03, fidel_score: 84.09, acc_loss: 0.557832482457161, grad_loss: None
2022-04-27 21:28:28,875 DEBUG epoch: 246, train_acc: 78.59375, val_acc: 81.1, fidel_score: 84.02, acc_loss: 0.6233037054538727, grad_loss: None
2022-04-27 21:28:30,760 DEBUG epoch: 247, train_acc: 80.2734375, val_acc: 81.2, fidel_score: 84.19, acc_loss: 0.5918315321207046, grad_loss: None
2022-04-27 21:28:32,647 DEBUG epoch: 248, train_acc: 81.09375, val_acc: 80.96, fidel_score: 83.96, acc_loss: 0.5788096517324448, grad_loss: None
2022-04-27 21:28:34,521 DEBUG epoch: 249, train_acc: 80.5859375, val_acc: 80.94, fidel_score: 83.77, acc_loss: 0.5797500535845757, grad_loss: None
2022-04-27 21:28:36,421 DEBUG epoch: 250, train_acc: 79.9609375, val_acc: 81.08, fidel_score: 83.93, acc_loss: 0.5797703266143799, grad_loss: None
2022-04-27 21:28:38,295 DEBUG epoch: 251, train_acc: 79.9609375, val_acc: 80.79, fidel_score: 83.79, acc_loss: 0.6078651338815689, grad_loss: None
2022-04-27 21:28:40,184 DEBUG epoch: 252, train_acc: 79.1015625, val_acc: 80.81, fidel_score: 83.82, acc_loss: 0.6181997880339622, grad_loss: None
2022-04-27 21:28:42,051 DEBUG epoch: 253, train_acc: 80.3515625, val_acc: 81.38, fidel_score: 84.18, acc_loss: 0.6030429139733314, grad_loss: None
2022-04-27 21:28:43,941 DEBUG epoch: 254, train_acc: 80.9765625, val_acc: 80.98, fidel_score: 84.07, acc_loss: 0.5686419203877449, grad_loss: None
2022-04-27 21:28:45,840 DEBUG epoch: 255, train_acc: 80.0390625, val_acc: 80.77, fidel_score: 83.66, acc_loss: 0.5845233142375946, grad_loss: None
2022-04-27 21:28:47,729 DEBUG epoch: 256, train_acc: 78.984375, val_acc: 81.04, fidel_score: 83.81, acc_loss: 0.6080366596579552, grad_loss: None
2022-04-27 21:28:49,629 DEBUG epoch: 257, train_acc: 80.9765625, val_acc: 80.89, fidel_score: 83.92, acc_loss: 0.5542969062924386, grad_loss: None
2022-04-27 21:28:51,503 DEBUG epoch: 258, train_acc: 81.8359375, val_acc: 80.95, fidel_score: 83.87, acc_loss: 0.5510538294911385, grad_loss: None
2022-04-27 21:28:53,367 DEBUG epoch: 259, train_acc: 79.84375, val_acc: 81.03, fidel_score: 83.93, acc_loss: 0.6015291020274163, grad_loss: None
2022-04-27 21:28:55,236 DEBUG epoch: 260, train_acc: 79.2578125, val_acc: 80.79, fidel_score: 83.74, acc_loss: 0.6141360089182853, grad_loss: None
2022-04-27 21:28:57,123 DEBUG epoch: 261, train_acc: 81.484375, val_acc: 80.7, fidel_score: 83.56, acc_loss: 0.5732644543051719, grad_loss: None
2022-04-27 21:28:58,993 DEBUG epoch: 262, train_acc: 80.0, val_acc: 81.08, fidel_score: 83.88, acc_loss: 0.6113948106765748, grad_loss: None
2022-04-27 21:29:00,864 DEBUG epoch: 263, train_acc: 79.7265625, val_acc: 80.85, fidel_score: 83.78, acc_loss: 0.6041601732373237, grad_loss: None
2022-04-27 21:29:02,736 DEBUG epoch: 264, train_acc: 79.1796875, val_acc: 80.74, fidel_score: 83.73, acc_loss: 0.6114337831735611, grad_loss: None
2022-04-27 21:29:04,626 DEBUG epoch: 265, train_acc: 81.1328125, val_acc: 81.12, fidel_score: 84.14, acc_loss: 0.5695929974317551, grad_loss: None
2022-04-27 21:29:06,524 DEBUG epoch: 266, train_acc: 80.78125, val_acc: 81.16, fidel_score: 83.93, acc_loss: 0.5746894493699074, grad_loss: None
2022-04-27 21:29:08,415 DEBUG epoch: 267, train_acc: 81.328125, val_acc: 81.04, fidel_score: 83.96, acc_loss: 0.5695497781038285, grad_loss: None
2022-04-27 21:29:10,318 DEBUG epoch: 268, train_acc: 80.2734375, val_acc: 80.87, fidel_score: 83.76, acc_loss: 0.571542251110077, grad_loss: None
2022-04-27 21:29:12,187 DEBUG epoch: 269, train_acc: 79.4921875, val_acc: 81.2, fidel_score: 84.1, acc_loss: 0.5930375531315804, grad_loss: None
2022-04-27 21:29:14,081 DEBUG epoch: 270, train_acc: 81.796875, val_acc: 81.05, fidel_score: 84.09, acc_loss: 0.5623003706336022, grad_loss: None
2022-04-27 21:29:15,971 DEBUG epoch: 271, train_acc: 79.921875, val_acc: 81.31, fidel_score: 84.19, acc_loss: 0.5895229294896126, grad_loss: None
2022-04-27 21:29:17,845 DEBUG epoch: 272, train_acc: 78.9453125, val_acc: 80.94, fidel_score: 83.79, acc_loss: 0.6213638573884964, grad_loss: None
2022-04-27 21:29:19,713 DEBUG epoch: 273, train_acc: 79.53125, val_acc: 81.1, fidel_score: 83.97, acc_loss: 0.5763745233416557, grad_loss: None
2022-04-27 21:29:21,587 DEBUG epoch: 274, train_acc: 80.703125, val_acc: 80.89, fidel_score: 83.81, acc_loss: 0.5854502633213997, grad_loss: None
2022-04-27 21:29:23,464 DEBUG epoch: 275, train_acc: 81.9921875, val_acc: 81.1, fidel_score: 84.14, acc_loss: 0.5501333400607109, grad_loss: None
2022-04-27 21:29:25,333 DEBUG epoch: 276, train_acc: 80.859375, val_acc: 80.86, fidel_score: 83.79, acc_loss: 0.5763432905077934, grad_loss: None
2022-04-27 21:29:27,212 DEBUG epoch: 277, train_acc: 79.921875, val_acc: 81.07, fidel_score: 83.91, acc_loss: 0.5934757873415947, grad_loss: None
2022-04-27 21:29:29,083 DEBUG epoch: 278, train_acc: 81.7578125, val_acc: 81.06, fidel_score: 83.9, acc_loss: 0.5679389148950577, grad_loss: None
2022-04-27 21:29:30,955 DEBUG epoch: 279, train_acc: 80.6640625, val_acc: 81.02, fidel_score: 84.01, acc_loss: 0.5657561361789704, grad_loss: None
2022-04-27 21:29:32,833 DEBUG epoch: 280, train_acc: 79.921875, val_acc: 81.04, fidel_score: 83.83, acc_loss: 0.5873874843120575, grad_loss: None
2022-04-27 21:29:34,728 DEBUG epoch: 281, train_acc: 80.3125, val_acc: 81.24, fidel_score: 84.12, acc_loss: 0.5757825061678886, grad_loss: None
2022-04-27 21:29:36,616 DEBUG epoch: 282, train_acc: 79.765625, val_acc: 81.14, fidel_score: 84.18, acc_loss: 0.613398614525795, grad_loss: None
2022-04-27 21:29:38,499 DEBUG epoch: 283, train_acc: 78.7890625, val_acc: 81.36, fidel_score: 84.1, acc_loss: 0.6127733156085015, grad_loss: None
2022-04-27 21:29:40,380 DEBUG epoch: 284, train_acc: 80.2734375, val_acc: 80.95, fidel_score: 83.78, acc_loss: 0.5870804727077484, grad_loss: None
2022-04-27 21:29:42,271 DEBUG epoch: 285, train_acc: 79.2578125, val_acc: 80.98, fidel_score: 83.73, acc_loss: 0.6208132803440094, grad_loss: None
2022-04-27 21:29:44,160 DEBUG epoch: 286, train_acc: 80.1171875, val_acc: 80.87, fidel_score: 83.87, acc_loss: 0.6036772727966309, grad_loss: None
2022-04-27 21:29:46,044 DEBUG epoch: 287, train_acc: 78.9453125, val_acc: 81.05, fidel_score: 84.11, acc_loss: 0.6203371390700341, grad_loss: None
2022-04-27 21:29:47,917 DEBUG epoch: 288, train_acc: 79.609375, val_acc: 80.81, fidel_score: 83.81, acc_loss: 0.6116104841232299, grad_loss: None
2022-04-27 21:29:49,804 DEBUG epoch: 289, train_acc: 81.09375, val_acc: 81.38, fidel_score: 84.2, acc_loss: 0.5694685131311417, grad_loss: None
2022-04-27 21:29:51,683 DEBUG epoch: 290, train_acc: 80.3515625, val_acc: 80.97, fidel_score: 83.92, acc_loss: 0.5953716903924942, grad_loss: None
2022-04-27 21:29:53,579 DEBUG epoch: 291, train_acc: 80.625, val_acc: 81.18, fidel_score: 84.12, acc_loss: 0.5773111298680306, grad_loss: None
2022-04-27 21:29:55,457 DEBUG epoch: 292, train_acc: 80.4296875, val_acc: 80.64, fidel_score: 83.62, acc_loss: 0.5845991715788841, grad_loss: None
2022-04-27 21:29:57,347 DEBUG epoch: 293, train_acc: 79.8046875, val_acc: 81.08, fidel_score: 83.85, acc_loss: 0.5889812096953392, grad_loss: None
2022-04-27 21:29:59,227 DEBUG epoch: 294, train_acc: 80.5859375, val_acc: 80.99, fidel_score: 83.86, acc_loss: 0.5638754814863205, grad_loss: None
2022-04-27 21:30:01,101 DEBUG epoch: 295, train_acc: 79.921875, val_acc: 80.99, fidel_score: 83.96, acc_loss: 0.5864257454872132, grad_loss: None
2022-04-27 21:30:02,989 DEBUG epoch: 296, train_acc: 80.3515625, val_acc: 80.95, fidel_score: 83.91, acc_loss: 0.5761162400245666, grad_loss: None
2022-04-27 21:30:04,876 DEBUG epoch: 297, train_acc: 80.5859375, val_acc: 81.12, fidel_score: 83.86, acc_loss: 0.58355942517519, grad_loss: None
2022-04-27 21:30:06,743 DEBUG epoch: 298, train_acc: 80.4296875, val_acc: 81.24, fidel_score: 84.33, acc_loss: 0.5799699261784553, grad_loss: None
2022-04-27 21:30:08,634 DEBUG epoch: 299, train_acc: 79.9609375, val_acc: 81.03, fidel_score: 83.99, acc_loss: 0.5934112295508385, grad_loss: None
2022-04-27 21:30:10,516 DEBUG epoch: 300, train_acc: 80.546875, val_acc: 80.74, fidel_score: 83.74, acc_loss: 0.5829121857881546, grad_loss: None
2022-04-27 21:30:10,517 DEBUG load best stealed model.
2022-04-27 21:30:10,517 DEBUG Best perform model, val_acc: 82.42, fidel_score: 87.74, acc_loss: 1.0614071607589721
2022-04-27 21:30:10,518 DEBUG load cloest stealed model.
2022-04-27 21:30:10,518 DEBUG Closest perform model, val_acc: 82.42, fidel_score: 87.74, acc_loss: 1.0614071607589721
