2022-04-27 17:17:49,259 DEBUG Namespace(arch='vgg11_bn', attack_client=0, attack_epochs=300, attack_style='SoftTrain_option', average_time=1, batch_size=128, bottleneck_option='None', cutlayer=4, data_proportion=0.2, dataset='cifar100', filename='ace_V2_epoch_vgg11_bn_cutlayer_4_client_1_seed125_dataset_cifar100_lr_0.05_200epoch', folder='saves/baseline', learning_rate=0.05, noniid_ratio=1.0, num_client=1, num_epochs='best', num_query=10000, random_seed=123, regularization='None', regularization_strength=0.0, scheme='V2_epoch', surrogate_arch='same', test_best=True, train_clas_layer=8.0)
2022-04-27 17:17:54,192 DEBUG Test (client-0):	Loss 1.2311 (1.7817)	Prec@1 75.000 (68.630)
2022-04-27 17:17:54,192 DEBUG  * Prec@1 68.630
2022-04-27 17:17:54,280 DEBUG 26
2022-04-27 17:17:54,280 DEBUG surrogate parameter has 26 trainable parameters!
2022-04-27 17:18:04,390 DEBUG epoch: 0, val_acc: 1.01, val_fidelity: 1.05
2022-04-27 17:18:08,801 DEBUG epoch: 1, train_acc: 0.8504746835443038, val_acc: 1.03, fidel_score: 1.08, acc_loss: 4.698283424860315, grad_loss: None
2022-04-27 17:18:13,002 DEBUG epoch: 2, train_acc: 1.4339398734177216, val_acc: 1.52, fidel_score: 1.59, acc_loss: 4.57844587519199, grad_loss: None
2022-04-27 17:18:17,206 DEBUG epoch: 3, train_acc: 1.7899525316455696, val_acc: 1.96, fidel_score: 1.98, acc_loss: 4.527346303191366, grad_loss: None
2022-04-27 17:18:21,364 DEBUG epoch: 4, train_acc: 2.0470727848101267, val_acc: 1.83, fidel_score: 1.94, acc_loss: 4.507686862462683, grad_loss: None
2022-04-27 17:18:25,682 DEBUG epoch: 5, train_acc: 2.165743670886076, val_acc: 2.08, fidel_score: 2.11, acc_loss: 4.461918559255479, grad_loss: None
2022-04-27 17:18:29,977 DEBUG epoch: 6, train_acc: 2.1459651898734178, val_acc: 2.13, fidel_score: 2.16, acc_loss: 4.403212474871285, grad_loss: None
2022-04-27 17:18:34,349 DEBUG epoch: 7, train_acc: 2.2151898734177213, val_acc: 2.34, fidel_score: 2.4, acc_loss: 4.356697016124484, grad_loss: None
2022-04-27 17:18:38,595 DEBUG epoch: 8, train_acc: 2.670094936708861, val_acc: 2.37, fidel_score: 2.54, acc_loss: 4.30056550231161, grad_loss: None
2022-04-27 17:18:42,800 DEBUG epoch: 9, train_acc: 2.689873417721519, val_acc: 2.72, fidel_score: 2.69, acc_loss: 4.258459175689311, grad_loss: None
2022-04-27 17:18:47,328 DEBUG epoch: 10, train_acc: 2.689873417721519, val_acc: 2.62, fidel_score: 2.68, acc_loss: 4.226104102557218, grad_loss: None
2022-04-27 17:18:51,710 DEBUG epoch: 11, train_acc: 3.055775316455696, val_acc: 3.29, fidel_score: 2.87, acc_loss: 4.16407751433457, grad_loss: None
2022-04-27 17:18:55,913 DEBUG epoch: 12, train_acc: 3.6787974683544302, val_acc: 3.9, fidel_score: 3.68, acc_loss: 4.097020571744895, grad_loss: None
2022-04-27 17:19:00,137 DEBUG epoch: 13, train_acc: 3.629351265822785, val_acc: 3.79, fidel_score: 3.73, acc_loss: 4.0489608215380315, grad_loss: None
2022-04-27 17:19:04,426 DEBUG epoch: 14, train_acc: 3.9161392405063293, val_acc: 4.17, fidel_score: 4.15, acc_loss: 3.986368719535538, grad_loss: None
2022-04-27 17:19:08,740 DEBUG epoch: 15, train_acc: 4.736946202531645, val_acc: 4.49, fidel_score: 4.47, acc_loss: 3.9259723530539983, grad_loss: None
2022-04-27 17:19:13,182 DEBUG epoch: 16, train_acc: 5.092958860759493, val_acc: 5.22, fidel_score: 5.18, acc_loss: 3.854626981517937, grad_loss: None
2022-04-27 17:19:17,369 DEBUG epoch: 17, train_acc: 5.943433544303797, val_acc: 6.49, fidel_score: 6.2, acc_loss: 3.7622333991376657, grad_loss: None
2022-04-27 17:19:21,474 DEBUG epoch: 18, train_acc: 7.3575949367088604, val_acc: 6.97, fidel_score: 6.97, acc_loss: 3.670366528667981, grad_loss: None
2022-04-27 17:19:25,896 DEBUG epoch: 19, train_acc: 8.306962025316455, val_acc: 8.52, fidel_score: 8.33, acc_loss: 3.5923036895220792, grad_loss: None
2022-04-27 17:19:30,235 DEBUG epoch: 20, train_acc: 9.740901898734178, val_acc: 10.07, fidel_score: 10.17, acc_loss: 3.4827407221250897, grad_loss: None
2022-04-27 17:19:34,478 DEBUG epoch: 21, train_acc: 10.729825949367088, val_acc: 10.77, fidel_score: 10.91, acc_loss: 3.4025934104677997, grad_loss: None
2022-04-27 17:19:38,754 DEBUG epoch: 22, train_acc: 11.145174050632912, val_acc: 11.84, fidel_score: 12.18, acc_loss: 3.343776407121103, grad_loss: None
2022-04-27 17:19:42,788 DEBUG epoch: 23, train_acc: 12.994462025316455, val_acc: 13.2, fidel_score: 13.29, acc_loss: 3.226067835771585, grad_loss: None
2022-04-27 17:19:47,137 DEBUG epoch: 24, train_acc: 13.825158227848101, val_acc: 14.06, fidel_score: 14.36, acc_loss: 3.1830232113222534, grad_loss: None
2022-04-27 17:19:51,502 DEBUG epoch: 25, train_acc: 15.021756329113924, val_acc: 15.04, fidel_score: 15.39, acc_loss: 3.128929165345204, grad_loss: None
2022-04-27 17:19:55,901 DEBUG epoch: 26, train_acc: 16.475474683544302, val_acc: 16.42, fidel_score: 16.82, acc_loss: 3.0208292067805425, grad_loss: None
2022-04-27 17:20:00,109 DEBUG epoch: 27, train_acc: 18.344541139240505, val_acc: 16.4, fidel_score: 16.77, acc_loss: 2.968070854114581, grad_loss: None
2022-04-27 17:20:04,218 DEBUG epoch: 28, train_acc: 18.888449367088608, val_acc: 17.22, fidel_score: 17.3, acc_loss: 2.8966421175606643, grad_loss: None
2022-04-27 17:20:08,551 DEBUG epoch: 29, train_acc: 19.926819620253166, val_acc: 19.55, fidel_score: 19.64, acc_loss: 2.8241269316854356, grad_loss: None
2022-04-27 17:20:12,834 DEBUG epoch: 30, train_acc: 21.86511075949367, val_acc: 20.63, fidel_score: 20.58, acc_loss: 2.7448514443409593, grad_loss: None
2022-04-27 17:20:17,285 DEBUG epoch: 31, train_acc: 23.21993670886076, val_acc: 22.21, fidel_score: 22.33, acc_loss: 2.7052047192295894, grad_loss: None
2022-04-27 17:20:21,499 DEBUG epoch: 32, train_acc: 25.148338607594937, val_acc: 24.13, fidel_score: 23.92, acc_loss: 2.5859592232523085, grad_loss: None
2022-04-27 17:20:25,762 DEBUG epoch: 33, train_acc: 27.244857594936708, val_acc: 24.47, fidel_score: 24.29, acc_loss: 2.5206237593783607, grad_loss: None
2022-04-27 17:20:30,007 DEBUG epoch: 34, train_acc: 28.273338607594937, val_acc: 24.91, fidel_score: 25.12, acc_loss: 2.506549243685565, grad_loss: None
2022-04-27 17:20:34,484 DEBUG epoch: 35, train_acc: 29.311708860759495, val_acc: 26.02, fidel_score: 26.21, acc_loss: 2.4471448131754427, grad_loss: None
2022-04-27 17:20:38,727 DEBUG epoch: 36, train_acc: 29.69738924050633, val_acc: 26.46, fidel_score: 27.1, acc_loss: 2.4246497908725013, grad_loss: None
2022-04-27 17:20:43,097 DEBUG epoch: 37, train_acc: 31.35878164556962, val_acc: 28.58, fidel_score: 28.44, acc_loss: 2.3658207488965384, grad_loss: None
2022-04-27 17:20:47,182 DEBUG epoch: 38, train_acc: 33.38607594936709, val_acc: 30.15, fidel_score: 30.5, acc_loss: 2.275114696237105, grad_loss: None
2022-04-27 17:20:51,609 DEBUG epoch: 39, train_acc: 36.263844936708864, val_acc: 30.83, fidel_score: 31.03, acc_loss: 2.2051242771027963, grad_loss: None
2022-04-27 17:20:55,967 DEBUG epoch: 40, train_acc: 37.78678797468354, val_acc: 31.25, fidel_score: 31.79, acc_loss: 2.1311794579783574, grad_loss: None
2022-04-27 17:20:59,844 DEBUG epoch: 41, train_acc: 38.449367088607595, val_acc: 32.59, fidel_score: 32.74, acc_loss: 2.0898375299912466, grad_loss: None
2022-04-27 17:21:03,301 DEBUG epoch: 42, train_acc: 39.94264240506329, val_acc: 32.08, fidel_score: 32.38, acc_loss: 2.0334561082381235, grad_loss: None
2022-04-27 17:21:06,688 DEBUG epoch: 43, train_acc: 41.030458860759495, val_acc: 33.47, fidel_score: 33.63, acc_loss: 2.0088671611834177, grad_loss: None
2022-04-27 17:21:11,474 DEBUG epoch: 44, train_acc: 42.929193037974684, val_acc: 35.61, fidel_score: 36.1, acc_loss: 1.936918140966681, grad_loss: None
2022-04-27 17:21:16,321 DEBUG epoch: 45, train_acc: 44.56091772151899, val_acc: 35.37, fidel_score: 35.88, acc_loss: 1.8699360391761684, grad_loss: None
2022-04-27 17:21:20,725 DEBUG epoch: 46, train_acc: 45.88607594936709, val_acc: 34.5, fidel_score: 34.97, acc_loss: 1.8292682019970086, grad_loss: None
2022-04-27 17:21:25,000 DEBUG epoch: 47, train_acc: 45.767405063291136, val_acc: 37.11, fidel_score: 37.68, acc_loss: 1.8378851232649405, grad_loss: None
2022-04-27 17:21:29,427 DEBUG epoch: 48, train_acc: 47.201344936708864, val_acc: 36.61, fidel_score: 37.16, acc_loss: 1.7602540330041814, grad_loss: None
2022-04-27 17:21:33,812 DEBUG epoch: 49, train_acc: 48.684731012658226, val_acc: 37.22, fidel_score: 37.95, acc_loss: 1.7424906401694575, grad_loss: None
2022-04-27 17:21:38,093 DEBUG epoch: 50, train_acc: 50.039556962025316, val_acc: 37.92, fidel_score: 38.52, acc_loss: 1.686007801490494, grad_loss: None
2022-04-27 17:21:42,316 DEBUG epoch: 51, train_acc: 51.30537974683544, val_acc: 38.88, fidel_score: 39.8, acc_loss: 1.6577054352699956, grad_loss: None
2022-04-27 17:21:46,602 DEBUG epoch: 52, train_acc: 52.42286392405063, val_acc: 39.32, fidel_score: 39.86, acc_loss: 1.5785615896876855, grad_loss: None
2022-04-27 17:21:51,226 DEBUG epoch: 53, train_acc: 52.57120253164557, val_acc: 37.51, fidel_score: 38.0, acc_loss: 1.6161608635624753, grad_loss: None
2022-04-27 17:21:55,363 DEBUG epoch: 54, train_acc: 54.27215189873418, val_acc: 39.01, fidel_score: 39.62, acc_loss: 1.5481557921518254, grad_loss: None
2022-04-27 17:21:59,681 DEBUG epoch: 55, train_acc: 54.954509493670884, val_acc: 39.96, fidel_score: 41.08, acc_loss: 1.5152181688743303, grad_loss: None
2022-04-27 17:22:03,948 DEBUG epoch: 56, train_acc: 55.81487341772152, val_acc: 39.15, fidel_score: 39.68, acc_loss: 1.4850395057774797, grad_loss: None
2022-04-27 17:22:08,298 DEBUG epoch: 57, train_acc: 56.23022151898734, val_acc: 40.52, fidel_score: 40.97, acc_loss: 1.4825940328308298, grad_loss: None
2022-04-27 17:22:12,573 DEBUG epoch: 58, train_acc: 56.991693037974684, val_acc: 40.75, fidel_score: 41.89, acc_loss: 1.4739271160922474, grad_loss: None
2022-04-27 17:22:16,734 DEBUG epoch: 59, train_acc: 55.86431962025316, val_acc: 41.38, fidel_score: 42.28, acc_loss: 1.5078194050849238, grad_loss: None
2022-04-27 17:22:21,169 DEBUG epoch: 60, train_acc: 66.35680379746836, val_acc: 45.17, fidel_score: 46.17, acc_loss: 1.1092230881316751, grad_loss: None
2022-04-27 17:22:25,357 DEBUG epoch: 61, train_acc: 70.7179588607595, val_acc: 45.39, fidel_score: 46.61, acc_loss: 0.9366351539575601, grad_loss: None
2022-04-27 17:22:29,829 DEBUG epoch: 62, train_acc: 71.92444620253164, val_acc: 45.95, fidel_score: 46.91, acc_loss: 0.8957436145106449, grad_loss: None
2022-04-27 17:22:34,130 DEBUG epoch: 63, train_acc: 72.98259493670886, val_acc: 45.71, fidel_score: 46.6, acc_loss: 0.86053866147995, grad_loss: None
2022-04-27 17:22:38,394 DEBUG epoch: 64, train_acc: 75.49446202531645, val_acc: 46.05, fidel_score: 46.93, acc_loss: 0.7708506154108651, grad_loss: None
2022-04-27 17:22:42,653 DEBUG epoch: 65, train_acc: 76.16693037974683, val_acc: 45.96, fidel_score: 46.86, acc_loss: 0.7545916234390645, grad_loss: None
2022-04-27 17:22:47,061 DEBUG epoch: 66, train_acc: 75.91969936708861, val_acc: 45.96, fidel_score: 46.85, acc_loss: 0.7470895674409745, grad_loss: None
2022-04-27 17:22:51,376 DEBUG epoch: 67, train_acc: 76.89873417721519, val_acc: 45.94, fidel_score: 46.75, acc_loss: 0.7195910781244689, grad_loss: None
2022-04-27 17:22:55,465 DEBUG epoch: 68, train_acc: 78.26344936708861, val_acc: 46.37, fidel_score: 47.19, acc_loss: 0.6797809812087047, grad_loss: None
2022-04-27 17:22:59,546 DEBUG epoch: 69, train_acc: 79.26226265822785, val_acc: 46.37, fidel_score: 46.74, acc_loss: 0.6553006172180176, grad_loss: None
2022-04-27 17:23:03,682 DEBUG epoch: 70, train_acc: 78.94580696202532, val_acc: 46.45, fidel_score: 47.14, acc_loss: 0.654147541221184, grad_loss: None
2022-04-27 17:23:07,902 DEBUG epoch: 71, train_acc: 79.1435917721519, val_acc: 46.57, fidel_score: 47.41, acc_loss: 0.6500893740714351, grad_loss: None
2022-04-27 17:23:12,210 DEBUG epoch: 72, train_acc: 80.95332278481013, val_acc: 46.23, fidel_score: 47.16, acc_loss: 0.5953968431376204, grad_loss: None
2022-04-27 17:23:16,612 DEBUG epoch: 73, train_acc: 81.30933544303798, val_acc: 45.99, fidel_score: 46.77, acc_loss: 0.5926026999950409, grad_loss: None
2022-04-27 17:23:20,924 DEBUG epoch: 74, train_acc: 81.87302215189874, val_acc: 46.52, fidel_score: 47.45, acc_loss: 0.5709265832659565, grad_loss: None
2022-04-27 17:23:25,160 DEBUG epoch: 75, train_acc: 82.63449367088607, val_acc: 46.07, fidel_score: 46.75, acc_loss: 0.5495842321764065, grad_loss: None
2022-04-27 17:23:29,269 DEBUG epoch: 76, train_acc: 82.45648734177215, val_acc: 46.56, fidel_score: 47.57, acc_loss: 0.5399716571916507, grad_loss: None
2022-04-27 17:23:33,835 DEBUG epoch: 77, train_acc: 82.96083860759494, val_acc: 46.66, fidel_score: 47.36, acc_loss: 0.5348551941068866, grad_loss: None
2022-04-27 17:23:38,186 DEBUG epoch: 78, train_acc: 84.15743670886076, val_acc: 46.84, fidel_score: 47.41, acc_loss: 0.5164344235311581, grad_loss: None
2022-04-27 17:23:42,409 DEBUG epoch: 79, train_acc: 83.7618670886076, val_acc: 46.53, fidel_score: 47.27, acc_loss: 0.51048751948755, grad_loss: None
2022-04-27 17:23:46,663 DEBUG epoch: 80, train_acc: 85.43314873417721, val_acc: 46.38, fidel_score: 47.43, acc_loss: 0.466115163285521, grad_loss: None
2022-04-27 17:23:50,756 DEBUG epoch: 81, train_acc: 85.0870253164557, val_acc: 45.62, fidel_score: 46.64, acc_loss: 0.4883440004873879, grad_loss: None
2022-04-27 17:23:54,696 DEBUG epoch: 82, train_acc: 84.41455696202532, val_acc: 46.42, fidel_score: 47.24, acc_loss: 0.49985474197170404, grad_loss: None
2022-04-27 17:23:59,020 DEBUG epoch: 83, train_acc: 85.20569620253164, val_acc: 45.84, fidel_score: 46.9, acc_loss: 0.471440386545809, grad_loss: None
2022-04-27 17:24:03,402 DEBUG epoch: 84, train_acc: 85.67049050632912, val_acc: 46.07, fidel_score: 47.52, acc_loss: 0.4606773061088369, grad_loss: None
2022-04-27 17:24:07,654 DEBUG epoch: 85, train_acc: 87.48022151898734, val_acc: 46.28, fidel_score: 47.52, acc_loss: 0.3997779392366168, grad_loss: None
2022-04-27 17:24:11,845 DEBUG epoch: 86, train_acc: 85.89794303797468, val_acc: 46.49, fidel_score: 47.44, acc_loss: 0.461449551054194, grad_loss: None
2022-04-27 17:24:15,848 DEBUG epoch: 87, train_acc: 86.6495253164557, val_acc: 46.83, fidel_score: 47.82, acc_loss: 0.43384808980965917, grad_loss: None
2022-04-27 17:24:20,103 DEBUG epoch: 88, train_acc: 87.22310126582279, val_acc: 46.59, fidel_score: 48.03, acc_loss: 0.3945004279854931, grad_loss: None
2022-04-27 17:24:24,456 DEBUG epoch: 89, train_acc: 87.52966772151899, val_acc: 46.02, fidel_score: 46.57, acc_loss: 0.4060136990833886, grad_loss: None
2022-04-27 17:24:28,810 DEBUG epoch: 90, train_acc: 85.9375, val_acc: 46.28, fidel_score: 47.17, acc_loss: 0.4548996737863444, grad_loss: None
2022-04-27 17:24:33,040 DEBUG epoch: 91, train_acc: 87.37143987341773, val_acc: 46.13, fidel_score: 47.29, acc_loss: 0.4154069506669346, grad_loss: None
2022-04-27 17:24:37,089 DEBUG epoch: 92, train_acc: 88.48892405063292, val_acc: 46.6, fidel_score: 47.47, acc_loss: 0.37130535459971126, grad_loss: None
2022-04-27 17:24:41,340 DEBUG epoch: 93, train_acc: 89.3690664556962, val_acc: 46.32, fidel_score: 47.16, acc_loss: 0.3385427282958091, grad_loss: None
2022-04-27 17:24:45,514 DEBUG epoch: 94, train_acc: 89.68552215189874, val_acc: 45.81, fidel_score: 47.2, acc_loss: 0.3307948968833006, grad_loss: None
2022-04-27 17:24:50,009 DEBUG epoch: 95, train_acc: 89.19106012658227, val_acc: 46.56, fidel_score: 47.96, acc_loss: 0.358338185503513, grad_loss: None
2022-04-27 17:24:54,345 DEBUG epoch: 96, train_acc: 90.44699367088607, val_acc: 46.5, fidel_score: 47.32, acc_loss: 0.31561095748521106, grad_loss: None
2022-04-27 17:24:58,558 DEBUG epoch: 97, train_acc: 90.05142405063292, val_acc: 46.86, fidel_score: 47.72, acc_loss: 0.3402190823343736, grad_loss: None
2022-04-27 17:25:02,611 DEBUG epoch: 98, train_acc: 89.59651898734177, val_acc: 46.73, fidel_score: 47.81, acc_loss: 0.3510023312100881, grad_loss: None
2022-04-27 17:25:06,813 DEBUG epoch: 99, train_acc: 89.76463607594937, val_acc: 46.56, fidel_score: 47.8, acc_loss: 0.3327156390193142, grad_loss: None
2022-04-27 17:25:11,275 DEBUG epoch: 100, train_acc: 90.89200949367088, val_acc: 46.53, fidel_score: 47.7, acc_loss: 0.316267185950581, grad_loss: None
2022-04-27 17:25:15,590 DEBUG epoch: 101, train_acc: 90.63488924050633, val_acc: 46.27, fidel_score: 47.34, acc_loss: 0.3252445286776446, grad_loss: None
2022-04-27 17:25:19,847 DEBUG epoch: 102, train_acc: 86.49129746835443, val_acc: 46.37, fidel_score: 47.47, acc_loss: 0.45794063976293875, grad_loss: None
2022-04-27 17:25:24,001 DEBUG epoch: 103, train_acc: 89.6756329113924, val_acc: 47.0, fidel_score: 48.07, acc_loss: 0.3474942360874973, grad_loss: None
2022-04-27 17:25:28,114 DEBUG epoch: 104, train_acc: 90.44699367088607, val_acc: 46.24, fidel_score: 47.6, acc_loss: 0.32150711194623877, grad_loss: None
2022-04-27 17:25:32,507 DEBUG epoch: 105, train_acc: 90.35799050632912, val_acc: 46.83, fidel_score: 47.76, acc_loss: 0.32949719512009923, grad_loss: None
2022-04-27 17:25:36,754 DEBUG epoch: 106, train_acc: 90.78322784810126, val_acc: 46.32, fidel_score: 47.56, acc_loss: 0.3138366147309919, grad_loss: None
2022-04-27 17:25:41,048 DEBUG epoch: 107, train_acc: 90.7931170886076, val_acc: 47.46, fidel_score: 48.38, acc_loss: 0.303284851056111, grad_loss: None
2022-04-27 17:25:45,332 DEBUG epoch: 108, train_acc: 92.41495253164557, val_acc: 46.91, fidel_score: 48.05, acc_loss: 0.24927766121263745, grad_loss: None
2022-04-27 17:25:49,414 DEBUG epoch: 109, train_acc: 92.31606012658227, val_acc: 46.35, fidel_score: 47.78, acc_loss: 0.25457165814653226, grad_loss: None
2022-04-27 17:25:53,675 DEBUG epoch: 110, train_acc: 91.8117088607595, val_acc: 46.05, fidel_score: 47.46, acc_loss: 0.27513895655357384, grad_loss: None
2022-04-27 17:25:57,994 DEBUG epoch: 111, train_acc: 91.63370253164557, val_acc: 46.39, fidel_score: 47.6, acc_loss: 0.28129384619525716, grad_loss: None
2022-04-27 17:26:02,378 DEBUG epoch: 112, train_acc: 92.23694620253164, val_acc: 46.49, fidel_score: 48.1, acc_loss: 0.259761644975294, grad_loss: None
2022-04-27 17:26:06,631 DEBUG epoch: 113, train_acc: 92.4248417721519, val_acc: 46.68, fidel_score: 48.05, acc_loss: 0.26150819385730767, grad_loss: None
2022-04-27 17:26:10,748 DEBUG epoch: 114, train_acc: 92.67207278481013, val_acc: 46.59, fidel_score: 47.56, acc_loss: 0.25105601096455055, grad_loss: None
2022-04-27 17:26:15,171 DEBUG epoch: 115, train_acc: 92.2567246835443, val_acc: 47.02, fidel_score: 48.42, acc_loss: 0.26876760802314253, grad_loss: None
2022-04-27 17:26:19,576 DEBUG epoch: 116, train_acc: 92.85996835443038, val_acc: 46.91, fidel_score: 48.16, acc_loss: 0.2503935223138785, grad_loss: None
2022-04-27 17:26:23,853 DEBUG epoch: 117, train_acc: 92.53362341772151, val_acc: 47.33, fidel_score: 48.89, acc_loss: 0.2524939672667769, grad_loss: None
2022-04-27 17:26:28,002 DEBUG epoch: 118, train_acc: 93.04786392405063, val_acc: 46.88, fidel_score: 47.99, acc_loss: 0.24490612471782708, grad_loss: None
2022-04-27 17:26:31,947 DEBUG epoch: 119, train_acc: 91.90071202531645, val_acc: 46.75, fidel_score: 47.7, acc_loss: 0.2866456941524638, grad_loss: None
2022-04-27 17:26:36,367 DEBUG epoch: 120, train_acc: 92.4940664556962, val_acc: 46.8, fidel_score: 48.04, acc_loss: 0.26204700767993927, grad_loss: None
2022-04-27 17:26:40,699 DEBUG epoch: 121, train_acc: 89.28006329113924, val_acc: 47.47, fidel_score: 48.57, acc_loss: 0.36363983456092547, grad_loss: None
2022-04-27 17:26:45,113 DEBUG epoch: 122, train_acc: 91.54469936708861, val_acc: 46.6, fidel_score: 47.44, acc_loss: 0.28881072177539896, grad_loss: None
2022-04-27 17:26:49,386 DEBUG epoch: 123, train_acc: 90.71400316455696, val_acc: 46.79, fidel_score: 48.07, acc_loss: 0.3302290282106098, grad_loss: None
2022-04-27 17:26:53,332 DEBUG epoch: 124, train_acc: 93.21598101265823, val_acc: 47.38, fidel_score: 48.45, acc_loss: 0.24262861200148547, grad_loss: None
2022-04-27 17:26:57,558 DEBUG epoch: 125, train_acc: 91.49525316455696, val_acc: 47.2, fidel_score: 48.71, acc_loss: 0.2888535911901088, grad_loss: None
2022-04-27 17:27:01,776 DEBUG epoch: 126, train_acc: 93.5126582278481, val_acc: 46.96, fidel_score: 48.36, acc_loss: 0.22684619787938987, grad_loss: None
2022-04-27 17:27:06,110 DEBUG epoch: 127, train_acc: 93.0676424050633, val_acc: 47.29, fidel_score: 48.81, acc_loss: 0.2380118039024027, grad_loss: None
2022-04-27 17:27:10,601 DEBUG epoch: 128, train_acc: 93.32476265822785, val_acc: 47.51, fidel_score: 48.55, acc_loss: 0.23077483739279495, grad_loss: None
2022-04-27 17:27:14,930 DEBUG epoch: 129, train_acc: 94.49169303797468, val_acc: 47.61, fidel_score: 48.69, acc_loss: 0.19380005232140987, grad_loss: None
2022-04-27 17:27:19,054 DEBUG epoch: 130, train_acc: 93.31487341772151, val_acc: 47.34, fidel_score: 48.54, acc_loss: 0.24928347870141646, grad_loss: None
2022-04-27 17:27:23,140 DEBUG epoch: 131, train_acc: 93.75, val_acc: 47.74, fidel_score: 48.65, acc_loss: 0.21991759708410577, grad_loss: None
2022-04-27 17:27:27,463 DEBUG epoch: 132, train_acc: 93.72033227848101, val_acc: 47.36, fidel_score: 48.59, acc_loss: 0.21906715980436228, grad_loss: None
2022-04-27 17:27:31,835 DEBUG epoch: 133, train_acc: 94.33346518987342, val_acc: 48.0, fidel_score: 48.94, acc_loss: 0.20130464029085787, grad_loss: None
2022-04-27 17:27:36,152 DEBUG epoch: 134, train_acc: 93.5818829113924, val_acc: 47.6, fidel_score: 48.9, acc_loss: 0.22170222475181653, grad_loss: None
2022-04-27 17:27:40,330 DEBUG epoch: 135, train_acc: 94.67958860759494, val_acc: 48.36, fidel_score: 49.37, acc_loss: 0.19596684988163696, grad_loss: None
2022-04-27 17:27:44,379 DEBUG epoch: 136, train_acc: 94.38291139240506, val_acc: 47.86, fidel_score: 49.29, acc_loss: 0.20394318183011648, grad_loss: None
2022-04-27 17:27:48,882 DEBUG epoch: 137, train_acc: 93.8488924050633, val_acc: 47.58, fidel_score: 48.72, acc_loss: 0.21353946956275385, grad_loss: None
2022-04-27 17:27:53,371 DEBUG epoch: 138, train_acc: 95.13449367088607, val_acc: 47.67, fidel_score: 48.69, acc_loss: 0.17484910206138332, grad_loss: None
2022-04-27 17:27:57,620 DEBUG epoch: 139, train_acc: 93.75, val_acc: 47.08, fidel_score: 48.38, acc_loss: 0.22320500261421444, grad_loss: None
2022-04-27 17:28:01,825 DEBUG epoch: 140, train_acc: 91.79193037974683, val_acc: 46.66, fidel_score: 47.87, acc_loss: 0.3124737087872964, grad_loss: None
2022-04-27 17:28:06,035 DEBUG epoch: 141, train_acc: 94.62025316455696, val_acc: 46.66, fidel_score: 47.82, acc_loss: 0.19725290714185448, grad_loss: None
2022-04-27 17:28:10,427 DEBUG epoch: 142, train_acc: 94.86748417721519, val_acc: 47.15, fidel_score: 48.82, acc_loss: 0.17676703499842294, grad_loss: None
2022-04-27 17:28:14,898 DEBUG epoch: 143, train_acc: 94.16534810126582, val_acc: 47.39, fidel_score: 48.6, acc_loss: 0.21676659348267543, grad_loss: None
2022-04-27 17:28:19,117 DEBUG epoch: 144, train_acc: 95.05537974683544, val_acc: 48.09, fidel_score: 48.83, acc_loss: 0.18684010617906535, grad_loss: None
2022-04-27 17:28:23,199 DEBUG epoch: 145, train_acc: 95.05537974683544, val_acc: 47.83, fidel_score: 49.13, acc_loss: 0.18376639178847964, grad_loss: None
2022-04-27 17:28:27,063 DEBUG epoch: 146, train_acc: 93.63132911392405, val_acc: 47.72, fidel_score: 48.79, acc_loss: 0.24244905715879006, grad_loss: None
2022-04-27 17:28:31,049 DEBUG epoch: 147, train_acc: 94.81803797468355, val_acc: 47.68, fidel_score: 49.06, acc_loss: 0.17884670542199402, grad_loss: None
2022-04-27 17:28:35,284 DEBUG epoch: 148, train_acc: 95.0059335443038, val_acc: 47.73, fidel_score: 48.65, acc_loss: 0.17613084755743605, grad_loss: None
2022-04-27 17:28:39,518 DEBUG epoch: 149, train_acc: 95.1443829113924, val_acc: 48.09, fidel_score: 48.7, acc_loss: 0.1673972343530836, grad_loss: None
2022-04-27 17:28:43,960 DEBUG epoch: 150, train_acc: 96.53876582278481, val_acc: 48.78, fidel_score: 49.76, acc_loss: 0.1321871364135531, grad_loss: None
2022-04-27 17:28:48,276 DEBUG epoch: 151, train_acc: 97.22112341772151, val_acc: 48.48, fidel_score: 49.4, acc_loss: 0.10790959304740912, grad_loss: None
2022-04-27 17:28:52,477 DEBUG epoch: 152, train_acc: 97.99248417721519, val_acc: 49.49, fidel_score: 50.23, acc_loss: 0.08353161236530618, grad_loss: None
2022-04-27 17:28:56,619 DEBUG epoch: 153, train_acc: 98.01226265822785, val_acc: 49.17, fidel_score: 50.24, acc_loss: 0.07621332491406158, grad_loss: None
2022-04-27 17:29:00,896 DEBUG epoch: 154, train_acc: 98.21993670886076, val_acc: 48.75, fidel_score: 49.72, acc_loss: 0.0770957887502788, grad_loss: None
2022-04-27 17:29:05,253 DEBUG epoch: 155, train_acc: 98.2693829113924, val_acc: 49.37, fidel_score: 50.35, acc_loss: 0.07422995244306099, grad_loss: None
2022-04-27 17:29:09,574 DEBUG epoch: 156, train_acc: 98.25949367088607, val_acc: 49.16, fidel_score: 50.09, acc_loss: 0.06867366009450789, grad_loss: None
2022-04-27 17:29:13,855 DEBUG epoch: 157, train_acc: 98.2693829113924, val_acc: 49.14, fidel_score: 50.18, acc_loss: 0.07111710588200183, grad_loss: None
2022-04-27 17:29:17,930 DEBUG epoch: 158, train_acc: 98.64517405063292, val_acc: 49.35, fidel_score: 50.01, acc_loss: 0.06217260982935564, grad_loss: None
2022-04-27 17:29:22,226 DEBUG epoch: 159, train_acc: 98.49683544303798, val_acc: 49.22, fidel_score: 50.53, acc_loss: 0.05956684663608859, grad_loss: None
2022-04-27 17:29:26,473 DEBUG epoch: 160, train_acc: 98.34849683544304, val_acc: 49.37, fidel_score: 50.25, acc_loss: 0.06486490124812987, grad_loss: None
2022-04-27 17:29:30,847 DEBUG epoch: 161, train_acc: 98.45727848101266, val_acc: 49.51, fidel_score: 50.21, acc_loss: 0.06521679859466945, grad_loss: None
2022-04-27 17:29:35,216 DEBUG epoch: 162, train_acc: 98.39794303797468, val_acc: 49.4, fidel_score: 50.33, acc_loss: 0.06069087231225228, grad_loss: None
2022-04-27 17:29:39,325 DEBUG epoch: 163, train_acc: 98.9121835443038, val_acc: 49.27, fidel_score: 50.43, acc_loss: 0.05104949047105222, grad_loss: None
2022-04-27 17:29:43,426 DEBUG epoch: 164, train_acc: 98.45727848101266, val_acc: 49.69, fidel_score: 50.42, acc_loss: 0.06097415063671673, grad_loss: None
2022-04-27 17:29:47,717 DEBUG epoch: 165, train_acc: 98.69462025316456, val_acc: 49.53, fidel_score: 50.44, acc_loss: 0.055734252580736256, grad_loss: None
2022-04-27 17:29:51,925 DEBUG epoch: 166, train_acc: 98.68473101265823, val_acc: 49.33, fidel_score: 50.23, acc_loss: 0.05460864437531821, grad_loss: None
2022-04-27 17:29:56,459 DEBUG epoch: 167, train_acc: 98.82318037974683, val_acc: 49.74, fidel_score: 51.05, acc_loss: 0.05124761746559717, grad_loss: None
2022-04-27 17:30:00,594 DEBUG epoch: 168, train_acc: 98.90229430379746, val_acc: 49.61, fidel_score: 50.58, acc_loss: 0.043800280806667445, grad_loss: None
2022-04-27 17:30:04,530 DEBUG epoch: 169, train_acc: 99.23852848101266, val_acc: 49.74, fidel_score: 50.2, acc_loss: 0.040374990493719336, grad_loss: None
2022-04-27 17:30:08,888 DEBUG epoch: 170, train_acc: 98.83306962025317, val_acc: 49.55, fidel_score: 50.35, acc_loss: 0.052723843675059605, grad_loss: None
2022-04-27 17:30:13,298 DEBUG epoch: 171, train_acc: 98.8132911392405, val_acc: 49.96, fidel_score: 50.89, acc_loss: 0.04864888067675542, grad_loss: None
2022-04-27 17:30:17,607 DEBUG epoch: 172, train_acc: 98.89240506329114, val_acc: 49.51, fidel_score: 50.61, acc_loss: 0.04823196821999323, grad_loss: None
2022-04-27 17:30:21,876 DEBUG epoch: 173, train_acc: 98.5363924050633, val_acc: 49.48, fidel_score: 50.36, acc_loss: 0.06314781701923171, grad_loss: None
2022-04-27 17:30:25,928 DEBUG epoch: 174, train_acc: 98.88251582278481, val_acc: 49.37, fidel_score: 50.42, acc_loss: 0.04686020160258948, grad_loss: None
2022-04-27 17:30:30,188 DEBUG epoch: 175, train_acc: 99.06052215189874, val_acc: 49.65, fidel_score: 50.53, acc_loss: 0.040487802174838286, grad_loss: None
2022-04-27 17:30:34,390 DEBUG epoch: 176, train_acc: 99.16930379746836, val_acc: 49.86, fidel_score: 50.74, acc_loss: 0.03871368930403945, grad_loss: None
2022-04-27 17:30:38,780 DEBUG epoch: 177, train_acc: 98.86273734177215, val_acc: 49.35, fidel_score: 50.31, acc_loss: 0.050148395526729804, grad_loss: None
2022-04-27 17:30:43,104 DEBUG epoch: 178, train_acc: 99.08030063291139, val_acc: 49.33, fidel_score: 50.53, acc_loss: 0.040190463190120235, grad_loss: None
2022-04-27 17:30:47,185 DEBUG epoch: 179, train_acc: 99.0506329113924, val_acc: 50.01, fidel_score: 51.19, acc_loss: 0.04269766861785062, grad_loss: None
2022-04-27 17:30:51,452 DEBUG epoch: 180, train_acc: 98.57594936708861, val_acc: 49.61, fidel_score: 50.52, acc_loss: 0.049493155713322794, grad_loss: None
2022-04-27 17:30:55,581 DEBUG epoch: 181, train_acc: 98.93196202531645, val_acc: 49.2, fidel_score: 50.0, acc_loss: 0.046707743448735795, grad_loss: None
2022-04-27 17:31:00,030 DEBUG epoch: 182, train_acc: 99.13963607594937, val_acc: 49.63, fidel_score: 50.73, acc_loss: 0.039831855287185955, grad_loss: None
2022-04-27 17:31:03,281 DEBUG epoch: 183, train_acc: 98.79351265822785, val_acc: 49.66, fidel_score: 50.74, acc_loss: 0.04988433873941061, grad_loss: None
2022-04-27 17:31:06,809 DEBUG epoch: 184, train_acc: 98.8429588607595, val_acc: 49.33, fidel_score: 50.32, acc_loss: 0.04917562075100745, grad_loss: None
2022-04-27 17:31:10,237 DEBUG epoch: 185, train_acc: 99.09018987341773, val_acc: 49.85, fidel_score: 51.02, acc_loss: 0.042381785308965775, grad_loss: None
2022-04-27 17:31:15,688 DEBUG epoch: 186, train_acc: 99.09018987341773, val_acc: 49.51, fidel_score: 50.5, acc_loss: 0.04205436545978241, grad_loss: None
2022-04-27 17:31:20,965 DEBUG epoch: 187, train_acc: 99.29786392405063, val_acc: 49.91, fidel_score: 50.83, acc_loss: 0.037202443302715126, grad_loss: None
2022-04-27 17:31:25,428 DEBUG epoch: 188, train_acc: 99.16930379746836, val_acc: 49.87, fidel_score: 51.07, acc_loss: 0.03786045350605929, grad_loss: None
2022-04-27 17:31:29,988 DEBUG epoch: 189, train_acc: 99.22863924050633, val_acc: 49.7, fidel_score: 50.84, acc_loss: 0.039299634096648876, grad_loss: None
2022-04-27 17:31:34,355 DEBUG epoch: 190, train_acc: 98.9814082278481, val_acc: 49.34, fidel_score: 50.18, acc_loss: 0.044817153611986696, grad_loss: None
2022-04-27 17:31:38,577 DEBUG epoch: 191, train_acc: 99.20886075949367, val_acc: 49.77, fidel_score: 50.85, acc_loss: 0.03625104126013533, grad_loss: None
2022-04-27 17:31:42,956 DEBUG epoch: 192, train_acc: 99.1198575949367, val_acc: 50.16, fidel_score: 51.16, acc_loss: 0.03985037979422302, grad_loss: None
2022-04-27 17:31:47,116 DEBUG epoch: 193, train_acc: 98.96162974683544, val_acc: 49.97, fidel_score: 51.13, acc_loss: 0.041776108284351195, grad_loss: None
2022-04-27 17:31:51,090 DEBUG epoch: 194, train_acc: 99.3176424050633, val_acc: 49.64, fidel_score: 50.8, acc_loss: 0.03403165343488696, grad_loss: None
2022-04-27 17:31:55,222 DEBUG epoch: 195, train_acc: 99.17919303797468, val_acc: 50.1, fidel_score: 50.93, acc_loss: 0.03584731469237352, grad_loss: None
2022-04-27 17:31:59,650 DEBUG epoch: 196, train_acc: 99.1198575949367, val_acc: 49.71, fidel_score: 50.98, acc_loss: 0.03924942225264975, grad_loss: None
2022-04-27 17:32:04,120 DEBUG epoch: 197, train_acc: 98.96162974683544, val_acc: 49.79, fidel_score: 51.0, acc_loss: 0.040877810537909405, grad_loss: None
2022-04-27 17:32:08,551 DEBUG epoch: 198, train_acc: 99.2879746835443, val_acc: 49.53, fidel_score: 50.9, acc_loss: 0.03160766657748366, grad_loss: None
2022-04-27 17:32:12,750 DEBUG epoch: 199, train_acc: 99.22863924050633, val_acc: 49.23, fidel_score: 50.87, acc_loss: 0.039867710770119594, grad_loss: None
2022-04-27 17:32:16,807 DEBUG epoch: 200, train_acc: 99.16930379746836, val_acc: 49.76, fidel_score: 50.86, acc_loss: 0.03904984090359339, grad_loss: None
2022-04-27 17:32:21,003 DEBUG epoch: 201, train_acc: 99.02096518987342, val_acc: 49.34, fidel_score: 50.48, acc_loss: 0.04320575833273462, grad_loss: None
2022-04-27 17:32:25,378 DEBUG epoch: 202, train_acc: 99.3868670886076, val_acc: 49.63, fidel_score: 50.38, acc_loss: 0.030387127394729024, grad_loss: None
2022-04-27 17:32:29,706 DEBUG epoch: 203, train_acc: 99.33742088607595, val_acc: 49.71, fidel_score: 51.02, acc_loss: 0.03400877246609594, grad_loss: None
2022-04-27 17:32:34,093 DEBUG epoch: 204, train_acc: 99.44620253164557, val_acc: 49.63, fidel_score: 50.81, acc_loss: 0.031065939907927678, grad_loss: None
2022-04-27 17:32:38,498 DEBUG epoch: 205, train_acc: 99.19897151898734, val_acc: 49.78, fidel_score: 50.97, acc_loss: 0.03500198463237361, grad_loss: None
2022-04-27 17:32:42,749 DEBUG epoch: 206, train_acc: 99.24841772151899, val_acc: 49.73, fidel_score: 50.9, acc_loss: 0.03648413430097737, grad_loss: None
2022-04-27 17:32:46,900 DEBUG epoch: 207, train_acc: 99.27808544303798, val_acc: 49.49, fidel_score: 50.31, acc_loss: 0.032700901851058006, grad_loss: None
2022-04-27 17:32:51,228 DEBUG epoch: 208, train_acc: 99.23852848101266, val_acc: 50.09, fidel_score: 51.01, acc_loss: 0.037661151989964364, grad_loss: None
2022-04-27 17:32:55,629 DEBUG epoch: 209, train_acc: 99.17919303797468, val_acc: 49.66, fidel_score: 50.9, acc_loss: 0.03428020028255974, grad_loss: None
2022-04-27 17:33:00,226 DEBUG epoch: 210, train_acc: 99.25830696202532, val_acc: 50.01, fidel_score: 50.87, acc_loss: 0.0355081866742878, grad_loss: None
2022-04-27 17:33:04,459 DEBUG epoch: 211, train_acc: 99.10007911392405, val_acc: 49.84, fidel_score: 51.04, acc_loss: 0.0354394108952978, grad_loss: None
2022-04-27 17:33:08,726 DEBUG epoch: 212, train_acc: 99.20886075949367, val_acc: 49.43, fidel_score: 50.51, acc_loss: 0.03696895459124559, grad_loss: None
2022-04-27 17:33:13,211 DEBUG epoch: 213, train_acc: 99.12974683544304, val_acc: 49.75, fidel_score: 50.89, acc_loss: 0.03690402055324256, grad_loss: None
2022-04-27 17:33:17,552 DEBUG epoch: 214, train_acc: 98.80340189873418, val_acc: 49.73, fidel_score: 50.65, acc_loss: 0.05460379227312117, grad_loss: None
2022-04-27 17:33:21,965 DEBUG epoch: 215, train_acc: 98.92207278481013, val_acc: 49.32, fidel_score: 50.23, acc_loss: 0.045298175084628634, grad_loss: None
2022-04-27 17:33:26,298 DEBUG epoch: 216, train_acc: 99.0506329113924, val_acc: 49.56, fidel_score: 50.61, acc_loss: 0.039401207366793214, grad_loss: None
2022-04-27 17:33:30,546 DEBUG epoch: 217, train_acc: 98.94185126582279, val_acc: 48.94, fidel_score: 50.43, acc_loss: 0.0446044344313537, grad_loss: None
2022-04-27 17:33:34,732 DEBUG epoch: 218, train_acc: 99.32753164556962, val_acc: 49.59, fidel_score: 50.58, acc_loss: 0.03521152970062781, grad_loss: None
2022-04-27 17:33:39,045 DEBUG epoch: 219, train_acc: 99.19897151898734, val_acc: 49.81, fidel_score: 50.8, acc_loss: 0.03715622881898963, grad_loss: None
2022-04-27 17:33:43,402 DEBUG epoch: 220, train_acc: 98.97151898734177, val_acc: 49.62, fidel_score: 50.66, acc_loss: 0.045403051372806105, grad_loss: None
2022-04-27 17:33:48,110 DEBUG epoch: 221, train_acc: 99.24841772151899, val_acc: 49.27, fidel_score: 50.54, acc_loss: 0.03395525710303572, grad_loss: None
2022-04-27 17:33:52,448 DEBUG epoch: 222, train_acc: 99.2879746835443, val_acc: 49.83, fidel_score: 50.82, acc_loss: 0.03286732243715868, grad_loss: None
2022-04-27 17:33:56,500 DEBUG epoch: 223, train_acc: 99.17919303797468, val_acc: 50.03, fidel_score: 51.29, acc_loss: 0.03348742983056397, grad_loss: None
2022-04-27 17:34:00,647 DEBUG epoch: 224, train_acc: 99.37697784810126, val_acc: 49.74, fidel_score: 51.08, acc_loss: 0.03240561074447594, grad_loss: None
2022-04-27 17:34:04,868 DEBUG epoch: 225, train_acc: 99.02096518987342, val_acc: 49.5, fidel_score: 50.63, acc_loss: 0.042051204503808594, grad_loss: None
2022-04-27 17:34:09,284 DEBUG epoch: 226, train_acc: 99.3176424050633, val_acc: 49.85, fidel_score: 51.01, acc_loss: 0.03437777142971754, grad_loss: None
2022-04-27 17:34:13,690 DEBUG epoch: 227, train_acc: 99.04074367088607, val_acc: 49.48, fidel_score: 50.75, acc_loss: 0.04021130346610576, grad_loss: None
2022-04-27 17:34:18,012 DEBUG epoch: 228, train_acc: 99.47587025316456, val_acc: 49.87, fidel_score: 51.11, acc_loss: 0.030515294239113602, grad_loss: None
2022-04-27 17:34:22,363 DEBUG epoch: 229, train_acc: 99.26819620253164, val_acc: 49.92, fidel_score: 50.91, acc_loss: 0.035590593891713436, grad_loss: None
2022-04-27 17:34:26,700 DEBUG epoch: 230, train_acc: 99.21875, val_acc: 49.99, fidel_score: 50.98, acc_loss: 0.03726286303157671, grad_loss: None
2022-04-27 17:34:30,956 DEBUG epoch: 231, train_acc: 99.10996835443038, val_acc: 50.0, fidel_score: 51.11, acc_loss: 0.043829146967139805, grad_loss: None
2022-04-27 17:34:34,301 DEBUG epoch: 232, train_acc: 99.23852848101266, val_acc: 49.7, fidel_score: 50.97, acc_loss: 0.03516686898715134, grad_loss: None
2022-04-27 17:34:37,795 DEBUG epoch: 233, train_acc: 99.41653481012658, val_acc: 49.82, fidel_score: 50.68, acc_loss: 0.029466244073796877, grad_loss: None
2022-04-27 17:34:41,419 DEBUG epoch: 234, train_acc: 99.3868670886076, val_acc: 49.87, fidel_score: 50.96, acc_loss: 0.0332909026065299, grad_loss: None
2022-04-27 17:34:47,652 DEBUG epoch: 235, train_acc: 99.03085443037975, val_acc: 49.84, fidel_score: 51.07, acc_loss: 0.05032945756765106, grad_loss: None
2022-04-27 17:34:52,449 DEBUG epoch: 236, train_acc: 98.80340189873418, val_acc: 49.36, fidel_score: 50.32, acc_loss: 0.05014953933231815, grad_loss: None
2022-04-27 17:34:57,009 DEBUG epoch: 237, train_acc: 99.20886075949367, val_acc: 49.76, fidel_score: 50.49, acc_loss: 0.034052433186694035, grad_loss: None
2022-04-27 17:35:01,327 DEBUG epoch: 238, train_acc: 99.19897151898734, val_acc: 49.76, fidel_score: 51.12, acc_loss: 0.04020580661164809, grad_loss: None
2022-04-27 17:35:05,830 DEBUG epoch: 239, train_acc: 99.20886075949367, val_acc: 49.66, fidel_score: 50.9, acc_loss: 0.035481448078976026, grad_loss: None
2022-04-27 17:35:10,063 DEBUG epoch: 240, train_acc: 99.30775316455696, val_acc: 49.45, fidel_score: 51.06, acc_loss: 0.03416407746086015, grad_loss: None
2022-04-27 17:35:14,165 DEBUG epoch: 241, train_acc: 99.34731012658227, val_acc: 49.47, fidel_score: 50.52, acc_loss: 0.031351697454346884, grad_loss: None
2022-04-27 17:35:18,415 DEBUG epoch: 242, train_acc: 99.39675632911393, val_acc: 49.79, fidel_score: 50.87, acc_loss: 0.030106459449552283, grad_loss: None
2022-04-27 17:35:22,973 DEBUG epoch: 243, train_acc: 99.3868670886076, val_acc: 49.93, fidel_score: 51.01, acc_loss: 0.02940643368925475, grad_loss: None
2022-04-27 17:35:27,344 DEBUG epoch: 244, train_acc: 99.47587025316456, val_acc: 49.85, fidel_score: 51.04, acc_loss: 0.028651447459772418, grad_loss: None
2022-04-27 17:35:31,728 DEBUG epoch: 245, train_acc: 99.34731012658227, val_acc: 49.89, fidel_score: 51.11, acc_loss: 0.03286927849455159, grad_loss: None
2022-04-27 17:35:35,884 DEBUG epoch: 246, train_acc: 99.56487341772151, val_acc: 49.79, fidel_score: 50.92, acc_loss: 0.026141312409522412, grad_loss: None
2022-04-27 17:35:40,331 DEBUG epoch: 247, train_acc: 99.40664556962025, val_acc: 49.38, fidel_score: 50.53, acc_loss: 0.031268212278196705, grad_loss: None
2022-04-27 17:35:44,829 DEBUG epoch: 248, train_acc: 99.35719936708861, val_acc: 49.99, fidel_score: 50.97, acc_loss: 0.03293811817523799, grad_loss: None
2022-04-27 17:35:49,141 DEBUG epoch: 249, train_acc: 99.18908227848101, val_acc: 49.81, fidel_score: 51.07, acc_loss: 0.03462554706567073, grad_loss: None
2022-04-27 17:35:53,542 DEBUG epoch: 250, train_acc: 99.29786392405063, val_acc: 50.0, fidel_score: 51.16, acc_loss: 0.034539922335055435, grad_loss: None
2022-04-27 17:35:57,770 DEBUG epoch: 251, train_acc: 99.40664556962025, val_acc: 49.66, fidel_score: 51.03, acc_loss: 0.02801829729747923, grad_loss: None
2022-04-27 17:36:01,961 DEBUG epoch: 252, train_acc: 99.37697784810126, val_acc: 50.2, fidel_score: 51.46, acc_loss: 0.02962133199377339, grad_loss: None
2022-04-27 17:36:06,328 DEBUG epoch: 253, train_acc: 99.3868670886076, val_acc: 50.12, fidel_score: 51.19, acc_loss: 0.027589010675968247, grad_loss: None
2022-04-27 17:36:10,621 DEBUG epoch: 254, train_acc: 99.27808544303798, val_acc: 50.0, fidel_score: 50.75, acc_loss: 0.03182414020824281, grad_loss: None
2022-04-27 17:36:14,974 DEBUG epoch: 255, train_acc: 99.39675632911393, val_acc: 49.86, fidel_score: 51.31, acc_loss: 0.030660723224046487, grad_loss: None
2022-04-27 17:36:19,484 DEBUG epoch: 256, train_acc: 99.46598101265823, val_acc: 50.01, fidel_score: 51.52, acc_loss: 0.029343029696352874, grad_loss: None
2022-04-27 17:36:23,854 DEBUG epoch: 257, train_acc: 99.33742088607595, val_acc: 49.87, fidel_score: 50.92, acc_loss: 0.026299383638638863, grad_loss: None
2022-04-27 17:36:28,033 DEBUG epoch: 258, train_acc: 99.68354430379746, val_acc: 50.14, fidel_score: 51.24, acc_loss: 0.023563132709764605, grad_loss: None
2022-04-27 17:36:32,064 DEBUG epoch: 259, train_acc: 99.41653481012658, val_acc: 49.69, fidel_score: 50.77, acc_loss: 0.02640932663992236, grad_loss: None
2022-04-27 17:36:36,331 DEBUG epoch: 260, train_acc: 99.51542721518987, val_acc: 50.22, fidel_score: 51.31, acc_loss: 0.02496803608498996, grad_loss: None
2022-04-27 17:36:40,791 DEBUG epoch: 261, train_acc: 99.42642405063292, val_acc: 49.99, fidel_score: 51.29, acc_loss: 0.02612949421487843, grad_loss: None
2022-04-27 17:36:45,027 DEBUG epoch: 262, train_acc: 99.55498417721519, val_acc: 49.69, fidel_score: 51.13, acc_loss: 0.026643566271478805, grad_loss: None
2022-04-27 17:36:49,477 DEBUG epoch: 263, train_acc: 99.35719936708861, val_acc: 49.85, fidel_score: 51.03, acc_loss: 0.03161728196435525, grad_loss: None
2022-04-27 17:36:53,867 DEBUG epoch: 264, train_acc: 99.53520569620254, val_acc: 50.27, fidel_score: 51.47, acc_loss: 0.026017654589907842, grad_loss: None
2022-04-27 17:36:58,118 DEBUG epoch: 265, train_acc: 99.07041139240506, val_acc: 49.97, fidel_score: 51.17, acc_loss: 0.040286808519305876, grad_loss: None
2022-04-27 17:37:02,501 DEBUG epoch: 266, train_acc: 99.29786392405063, val_acc: 50.51, fidel_score: 51.38, acc_loss: 0.03267896300346791, grad_loss: None
2022-04-27 17:37:06,735 DEBUG epoch: 267, train_acc: 99.5253164556962, val_acc: 49.99, fidel_score: 51.11, acc_loss: 0.02665945667113307, grad_loss: None
2022-04-27 17:37:10,942 DEBUG epoch: 268, train_acc: 99.3868670886076, val_acc: 50.1, fidel_score: 51.46, acc_loss: 0.03571950815193638, grad_loss: None
2022-04-27 17:37:15,468 DEBUG epoch: 269, train_acc: 99.43631329113924, val_acc: 50.42, fidel_score: 51.52, acc_loss: 0.028578442497815514, grad_loss: None
2022-04-27 17:37:19,868 DEBUG epoch: 270, train_acc: 99.46598101265823, val_acc: 49.97, fidel_score: 50.92, acc_loss: 0.02551235367037073, grad_loss: None
2022-04-27 17:37:23,966 DEBUG epoch: 271, train_acc: 99.54509493670886, val_acc: 49.97, fidel_score: 51.15, acc_loss: 0.022836159354759546, grad_loss: None
2022-04-27 17:37:27,875 DEBUG epoch: 272, train_acc: 99.65387658227849, val_acc: 50.35, fidel_score: 51.6, acc_loss: 0.024530559179927164, grad_loss: None
2022-04-27 17:37:32,111 DEBUG epoch: 273, train_acc: 99.6242088607595, val_acc: 50.33, fidel_score: 51.24, acc_loss: 0.02197821559738132, grad_loss: None
2022-04-27 17:37:36,481 DEBUG epoch: 274, train_acc: 99.16930379746836, val_acc: 50.11, fidel_score: 51.39, acc_loss: 0.038150526023222296, grad_loss: None
2022-04-27 17:37:40,732 DEBUG epoch: 275, train_acc: 99.65387658227849, val_acc: 50.18, fidel_score: 51.57, acc_loss: 0.021956164767093295, grad_loss: None
2022-04-27 17:37:44,985 DEBUG epoch: 276, train_acc: 99.42642405063292, val_acc: 50.12, fidel_score: 51.33, acc_loss: 0.02758421071015204, grad_loss: None
2022-04-27 17:37:49,351 DEBUG epoch: 277, train_acc: 99.24841772151899, val_acc: 50.34, fidel_score: 51.04, acc_loss: 0.03101799875509607, grad_loss: None
2022-04-27 17:37:53,778 DEBUG epoch: 278, train_acc: 99.5253164556962, val_acc: 49.92, fidel_score: 51.09, acc_loss: 0.025310787873319054, grad_loss: None
2022-04-27 17:37:58,135 DEBUG epoch: 279, train_acc: 99.5945411392405, val_acc: 50.07, fidel_score: 51.15, acc_loss: 0.024686932216009386, grad_loss: None
2022-04-27 17:38:02,291 DEBUG epoch: 280, train_acc: 99.42642405063292, val_acc: 50.1, fidel_score: 51.45, acc_loss: 0.030043634373836125, grad_loss: None
2022-04-27 17:38:06,542 DEBUG epoch: 281, train_acc: 99.57476265822785, val_acc: 49.84, fidel_score: 51.1, acc_loss: 0.024354057722500985, grad_loss: None
2022-04-27 17:38:11,140 DEBUG epoch: 282, train_acc: 99.58465189873418, val_acc: 50.32, fidel_score: 51.23, acc_loss: 0.022924439409818455, grad_loss: None
2022-04-27 17:38:15,532 DEBUG epoch: 283, train_acc: 99.41653481012658, val_acc: 50.08, fidel_score: 51.03, acc_loss: 0.03199742760367786, grad_loss: None
2022-04-27 17:38:19,858 DEBUG epoch: 284, train_acc: 99.4560917721519, val_acc: 49.83, fidel_score: 51.06, acc_loss: 0.029593623107700032, grad_loss: None
2022-04-27 17:38:24,175 DEBUG epoch: 285, train_acc: 99.64398734177215, val_acc: 49.99, fidel_score: 51.21, acc_loss: 0.021009874606764394, grad_loss: None
2022-04-27 17:38:28,455 DEBUG epoch: 286, train_acc: 99.51542721518987, val_acc: 49.93, fidel_score: 50.96, acc_loss: 0.02556863694180605, grad_loss: None
2022-04-27 17:38:32,632 DEBUG epoch: 287, train_acc: 99.7626582278481, val_acc: 49.87, fidel_score: 51.02, acc_loss: 0.020599873936911928, grad_loss: None
2022-04-27 17:38:36,946 DEBUG epoch: 288, train_acc: 99.66376582278481, val_acc: 50.07, fidel_score: 51.5, acc_loss: 0.022307632390786952, grad_loss: None
2022-04-27 17:38:41,291 DEBUG epoch: 289, train_acc: 99.22863924050633, val_acc: 50.49, fidel_score: 51.56, acc_loss: 0.03496827254708432, grad_loss: None
2022-04-27 17:38:45,621 DEBUG epoch: 290, train_acc: 99.33742088607595, val_acc: 49.97, fidel_score: 51.28, acc_loss: 0.02932941572316274, grad_loss: None
2022-04-27 17:38:49,784 DEBUG epoch: 291, train_acc: 99.60443037974683, val_acc: 50.27, fidel_score: 51.46, acc_loss: 0.023348351999457125, grad_loss: None
2022-04-27 17:38:53,982 DEBUG epoch: 292, train_acc: 99.57476265822785, val_acc: 50.05, fidel_score: 51.31, acc_loss: 0.02638014987158247, grad_loss: None
2022-04-27 17:38:58,537 DEBUG epoch: 293, train_acc: 99.4560917721519, val_acc: 49.8, fidel_score: 50.93, acc_loss: 0.02913799358508255, grad_loss: None
2022-04-27 17:39:03,005 DEBUG epoch: 294, train_acc: 99.6242088607595, val_acc: 50.12, fidel_score: 51.19, acc_loss: 0.022797259284018337, grad_loss: None
2022-04-27 17:39:07,330 DEBUG epoch: 295, train_acc: 99.51542721518987, val_acc: 50.19, fidel_score: 51.23, acc_loss: 0.027327163752074106, grad_loss: None
2022-04-27 17:39:11,623 DEBUG epoch: 296, train_acc: 99.48575949367088, val_acc: 50.33, fidel_score: 51.0, acc_loss: 0.025923764521751224, grad_loss: None
2022-04-27 17:39:15,899 DEBUG epoch: 297, train_acc: 99.64398734177215, val_acc: 50.26, fidel_score: 51.48, acc_loss: 0.023465348619826232, grad_loss: None
2022-04-27 17:39:20,325 DEBUG epoch: 298, train_acc: 99.49564873417721, val_acc: 50.34, fidel_score: 51.24, acc_loss: 0.02576483145379756, grad_loss: None
2022-04-27 17:39:24,721 DEBUG epoch: 299, train_acc: 99.55498417721519, val_acc: 50.33, fidel_score: 51.52, acc_loss: 0.02522522707976684, grad_loss: None
2022-04-27 17:39:28,942 DEBUG epoch: 300, train_acc: 99.46598101265823, val_acc: 50.28, fidel_score: 51.78, acc_loss: 0.0248439271545297, grad_loss: None
2022-04-27 17:39:28,943 DEBUG load best stealed model.
2022-04-27 17:39:28,943 DEBUG Best perform model, val_acc: 50.51, fidel_score: 51.38, acc_loss: 0.0248439271545297
2022-04-27 17:39:28,943 DEBUG load cloest stealed model.
2022-04-27 17:39:28,943 DEBUG Closest perform model, val_acc: 50.28, fidel_score: 51.78, acc_loss: 0.0248439271545297
