2022-04-21 21:00:11,138 DEBUG Namespace(arch='vgg11_bn', attack_client=0, attack_epochs=300, attack_style='GM_option_CIFAR100', average_time=1, batch_size=128, bottleneck_option='None', cutlayer=4, data_proportion=1.0, dataset='cifar10', filename='ace_V2_epoch_vgg11_bn_cutlayer_4_client_1_seed125_dataset_cifar10_lr_0.05_200epoch', folder='saves/baseline', learning_rate=0.05, noniid_ratio=1.0, num_client=1, num_epochs='best', num_query=10000, random_seed=123, regularization='None', regularization_strength=0.0, scheme='V2_epoch', surrogate_arch='same', test_best=True, train_clas_layer=7.0)
2022-04-21 21:00:14,637 DEBUG Test (client-0):	Loss 0.6165 (0.3623)	Prec@1 81.250 (91.890)
2022-04-21 21:00:14,637 DEBUG  * Prec@1 91.890
2022-04-21 21:00:14,642 DEBUG load 0.weight to surrogate
2022-04-21 21:00:14,642 DEBUG load 0.bias to surrogate
2022-04-21 21:00:14,642 DEBUG load 1.weight to surrogate
2022-04-21 21:00:14,643 DEBUG load 1.bias to surrogate
2022-04-21 21:00:14,643 DEBUG load 1.running_mean to surrogate
2022-04-21 21:00:14,643 DEBUG load 1.running_var to surrogate
2022-04-21 21:00:14,643 DEBUG load 1.num_batches_tracked to surrogate
2022-04-21 21:00:14,643 DEBUG load 3.weight to surrogate
2022-04-21 21:00:14,643 DEBUG load 3.bias to surrogate
2022-04-21 21:00:14,643 DEBUG load 4.weight to surrogate
2022-04-21 21:00:14,643 DEBUG load 4.bias to surrogate
2022-04-21 21:00:14,644 DEBUG load 4.running_mean to surrogate
2022-04-21 21:00:14,644 DEBUG load 4.running_var to surrogate
2022-04-21 21:00:14,644 DEBUG load 4.num_batches_tracked to surrogate
2022-04-21 21:00:14,649 DEBUG 16
2022-04-21 21:00:14,650 DEBUG 22
2022-04-21 21:00:14,650 DEBUG surrogate parameter has 22 trainable parameters!
2022-04-21 21:00:19,269 DEBUG epoch: 0, val_acc: 8.82, val_fidelity: 8.82
2022-04-21 21:00:22,063 DEBUG epoch: 1, train_acc: 0.0, val_acc: 9.87, fidel_score: 10.0, acc_loss: 0.0, grad_loss: 4.032707763623588
2022-04-21 21:00:24,877 DEBUG epoch: 2, train_acc: 0.0, val_acc: 10.35, fidel_score: 10.57, acc_loss: 0.0, grad_loss: 4.025970528397379
2022-04-21 21:00:27,684 DEBUG epoch: 3, train_acc: 0.0, val_acc: 10.18, fidel_score: 10.4, acc_loss: 0.0, grad_loss: 4.035371025906334
2022-04-21 21:00:30,487 DEBUG epoch: 4, train_acc: 0.0, val_acc: 10.13, fidel_score: 10.35, acc_loss: 0.0, grad_loss: 4.033619539647162
2022-04-21 21:00:33,305 DEBUG epoch: 5, train_acc: 0.0, val_acc: 10.02, fidel_score: 10.25, acc_loss: 0.0, grad_loss: 4.041743999795068
2022-04-21 21:00:36,138 DEBUG epoch: 6, train_acc: 0.0, val_acc: 10.0, fidel_score: 10.23, acc_loss: 0.0, grad_loss: 4.0247908151602445
2022-04-21 21:00:38,942 DEBUG epoch: 7, train_acc: 0.0, val_acc: 10.0, fidel_score: 10.23, acc_loss: 0.0, grad_loss: 4.040066658696042
2022-04-21 21:00:41,748 DEBUG epoch: 8, train_acc: 0.0, val_acc: 10.0, fidel_score: 10.23, acc_loss: 0.0, grad_loss: 4.035522626925118
2022-04-21 21:00:44,576 DEBUG epoch: 9, train_acc: 0.0, val_acc: 10.0, fidel_score: 10.23, acc_loss: 0.0, grad_loss: 4.0307872385918335
2022-04-21 21:00:47,393 DEBUG epoch: 10, train_acc: 0.0, val_acc: 10.02, fidel_score: 10.25, acc_loss: 0.0, grad_loss: 4.048809766769409
2022-04-21 21:00:50,207 DEBUG epoch: 11, train_acc: 0.0, val_acc: 10.06, fidel_score: 10.29, acc_loss: 0.0, grad_loss: 4.032642044598544
2022-04-21 21:00:53,020 DEBUG epoch: 12, train_acc: 0.0, val_acc: 10.77, fidel_score: 11.07, acc_loss: 0.0, grad_loss: 4.0381615010997916
2022-04-21 21:00:55,826 DEBUG epoch: 13, train_acc: 0.0, val_acc: 14.95, fidel_score: 15.45, acc_loss: 0.0, grad_loss: 4.049444358560104
2022-04-21 21:00:58,660 DEBUG epoch: 14, train_acc: 0.0, val_acc: 15.22, fidel_score: 15.79, acc_loss: 0.0, grad_loss: 4.0335971946957745
2022-04-21 21:01:01,459 DEBUG epoch: 15, train_acc: 0.0, val_acc: 10.79, fidel_score: 11.28, acc_loss: 0.0, grad_loss: 4.039172779155683
2022-04-21 21:01:04,271 DEBUG epoch: 16, train_acc: 0.0, val_acc: 10.02, fidel_score: 10.54, acc_loss: 0.0, grad_loss: 4.038886900189556
2022-04-21 21:01:07,087 DEBUG epoch: 17, train_acc: 0.0, val_acc: 10.01, fidel_score: 10.53, acc_loss: 0.0, grad_loss: 4.031242645239528
2022-04-21 21:01:09,892 DEBUG epoch: 18, train_acc: 0.0, val_acc: 10.0, fidel_score: 10.52, acc_loss: 0.0, grad_loss: 4.02898289885702
2022-04-21 21:01:12,701 DEBUG epoch: 19, train_acc: 0.0, val_acc: 10.0, fidel_score: 10.52, acc_loss: 0.0, grad_loss: 4.0431531894056105
2022-04-21 21:01:15,520 DEBUG epoch: 20, train_acc: 0.0, val_acc: 10.0, fidel_score: 10.52, acc_loss: 0.0, grad_loss: 4.03649472888512
2022-04-21 21:01:18,344 DEBUG epoch: 21, train_acc: 0.0, val_acc: 10.0, fidel_score: 10.52, acc_loss: 0.0, grad_loss: 4.035765083530281
2022-04-21 21:01:21,174 DEBUG epoch: 22, train_acc: 0.0, val_acc: 10.0, fidel_score: 10.52, acc_loss: 0.0, grad_loss: 4.041584081287626
2022-04-21 21:01:23,992 DEBUG epoch: 23, train_acc: 0.0, val_acc: 10.0, fidel_score: 10.52, acc_loss: 0.0, grad_loss: 4.034461139123651
2022-04-21 21:01:26,801 DEBUG epoch: 24, train_acc: 0.0, val_acc: 10.0, fidel_score: 10.52, acc_loss: 0.0, grad_loss: 4.045219656787341
2022-04-21 21:01:29,623 DEBUG epoch: 25, train_acc: 0.0, val_acc: 10.0, fidel_score: 10.52, acc_loss: 0.0, grad_loss: 4.0459140131745155
2022-04-21 21:01:32,444 DEBUG epoch: 26, train_acc: 0.0, val_acc: 10.0, fidel_score: 10.52, acc_loss: 0.0, grad_loss: 4.027731961841825
2022-04-21 21:01:35,263 DEBUG epoch: 27, train_acc: 0.0, val_acc: 10.0, fidel_score: 10.52, acc_loss: 0.0, grad_loss: 4.034724108780487
2022-04-21 21:01:38,060 DEBUG epoch: 28, train_acc: 0.0, val_acc: 10.0, fidel_score: 10.52, acc_loss: 0.0, grad_loss: 4.046894230420077
2022-04-21 21:01:40,883 DEBUG epoch: 29, train_acc: 0.0, val_acc: 10.0, fidel_score: 10.52, acc_loss: 0.0, grad_loss: 4.040813605996627
2022-04-21 21:01:43,695 DEBUG epoch: 30, train_acc: 0.0, val_acc: 10.0, fidel_score: 10.52, acc_loss: 0.0, grad_loss: 4.050161594077002
2022-04-21 21:01:46,490 DEBUG epoch: 31, train_acc: 0.0, val_acc: 10.0, fidel_score: 10.52, acc_loss: 0.0, grad_loss: 4.0358592950845065
2022-04-21 21:01:49,288 DEBUG epoch: 32, train_acc: 0.0, val_acc: 10.0, fidel_score: 10.52, acc_loss: 0.0, grad_loss: 4.04688679719273
2022-04-21 21:01:52,111 DEBUG epoch: 33, train_acc: 0.0, val_acc: 10.0, fidel_score: 10.52, acc_loss: 0.0, grad_loss: 4.0308903893337975
2022-04-21 21:01:54,912 DEBUG epoch: 34, train_acc: 0.0, val_acc: 10.0, fidel_score: 10.52, acc_loss: 0.0, grad_loss: 4.0418878507010545
2022-04-21 21:01:57,721 DEBUG epoch: 35, train_acc: 0.0, val_acc: 10.0, fidel_score: 10.52, acc_loss: 0.0, grad_loss: 4.0274707214741765
2022-04-21 21:02:00,524 DEBUG epoch: 36, train_acc: 0.0, val_acc: 10.0, fidel_score: 10.52, acc_loss: 0.0, grad_loss: 4.04359217836887
2022-04-21 21:02:03,353 DEBUG epoch: 37, train_acc: 0.0, val_acc: 10.0, fidel_score: 10.52, acc_loss: 0.0, grad_loss: 4.03341887268839
2022-04-21 21:02:06,157 DEBUG epoch: 38, train_acc: 0.0, val_acc: 10.0, fidel_score: 10.52, acc_loss: 0.0, grad_loss: 4.039458458936667
2022-04-21 21:02:08,978 DEBUG epoch: 39, train_acc: 0.0, val_acc: 10.0, fidel_score: 10.52, acc_loss: 0.0, grad_loss: 4.039498990095114
2022-04-21 21:02:11,791 DEBUG epoch: 40, train_acc: 0.0, val_acc: 10.0, fidel_score: 10.52, acc_loss: 0.0, grad_loss: 4.029261380811281
2022-04-21 21:02:14,606 DEBUG epoch: 41, train_acc: 0.0, val_acc: 10.0, fidel_score: 10.52, acc_loss: 0.0, grad_loss: 4.0322977259189265
2022-04-21 21:02:17,425 DEBUG epoch: 42, train_acc: 0.0, val_acc: 10.0, fidel_score: 10.52, acc_loss: 0.0, grad_loss: 4.038878981071182
2022-04-21 21:02:20,249 DEBUG epoch: 43, train_acc: 0.0, val_acc: 10.0, fidel_score: 10.52, acc_loss: 0.0, grad_loss: 4.036911879913716
2022-04-21 21:02:23,054 DEBUG epoch: 44, train_acc: 0.0, val_acc: 10.0, fidel_score: 10.52, acc_loss: 0.0, grad_loss: 4.030485705484318
2022-04-21 21:02:25,873 DEBUG epoch: 45, train_acc: 0.0, val_acc: 10.0, fidel_score: 10.52, acc_loss: 0.0, grad_loss: 4.035035196738907
2022-04-21 21:02:28,673 DEBUG epoch: 46, train_acc: 0.0, val_acc: 10.0, fidel_score: 10.52, acc_loss: 0.0, grad_loss: 4.034276950208446
2022-04-21 21:02:31,485 DEBUG epoch: 47, train_acc: 0.0, val_acc: 10.0, fidel_score: 10.52, acc_loss: 0.0, grad_loss: 4.036874837513212
2022-04-21 21:02:34,286 DEBUG epoch: 48, train_acc: 0.0, val_acc: 10.0, fidel_score: 10.52, acc_loss: 0.0, grad_loss: 4.045009060751034
2022-04-21 21:02:37,098 DEBUG epoch: 49, train_acc: 0.0, val_acc: 10.0, fidel_score: 10.52, acc_loss: 0.0, grad_loss: 4.039998721472824
2022-04-21 21:02:39,893 DEBUG epoch: 50, train_acc: 0.0, val_acc: 10.0, fidel_score: 10.52, acc_loss: 0.0, grad_loss: 4.036554928067364
2022-04-21 21:02:42,688 DEBUG epoch: 51, train_acc: 0.0, val_acc: 10.0, fidel_score: 10.52, acc_loss: 0.0, grad_loss: 4.043692706506463
2022-04-21 21:02:45,499 DEBUG epoch: 52, train_acc: 0.0, val_acc: 10.0, fidel_score: 10.52, acc_loss: 0.0, grad_loss: 4.040908973428268
2022-04-21 21:02:48,303 DEBUG epoch: 53, train_acc: 0.0, val_acc: 10.0, fidel_score: 10.52, acc_loss: 0.0, grad_loss: 4.043313919743405
2022-04-21 21:02:51,109 DEBUG epoch: 54, train_acc: 0.0, val_acc: 10.0, fidel_score: 10.52, acc_loss: 0.0, grad_loss: 4.034744380395623
2022-04-21 21:02:53,917 DEBUG epoch: 55, train_acc: 0.0, val_acc: 10.0, fidel_score: 10.52, acc_loss: 0.0, grad_loss: 4.034658640245848
2022-04-21 21:02:56,727 DEBUG epoch: 56, train_acc: 0.0, val_acc: 10.0, fidel_score: 10.52, acc_loss: 0.0, grad_loss: 4.034237843525561
2022-04-21 21:02:59,528 DEBUG epoch: 57, train_acc: 0.0, val_acc: 10.0, fidel_score: 10.52, acc_loss: 0.0, grad_loss: 4.04095684727536
2022-04-21 21:03:02,354 DEBUG epoch: 58, train_acc: 0.0, val_acc: 10.0, fidel_score: 10.52, acc_loss: 0.0, grad_loss: 4.033570117588285
2022-04-21 21:03:05,155 DEBUG epoch: 59, train_acc: 0.0, val_acc: 10.0, fidel_score: 10.52, acc_loss: 0.0, grad_loss: 4.033293890047677
2022-04-21 21:03:07,943 DEBUG epoch: 60, train_acc: 0.0, val_acc: 10.0, fidel_score: 10.52, acc_loss: 0.0, grad_loss: 4.034289329866819
2022-04-21 21:03:10,762 DEBUG epoch: 61, train_acc: 0.0, val_acc: 10.0, fidel_score: 10.52, acc_loss: 0.0, grad_loss: 4.046604744995697
2022-04-21 21:03:13,577 DEBUG epoch: 62, train_acc: 0.0, val_acc: 10.0, fidel_score: 10.52, acc_loss: 0.0, grad_loss: 4.036604190174537
2022-04-21 21:03:16,394 DEBUG epoch: 63, train_acc: 0.0, val_acc: 10.0, fidel_score: 10.52, acc_loss: 0.0, grad_loss: 4.033004911640022
2022-04-21 21:03:19,192 DEBUG epoch: 64, train_acc: 0.0, val_acc: 10.0, fidel_score: 10.52, acc_loss: 0.0, grad_loss: 4.038789374918878
2022-04-21 21:03:22,007 DEBUG epoch: 65, train_acc: 0.0, val_acc: 10.0, fidel_score: 10.52, acc_loss: 0.0, grad_loss: 4.032731973672215
2022-04-21 21:03:24,829 DEBUG epoch: 66, train_acc: 0.0, val_acc: 10.0, fidel_score: 10.52, acc_loss: 0.0, grad_loss: 4.027613458754141
2022-04-21 21:03:27,650 DEBUG epoch: 67, train_acc: 0.0, val_acc: 10.0, fidel_score: 10.52, acc_loss: 0.0, grad_loss: 4.031201646297792
2022-04-21 21:03:30,459 DEBUG epoch: 68, train_acc: 0.0, val_acc: 10.0, fidel_score: 10.52, acc_loss: 0.0, grad_loss: 4.039999207363853
2022-04-21 21:03:33,284 DEBUG epoch: 69, train_acc: 0.0, val_acc: 10.0, fidel_score: 10.52, acc_loss: 0.0, grad_loss: 4.0409338715710215
2022-04-21 21:03:36,095 DEBUG epoch: 70, train_acc: 0.0, val_acc: 10.0, fidel_score: 10.52, acc_loss: 0.0, grad_loss: 4.038198280938064
2022-04-21 21:03:38,913 DEBUG epoch: 71, train_acc: 0.0, val_acc: 10.0, fidel_score: 10.52, acc_loss: 0.0, grad_loss: 4.035785759551616
2022-04-21 21:03:41,733 DEBUG epoch: 72, train_acc: 0.0, val_acc: 10.0, fidel_score: 10.52, acc_loss: 0.0, grad_loss: 4.035408288617678
2022-04-21 21:03:44,550 DEBUG epoch: 73, train_acc: 0.0, val_acc: 10.0, fidel_score: 10.52, acc_loss: 0.0, grad_loss: 4.033617333520817
2022-04-21 21:03:47,359 DEBUG epoch: 74, train_acc: 0.0, val_acc: 10.0, fidel_score: 10.52, acc_loss: 0.0, grad_loss: 4.03110478195963
2022-04-21 21:03:50,151 DEBUG epoch: 75, train_acc: 0.0, val_acc: 10.0, fidel_score: 10.52, acc_loss: 0.0, grad_loss: 4.038738428791867
2022-04-21 21:03:52,966 DEBUG epoch: 76, train_acc: 0.0, val_acc: 10.0, fidel_score: 10.52, acc_loss: 0.0, grad_loss: 4.040688463404209
2022-04-21 21:03:55,780 DEBUG epoch: 77, train_acc: 0.0, val_acc: 10.0, fidel_score: 10.52, acc_loss: 0.0, grad_loss: 4.040890781185295
2022-04-21 21:03:58,604 DEBUG epoch: 78, train_acc: 0.0, val_acc: 10.0, fidel_score: 10.52, acc_loss: 0.0, grad_loss: 4.035134004641183
2022-04-21 21:04:01,420 DEBUG epoch: 79, train_acc: 0.0, val_acc: 10.0, fidel_score: 10.52, acc_loss: 0.0, grad_loss: 4.03511345537403
2022-04-21 21:04:04,239 DEBUG epoch: 80, train_acc: 0.0, val_acc: 10.0, fidel_score: 10.52, acc_loss: 0.0, grad_loss: 4.0336858139762395
2022-04-21 21:04:07,064 DEBUG epoch: 81, train_acc: 0.0, val_acc: 10.0, fidel_score: 10.52, acc_loss: 0.0, grad_loss: 4.039221398438079
2022-04-21 21:04:09,884 DEBUG epoch: 82, train_acc: 0.0, val_acc: 10.0, fidel_score: 10.52, acc_loss: 0.0, grad_loss: 4.041571614108508
2022-04-21 21:04:12,695 DEBUG epoch: 83, train_acc: 0.0, val_acc: 10.0, fidel_score: 10.52, acc_loss: 0.0, grad_loss: 4.035786761513239
2022-04-21 21:04:15,495 DEBUG epoch: 84, train_acc: 0.0, val_acc: 10.0, fidel_score: 10.52, acc_loss: 0.0, grad_loss: 4.035701812068118
2022-04-21 21:04:18,300 DEBUG epoch: 85, train_acc: 0.0, val_acc: 10.0, fidel_score: 10.52, acc_loss: 0.0, grad_loss: 4.027066882652573
2022-04-21 21:04:21,124 DEBUG epoch: 86, train_acc: 0.0, val_acc: 10.0, fidel_score: 10.52, acc_loss: 0.0, grad_loss: 4.036620710469499
2022-04-21 21:04:23,919 DEBUG epoch: 87, train_acc: 0.0, val_acc: 10.0, fidel_score: 10.52, acc_loss: 0.0, grad_loss: 4.040967889978916
2022-04-21 21:04:26,731 DEBUG epoch: 88, train_acc: 0.0, val_acc: 10.0, fidel_score: 10.52, acc_loss: 0.0, grad_loss: 4.04111124895796
2022-04-21 21:04:29,552 DEBUG epoch: 89, train_acc: 0.0, val_acc: 10.0, fidel_score: 10.52, acc_loss: 0.0, grad_loss: 4.033407087567486
2022-04-21 21:04:32,356 DEBUG epoch: 90, train_acc: 0.0, val_acc: 10.0, fidel_score: 10.52, acc_loss: 0.0, grad_loss: 4.029500288299367
2022-04-21 21:04:35,175 DEBUG epoch: 91, train_acc: 0.0, val_acc: 10.0, fidel_score: 10.52, acc_loss: 0.0, grad_loss: 4.044665792320348
2022-04-21 21:04:37,997 DEBUG epoch: 92, train_acc: 0.0, val_acc: 10.0, fidel_score: 10.52, acc_loss: 0.0, grad_loss: 4.048140918152241
2022-04-21 21:04:40,816 DEBUG epoch: 93, train_acc: 0.0, val_acc: 10.0, fidel_score: 10.52, acc_loss: 0.0, grad_loss: 4.039637143098855
2022-04-21 21:04:43,645 DEBUG epoch: 94, train_acc: 0.0, val_acc: 10.0, fidel_score: 10.52, acc_loss: 0.0, grad_loss: 4.033922415745409
2022-04-21 21:04:46,461 DEBUG epoch: 95, train_acc: 0.0, val_acc: 10.0, fidel_score: 10.52, acc_loss: 0.0, grad_loss: 4.038059741635866
2022-04-21 21:04:49,275 DEBUG epoch: 96, train_acc: 0.0, val_acc: 10.0, fidel_score: 10.52, acc_loss: 0.0, grad_loss: 4.041742750360996
2022-04-21 21:04:52,084 DEBUG epoch: 97, train_acc: 0.0, val_acc: 10.0, fidel_score: 10.52, acc_loss: 0.0, grad_loss: 4.0453783560402785
2022-04-21 21:04:54,919 DEBUG epoch: 98, train_acc: 0.0, val_acc: 10.0, fidel_score: 10.52, acc_loss: 0.0, grad_loss: 4.036717635166796
2022-04-21 21:04:57,739 DEBUG epoch: 99, train_acc: 0.0, val_acc: 10.0, fidel_score: 10.52, acc_loss: 0.0, grad_loss: 4.03774317608604
2022-04-21 21:05:00,568 DEBUG epoch: 100, train_acc: 0.0, val_acc: 10.0, fidel_score: 10.52, acc_loss: 0.0, grad_loss: 4.0421790050554876
2022-04-21 21:05:03,382 DEBUG epoch: 101, train_acc: 0.0, val_acc: 10.0, fidel_score: 10.52, acc_loss: 0.0, grad_loss: 4.030613126634043
2022-04-21 21:05:06,196 DEBUG epoch: 102, train_acc: 0.0, val_acc: 10.0, fidel_score: 10.52, acc_loss: 0.0, grad_loss: 4.038651167591916
2022-04-21 21:05:09,000 DEBUG epoch: 103, train_acc: 0.0, val_acc: 10.0, fidel_score: 10.52, acc_loss: 0.0, grad_loss: 4.036135576948335
2022-04-21 21:05:11,825 DEBUG epoch: 104, train_acc: 0.0, val_acc: 10.0, fidel_score: 10.52, acc_loss: 0.0, grad_loss: 4.033288726323767
2022-04-21 21:05:14,659 DEBUG epoch: 105, train_acc: 0.0, val_acc: 10.0, fidel_score: 10.52, acc_loss: 0.0, grad_loss: 4.038048976584326
2022-04-21 21:05:17,461 DEBUG epoch: 106, train_acc: 0.0, val_acc: 10.0, fidel_score: 10.52, acc_loss: 0.0, grad_loss: 4.04777844646309
2022-04-21 21:05:20,271 DEBUG epoch: 107, train_acc: 0.0, val_acc: 10.0, fidel_score: 10.52, acc_loss: 0.0, grad_loss: 4.035110736195045
2022-04-21 21:05:23,089 DEBUG epoch: 108, train_acc: 0.0, val_acc: 10.0, fidel_score: 10.52, acc_loss: 0.0, grad_loss: 4.03843225406695
2022-04-21 21:05:25,906 DEBUG epoch: 109, train_acc: 0.0, val_acc: 10.0, fidel_score: 10.52, acc_loss: 0.0, grad_loss: 4.037583827972412
2022-04-21 21:05:28,730 DEBUG epoch: 110, train_acc: 0.0, val_acc: 10.0, fidel_score: 10.52, acc_loss: 0.0, grad_loss: 4.036824461780017
2022-04-21 21:05:31,550 DEBUG epoch: 111, train_acc: 0.0, val_acc: 10.0, fidel_score: 10.52, acc_loss: 0.0, grad_loss: 4.044877251492271
2022-04-21 21:05:34,365 DEBUG epoch: 112, train_acc: 0.0, val_acc: 10.0, fidel_score: 10.52, acc_loss: 0.0, grad_loss: 4.0424022946176645
2022-04-21 21:05:37,182 DEBUG epoch: 113, train_acc: 0.0, val_acc: 10.0, fidel_score: 10.52, acc_loss: 0.0, grad_loss: 4.037817728670338
2022-04-21 21:05:40,003 DEBUG epoch: 114, train_acc: 0.0, val_acc: 10.0, fidel_score: 10.52, acc_loss: 0.0, grad_loss: 4.047761464420753
2022-04-21 21:05:42,816 DEBUG epoch: 115, train_acc: 0.0, val_acc: 10.0, fidel_score: 10.52, acc_loss: 0.0, grad_loss: 4.036571083189566
2022-04-21 21:05:45,644 DEBUG epoch: 116, train_acc: 0.0, val_acc: 10.0, fidel_score: 10.52, acc_loss: 0.0, grad_loss: 4.044516409499736
2022-04-21 21:05:48,450 DEBUG epoch: 117, train_acc: 0.0, val_acc: 10.0, fidel_score: 10.52, acc_loss: 0.0, grad_loss: 4.031946251663981
2022-04-21 21:05:51,282 DEBUG epoch: 118, train_acc: 0.0, val_acc: 10.0, fidel_score: 10.52, acc_loss: 0.0, grad_loss: 4.031211590465111
2022-04-21 21:05:54,102 DEBUG epoch: 119, train_acc: 0.0, val_acc: 10.0, fidel_score: 10.52, acc_loss: 0.0, grad_loss: 4.038503390324267
2022-04-21 21:05:56,909 DEBUG epoch: 120, train_acc: 0.0, val_acc: 10.0, fidel_score: 10.52, acc_loss: 0.0, grad_loss: 4.037766761417631
2022-04-21 21:05:59,733 DEBUG epoch: 121, train_acc: 0.0, val_acc: 10.0, fidel_score: 10.52, acc_loss: 0.0, grad_loss: 4.046092455900168
2022-04-21 21:06:02,561 DEBUG epoch: 122, train_acc: 0.0, val_acc: 10.0, fidel_score: 10.52, acc_loss: 0.0, grad_loss: 4.040102294728726
2022-04-21 21:06:05,378 DEBUG epoch: 123, train_acc: 0.0, val_acc: 10.0, fidel_score: 10.52, acc_loss: 0.0, grad_loss: 4.053262372560139
2022-04-21 21:06:08,209 DEBUG epoch: 124, train_acc: 0.0, val_acc: 10.0, fidel_score: 10.52, acc_loss: 0.0, grad_loss: 4.042015658149237
2022-04-21 21:06:11,021 DEBUG epoch: 125, train_acc: 0.0, val_acc: 10.0, fidel_score: 10.52, acc_loss: 0.0, grad_loss: 4.039084790628167
2022-04-21 21:06:13,837 DEBUG epoch: 126, train_acc: 0.0, val_acc: 10.0, fidel_score: 10.52, acc_loss: 0.0, grad_loss: 4.036449888084508
2022-04-21 21:06:16,653 DEBUG epoch: 127, train_acc: 0.0, val_acc: 10.0, fidel_score: 10.52, acc_loss: 0.0, grad_loss: 4.02881642534763
2022-04-21 21:06:19,472 DEBUG epoch: 128, train_acc: 0.0, val_acc: 10.0, fidel_score: 10.52, acc_loss: 0.0, grad_loss: 4.040484413315978
2022-04-21 21:06:22,286 DEBUG epoch: 129, train_acc: 0.0, val_acc: 10.0, fidel_score: 10.52, acc_loss: 0.0, grad_loss: 4.041460520104517
2022-04-21 21:06:25,117 DEBUG epoch: 130, train_acc: 0.0, val_acc: 10.0, fidel_score: 10.52, acc_loss: 0.0, grad_loss: 4.042386531829834
2022-04-21 21:06:27,917 DEBUG epoch: 131, train_acc: 0.0, val_acc: 10.0, fidel_score: 10.52, acc_loss: 0.0, grad_loss: 4.040758594681945
2022-04-21 21:06:30,742 DEBUG epoch: 132, train_acc: 0.0, val_acc: 10.0, fidel_score: 10.52, acc_loss: 0.0, grad_loss: 4.0334694445887695
2022-04-21 21:06:33,563 DEBUG epoch: 133, train_acc: 0.0, val_acc: 10.0, fidel_score: 10.52, acc_loss: 0.0, grad_loss: 4.03277978112426
2022-04-21 21:06:36,380 DEBUG epoch: 134, train_acc: 0.0, val_acc: 10.0, fidel_score: 10.52, acc_loss: 0.0, grad_loss: 4.042136648033239
2022-04-21 21:06:39,179 DEBUG epoch: 135, train_acc: 0.0, val_acc: 10.0, fidel_score: 10.52, acc_loss: 0.0, grad_loss: 4.041882451576523
2022-04-21 21:06:41,984 DEBUG epoch: 136, train_acc: 0.0, val_acc: 10.0, fidel_score: 10.52, acc_loss: 0.0, grad_loss: 4.04609687720673
2022-04-21 21:06:44,795 DEBUG epoch: 137, train_acc: 0.0, val_acc: 10.0, fidel_score: 10.52, acc_loss: 0.0, grad_loss: 4.034335501586335
2022-04-21 21:06:47,628 DEBUG epoch: 138, train_acc: 0.0, val_acc: 10.0, fidel_score: 10.52, acc_loss: 0.0, grad_loss: 4.035212540928321
2022-04-21 21:06:50,452 DEBUG epoch: 139, train_acc: 0.0, val_acc: 10.0, fidel_score: 10.52, acc_loss: 0.0, grad_loss: 4.039144413380683
2022-04-21 21:06:53,269 DEBUG epoch: 140, train_acc: 0.0, val_acc: 10.0, fidel_score: 10.52, acc_loss: 0.0, grad_loss: 4.038002466853661
2022-04-21 21:06:56,075 DEBUG epoch: 141, train_acc: 0.0, val_acc: 10.0, fidel_score: 10.52, acc_loss: 0.0, grad_loss: 4.034559928918187
2022-04-21 21:06:58,891 DEBUG epoch: 142, train_acc: 0.0, val_acc: 10.0, fidel_score: 10.52, acc_loss: 0.0, grad_loss: 4.039961522138571
2022-04-21 21:07:01,715 DEBUG epoch: 143, train_acc: 0.0, val_acc: 10.0, fidel_score: 10.52, acc_loss: 0.0, grad_loss: 4.0419588692580595
2022-04-21 21:07:04,521 DEBUG epoch: 144, train_acc: 0.0, val_acc: 10.0, fidel_score: 10.52, acc_loss: 0.0, grad_loss: 4.025583366804485
2022-04-21 21:07:07,342 DEBUG epoch: 145, train_acc: 0.0, val_acc: 10.0, fidel_score: 10.52, acc_loss: 0.0, grad_loss: 4.037689758252494
2022-04-21 21:07:10,158 DEBUG epoch: 146, train_acc: 0.0, val_acc: 10.0, fidel_score: 10.52, acc_loss: 0.0, grad_loss: 4.035063601747344
2022-04-21 21:07:12,978 DEBUG epoch: 147, train_acc: 0.0, val_acc: 10.0, fidel_score: 10.52, acc_loss: 0.0, grad_loss: 4.035545032235641
2022-04-21 21:07:15,805 DEBUG epoch: 148, train_acc: 0.0, val_acc: 10.0, fidel_score: 10.52, acc_loss: 0.0, grad_loss: 4.035351146625567
2022-04-21 21:07:18,613 DEBUG epoch: 149, train_acc: 0.0, val_acc: 10.0, fidel_score: 10.52, acc_loss: 0.0, grad_loss: 4.043045116376273
2022-04-21 21:07:21,437 DEBUG epoch: 150, train_acc: 0.0, val_acc: 10.0, fidel_score: 10.52, acc_loss: 0.0, grad_loss: 4.039373699622818
2022-04-21 21:07:24,250 DEBUG epoch: 151, train_acc: 0.0, val_acc: 10.0, fidel_score: 10.52, acc_loss: 0.0, grad_loss: 4.030428466917593
2022-04-21 21:07:27,067 DEBUG epoch: 152, train_acc: 0.0, val_acc: 10.0, fidel_score: 10.52, acc_loss: 0.0, grad_loss: 4.0353773394717445
2022-04-21 21:07:29,887 DEBUG epoch: 153, train_acc: 0.0, val_acc: 10.0, fidel_score: 10.52, acc_loss: 0.0, grad_loss: 4.044457604613485
2022-04-21 21:07:32,707 DEBUG epoch: 154, train_acc: 0.0, val_acc: 10.0, fidel_score: 10.52, acc_loss: 0.0, grad_loss: 4.044601826728145
2022-04-21 21:07:35,547 DEBUG epoch: 155, train_acc: 0.0, val_acc: 10.0, fidel_score: 10.52, acc_loss: 0.0, grad_loss: 4.042320354075372
2022-04-21 21:07:38,347 DEBUG epoch: 156, train_acc: 0.0, val_acc: 10.0, fidel_score: 10.52, acc_loss: 0.0, grad_loss: 4.0416240390343
2022-04-21 21:07:41,147 DEBUG epoch: 157, train_acc: 0.0, val_acc: 10.0, fidel_score: 10.52, acc_loss: 0.0, grad_loss: 4.0426139922081665
2022-04-21 21:07:43,959 DEBUG epoch: 158, train_acc: 0.0, val_acc: 10.0, fidel_score: 10.52, acc_loss: 0.0, grad_loss: 4.057976260969911
2022-04-21 21:07:46,764 DEBUG epoch: 159, train_acc: 0.0, val_acc: 10.0, fidel_score: 10.52, acc_loss: 0.0, grad_loss: 4.043572262872623
2022-04-21 21:07:49,561 DEBUG epoch: 160, train_acc: 0.0, val_acc: 10.0, fidel_score: 10.52, acc_loss: 0.0, grad_loss: 4.039403381226938
2022-04-21 21:07:52,377 DEBUG epoch: 161, train_acc: 0.0, val_acc: 10.0, fidel_score: 10.52, acc_loss: 0.0, grad_loss: 4.040618984005119
2022-04-21 21:07:55,197 DEBUG epoch: 162, train_acc: 0.0, val_acc: 10.0, fidel_score: 10.52, acc_loss: 0.0, grad_loss: 4.034237170521217
2022-04-21 21:07:58,004 DEBUG epoch: 163, train_acc: 0.0, val_acc: 10.0, fidel_score: 10.52, acc_loss: 0.0, grad_loss: 4.043133696423301
2022-04-21 21:08:00,815 DEBUG epoch: 164, train_acc: 0.0, val_acc: 10.0, fidel_score: 10.52, acc_loss: 0.0, grad_loss: 4.040669465366798
2022-04-21 21:08:03,641 DEBUG epoch: 165, train_acc: 0.0, val_acc: 10.0, fidel_score: 10.52, acc_loss: 0.0, grad_loss: 4.034874562975727
2022-04-21 21:08:06,465 DEBUG epoch: 166, train_acc: 0.0, val_acc: 10.0, fidel_score: 10.52, acc_loss: 0.0, grad_loss: 4.04085049448134
2022-04-21 21:08:09,276 DEBUG epoch: 167, train_acc: 0.0, val_acc: 10.0, fidel_score: 10.52, acc_loss: 0.0, grad_loss: 4.040378295922581
2022-04-21 21:08:12,093 DEBUG epoch: 168, train_acc: 0.0, val_acc: 10.0, fidel_score: 10.52, acc_loss: 0.0, grad_loss: 4.042235809036448
2022-04-21 21:08:14,910 DEBUG epoch: 169, train_acc: 0.0, val_acc: 10.0, fidel_score: 10.52, acc_loss: 0.0, grad_loss: 4.045015006125728
2022-04-21 21:08:17,721 DEBUG epoch: 170, train_acc: 0.0, val_acc: 10.0, fidel_score: 10.52, acc_loss: 0.0, grad_loss: 4.042110717749294
2022-04-21 21:08:20,519 DEBUG epoch: 171, train_acc: 0.0, val_acc: 10.0, fidel_score: 10.52, acc_loss: 0.0, grad_loss: 4.03321254706081
2022-04-21 21:08:23,325 DEBUG epoch: 172, train_acc: 0.0, val_acc: 10.0, fidel_score: 10.52, acc_loss: 0.0, grad_loss: 4.0305494688734225
2022-04-21 21:08:26,140 DEBUG epoch: 173, train_acc: 0.0, val_acc: 10.0, fidel_score: 10.52, acc_loss: 0.0, grad_loss: 4.037103858175157
2022-04-21 21:08:28,962 DEBUG epoch: 174, train_acc: 0.0, val_acc: 10.0, fidel_score: 10.52, acc_loss: 0.0, grad_loss: 4.042380079438415
2022-04-21 21:08:31,766 DEBUG epoch: 175, train_acc: 0.0, val_acc: 10.0, fidel_score: 10.52, acc_loss: 0.0, grad_loss: 4.038935640190221
2022-04-21 21:08:34,594 DEBUG epoch: 176, train_acc: 0.0, val_acc: 10.0, fidel_score: 10.52, acc_loss: 0.0, grad_loss: 4.0310852286181875
2022-04-21 21:08:37,410 DEBUG epoch: 177, train_acc: 0.0, val_acc: 10.0, fidel_score: 10.52, acc_loss: 0.0, grad_loss: 4.030845038498504
2022-04-21 21:08:40,216 DEBUG epoch: 178, train_acc: 0.0, val_acc: 10.0, fidel_score: 10.52, acc_loss: 0.0, grad_loss: 4.0359580003762545
2022-04-21 21:08:43,037 DEBUG epoch: 179, train_acc: 0.0, val_acc: 10.0, fidel_score: 10.52, acc_loss: 0.0, grad_loss: 4.041857218440575
2022-04-21 21:08:45,864 DEBUG epoch: 180, train_acc: 0.0, val_acc: 10.0, fidel_score: 10.52, acc_loss: 0.0, grad_loss: 4.050314574301997
2022-04-21 21:08:48,672 DEBUG epoch: 181, train_acc: 0.0, val_acc: 10.0, fidel_score: 10.52, acc_loss: 0.0, grad_loss: 4.0347518226768395
2022-04-21 21:08:51,482 DEBUG epoch: 182, train_acc: 0.0, val_acc: 10.0, fidel_score: 10.52, acc_loss: 0.0, grad_loss: 4.037312474431871
2022-04-21 21:08:54,289 DEBUG epoch: 183, train_acc: 0.0, val_acc: 10.0, fidel_score: 10.52, acc_loss: 0.0, grad_loss: 4.043861763386786
2022-04-21 21:08:57,098 DEBUG epoch: 184, train_acc: 0.0, val_acc: 10.0, fidel_score: 10.52, acc_loss: 0.0, grad_loss: 4.040149851690365
2022-04-21 21:08:59,898 DEBUG epoch: 185, train_acc: 0.0, val_acc: 10.0, fidel_score: 10.52, acc_loss: 0.0, grad_loss: 4.046735908411726
2022-04-21 21:09:02,706 DEBUG epoch: 186, train_acc: 0.0, val_acc: 10.0, fidel_score: 10.52, acc_loss: 0.0, grad_loss: 4.046476321884349
2022-04-21 21:09:05,505 DEBUG epoch: 187, train_acc: 0.0, val_acc: 10.0, fidel_score: 10.52, acc_loss: 0.0, grad_loss: 4.043664648563047
2022-04-21 21:09:08,333 DEBUG epoch: 188, train_acc: 0.0, val_acc: 10.0, fidel_score: 10.52, acc_loss: 0.0, grad_loss: 4.040453421918651
2022-04-21 21:09:11,156 DEBUG epoch: 189, train_acc: 0.0, val_acc: 10.0, fidel_score: 10.52, acc_loss: 0.0, grad_loss: 4.036734816394275
2022-04-21 21:09:13,974 DEBUG epoch: 190, train_acc: 0.0, val_acc: 10.0, fidel_score: 10.52, acc_loss: 0.0, grad_loss: 4.050811163986785
2022-04-21 21:09:16,784 DEBUG epoch: 191, train_acc: 0.0, val_acc: 10.0, fidel_score: 10.52, acc_loss: 0.0, grad_loss: 4.047176856028883
2022-04-21 21:09:19,592 DEBUG epoch: 192, train_acc: 0.0, val_acc: 10.0, fidel_score: 10.52, acc_loss: 0.0, grad_loss: 4.0376147499567345
2022-04-21 21:09:22,386 DEBUG epoch: 193, train_acc: 0.0, val_acc: 10.0, fidel_score: 10.52, acc_loss: 0.0, grad_loss: 4.032652716093425
2022-04-21 21:09:25,206 DEBUG epoch: 194, train_acc: 0.0, val_acc: 10.0, fidel_score: 10.52, acc_loss: 0.0, grad_loss: 4.033771638628803
2022-04-21 21:09:28,020 DEBUG epoch: 195, train_acc: 0.0, val_acc: 10.0, fidel_score: 10.52, acc_loss: 0.0, grad_loss: 4.035580849345727
2022-04-21 21:09:30,834 DEBUG epoch: 196, train_acc: 0.0, val_acc: 10.0, fidel_score: 10.52, acc_loss: 0.0, grad_loss: 4.044259282607067
2022-04-21 21:09:33,656 DEBUG epoch: 197, train_acc: 0.0, val_acc: 10.0, fidel_score: 10.52, acc_loss: 0.0, grad_loss: 4.035210727136346
2022-04-21 21:09:36,459 DEBUG epoch: 198, train_acc: 0.0, val_acc: 10.0, fidel_score: 10.52, acc_loss: 0.0, grad_loss: 4.033717415000819
2022-04-21 21:09:39,267 DEBUG epoch: 199, train_acc: 0.0, val_acc: 10.0, fidel_score: 10.52, acc_loss: 0.0, grad_loss: 4.034496995467174
2022-04-21 21:09:42,082 DEBUG epoch: 200, train_acc: 0.0, val_acc: 10.0, fidel_score: 10.52, acc_loss: 0.0, grad_loss: 4.033414306519907
2022-04-21 21:09:44,896 DEBUG epoch: 201, train_acc: 0.0, val_acc: 10.0, fidel_score: 10.52, acc_loss: 0.0, grad_loss: 4.0425881977322735
2022-04-21 21:09:47,694 DEBUG epoch: 202, train_acc: 0.0, val_acc: 10.0, fidel_score: 10.52, acc_loss: 0.0, grad_loss: 4.037576548660858
2022-04-21 21:09:50,515 DEBUG epoch: 203, train_acc: 0.0, val_acc: 10.0, fidel_score: 10.52, acc_loss: 0.0, grad_loss: 4.0357366362704505
2022-04-21 21:09:53,336 DEBUG epoch: 204, train_acc: 0.0, val_acc: 10.0, fidel_score: 10.52, acc_loss: 0.0, grad_loss: 4.039447238173666
2022-04-21 21:09:56,139 DEBUG epoch: 205, train_acc: 0.0, val_acc: 10.0, fidel_score: 10.52, acc_loss: 0.0, grad_loss: 4.036821510218367
2022-04-21 21:09:58,952 DEBUG epoch: 206, train_acc: 0.0, val_acc: 10.0, fidel_score: 10.52, acc_loss: 0.0, grad_loss: 4.0480976195275025
2022-04-21 21:10:01,779 DEBUG epoch: 207, train_acc: 0.0, val_acc: 10.0, fidel_score: 10.52, acc_loss: 0.0, grad_loss: 4.038584648808347
2022-04-21 21:10:04,596 DEBUG epoch: 208, train_acc: 0.0, val_acc: 10.0, fidel_score: 10.52, acc_loss: 0.0, grad_loss: 4.041231918938553
2022-04-21 21:10:07,398 DEBUG epoch: 209, train_acc: 0.0, val_acc: 10.0, fidel_score: 10.52, acc_loss: 0.0, grad_loss: 4.049606935887397
2022-04-21 21:10:10,204 DEBUG epoch: 210, train_acc: 0.0, val_acc: 10.0, fidel_score: 10.52, acc_loss: 0.0, grad_loss: 4.040884920313388
2022-04-21 21:10:13,012 DEBUG epoch: 211, train_acc: 0.0, val_acc: 10.0, fidel_score: 10.52, acc_loss: 0.0, grad_loss: 4.02661851086194
2022-04-21 21:10:15,836 DEBUG epoch: 212, train_acc: 0.0, val_acc: 10.0, fidel_score: 10.52, acc_loss: 0.0, grad_loss: 4.035971294475507
2022-04-21 21:10:18,622 DEBUG epoch: 213, train_acc: 0.0, val_acc: 10.0, fidel_score: 10.52, acc_loss: 0.0, grad_loss: 4.040409432181829
2022-04-21 21:10:21,445 DEBUG epoch: 214, train_acc: 0.0, val_acc: 10.0, fidel_score: 10.52, acc_loss: 0.0, grad_loss: 4.0353403151789795
2022-04-21 21:10:24,267 DEBUG epoch: 215, train_acc: 0.0, val_acc: 10.0, fidel_score: 10.52, acc_loss: 0.0, grad_loss: 4.029866046543363
2022-04-21 21:10:27,100 DEBUG epoch: 216, train_acc: 0.0, val_acc: 10.0, fidel_score: 10.52, acc_loss: 0.0, grad_loss: 4.03716913054261
2022-04-21 21:10:29,935 DEBUG epoch: 217, train_acc: 0.0, val_acc: 10.0, fidel_score: 10.52, acc_loss: 0.0, grad_loss: 4.042786435235905
2022-04-21 21:10:32,730 DEBUG epoch: 218, train_acc: 0.0, val_acc: 10.0, fidel_score: 10.52, acc_loss: 0.0, grad_loss: 4.039567150647128
2022-04-21 21:10:35,543 DEBUG epoch: 219, train_acc: 0.0, val_acc: 10.0, fidel_score: 10.52, acc_loss: 0.0, grad_loss: 4.037810343730299
2022-04-21 21:10:38,358 DEBUG epoch: 220, train_acc: 0.0, val_acc: 10.0, fidel_score: 10.52, acc_loss: 0.0, grad_loss: 4.044795558422426
2022-04-21 21:10:41,149 DEBUG epoch: 221, train_acc: 0.0, val_acc: 10.0, fidel_score: 10.52, acc_loss: 0.0, grad_loss: 4.031993386111682
2022-04-21 21:10:43,958 DEBUG epoch: 222, train_acc: 0.0, val_acc: 10.0, fidel_score: 10.52, acc_loss: 0.0, grad_loss: 4.036641320095787
2022-04-21 21:10:46,772 DEBUG epoch: 223, train_acc: 0.0, val_acc: 10.0, fidel_score: 10.52, acc_loss: 0.0, grad_loss: 4.04028553298757
2022-04-21 21:10:49,569 DEBUG epoch: 224, train_acc: 0.0, val_acc: 10.0, fidel_score: 10.52, acc_loss: 0.0, grad_loss: 4.0291809914987295
2022-04-21 21:10:52,390 DEBUG epoch: 225, train_acc: 0.0, val_acc: 10.0, fidel_score: 10.52, acc_loss: 0.0, grad_loss: 4.039224081401583
2022-04-21 21:10:55,208 DEBUG epoch: 226, train_acc: 0.0, val_acc: 10.0, fidel_score: 10.52, acc_loss: 0.0, grad_loss: 4.036170817628691
2022-04-21 21:10:58,036 DEBUG epoch: 227, train_acc: 0.0, val_acc: 10.0, fidel_score: 10.52, acc_loss: 0.0, grad_loss: 4.0379070933861065
2022-04-21 21:11:00,857 DEBUG epoch: 228, train_acc: 0.0, val_acc: 10.0, fidel_score: 10.52, acc_loss: 0.0, grad_loss: 4.039780499059943
2022-04-21 21:11:03,672 DEBUG epoch: 229, train_acc: 0.0, val_acc: 10.0, fidel_score: 10.52, acc_loss: 0.0, grad_loss: 4.043557577495333
2022-04-21 21:11:06,495 DEBUG epoch: 230, train_acc: 0.0, val_acc: 10.0, fidel_score: 10.52, acc_loss: 0.0, grad_loss: 4.037578537494322
2022-04-21 21:11:09,321 DEBUG epoch: 231, train_acc: 0.0, val_acc: 10.0, fidel_score: 10.52, acc_loss: 0.0, grad_loss: 4.037124169023731
2022-04-21 21:11:12,126 DEBUG epoch: 232, train_acc: 0.0, val_acc: 10.0, fidel_score: 10.52, acc_loss: 0.0, grad_loss: 4.048699451398246
2022-04-21 21:11:14,925 DEBUG epoch: 233, train_acc: 0.0, val_acc: 10.0, fidel_score: 10.52, acc_loss: 0.0, grad_loss: 4.046024630341349
2022-04-21 21:11:17,730 DEBUG epoch: 234, train_acc: 0.0, val_acc: 10.0, fidel_score: 10.52, acc_loss: 0.0, grad_loss: 4.040900293784805
2022-04-21 21:11:20,551 DEBUG epoch: 235, train_acc: 0.0, val_acc: 10.0, fidel_score: 10.52, acc_loss: 0.0, grad_loss: 4.038978208469439
2022-04-21 21:11:23,356 DEBUG epoch: 236, train_acc: 0.0, val_acc: 10.0, fidel_score: 10.52, acc_loss: 0.0, grad_loss: 4.034008741378784
2022-04-21 21:11:26,189 DEBUG epoch: 237, train_acc: 0.0, val_acc: 10.0, fidel_score: 10.52, acc_loss: 0.0, grad_loss: 4.039427941358542
2022-04-21 21:11:29,003 DEBUG epoch: 238, train_acc: 0.0, val_acc: 10.0, fidel_score: 10.52, acc_loss: 0.0, grad_loss: 4.041782339916954
2022-04-21 21:11:31,813 DEBUG epoch: 239, train_acc: 0.0, val_acc: 10.0, fidel_score: 10.52, acc_loss: 0.0, grad_loss: 4.0394529058963435
2022-04-21 21:11:34,626 DEBUG epoch: 240, train_acc: 0.0, val_acc: 10.0, fidel_score: 10.52, acc_loss: 0.0, grad_loss: 4.030830670006668
2022-04-21 21:11:37,446 DEBUG epoch: 241, train_acc: 0.0, val_acc: 10.0, fidel_score: 10.52, acc_loss: 0.0, grad_loss: 4.039252435104756
2022-04-21 21:11:40,247 DEBUG epoch: 242, train_acc: 0.0, val_acc: 10.0, fidel_score: 10.52, acc_loss: 0.0, grad_loss: 4.036984597580342
2022-04-21 21:11:43,059 DEBUG epoch: 243, train_acc: 0.0, val_acc: 10.0, fidel_score: 10.52, acc_loss: 0.0, grad_loss: 4.039338875420486
2022-04-21 21:11:45,872 DEBUG epoch: 244, train_acc: 0.0, val_acc: 10.0, fidel_score: 10.52, acc_loss: 0.0, grad_loss: 4.029224851463415
2022-04-21 21:11:48,656 DEBUG epoch: 245, train_acc: 0.0, val_acc: 10.0, fidel_score: 10.52, acc_loss: 0.0, grad_loss: 4.036585997931565
2022-04-21 21:11:51,469 DEBUG epoch: 246, train_acc: 0.0, val_acc: 10.0, fidel_score: 10.52, acc_loss: 0.0, grad_loss: 4.042288291303417
2022-04-21 21:11:54,292 DEBUG epoch: 247, train_acc: 0.0, val_acc: 10.0, fidel_score: 10.52, acc_loss: 0.0, grad_loss: 4.032395685775371
2022-04-21 21:11:57,116 DEBUG epoch: 248, train_acc: 0.0, val_acc: 10.0, fidel_score: 10.52, acc_loss: 0.0, grad_loss: 4.0520799793774565
2022-04-21 21:11:59,935 DEBUG epoch: 249, train_acc: 0.0, val_acc: 10.0, fidel_score: 10.52, acc_loss: 0.0, grad_loss: 4.038160088696057
2022-04-21 21:12:02,729 DEBUG epoch: 250, train_acc: 0.0, val_acc: 10.0, fidel_score: 10.52, acc_loss: 0.0, grad_loss: 4.030913060224509
2022-04-21 21:12:05,531 DEBUG epoch: 251, train_acc: 0.0, val_acc: 10.0, fidel_score: 10.52, acc_loss: 0.0, grad_loss: 4.035384413562244
2022-04-21 21:12:08,334 DEBUG epoch: 252, train_acc: 0.0, val_acc: 10.0, fidel_score: 10.52, acc_loss: 0.0, grad_loss: 4.035728361033186
2022-04-21 21:12:11,143 DEBUG epoch: 253, train_acc: 0.0, val_acc: 10.0, fidel_score: 10.52, acc_loss: 0.0, grad_loss: 4.03692238542098
2022-04-21 21:12:13,972 DEBUG epoch: 254, train_acc: 0.0, val_acc: 10.0, fidel_score: 10.52, acc_loss: 0.0, grad_loss: 4.03946461556833
2022-04-21 21:12:16,780 DEBUG epoch: 255, train_acc: 0.0, val_acc: 10.0, fidel_score: 10.52, acc_loss: 0.0, grad_loss: 4.030591237394115
2022-04-21 21:12:19,585 DEBUG epoch: 256, train_acc: 0.0, val_acc: 10.0, fidel_score: 10.52, acc_loss: 0.0, grad_loss: 4.047978153711633
2022-04-21 21:12:22,391 DEBUG epoch: 257, train_acc: 0.0, val_acc: 10.0, fidel_score: 10.52, acc_loss: 0.0, grad_loss: 4.039568599266342
2022-04-21 21:12:25,211 DEBUG epoch: 258, train_acc: 0.0, val_acc: 10.0, fidel_score: 10.52, acc_loss: 0.0, grad_loss: 4.03671471680267
2022-04-21 21:12:28,026 DEBUG epoch: 259, train_acc: 0.0, val_acc: 10.0, fidel_score: 10.52, acc_loss: 0.0, grad_loss: 4.035209655761719
2022-04-21 21:12:30,841 DEBUG epoch: 260, train_acc: 0.0, val_acc: 10.0, fidel_score: 10.52, acc_loss: 0.0, grad_loss: 4.047547310213499
2022-04-21 21:12:33,676 DEBUG epoch: 261, train_acc: 0.0, val_acc: 10.0, fidel_score: 10.52, acc_loss: 0.0, grad_loss: 4.038268080240564
2022-04-21 21:12:36,509 DEBUG epoch: 262, train_acc: 0.0, val_acc: 10.0, fidel_score: 10.52, acc_loss: 0.0, grad_loss: 4.038267446469657
2022-04-21 21:12:39,318 DEBUG epoch: 263, train_acc: 0.0, val_acc: 10.0, fidel_score: 10.52, acc_loss: 0.0, grad_loss: 4.042623212065878
2022-04-21 21:12:42,133 DEBUG epoch: 264, train_acc: 0.0, val_acc: 10.0, fidel_score: 10.52, acc_loss: 0.0, grad_loss: 4.033644655082799
2022-04-21 21:12:44,931 DEBUG epoch: 265, train_acc: 0.0, val_acc: 10.0, fidel_score: 10.52, acc_loss: 0.0, grad_loss: 4.034721072716049
2022-04-21 21:12:47,730 DEBUG epoch: 266, train_acc: 0.0, val_acc: 10.0, fidel_score: 10.52, acc_loss: 0.0, grad_loss: 4.041099717345419
2022-04-21 21:12:50,526 DEBUG epoch: 267, train_acc: 0.0, val_acc: 10.0, fidel_score: 10.52, acc_loss: 0.0, grad_loss: 4.04308652576012
2022-04-21 21:12:53,351 DEBUG epoch: 268, train_acc: 0.0, val_acc: 10.0, fidel_score: 10.52, acc_loss: 0.0, grad_loss: 4.028815538068361
2022-04-21 21:12:56,176 DEBUG epoch: 269, train_acc: 0.0, val_acc: 10.0, fidel_score: 10.52, acc_loss: 0.0, grad_loss: 4.038200749626642
2022-04-21 21:12:59,011 DEBUG epoch: 270, train_acc: 0.0, val_acc: 10.0, fidel_score: 10.52, acc_loss: 0.0, grad_loss: 4.038019865374022
2022-04-21 21:13:01,837 DEBUG epoch: 271, train_acc: 0.0, val_acc: 10.0, fidel_score: 10.52, acc_loss: 0.0, grad_loss: 4.030255486693563
2022-04-21 21:13:04,640 DEBUG epoch: 272, train_acc: 0.0, val_acc: 10.0, fidel_score: 10.52, acc_loss: 0.0, grad_loss: 4.042135715484619
2022-04-21 21:13:07,455 DEBUG epoch: 273, train_acc: 0.0, val_acc: 10.0, fidel_score: 10.52, acc_loss: 0.0, grad_loss: 4.035071762302254
2022-04-21 21:13:10,258 DEBUG epoch: 274, train_acc: 0.0, val_acc: 10.0, fidel_score: 10.52, acc_loss: 0.0, grad_loss: 4.036336017560355
2022-04-21 21:13:13,073 DEBUG epoch: 275, train_acc: 0.0, val_acc: 10.0, fidel_score: 10.52, acc_loss: 0.0, grad_loss: 4.041573762893677
2022-04-21 21:13:15,880 DEBUG epoch: 276, train_acc: 0.0, val_acc: 10.0, fidel_score: 10.52, acc_loss: 0.0, grad_loss: 4.036561540410489
2022-04-21 21:13:18,690 DEBUG epoch: 277, train_acc: 0.0, val_acc: 10.0, fidel_score: 10.52, acc_loss: 0.0, grad_loss: 4.047404678562019
2022-04-21 21:13:21,508 DEBUG epoch: 278, train_acc: 0.0, val_acc: 10.0, fidel_score: 10.52, acc_loss: 0.0, grad_loss: 4.051391984843001
2022-04-21 21:13:24,327 DEBUG epoch: 279, train_acc: 0.0, val_acc: 10.0, fidel_score: 10.52, acc_loss: 0.0, grad_loss: 4.040116856369791
2022-04-21 21:13:27,135 DEBUG epoch: 280, train_acc: 0.0, val_acc: 10.0, fidel_score: 10.52, acc_loss: 0.0, grad_loss: 4.040196267864372
2022-04-21 21:13:29,961 DEBUG epoch: 281, train_acc: 0.0, val_acc: 10.0, fidel_score: 10.52, acc_loss: 0.0, grad_loss: 4.0384526494183115
2022-04-21 21:13:32,771 DEBUG epoch: 282, train_acc: 0.0, val_acc: 10.0, fidel_score: 10.52, acc_loss: 0.0, grad_loss: 4.037101338181315
2022-04-21 21:13:35,584 DEBUG epoch: 283, train_acc: 0.0, val_acc: 10.0, fidel_score: 10.52, acc_loss: 0.0, grad_loss: 4.028776917276503
2022-04-21 21:13:38,396 DEBUG epoch: 284, train_acc: 0.0, val_acc: 10.0, fidel_score: 10.52, acc_loss: 0.0, grad_loss: 4.038407358942153
2022-04-21 21:13:41,213 DEBUG epoch: 285, train_acc: 0.0, val_acc: 10.0, fidel_score: 10.52, acc_loss: 0.0, grad_loss: 4.049270325069186
2022-04-21 21:13:44,006 DEBUG epoch: 286, train_acc: 0.0, val_acc: 10.0, fidel_score: 10.52, acc_loss: 0.0, grad_loss: 4.05414206770402
2022-04-21 21:13:46,831 DEBUG epoch: 287, train_acc: 0.0, val_acc: 10.0, fidel_score: 10.52, acc_loss: 0.0, grad_loss: 4.032837906970253
2022-04-21 21:13:49,663 DEBUG epoch: 288, train_acc: 0.0, val_acc: 10.0, fidel_score: 10.52, acc_loss: 0.0, grad_loss: 4.038005690031413
2022-04-21 21:13:52,486 DEBUG epoch: 289, train_acc: 0.0, val_acc: 10.0, fidel_score: 10.52, acc_loss: 0.0, grad_loss: 4.04102775115001
2022-04-21 21:13:55,312 DEBUG epoch: 290, train_acc: 0.0, val_acc: 10.0, fidel_score: 10.52, acc_loss: 0.0, grad_loss: 4.02898383140564
2022-04-21 21:13:58,129 DEBUG epoch: 291, train_acc: 0.0, val_acc: 10.0, fidel_score: 10.52, acc_loss: 0.0, grad_loss: 4.042525203922127
2022-04-21 21:14:00,947 DEBUG epoch: 292, train_acc: 0.0, val_acc: 10.0, fidel_score: 10.52, acc_loss: 0.0, grad_loss: 4.031896862802626
2022-04-21 21:14:03,752 DEBUG epoch: 293, train_acc: 0.0, val_acc: 10.0, fidel_score: 10.52, acc_loss: 0.0, grad_loss: 4.034596738936026
2022-04-21 21:14:06,578 DEBUG epoch: 294, train_acc: 0.0, val_acc: 10.0, fidel_score: 10.52, acc_loss: 0.0, grad_loss: 4.037642264667945
2022-04-21 21:14:09,394 DEBUG epoch: 295, train_acc: 0.0, val_acc: 10.0, fidel_score: 10.52, acc_loss: 0.0, grad_loss: 4.049126256870318
2022-04-21 21:14:12,199 DEBUG epoch: 296, train_acc: 0.0, val_acc: 10.0, fidel_score: 10.52, acc_loss: 0.0, grad_loss: 4.041198842133148
2022-04-21 21:14:14,999 DEBUG epoch: 297, train_acc: 0.0, val_acc: 10.0, fidel_score: 10.52, acc_loss: 0.0, grad_loss: 4.044139041176325
2022-04-21 21:14:17,835 DEBUG epoch: 298, train_acc: 0.0, val_acc: 10.0, fidel_score: 10.52, acc_loss: 0.0, grad_loss: 4.041033943997154
2022-04-21 21:14:20,658 DEBUG epoch: 299, train_acc: 0.0, val_acc: 10.0, fidel_score: 10.52, acc_loss: 0.0, grad_loss: 4.037158102928838
2022-04-21 21:14:23,467 DEBUG epoch: 300, train_acc: 0.0, val_acc: 10.0, fidel_score: 10.52, acc_loss: 0.0, grad_loss: 4.036834789227836
2022-04-21 21:14:23,467 DEBUG load best stealed model.
2022-04-21 21:14:23,467 DEBUG Best perform model, val_acc: 15.22, fidel_score: 15.79, acc_loss: 0.0, grad_loss: 4.0335971946957745
2022-04-21 21:14:23,468 DEBUG load cloest stealed model.
2022-04-21 21:14:23,468 DEBUG Cloest perform model, val_acc: 15.22, fidel_score: 15.79, acc_loss: 0.0, grad_loss: 4.0335971946957745
