2022-04-26 22:54:30,401 DEBUG Namespace(arch='vgg11_bn', attack_client=0, attack_epochs=300, attack_style='Generator_option_pred', average_time=1, batch_size=128, bottleneck_option='None', cutlayer=4, data_proportion=0.0, dataset='cifar10', filename='ace_V2_epoch_vgg11_bn_cutlayer_4_client_1_seed125_dataset_cifar10_lr_0.05_200epoch', folder='saves/baseline', learning_rate=0.02, noniid_ratio=1.0, num_client=1, num_epochs='best', num_query=500000, random_seed=123, regularization='None', regularization_strength=0.0, scheme='V2_epoch', surrogate_arch='same', test_best=True, train_clas_layer=5.0)
2022-04-26 22:54:33,951 DEBUG Test (client-0):	Loss 0.6165 (0.3623)	Prec@1 81.250 (91.890)
2022-04-26 22:54:33,951 DEBUG  * Prec@1 91.890
2022-04-26 22:54:34,082 DEBUG 14
2022-04-26 22:54:34,082 DEBUG surrogate parameter has 14 trainable parameters!
2022-04-26 22:57:04,071 DEBUG Namespace(arch='vgg11_bn', attack_client=0, attack_epochs=300, attack_style='Generator_option_pred', average_time=1, batch_size=128, bottleneck_option='None', cutlayer=4, data_proportion=0.0, dataset='cifar10', filename='ace_V2_epoch_vgg11_bn_cutlayer_4_client_1_seed125_dataset_cifar10_lr_0.05_200epoch', folder='saves/baseline', learning_rate=0.02, noniid_ratio=1.0, num_client=1, num_epochs='best', num_query=500000, random_seed=123, regularization='None', regularization_strength=0.0, scheme='V2_epoch', surrogate_arch='same', test_best=True, train_clas_layer=5.0)
2022-04-26 22:57:07,482 DEBUG Test (client-0):	Loss 0.6165 (0.3623)	Prec@1 81.250 (91.890)
2022-04-26 22:57:07,482 DEBUG  * Prec@1 91.890
2022-04-26 22:57:07,615 DEBUG 14
2022-04-26 22:57:07,615 DEBUG surrogate parameter has 14 trainable parameters!
2022-04-26 22:57:09,316 DEBUG Step: 10, val_acc: 36.16, val_fidelity: 36.47
2022-04-26 22:57:09,411 DEBUG Train step: 10	 CE_Loss: 2.4990718365 diversity_Loss: 42.6139755249 bc_losses (G):  0.0000000000  bc_losses (D)):  0.0000000000
2022-04-26 22:57:11,095 DEBUG Step: 20, val_acc: 57.21, val_fidelity: 58.45
2022-04-26 22:57:11,188 DEBUG Train step: 20	 CE_Loss: 2.5962865353 diversity_Loss: 45.1072158813 bc_losses (G):  0.0000000000  bc_losses (D)):  0.0000000000
2022-04-26 22:57:12,842 DEBUG Step: 30, val_acc: 61.73, val_fidelity: 63.36
2022-04-26 22:57:12,934 DEBUG Train step: 30	 CE_Loss: 1.1422896385 diversity_Loss: 46.1612358093 bc_losses (G):  0.0000000000  bc_losses (D)):  0.0000000000
2022-04-26 22:57:14,635 DEBUG Step: 40, val_acc: 64.46, val_fidelity: 66.93
2022-04-26 22:57:14,727 DEBUG Train step: 40	 CE_Loss: 0.9381619096 diversity_Loss: 47.1402359009 bc_losses (G):  0.0000000000  bc_losses (D)):  0.0000000000
2022-04-26 22:57:16,375 DEBUG Step: 50, val_acc: 74.94, val_fidelity: 77.9
2022-04-26 22:57:16,466 DEBUG Train step: 50	 CE_Loss: 0.6979643106 diversity_Loss: 46.7146606445 bc_losses (G):  0.0000000000  bc_losses (D)):  0.0000000000
2022-04-26 22:57:18,143 DEBUG Step: 60, val_acc: 83.64, val_fidelity: 86.51
2022-04-26 22:57:18,235 DEBUG Train step: 60	 CE_Loss: 0.5094352365 diversity_Loss: 47.2189407349 bc_losses (G):  0.0000000000  bc_losses (D)):  0.0000000000
2022-04-26 22:57:19,923 DEBUG Step: 70, val_acc: 86.6, val_fidelity: 90.32
2022-04-26 22:57:20,017 DEBUG Train step: 70	 CE_Loss: 0.4328608215 diversity_Loss: 47.3853683472 bc_losses (G):  0.0000000000  bc_losses (D)):  0.0000000000
2022-04-26 22:57:21,717 DEBUG Step: 80, val_acc: 87.99, val_fidelity: 91.49
2022-04-26 22:57:21,810 DEBUG Train step: 80	 CE_Loss: 0.2793542743 diversity_Loss: 47.0736007690 bc_losses (G):  0.0000000000  bc_losses (D)):  0.0000000000
2022-04-26 22:57:23,487 DEBUG Step: 90, val_acc: 87.49, val_fidelity: 91.41
2022-04-26 22:57:23,579 DEBUG Train step: 90	 CE_Loss: 0.2321713418 diversity_Loss: 49.5945434570 bc_losses (G):  0.0000000000  bc_losses (D)):  0.0000000000
2022-04-26 22:57:25,256 DEBUG Step: 100, val_acc: 88.7, val_fidelity: 92.48
2022-04-26 22:57:25,349 DEBUG Train step: 100	 CE_Loss: 0.2799082696 diversity_Loss: 46.9358329773 bc_losses (G):  0.0000000000  bc_losses (D)):  0.0000000000
2022-04-26 22:57:26,998 DEBUG Step: 110, val_acc: 88.29, val_fidelity: 92.08
2022-04-26 22:57:27,091 DEBUG Train step: 110	 CE_Loss: 0.0962499306 diversity_Loss: 48.2314109802 bc_losses (G):  0.0000000000  bc_losses (D)):  0.0000000000
2022-04-26 22:57:28,733 DEBUG Step: 120, val_acc: 89.19, val_fidelity: 93.13
2022-04-26 22:57:28,825 DEBUG Train step: 120	 CE_Loss: 0.2921380997 diversity_Loss: 49.3777198792 bc_losses (G):  0.0000000000  bc_losses (D)):  0.0000000000
2022-04-26 22:57:30,485 DEBUG Step: 130, val_acc: 89.05, val_fidelity: 92.88
2022-04-26 22:57:30,578 DEBUG Train step: 130	 CE_Loss: 0.3522531092 diversity_Loss: 49.9496345520 bc_losses (G):  0.0000000000  bc_losses (D)):  0.0000000000
2022-04-26 22:57:32,219 DEBUG Step: 140, val_acc: 89.54, val_fidelity: 93.52
2022-04-26 22:57:32,311 DEBUG Train step: 140	 CE_Loss: 0.2044730633 diversity_Loss: 49.6057548523 bc_losses (G):  0.0000000000  bc_losses (D)):  0.0000000000
2022-04-26 22:57:33,946 DEBUG Step: 150, val_acc: 89.16, val_fidelity: 92.99
2022-04-26 22:57:34,040 DEBUG Train step: 150	 CE_Loss: 0.2357501090 diversity_Loss: 48.4101066589 bc_losses (G):  0.0000000000  bc_losses (D)):  0.0000000000
2022-04-26 22:57:35,698 DEBUG Step: 160, val_acc: 89.51, val_fidelity: 93.38
2022-04-26 22:57:35,791 DEBUG Train step: 160	 CE_Loss: 0.3238778710 diversity_Loss: 49.6569442749 bc_losses (G):  0.0000000000  bc_losses (D)):  0.0000000000
2022-04-26 22:57:37,426 DEBUG Step: 170, val_acc: 89.34, val_fidelity: 93.41
2022-04-26 22:57:37,518 DEBUG Train step: 170	 CE_Loss: 0.2561234832 diversity_Loss: 49.8201560974 bc_losses (G):  0.0000000000  bc_losses (D)):  0.0000000000
2022-04-26 22:57:39,157 DEBUG Step: 180, val_acc: 89.5, val_fidelity: 93.46
2022-04-26 22:57:39,250 DEBUG Train step: 180	 CE_Loss: 0.2739551663 diversity_Loss: 49.9789276123 bc_losses (G):  0.0000000000  bc_losses (D)):  0.0000000000
2022-04-26 22:57:40,896 DEBUG Step: 190, val_acc: 89.33, val_fidelity: 93.49
2022-04-26 22:57:40,989 DEBUG Train step: 190	 CE_Loss: 0.1711883992 diversity_Loss: 49.7838439941 bc_losses (G):  0.0000000000  bc_losses (D)):  0.0000000000
2022-04-26 22:57:42,641 DEBUG Step: 200, val_acc: 89.53, val_fidelity: 93.98
2022-04-26 22:57:42,733 DEBUG Train step: 200	 CE_Loss: 0.3937488198 diversity_Loss: 50.2129745483 bc_losses (G):  0.0000000000  bc_losses (D)):  0.0000000000
2022-04-26 22:57:44,391 DEBUG Step: 210, val_acc: 89.45, val_fidelity: 93.6
2022-04-26 22:57:44,484 DEBUG Train step: 210	 CE_Loss: 0.2625793219 diversity_Loss: 49.1888122559 bc_losses (G):  0.0000000000  bc_losses (D)):  0.0000000000
2022-04-26 22:57:46,129 DEBUG Step: 220, val_acc: 90.26, val_fidelity: 94.48
2022-04-26 22:57:46,222 DEBUG Train step: 220	 CE_Loss: 0.1400633007 diversity_Loss: 49.3062629700 bc_losses (G):  0.0000000000  bc_losses (D)):  0.0000000000
2022-04-26 22:57:47,885 DEBUG Step: 230, val_acc: 89.86, val_fidelity: 94.09
2022-04-26 22:57:47,978 DEBUG Train step: 230	 CE_Loss: 0.2850018442 diversity_Loss: 50.2769889832 bc_losses (G):  0.0000000000  bc_losses (D)):  0.0000000000
2022-04-26 22:57:49,624 DEBUG Step: 240, val_acc: 89.75, val_fidelity: 94.26
2022-04-26 22:57:49,716 DEBUG Train step: 240	 CE_Loss: 0.1514191926 diversity_Loss: 51.1293411255 bc_losses (G):  0.0000000000  bc_losses (D)):  0.0000000000
2022-04-26 22:57:51,353 DEBUG Step: 250, val_acc: 89.82, val_fidelity: 94.43
2022-04-26 22:57:51,447 DEBUG Train step: 250	 CE_Loss: 0.2800199389 diversity_Loss: 51.2083663940 bc_losses (G):  0.0000000000  bc_losses (D)):  0.0000000000
2022-04-26 22:57:53,094 DEBUG Step: 260, val_acc: 89.49, val_fidelity: 93.66
2022-04-26 22:57:53,186 DEBUG Train step: 260	 CE_Loss: 0.2374866456 diversity_Loss: 49.3255386353 bc_losses (G):  0.0000000000  bc_losses (D)):  0.0000000000
2022-04-26 22:57:54,832 DEBUG Step: 270, val_acc: 89.92, val_fidelity: 94.35
2022-04-26 22:57:54,924 DEBUG Train step: 270	 CE_Loss: 0.2161206007 diversity_Loss: 50.8265724182 bc_losses (G):  0.0000000000  bc_losses (D)):  0.0000000000
2022-04-26 22:57:56,575 DEBUG Step: 280, val_acc: 90.36, val_fidelity: 94.97
2022-04-26 22:57:56,667 DEBUG Train step: 280	 CE_Loss: 0.1288227588 diversity_Loss: 51.1662139893 bc_losses (G):  0.0000000000  bc_losses (D)):  0.0000000000
2022-04-26 22:57:58,309 DEBUG Step: 290, val_acc: 90.14, val_fidelity: 94.37
2022-04-26 22:57:58,402 DEBUG Train step: 290	 CE_Loss: 0.2439226657 diversity_Loss: 49.5810699463 bc_losses (G):  0.0000000000  bc_losses (D)):  0.0000000000
2022-04-26 22:58:00,038 DEBUG Step: 300, val_acc: 90.03, val_fidelity: 94.11
2022-04-26 22:58:00,130 DEBUG Train step: 300	 CE_Loss: 0.1876627356 diversity_Loss: 48.8707313538 bc_losses (G):  0.0000000000  bc_losses (D)):  0.0000000000
2022-04-26 22:58:01,775 DEBUG Step: 310, val_acc: 90.22, val_fidelity: 94.7
2022-04-26 22:58:01,869 DEBUG Train step: 310	 CE_Loss: 0.2471707314 diversity_Loss: 50.9627037048 bc_losses (G):  0.0000000000  bc_losses (D)):  0.0000000000
2022-04-26 22:58:03,520 DEBUG Step: 320, val_acc: 90.15, val_fidelity: 94.5
2022-04-26 22:58:03,612 DEBUG Train step: 320	 CE_Loss: 0.2071414143 diversity_Loss: 49.7756004333 bc_losses (G):  0.0000000000  bc_losses (D)):  0.0000000000
2022-04-26 22:58:05,273 DEBUG Step: 330, val_acc: 90.43, val_fidelity: 94.82
2022-04-26 22:58:05,367 DEBUG Train step: 330	 CE_Loss: 0.2302094847 diversity_Loss: 50.1057319641 bc_losses (G):  0.0000000000  bc_losses (D)):  0.0000000000
2022-04-26 22:58:07,014 DEBUG Step: 340, val_acc: 90.34, val_fidelity: 94.92
2022-04-26 22:58:07,107 DEBUG Train step: 340	 CE_Loss: 0.0554310195 diversity_Loss: 49.8550720215 bc_losses (G):  0.0000000000  bc_losses (D)):  0.0000000000
2022-04-26 22:58:08,768 DEBUG Step: 350, val_acc: 90.35, val_fidelity: 94.8
2022-04-26 22:58:08,862 DEBUG Train step: 350	 CE_Loss: 0.2963811159 diversity_Loss: 49.9916419983 bc_losses (G):  0.0000000000  bc_losses (D)):  0.0000000000
2022-04-26 22:58:10,509 DEBUG Step: 360, val_acc: 90.5, val_fidelity: 94.88
2022-04-26 22:58:10,602 DEBUG Train step: 360	 CE_Loss: 0.1292562336 diversity_Loss: 50.3518295288 bc_losses (G):  0.0000000000  bc_losses (D)):  0.0000000000
2022-04-26 22:58:12,270 DEBUG Step: 370, val_acc: 90.27, val_fidelity: 94.87
2022-04-26 22:58:12,364 DEBUG Train step: 370	 CE_Loss: 0.1329597384 diversity_Loss: 48.8497772217 bc_losses (G):  0.0000000000  bc_losses (D)):  0.0000000000
2022-04-26 22:58:14,012 DEBUG Step: 380, val_acc: 90.16, val_fidelity: 94.39
2022-04-26 22:58:14,104 DEBUG Train step: 380	 CE_Loss: 0.2969882190 diversity_Loss: 49.4340667725 bc_losses (G):  0.0000000000  bc_losses (D)):  0.0000000000
2022-04-26 22:58:15,753 DEBUG Step: 390, val_acc: 90.2, val_fidelity: 94.75
2022-04-26 22:58:15,845 DEBUG Train step: 390	 CE_Loss: 0.2771236897 diversity_Loss: 50.1716270447 bc_losses (G):  0.0000000000  bc_losses (D)):  0.0000000000
2022-04-26 22:58:17,518 DEBUG Step: 400, val_acc: 90.67, val_fidelity: 95.39
2022-04-26 22:58:17,611 DEBUG Train step: 400	 CE_Loss: 0.1731621623 diversity_Loss: 50.0173149109 bc_losses (G):  0.0000000000  bc_losses (D)):  0.0000000000
2022-04-26 22:58:19,291 DEBUG Step: 410, val_acc: 90.36, val_fidelity: 94.65
2022-04-26 22:58:19,382 DEBUG Train step: 410	 CE_Loss: 0.1903983355 diversity_Loss: 50.2332077026 bc_losses (G):  0.0000000000  bc_losses (D)):  0.0000000000
2022-04-26 22:58:21,034 DEBUG Step: 420, val_acc: 90.27, val_fidelity: 95.03
2022-04-26 22:58:21,127 DEBUG Train step: 420	 CE_Loss: 0.2714771628 diversity_Loss: 50.2941055298 bc_losses (G):  0.0000000000  bc_losses (D)):  0.0000000000
2022-04-26 22:58:22,784 DEBUG Step: 430, val_acc: 90.35, val_fidelity: 95.04
2022-04-26 22:58:22,877 DEBUG Train step: 430	 CE_Loss: 0.2989834249 diversity_Loss: 47.5832443237 bc_losses (G):  0.0000000000  bc_losses (D)):  0.0000000000
2022-04-26 22:58:24,521 DEBUG Step: 440, val_acc: 90.06, val_fidelity: 94.65
2022-04-26 22:58:24,613 DEBUG Train step: 440	 CE_Loss: 0.1245428845 diversity_Loss: 50.1602592468 bc_losses (G):  0.0000000000  bc_losses (D)):  0.0000000000
2022-04-26 22:58:26,267 DEBUG Step: 450, val_acc: 90.57, val_fidelity: 95.15
2022-04-26 22:58:26,360 DEBUG Train step: 450	 CE_Loss: 0.2387211770 diversity_Loss: 51.3955764771 bc_losses (G):  0.0000000000  bc_losses (D)):  0.0000000000
2022-04-26 22:58:28,030 DEBUG Step: 460, val_acc: 90.5, val_fidelity: 95.38
2022-04-26 22:58:28,123 DEBUG Train step: 460	 CE_Loss: 0.2010962814 diversity_Loss: 51.0915298462 bc_losses (G):  0.0000000000  bc_losses (D)):  0.0000000000
2022-04-26 22:58:29,784 DEBUG Step: 470, val_acc: 90.36, val_fidelity: 94.87
2022-04-26 22:58:29,877 DEBUG Train step: 470	 CE_Loss: 0.1482478976 diversity_Loss: 50.4485054016 bc_losses (G):  0.0000000000  bc_losses (D)):  0.0000000000
2022-04-26 22:58:31,533 DEBUG Step: 480, val_acc: 90.38, val_fidelity: 94.99
2022-04-26 22:58:31,626 DEBUG Train step: 480	 CE_Loss: 0.2887053788 diversity_Loss: 49.8513069153 bc_losses (G):  0.0000000000  bc_losses (D)):  0.0000000000
2022-04-26 22:58:33,283 DEBUG Step: 490, val_acc: 90.28, val_fidelity: 94.64
2022-04-26 22:58:33,376 DEBUG Train step: 490	 CE_Loss: 0.1954114288 diversity_Loss: 50.3267936707 bc_losses (G):  0.0000000000  bc_losses (D)):  0.0000000000
2022-04-26 22:58:35,031 DEBUG Step: 500, val_acc: 90.8, val_fidelity: 95.44
2022-04-26 22:58:35,123 DEBUG Train step: 500	 CE_Loss: 0.2824783921 diversity_Loss: 49.3171615601 bc_losses (G):  0.0000000000  bc_losses (D)):  0.0000000000
2022-04-26 22:58:36,786 DEBUG Step: 510, val_acc: 90.63, val_fidelity: 95.13
2022-04-26 22:58:36,879 DEBUG Train step: 510	 CE_Loss: 0.1761647463 diversity_Loss: 50.2556076050 bc_losses (G):  0.0000000000  bc_losses (D)):  0.0000000000
2022-04-26 22:58:38,524 DEBUG Step: 520, val_acc: 90.8, val_fidelity: 95.73
2022-04-26 22:58:38,617 DEBUG Train step: 520	 CE_Loss: 0.1610561162 diversity_Loss: 51.7434043884 bc_losses (G):  0.0000000000  bc_losses (D)):  0.0000000000
2022-04-26 22:58:40,282 DEBUG Step: 530, val_acc: 90.56, val_fidelity: 95.32
2022-04-26 22:58:40,375 DEBUG Train step: 530	 CE_Loss: 0.1758923382 diversity_Loss: 49.3434944153 bc_losses (G):  0.0000000000  bc_losses (D)):  0.0000000000
2022-04-26 22:58:42,032 DEBUG Step: 540, val_acc: 90.7, val_fidelity: 95.63
2022-04-26 22:58:42,126 DEBUG Train step: 540	 CE_Loss: 0.2706874013 diversity_Loss: 50.6730422974 bc_losses (G):  0.0000000000  bc_losses (D)):  0.0000000000
2022-04-26 22:58:43,785 DEBUG Step: 550, val_acc: 90.7, val_fidelity: 95.52
2022-04-26 22:58:43,879 DEBUG Train step: 550	 CE_Loss: 0.1686176360 diversity_Loss: 51.7471618652 bc_losses (G):  0.0000000000  bc_losses (D)):  0.0000000000
2022-04-26 22:58:45,526 DEBUG Step: 560, val_acc: 90.77, val_fidelity: 95.58
2022-04-26 22:58:45,619 DEBUG Train step: 560	 CE_Loss: 0.1564068645 diversity_Loss: 50.9190444946 bc_losses (G):  0.0000000000  bc_losses (D)):  0.0000000000
2022-04-26 22:58:47,277 DEBUG Step: 570, val_acc: 90.62, val_fidelity: 95.41
2022-04-26 22:58:47,370 DEBUG Train step: 570	 CE_Loss: 0.1638984084 diversity_Loss: 49.1462440491 bc_losses (G):  0.0000000000  bc_losses (D)):  0.0000000000
2022-04-26 22:58:49,026 DEBUG Step: 580, val_acc: 90.41, val_fidelity: 95.36
2022-04-26 22:58:49,120 DEBUG Train step: 580	 CE_Loss: 0.4073140621 diversity_Loss: 51.0993003845 bc_losses (G):  0.0000000000  bc_losses (D)):  0.0000000000
2022-04-26 22:58:50,768 DEBUG Step: 590, val_acc: 90.37, val_fidelity: 94.97
2022-04-26 22:58:50,862 DEBUG Train step: 590	 CE_Loss: 0.1286050826 diversity_Loss: 49.8129348755 bc_losses (G):  0.0000000000  bc_losses (D)):  0.0000000000
2022-04-26 22:58:52,525 DEBUG Step: 600, val_acc: 90.6, val_fidelity: 95.45
2022-04-26 22:58:52,618 DEBUG Train step: 600	 CE_Loss: 0.2329996526 diversity_Loss: 50.0497283936 bc_losses (G):  0.0000000000  bc_losses (D)):  0.0000000000
2022-04-26 22:58:54,271 DEBUG Step: 610, val_acc: 90.46, val_fidelity: 95.38
2022-04-26 22:58:54,364 DEBUG Train step: 610	 CE_Loss: 0.0637747943 diversity_Loss: 50.4037437439 bc_losses (G):  0.0000000000  bc_losses (D)):  0.0000000000
2022-04-26 22:58:56,017 DEBUG Step: 620, val_acc: 90.63, val_fidelity: 94.97
2022-04-26 22:58:56,111 DEBUG Train step: 620	 CE_Loss: 0.0930379480 diversity_Loss: 49.4699058533 bc_losses (G):  0.0000000000  bc_losses (D)):  0.0000000000
2022-04-26 22:58:57,753 DEBUG Step: 630, val_acc: 90.83, val_fidelity: 95.49
2022-04-26 22:58:57,847 DEBUG Train step: 630	 CE_Loss: 0.1512961090 diversity_Loss: 50.1863059998 bc_losses (G):  0.0000000000  bc_losses (D)):  0.0000000000
2022-04-26 22:58:59,524 DEBUG Step: 640, val_acc: 90.64, val_fidelity: 95.45
2022-04-26 22:58:59,618 DEBUG Train step: 640	 CE_Loss: 0.1359470338 diversity_Loss: 50.2172470093 bc_losses (G):  0.0000000000  bc_losses (D)):  0.0000000000
2022-04-26 22:59:01,290 DEBUG Step: 650, val_acc: 90.56, val_fidelity: 95.24
2022-04-26 22:59:01,383 DEBUG Train step: 650	 CE_Loss: 0.3331132829 diversity_Loss: 50.9639205933 bc_losses (G):  0.0000000000  bc_losses (D)):  0.0000000000
2022-04-26 22:59:03,027 DEBUG Step: 660, val_acc: 90.62, val_fidelity: 95.43
2022-04-26 22:59:03,121 DEBUG Train step: 660	 CE_Loss: 0.2532559633 diversity_Loss: 49.4516181946 bc_losses (G):  0.0000000000  bc_losses (D)):  0.0000000000
2022-04-26 22:59:04,782 DEBUG Step: 670, val_acc: 90.3, val_fidelity: 95.02
2022-04-26 22:59:04,876 DEBUG Train step: 670	 CE_Loss: 0.2029815167 diversity_Loss: 49.5015220642 bc_losses (G):  0.0000000000  bc_losses (D)):  0.0000000000
2022-04-26 22:59:06,563 DEBUG Step: 680, val_acc: 90.72, val_fidelity: 95.21
2022-04-26 22:59:06,656 DEBUG Train step: 680	 CE_Loss: 0.2171235979 diversity_Loss: 50.7301330566 bc_losses (G):  0.0000000000  bc_losses (D)):  0.0000000000
2022-04-26 22:59:08,344 DEBUG Step: 690, val_acc: 90.68, val_fidelity: 95.54
2022-04-26 22:59:08,438 DEBUG Train step: 690	 CE_Loss: 0.1406317204 diversity_Loss: 50.5856323242 bc_losses (G):  0.0000000000  bc_losses (D)):  0.0000000000
2022-04-26 22:59:10,139 DEBUG Step: 700, val_acc: 90.89, val_fidelity: 95.98
2022-04-26 22:59:10,233 DEBUG Train step: 700	 CE_Loss: 0.0885730237 diversity_Loss: 49.7869300842 bc_losses (G):  0.0000000000  bc_losses (D)):  0.0000000000
2022-04-26 22:59:11,909 DEBUG Step: 710, val_acc: 90.87, val_fidelity: 95.62
2022-04-26 22:59:12,001 DEBUG Train step: 710	 CE_Loss: 0.1934566647 diversity_Loss: 50.8478813171 bc_losses (G):  0.0000000000  bc_losses (D)):  0.0000000000
2022-04-26 22:59:13,685 DEBUG Step: 720, val_acc: 90.52, val_fidelity: 95.24
2022-04-26 22:59:13,779 DEBUG Train step: 720	 CE_Loss: 0.1139511019 diversity_Loss: 49.9239845276 bc_losses (G):  0.0000000000  bc_losses (D)):  0.0000000000
2022-04-26 22:59:15,449 DEBUG Step: 730, val_acc: 90.65, val_fidelity: 95.54
2022-04-26 22:59:15,542 DEBUG Train step: 730	 CE_Loss: 0.1787682772 diversity_Loss: 49.3318214417 bc_losses (G):  0.0000000000  bc_losses (D)):  0.0000000000
2022-04-26 22:59:17,218 DEBUG Step: 740, val_acc: 90.54, val_fidelity: 95.2
2022-04-26 22:59:17,311 DEBUG Train step: 740	 CE_Loss: 0.0542489104 diversity_Loss: 49.9507751465 bc_losses (G):  0.0000000000  bc_losses (D)):  0.0000000000
2022-04-26 22:59:18,981 DEBUG Step: 750, val_acc: 90.48, val_fidelity: 95.32
2022-04-26 22:59:19,075 DEBUG Train step: 750	 CE_Loss: 0.1983861774 diversity_Loss: 50.6067504883 bc_losses (G):  0.0000000000  bc_losses (D)):  0.0000000000
2022-04-26 22:59:20,788 DEBUG Step: 760, val_acc: 90.78, val_fidelity: 95.75
2022-04-26 22:59:20,882 DEBUG Train step: 760	 CE_Loss: 0.2333636135 diversity_Loss: 49.7901687622 bc_losses (G):  0.0000000000  bc_losses (D)):  0.0000000000
2022-04-26 22:59:22,583 DEBUG Step: 770, val_acc: 90.59, val_fidelity: 95.59
2022-04-26 22:59:22,683 DEBUG Train step: 770	 CE_Loss: 0.2043052316 diversity_Loss: 50.4249572754 bc_losses (G):  0.0000000000  bc_losses (D)):  0.0000000000
2022-04-26 22:59:24,370 DEBUG Step: 780, val_acc: 90.76, val_fidelity: 95.67
2022-04-26 22:59:24,463 DEBUG Train step: 780	 CE_Loss: 0.2631248236 diversity_Loss: 50.7940940857 bc_losses (G):  0.0000000000  bc_losses (D)):  0.0000000000
2022-04-26 22:59:26,144 DEBUG Step: 790, val_acc: 90.7, val_fidelity: 95.27
2022-04-26 22:59:26,238 DEBUG Train step: 790	 CE_Loss: 0.3232483566 diversity_Loss: 51.2815589905 bc_losses (G):  0.0000000000  bc_losses (D)):  0.0000000000
2022-04-26 22:59:27,908 DEBUG Step: 800, val_acc: 90.8, val_fidelity: 95.8
2022-04-26 22:59:28,001 DEBUG Train step: 800	 CE_Loss: 0.2034359574 diversity_Loss: 50.6189270020 bc_losses (G):  0.0000000000  bc_losses (D)):  0.0000000000
2022-04-26 22:59:29,686 DEBUG Step: 810, val_acc: 90.92, val_fidelity: 95.89
2022-04-26 22:59:29,780 DEBUG Train step: 810	 CE_Loss: 0.3021408916 diversity_Loss: 50.1742858887 bc_losses (G):  0.0000000000  bc_losses (D)):  0.0000000000
2022-04-26 22:59:31,470 DEBUG Step: 820, val_acc: 90.6, val_fidelity: 95.54
2022-04-26 22:59:31,563 DEBUG Train step: 820	 CE_Loss: 0.1153482124 diversity_Loss: 48.9348831177 bc_losses (G):  0.0000000000  bc_losses (D)):  0.0000000000
2022-04-26 22:59:33,212 DEBUG Step: 830, val_acc: 90.6, val_fidelity: 95.38
2022-04-26 22:59:33,305 DEBUG Train step: 830	 CE_Loss: 0.1404941678 diversity_Loss: 48.8070678711 bc_losses (G):  0.0000000000  bc_losses (D)):  0.0000000000
2022-04-26 22:59:33,607 DEBUG Best perform model, val_acc: 90.92, fidel_score: 95.98
2022-04-26 22:59:33,607 DEBUG End of Training: 833	 CE_Loss: 0.2095115781 diversity_Loss: 49.7661638260 bc_losses (G):  0.0000000000  bc_losses (D)):  0.0000000000
