2022-04-27 21:06:59,997 DEBUG Namespace(arch='vgg11_bn', attack_client=0, attack_epochs=300, attack_style='TrainME_option', average_time=1, batch_size=128, bottleneck_option='None', cutlayer=4, data_proportion=0.02, dataset='cifar100', filename='ace_V2_epoch_vgg11_bn_cutlayer_4_client_1_seed125_dataset_cifar100_lr_0.05_200epoch', folder='saves/baseline', learning_rate=0.05, noniid_ratio=1.0, num_client=1, num_epochs='best', num_query=1, random_seed=123, regularization='None', regularization_strength=0.0, scheme='V2_epoch', surrogate_arch='same', test_best=True, train_clas_layer=8.0)
2022-04-27 21:07:04,983 DEBUG Test (client-0):	Loss 1.2311 (1.7817)	Prec@1 75.000 (68.630)
2022-04-27 21:07:04,983 DEBUG  * Prec@1 68.630
2022-04-27 21:07:05,054 DEBUG 26
2022-04-27 21:07:05,054 DEBUG surrogate parameter has 26 trainable parameters!
2022-04-27 21:07:08,515 DEBUG epoch: 0, val_acc: 1.01, val_fidelity: 1.05
2022-04-27 21:07:10,615 DEBUG epoch: 1, train_acc: 0.78125, val_acc: 1.08, fidel_score: 1.16, acc_loss: 5.267107665538788, grad_loss: None
2022-04-27 21:07:12,874 DEBUG epoch: 2, train_acc: 1.5850360542535782, val_acc: 1.07, fidel_score: 1.06, acc_loss: 4.710029721260071, grad_loss: None
2022-04-27 21:07:14,806 DEBUG epoch: 3, train_acc: 1.5324519276618958, val_acc: 1.02, fidel_score: 0.95, acc_loss: 4.638561367988586, grad_loss: None
2022-04-27 21:07:17,013 DEBUG epoch: 4, train_acc: 1.171875, val_acc: 1.01, fidel_score: 1.12, acc_loss: 4.615402460098267, grad_loss: None
2022-04-27 21:07:19,096 DEBUG epoch: 5, train_acc: 1.3897235542535782, val_acc: 0.94, fidel_score: 0.97, acc_loss: 4.604728162288666, grad_loss: None
2022-04-27 21:07:21,112 DEBUG epoch: 6, train_acc: 1.7803485542535782, val_acc: 1.26, fidel_score: 1.25, acc_loss: 4.591224908828735, grad_loss: None
2022-04-27 21:07:23,253 DEBUG epoch: 7, train_acc: 1.7803485542535782, val_acc: 1.12, fidel_score: 1.14, acc_loss: 4.58491188287735, grad_loss: None
2022-04-27 21:07:25,287 DEBUG epoch: 8, train_acc: 1.4873798042535782, val_acc: 1.19, fidel_score: 1.18, acc_loss: 4.567456662654877, grad_loss: None
2022-04-27 21:07:27,278 DEBUG epoch: 9, train_acc: 1.953125, val_acc: 1.5, fidel_score: 1.48, acc_loss: 4.561498820781708, grad_loss: None
2022-04-27 21:07:29,435 DEBUG epoch: 10, train_acc: 1.26953125, val_acc: 1.64, fidel_score: 1.54, acc_loss: 4.546984374523163, grad_loss: None
2022-04-27 21:07:31,536 DEBUG epoch: 11, train_acc: 1.6075721085071564, val_acc: 1.52, fidel_score: 1.47, acc_loss: 4.529074132442474, grad_loss: None
2022-04-27 21:07:33,568 DEBUG epoch: 12, train_acc: 1.5324519276618958, val_acc: 1.68, fidel_score: 1.7, acc_loss: 4.512771546840668, grad_loss: None
2022-04-27 21:07:35,656 DEBUG epoch: 13, train_acc: 2.9296875, val_acc: 1.42, fidel_score: 1.61, acc_loss: 4.488637268543243, grad_loss: None
2022-04-27 21:07:37,772 DEBUG epoch: 14, train_acc: 2.734375, val_acc: 1.54, fidel_score: 1.55, acc_loss: 4.47883152961731, grad_loss: None
2022-04-27 21:07:40,066 DEBUG epoch: 15, train_acc: 2.8996394276618958, val_acc: 1.68, fidel_score: 1.65, acc_loss: 4.434289991855621, grad_loss: None
2022-04-27 21:07:42,105 DEBUG epoch: 16, train_acc: 2.83203125, val_acc: 2.1, fidel_score: 2.1, acc_loss: 4.426400542259216, grad_loss: None
2022-04-27 21:07:44,144 DEBUG epoch: 17, train_acc: 2.9747596085071564, val_acc: 2.06, fidel_score: 1.84, acc_loss: 4.373818278312683, grad_loss: None
2022-04-27 21:07:46,381 DEBUG epoch: 18, train_acc: 3.342848554253578, val_acc: 2.07, fidel_score: 2.01, acc_loss: 4.376495599746704, grad_loss: None
2022-04-27 21:07:48,504 DEBUG epoch: 19, train_acc: 2.659254804253578, val_acc: 2.39, fidel_score: 2.27, acc_loss: 4.342434108257294, grad_loss: None
2022-04-27 21:07:50,728 DEBUG epoch: 20, train_acc: 3.2677283585071564, val_acc: 2.04, fidel_score: 2.04, acc_loss: 4.316808998584747, grad_loss: None
2022-04-27 21:07:52,763 DEBUG epoch: 21, train_acc: 3.0198317170143127, val_acc: 2.23, fidel_score: 2.25, acc_loss: 4.275897681713104, grad_loss: None
2022-04-27 21:07:54,867 DEBUG epoch: 22, train_acc: 3.3128004670143127, val_acc: 2.2, fidel_score: 2.22, acc_loss: 4.254351258277893, grad_loss: None
2022-04-27 21:07:57,006 DEBUG epoch: 23, train_acc: 3.1926081776618958, val_acc: 2.5, fidel_score: 2.4, acc_loss: 4.241700768470764, grad_loss: None
2022-04-27 21:07:59,082 DEBUG epoch: 24, train_acc: 3.9738581776618958, val_acc: 2.52, fidel_score: 2.51, acc_loss: 4.219645440578461, grad_loss: None
2022-04-27 21:08:01,352 DEBUG epoch: 25, train_acc: 2.9747596085071564, val_acc: 2.33, fidel_score: 2.23, acc_loss: 4.2129950523376465, grad_loss: None
2022-04-27 21:08:03,401 DEBUG epoch: 26, train_acc: 3.3128004670143127, val_acc: 2.24, fidel_score: 2.35, acc_loss: 4.2568705677986145, grad_loss: None
2022-04-27 21:08:05,504 DEBUG epoch: 27, train_acc: 2.8695913553237915, val_acc: 2.41, fidel_score: 2.29, acc_loss: 4.201018452644348, grad_loss: None
2022-04-27 21:08:07,645 DEBUG epoch: 28, train_acc: 3.3879206776618958, val_acc: 2.57, fidel_score: 2.49, acc_loss: 4.188232719898224, grad_loss: None
2022-04-27 21:08:09,824 DEBUG epoch: 29, train_acc: 3.8010817170143127, val_acc: 2.55, fidel_score: 2.51, acc_loss: 4.154356122016907, grad_loss: None
2022-04-27 21:08:11,984 DEBUG epoch: 30, train_acc: 4.071514427661896, val_acc: 2.23, fidel_score: 2.16, acc_loss: 4.129109144210815, grad_loss: None
2022-04-27 21:08:14,021 DEBUG epoch: 31, train_acc: 3.3578726053237915, val_acc: 2.48, fidel_score: 2.49, acc_loss: 4.148857295513153, grad_loss: None
2022-04-27 21:08:16,247 DEBUG epoch: 32, train_acc: 4.4320913553237915, val_acc: 2.47, fidel_score: 2.65, acc_loss: 4.120277762413025, grad_loss: None
2022-04-27 21:08:18,269 DEBUG epoch: 33, train_acc: 2.8019831776618958, val_acc: 2.57, fidel_score: 2.47, acc_loss: 4.162725448608398, grad_loss: None
2022-04-27 21:08:20,381 DEBUG epoch: 34, train_acc: 4.39453125, val_acc: 2.59, fidel_score: 2.53, acc_loss: 4.129356563091278, grad_loss: None
2022-04-27 21:08:22,497 DEBUG epoch: 35, train_acc: 3.5531851053237915, val_acc: 2.97, fidel_score: 2.92, acc_loss: 4.108408480882645, grad_loss: None
2022-04-27 21:08:24,541 DEBUG epoch: 36, train_acc: 3.4855769276618958, val_acc: 2.72, fidel_score: 2.77, acc_loss: 4.097467213869095, grad_loss: None
2022-04-27 21:08:26,402 DEBUG epoch: 37, train_acc: 3.8536658585071564, val_acc: 2.95, fidel_score: 2.63, acc_loss: 4.053242594003677, grad_loss: None
2022-04-27 21:08:28,446 DEBUG epoch: 38, train_acc: 4.31189900636673, val_acc: 2.81, fidel_score: 2.65, acc_loss: 4.088723957538605, grad_loss: None
2022-04-27 21:08:30,459 DEBUG epoch: 39, train_acc: 3.0724158585071564, val_acc: 2.76, fidel_score: 2.8, acc_loss: 4.067042380571365, grad_loss: None
2022-04-27 21:08:32,512 DEBUG epoch: 40, train_acc: 4.094050467014313, val_acc: 2.85, fidel_score: 2.85, acc_loss: 4.06086403131485, grad_loss: None
2022-04-27 21:08:34,476 DEBUG epoch: 41, train_acc: 3.5531851053237915, val_acc: 2.89, fidel_score: 2.83, acc_loss: 4.026207000017166, grad_loss: None
2022-04-27 21:08:36,590 DEBUG epoch: 42, train_acc: 3.4855769276618958, val_acc: 2.78, fidel_score: 2.72, acc_loss: 3.9691970348358154, grad_loss: None
2022-04-27 21:08:38,497 DEBUG epoch: 43, train_acc: 3.1174879670143127, val_acc: 2.75, fidel_score: 2.81, acc_loss: 3.970215678215027, grad_loss: None
2022-04-27 21:08:40,509 DEBUG epoch: 44, train_acc: 4.8377403020858765, val_acc: 2.84, fidel_score: 2.79, acc_loss: 3.9298090040683746, grad_loss: None
2022-04-27 21:08:42,687 DEBUG epoch: 45, train_acc: 3.9513221085071564, val_acc: 2.86, fidel_score: 3.08, acc_loss: 3.9706754982471466, grad_loss: None
2022-04-27 21:08:44,704 DEBUG epoch: 46, train_acc: 4.9203726053237915, val_acc: 3.15, fidel_score: 3.17, acc_loss: 3.935532361268997, grad_loss: None
2022-04-27 21:08:46,908 DEBUG epoch: 47, train_acc: 4.4546273946762085, val_acc: 2.99, fidel_score: 3.09, acc_loss: 3.893602579832077, grad_loss: None
2022-04-27 21:08:49,035 DEBUG epoch: 48, train_acc: 4.21424275636673, val_acc: 3.14, fidel_score: 3.12, acc_loss: 3.8391388952732086, grad_loss: None
2022-04-27 21:08:51,106 DEBUG epoch: 49, train_acc: 4.11658650636673, val_acc: 2.98, fidel_score: 3.06, acc_loss: 3.803166449069977, grad_loss: None
2022-04-27 21:08:53,249 DEBUG epoch: 50, train_acc: 4.875300467014313, val_acc: 3.02, fidel_score: 3.16, acc_loss: 3.8440966606140137, grad_loss: None
2022-04-27 21:08:55,238 DEBUG epoch: 51, train_acc: 4.927884608507156, val_acc: 2.92, fidel_score: 3.03, acc_loss: 3.861400991678238, grad_loss: None
2022-04-27 21:08:57,441 DEBUG epoch: 52, train_acc: 4.875300467014313, val_acc: 3.09, fidel_score: 2.99, acc_loss: 3.8133347928524017, grad_loss: None
2022-04-27 21:08:59,428 DEBUG epoch: 53, train_acc: 5.28846150636673, val_acc: 3.33, fidel_score: 3.42, acc_loss: 3.8048923015594482, grad_loss: None
2022-04-27 21:09:01,452 DEBUG epoch: 54, train_acc: 6.1373196840286255, val_acc: 3.29, fidel_score: 3.35, acc_loss: 3.742836356163025, grad_loss: None
2022-04-27 21:09:03,598 DEBUG epoch: 55, train_acc: 5.87439900636673, val_acc: 3.48, fidel_score: 3.58, acc_loss: 3.753409743309021, grad_loss: None
2022-04-27 21:09:05,614 DEBUG epoch: 56, train_acc: 4.7701321840286255, val_acc: 3.63, fidel_score: 3.58, acc_loss: 3.727611541748047, grad_loss: None
2022-04-27 21:09:07,746 DEBUG epoch: 57, train_acc: 6.3100961446762085, val_acc: 3.44, fidel_score: 3.59, acc_loss: 3.708734631538391, grad_loss: None
2022-04-27 21:09:09,913 DEBUG epoch: 58, train_acc: 5.48377400636673, val_acc: 3.52, fidel_score: 3.47, acc_loss: 3.7401406168937683, grad_loss: None
2022-04-27 21:09:11,988 DEBUG epoch: 59, train_acc: 5.438701927661896, val_acc: 3.59, fidel_score: 3.52, acc_loss: 3.723170667886734, grad_loss: None
2022-04-27 21:09:14,064 DEBUG epoch: 60, train_acc: 6.813401460647583, val_acc: 3.97, fidel_score: 3.92, acc_loss: 3.6303035020828247, grad_loss: None
2022-04-27 21:09:16,134 DEBUG epoch: 61, train_acc: 7.3768028020858765, val_acc: 3.88, fidel_score: 3.94, acc_loss: 3.5182974338531494, grad_loss: None
2022-04-27 21:09:18,325 DEBUG epoch: 62, train_acc: 7.6697715520858765, val_acc: 3.78, fidel_score: 3.91, acc_loss: 3.5169349908828735, grad_loss: None
2022-04-27 21:09:20,345 DEBUG epoch: 63, train_acc: 8.143028855323792, val_acc: 4.0, fidel_score: 3.96, acc_loss: 3.457055777311325, grad_loss: None
2022-04-27 21:09:22,509 DEBUG epoch: 64, train_acc: 8.240685105323792, val_acc: 4.0, fidel_score: 4.27, acc_loss: 3.4518885016441345, grad_loss: None
2022-04-27 21:09:24,552 DEBUG epoch: 65, train_acc: 8.263221144676208, val_acc: 4.11, fidel_score: 3.99, acc_loss: 3.497857451438904, grad_loss: None
2022-04-27 21:09:26,675 DEBUG epoch: 66, train_acc: 7.63221150636673, val_acc: 4.02, fidel_score: 3.93, acc_loss: 3.395453453063965, grad_loss: None
2022-04-27 21:09:28,828 DEBUG epoch: 67, train_acc: 8.323317289352417, val_acc: 3.94, fidel_score: 4.04, acc_loss: 3.3896356225013733, grad_loss: None
2022-04-27 21:09:30,974 DEBUG epoch: 68, train_acc: 9.99098551273346, val_acc: 4.17, fidel_score: 4.2, acc_loss: 3.32992285490036, grad_loss: None
2022-04-27 21:09:33,133 DEBUG epoch: 69, train_acc: 7.5796273946762085, val_acc: 3.73, fidel_score: 3.93, acc_loss: 3.353693515062332, grad_loss: None
2022-04-27 21:09:35,220 DEBUG epoch: 70, train_acc: 7.6998196840286255, val_acc: 4.16, fidel_score: 4.3, acc_loss: 3.4024628698825836, grad_loss: None
2022-04-27 21:09:37,297 DEBUG epoch: 71, train_acc: 8.195612967014313, val_acc: 3.81, fidel_score: 3.85, acc_loss: 3.3744621574878693, grad_loss: None
2022-04-27 21:09:39,461 DEBUG epoch: 72, train_acc: 8.488581717014313, val_acc: 3.8, fidel_score: 3.87, acc_loss: 3.3146933913230896, grad_loss: None
2022-04-27 21:09:41,641 DEBUG epoch: 73, train_acc: 8.894230723381042, val_acc: 3.94, fidel_score: 4.4, acc_loss: 3.311167746782303, grad_loss: None
2022-04-27 21:09:43,806 DEBUG epoch: 74, train_acc: 9.314903855323792, val_acc: 4.16, fidel_score: 4.03, acc_loss: 3.318262279033661, grad_loss: None
2022-04-27 21:09:45,794 DEBUG epoch: 75, train_acc: 10.456730723381042, val_acc: 4.41, fidel_score: 4.47, acc_loss: 3.2749721705913544, grad_loss: None
2022-04-27 21:09:48,026 DEBUG epoch: 76, train_acc: 8.946814894676208, val_acc: 4.19, fidel_score: 4.3, acc_loss: 3.311721086502075, grad_loss: None
2022-04-27 21:09:49,973 DEBUG epoch: 77, train_acc: 8.578725934028625, val_acc: 4.49, fidel_score: 4.58, acc_loss: 3.3112441301345825, grad_loss: None
2022-04-27 21:09:51,985 DEBUG epoch: 78, train_acc: 9.30739176273346, val_acc: 4.48, fidel_score: 4.44, acc_loss: 3.284323900938034, grad_loss: None
2022-04-27 21:09:54,041 DEBUG epoch: 79, train_acc: 10.77223551273346, val_acc: 4.62, fidel_score: 4.66, acc_loss: 3.2077528834342957, grad_loss: None
2022-04-27 21:09:56,124 DEBUG epoch: 80, train_acc: 8.871694684028625, val_acc: 4.27, fidel_score: 4.5, acc_loss: 3.2382460236549377, grad_loss: None
2022-04-27 21:09:58,064 DEBUG epoch: 81, train_acc: 10.374098539352417, val_acc: 4.5, fidel_score: 4.73, acc_loss: 3.206018626689911, grad_loss: None
2022-04-27 21:10:00,267 DEBUG epoch: 82, train_acc: 9.945913434028625, val_acc: 4.5, fidel_score: 4.6, acc_loss: 3.229368209838867, grad_loss: None
2022-04-27 21:10:02,206 DEBUG epoch: 83, train_acc: 11.268028855323792, val_acc: 4.77, fidel_score: 4.68, acc_loss: 3.1802901923656464, grad_loss: None
2022-04-27 21:10:04,187 DEBUG epoch: 84, train_acc: 10.111177802085876, val_acc: 4.45, fidel_score: 4.56, acc_loss: 3.239394783973694, grad_loss: None
2022-04-27 21:10:06,225 DEBUG epoch: 85, train_acc: 11.155348539352417, val_acc: 4.57, fidel_score: 4.8, acc_loss: 3.1755751967430115, grad_loss: None
2022-04-27 21:10:08,238 DEBUG epoch: 86, train_acc: 11.433293223381042, val_acc: 4.31, fidel_score: 4.56, acc_loss: 3.1454226970672607, grad_loss: None
2022-04-27 21:10:10,167 DEBUG epoch: 87, train_acc: 10.892427802085876, val_acc: 4.53, fidel_score: 4.67, acc_loss: 3.1714572608470917, grad_loss: None
2022-04-27 21:10:12,354 DEBUG epoch: 88, train_acc: 11.313100934028625, val_acc: 4.33, fidel_score: 4.48, acc_loss: 3.1169955134391785, grad_loss: None
2022-04-27 21:10:14,307 DEBUG epoch: 89, train_acc: 10.727163434028625, val_acc: 4.83, fidel_score: 4.91, acc_loss: 3.1497063040733337, grad_loss: None
2022-04-27 21:10:16,330 DEBUG epoch: 90, train_acc: 11.313100934028625, val_acc: 4.71, fidel_score: 5.17, acc_loss: 3.173824280500412, grad_loss: None
2022-04-27 21:10:18,399 DEBUG epoch: 91, train_acc: 11.057692289352417, val_acc: 4.85, fidel_score: 5.12, acc_loss: 3.09464368224144, grad_loss: None
2022-04-27 21:10:20,393 DEBUG epoch: 92, train_acc: 11.042668223381042, val_acc: 4.61, fidel_score: 4.71, acc_loss: 3.1131708920001984, grad_loss: None
2022-04-27 21:10:22,347 DEBUG epoch: 93, train_acc: 11.06520426273346, val_acc: 4.79, fidel_score: 4.99, acc_loss: 3.136857807636261, grad_loss: None
2022-04-27 21:10:24,439 DEBUG epoch: 94, train_acc: 12.349759578704834, val_acc: 5.07, fidel_score: 5.29, acc_loss: 3.0395391285419464, grad_loss: None
2022-04-27 21:10:26,409 DEBUG epoch: 95, train_acc: 12.424879789352417, val_acc: 4.83, fidel_score: 4.95, acc_loss: 3.054915189743042, grad_loss: None
2022-04-27 21:10:28,409 DEBUG epoch: 96, train_acc: 14.039963960647583, val_acc: 5.18, fidel_score: 5.28, acc_loss: 3.031233996152878, grad_loss: None
2022-04-27 21:10:30,458 DEBUG epoch: 97, train_acc: 14.400540828704834, val_acc: 5.13, fidel_score: 5.3, acc_loss: 3.0174812376499176, grad_loss: None
2022-04-27 21:10:32,344 DEBUG epoch: 98, train_acc: 12.289663434028625, val_acc: 5.4, fidel_score: 5.46, acc_loss: 3.0033296048641205, grad_loss: None
2022-04-27 21:10:34,006 DEBUG epoch: 99, train_acc: 13.656850814819336, val_acc: 5.02, fidel_score: 5.1, acc_loss: 3.0200728476047516, grad_loss: None
2022-04-27 21:10:36,046 DEBUG epoch: 100, train_acc: 12.454927802085876, val_acc: 5.53, fidel_score: 5.72, acc_loss: 2.9703464806079865, grad_loss: None
2022-04-27 21:10:38,087 DEBUG epoch: 101, train_acc: 13.837139368057251, val_acc: 5.18, fidel_score: 5.18, acc_loss: 2.9238395988941193, grad_loss: None
2022-04-27 21:10:40,077 DEBUG epoch: 102, train_acc: 12.770432710647583, val_acc: 5.32, fidel_score: 5.15, acc_loss: 2.9495341777801514, grad_loss: None
2022-04-27 21:10:42,205 DEBUG epoch: 103, train_acc: 11.55348551273346, val_acc: 5.54, fidel_score: 5.46, acc_loss: 3.05508890748024, grad_loss: None
2022-04-27 21:10:44,132 DEBUG epoch: 104, train_acc: 14.35546875, val_acc: 5.35, fidel_score: 5.39, acc_loss: 2.973270893096924, grad_loss: None
2022-04-27 21:10:45,992 DEBUG epoch: 105, train_acc: 14.610877394676208, val_acc: 5.3, fidel_score: 5.61, acc_loss: 2.9099563658237457, grad_loss: None
2022-04-27 21:10:48,058 DEBUG epoch: 106, train_acc: 13.57421875, val_acc: 5.87, fidel_score: 5.75, acc_loss: 2.9075505137443542, grad_loss: None
2022-04-27 21:10:50,072 DEBUG epoch: 107, train_acc: 12.620192289352417, val_acc: 5.93, fidel_score: 5.88, acc_loss: 2.977629840373993, grad_loss: None
2022-04-27 21:10:52,062 DEBUG epoch: 108, train_acc: 16.038161039352417, val_acc: 5.79, fidel_score: 5.93, acc_loss: 2.8832535445690155, grad_loss: None
2022-04-27 21:10:54,144 DEBUG epoch: 109, train_acc: 14.67848551273346, val_acc: 6.19, fidel_score: 6.15, acc_loss: 2.905567705631256, grad_loss: None
2022-04-27 21:10:56,122 DEBUG epoch: 110, train_acc: 15.767728328704834, val_acc: 6.16, fidel_score: 6.25, acc_loss: 2.832899510860443, grad_loss: None
2022-04-27 21:10:57,853 DEBUG epoch: 111, train_acc: 15.775240302085876, val_acc: 6.28, fidel_score: 6.45, acc_loss: 2.903657853603363, grad_loss: None
2022-04-27 21:10:59,915 DEBUG epoch: 112, train_acc: 13.987379789352417, val_acc: 6.19, fidel_score: 6.24, acc_loss: 2.8374202251434326, grad_loss: None
2022-04-27 21:11:01,973 DEBUG epoch: 113, train_acc: 15.301983118057251, val_acc: 5.99, fidel_score: 6.11, acc_loss: 2.8562414348125458, grad_loss: None
2022-04-27 21:11:03,987 DEBUG epoch: 114, train_acc: 14.986478328704834, val_acc: 6.63, fidel_score: 6.49, acc_loss: 2.832207977771759, grad_loss: None
2022-04-27 21:11:06,022 DEBUG epoch: 115, train_acc: 15.024038314819336, val_acc: 6.31, fidel_score: 6.05, acc_loss: 2.8424760699272156, grad_loss: None
2022-04-27 21:11:08,134 DEBUG epoch: 116, train_acc: 14.97145426273346, val_acc: 6.67, fidel_score: 6.54, acc_loss: 2.801309436559677, grad_loss: None
2022-04-27 21:11:10,048 DEBUG epoch: 117, train_acc: 16.331129789352417, val_acc: 6.51, fidel_score: 6.77, acc_loss: 2.77642959356308, grad_loss: None
2022-04-27 21:11:12,085 DEBUG epoch: 118, train_acc: 17.48046875, val_acc: 6.74, fidel_score: 6.89, acc_loss: 2.7436619997024536, grad_loss: None
2022-04-27 21:11:14,193 DEBUG epoch: 119, train_acc: 15.865384578704834, val_acc: 7.29, fidel_score: 7.24, acc_loss: 2.745237559080124, grad_loss: None
2022-04-27 21:11:16,117 DEBUG epoch: 120, train_acc: 17.74338936805725, val_acc: 6.83, fidel_score: 7.03, acc_loss: 2.7170514166355133, grad_loss: None
2022-04-27 21:11:18,139 DEBUG epoch: 121, train_acc: 16.331129789352417, val_acc: 7.05, fidel_score: 6.98, acc_loss: 2.7146160006523132, grad_loss: None
2022-04-27 21:11:20,226 DEBUG epoch: 122, train_acc: 17.397836446762085, val_acc: 6.83, fidel_score: 6.99, acc_loss: 2.7180294394493103, grad_loss: None
2022-04-27 21:11:22,149 DEBUG epoch: 123, train_acc: 17.472956657409668, val_acc: 6.92, fidel_score: 6.92, acc_loss: 2.7078313529491425, grad_loss: None
2022-04-27 21:11:24,070 DEBUG epoch: 124, train_acc: 19.486177921295166, val_acc: 7.27, fidel_score: 7.31, acc_loss: 2.616584837436676, grad_loss: None
2022-04-27 21:11:26,042 DEBUG epoch: 125, train_acc: 17.73587727546692, val_acc: 7.47, fidel_score: 7.42, acc_loss: 2.645110100507736, grad_loss: None
2022-04-27 21:11:28,035 DEBUG epoch: 126, train_acc: 18.937800407409668, val_acc: 7.63, fidel_score: 7.78, acc_loss: 2.6351822912693024, grad_loss: None
2022-04-27 21:11:30,014 DEBUG epoch: 127, train_acc: 20.18479561805725, val_acc: 7.52, fidel_score: 7.73, acc_loss: 2.6589963138103485, grad_loss: None
2022-04-27 21:11:31,915 DEBUG epoch: 128, train_acc: 20.935997486114502, val_acc: 7.41, fidel_score: 7.55, acc_loss: 2.598654270172119, grad_loss: None
2022-04-27 21:11:33,980 DEBUG epoch: 129, train_acc: 19.185697078704834, val_acc: 7.68, fidel_score: 7.76, acc_loss: 2.6155089139938354, grad_loss: None
2022-04-27 21:11:35,676 DEBUG epoch: 130, train_acc: 18.61478352546692, val_acc: 7.47, fidel_score: 7.57, acc_loss: 2.6003242135047913, grad_loss: None
2022-04-27 21:11:37,538 DEBUG epoch: 131, train_acc: 20.327523946762085, val_acc: 7.82, fidel_score: 8.05, acc_loss: 2.576600134372711, grad_loss: None
2022-04-27 21:11:39,543 DEBUG epoch: 132, train_acc: 23.031850814819336, val_acc: 7.92, fidel_score: 8.18, acc_loss: 2.4703479409217834, grad_loss: None
2022-04-27 21:11:41,540 DEBUG epoch: 133, train_acc: 20.913461446762085, val_acc: 7.44, fidel_score: 7.59, acc_loss: 2.4738055765628815, grad_loss: None
2022-04-27 21:11:43,350 DEBUG epoch: 134, train_acc: 23.046875, val_acc: 7.91, fidel_score: 8.16, acc_loss: 2.433151960372925, grad_loss: None
2022-04-27 21:11:45,146 DEBUG epoch: 135, train_acc: 21.281550407409668, val_acc: 7.85, fidel_score: 8.06, acc_loss: 2.458207845687866, grad_loss: None
2022-04-27 21:11:47,103 DEBUG epoch: 136, train_acc: 21.341646671295166, val_acc: 7.73, fidel_score: 8.03, acc_loss: 2.4896023273468018, grad_loss: None
2022-04-27 21:11:49,128 DEBUG epoch: 137, train_acc: 25.563401460647583, val_acc: 7.98, fidel_score: 7.93, acc_loss: 2.44160658121109, grad_loss: None
2022-04-27 21:11:51,176 DEBUG epoch: 138, train_acc: 24.15114164352417, val_acc: 7.73, fidel_score: 8.03, acc_loss: 2.4261626601219177, grad_loss: None
2022-04-27 21:11:53,219 DEBUG epoch: 139, train_acc: 23.01682686805725, val_acc: 8.24, fidel_score: 8.25, acc_loss: 2.441104918718338, grad_loss: None
2022-04-27 21:11:55,292 DEBUG epoch: 140, train_acc: 24.015925407409668, val_acc: 7.91, fidel_score: 8.02, acc_loss: 2.414363533258438, grad_loss: None
2022-04-27 21:11:57,216 DEBUG epoch: 141, train_acc: 25.12770414352417, val_acc: 8.24, fidel_score: 8.46, acc_loss: 2.37338387966156, grad_loss: None
2022-04-27 21:11:59,209 DEBUG epoch: 142, train_acc: 22.047776460647583, val_acc: 8.6, fidel_score: 8.74, acc_loss: 2.41509947180748, grad_loss: None
2022-04-27 21:12:01,222 DEBUG epoch: 143, train_acc: 26.479867696762085, val_acc: 8.4, fidel_score: 8.6, acc_loss: 2.3265674114227295, grad_loss: None
2022-04-27 21:12:03,249 DEBUG epoch: 144, train_acc: 22.97926664352417, val_acc: 8.34, fidel_score: 8.59, acc_loss: 2.4230625331401825, grad_loss: None
2022-04-27 21:12:05,200 DEBUG epoch: 145, train_acc: 25.608473539352417, val_acc: 8.82, fidel_score: 8.9, acc_loss: 2.3347621262073517, grad_loss: None
2022-04-27 21:12:07,292 DEBUG epoch: 146, train_acc: 27.689302921295166, val_acc: 8.53, fidel_score: 8.68, acc_loss: 2.2589014768600464, grad_loss: None
2022-04-27 21:12:09,240 DEBUG epoch: 147, train_acc: 25.540865421295166, val_acc: 8.39, fidel_score: 8.27, acc_loss: 2.301357924938202, grad_loss: None
2022-04-27 21:12:11,229 DEBUG epoch: 148, train_acc: 26.194411039352417, val_acc: 8.71, fidel_score: 9.04, acc_loss: 2.2442555725574493, grad_loss: None
2022-04-27 21:12:13,460 DEBUG epoch: 149, train_acc: 26.893028736114502, val_acc: 8.69, fidel_score: 8.49, acc_loss: 2.3049063980579376, grad_loss: None
2022-04-27 21:12:15,530 DEBUG epoch: 150, train_acc: 29.191706657409668, val_acc: 9.25, fidel_score: 9.16, acc_loss: 2.1793383359909058, grad_loss: None
2022-04-27 21:12:17,617 DEBUG epoch: 151, train_acc: 32.87259602546692, val_acc: 9.44, fidel_score: 9.56, acc_loss: 2.0365746170282364, grad_loss: None
2022-04-27 21:12:19,752 DEBUG epoch: 152, train_acc: 33.66135811805725, val_acc: 9.19, fidel_score: 9.35, acc_loss: 2.0362371802330017, grad_loss: None
2022-04-27 21:12:21,883 DEBUG epoch: 153, train_acc: 31.723257064819336, val_acc: 9.15, fidel_score: 9.42, acc_loss: 2.001337856054306, grad_loss: None
2022-04-27 21:12:24,197 DEBUG epoch: 154, train_acc: 34.83323311805725, val_acc: 9.36, fidel_score: 9.44, acc_loss: 1.9431797713041306, grad_loss: None
2022-04-27 21:12:26,176 DEBUG epoch: 155, train_acc: 34.73557686805725, val_acc: 9.36, fidel_score: 9.83, acc_loss: 1.950278788805008, grad_loss: None
2022-04-27 21:12:28,335 DEBUG epoch: 156, train_acc: 35.38161039352417, val_acc: 9.05, fidel_score: 9.33, acc_loss: 1.923651084303856, grad_loss: None
2022-04-27 21:12:30,509 DEBUG epoch: 157, train_acc: 34.097055196762085, val_acc: 9.38, fidel_score: 9.55, acc_loss: 1.9971151053905487, grad_loss: None
2022-04-27 21:12:32,515 DEBUG epoch: 158, train_acc: 34.097055196762085, val_acc: 9.01, fidel_score: 9.23, acc_loss: 1.9147696793079376, grad_loss: None
2022-04-27 21:12:34,692 DEBUG epoch: 159, train_acc: 34.57782459259033, val_acc: 9.62, fidel_score: 9.4, acc_loss: 1.9386942982673645, grad_loss: None
2022-04-27 21:12:36,778 DEBUG epoch: 160, train_acc: 34.555288314819336, val_acc: 9.19, fidel_score: 9.41, acc_loss: 1.9881413280963898, grad_loss: None
2022-04-27 21:12:38,866 DEBUG epoch: 161, train_acc: 35.013521671295166, val_acc: 9.23, fidel_score: 9.52, acc_loss: 1.9128599762916565, grad_loss: None
2022-04-27 21:12:41,068 DEBUG epoch: 162, train_acc: 35.31400227546692, val_acc: 8.99, fidel_score: 9.2, acc_loss: 1.875218227505684, grad_loss: None
2022-04-27 21:12:43,180 DEBUG epoch: 163, train_acc: 36.62109375, val_acc: 9.27, fidel_score: 9.32, acc_loss: 1.8875441551208496, grad_loss: None
2022-04-27 21:12:45,505 DEBUG epoch: 164, train_acc: 37.01171875, val_acc: 9.4, fidel_score: 9.62, acc_loss: 1.8769523352384567, grad_loss: None
2022-04-27 21:12:47,483 DEBUG epoch: 165, train_acc: 36.703725814819336, val_acc: 9.67, fidel_score: 9.81, acc_loss: 1.9168158620595932, grad_loss: None
2022-04-27 21:12:49,575 DEBUG epoch: 166, train_acc: 34.720552921295166, val_acc: 9.76, fidel_score: 9.79, acc_loss: 1.9032593965530396, grad_loss: None
2022-04-27 21:12:51,859 DEBUG epoch: 167, train_acc: 34.66796875, val_acc: 9.11, fidel_score: 9.38, acc_loss: 1.8831870704889297, grad_loss: None
2022-04-27 21:12:53,965 DEBUG epoch: 168, train_acc: 35.70462727546692, val_acc: 9.35, fidel_score: 9.63, acc_loss: 1.8812243044376373, grad_loss: None
2022-04-27 21:12:56,122 DEBUG epoch: 169, train_acc: 35.854867696762085, val_acc: 9.72, fidel_score: 9.81, acc_loss: 1.8687652498483658, grad_loss: None
2022-04-27 21:12:58,189 DEBUG epoch: 170, train_acc: 36.68118953704834, val_acc: 10.01, fidel_score: 10.06, acc_loss: 1.870693877339363, grad_loss: None
2022-04-27 21:13:00,187 DEBUG epoch: 171, train_acc: 35.329026222229004, val_acc: 9.51, fidel_score: 9.65, acc_loss: 1.8907396346330643, grad_loss: None
2022-04-27 21:13:02,331 DEBUG epoch: 172, train_acc: 35.57692289352417, val_acc: 9.71, fidel_score: 9.85, acc_loss: 1.8920178413391113, grad_loss: None
2022-04-27 21:13:04,272 DEBUG epoch: 173, train_acc: 37.845552921295166, val_acc: 9.65, fidel_score: 9.98, acc_loss: 1.8310956060886383, grad_loss: None
2022-04-27 21:13:06,359 DEBUG epoch: 174, train_acc: 39.38551664352417, val_acc: 9.51, fidel_score: 9.48, acc_loss: 1.7601215839385986, grad_loss: None
2022-04-27 21:13:08,447 DEBUG epoch: 175, train_acc: 35.854867696762085, val_acc: 9.81, fidel_score: 10.05, acc_loss: 1.920577883720398, grad_loss: None
2022-04-27 21:13:10,557 DEBUG epoch: 176, train_acc: 36.403244972229004, val_acc: 9.19, fidel_score: 9.6, acc_loss: 1.90362648665905, grad_loss: None
2022-04-27 21:13:12,598 DEBUG epoch: 177, train_acc: 38.423978328704834, val_acc: 9.57, fidel_score: 9.95, acc_loss: 1.7969483733177185, grad_loss: None
2022-04-27 21:13:14,695 DEBUG epoch: 178, train_acc: 38.461538314819336, val_acc: 9.77, fidel_score: 9.8, acc_loss: 1.78693987429142, grad_loss: None
2022-04-27 21:13:16,640 DEBUG epoch: 179, train_acc: 37.75540828704834, val_acc: 9.17, fidel_score: 9.32, acc_loss: 1.8602091819047928, grad_loss: None
2022-04-27 21:13:18,771 DEBUG epoch: 180, train_acc: 39.28786039352417, val_acc: 9.52, fidel_score: 9.65, acc_loss: 1.816070944070816, grad_loss: None
2022-04-27 21:13:20,738 DEBUG epoch: 181, train_acc: 39.565804958343506, val_acc: 9.87, fidel_score: 10.02, acc_loss: 1.761372908949852, grad_loss: None
2022-04-27 21:13:22,785 DEBUG epoch: 182, train_acc: 42.08984375, val_acc: 9.64, fidel_score: 9.89, acc_loss: 1.721030980348587, grad_loss: None
2022-04-27 21:13:24,837 DEBUG epoch: 183, train_acc: 37.672776222229004, val_acc: 9.65, fidel_score: 9.91, acc_loss: 1.7581926882266998, grad_loss: None
2022-04-27 21:13:26,914 DEBUG epoch: 184, train_acc: 41.00811290740967, val_acc: 9.64, fidel_score: 9.9, acc_loss: 1.699521154165268, grad_loss: None
2022-04-27 21:13:28,747 DEBUG epoch: 185, train_acc: 39.77614164352417, val_acc: 10.12, fidel_score: 10.3, acc_loss: 1.7783703804016113, grad_loss: None
2022-04-27 21:13:30,739 DEBUG epoch: 186, train_acc: 39.32542037963867, val_acc: 9.73, fidel_score: 9.9, acc_loss: 1.7591516226530075, grad_loss: None
2022-04-27 21:13:32,836 DEBUG epoch: 187, train_acc: 36.48587727546692, val_acc: 10.01, fidel_score: 10.48, acc_loss: 1.7892238646745682, grad_loss: None
2022-04-27 21:13:34,908 DEBUG epoch: 188, train_acc: 40.73016834259033, val_acc: 9.77, fidel_score: 9.74, acc_loss: 1.7406694144010544, grad_loss: None
2022-04-27 21:13:36,859 DEBUG epoch: 189, train_acc: 36.83894205093384, val_acc: 9.85, fidel_score: 9.84, acc_loss: 1.7984237968921661, grad_loss: None
2022-04-27 21:13:39,022 DEBUG epoch: 190, train_acc: 40.78275227546692, val_acc: 10.05, fidel_score: 10.18, acc_loss: 1.6980050802230835, grad_loss: None
2022-04-27 21:13:40,957 DEBUG epoch: 191, train_acc: 41.969651222229004, val_acc: 10.23, fidel_score: 10.27, acc_loss: 1.7289670407772064, grad_loss: None
2022-04-27 21:13:42,983 DEBUG epoch: 192, train_acc: 41.39873790740967, val_acc: 9.98, fidel_score: 10.41, acc_loss: 1.6673517674207687, grad_loss: None
2022-04-27 21:13:45,115 DEBUG epoch: 193, train_acc: 42.09735584259033, val_acc: 9.93, fidel_score: 10.28, acc_loss: 1.6610035747289658, grad_loss: None
2022-04-27 21:13:47,131 DEBUG epoch: 194, train_acc: 43.22415828704834, val_acc: 9.82, fidel_score: 9.98, acc_loss: 1.6760274767875671, grad_loss: None
2022-04-27 21:13:49,346 DEBUG epoch: 195, train_acc: 41.646634578704834, val_acc: 9.95, fidel_score: 10.05, acc_loss: 1.7000710368156433, grad_loss: None
2022-04-27 21:13:51,456 DEBUG epoch: 196, train_acc: 41.86448287963867, val_acc: 9.83, fidel_score: 10.22, acc_loss: 1.7695508301258087, grad_loss: None
2022-04-27 21:13:53,561 DEBUG epoch: 197, train_acc: 40.189302921295166, val_acc: 9.78, fidel_score: 10.06, acc_loss: 1.6946183443069458, grad_loss: None
2022-04-27 21:13:55,648 DEBUG epoch: 198, train_acc: 42.164963722229004, val_acc: 9.63, fidel_score: 9.67, acc_loss: 1.6703247874975204, grad_loss: None
2022-04-27 21:13:57,688 DEBUG epoch: 199, train_acc: 46.664663314819336, val_acc: 9.66, fidel_score: 9.97, acc_loss: 1.5938938707113266, grad_loss: None
2022-04-27 21:13:59,899 DEBUG epoch: 200, train_acc: 40.10667037963867, val_acc: 10.17, fidel_score: 10.22, acc_loss: 1.7098828256130219, grad_loss: None
2022-04-27 21:14:01,932 DEBUG epoch: 201, train_acc: 41.57151412963867, val_acc: 10.11, fidel_score: 10.36, acc_loss: 1.720906987786293, grad_loss: None
2022-04-27 21:14:04,179 DEBUG epoch: 202, train_acc: 42.54807662963867, val_acc: 10.05, fidel_score: 10.94, acc_loss: 1.702656775712967, grad_loss: None
2022-04-27 21:14:06,193 DEBUG epoch: 203, train_acc: 43.52463912963867, val_acc: 9.91, fidel_score: 10.08, acc_loss: 1.6962470263242722, grad_loss: None
2022-04-27 21:14:08,264 DEBUG epoch: 204, train_acc: 40.45222330093384, val_acc: 10.24, fidel_score: 10.69, acc_loss: 1.7789820432662964, grad_loss: None
2022-04-27 21:14:10,444 DEBUG epoch: 205, train_acc: 42.39032459259033, val_acc: 10.15, fidel_score: 10.35, acc_loss: 1.668251946568489, grad_loss: None
2022-04-27 21:14:12,388 DEBUG epoch: 206, train_acc: 42.48798084259033, val_acc: 9.6, fidel_score: 9.95, acc_loss: 1.6783756464719772, grad_loss: None
2022-04-27 21:14:14,191 DEBUG epoch: 207, train_acc: 42.690804958343506, val_acc: 10.23, fidel_score: 10.23, acc_loss: 1.6549251228570938, grad_loss: None
2022-04-27 21:14:16,195 DEBUG epoch: 208, train_acc: 40.36207914352417, val_acc: 10.1, fidel_score: 10.2, acc_loss: 1.6692117601633072, grad_loss: None
2022-04-27 21:14:18,282 DEBUG epoch: 209, train_acc: 44.155648708343506, val_acc: 9.53, fidel_score: 9.74, acc_loss: 1.680164948105812, grad_loss: None
2022-04-27 21:14:20,192 DEBUG epoch: 210, train_acc: 42.1875, val_acc: 10.11, fidel_score: 10.63, acc_loss: 1.6391211450099945, grad_loss: None
2022-04-27 21:14:21,942 DEBUG epoch: 211, train_acc: 43.734975814819336, val_acc: 10.02, fidel_score: 10.35, acc_loss: 1.641303226351738, grad_loss: None
2022-04-27 21:14:24,091 DEBUG epoch: 212, train_acc: 42.48046875, val_acc: 10.28, fidel_score: 10.45, acc_loss: 1.6615261733531952, grad_loss: None
2022-04-27 21:14:25,989 DEBUG epoch: 213, train_acc: 42.578125, val_acc: 9.81, fidel_score: 10.15, acc_loss: 1.6378343999385834, grad_loss: None
2022-04-27 21:14:27,952 DEBUG epoch: 214, train_acc: 45.90594959259033, val_acc: 9.92, fidel_score: 10.37, acc_loss: 1.6048214584589005, grad_loss: None
2022-04-27 21:14:29,998 DEBUG epoch: 215, train_acc: 43.1039662361145, val_acc: 9.89, fidel_score: 9.99, acc_loss: 1.59491066634655, grad_loss: None
2022-04-27 21:14:31,942 DEBUG epoch: 216, train_acc: 41.225961208343506, val_acc: 10.5, fidel_score: 10.77, acc_loss: 1.703165516257286, grad_loss: None
2022-04-27 21:14:33,724 DEBUG epoch: 217, train_acc: 44.89182662963867, val_acc: 10.66, fidel_score: 10.89, acc_loss: 1.5997492671012878, grad_loss: None
2022-04-27 21:14:35,846 DEBUG epoch: 218, train_acc: 45.0570912361145, val_acc: 10.27, fidel_score: 10.62, acc_loss: 1.5544227808713913, grad_loss: None
2022-04-27 21:14:37,854 DEBUG epoch: 219, train_acc: 44.20072078704834, val_acc: 10.79, fidel_score: 11.03, acc_loss: 1.626705840229988, grad_loss: None
2022-04-27 21:14:39,870 DEBUG epoch: 220, train_acc: 44.290865421295166, val_acc: 10.57, fidel_score: 10.85, acc_loss: 1.6052205115556717, grad_loss: None
2022-04-27 21:14:41,903 DEBUG epoch: 221, train_acc: 44.11057662963867, val_acc: 10.29, fidel_score: 10.52, acc_loss: 1.569417953491211, grad_loss: None
2022-04-27 21:14:43,890 DEBUG epoch: 222, train_acc: 43.021334171295166, val_acc: 10.31, fidel_score: 10.65, acc_loss: 1.6409101337194443, grad_loss: None
2022-04-27 21:14:45,700 DEBUG epoch: 223, train_acc: 48.30979537963867, val_acc: 9.94, fidel_score: 10.52, acc_loss: 1.546821653842926, grad_loss: None
2022-04-27 21:14:47,865 DEBUG epoch: 224, train_acc: 49.609375, val_acc: 10.23, fidel_score: 10.57, acc_loss: 1.4996656030416489, grad_loss: None
2022-04-27 21:14:49,824 DEBUG epoch: 225, train_acc: 44.9594349861145, val_acc: 10.41, fidel_score: 10.84, acc_loss: 1.5647289603948593, grad_loss: None
2022-04-27 21:14:51,806 DEBUG epoch: 226, train_acc: 45.22235584259033, val_acc: 10.62, fidel_score: 10.77, acc_loss: 1.556501567363739, grad_loss: None
2022-04-27 21:14:53,858 DEBUG epoch: 227, train_acc: 48.3774037361145, val_acc: 9.73, fidel_score: 10.05, acc_loss: 1.5363886952400208, grad_loss: None
2022-04-27 21:14:55,766 DEBUG epoch: 228, train_acc: 44.45612955093384, val_acc: 10.44, fidel_score: 10.78, acc_loss: 1.5859848409891129, grad_loss: None
2022-04-27 21:14:57,597 DEBUG epoch: 229, train_acc: 44.704026222229004, val_acc: 10.23, fidel_score: 10.56, acc_loss: 1.5620630234479904, grad_loss: None
2022-04-27 21:14:59,733 DEBUG epoch: 230, train_acc: 47.49098539352417, val_acc: 10.65, fidel_score: 11.04, acc_loss: 1.5545996576547623, grad_loss: None
2022-04-27 21:15:01,690 DEBUG epoch: 231, train_acc: 41.969651222229004, val_acc: 10.8, fidel_score: 10.98, acc_loss: 1.5889395773410797, grad_loss: None
2022-04-27 21:15:03,682 DEBUG epoch: 232, train_acc: 45.71063709259033, val_acc: 10.61, fidel_score: 10.77, acc_loss: 1.5350161045789719, grad_loss: None
2022-04-27 21:15:05,740 DEBUG epoch: 233, train_acc: 46.341646671295166, val_acc: 9.88, fidel_score: 10.0, acc_loss: 1.525416612625122, grad_loss: None
2022-04-27 21:15:07,695 DEBUG epoch: 234, train_acc: 47.62620162963867, val_acc: 10.67, fidel_score: 10.71, acc_loss: 1.525738462805748, grad_loss: None
2022-04-27 21:15:09,411 DEBUG epoch: 235, train_acc: 47.87409830093384, val_acc: 10.47, fidel_score: 10.76, acc_loss: 1.502730056643486, grad_loss: None
2022-04-27 21:15:11,429 DEBUG epoch: 236, train_acc: 43.67487955093384, val_acc: 10.52, fidel_score: 10.7, acc_loss: 1.6272178441286087, grad_loss: None
2022-04-27 21:15:13,489 DEBUG epoch: 237, train_acc: 45.99609375, val_acc: 10.5, fidel_score: 10.96, acc_loss: 1.569839522242546, grad_loss: None
2022-04-27 21:15:15,575 DEBUG epoch: 238, train_acc: 45.96604537963867, val_acc: 10.45, fidel_score: 10.61, acc_loss: 1.5086679607629776, grad_loss: None
2022-04-27 21:15:17,568 DEBUG epoch: 239, train_acc: 49.4516224861145, val_acc: 10.85, fidel_score: 11.02, acc_loss: 1.4617529511451721, grad_loss: None
2022-04-27 21:15:19,715 DEBUG epoch: 240, train_acc: 48.11448287963867, val_acc: 10.7, fidel_score: 10.72, acc_loss: 1.4921694993972778, grad_loss: None
2022-04-27 21:15:21,670 DEBUG epoch: 241, train_acc: 50.18780040740967, val_acc: 10.8, fidel_score: 11.21, acc_loss: 1.4518231004476547, grad_loss: None
2022-04-27 21:15:23,705 DEBUG epoch: 242, train_acc: 50.105167865753174, val_acc: 10.59, fidel_score: 10.94, acc_loss: 1.470715269446373, grad_loss: None
2022-04-27 21:15:25,723 DEBUG epoch: 243, train_acc: 51.246994972229004, val_acc: 10.68, fidel_score: 11.2, acc_loss: 1.3899034261703491, grad_loss: None
2022-04-27 21:15:27,689 DEBUG epoch: 244, train_acc: 51.246994972229004, val_acc: 10.68, fidel_score: 10.91, acc_loss: 1.400448128581047, grad_loss: None
2022-04-27 21:15:29,771 DEBUG epoch: 245, train_acc: 55.19831705093384, val_acc: 10.7, fidel_score: 11.01, acc_loss: 1.3365787863731384, grad_loss: None
2022-04-27 21:15:31,704 DEBUG epoch: 246, train_acc: 47.04026412963867, val_acc: 10.8, fidel_score: 10.97, acc_loss: 1.5053865611553192, grad_loss: None
2022-04-27 21:15:33,563 DEBUG epoch: 247, train_acc: 52.85456705093384, val_acc: 10.85, fidel_score: 11.16, acc_loss: 1.3568658530712128, grad_loss: None
2022-04-27 21:15:35,521 DEBUG epoch: 248, train_acc: 50.35306453704834, val_acc: 10.71, fidel_score: 11.02, acc_loss: 1.4257599264383316, grad_loss: None
2022-04-27 21:15:37,622 DEBUG epoch: 249, train_acc: 52.70432662963867, val_acc: 10.68, fidel_score: 11.04, acc_loss: 1.3716499209403992, grad_loss: None
2022-04-27 21:15:39,419 DEBUG epoch: 250, train_acc: 51.58503580093384, val_acc: 10.61, fidel_score: 10.99, acc_loss: 1.3703202605247498, grad_loss: None
2022-04-27 21:15:41,125 DEBUG epoch: 251, train_acc: 51.772836208343506, val_acc: 10.78, fidel_score: 10.91, acc_loss: 1.399571269750595, grad_loss: None
2022-04-27 21:15:43,164 DEBUG epoch: 252, train_acc: 50.931490421295166, val_acc: 11.03, fidel_score: 11.38, acc_loss: 1.4198713302612305, grad_loss: None
2022-04-27 21:15:45,139 DEBUG epoch: 253, train_acc: 51.19441080093384, val_acc: 10.5, fidel_score: 10.78, acc_loss: 1.376644715666771, grad_loss: None
2022-04-27 21:15:47,138 DEBUG epoch: 254, train_acc: 49.83473539352417, val_acc: 10.48, fidel_score: 10.78, acc_loss: 1.439147263765335, grad_loss: None
2022-04-27 21:15:49,097 DEBUG epoch: 255, train_acc: 50.26292037963867, val_acc: 10.45, fidel_score: 10.62, acc_loss: 1.3960863500833511, grad_loss: None
2022-04-27 21:15:51,220 DEBUG epoch: 256, train_acc: 53.27523994445801, val_acc: 10.48, fidel_score: 10.78, acc_loss: 1.3617923259735107, grad_loss: None
2022-04-27 21:15:53,165 DEBUG epoch: 257, train_acc: 48.85066080093384, val_acc: 10.9, fidel_score: 11.14, acc_loss: 1.4603775590658188, grad_loss: None
2022-04-27 21:15:55,242 DEBUG epoch: 258, train_acc: 50.473257064819336, val_acc: 11.42, fidel_score: 11.59, acc_loss: 1.3719978332519531, grad_loss: None
2022-04-27 21:15:57,409 DEBUG epoch: 259, train_acc: 50.38311290740967, val_acc: 10.81, fidel_score: 11.03, acc_loss: 1.3966585397720337, grad_loss: None
2022-04-27 21:15:59,460 DEBUG epoch: 260, train_acc: 50.09014415740967, val_acc: 10.71, fidel_score: 10.74, acc_loss: 1.3709470480680466, grad_loss: None
2022-04-27 21:16:01,420 DEBUG epoch: 261, train_acc: 53.01983165740967, val_acc: 10.51, fidel_score: 10.89, acc_loss: 1.321004495024681, grad_loss: None
2022-04-27 21:16:03,555 DEBUG epoch: 262, train_acc: 49.32391834259033, val_acc: 10.58, fidel_score: 10.85, acc_loss: 1.4452168941497803, grad_loss: None
2022-04-27 21:16:05,542 DEBUG epoch: 263, train_acc: 53.28275203704834, val_acc: 11.26, fidel_score: 11.46, acc_loss: 1.356661632657051, grad_loss: None
2022-04-27 21:16:07,711 DEBUG epoch: 264, train_acc: 50.1352162361145, val_acc: 10.92, fidel_score: 11.1, acc_loss: 1.380362793803215, grad_loss: None
2022-04-27 21:16:09,739 DEBUG epoch: 265, train_acc: 51.69020414352417, val_acc: 10.48, fidel_score: 11.04, acc_loss: 1.3943099826574326, grad_loss: None
2022-04-27 21:16:11,773 DEBUG epoch: 266, train_acc: 51.53245162963867, val_acc: 11.27, fidel_score: 11.23, acc_loss: 1.379384770989418, grad_loss: None
2022-04-27 21:16:13,751 DEBUG epoch: 267, train_acc: 54.1391224861145, val_acc: 10.9, fidel_score: 11.15, acc_loss: 1.3184146881103516, grad_loss: None
2022-04-27 21:16:15,894 DEBUG epoch: 268, train_acc: 53.200119972229004, val_acc: 10.8, fidel_score: 11.29, acc_loss: 1.3682233691215515, grad_loss: None
2022-04-27 21:16:17,865 DEBUG epoch: 269, train_acc: 53.21514415740967, val_acc: 10.71, fidel_score: 11.2, acc_loss: 1.3689765930175781, grad_loss: None
2022-04-27 21:16:20,037 DEBUG epoch: 270, train_acc: 52.04326915740967, val_acc: 10.68, fidel_score: 10.76, acc_loss: 1.3684740215539932, grad_loss: None
2022-04-27 21:16:22,077 DEBUG epoch: 271, train_acc: 52.681790828704834, val_acc: 10.98, fidel_score: 11.31, acc_loss: 1.3623491674661636, grad_loss: None
2022-04-27 21:16:24,132 DEBUG epoch: 272, train_acc: 53.08743953704834, val_acc: 10.58, fidel_score: 11.02, acc_loss: 1.338468536734581, grad_loss: None
2022-04-27 21:16:26,188 DEBUG epoch: 273, train_acc: 52.83203125, val_acc: 10.76, fidel_score: 10.99, acc_loss: 1.4049905985593796, grad_loss: None
2022-04-27 21:16:28,283 DEBUG epoch: 274, train_acc: 52.681790828704834, val_acc: 10.66, fidel_score: 11.21, acc_loss: 1.367491528391838, grad_loss: None
2022-04-27 21:16:30,266 DEBUG epoch: 275, train_acc: 51.52493953704834, val_acc: 10.4, fidel_score: 10.39, acc_loss: 1.3929166793823242, grad_loss: None
2022-04-27 21:16:32,408 DEBUG epoch: 276, train_acc: 54.1391224861145, val_acc: 10.44, fidel_score: 10.65, acc_loss: 1.3294520825147629, grad_loss: None
2022-04-27 21:16:34,419 DEBUG epoch: 277, train_acc: 52.63671875, val_acc: 10.72, fidel_score: 10.73, acc_loss: 1.3082505613565445, grad_loss: None
2022-04-27 21:16:36,451 DEBUG epoch: 278, train_acc: 51.637619972229004, val_acc: 10.7, fidel_score: 11.15, acc_loss: 1.3784756511449814, grad_loss: None
2022-04-27 21:16:38,643 DEBUG epoch: 279, train_acc: 52.193509578704834, val_acc: 10.85, fidel_score: 10.97, acc_loss: 1.3205993473529816, grad_loss: None
2022-04-27 21:16:40,581 DEBUG epoch: 280, train_acc: 54.4921875, val_acc: 10.62, fidel_score: 10.75, acc_loss: 1.2916027307510376, grad_loss: None
2022-04-27 21:16:42,454 DEBUG epoch: 281, train_acc: 51.870492458343506, val_acc: 11.09, fidel_score: 11.56, acc_loss: 1.362606093287468, grad_loss: None
2022-04-27 21:16:44,475 DEBUG epoch: 282, train_acc: 55.23587703704834, val_acc: 10.71, fidel_score: 11.15, acc_loss: 1.3043836802244186, grad_loss: None
2022-04-27 21:16:46,465 DEBUG epoch: 283, train_acc: 47.95673084259033, val_acc: 10.94, fidel_score: 11.26, acc_loss: 1.4243546426296234, grad_loss: None
2022-04-27 21:16:48,303 DEBUG epoch: 284, train_acc: 52.103365421295166, val_acc: 11.31, fidel_score: 11.37, acc_loss: 1.3552037626504898, grad_loss: None
2022-04-27 21:16:49,999 DEBUG epoch: 285, train_acc: 52.914663314819336, val_acc: 10.8, fidel_score: 10.94, acc_loss: 1.3306898474693298, grad_loss: None
2022-04-27 21:16:51,786 DEBUG epoch: 286, train_acc: 53.90625, val_acc: 10.74, fidel_score: 11.03, acc_loss: 1.3361747413873672, grad_loss: None
2022-04-27 21:16:53,248 DEBUG epoch: 287, train_acc: 55.183292865753174, val_acc: 10.89, fidel_score: 11.21, acc_loss: 1.3025055229663849, grad_loss: None
2022-04-27 21:16:54,847 DEBUG epoch: 288, train_acc: 51.57001209259033, val_acc: 11.04, fidel_score: 11.27, acc_loss: 1.3878593742847443, grad_loss: None
2022-04-27 21:16:56,420 DEBUG epoch: 289, train_acc: 54.64242744445801, val_acc: 10.68, fidel_score: 10.88, acc_loss: 1.311163380742073, grad_loss: None
2022-04-27 21:16:58,002 DEBUG epoch: 290, train_acc: 51.63010787963867, val_acc: 10.86, fidel_score: 11.14, acc_loss: 1.3979438990354538, grad_loss: None
2022-04-27 21:16:59,649 DEBUG epoch: 291, train_acc: 52.651742458343506, val_acc: 10.58, fidel_score: 10.9, acc_loss: 1.3213669806718826, grad_loss: None
2022-04-27 21:17:01,353 DEBUG epoch: 292, train_acc: 54.890324115753174, val_acc: 10.97, fidel_score: 11.34, acc_loss: 1.2887758910655975, grad_loss: None
2022-04-27 21:17:03,810 DEBUG epoch: 293, train_acc: 50.796273708343506, val_acc: 11.03, fidel_score: 11.2, acc_loss: 1.39177006483078, grad_loss: None
2022-04-27 21:17:06,349 DEBUG epoch: 294, train_acc: 53.267728328704834, val_acc: 10.33, fidel_score: 10.56, acc_loss: 1.298336699604988, grad_loss: None
2022-04-27 21:17:08,253 DEBUG epoch: 295, train_acc: 53.48557662963867, val_acc: 11.1, fidel_score: 11.08, acc_loss: 1.3299106806516647, grad_loss: None
2022-04-27 21:17:10,310 DEBUG epoch: 296, train_acc: 50.96905040740967, val_acc: 11.03, fidel_score: 10.99, acc_loss: 1.4340592175722122, grad_loss: None
2022-04-27 21:17:12,337 DEBUG epoch: 297, train_acc: 54.4921875, val_acc: 11.17, fidel_score: 11.68, acc_loss: 1.3029761761426926, grad_loss: None
2022-04-27 21:17:14,248 DEBUG epoch: 298, train_acc: 50.465744972229004, val_acc: 11.36, fidel_score: 11.66, acc_loss: 1.435599833726883, grad_loss: None
2022-04-27 21:17:16,440 DEBUG epoch: 299, train_acc: 53.01983165740967, val_acc: 10.89, fidel_score: 11.08, acc_loss: 1.3837068974971771, grad_loss: None
2022-04-27 21:17:18,398 DEBUG epoch: 300, train_acc: 55.37109375, val_acc: 11.33, fidel_score: 11.62, acc_loss: 1.3595987558364868, grad_loss: None
2022-04-27 21:17:18,398 DEBUG load best stealed model.
2022-04-27 21:17:18,398 DEBUG Best perform model, val_acc: 11.42, fidel_score: 11.59, acc_loss: 1.3029761761426926
2022-04-27 21:17:18,399 DEBUG load cloest stealed model.
2022-04-27 21:17:18,399 DEBUG Closest perform model, val_acc: 11.17, fidel_score: 11.68, acc_loss: 1.3029761761426926
