2022-05-03 13:43:25,092 DEBUG Namespace(adversairal_attack=False, arch='vgg11_bn', attack_client=0, attack_epochs=300, attack_style='Generator_option_nz512_noisew1.0', average_time=1, batch_size=128, bottleneck_option='None', cutlayer=4, data_proportion=0.0, dataset='cifar10', filename='ace_V2_epoch_vgg11_bn_cutlayer_4_client_1_seed125_dataset_cifar10_lr_0.05_200epoch', folder='saves/baseline', learning_rate=0.02, noniid_ratio=1.0, num_client=1, num_epochs='best', num_query=100000, random_seed=123, regularization='None', regularization_strength=0.0, scheme='V2_epoch', surrogate_arch='same', test_best=True, train_clas_layer=2.0)
2022-05-03 13:43:28,702 DEBUG Test (client-0):	Loss 0.6164 (0.3623)	Prec@1 81.250 (91.890)
2022-05-03 13:43:28,702 DEBUG  * Prec@1 91.890
2022-05-03 13:43:28,901 DEBUG 4
2022-05-03 13:43:28,901 DEBUG surrogate parameter has 4 trainable parameters!
2022-05-03 17:30:50,922 DEBUG Namespace(adversairal_attack=False, arch='vgg11_bn', attack_client=0, attack_epochs=300, attack_style='Generator_option_nz512_noisew1.0', average_time=1, batch_size=128, bottleneck_option='None', cutlayer=4, data_proportion=0.0, dataset='cifar10', filename='ace_V2_epoch_vgg11_bn_cutlayer_4_client_1_seed125_dataset_cifar10_lr_0.05_200epoch', folder='saves/baseline', learning_rate=0.02, noniid_ratio=1.0, num_client=1, num_epochs='best', num_query=100000, random_seed=123, regularization='None', regularization_strength=0.0, scheme='V2_epoch', surrogate_arch='same', test_best=True, train_clas_layer=2.0)
2022-05-03 17:30:54,439 DEBUG Test (client-0):	Loss 0.6164 (0.3623)	Prec@1 81.250 (91.890)
2022-05-03 17:30:54,440 DEBUG  * Prec@1 91.890
2022-05-03 17:30:54,614 DEBUG 4
2022-05-03 17:30:54,614 DEBUG surrogate parameter has 4 trainable parameters!
2022-05-03 17:30:55,046 DEBUG Train step: 10	 CE_Loss: 1.3769195080 diversity_Loss: 0.5659126043 bc_losses (G):  0.0000000000  bc_losses (D)):  0.0000000000
2022-05-03 17:30:55,452 DEBUG Train step: 20	 CE_Loss: 0.0060979305 diversity_Loss: 0.4521377385 bc_losses (G):  0.0000000000  bc_losses (D)):  0.0000000000
2022-05-03 17:30:55,857 DEBUG Train step: 30	 CE_Loss: 0.0069661909 diversity_Loss: 0.4597020745 bc_losses (G):  0.0000000000  bc_losses (D)):  0.0000000000
2022-05-03 17:30:56,266 DEBUG Train step: 40	 CE_Loss: 0.0012912829 diversity_Loss: 0.4720356762 bc_losses (G):  0.0000000000  bc_losses (D)):  0.0000000000
2022-05-03 17:30:56,672 DEBUG Train step: 50	 CE_Loss: 0.0014091473 diversity_Loss: 0.4907816648 bc_losses (G):  0.0000000000  bc_losses (D)):  0.0000000000
2022-05-03 17:30:57,081 DEBUG Train step: 60	 CE_Loss: 0.0007045416 diversity_Loss: 0.5154307485 bc_losses (G):  0.0000000000  bc_losses (D)):  0.0000000000
2022-05-03 17:30:57,489 DEBUG Train step: 70	 CE_Loss: 0.0020026721 diversity_Loss: 0.5514384508 bc_losses (G):  0.0000000000  bc_losses (D)):  0.0000000000
2022-05-03 17:30:57,900 DEBUG Train step: 80	 CE_Loss: 0.0010762280 diversity_Loss: 0.5631877184 bc_losses (G):  0.0000000000  bc_losses (D)):  0.0000000000
2022-05-03 17:30:58,307 DEBUG Train step: 90	 CE_Loss: 0.0023905132 diversity_Loss: 0.6593550444 bc_losses (G):  0.0000000000  bc_losses (D)):  0.0000000000
2022-05-03 17:30:58,715 DEBUG Train step: 100	 CE_Loss: 0.0016540228 diversity_Loss: 0.6588581204 bc_losses (G):  0.0000000000  bc_losses (D)):  0.0000000000
2022-05-03 17:30:59,121 DEBUG Train step: 110	 CE_Loss: 0.0183918700 diversity_Loss: 0.6612396240 bc_losses (G):  0.0000000000  bc_losses (D)):  0.0000000000
2022-05-03 17:30:59,527 DEBUG Train step: 120	 CE_Loss: 0.0026701724 diversity_Loss: 0.6820427775 bc_losses (G):  0.0000000000  bc_losses (D)):  0.0000000000
2022-05-03 17:30:59,933 DEBUG Train step: 130	 CE_Loss: 0.0011318042 diversity_Loss: 0.6734235287 bc_losses (G):  0.0000000000  bc_losses (D)):  0.0000000000
2022-05-03 17:31:00,334 DEBUG Train step: 140	 CE_Loss: 0.0045784083 diversity_Loss: 0.7161617875 bc_losses (G):  0.0000000000  bc_losses (D)):  0.0000000000
2022-05-03 17:31:00,737 DEBUG Train step: 150	 CE_Loss: 0.0025328558 diversity_Loss: 0.7132644653 bc_losses (G):  0.0000000000  bc_losses (D)):  0.0000000000
2022-05-03 17:31:01,139 DEBUG Train step: 160	 CE_Loss: 0.0206734110 diversity_Loss: 0.7297772169 bc_losses (G):  0.0000000000  bc_losses (D)):  0.0000000000
2022-05-03 17:31:01,542 DEBUG Train step: 170	 CE_Loss: 0.0026586314 diversity_Loss: 0.7409293056 bc_losses (G):  0.0000000000  bc_losses (D)):  0.0000000000
2022-05-03 17:31:01,943 DEBUG Train step: 180	 CE_Loss: 0.0019264971 diversity_Loss: 0.7355045080 bc_losses (G):  0.0000000000  bc_losses (D)):  0.0000000000
2022-05-03 17:31:02,345 DEBUG Train step: 190	 CE_Loss: 0.0025914542 diversity_Loss: 0.7620808482 bc_losses (G):  0.0000000000  bc_losses (D)):  0.0000000000
2022-05-03 17:31:02,749 DEBUG Train step: 200	 CE_Loss: 0.0281449016 diversity_Loss: 0.7818884254 bc_losses (G):  0.0000000000  bc_losses (D)):  0.0000000000
2022-05-03 17:31:03,151 DEBUG Train step: 210	 CE_Loss: 0.0095122764 diversity_Loss: 0.7826656103 bc_losses (G):  0.0000000000  bc_losses (D)):  0.0000000000
2022-05-03 17:31:03,553 DEBUG Train step: 220	 CE_Loss: 0.0087902639 diversity_Loss: 0.7784509659 bc_losses (G):  0.0000000000  bc_losses (D)):  0.0000000000
2022-05-03 17:31:03,957 DEBUG Train step: 230	 CE_Loss: 0.0011898092 diversity_Loss: 0.8107259274 bc_losses (G):  0.0000000000  bc_losses (D)):  0.0000000000
2022-05-03 17:31:04,359 DEBUG Train step: 240	 CE_Loss: 0.0037916324 diversity_Loss: 0.7982025743 bc_losses (G):  0.0000000000  bc_losses (D)):  0.0000000000
2022-05-03 17:31:04,761 DEBUG Train step: 250	 CE_Loss: 0.0084329238 diversity_Loss: 0.8184915185 bc_losses (G):  0.0000000000  bc_losses (D)):  0.0000000000
2022-05-03 17:31:05,163 DEBUG Train step: 260	 CE_Loss: 0.0136660747 diversity_Loss: 0.8269646764 bc_losses (G):  0.0000000000  bc_losses (D)):  0.0000000000
2022-05-03 17:31:05,565 DEBUG Train step: 270	 CE_Loss: 0.0071638250 diversity_Loss: 0.8234883547 bc_losses (G):  0.0000000000  bc_losses (D)):  0.0000000000
2022-05-03 17:31:05,967 DEBUG Train step: 280	 CE_Loss: 0.0019183959 diversity_Loss: 0.8277484179 bc_losses (G):  0.0000000000  bc_losses (D)):  0.0000000000
2022-05-03 17:31:06,370 DEBUG Train step: 290	 CE_Loss: 0.0008651614 diversity_Loss: 0.8152831793 bc_losses (G):  0.0000000000  bc_losses (D)):  0.0000000000
2022-05-03 17:31:06,773 DEBUG Train step: 300	 CE_Loss: 0.0485000387 diversity_Loss: 0.8455552459 bc_losses (G):  0.0000000000  bc_losses (D)):  0.0000000000
2022-05-03 17:31:07,176 DEBUG Train step: 310	 CE_Loss: 0.0116967373 diversity_Loss: 0.8522585630 bc_losses (G):  0.0000000000  bc_losses (D)):  0.0000000000
2022-05-03 17:31:07,578 DEBUG Train step: 320	 CE_Loss: 0.0028453646 diversity_Loss: 0.8306463957 bc_losses (G):  0.0000000000  bc_losses (D)):  0.0000000000
2022-05-03 17:31:07,981 DEBUG Train step: 330	 CE_Loss: 0.0103488807 diversity_Loss: 0.8598469496 bc_losses (G):  0.0000000000  bc_losses (D)):  0.0000000000
2022-05-03 17:31:08,383 DEBUG Train step: 340	 CE_Loss: 0.0056922119 diversity_Loss: 0.8732156157 bc_losses (G):  0.0000000000  bc_losses (D)):  0.0000000000
2022-05-03 17:31:08,786 DEBUG Train step: 350	 CE_Loss: 0.0009428593 diversity_Loss: 0.8470843434 bc_losses (G):  0.0000000000  bc_losses (D)):  0.0000000000
2022-05-03 17:31:09,188 DEBUG Train step: 360	 CE_Loss: 0.0025370922 diversity_Loss: 0.8700622320 bc_losses (G):  0.0000000000  bc_losses (D)):  0.0000000000
2022-05-03 17:31:09,591 DEBUG Train step: 370	 CE_Loss: 0.0029814630 diversity_Loss: 0.8677338362 bc_losses (G):  0.0000000000  bc_losses (D)):  0.0000000000
2022-05-03 17:31:09,993 DEBUG Train step: 380	 CE_Loss: 0.0140167950 diversity_Loss: 0.8664819002 bc_losses (G):  0.0000000000  bc_losses (D)):  0.0000000000
2022-05-03 17:31:10,395 DEBUG Train step: 390	 CE_Loss: 0.0075496729 diversity_Loss: 0.8830263615 bc_losses (G):  0.0000000000  bc_losses (D)):  0.0000000000
2022-05-03 17:31:10,797 DEBUG Train step: 400	 CE_Loss: 0.0013097770 diversity_Loss: 0.8667578101 bc_losses (G):  0.0000000000  bc_losses (D)):  0.0000000000
2022-05-03 17:31:11,200 DEBUG Train step: 410	 CE_Loss: 0.0019582747 diversity_Loss: 0.8923406601 bc_losses (G):  0.0000000000  bc_losses (D)):  0.0000000000
2022-05-03 17:31:11,601 DEBUG Train step: 420	 CE_Loss: 0.0017005641 diversity_Loss: 0.8771314621 bc_losses (G):  0.0000000000  bc_losses (D)):  0.0000000000
2022-05-03 17:31:12,003 DEBUG Train step: 430	 CE_Loss: 0.0006757145 diversity_Loss: 0.8963463306 bc_losses (G):  0.0000000000  bc_losses (D)):  0.0000000000
2022-05-03 17:31:12,405 DEBUG Train step: 440	 CE_Loss: 0.0066369921 diversity_Loss: 0.8867419958 bc_losses (G):  0.0000000000  bc_losses (D)):  0.0000000000
2022-05-03 17:31:12,807 DEBUG Train step: 450	 CE_Loss: 0.0026307506 diversity_Loss: 0.8848501444 bc_losses (G):  0.0000000000  bc_losses (D)):  0.0000000000
2022-05-03 17:31:13,210 DEBUG Train step: 460	 CE_Loss: 0.0043757427 diversity_Loss: 0.8914448619 bc_losses (G):  0.0000000000  bc_losses (D)):  0.0000000000
2022-05-03 17:31:13,612 DEBUG Train step: 470	 CE_Loss: 0.0015474164 diversity_Loss: 0.8792864680 bc_losses (G):  0.0000000000  bc_losses (D)):  0.0000000000
2022-05-03 17:31:14,015 DEBUG Train step: 480	 CE_Loss: 0.0006951115 diversity_Loss: 0.8795882463 bc_losses (G):  0.0000000000  bc_losses (D)):  0.0000000000
2022-05-03 17:31:14,418 DEBUG Train step: 490	 CE_Loss: 0.0168010835 diversity_Loss: 0.8899427652 bc_losses (G):  0.0000000000  bc_losses (D)):  0.0000000000
2022-05-03 17:31:14,821 DEBUG Train step: 500	 CE_Loss: 0.0020252413 diversity_Loss: 0.8941372633 bc_losses (G):  0.0000000000  bc_losses (D)):  0.0000000000
2022-05-03 17:31:15,223 DEBUG Train step: 510	 CE_Loss: 0.0088697616 diversity_Loss: 0.8958578110 bc_losses (G):  0.0000000000  bc_losses (D)):  0.0000000000
2022-05-03 17:31:15,625 DEBUG Train step: 520	 CE_Loss: 0.0096298968 diversity_Loss: 0.8941509724 bc_losses (G):  0.0000000000  bc_losses (D)):  0.0000000000
2022-05-03 17:31:16,027 DEBUG Train step: 530	 CE_Loss: 0.0197492093 diversity_Loss: 0.8789652586 bc_losses (G):  0.0000000000  bc_losses (D)):  0.0000000000
2022-05-03 17:31:16,429 DEBUG Train step: 540	 CE_Loss: 0.0020071717 diversity_Loss: 0.8757975698 bc_losses (G):  0.0000000000  bc_losses (D)):  0.0000000000
2022-05-03 17:31:16,832 DEBUG Train step: 550	 CE_Loss: 0.0034882398 diversity_Loss: 0.8928185701 bc_losses (G):  0.0000000000  bc_losses (D)):  0.0000000000
2022-05-03 17:31:17,234 DEBUG Train step: 560	 CE_Loss: 0.0103980117 diversity_Loss: 0.9009260535 bc_losses (G):  0.0000000000  bc_losses (D)):  0.0000000000
2022-05-03 17:31:17,637 DEBUG Train step: 570	 CE_Loss: 0.0006728904 diversity_Loss: 0.8809084892 bc_losses (G):  0.0000000000  bc_losses (D)):  0.0000000000
2022-05-03 17:31:18,040 DEBUG Train step: 580	 CE_Loss: 0.0006948239 diversity_Loss: 0.9006362557 bc_losses (G):  0.0000000000  bc_losses (D)):  0.0000000000
2022-05-03 17:31:18,444 DEBUG Train step: 590	 CE_Loss: 0.0290713683 diversity_Loss: 0.9036604166 bc_losses (G):  0.0000000000  bc_losses (D)):  0.0000000000
2022-05-03 17:31:18,846 DEBUG Train step: 600	 CE_Loss: 0.0210418012 diversity_Loss: 0.8999865651 bc_losses (G):  0.0000000000  bc_losses (D)):  0.0000000000
2022-05-03 17:31:19,249 DEBUG Train step: 610	 CE_Loss: 0.0142967748 diversity_Loss: 0.9009092450 bc_losses (G):  0.0000000000  bc_losses (D)):  0.0000000000
2022-05-03 17:31:19,652 DEBUG Train step: 620	 CE_Loss: 0.0005797185 diversity_Loss: 0.9104443192 bc_losses (G):  0.0000000000  bc_losses (D)):  0.0000000000
2022-05-03 17:31:20,055 DEBUG Train step: 630	 CE_Loss: 0.0086287921 diversity_Loss: 0.8915382028 bc_losses (G):  0.0000000000  bc_losses (D)):  0.0000000000
2022-05-03 17:31:20,458 DEBUG Train step: 640	 CE_Loss: 0.0020616644 diversity_Loss: 0.8933174014 bc_losses (G):  0.0000000000  bc_losses (D)):  0.0000000000
2022-05-03 17:31:20,861 DEBUG Train step: 650	 CE_Loss: 0.0016334358 diversity_Loss: 0.8950792551 bc_losses (G):  0.0000000000  bc_losses (D)):  0.0000000000
2022-05-03 17:31:21,265 DEBUG Train step: 660	 CE_Loss: 0.0010612090 diversity_Loss: 0.8926281333 bc_losses (G):  0.0000000000  bc_losses (D)):  0.0000000000
2022-05-03 17:31:21,668 DEBUG Train step: 670	 CE_Loss: 0.0005560105 diversity_Loss: 0.8970928788 bc_losses (G):  0.0000000000  bc_losses (D)):  0.0000000000
2022-05-03 17:31:22,070 DEBUG Train step: 680	 CE_Loss: 0.0173939094 diversity_Loss: 0.9003397822 bc_losses (G):  0.0000000000  bc_losses (D)):  0.0000000000
2022-05-03 17:31:22,474 DEBUG Train step: 690	 CE_Loss: 0.0012480591 diversity_Loss: 0.8959384561 bc_losses (G):  0.0000000000  bc_losses (D)):  0.0000000000
2022-05-03 17:31:22,876 DEBUG Train step: 700	 CE_Loss: 0.0382476002 diversity_Loss: 0.9067408442 bc_losses (G):  0.0000000000  bc_losses (D)):  0.0000000000
2022-05-03 17:31:23,280 DEBUG Train step: 710	 CE_Loss: 0.0007261778 diversity_Loss: 0.9034647346 bc_losses (G):  0.0000000000  bc_losses (D)):  0.0000000000
2022-05-03 17:31:23,682 DEBUG Train step: 720	 CE_Loss: 0.0009716913 diversity_Loss: 0.9077360034 bc_losses (G):  0.0000000000  bc_losses (D)):  0.0000000000
2022-05-03 17:31:24,085 DEBUG Train step: 730	 CE_Loss: 0.0063658669 diversity_Loss: 0.9055342674 bc_losses (G):  0.0000000000  bc_losses (D)):  0.0000000000
2022-05-03 17:31:24,489 DEBUG Train step: 740	 CE_Loss: 0.0010001321 diversity_Loss: 0.8991654515 bc_losses (G):  0.0000000000  bc_losses (D)):  0.0000000000
2022-05-03 17:31:24,891 DEBUG Train step: 750	 CE_Loss: 0.0051007569 diversity_Loss: 0.8966880441 bc_losses (G):  0.0000000000  bc_losses (D)):  0.0000000000
2022-05-03 17:31:25,295 DEBUG Train step: 760	 CE_Loss: 0.0272040553 diversity_Loss: 0.9030436277 bc_losses (G):  0.0000000000  bc_losses (D)):  0.0000000000
2022-05-03 17:31:25,699 DEBUG Train step: 770	 CE_Loss: 0.0020039645 diversity_Loss: 0.9073135853 bc_losses (G):  0.0000000000  bc_losses (D)):  0.0000000000
2022-05-03 17:31:26,102 DEBUG Train step: 780	 CE_Loss: 0.0027106588 diversity_Loss: 0.9291465282 bc_losses (G):  0.0000000000  bc_losses (D)):  0.0000000000
2022-05-03 17:31:26,506 DEBUG Train step: 790	 CE_Loss: 0.0200507045 diversity_Loss: 0.9137806296 bc_losses (G):  0.0000000000  bc_losses (D)):  0.0000000000
2022-05-03 17:31:26,909 DEBUG Train step: 800	 CE_Loss: 0.0007461298 diversity_Loss: 0.9128538966 bc_losses (G):  0.0000000000  bc_losses (D)):  0.0000000000
2022-05-03 17:31:27,312 DEBUG Train step: 810	 CE_Loss: 0.0009857961 diversity_Loss: 0.9195047021 bc_losses (G):  0.0000000000  bc_losses (D)):  0.0000000000
2022-05-03 17:31:27,715 DEBUG Train step: 820	 CE_Loss: 0.0020284625 diversity_Loss: 0.9121202826 bc_losses (G):  0.0000000000  bc_losses (D)):  0.0000000000
2022-05-03 17:31:28,118 DEBUG Train step: 830	 CE_Loss: 0.0007999956 diversity_Loss: 0.9125729799 bc_losses (G):  0.0000000000  bc_losses (D)):  0.0000000000
2022-05-03 17:31:28,521 DEBUG Train step: 840	 CE_Loss: 0.0008827255 diversity_Loss: 0.9125036597 bc_losses (G):  0.0000000000  bc_losses (D)):  0.0000000000
2022-05-03 17:31:28,924 DEBUG Train step: 850	 CE_Loss: 0.0016023596 diversity_Loss: 0.9074525237 bc_losses (G):  0.0000000000  bc_losses (D)):  0.0000000000
2022-05-03 17:31:29,326 DEBUG Train step: 860	 CE_Loss: 0.0011067982 diversity_Loss: 0.9117625356 bc_losses (G):  0.0000000000  bc_losses (D)):  0.0000000000
2022-05-03 17:31:29,729 DEBUG Train step: 870	 CE_Loss: 0.0011318979 diversity_Loss: 0.8879398704 bc_losses (G):  0.0000000000  bc_losses (D)):  0.0000000000
2022-05-03 17:31:30,132 DEBUG Train step: 880	 CE_Loss: 0.0094555272 diversity_Loss: 0.9186056852 bc_losses (G):  0.0000000000  bc_losses (D)):  0.0000000000
2022-05-03 17:31:30,536 DEBUG Train step: 890	 CE_Loss: 0.0112343654 diversity_Loss: 0.9219323397 bc_losses (G):  0.0000000000  bc_losses (D)):  0.0000000000
2022-05-03 17:31:30,938 DEBUG Train step: 900	 CE_Loss: 0.0150573365 diversity_Loss: 0.9003258944 bc_losses (G):  0.0000000000  bc_losses (D)):  0.0000000000
2022-05-03 17:31:31,342 DEBUG Train step: 910	 CE_Loss: 0.0008013831 diversity_Loss: 0.9018673301 bc_losses (G):  0.0000000000  bc_losses (D)):  0.0000000000
2022-05-03 17:31:31,745 DEBUG Train step: 920	 CE_Loss: 0.0257463939 diversity_Loss: 0.9100592732 bc_losses (G):  0.0000000000  bc_losses (D)):  0.0000000000
2022-05-03 17:31:32,148 DEBUG Train step: 930	 CE_Loss: 0.0015686579 diversity_Loss: 0.9105946422 bc_losses (G):  0.0000000000  bc_losses (D)):  0.0000000000
2022-05-03 17:31:32,552 DEBUG Train step: 940	 CE_Loss: 0.0026078727 diversity_Loss: 0.9132162929 bc_losses (G):  0.0000000000  bc_losses (D)):  0.0000000000
2022-05-03 17:31:32,955 DEBUG Train step: 950	 CE_Loss: 0.0091460338 diversity_Loss: 0.9085227847 bc_losses (G):  0.0000000000  bc_losses (D)):  0.0000000000
2022-05-03 17:31:33,358 DEBUG Train step: 960	 CE_Loss: 0.0565374196 diversity_Loss: 0.9150454998 bc_losses (G):  0.0000000000  bc_losses (D)):  0.0000000000
2022-05-03 17:31:33,762 DEBUG Train step: 970	 CE_Loss: 0.0296963882 diversity_Loss: 0.9111581445 bc_losses (G):  0.0000000000  bc_losses (D)):  0.0000000000
2022-05-03 17:31:34,165 DEBUG Train step: 980	 CE_Loss: 0.0381136313 diversity_Loss: 0.9175522923 bc_losses (G):  0.0000000000  bc_losses (D)):  0.0000000000
2022-05-03 17:31:34,568 DEBUG Train step: 990	 CE_Loss: 0.0005345148 diversity_Loss: 0.9177367687 bc_losses (G):  0.0000000000  bc_losses (D)):  0.0000000000
2022-05-03 17:31:34,971 DEBUG Train step: 1000	 CE_Loss: 0.0678028613 diversity_Loss: 0.9139630198 bc_losses (G):  0.0000000000  bc_losses (D)):  0.0000000000
2022-05-03 17:31:34,971 DEBUG End of Training: 	 CE_Loss: 0.0678028613 diversity_Loss: 0.9139630198 bc_losses (G):  0.0000000000  bc_losses (D)):  0.0000000000
2022-05-03 17:31:36,120 DEBUG epoch: 0, val_acc: 8.45, val_fidelity: 8.5
2022-05-03 17:31:38,204 DEBUG epoch: 1, train_acc: 88.2421875, val_acc: 91.66, fidel_score: 98.42, acc_loss: 0.6654342946596443, grad_loss: None
2022-05-03 17:31:40,100 DEBUG epoch: 2, train_acc: 99.84375, val_acc: 91.6, fidel_score: 98.08, acc_loss: 0.013300596992485226, grad_loss: None
2022-05-03 17:31:42,000 DEBUG epoch: 3, train_acc: 99.8828125, val_acc: 91.64, fidel_score: 98.07, acc_loss: 0.00727282885927707, grad_loss: None
2022-05-03 17:31:43,856 DEBUG epoch: 4, train_acc: 99.84375, val_acc: 91.75, fidel_score: 98.16, acc_loss: 0.0067653328063897785, grad_loss: None
2022-05-03 17:31:45,711 DEBUG epoch: 5, train_acc: 99.84375, val_acc: 91.81, fidel_score: 98.26, acc_loss: 0.007210578478407115, grad_loss: None
2022-05-03 17:31:47,572 DEBUG epoch: 6, train_acc: 99.8828125, val_acc: 91.81, fidel_score: 98.32, acc_loss: 0.007158882153453306, grad_loss: None
2022-05-03 17:31:49,431 DEBUG epoch: 7, train_acc: 99.765625, val_acc: 91.79, fidel_score: 98.36, acc_loss: 0.009086298325564712, grad_loss: None
2022-05-03 17:31:51,294 DEBUG epoch: 8, train_acc: 99.8046875, val_acc: 91.72, fidel_score: 98.16, acc_loss: 0.007041175768245011, grad_loss: None
2022-05-03 17:31:53,150 DEBUG epoch: 9, train_acc: 99.8828125, val_acc: 91.76, fidel_score: 98.06, acc_loss: 0.006290187209378928, grad_loss: None
2022-05-03 17:31:55,023 DEBUG epoch: 10, train_acc: 99.8828125, val_acc: 91.79, fidel_score: 98.03, acc_loss: 0.005253062036354094, grad_loss: None
2022-05-03 17:31:56,892 DEBUG epoch: 11, train_acc: 99.7265625, val_acc: 91.72, fidel_score: 98.11, acc_loss: 0.00838299235329032, grad_loss: None
2022-05-03 17:31:58,765 DEBUG epoch: 12, train_acc: 100.0, val_acc: 91.72, fidel_score: 98.12, acc_loss: 0.003842475067358464, grad_loss: None
2022-05-03 17:32:00,632 DEBUG epoch: 13, train_acc: 99.921875, val_acc: 91.76, fidel_score: 98.16, acc_loss: 0.0064609031833242625, grad_loss: None
2022-05-03 17:32:02,495 DEBUG epoch: 14, train_acc: 99.921875, val_acc: 91.72, fidel_score: 98.14, acc_loss: 0.00476991271134466, grad_loss: None
2022-05-03 17:32:04,364 DEBUG epoch: 15, train_acc: 99.921875, val_acc: 91.74, fidel_score: 98.08, acc_loss: 0.004055058833910152, grad_loss: None
2022-05-03 17:32:06,236 DEBUG epoch: 16, train_acc: 99.921875, val_acc: 91.78, fidel_score: 98.1, acc_loss: 0.004008101503131911, grad_loss: None
2022-05-03 17:32:08,100 DEBUG epoch: 17, train_acc: 99.921875, val_acc: 91.73, fidel_score: 98.11, acc_loss: 0.005152882513357326, grad_loss: None
2022-05-03 17:32:09,962 DEBUG epoch: 18, train_acc: 99.8046875, val_acc: 91.78, fidel_score: 98.08, acc_loss: 0.008081102039432153, grad_loss: None
2022-05-03 17:32:11,820 DEBUG epoch: 19, train_acc: 99.8828125, val_acc: 91.81, fidel_score: 98.06, acc_loss: 0.004586495971307158, grad_loss: None
2022-05-03 17:32:13,689 DEBUG epoch: 20, train_acc: 99.921875, val_acc: 91.82, fidel_score: 98.13, acc_loss: 0.005814339494099841, grad_loss: None
2022-05-03 17:32:15,533 DEBUG epoch: 21, train_acc: 99.84375, val_acc: 91.82, fidel_score: 98.03, acc_loss: 0.007239940398721956, grad_loss: None
2022-05-03 17:32:17,401 DEBUG epoch: 22, train_acc: 99.8046875, val_acc: 91.7, fidel_score: 97.89, acc_loss: 0.006681819731602446, grad_loss: None
2022-05-03 17:32:19,254 DEBUG epoch: 23, train_acc: 99.84375, val_acc: 91.79, fidel_score: 97.98, acc_loss: 0.006794558360707015, grad_loss: None
2022-05-03 17:32:21,115 DEBUG epoch: 24, train_acc: 99.84375, val_acc: 91.77, fidel_score: 97.97, acc_loss: 0.0067652061901753765, grad_loss: None
2022-05-03 17:32:22,972 DEBUG epoch: 25, train_acc: 99.9609375, val_acc: 91.79, fidel_score: 98.05, acc_loss: 0.0038143535115523265, grad_loss: None
2022-05-03 17:32:24,832 DEBUG epoch: 26, train_acc: 99.9609375, val_acc: 91.77, fidel_score: 98.18, acc_loss: 0.005994923543767072, grad_loss: None
2022-05-03 17:32:26,694 DEBUG epoch: 27, train_acc: 99.921875, val_acc: 91.74, fidel_score: 98.2, acc_loss: 0.0032886810367926955, grad_loss: None
2022-05-03 17:32:28,556 DEBUG epoch: 28, train_acc: 99.8828125, val_acc: 91.75, fidel_score: 98.19, acc_loss: 0.0044013413978973405, grad_loss: None
2022-05-03 17:32:30,426 DEBUG epoch: 29, train_acc: 99.84375, val_acc: 91.77, fidel_score: 98.1, acc_loss: 0.007399550682748668, grad_loss: None
2022-05-03 17:32:32,301 DEBUG epoch: 30, train_acc: 99.9609375, val_acc: 91.78, fidel_score: 97.97, acc_loss: 0.003820977569557726, grad_loss: None
2022-05-03 17:32:34,168 DEBUG epoch: 31, train_acc: 99.765625, val_acc: 91.8, fidel_score: 97.88, acc_loss: 0.0070775797124952074, grad_loss: None
2022-05-03 17:32:36,039 DEBUG epoch: 32, train_acc: 99.8828125, val_acc: 91.78, fidel_score: 97.94, acc_loss: 0.004478969413321465, grad_loss: None
2022-05-03 17:32:37,916 DEBUG epoch: 33, train_acc: 99.8828125, val_acc: 91.78, fidel_score: 98.01, acc_loss: 0.003674493232392706, grad_loss: None
2022-05-03 17:32:39,788 DEBUG epoch: 34, train_acc: 99.8828125, val_acc: 91.76, fidel_score: 98.03, acc_loss: 0.004363861356978305, grad_loss: None
2022-05-03 17:32:41,669 DEBUG epoch: 35, train_acc: 99.84375, val_acc: 91.74, fidel_score: 97.95, acc_loss: 0.005885186631348916, grad_loss: None
2022-05-03 17:32:43,530 DEBUG epoch: 36, train_acc: 99.8046875, val_acc: 91.72, fidel_score: 97.94, acc_loss: 0.0059192873624851925, grad_loss: None
2022-05-03 17:32:45,396 DEBUG epoch: 37, train_acc: 99.84375, val_acc: 91.75, fidel_score: 97.94, acc_loss: 0.006790222352719866, grad_loss: None
2022-05-03 17:32:47,257 DEBUG epoch: 38, train_acc: 99.8828125, val_acc: 91.76, fidel_score: 97.94, acc_loss: 0.005204970893100835, grad_loss: None
2022-05-03 17:32:49,117 DEBUG epoch: 39, train_acc: 99.921875, val_acc: 91.79, fidel_score: 98.06, acc_loss: 0.0044335696788039055, grad_loss: None
2022-05-03 17:32:50,992 DEBUG epoch: 40, train_acc: 99.84375, val_acc: 91.75, fidel_score: 98.0, acc_loss: 0.005127383576473221, grad_loss: None
2022-05-03 17:32:52,849 DEBUG epoch: 41, train_acc: 99.84375, val_acc: 91.75, fidel_score: 98.04, acc_loss: 0.00742072896391619, grad_loss: None
2022-05-03 17:32:54,717 DEBUG epoch: 42, train_acc: 99.8828125, val_acc: 91.75, fidel_score: 97.97, acc_loss: 0.00591149537358433, grad_loss: None
2022-05-03 17:32:56,585 DEBUG epoch: 43, train_acc: 99.8828125, val_acc: 91.8, fidel_score: 97.99, acc_loss: 0.004368034601793624, grad_loss: None
2022-05-03 17:32:58,468 DEBUG epoch: 44, train_acc: 99.84375, val_acc: 91.76, fidel_score: 98.08, acc_loss: 0.004614499214221723, grad_loss: None
2022-05-03 17:33:00,328 DEBUG epoch: 45, train_acc: 99.84375, val_acc: 91.78, fidel_score: 98.08, acc_loss: 0.004827371504507028, grad_loss: None
2022-05-03 17:33:02,216 DEBUG epoch: 46, train_acc: 99.8046875, val_acc: 91.82, fidel_score: 98.05, acc_loss: 0.007296290289377794, grad_loss: None
2022-05-03 17:33:04,082 DEBUG epoch: 47, train_acc: 99.84375, val_acc: 91.86, fidel_score: 98.05, acc_loss: 0.004721828785841353, grad_loss: None
2022-05-03 17:33:05,953 DEBUG epoch: 48, train_acc: 99.8046875, val_acc: 91.84, fidel_score: 98.14, acc_loss: 0.006143923735362477, grad_loss: None
2022-05-03 17:33:07,804 DEBUG epoch: 49, train_acc: 99.8046875, val_acc: 91.86, fidel_score: 98.02, acc_loss: 0.004965584827004932, grad_loss: None
2022-05-03 17:33:09,663 DEBUG epoch: 50, train_acc: 99.8046875, val_acc: 91.85, fidel_score: 98.02, acc_loss: 0.005221382499439642, grad_loss: None
2022-05-03 17:33:11,523 DEBUG epoch: 51, train_acc: 99.8828125, val_acc: 91.81, fidel_score: 98.06, acc_loss: 0.005591584896319546, grad_loss: None
2022-05-03 17:33:13,387 DEBUG epoch: 52, train_acc: 99.8046875, val_acc: 91.82, fidel_score: 97.99, acc_loss: 0.009308972576400265, grad_loss: None
2022-05-03 17:33:15,244 DEBUG epoch: 53, train_acc: 99.921875, val_acc: 91.79, fidel_score: 97.86, acc_loss: 0.004091971644083969, grad_loss: None
2022-05-03 17:33:17,121 DEBUG epoch: 54, train_acc: 99.8046875, val_acc: 91.8, fidel_score: 97.9, acc_loss: 0.00639204194303602, grad_loss: None
2022-05-03 17:33:19,009 DEBUG epoch: 55, train_acc: 99.921875, val_acc: 91.8, fidel_score: 97.91, acc_loss: 0.00395301369135268, grad_loss: None
2022-05-03 17:33:20,864 DEBUG epoch: 56, train_acc: 99.7265625, val_acc: 91.77, fidel_score: 97.92, acc_loss: 0.007605013670399785, grad_loss: None
2022-05-03 17:33:22,727 DEBUG epoch: 57, train_acc: 99.921875, val_acc: 91.71, fidel_score: 97.95, acc_loss: 0.0030263179301982745, grad_loss: None
2022-05-03 17:33:24,609 DEBUG epoch: 58, train_acc: 99.921875, val_acc: 91.69, fidel_score: 97.9, acc_loss: 0.003330442408332601, grad_loss: None
2022-05-03 17:33:26,465 DEBUG epoch: 59, train_acc: 99.84375, val_acc: 91.68, fidel_score: 97.87, acc_loss: 0.004657913802657276, grad_loss: None
2022-05-03 17:33:28,330 DEBUG epoch: 60, train_acc: 99.921875, val_acc: 91.69, fidel_score: 97.87, acc_loss: 0.004264470204361714, grad_loss: None
2022-05-03 17:33:30,205 DEBUG epoch: 61, train_acc: 99.8828125, val_acc: 91.69, fidel_score: 97.89, acc_loss: 0.005158788830158301, grad_loss: None
2022-05-03 17:33:32,073 DEBUG epoch: 62, train_acc: 99.9609375, val_acc: 91.73, fidel_score: 97.92, acc_loss: 0.0031323925650212914, grad_loss: None
2022-05-03 17:33:33,942 DEBUG epoch: 63, train_acc: 100.0, val_acc: 91.72, fidel_score: 97.93, acc_loss: 0.002165455688373186, grad_loss: None
2022-05-03 17:33:35,797 DEBUG epoch: 64, train_acc: 99.84375, val_acc: 91.71, fidel_score: 97.91, acc_loss: 0.005333567305933684, grad_loss: None
2022-05-03 17:33:37,661 DEBUG epoch: 65, train_acc: 99.8046875, val_acc: 91.68, fidel_score: 97.88, acc_loss: 0.006543184514157474, grad_loss: None
2022-05-03 17:33:39,533 DEBUG epoch: 66, train_acc: 99.9609375, val_acc: 91.69, fidel_score: 97.87, acc_loss: 0.003828964280546643, grad_loss: None
2022-05-03 17:33:41,399 DEBUG epoch: 67, train_acc: 99.8046875, val_acc: 91.69, fidel_score: 97.87, acc_loss: 0.005431432210025377, grad_loss: None
2022-05-03 17:33:43,269 DEBUG epoch: 68, train_acc: 99.8828125, val_acc: 91.68, fidel_score: 97.88, acc_loss: 0.004276232977281325, grad_loss: None
2022-05-03 17:33:45,136 DEBUG epoch: 69, train_acc: 99.8828125, val_acc: 91.69, fidel_score: 97.89, acc_loss: 0.0063858327455818655, grad_loss: None
2022-05-03 17:33:46,991 DEBUG epoch: 70, train_acc: 99.84375, val_acc: 91.69, fidel_score: 97.89, acc_loss: 0.005585776310181245, grad_loss: None
2022-05-03 17:33:48,859 DEBUG epoch: 71, train_acc: 99.8046875, val_acc: 91.71, fidel_score: 97.89, acc_loss: 0.006656997086247429, grad_loss: None
2022-05-03 17:33:50,724 DEBUG epoch: 72, train_acc: 99.8046875, val_acc: 91.71, fidel_score: 97.89, acc_loss: 0.004898927328758873, grad_loss: None
2022-05-03 17:33:52,584 DEBUG epoch: 73, train_acc: 99.84375, val_acc: 91.68, fidel_score: 97.87, acc_loss: 0.005954966583522037, grad_loss: None
2022-05-03 17:33:54,454 DEBUG epoch: 74, train_acc: 99.84375, val_acc: 91.72, fidel_score: 97.82, acc_loss: 0.004702968872152269, grad_loss: None
2022-05-03 17:33:56,309 DEBUG epoch: 75, train_acc: 99.8046875, val_acc: 91.72, fidel_score: 97.77, acc_loss: 0.00594165140792029, grad_loss: None
2022-05-03 17:33:58,179 DEBUG epoch: 76, train_acc: 99.8828125, val_acc: 91.71, fidel_score: 97.84, acc_loss: 0.0044405891836504455, grad_loss: None
2022-05-03 17:34:00,057 DEBUG epoch: 77, train_acc: 99.8828125, val_acc: 91.71, fidel_score: 97.86, acc_loss: 0.004761982455966063, grad_loss: None
2022-05-03 17:34:01,926 DEBUG epoch: 78, train_acc: 99.8046875, val_acc: 91.7, fidel_score: 97.9, acc_loss: 0.0057258242290117774, grad_loss: None
2022-05-03 17:34:03,794 DEBUG epoch: 79, train_acc: 99.84375, val_acc: 91.72, fidel_score: 97.93, acc_loss: 0.00479329842783045, grad_loss: None
2022-05-03 17:34:05,658 DEBUG epoch: 80, train_acc: 99.9609375, val_acc: 91.72, fidel_score: 97.93, acc_loss: 0.0032427860714960843, grad_loss: None
2022-05-03 17:34:07,544 DEBUG epoch: 81, train_acc: 99.765625, val_acc: 91.74, fidel_score: 97.91, acc_loss: 0.006173662663786672, grad_loss: None
2022-05-03 17:34:09,414 DEBUG epoch: 82, train_acc: 99.921875, val_acc: 91.73, fidel_score: 97.9, acc_loss: 0.004751197015866637, grad_loss: None
2022-05-03 17:34:11,291 DEBUG epoch: 83, train_acc: 99.84375, val_acc: 91.74, fidel_score: 97.88, acc_loss: 0.005321453310898505, grad_loss: None
2022-05-03 17:34:13,147 DEBUG epoch: 84, train_acc: 99.9609375, val_acc: 91.73, fidel_score: 97.86, acc_loss: 0.004103488867986016, grad_loss: None
2022-05-03 17:34:15,007 DEBUG epoch: 85, train_acc: 99.9609375, val_acc: 91.75, fidel_score: 97.88, acc_loss: 0.002490705478703603, grad_loss: None
2022-05-03 17:34:16,888 DEBUG epoch: 86, train_acc: 99.921875, val_acc: 91.73, fidel_score: 97.86, acc_loss: 0.004177655273815617, grad_loss: None
2022-05-03 17:34:18,752 DEBUG epoch: 87, train_acc: 99.8046875, val_acc: 91.73, fidel_score: 97.84, acc_loss: 0.0059894191508647054, grad_loss: None
2022-05-03 17:34:20,612 DEBUG epoch: 88, train_acc: 99.9609375, val_acc: 91.74, fidel_score: 97.86, acc_loss: 0.003649223654065281, grad_loss: None
2022-05-03 17:34:22,463 DEBUG epoch: 89, train_acc: 99.765625, val_acc: 91.75, fidel_score: 97.86, acc_loss: 0.008359334844863042, grad_loss: None
2022-05-03 17:34:24,326 DEBUG epoch: 90, train_acc: 99.765625, val_acc: 91.79, fidel_score: 97.88, acc_loss: 0.005590162152657285, grad_loss: None
2022-05-03 17:34:26,176 DEBUG epoch: 91, train_acc: 99.765625, val_acc: 91.79, fidel_score: 97.88, acc_loss: 0.006347905256552622, grad_loss: None
2022-05-03 17:34:28,041 DEBUG epoch: 92, train_acc: 99.9609375, val_acc: 91.75, fidel_score: 97.86, acc_loss: 0.00406557704845909, grad_loss: None
2022-05-03 17:34:29,930 DEBUG epoch: 93, train_acc: 99.921875, val_acc: 91.74, fidel_score: 97.86, acc_loss: 0.0030096838454483077, grad_loss: None
2022-05-03 17:34:31,789 DEBUG epoch: 94, train_acc: 99.8828125, val_acc: 91.72, fidel_score: 97.84, acc_loss: 0.004152897943276912, grad_loss: None
2022-05-03 17:34:33,655 DEBUG epoch: 95, train_acc: 99.8828125, val_acc: 91.74, fidel_score: 97.85, acc_loss: 0.0037722048204159365, grad_loss: None
2022-05-03 17:34:35,533 DEBUG epoch: 96, train_acc: 99.8046875, val_acc: 91.75, fidel_score: 97.88, acc_loss: 0.009283324828720652, grad_loss: None
2022-05-03 17:34:37,396 DEBUG epoch: 97, train_acc: 99.7265625, val_acc: 91.76, fidel_score: 97.87, acc_loss: 0.0062679660884896295, grad_loss: None
2022-05-03 17:34:39,263 DEBUG epoch: 98, train_acc: 99.921875, val_acc: 91.76, fidel_score: 97.86, acc_loss: 0.0043345713085727764, grad_loss: None
2022-05-03 17:34:41,116 DEBUG epoch: 99, train_acc: 99.8828125, val_acc: 91.76, fidel_score: 97.91, acc_loss: 0.004906342702452093, grad_loss: None
2022-05-03 17:34:43,001 DEBUG epoch: 100, train_acc: 100.0, val_acc: 91.77, fidel_score: 97.9, acc_loss: 0.0023186773643828927, grad_loss: None
2022-05-03 17:34:44,857 DEBUG epoch: 101, train_acc: 99.9609375, val_acc: 91.76, fidel_score: 97.91, acc_loss: 0.0025492658547591417, grad_loss: None
2022-05-03 17:34:46,729 DEBUG epoch: 102, train_acc: 99.9609375, val_acc: 91.76, fidel_score: 97.88, acc_loss: 0.004083211175748147, grad_loss: None
2022-05-03 17:34:48,597 DEBUG epoch: 103, train_acc: 99.765625, val_acc: 91.74, fidel_score: 97.9, acc_loss: 0.006952022149926051, grad_loss: None
2022-05-03 17:34:50,455 DEBUG epoch: 104, train_acc: 99.8046875, val_acc: 91.77, fidel_score: 97.87, acc_loss: 0.005406737476005219, grad_loss: None
2022-05-03 17:34:52,333 DEBUG epoch: 105, train_acc: 99.765625, val_acc: 91.77, fidel_score: 97.85, acc_loss: 0.006159384758211673, grad_loss: None
2022-05-03 17:34:54,201 DEBUG epoch: 106, train_acc: 99.8046875, val_acc: 91.74, fidel_score: 97.89, acc_loss: 0.00790477889822796, grad_loss: None
2022-05-03 17:34:56,059 DEBUG epoch: 107, train_acc: 99.9609375, val_acc: 91.74, fidel_score: 97.9, acc_loss: 0.003099242181633599, grad_loss: None
2022-05-03 17:34:57,915 DEBUG epoch: 108, train_acc: 99.9609375, val_acc: 91.74, fidel_score: 97.9, acc_loss: 0.0037782505576615224, grad_loss: None
2022-05-03 17:34:59,783 DEBUG epoch: 109, train_acc: 99.8828125, val_acc: 91.74, fidel_score: 97.86, acc_loss: 0.004718702315585688, grad_loss: None
2022-05-03 17:35:01,645 DEBUG epoch: 110, train_acc: 99.8828125, val_acc: 91.72, fidel_score: 97.9, acc_loss: 0.0062543279316741975, grad_loss: None
2022-05-03 17:35:03,509 DEBUG epoch: 111, train_acc: 99.921875, val_acc: 91.73, fidel_score: 97.94, acc_loss: 0.005330649483948946, grad_loss: None
2022-05-03 17:35:05,371 DEBUG epoch: 112, train_acc: 99.9609375, val_acc: 91.73, fidel_score: 97.94, acc_loss: 0.004735104544670321, grad_loss: None
2022-05-03 17:35:07,253 DEBUG epoch: 113, train_acc: 99.8828125, val_acc: 91.73, fidel_score: 97.92, acc_loss: 0.004561938863480464, grad_loss: None
2022-05-03 17:35:09,139 DEBUG epoch: 114, train_acc: 99.921875, val_acc: 91.73, fidel_score: 97.91, acc_loss: 0.005070523597532883, grad_loss: None
2022-05-03 17:35:10,993 DEBUG epoch: 115, train_acc: 99.8828125, val_acc: 91.75, fidel_score: 97.89, acc_loss: 0.004407671667286195, grad_loss: None
2022-05-03 17:35:12,856 DEBUG epoch: 116, train_acc: 99.84375, val_acc: 91.78, fidel_score: 97.88, acc_loss: 0.006835527217481286, grad_loss: None
2022-05-03 17:35:14,729 DEBUG epoch: 117, train_acc: 99.921875, val_acc: 91.76, fidel_score: 97.95, acc_loss: 0.0025216198671841996, grad_loss: None
2022-05-03 17:35:16,604 DEBUG epoch: 118, train_acc: 99.8828125, val_acc: 91.78, fidel_score: 97.89, acc_loss: 0.0050991252268431705, grad_loss: None
2022-05-03 17:35:18,477 DEBUG epoch: 119, train_acc: 99.7265625, val_acc: 91.76, fidel_score: 97.87, acc_loss: 0.009424361112178304, grad_loss: None
2022-05-03 17:35:20,357 DEBUG epoch: 120, train_acc: 99.9609375, val_acc: 91.76, fidel_score: 97.87, acc_loss: 0.0027562545859836974, grad_loss: None
2022-05-03 17:35:22,243 DEBUG epoch: 121, train_acc: 99.8046875, val_acc: 91.76, fidel_score: 97.89, acc_loss: 0.007057393877767026, grad_loss: None
2022-05-03 17:35:24,085 DEBUG epoch: 122, train_acc: 99.9609375, val_acc: 91.79, fidel_score: 97.88, acc_loss: 0.0028995576285524294, grad_loss: None
2022-05-03 17:35:25,953 DEBUG epoch: 123, train_acc: 99.8828125, val_acc: 91.8, fidel_score: 97.87, acc_loss: 0.0044715319876559075, grad_loss: None
2022-05-03 17:35:27,828 DEBUG epoch: 124, train_acc: 99.8828125, val_acc: 91.77, fidel_score: 97.84, acc_loss: 0.005110868049087003, grad_loss: None
2022-05-03 17:35:29,701 DEBUG epoch: 125, train_acc: 99.921875, val_acc: 91.74, fidel_score: 97.85, acc_loss: 0.003784414561232552, grad_loss: None
2022-05-03 17:35:31,568 DEBUG epoch: 126, train_acc: 100.0, val_acc: 91.74, fidel_score: 97.84, acc_loss: 0.003172974591143429, grad_loss: None
2022-05-03 17:35:33,410 DEBUG epoch: 127, train_acc: 99.8046875, val_acc: 91.75, fidel_score: 97.82, acc_loss: 0.007299627206521109, grad_loss: None
2022-05-03 17:35:35,286 DEBUG epoch: 128, train_acc: 99.8828125, val_acc: 91.7, fidel_score: 97.77, acc_loss: 0.005550622686860152, grad_loss: None
2022-05-03 17:35:37,151 DEBUG epoch: 129, train_acc: 99.84375, val_acc: 91.71, fidel_score: 97.79, acc_loss: 0.004812627227511257, grad_loss: None
2022-05-03 17:35:39,022 DEBUG epoch: 130, train_acc: 99.8828125, val_acc: 91.72, fidel_score: 97.8, acc_loss: 0.0034269310825038703, grad_loss: None
2022-05-03 17:35:40,881 DEBUG epoch: 131, train_acc: 99.9609375, val_acc: 91.71, fidel_score: 97.83, acc_loss: 0.0020397668384248393, grad_loss: None
2022-05-03 17:35:42,750 DEBUG epoch: 132, train_acc: 99.9609375, val_acc: 91.7, fidel_score: 97.83, acc_loss: 0.003567729517817497, grad_loss: None
2022-05-03 17:35:44,621 DEBUG epoch: 133, train_acc: 99.8828125, val_acc: 91.7, fidel_score: 97.85, acc_loss: 0.006447562729590572, grad_loss: None
2022-05-03 17:35:46,508 DEBUG epoch: 134, train_acc: 99.8828125, val_acc: 91.74, fidel_score: 97.89, acc_loss: 0.004912267680629157, grad_loss: None
2022-05-03 17:35:48,392 DEBUG epoch: 135, train_acc: 99.921875, val_acc: 91.73, fidel_score: 97.88, acc_loss: 0.004576340477797203, grad_loss: None
2022-05-03 17:35:50,259 DEBUG epoch: 136, train_acc: 99.8046875, val_acc: 91.72, fidel_score: 97.86, acc_loss: 0.004985803909949027, grad_loss: None
2022-05-03 17:35:52,117 DEBUG epoch: 137, train_acc: 99.9609375, val_acc: 91.72, fidel_score: 97.89, acc_loss: 0.0042734877788461745, grad_loss: None
2022-05-03 17:35:53,985 DEBUG epoch: 138, train_acc: 99.921875, val_acc: 91.71, fidel_score: 97.85, acc_loss: 0.0034418698749504985, grad_loss: None
2022-05-03 17:35:55,863 DEBUG epoch: 139, train_acc: 99.8828125, val_acc: 91.74, fidel_score: 97.86, acc_loss: 0.006502223500865512, grad_loss: None
2022-05-03 17:35:57,724 DEBUG epoch: 140, train_acc: 99.921875, val_acc: 91.75, fidel_score: 97.85, acc_loss: 0.004198637782246805, grad_loss: None
2022-05-03 17:35:59,574 DEBUG epoch: 141, train_acc: 99.921875, val_acc: 91.75, fidel_score: 97.84, acc_loss: 0.0042301736626541245, grad_loss: None
2022-05-03 17:36:01,445 DEBUG epoch: 142, train_acc: 99.9609375, val_acc: 91.74, fidel_score: 97.83, acc_loss: 0.004537800390971824, grad_loss: None
2022-05-03 17:36:03,294 DEBUG epoch: 143, train_acc: 99.9609375, val_acc: 91.73, fidel_score: 97.85, acc_loss: 0.004128404617949855, grad_loss: None
2022-05-03 17:36:05,165 DEBUG epoch: 144, train_acc: 99.9609375, val_acc: 91.73, fidel_score: 97.85, acc_loss: 0.0044679904938675465, grad_loss: None
2022-05-03 17:36:07,030 DEBUG epoch: 145, train_acc: 99.8828125, val_acc: 91.72, fidel_score: 97.89, acc_loss: 0.0046396852907491844, grad_loss: None
2022-05-03 17:36:08,888 DEBUG epoch: 146, train_acc: 99.84375, val_acc: 91.74, fidel_score: 97.88, acc_loss: 0.00442053166043479, grad_loss: None
2022-05-03 17:36:10,745 DEBUG epoch: 147, train_acc: 99.8828125, val_acc: 91.76, fidel_score: 97.89, acc_loss: 0.005016088060801849, grad_loss: None
2022-05-03 17:36:12,626 DEBUG epoch: 148, train_acc: 99.84375, val_acc: 91.77, fidel_score: 97.91, acc_loss: 0.004378971946425736, grad_loss: None
2022-05-03 17:36:14,501 DEBUG epoch: 149, train_acc: 99.765625, val_acc: 91.74, fidel_score: 97.85, acc_loss: 0.007966680073877797, grad_loss: None
2022-05-03 17:36:16,379 DEBUG epoch: 150, train_acc: 99.8828125, val_acc: 91.73, fidel_score: 97.85, acc_loss: 0.007184685338870622, grad_loss: None
2022-05-03 17:36:18,244 DEBUG epoch: 151, train_acc: 99.921875, val_acc: 91.73, fidel_score: 97.85, acc_loss: 0.004563695390243083, grad_loss: None
2022-05-03 17:36:20,121 DEBUG epoch: 152, train_acc: 99.8828125, val_acc: 91.73, fidel_score: 97.85, acc_loss: 0.0038467171427328138, grad_loss: None
2022-05-03 17:36:21,979 DEBUG epoch: 153, train_acc: 99.84375, val_acc: 91.74, fidel_score: 97.84, acc_loss: 0.005016757424164098, grad_loss: None
2022-05-03 17:36:23,851 DEBUG epoch: 154, train_acc: 99.765625, val_acc: 91.75, fidel_score: 97.83, acc_loss: 0.006489375254022889, grad_loss: None
2022-05-03 17:36:25,723 DEBUG epoch: 155, train_acc: 99.921875, val_acc: 91.75, fidel_score: 97.84, acc_loss: 0.003779029141878709, grad_loss: None
2022-05-03 17:36:27,601 DEBUG epoch: 156, train_acc: 99.9609375, val_acc: 91.75, fidel_score: 97.84, acc_loss: 0.003974634330370463, grad_loss: None
2022-05-03 17:36:29,470 DEBUG epoch: 157, train_acc: 99.8046875, val_acc: 91.75, fidel_score: 97.83, acc_loss: 0.005367114269756712, grad_loss: None
2022-05-03 17:36:31,352 DEBUG epoch: 158, train_acc: 99.8046875, val_acc: 91.75, fidel_score: 97.83, acc_loss: 0.0064503687361138875, grad_loss: None
2022-05-03 17:36:33,217 DEBUG epoch: 159, train_acc: 99.9609375, val_acc: 91.74, fidel_score: 97.84, acc_loss: 0.003058020054595545, grad_loss: None
2022-05-03 17:36:35,065 DEBUG epoch: 160, train_acc: 99.921875, val_acc: 91.74, fidel_score: 97.84, acc_loss: 0.004257971906918101, grad_loss: None
2022-05-03 17:36:36,928 DEBUG epoch: 161, train_acc: 100.0, val_acc: 91.74, fidel_score: 97.84, acc_loss: 0.0017698054303764365, grad_loss: None
2022-05-03 17:36:38,804 DEBUG epoch: 162, train_acc: 99.8828125, val_acc: 91.74, fidel_score: 97.85, acc_loss: 0.0038234187522903085, grad_loss: None
2022-05-03 17:36:40,675 DEBUG epoch: 163, train_acc: 100.0, val_acc: 91.73, fidel_score: 97.86, acc_loss: 0.0030626259540440515, grad_loss: None
2022-05-03 17:36:42,537 DEBUG epoch: 164, train_acc: 99.9609375, val_acc: 91.73, fidel_score: 97.86, acc_loss: 0.002354197562090121, grad_loss: None
2022-05-03 17:36:44,408 DEBUG epoch: 165, train_acc: 99.8828125, val_acc: 91.73, fidel_score: 97.86, acc_loss: 0.0038589934934861957, grad_loss: None
2022-05-03 17:36:46,285 DEBUG epoch: 166, train_acc: 99.8046875, val_acc: 91.73, fidel_score: 97.86, acc_loss: 0.006302887768833898, grad_loss: None
2022-05-03 17:36:48,145 DEBUG epoch: 167, train_acc: 99.8046875, val_acc: 91.73, fidel_score: 97.86, acc_loss: 0.006395358382724226, grad_loss: None
2022-05-03 17:36:50,011 DEBUG epoch: 168, train_acc: 99.921875, val_acc: 91.73, fidel_score: 97.86, acc_loss: 0.004837050633796025, grad_loss: None
2022-05-03 17:36:51,861 DEBUG epoch: 169, train_acc: 99.8828125, val_acc: 91.73, fidel_score: 97.87, acc_loss: 0.00590323496144265, grad_loss: None
2022-05-03 17:36:53,708 DEBUG epoch: 170, train_acc: 99.9609375, val_acc: 91.73, fidel_score: 97.86, acc_loss: 0.0037597098969854416, grad_loss: None
2022-05-03 17:36:55,577 DEBUG epoch: 171, train_acc: 99.8828125, val_acc: 91.73, fidel_score: 97.86, acc_loss: 0.0068199744826415555, grad_loss: None
2022-05-03 17:36:57,424 DEBUG epoch: 172, train_acc: 99.8828125, val_acc: 91.73, fidel_score: 97.87, acc_loss: 0.004208189152996056, grad_loss: None
2022-05-03 17:36:59,285 DEBUG epoch: 173, train_acc: 99.921875, val_acc: 91.74, fidel_score: 97.86, acc_loss: 0.004236013130866923, grad_loss: None
2022-05-03 17:37:01,156 DEBUG epoch: 174, train_acc: 99.765625, val_acc: 91.73, fidel_score: 97.86, acc_loss: 0.005983158879098482, grad_loss: None
2022-05-03 17:37:03,024 DEBUG epoch: 175, train_acc: 99.6875, val_acc: 91.73, fidel_score: 97.88, acc_loss: 0.007781394876656122, grad_loss: None
2022-05-03 17:37:04,885 DEBUG epoch: 176, train_acc: 99.8828125, val_acc: 91.73, fidel_score: 97.88, acc_loss: 0.003849566535791382, grad_loss: None
2022-05-03 17:37:06,737 DEBUG epoch: 177, train_acc: 99.8828125, val_acc: 91.73, fidel_score: 97.87, acc_loss: 0.006762444117339328, grad_loss: None
2022-05-03 17:37:08,609 DEBUG epoch: 178, train_acc: 99.6875, val_acc: 91.73, fidel_score: 97.86, acc_loss: 0.008441785015747882, grad_loss: None
2022-05-03 17:37:10,472 DEBUG epoch: 179, train_acc: 99.9609375, val_acc: 91.73, fidel_score: 97.86, acc_loss: 0.0033375706407241523, grad_loss: None
2022-05-03 17:37:12,353 DEBUG epoch: 180, train_acc: 99.84375, val_acc: 91.73, fidel_score: 97.86, acc_loss: 0.005284623270563315, grad_loss: None
2022-05-03 17:37:14,209 DEBUG epoch: 181, train_acc: 99.8828125, val_acc: 91.74, fidel_score: 97.85, acc_loss: 0.006011827973998152, grad_loss: None
2022-05-03 17:37:16,068 DEBUG epoch: 182, train_acc: 99.84375, val_acc: 91.74, fidel_score: 97.85, acc_loss: 0.0048947023809887465, grad_loss: None
2022-05-03 17:37:17,933 DEBUG epoch: 183, train_acc: 99.8828125, val_acc: 91.74, fidel_score: 97.85, acc_loss: 0.004256039785104804, grad_loss: None
2022-05-03 17:37:19,816 DEBUG epoch: 184, train_acc: 99.8828125, val_acc: 91.74, fidel_score: 97.85, acc_loss: 0.004601168617955409, grad_loss: None
2022-05-03 17:37:21,682 DEBUG epoch: 185, train_acc: 99.8046875, val_acc: 91.74, fidel_score: 97.85, acc_loss: 0.005274147310410626, grad_loss: None
2022-05-03 17:37:23,545 DEBUG epoch: 186, train_acc: 100.0, val_acc: 91.75, fidel_score: 97.85, acc_loss: 0.003919077325554099, grad_loss: None
2022-05-03 17:37:25,410 DEBUG epoch: 187, train_acc: 99.8828125, val_acc: 91.75, fidel_score: 97.85, acc_loss: 0.004996625817148015, grad_loss: None
2022-05-03 17:37:27,272 DEBUG epoch: 188, train_acc: 100.0, val_acc: 91.75, fidel_score: 97.85, acc_loss: 0.003137748275185004, grad_loss: None
2022-05-03 17:37:29,129 DEBUG epoch: 189, train_acc: 99.921875, val_acc: 91.74, fidel_score: 97.86, acc_loss: 0.006286890999763273, grad_loss: None
2022-05-03 17:37:30,973 DEBUG epoch: 190, train_acc: 99.8828125, val_acc: 91.74, fidel_score: 97.86, acc_loss: 0.0038112166454084217, grad_loss: None
2022-05-03 17:37:32,848 DEBUG epoch: 191, train_acc: 99.9609375, val_acc: 91.74, fidel_score: 97.87, acc_loss: 0.0028308792621828615, grad_loss: None
2022-05-03 17:37:34,706 DEBUG epoch: 192, train_acc: 99.9609375, val_acc: 91.73, fidel_score: 97.88, acc_loss: 0.002928888502356131, grad_loss: None
2022-05-03 17:37:36,578 DEBUG epoch: 193, train_acc: 99.921875, val_acc: 91.74, fidel_score: 97.86, acc_loss: 0.00619288379966747, grad_loss: None
2022-05-03 17:37:38,452 DEBUG epoch: 194, train_acc: 99.921875, val_acc: 91.74, fidel_score: 97.86, acc_loss: 0.0047879950303467925, grad_loss: None
2022-05-03 17:37:40,324 DEBUG epoch: 195, train_acc: 99.84375, val_acc: 91.73, fidel_score: 97.87, acc_loss: 0.00609142254688777, grad_loss: None
2022-05-03 17:37:42,206 DEBUG epoch: 196, train_acc: 99.921875, val_acc: 91.74, fidel_score: 97.85, acc_loss: 0.004771962546510622, grad_loss: None
2022-05-03 17:37:44,074 DEBUG epoch: 197, train_acc: 99.8828125, val_acc: 91.75, fidel_score: 97.85, acc_loss: 0.006927842478035018, grad_loss: None
2022-05-03 17:37:45,946 DEBUG epoch: 198, train_acc: 99.84375, val_acc: 91.75, fidel_score: 97.84, acc_loss: 0.006883649947121739, grad_loss: None
2022-05-03 17:37:47,812 DEBUG epoch: 199, train_acc: 99.84375, val_acc: 91.74, fidel_score: 97.85, acc_loss: 0.007091813470469788, grad_loss: None
2022-05-03 17:37:49,688 DEBUG epoch: 200, train_acc: 99.84375, val_acc: 91.74, fidel_score: 97.87, acc_loss: 0.006102015677606687, grad_loss: None
2022-05-03 17:37:51,560 DEBUG epoch: 201, train_acc: 99.9609375, val_acc: 91.74, fidel_score: 97.87, acc_loss: 0.00245452412054874, grad_loss: None
2022-05-03 17:37:53,435 DEBUG epoch: 202, train_acc: 99.921875, val_acc: 91.75, fidel_score: 97.86, acc_loss: 0.004900720747536979, grad_loss: None
2022-05-03 17:37:55,298 DEBUG epoch: 203, train_acc: 99.8828125, val_acc: 91.74, fidel_score: 97.87, acc_loss: 0.005801823269575834, grad_loss: None
2022-05-03 17:37:57,182 DEBUG epoch: 204, train_acc: 99.8828125, val_acc: 91.74, fidel_score: 97.87, acc_loss: 0.003273751979577355, grad_loss: None
2022-05-03 17:37:59,042 DEBUG epoch: 205, train_acc: 100.0, val_acc: 91.74, fidel_score: 97.87, acc_loss: 0.0041546242631739, grad_loss: None
2022-05-03 17:38:00,921 DEBUG epoch: 206, train_acc: 99.921875, val_acc: 91.73, fidel_score: 97.86, acc_loss: 0.004610172877437435, grad_loss: None
2022-05-03 17:38:02,777 DEBUG epoch: 207, train_acc: 100.0, val_acc: 91.73, fidel_score: 97.87, acc_loss: 0.003618928656214848, grad_loss: None
2022-05-03 17:38:04,629 DEBUG epoch: 208, train_acc: 99.765625, val_acc: 91.74, fidel_score: 97.88, acc_loss: 0.006430689073749818, grad_loss: None
2022-05-03 17:38:06,490 DEBUG epoch: 209, train_acc: 99.921875, val_acc: 91.74, fidel_score: 97.88, acc_loss: 0.005590764913358725, grad_loss: None
2022-05-03 17:38:08,367 DEBUG epoch: 210, train_acc: 99.921875, val_acc: 91.75, fidel_score: 97.86, acc_loss: 0.0026981605071341617, grad_loss: None
2022-05-03 17:38:10,234 DEBUG epoch: 211, train_acc: 99.84375, val_acc: 91.74, fidel_score: 97.87, acc_loss: 0.004737606263370253, grad_loss: None
2022-05-03 17:38:12,111 DEBUG epoch: 212, train_acc: 99.765625, val_acc: 91.75, fidel_score: 97.87, acc_loss: 0.009296035254374146, grad_loss: None
2022-05-03 17:38:13,975 DEBUG epoch: 213, train_acc: 99.8828125, val_acc: 91.76, fidel_score: 97.88, acc_loss: 0.005024594900896772, grad_loss: None
2022-05-03 17:38:15,837 DEBUG epoch: 214, train_acc: 99.84375, val_acc: 91.75, fidel_score: 97.89, acc_loss: 0.006098251100047492, grad_loss: None
2022-05-03 17:38:17,696 DEBUG epoch: 215, train_acc: 99.9609375, val_acc: 91.75, fidel_score: 97.89, acc_loss: 0.00427446614485234, grad_loss: None
2022-05-03 17:38:19,556 DEBUG epoch: 216, train_acc: 99.921875, val_acc: 91.74, fidel_score: 97.88, acc_loss: 0.004645356629043818, grad_loss: None
2022-05-03 17:38:21,414 DEBUG epoch: 217, train_acc: 99.9609375, val_acc: 91.73, fidel_score: 97.87, acc_loss: 0.002890439062321093, grad_loss: None
2022-05-03 17:38:23,279 DEBUG epoch: 218, train_acc: 99.84375, val_acc: 91.74, fidel_score: 97.86, acc_loss: 0.004428336038836278, grad_loss: None
2022-05-03 17:38:25,149 DEBUG epoch: 219, train_acc: 99.921875, val_acc: 91.75, fidel_score: 97.87, acc_loss: 0.003568342121434398, grad_loss: None
2022-05-03 17:38:27,011 DEBUG epoch: 220, train_acc: 99.8828125, val_acc: 91.75, fidel_score: 97.87, acc_loss: 0.003201395750511438, grad_loss: None
2022-05-03 17:38:28,875 DEBUG epoch: 221, train_acc: 99.84375, val_acc: 91.75, fidel_score: 97.87, acc_loss: 0.004550772791844793, grad_loss: None
2022-05-03 17:38:30,740 DEBUG epoch: 222, train_acc: 99.8828125, val_acc: 91.75, fidel_score: 97.87, acc_loss: 0.0038685368839651347, grad_loss: None
2022-05-03 17:38:32,598 DEBUG epoch: 223, train_acc: 99.921875, val_acc: 91.74, fidel_score: 97.86, acc_loss: 0.0032600335020106287, grad_loss: None
2022-05-03 17:38:34,469 DEBUG epoch: 224, train_acc: 99.921875, val_acc: 91.75, fidel_score: 97.87, acc_loss: 0.0037232613511150705, grad_loss: None
2022-05-03 17:38:36,332 DEBUG epoch: 225, train_acc: 99.9609375, val_acc: 91.75, fidel_score: 97.87, acc_loss: 0.0023367747096926907, grad_loss: None
2022-05-03 17:38:38,201 DEBUG epoch: 226, train_acc: 99.84375, val_acc: 91.74, fidel_score: 97.86, acc_loss: 0.005634112501866184, grad_loss: None
2022-05-03 17:38:40,061 DEBUG epoch: 227, train_acc: 99.8828125, val_acc: 91.74, fidel_score: 97.86, acc_loss: 0.005969641290721484, grad_loss: None
2022-05-03 17:38:41,927 DEBUG epoch: 228, train_acc: 99.921875, val_acc: 91.74, fidel_score: 97.86, acc_loss: 0.0037981188332196327, grad_loss: None
2022-05-03 17:38:43,794 DEBUG epoch: 229, train_acc: 99.921875, val_acc: 91.75, fidel_score: 97.87, acc_loss: 0.005000454129185527, grad_loss: None
2022-05-03 17:38:45,667 DEBUG epoch: 230, train_acc: 99.8828125, val_acc: 91.75, fidel_score: 97.87, acc_loss: 0.005080590950092301, grad_loss: None
2022-05-03 17:38:47,532 DEBUG epoch: 231, train_acc: 99.765625, val_acc: 91.75, fidel_score: 97.87, acc_loss: 0.004549159546149895, grad_loss: None
2022-05-03 17:38:49,403 DEBUG epoch: 232, train_acc: 99.921875, val_acc: 91.75, fidel_score: 97.87, acc_loss: 0.0037408344738651066, grad_loss: None
2022-05-03 17:38:51,261 DEBUG epoch: 233, train_acc: 99.921875, val_acc: 91.75, fidel_score: 97.87, acc_loss: 0.004020948050310835, grad_loss: None
2022-05-03 17:38:53,122 DEBUG epoch: 234, train_acc: 99.6875, val_acc: 91.75, fidel_score: 97.87, acc_loss: 0.010438250060542487, grad_loss: None
2022-05-03 17:38:54,986 DEBUG epoch: 235, train_acc: 99.8828125, val_acc: 91.75, fidel_score: 97.87, acc_loss: 0.004333210096228867, grad_loss: None
2022-05-03 17:38:56,844 DEBUG epoch: 236, train_acc: 99.921875, val_acc: 91.75, fidel_score: 97.87, acc_loss: 0.004437657381640747, grad_loss: None
2022-05-03 17:38:58,704 DEBUG epoch: 237, train_acc: 99.9609375, val_acc: 91.75, fidel_score: 97.87, acc_loss: 0.0025599869317375124, grad_loss: None
2022-05-03 17:39:00,578 DEBUG epoch: 238, train_acc: 99.8828125, val_acc: 91.75, fidel_score: 97.88, acc_loss: 0.00537923184747342, grad_loss: None
2022-05-03 17:39:02,442 DEBUG epoch: 239, train_acc: 99.8828125, val_acc: 91.75, fidel_score: 97.87, acc_loss: 0.004791727985139005, grad_loss: None
2022-05-03 17:39:04,309 DEBUG epoch: 240, train_acc: 99.84375, val_acc: 91.75, fidel_score: 97.88, acc_loss: 0.0058839980338234454, grad_loss: None
2022-05-03 17:39:06,172 DEBUG epoch: 241, train_acc: 99.8046875, val_acc: 91.75, fidel_score: 97.87, acc_loss: 0.0074313181597972285, grad_loss: None
2022-05-03 17:39:08,030 DEBUG epoch: 242, train_acc: 99.84375, val_acc: 91.75, fidel_score: 97.87, acc_loss: 0.005715153735945932, grad_loss: None
2022-05-03 17:39:09,905 DEBUG epoch: 243, train_acc: 100.0, val_acc: 91.75, fidel_score: 97.88, acc_loss: 0.002433888951782137, grad_loss: None
2022-05-03 17:39:11,780 DEBUG epoch: 244, train_acc: 100.0, val_acc: 91.75, fidel_score: 97.88, acc_loss: 0.0025727404397912325, grad_loss: None
2022-05-03 17:39:13,663 DEBUG epoch: 245, train_acc: 100.0, val_acc: 91.75, fidel_score: 97.88, acc_loss: 0.0027461646386655048, grad_loss: None
2022-05-03 17:39:15,529 DEBUG epoch: 246, train_acc: 99.9609375, val_acc: 91.75, fidel_score: 97.88, acc_loss: 0.0036501716094790027, grad_loss: None
2022-05-03 17:39:17,404 DEBUG epoch: 247, train_acc: 99.921875, val_acc: 91.75, fidel_score: 97.88, acc_loss: 0.003455232307896949, grad_loss: None
2022-05-03 17:39:19,267 DEBUG epoch: 248, train_acc: 99.84375, val_acc: 91.75, fidel_score: 97.88, acc_loss: 0.004762419746839441, grad_loss: None
2022-05-03 17:39:21,148 DEBUG epoch: 249, train_acc: 99.921875, val_acc: 91.75, fidel_score: 97.88, acc_loss: 0.005091760960931424, grad_loss: None
2022-05-03 17:39:23,030 DEBUG epoch: 250, train_acc: 99.921875, val_acc: 91.75, fidel_score: 97.88, acc_loss: 0.003935745081980713, grad_loss: None
2022-05-03 17:39:24,899 DEBUG epoch: 251, train_acc: 99.921875, val_acc: 91.75, fidel_score: 97.88, acc_loss: 0.0047031875816173855, grad_loss: None
2022-05-03 17:39:26,764 DEBUG epoch: 252, train_acc: 99.921875, val_acc: 91.75, fidel_score: 97.88, acc_loss: 0.002777845211676322, grad_loss: None
2022-05-03 17:39:28,636 DEBUG epoch: 253, train_acc: 99.84375, val_acc: 91.75, fidel_score: 97.88, acc_loss: 0.005838089185999706, grad_loss: None
2022-05-03 17:39:30,509 DEBUG epoch: 254, train_acc: 99.84375, val_acc: 91.75, fidel_score: 97.88, acc_loss: 0.006555757846217603, grad_loss: None
2022-05-03 17:39:32,367 DEBUG epoch: 255, train_acc: 99.921875, val_acc: 91.75, fidel_score: 97.88, acc_loss: 0.004415034072007984, grad_loss: None
2022-05-03 17:39:34,217 DEBUG epoch: 256, train_acc: 99.8828125, val_acc: 91.75, fidel_score: 97.88, acc_loss: 0.004651331380591728, grad_loss: None
2022-05-03 17:39:36,076 DEBUG epoch: 257, train_acc: 99.8046875, val_acc: 91.75, fidel_score: 97.88, acc_loss: 0.005799943092279136, grad_loss: None
2022-05-03 17:39:37,933 DEBUG epoch: 258, train_acc: 99.921875, val_acc: 91.75, fidel_score: 97.87, acc_loss: 0.004200307742576115, grad_loss: None
2022-05-03 17:39:39,800 DEBUG epoch: 259, train_acc: 99.921875, val_acc: 91.75, fidel_score: 97.87, acc_loss: 0.0054319794799084775, grad_loss: None
2022-05-03 17:39:41,675 DEBUG epoch: 260, train_acc: 99.84375, val_acc: 91.75, fidel_score: 97.87, acc_loss: 0.004283660487271845, grad_loss: None
2022-05-03 17:39:43,548 DEBUG epoch: 261, train_acc: 100.0, val_acc: 91.75, fidel_score: 97.87, acc_loss: 0.0027759640594013034, grad_loss: None
2022-05-03 17:39:45,409 DEBUG epoch: 262, train_acc: 99.84375, val_acc: 91.75, fidel_score: 97.87, acc_loss: 0.004629213397856801, grad_loss: None
2022-05-03 17:39:47,276 DEBUG epoch: 263, train_acc: 99.921875, val_acc: 91.75, fidel_score: 97.87, acc_loss: 0.0029694768818444572, grad_loss: None
2022-05-03 17:39:49,139 DEBUG epoch: 264, train_acc: 99.84375, val_acc: 91.75, fidel_score: 97.87, acc_loss: 0.005254181264899671, grad_loss: None
2022-05-03 17:39:50,992 DEBUG epoch: 265, train_acc: 99.9609375, val_acc: 91.75, fidel_score: 97.87, acc_loss: 0.0027253268694039435, grad_loss: None
2022-05-03 17:39:52,853 DEBUG epoch: 266, train_acc: 99.921875, val_acc: 91.75, fidel_score: 97.87, acc_loss: 0.0048899263667408375, grad_loss: None
2022-05-03 17:39:54,714 DEBUG epoch: 267, train_acc: 99.921875, val_acc: 91.75, fidel_score: 97.87, acc_loss: 0.002658177664852701, grad_loss: None
2022-05-03 17:39:56,584 DEBUG epoch: 268, train_acc: 99.84375, val_acc: 91.75, fidel_score: 97.87, acc_loss: 0.0060510985349537805, grad_loss: None
2022-05-03 17:39:58,460 DEBUG epoch: 269, train_acc: 99.84375, val_acc: 91.75, fidel_score: 97.87, acc_loss: 0.005261910930857994, grad_loss: None
2022-05-03 17:40:00,330 DEBUG epoch: 270, train_acc: 99.921875, val_acc: 91.75, fidel_score: 97.87, acc_loss: 0.004115444452327211, grad_loss: None
2022-05-03 17:40:02,203 DEBUG epoch: 271, train_acc: 99.921875, val_acc: 91.75, fidel_score: 97.87, acc_loss: 0.003911406558472663, grad_loss: None
2022-05-03 17:40:04,068 DEBUG epoch: 272, train_acc: 99.8828125, val_acc: 91.75, fidel_score: 97.87, acc_loss: 0.004844543368380983, grad_loss: None
2022-05-03 17:40:05,936 DEBUG epoch: 273, train_acc: 99.921875, val_acc: 91.75, fidel_score: 97.87, acc_loss: 0.0035070768295554443, grad_loss: None
2022-05-03 17:40:07,815 DEBUG epoch: 274, train_acc: 99.8828125, val_acc: 91.75, fidel_score: 97.87, acc_loss: 0.004547170878504403, grad_loss: None
2022-05-03 17:40:09,683 DEBUG epoch: 275, train_acc: 99.921875, val_acc: 91.75, fidel_score: 97.87, acc_loss: 0.003261598237440921, grad_loss: None
2022-05-03 17:40:11,539 DEBUG epoch: 276, train_acc: 99.921875, val_acc: 91.75, fidel_score: 97.87, acc_loss: 0.0035692311052116566, grad_loss: None
2022-05-03 17:40:13,391 DEBUG epoch: 277, train_acc: 99.84375, val_acc: 91.75, fidel_score: 97.87, acc_loss: 0.004474135607597418, grad_loss: None
2022-05-03 17:40:15,247 DEBUG epoch: 278, train_acc: 99.84375, val_acc: 91.75, fidel_score: 97.87, acc_loss: 0.004881708456377964, grad_loss: None
2022-05-03 17:40:17,120 DEBUG epoch: 279, train_acc: 100.0, val_acc: 91.75, fidel_score: 97.87, acc_loss: 0.002683913754299283, grad_loss: None
2022-05-03 17:40:18,993 DEBUG epoch: 280, train_acc: 99.921875, val_acc: 91.75, fidel_score: 97.87, acc_loss: 0.004601804516278207, grad_loss: None
2022-05-03 17:40:20,864 DEBUG epoch: 281, train_acc: 99.8828125, val_acc: 91.75, fidel_score: 97.87, acc_loss: 0.004735836366307922, grad_loss: None
2022-05-03 17:40:22,732 DEBUG epoch: 282, train_acc: 99.9609375, val_acc: 91.75, fidel_score: 97.87, acc_loss: 0.003168499007006176, grad_loss: None
2022-05-03 17:40:24,585 DEBUG epoch: 283, train_acc: 99.8828125, val_acc: 91.75, fidel_score: 97.87, acc_loss: 0.003468427376355976, grad_loss: None
2022-05-03 17:40:26,444 DEBUG epoch: 284, train_acc: 99.84375, val_acc: 91.75, fidel_score: 97.87, acc_loss: 0.0044123154220869765, grad_loss: None
2022-05-03 17:40:28,306 DEBUG epoch: 285, train_acc: 99.84375, val_acc: 91.75, fidel_score: 97.87, acc_loss: 0.004958896731841378, grad_loss: None
2022-05-03 17:40:30,176 DEBUG epoch: 286, train_acc: 99.921875, val_acc: 91.75, fidel_score: 97.87, acc_loss: 0.005471360887167975, grad_loss: None
2022-05-03 17:40:32,037 DEBUG epoch: 287, train_acc: 99.8828125, val_acc: 91.75, fidel_score: 97.87, acc_loss: 0.003916587558342144, grad_loss: None
2022-05-03 17:40:33,911 DEBUG epoch: 288, train_acc: 99.8828125, val_acc: 91.75, fidel_score: 97.87, acc_loss: 0.004845176197704859, grad_loss: None
2022-05-03 17:40:35,768 DEBUG epoch: 289, train_acc: 99.8046875, val_acc: 91.75, fidel_score: 97.87, acc_loss: 0.00627447058504913, grad_loss: None
2022-05-03 17:40:37,632 DEBUG epoch: 290, train_acc: 99.8828125, val_acc: 91.75, fidel_score: 97.87, acc_loss: 0.004297995136585087, grad_loss: None
2022-05-03 17:40:39,491 DEBUG epoch: 291, train_acc: 99.921875, val_acc: 91.75, fidel_score: 97.87, acc_loss: 0.004788245106465183, grad_loss: None
2022-05-03 17:40:41,360 DEBUG epoch: 292, train_acc: 99.8046875, val_acc: 91.75, fidel_score: 97.87, acc_loss: 0.006556438951520249, grad_loss: None
2022-05-03 17:40:43,229 DEBUG epoch: 293, train_acc: 99.8828125, val_acc: 91.75, fidel_score: 97.87, acc_loss: 0.005464617229881697, grad_loss: None
2022-05-03 17:40:45,088 DEBUG epoch: 294, train_acc: 99.765625, val_acc: 91.75, fidel_score: 97.87, acc_loss: 0.005721189452742692, grad_loss: None
2022-05-03 17:40:46,947 DEBUG epoch: 295, train_acc: 99.84375, val_acc: 91.75, fidel_score: 97.87, acc_loss: 0.0062791934586130084, grad_loss: None
2022-05-03 17:40:48,810 DEBUG epoch: 296, train_acc: 99.765625, val_acc: 91.75, fidel_score: 97.88, acc_loss: 0.0058242101280484345, grad_loss: None
2022-05-03 17:40:50,654 DEBUG epoch: 297, train_acc: 99.9609375, val_acc: 91.75, fidel_score: 97.88, acc_loss: 0.0031935030478052796, grad_loss: None
2022-05-03 17:40:52,521 DEBUG epoch: 298, train_acc: 100.0, val_acc: 91.74, fidel_score: 97.89, acc_loss: 0.0029940362786874176, grad_loss: None
2022-05-03 17:40:54,375 DEBUG epoch: 299, train_acc: 99.8828125, val_acc: 91.75, fidel_score: 97.88, acc_loss: 0.004440823360346258, grad_loss: None
2022-05-03 17:40:56,245 DEBUG epoch: 300, train_acc: 99.921875, val_acc: 91.75, fidel_score: 97.88, acc_loss: 0.006043421314097941, grad_loss: None
2022-05-03 17:40:56,245 DEBUG load best stealed model.
2022-05-03 17:40:56,245 DEBUG Best perform model, val_acc: 91.86, fidel_score: 98.05, acc_loss: 0.004721828785841353
2022-05-03 17:40:56,246 DEBUG load cloest stealed model.
2022-05-03 17:40:56,246 DEBUG Closest perform model, val_acc: 91.66, fidel_score: 98.42, acc_loss: 0.004721828785841353
