2022-04-27 14:32:01,548 DEBUG Namespace(arch='vgg11_bn', attack_client=0, attack_epochs=300, attack_style='SoftTrain_option', average_time=1, batch_size=128, bottleneck_option='None', cutlayer=4, data_proportion=0.02, dataset='cifar100', filename='ace_V2_epoch_vgg11_bn_cutlayer_4_client_1_seed125_dataset_cifar100_lr_0.05_200epoch', folder='saves/baseline', learning_rate=0.005, noniid_ratio=1.0, num_client=1, num_epochs='best', num_query=10000, random_seed=123, regularization='None', regularization_strength=0.0, scheme='V2_epoch', surrogate_arch='same', test_best=True, train_clas_layer=5.0)
2022-04-27 14:32:06,961 DEBUG Test (client-0):	Loss 1.2311 (1.7817)	Prec@1 75.000 (68.630)
2022-04-27 14:32:06,961 DEBUG  * Prec@1 68.630
2022-04-27 14:32:07,051 DEBUG 14
2022-04-27 14:32:07,051 DEBUG surrogate parameter has 14 trainable parameters!
2022-04-27 14:32:13,939 DEBUG epoch: 0, val_acc: 0.99, val_fidelity: 0.94
2022-04-27 14:32:15,953 DEBUG epoch: 1, train_acc: 0.9014423042535782, val_acc: 1.24, fidel_score: 1.26, acc_loss: 5.4647141098976135, grad_loss: None
2022-04-27 14:32:17,942 DEBUG epoch: 2, train_acc: 1.9230769276618958, val_acc: 1.82, fidel_score: 1.85, acc_loss: 4.932207942008972, grad_loss: None
2022-04-27 14:32:20,244 DEBUG epoch: 3, train_acc: 4.21424275636673, val_acc: 2.65, fidel_score: 2.65, acc_loss: 4.628840982913971, grad_loss: None
2022-04-27 14:32:22,361 DEBUG epoch: 4, train_acc: 3.9137619733810425, val_acc: 3.33, fidel_score: 3.34, acc_loss: 4.50018447637558, grad_loss: None
2022-04-27 14:32:24,551 DEBUG epoch: 5, train_acc: 4.266826927661896, val_acc: 4.76, fidel_score: 4.73, acc_loss: 4.326931178569794, grad_loss: None
2022-04-27 14:32:26,712 DEBUG epoch: 6, train_acc: 7.1589542627334595, val_acc: 5.92, fidel_score: 5.88, acc_loss: 4.2521838545799255, grad_loss: None
2022-04-27 14:32:28,711 DEBUG epoch: 7, train_acc: 11.26051676273346, val_acc: 7.34, fidel_score: 7.32, acc_loss: 4.121181070804596, grad_loss: None
2022-04-27 14:32:30,877 DEBUG epoch: 8, train_acc: 15.422175407409668, val_acc: 9.24, fidel_score: 9.72, acc_loss: 3.8787307143211365, grad_loss: None
2022-04-27 14:32:32,849 DEBUG epoch: 9, train_acc: 17.397836446762085, val_acc: 10.59, fidel_score: 11.42, acc_loss: 3.7426465153694153, grad_loss: None
2022-04-27 14:32:34,919 DEBUG epoch: 10, train_acc: 19.523737907409668, val_acc: 13.49, fidel_score: 14.21, acc_loss: 3.622167229652405, grad_loss: None
2022-04-27 14:32:37,083 DEBUG epoch: 11, train_acc: 23.670372486114502, val_acc: 14.99, fidel_score: 15.98, acc_loss: 3.3874668180942535, grad_loss: None
2022-04-27 14:32:39,212 DEBUG epoch: 12, train_acc: 28.237680196762085, val_acc: 17.3, fidel_score: 18.11, acc_loss: 3.101771503686905, grad_loss: None
2022-04-27 14:32:41,338 DEBUG epoch: 13, train_acc: 32.74489164352417, val_acc: 19.42, fidel_score: 20.05, acc_loss: 2.9124370515346527, grad_loss: None
2022-04-27 14:32:43,441 DEBUG epoch: 14, train_acc: 36.20042037963867, val_acc: 20.45, fidel_score: 21.81, acc_loss: 2.722057491540909, grad_loss: None
2022-04-27 14:32:45,390 DEBUG epoch: 15, train_acc: 38.28125, val_acc: 22.45, fidel_score: 23.4, acc_loss: 2.5270826518535614, grad_loss: None
2022-04-27 14:32:47,687 DEBUG epoch: 16, train_acc: 42.848557472229004, val_acc: 23.91, fidel_score: 25.26, acc_loss: 2.320628672838211, grad_loss: None
2022-04-27 14:32:49,668 DEBUG epoch: 17, train_acc: 43.84014415740967, val_acc: 26.19, fidel_score: 27.15, acc_loss: 2.235829636454582, grad_loss: None
2022-04-27 14:32:51,892 DEBUG epoch: 18, train_acc: 47.378304958343506, val_acc: 26.76, fidel_score: 28.25, acc_loss: 2.0158514082431793, grad_loss: None
2022-04-27 14:32:54,082 DEBUG epoch: 19, train_acc: 53.628304958343506, val_acc: 28.65, fidel_score: 30.22, acc_loss: 1.8226259052753448, grad_loss: None
2022-04-27 14:32:56,100 DEBUG epoch: 20, train_acc: 53.853665828704834, val_acc: 30.05, fidel_score: 31.63, acc_loss: 1.7637430876493454, grad_loss: None
2022-04-27 14:32:58,230 DEBUG epoch: 21, train_acc: 57.722355365753174, val_acc: 31.7, fidel_score: 33.37, acc_loss: 1.575786516070366, grad_loss: None
2022-04-27 14:33:00,239 DEBUG epoch: 22, train_acc: 57.527042865753174, val_acc: 32.34, fidel_score: 34.06, acc_loss: 1.5663746446371078, grad_loss: None
2022-04-27 14:33:02,242 DEBUG epoch: 23, train_acc: 62.65775203704834, val_acc: 32.37, fidel_score: 34.83, acc_loss: 1.433435931801796, grad_loss: None
2022-04-27 14:33:04,380 DEBUG epoch: 24, train_acc: 63.34885787963867, val_acc: 33.67, fidel_score: 36.03, acc_loss: 1.366237312555313, grad_loss: None
2022-04-27 14:33:06,425 DEBUG epoch: 25, train_acc: 64.88882160186768, val_acc: 34.61, fidel_score: 36.79, acc_loss: 1.2663602456450462, grad_loss: None
2022-04-27 14:33:08,689 DEBUG epoch: 26, train_acc: 68.84765625, val_acc: 35.35, fidel_score: 37.62, acc_loss: 1.1257756426930428, grad_loss: None
2022-04-27 14:33:10,995 DEBUG epoch: 27, train_acc: 69.68148994445801, val_acc: 36.26, fidel_score: 38.82, acc_loss: 1.0229461789131165, grad_loss: None
2022-04-27 14:33:12,933 DEBUG epoch: 28, train_acc: 72.39332866668701, val_acc: 36.3, fidel_score: 38.54, acc_loss: 1.0692116022109985, grad_loss: None
2022-04-27 14:33:15,232 DEBUG epoch: 29, train_acc: 73.96334075927734, val_acc: 36.46, fidel_score: 39.48, acc_loss: 0.9681439623236656, grad_loss: None
2022-04-27 14:33:17,133 DEBUG epoch: 30, train_acc: 75.21784782409668, val_acc: 36.93, fidel_score: 39.76, acc_loss: 0.8684616163372993, grad_loss: None
2022-04-27 14:33:19,177 DEBUG epoch: 31, train_acc: 78.395432472229, val_acc: 38.62, fidel_score: 41.09, acc_loss: 0.7916272096335888, grad_loss: None
2022-04-27 14:33:21,464 DEBUG epoch: 32, train_acc: 81.50540828704834, val_acc: 37.68, fidel_score: 40.58, acc_loss: 0.7064087986946106, grad_loss: None
2022-04-27 14:33:23,374 DEBUG epoch: 33, train_acc: 80.21334075927734, val_acc: 39.24, fidel_score: 42.16, acc_loss: 0.7354438602924347, grad_loss: None
2022-04-27 14:33:25,615 DEBUG epoch: 34, train_acc: 79.52974700927734, val_acc: 39.52, fidel_score: 42.23, acc_loss: 0.7332260012626648, grad_loss: None
2022-04-27 14:33:27,738 DEBUG epoch: 35, train_acc: 81.325119972229, val_acc: 39.81, fidel_score: 41.93, acc_loss: 0.6711098775267601, grad_loss: None
2022-04-27 14:33:29,682 DEBUG epoch: 36, train_acc: 84.78816032409668, val_acc: 40.03, fidel_score: 43.26, acc_loss: 0.527138028293848, grad_loss: None
2022-04-27 14:33:31,944 DEBUG epoch: 37, train_acc: 81.96364116668701, val_acc: 40.62, fidel_score: 43.18, acc_loss: 0.6807078123092651, grad_loss: None
2022-04-27 14:33:33,984 DEBUG epoch: 38, train_acc: 78.81610584259033, val_acc: 39.93, fidel_score: 42.69, acc_loss: 0.7627787850797176, grad_loss: None
2022-04-27 14:33:35,957 DEBUG epoch: 39, train_acc: 85.59945869445801, val_acc: 40.48, fidel_score: 43.53, acc_loss: 0.5509647764265537, grad_loss: None
2022-04-27 14:33:38,244 DEBUG epoch: 40, train_acc: 84.20973491668701, val_acc: 41.15, fidel_score: 44.43, acc_loss: 0.5743606351315975, grad_loss: None
2022-04-27 14:33:40,198 DEBUG epoch: 41, train_acc: 84.81820869445801, val_acc: 41.01, fidel_score: 44.34, acc_loss: 0.5325433723628521, grad_loss: None
2022-04-27 14:33:42,348 DEBUG epoch: 42, train_acc: 87.13942241668701, val_acc: 40.94, fidel_score: 44.02, acc_loss: 0.46680545061826706, grad_loss: None
2022-04-27 14:33:44,621 DEBUG epoch: 43, train_acc: 86.09525203704834, val_acc: 41.78, fidel_score: 44.9, acc_loss: 0.5184254162013531, grad_loss: None
2022-04-27 14:33:46,720 DEBUG epoch: 44, train_acc: 91.00060081481934, val_acc: 41.05, fidel_score: 44.4, acc_loss: 0.36918094381690025, grad_loss: None
2022-04-27 14:33:48,953 DEBUG epoch: 45, train_acc: 91.39873790740967, val_acc: 41.64, fidel_score: 44.94, acc_loss: 0.3441790584474802, grad_loss: None
2022-04-27 14:33:51,227 DEBUG epoch: 46, train_acc: 91.13581657409668, val_acc: 42.57, fidel_score: 45.64, acc_loss: 0.34919958747923374, grad_loss: None
2022-04-27 14:33:53,124 DEBUG epoch: 47, train_acc: 88.79206657409668, val_acc: 42.02, fidel_score: 45.21, acc_loss: 0.38557296991348267, grad_loss: None
2022-04-27 14:33:55,465 DEBUG epoch: 48, train_acc: 88.44651412963867, val_acc: 42.81, fidel_score: 45.83, acc_loss: 0.4268459118902683, grad_loss: None
2022-04-27 14:33:57,481 DEBUG epoch: 49, train_acc: 88.53665828704834, val_acc: 42.73, fidel_score: 46.04, acc_loss: 0.42203106731176376, grad_loss: None
2022-04-27 14:33:59,415 DEBUG epoch: 50, train_acc: 90.79026412963867, val_acc: 42.44, fidel_score: 45.98, acc_loss: 0.3262147307395935, grad_loss: None
2022-04-27 14:34:01,704 DEBUG epoch: 51, train_acc: 90.74519157409668, val_acc: 43.0, fidel_score: 46.0, acc_loss: 0.3434344530105591, grad_loss: None
2022-04-27 14:34:03,727 DEBUG epoch: 52, train_acc: 88.61177825927734, val_acc: 42.44, fidel_score: 45.77, acc_loss: 0.379045307636261, grad_loss: None
2022-04-27 14:34:05,858 DEBUG epoch: 53, train_acc: 93.05138206481934, val_acc: 42.74, fidel_score: 46.28, acc_loss: 0.279945632442832, grad_loss: None
2022-04-27 14:34:08,158 DEBUG epoch: 54, train_acc: 92.20252418518066, val_acc: 42.56, fidel_score: 46.57, acc_loss: 0.3040811475366354, grad_loss: None
2022-04-27 14:34:10,038 DEBUG epoch: 55, train_acc: 93.17157459259033, val_acc: 42.95, fidel_score: 45.82, acc_loss: 0.29127195850014687, grad_loss: None
2022-04-27 14:34:12,356 DEBUG epoch: 56, train_acc: 91.51893043518066, val_acc: 43.02, fidel_score: 46.54, acc_loss: 0.34372378885746, grad_loss: None
2022-04-27 14:34:14,388 DEBUG epoch: 57, train_acc: 90.87289619445801, val_acc: 43.07, fidel_score: 46.73, acc_loss: 0.33418882451951504, grad_loss: None
2022-04-27 14:34:16,149 DEBUG epoch: 58, train_acc: 88.40895366668701, val_acc: 43.99, fidel_score: 47.0, acc_loss: 0.41956332325935364, grad_loss: None
2022-04-27 14:34:18,409 DEBUG epoch: 59, train_acc: 92.49549293518066, val_acc: 44.11, fidel_score: 47.85, acc_loss: 0.29063303396105766, grad_loss: None
2022-04-27 14:34:20,396 DEBUG epoch: 60, train_acc: 92.36778831481934, val_acc: 43.95, fidel_score: 47.43, acc_loss: 0.2832616865634918, grad_loss: None
2022-04-27 14:34:22,532 DEBUG epoch: 61, train_acc: 94.02794456481934, val_acc: 44.71, fidel_score: 48.18, acc_loss: 0.2461318038403988, grad_loss: None
2022-04-27 14:34:24,782 DEBUG epoch: 62, train_acc: 93.38191032409668, val_acc: 44.9, fidel_score: 48.16, acc_loss: 0.2630025986582041, grad_loss: None
2022-04-27 14:34:26,874 DEBUG epoch: 63, train_acc: 93.65985584259033, val_acc: 44.03, fidel_score: 48.09, acc_loss: 0.2661550957709551, grad_loss: None
2022-04-27 14:34:29,086 DEBUG epoch: 64, train_acc: 95.92848491668701, val_acc: 44.38, fidel_score: 48.12, acc_loss: 0.18602167442440987, grad_loss: None
2022-04-27 14:34:31,186 DEBUG epoch: 65, train_acc: 89.85877418518066, val_acc: 44.51, fidel_score: 48.1, acc_loss: 0.3590399120002985, grad_loss: None
2022-04-27 14:34:33,111 DEBUG epoch: 66, train_acc: 94.83924293518066, val_acc: 44.38, fidel_score: 47.7, acc_loss: 0.2048046998679638, grad_loss: None
2022-04-27 14:34:35,286 DEBUG epoch: 67, train_acc: 96.35667037963867, val_acc: 45.15, fidel_score: 48.81, acc_loss: 0.193359961733222, grad_loss: None
2022-04-27 14:34:37,232 DEBUG epoch: 68, train_acc: 96.68719959259033, val_acc: 45.89, fidel_score: 49.56, acc_loss: 0.17800038401037455, grad_loss: None
2022-04-27 14:34:39,181 DEBUG epoch: 69, train_acc: 94.56129741668701, val_acc: 45.16, fidel_score: 48.29, acc_loss: 0.23065586760640144, grad_loss: None
2022-04-27 14:34:41,344 DEBUG epoch: 70, train_acc: 95.07962703704834, val_acc: 45.07, fidel_score: 48.49, acc_loss: 0.2306669857352972, grad_loss: None
2022-04-27 14:34:43,390 DEBUG epoch: 71, train_acc: 95.47025203704834, val_acc: 45.22, fidel_score: 49.08, acc_loss: 0.20528717152774334, grad_loss: None
2022-04-27 14:34:45,447 DEBUG epoch: 72, train_acc: 94.93689918518066, val_acc: 44.47, fidel_score: 47.85, acc_loss: 0.20794064924120903, grad_loss: None
2022-04-27 14:34:47,718 DEBUG epoch: 73, train_acc: 94.44110584259033, val_acc: 45.66, fidel_score: 48.93, acc_loss: 0.24344820715487003, grad_loss: None
2022-04-27 14:34:49,703 DEBUG epoch: 74, train_acc: 96.61959075927734, val_acc: 45.7, fidel_score: 49.01, acc_loss: 0.16154680028557777, grad_loss: None
2022-04-27 14:34:51,958 DEBUG epoch: 75, train_acc: 96.44681453704834, val_acc: 44.93, fidel_score: 48.45, acc_loss: 0.16829595901072025, grad_loss: None
2022-04-27 14:34:53,964 DEBUG epoch: 76, train_acc: 94.42608165740967, val_acc: 45.13, fidel_score: 48.76, acc_loss: 0.20474781841039658, grad_loss: None
2022-04-27 14:34:56,017 DEBUG epoch: 77, train_acc: 95.24489116668701, val_acc: 45.39, fidel_score: 49.45, acc_loss: 0.20903628692030907, grad_loss: None
2022-04-27 14:34:58,146 DEBUG epoch: 78, train_acc: 95.49278831481934, val_acc: 45.25, fidel_score: 48.82, acc_loss: 0.19747587479650974, grad_loss: None
2022-04-27 14:35:00,305 DEBUG epoch: 79, train_acc: 95.875901222229, val_acc: 45.78, fidel_score: 49.25, acc_loss: 0.20265389140695333, grad_loss: None
2022-04-27 14:35:02,371 DEBUG epoch: 80, train_acc: 94.02794456481934, val_acc: 44.74, fidel_score: 48.65, acc_loss: 0.2202017791569233, grad_loss: None
2022-04-27 14:35:04,502 DEBUG epoch: 81, train_acc: 95.46273994445801, val_acc: 45.43, fidel_score: 48.88, acc_loss: 0.19678367767482996, grad_loss: None
2022-04-27 14:35:06,506 DEBUG epoch: 82, train_acc: 93.73497581481934, val_acc: 45.39, fidel_score: 48.76, acc_loss: 0.260268347337842, grad_loss: None
2022-04-27 14:35:08,808 DEBUG epoch: 83, train_acc: 96.29657459259033, val_acc: 46.06, fidel_score: 49.77, acc_loss: 0.1730170277878642, grad_loss: None
2022-04-27 14:35:10,781 DEBUG epoch: 84, train_acc: 94.92938709259033, val_acc: 45.42, fidel_score: 48.86, acc_loss: 0.21730787679553032, grad_loss: None
2022-04-27 14:35:12,826 DEBUG epoch: 85, train_acc: 94.83173084259033, val_acc: 44.97, fidel_score: 48.99, acc_loss: 0.22510619834065437, grad_loss: None
2022-04-27 14:35:15,121 DEBUG epoch: 86, train_acc: 96.31910991668701, val_acc: 46.1, fidel_score: 49.73, acc_loss: 0.16383048426359892, grad_loss: None
2022-04-27 14:35:17,252 DEBUG epoch: 87, train_acc: 96.82992744445801, val_acc: 45.43, fidel_score: 49.23, acc_loss: 0.1524176299571991, grad_loss: None
2022-04-27 14:35:19,421 DEBUG epoch: 88, train_acc: 94.56129741668701, val_acc: 45.97, fidel_score: 49.16, acc_loss: 0.21934885531663895, grad_loss: None
2022-04-27 14:35:21,500 DEBUG epoch: 89, train_acc: 95.83834075927734, val_acc: 45.38, fidel_score: 49.2, acc_loss: 0.1705502886325121, grad_loss: None
2022-04-27 14:35:23,490 DEBUG epoch: 90, train_acc: 95.93599700927734, val_acc: 45.07, fidel_score: 48.97, acc_loss: 0.1756372507661581, grad_loss: None
2022-04-27 14:35:25,588 DEBUG epoch: 91, train_acc: 94.07301616668701, val_acc: 45.83, fidel_score: 49.48, acc_loss: 0.22516650147736073, grad_loss: None
2022-04-27 14:35:27,423 DEBUG epoch: 92, train_acc: 95.56790828704834, val_acc: 45.13, fidel_score: 49.28, acc_loss: 0.20272964984178543, grad_loss: None
2022-04-27 14:35:29,409 DEBUG epoch: 93, train_acc: 95.95102119445801, val_acc: 45.37, fidel_score: 48.9, acc_loss: 0.19480320625007153, grad_loss: None
2022-04-27 14:35:31,541 DEBUG epoch: 94, train_acc: 97.0703125, val_acc: 45.74, fidel_score: 49.42, acc_loss: 0.15925674326717854, grad_loss: None
2022-04-27 14:35:33,118 DEBUG epoch: 95, train_acc: 96.22145366668701, val_acc: 45.87, fidel_score: 49.8, acc_loss: 0.16455575451254845, grad_loss: None
2022-04-27 14:35:35,132 DEBUG epoch: 96, train_acc: 96.10126209259033, val_acc: 45.45, fidel_score: 49.2, acc_loss: 0.18769237212836742, grad_loss: None
2022-04-27 14:35:37,307 DEBUG epoch: 97, train_acc: 97.58864116668701, val_acc: 45.44, fidel_score: 49.07, acc_loss: 0.14119491260498762, grad_loss: None
2022-04-27 14:35:39,039 DEBUG epoch: 98, train_acc: 96.37169456481934, val_acc: 46.17, fidel_score: 50.13, acc_loss: 0.17016371712088585, grad_loss: None
2022-04-27 14:35:41,164 DEBUG epoch: 99, train_acc: 95.05709075927734, val_acc: 45.8, fidel_score: 49.61, acc_loss: 0.1877617333084345, grad_loss: None
2022-04-27 14:35:43,281 DEBUG epoch: 100, train_acc: 96.85997581481934, val_acc: 45.5, fidel_score: 48.82, acc_loss: 0.14199712593108416, grad_loss: None
2022-04-27 14:35:45,147 DEBUG epoch: 101, train_acc: 98.2421875, val_acc: 45.88, fidel_score: 49.46, acc_loss: 0.1184987211599946, grad_loss: None
2022-04-27 14:35:47,409 DEBUG epoch: 102, train_acc: 97.047776222229, val_acc: 46.05, fidel_score: 50.04, acc_loss: 0.15868503879755735, grad_loss: None
2022-04-27 14:35:49,571 DEBUG epoch: 103, train_acc: 95.973557472229, val_acc: 45.38, fidel_score: 48.99, acc_loss: 0.1906491257250309, grad_loss: None
2022-04-27 14:35:51,648 DEBUG epoch: 104, train_acc: 94.78665828704834, val_acc: 45.76, fidel_score: 49.98, acc_loss: 0.22726346086710691, grad_loss: None
2022-04-27 14:35:53,883 DEBUG epoch: 105, train_acc: 97.22806453704834, val_acc: 45.77, fidel_score: 49.1, acc_loss: 0.1472287429496646, grad_loss: None
2022-04-27 14:35:56,076 DEBUG epoch: 106, train_acc: 96.51442241668701, val_acc: 45.67, fidel_score: 49.3, acc_loss: 0.17146306298673153, grad_loss: None
2022-04-27 14:35:58,087 DEBUG epoch: 107, train_acc: 95.80829334259033, val_acc: 45.62, fidel_score: 49.48, acc_loss: 0.18658047914505005, grad_loss: None
2022-04-27 14:36:00,388 DEBUG epoch: 108, train_acc: 97.10035991668701, val_acc: 45.73, fidel_score: 49.05, acc_loss: 0.13945685420185328, grad_loss: None
2022-04-27 14:36:02,334 DEBUG epoch: 109, train_acc: 96.31910991668701, val_acc: 45.14, fidel_score: 48.69, acc_loss: 0.17096416093409061, grad_loss: None
2022-04-27 14:36:04,610 DEBUG epoch: 110, train_acc: 96.97265625, val_acc: 45.45, fidel_score: 49.43, acc_loss: 0.1581940772011876, grad_loss: None
2022-04-27 14:36:06,848 DEBUG epoch: 111, train_acc: 96.70973491668701, val_acc: 45.42, fidel_score: 49.43, acc_loss: 0.17528280429542065, grad_loss: None
2022-04-27 14:36:08,750 DEBUG epoch: 112, train_acc: 97.047776222229, val_acc: 45.68, fidel_score: 49.28, acc_loss: 0.14121270272880793, grad_loss: None
2022-04-27 14:36:11,041 DEBUG epoch: 113, train_acc: 95.26742744445801, val_acc: 45.67, fidel_score: 49.47, acc_loss: 0.202450436539948, grad_loss: None
2022-04-27 14:36:13,044 DEBUG epoch: 114, train_acc: 96.58954334259033, val_acc: 45.65, fidel_score: 49.53, acc_loss: 0.17076220456510782, grad_loss: None
2022-04-27 14:36:15,052 DEBUG epoch: 115, train_acc: 94.73407459259033, val_acc: 45.83, fidel_score: 49.57, acc_loss: 0.2173021798953414, grad_loss: None
2022-04-27 14:36:17,350 DEBUG epoch: 116, train_acc: 96.73978328704834, val_acc: 45.49, fidel_score: 49.18, acc_loss: 0.16501928865909576, grad_loss: None
2022-04-27 14:36:19,127 DEBUG epoch: 117, train_acc: 97.27313709259033, val_acc: 45.31, fidel_score: 49.17, acc_loss: 0.13594546727836132, grad_loss: None
2022-04-27 14:36:21,008 DEBUG epoch: 118, train_acc: 96.43179035186768, val_acc: 46.35, fidel_score: 50.39, acc_loss: 0.16262569651007652, grad_loss: None
2022-04-27 14:36:23,303 DEBUG epoch: 119, train_acc: 97.51352119445801, val_acc: 45.56, fidel_score: 49.76, acc_loss: 0.12218437995761633, grad_loss: None
2022-04-27 14:36:24,968 DEBUG epoch: 120, train_acc: 96.22145366668701, val_acc: 45.86, fidel_score: 49.54, acc_loss: 0.17754049599170685, grad_loss: None
2022-04-27 14:36:26,666 DEBUG epoch: 121, train_acc: 95.01201915740967, val_acc: 45.69, fidel_score: 49.75, acc_loss: 0.19378405716270208, grad_loss: None
2022-04-27 14:36:28,950 DEBUG epoch: 122, train_acc: 95.78575706481934, val_acc: 45.99, fidel_score: 49.65, acc_loss: 0.186531325802207, grad_loss: None
2022-04-27 14:36:30,781 DEBUG epoch: 123, train_acc: 95.95853328704834, val_acc: 46.2, fidel_score: 50.1, acc_loss: 0.19436992332339287, grad_loss: None
2022-04-27 14:36:32,674 DEBUG epoch: 124, train_acc: 97.243088722229, val_acc: 45.63, fidel_score: 49.72, acc_loss: 0.14296273235231638, grad_loss: None
2022-04-27 14:36:34,968 DEBUG epoch: 125, train_acc: 94.74158668518066, val_acc: 45.44, fidel_score: 49.69, acc_loss: 0.21637774538248777, grad_loss: None
2022-04-27 14:36:36,762 DEBUG epoch: 126, train_acc: 97.29567241668701, val_acc: 46.17, fidel_score: 50.08, acc_loss: 0.1446345867589116, grad_loss: None
2022-04-27 14:36:38,819 DEBUG epoch: 127, train_acc: 94.66646575927734, val_acc: 46.33, fidel_score: 49.95, acc_loss: 0.20457623340189457, grad_loss: None
2022-04-27 14:36:41,086 DEBUG epoch: 128, train_acc: 95.47025203704834, val_acc: 46.39, fidel_score: 50.43, acc_loss: 0.1972668981179595, grad_loss: None
2022-04-27 14:36:43,097 DEBUG epoch: 129, train_acc: 95.65054035186768, val_acc: 45.48, fidel_score: 49.85, acc_loss: 0.19767020922154188, grad_loss: None
2022-04-27 14:36:45,346 DEBUG epoch: 130, train_acc: 93.90023994445801, val_acc: 45.99, fidel_score: 49.94, acc_loss: 0.23987124301493168, grad_loss: None
2022-04-27 14:36:47,630 DEBUG epoch: 131, train_acc: 96.461838722229, val_acc: 45.71, fidel_score: 50.05, acc_loss: 0.16681677848100662, grad_loss: None
2022-04-27 14:36:49,583 DEBUG epoch: 132, train_acc: 97.25811290740967, val_acc: 45.82, fidel_score: 49.34, acc_loss: 0.14021516777575016, grad_loss: None
2022-04-27 14:36:51,915 DEBUG epoch: 133, train_acc: 95.07211494445801, val_acc: 45.57, fidel_score: 49.18, acc_loss: 0.1947660157456994, grad_loss: None
2022-04-27 14:36:53,913 DEBUG epoch: 134, train_acc: 98.54266834259033, val_acc: 46.28, fidel_score: 50.06, acc_loss: 0.10957745276391506, grad_loss: None
2022-04-27 14:36:55,984 DEBUG epoch: 135, train_acc: 97.12289619445801, val_acc: 45.75, fidel_score: 49.32, acc_loss: 0.15262155700474977, grad_loss: None
2022-04-27 14:36:58,290 DEBUG epoch: 136, train_acc: 97.31820869445801, val_acc: 45.88, fidel_score: 49.57, acc_loss: 0.13571933563798666, grad_loss: None
2022-04-27 14:37:00,243 DEBUG epoch: 137, train_acc: 95.34254741668701, val_acc: 45.94, fidel_score: 49.87, acc_loss: 0.2114308951422572, grad_loss: None
2022-04-27 14:37:02,358 DEBUG epoch: 138, train_acc: 95.485276222229, val_acc: 45.93, fidel_score: 49.99, acc_loss: 0.1889947708696127, grad_loss: None
2022-04-27 14:37:04,629 DEBUG epoch: 139, train_acc: 96.071213722229, val_acc: 45.93, fidel_score: 49.85, acc_loss: 0.165117796510458, grad_loss: None
2022-04-27 14:37:06,570 DEBUG epoch: 140, train_acc: 96.49188709259033, val_acc: 45.77, fidel_score: 49.95, acc_loss: 0.1600193390622735, grad_loss: None
2022-04-27 14:37:08,813 DEBUG epoch: 141, train_acc: 96.42427825927734, val_acc: 45.68, fidel_score: 49.91, acc_loss: 0.16658329125493765, grad_loss: None
2022-04-27 14:37:10,780 DEBUG epoch: 142, train_acc: 96.76983165740967, val_acc: 45.95, fidel_score: 49.45, acc_loss: 0.14419902954250574, grad_loss: None
2022-04-27 14:37:12,676 DEBUG epoch: 143, train_acc: 96.82992744445801, val_acc: 46.23, fidel_score: 50.36, acc_loss: 0.14543048478662968, grad_loss: None
2022-04-27 14:37:14,977 DEBUG epoch: 144, train_acc: 97.56610584259033, val_acc: 46.64, fidel_score: 50.28, acc_loss: 0.13001570710912347, grad_loss: None
2022-04-27 14:37:17,002 DEBUG epoch: 145, train_acc: 97.88160991668701, val_acc: 45.83, fidel_score: 49.97, acc_loss: 0.1274503506720066, grad_loss: None
2022-04-27 14:37:19,208 DEBUG epoch: 146, train_acc: 96.92758369445801, val_acc: 46.06, fidel_score: 50.35, acc_loss: 0.1469384841620922, grad_loss: None
2022-04-27 14:37:21,446 DEBUG epoch: 147, train_acc: 96.02614116668701, val_acc: 46.43, fidel_score: 50.3, acc_loss: 0.17142850998789072, grad_loss: None
2022-04-27 14:37:23,474 DEBUG epoch: 148, train_acc: 96.30408668518066, val_acc: 46.4, fidel_score: 50.0, acc_loss: 0.16433856636285782, grad_loss: None
2022-04-27 14:37:25,659 DEBUG epoch: 149, train_acc: 96.852463722229, val_acc: 45.9, fidel_score: 49.76, acc_loss: 0.15331219881772995, grad_loss: None
2022-04-27 14:37:27,848 DEBUG epoch: 150, train_acc: 97.02523994445801, val_acc: 46.27, fidel_score: 49.9, acc_loss: 0.14895425364375114, grad_loss: None
2022-04-27 14:37:29,656 DEBUG epoch: 151, train_acc: 97.39332866668701, val_acc: 46.28, fidel_score: 50.49, acc_loss: 0.14672929514199495, grad_loss: None
2022-04-27 14:37:31,869 DEBUG epoch: 152, train_acc: 96.91255950927734, val_acc: 46.4, fidel_score: 49.82, acc_loss: 0.15406893379986286, grad_loss: None
2022-04-27 14:37:33,880 DEBUG epoch: 153, train_acc: 97.88160991668701, val_acc: 45.84, fidel_score: 49.59, acc_loss: 0.13334958627820015, grad_loss: None
2022-04-27 14:37:35,731 DEBUG epoch: 154, train_acc: 98.219651222229, val_acc: 45.79, fidel_score: 49.65, acc_loss: 0.09847020544111729, grad_loss: None
2022-04-27 14:37:37,911 DEBUG epoch: 155, train_acc: 97.20552825927734, val_acc: 45.94, fidel_score: 50.15, acc_loss: 0.13764791935682297, grad_loss: None
2022-04-27 14:37:39,852 DEBUG epoch: 156, train_acc: 97.80648994445801, val_acc: 46.27, fidel_score: 49.82, acc_loss: 0.13193862047046423, grad_loss: None
2022-04-27 14:37:41,898 DEBUG epoch: 157, train_acc: 96.6796875, val_acc: 46.02, fidel_score: 49.93, acc_loss: 0.16228719521313906, grad_loss: None
2022-04-27 14:37:44,025 DEBUG epoch: 158, train_acc: 97.73888206481934, val_acc: 46.15, fidel_score: 49.36, acc_loss: 0.11798984371125698, grad_loss: None
2022-04-27 14:37:46,201 DEBUG epoch: 159, train_acc: 96.31910991668701, val_acc: 46.26, fidel_score: 49.84, acc_loss: 0.177783090621233, grad_loss: None
2022-04-27 14:37:48,457 DEBUG epoch: 160, train_acc: 97.22055244445801, val_acc: 46.82, fidel_score: 50.19, acc_loss: 0.14004785008728504, grad_loss: None
2022-04-27 14:37:50,573 DEBUG epoch: 161, train_acc: 96.14633369445801, val_acc: 45.35, fidel_score: 48.86, acc_loss: 0.15742039866745472, grad_loss: None
2022-04-27 14:37:52,556 DEBUG epoch: 162, train_acc: 96.78485584259033, val_acc: 46.32, fidel_score: 50.06, acc_loss: 0.1452554576098919, grad_loss: None
2022-04-27 14:37:54,674 DEBUG epoch: 163, train_acc: 98.33984375, val_acc: 46.16, fidel_score: 50.01, acc_loss: 0.11820967588573694, grad_loss: None
2022-04-27 14:37:56,663 DEBUG epoch: 164, train_acc: 97.88160991668701, val_acc: 46.51, fidel_score: 50.32, acc_loss: 0.12710053753107786, grad_loss: None
2022-04-27 14:37:58,772 DEBUG epoch: 165, train_acc: 97.90414619445801, val_acc: 46.16, fidel_score: 49.93, acc_loss: 0.1271478896960616, grad_loss: None
2022-04-27 14:38:00,910 DEBUG epoch: 166, train_acc: 96.17638206481934, val_acc: 46.64, fidel_score: 50.42, acc_loss: 0.16666572354733944, grad_loss: None
2022-04-27 14:38:03,048 DEBUG epoch: 167, train_acc: 99.0234375, val_acc: 46.8, fidel_score: 50.57, acc_loss: 0.09846340958029032, grad_loss: None
2022-04-27 14:38:05,126 DEBUG epoch: 168, train_acc: 97.633713722229, val_acc: 46.1, fidel_score: 50.05, acc_loss: 0.13693634048104286, grad_loss: None
2022-04-27 14:38:07,287 DEBUG epoch: 169, train_acc: 97.76141834259033, val_acc: 46.42, fidel_score: 50.55, acc_loss: 0.11377656180411577, grad_loss: None
2022-04-27 14:38:09,288 DEBUG epoch: 170, train_acc: 97.0703125, val_acc: 46.49, fidel_score: 49.88, acc_loss: 0.1473024794831872, grad_loss: None
2022-04-27 14:38:11,535 DEBUG epoch: 171, train_acc: 96.90504741668701, val_acc: 46.52, fidel_score: 50.12, acc_loss: 0.14848975371569395, grad_loss: None
2022-04-27 14:38:13,511 DEBUG epoch: 172, train_acc: 97.78395366668701, val_acc: 46.05, fidel_score: 49.72, acc_loss: 0.12783166207373142, grad_loss: None
2022-04-27 14:38:15,630 DEBUG epoch: 173, train_acc: 96.77734375, val_acc: 46.33, fidel_score: 49.8, acc_loss: 0.1443664664402604, grad_loss: None
2022-04-27 14:38:17,837 DEBUG epoch: 174, train_acc: 97.80648994445801, val_acc: 46.74, fidel_score: 50.73, acc_loss: 0.12043511960655451, grad_loss: None
2022-04-27 14:38:19,954 DEBUG epoch: 175, train_acc: 95.83082866668701, val_acc: 45.73, fidel_score: 50.07, acc_loss: 0.18716446589678526, grad_loss: None
2022-04-27 14:38:22,106 DEBUG epoch: 176, train_acc: 97.047776222229, val_acc: 46.48, fidel_score: 50.26, acc_loss: 0.15607217885553837, grad_loss: None
2022-04-27 14:38:24,152 DEBUG epoch: 177, train_acc: 97.68629741668701, val_acc: 45.86, fidel_score: 49.49, acc_loss: 0.13515267614275217, grad_loss: None
2022-04-27 14:38:26,181 DEBUG epoch: 178, train_acc: 98.09945869445801, val_acc: 46.3, fidel_score: 50.34, acc_loss: 0.11977342702448368, grad_loss: None
2022-04-27 14:38:28,327 DEBUG epoch: 179, train_acc: 97.047776222229, val_acc: 46.54, fidel_score: 50.48, acc_loss: 0.14777952060103416, grad_loss: None
2022-04-27 14:38:30,330 DEBUG epoch: 180, train_acc: 96.82992744445801, val_acc: 46.49, fidel_score: 50.43, acc_loss: 0.15443715173751116, grad_loss: None
2022-04-27 14:38:32,520 DEBUG epoch: 181, train_acc: 98.78305244445801, val_acc: 46.53, fidel_score: 50.22, acc_loss: 0.10355347581207752, grad_loss: None
2022-04-27 14:38:34,795 DEBUG epoch: 182, train_acc: 97.22055244445801, val_acc: 46.47, fidel_score: 50.47, acc_loss: 0.12425259035080671, grad_loss: None
2022-04-27 14:38:36,845 DEBUG epoch: 183, train_acc: 97.047776222229, val_acc: 46.73, fidel_score: 50.09, acc_loss: 0.14962590020149946, grad_loss: None
2022-04-27 14:38:39,093 DEBUG epoch: 184, train_acc: 97.88160991668701, val_acc: 46.99, fidel_score: 51.02, acc_loss: 0.12889589555561543, grad_loss: None
2022-04-27 14:38:41,091 DEBUG epoch: 185, train_acc: 96.484375, val_acc: 46.09, fidel_score: 50.08, acc_loss: 0.14746395777910948, grad_loss: None
2022-04-27 14:38:43,125 DEBUG epoch: 186, train_acc: 96.559494972229, val_acc: 46.29, fidel_score: 50.3, acc_loss: 0.16009785700589418, grad_loss: None
2022-04-27 14:38:45,390 DEBUG epoch: 187, train_acc: 96.63461494445801, val_acc: 46.11, fidel_score: 50.29, acc_loss: 0.15561811812222004, grad_loss: None
2022-04-27 14:38:47,202 DEBUG epoch: 188, train_acc: 97.58864116668701, val_acc: 45.72, fidel_score: 49.84, acc_loss: 0.1222665049135685, grad_loss: None
2022-04-27 14:38:49,340 DEBUG epoch: 189, train_acc: 97.02523994445801, val_acc: 46.21, fidel_score: 50.07, acc_loss: 0.15189625322818756, grad_loss: None
2022-04-27 14:38:51,509 DEBUG epoch: 190, train_acc: 97.19801616668701, val_acc: 45.86, fidel_score: 49.79, acc_loss: 0.1472928924486041, grad_loss: None
2022-04-27 14:38:53,501 DEBUG epoch: 191, train_acc: 98.39242744445801, val_acc: 46.17, fidel_score: 49.66, acc_loss: 0.11381787713617086, grad_loss: None
2022-04-27 14:38:55,737 DEBUG epoch: 192, train_acc: 98.68539619445801, val_acc: 45.88, fidel_score: 50.23, acc_loss: 0.0988448616117239, grad_loss: None
2022-04-27 14:38:57,888 DEBUG epoch: 193, train_acc: 97.00270366668701, val_acc: 46.42, fidel_score: 50.31, acc_loss: 0.14523646514862776, grad_loss: None
2022-04-27 14:38:59,860 DEBUG epoch: 194, train_acc: 96.657151222229, val_acc: 46.44, fidel_score: 50.09, acc_loss: 0.14497278351336718, grad_loss: None
2022-04-27 14:39:02,137 DEBUG epoch: 195, train_acc: 97.46844959259033, val_acc: 46.2, fidel_score: 50.5, acc_loss: 0.13310637138783932, grad_loss: None
2022-04-27 14:39:04,100 DEBUG epoch: 196, train_acc: 96.54447078704834, val_acc: 46.14, fidel_score: 49.73, acc_loss: 0.15786282252520323, grad_loss: None
2022-04-27 14:39:06,269 DEBUG epoch: 197, train_acc: 97.02523994445801, val_acc: 46.57, fidel_score: 50.91, acc_loss: 0.13946475461125374, grad_loss: None
2022-04-27 14:39:08,594 DEBUG epoch: 198, train_acc: 96.53695869445801, val_acc: 46.59, fidel_score: 50.57, acc_loss: 0.12882789131253958, grad_loss: None
2022-04-27 14:39:10,716 DEBUG epoch: 199, train_acc: 96.90504741668701, val_acc: 46.46, fidel_score: 50.08, acc_loss: 0.13951701764017344, grad_loss: None
2022-04-27 14:39:12,952 DEBUG epoch: 200, train_acc: 94.94441032409668, val_acc: 46.36, fidel_score: 50.07, acc_loss: 0.21397799625992775, grad_loss: None
2022-04-27 14:39:15,212 DEBUG epoch: 201, train_acc: 97.926682472229, val_acc: 46.69, fidel_score: 50.11, acc_loss: 0.12398792617022991, grad_loss: None
2022-04-27 14:39:17,150 DEBUG epoch: 202, train_acc: 96.950119972229, val_acc: 46.68, fidel_score: 50.32, acc_loss: 0.1483961339108646, grad_loss: None
2022-04-27 14:39:19,471 DEBUG epoch: 203, train_acc: 95.95102119445801, val_acc: 46.39, fidel_score: 50.34, acc_loss: 0.1647538235411048, grad_loss: None
2022-04-27 14:39:21,648 DEBUG epoch: 204, train_acc: 95.76322078704834, val_acc: 46.04, fidel_score: 50.12, acc_loss: 0.15550603810697794, grad_loss: None
2022-04-27 14:39:23,462 DEBUG epoch: 205, train_acc: 98.707932472229, val_acc: 46.48, fidel_score: 50.87, acc_loss: 0.10568347480148077, grad_loss: None
2022-04-27 14:39:25,771 DEBUG epoch: 206, train_acc: 98.4375, val_acc: 46.85, fidel_score: 50.77, acc_loss: 0.10326283378526568, grad_loss: None
2022-04-27 14:39:27,772 DEBUG epoch: 207, train_acc: 97.340744972229, val_acc: 46.36, fidel_score: 50.51, acc_loss: 0.1302772806957364, grad_loss: None
2022-04-27 14:39:29,802 DEBUG epoch: 208, train_acc: 97.23557662963867, val_acc: 47.03, fidel_score: 50.32, acc_loss: 0.14290670305490494, grad_loss: None
2022-04-27 14:39:32,102 DEBUG epoch: 209, train_acc: 97.438401222229, val_acc: 46.77, fidel_score: 50.32, acc_loss: 0.1355741135776043, grad_loss: None
2022-04-27 14:39:34,118 DEBUG epoch: 210, train_acc: 98.024338722229, val_acc: 46.19, fidel_score: 50.49, acc_loss: 0.10807739570736885, grad_loss: None
2022-04-27 14:39:36,434 DEBUG epoch: 211, train_acc: 98.317307472229, val_acc: 46.58, fidel_score: 50.22, acc_loss: 0.12308788113296032, grad_loss: None
2022-04-27 14:39:38,587 DEBUG epoch: 212, train_acc: 97.46844959259033, val_acc: 46.71, fidel_score: 50.33, acc_loss: 0.1286350730806589, grad_loss: None
2022-04-27 14:39:40,507 DEBUG epoch: 213, train_acc: 97.36328125, val_acc: 46.39, fidel_score: 50.35, acc_loss: 0.14221556019037962, grad_loss: None
2022-04-27 14:39:42,757 DEBUG epoch: 214, train_acc: 96.88251209259033, val_acc: 45.6, fidel_score: 49.86, acc_loss: 0.1447267234325409, grad_loss: None
2022-04-27 14:39:44,753 DEBUG epoch: 215, train_acc: 97.829026222229, val_acc: 46.45, fidel_score: 50.66, acc_loss: 0.1188491927459836, grad_loss: None
2022-04-27 14:39:46,882 DEBUG epoch: 216, train_acc: 96.90504741668701, val_acc: 45.78, fidel_score: 49.74, acc_loss: 0.14849174953997135, grad_loss: None
2022-04-27 14:39:49,125 DEBUG epoch: 217, train_acc: 97.36328125, val_acc: 46.82, fidel_score: 50.87, acc_loss: 0.1473169606178999, grad_loss: None
2022-04-27 14:39:51,246 DEBUG epoch: 218, train_acc: 97.93419456481934, val_acc: 46.3, fidel_score: 50.45, acc_loss: 0.11240084003657103, grad_loss: None
2022-04-27 14:39:53,355 DEBUG epoch: 219, train_acc: 96.63461494445801, val_acc: 46.14, fidel_score: 49.99, acc_loss: 0.16663122735917568, grad_loss: None
2022-04-27 14:39:55,560 DEBUG epoch: 220, train_acc: 96.95763206481934, val_acc: 45.64, fidel_score: 49.71, acc_loss: 0.14623122476041317, grad_loss: None
2022-04-27 14:39:57,389 DEBUG epoch: 221, train_acc: 97.731369972229, val_acc: 46.75, fidel_score: 50.24, acc_loss: 0.1225575627759099, grad_loss: None
2022-04-27 14:39:59,555 DEBUG epoch: 222, train_acc: 96.70973491668701, val_acc: 46.06, fidel_score: 50.07, acc_loss: 0.1435976792126894, grad_loss: None
2022-04-27 14:40:01,606 DEBUG epoch: 223, train_acc: 97.25811290740967, val_acc: 46.38, fidel_score: 50.48, acc_loss: 0.13945291843265295, grad_loss: None
2022-04-27 14:40:03,522 DEBUG epoch: 224, train_acc: 98.6328125, val_acc: 46.81, fidel_score: 50.38, acc_loss: 0.10246977768838406, grad_loss: None
2022-04-27 14:40:05,695 DEBUG epoch: 225, train_acc: 96.49188709259033, val_acc: 45.87, fidel_score: 50.3, acc_loss: 0.151567617431283, grad_loss: None
2022-04-27 14:40:07,665 DEBUG epoch: 226, train_acc: 97.46844959259033, val_acc: 46.51, fidel_score: 50.13, acc_loss: 0.12809164822101593, grad_loss: None
2022-04-27 14:40:09,793 DEBUG epoch: 227, train_acc: 97.12289619445801, val_acc: 47.14, fidel_score: 51.38, acc_loss: 0.13910895492881536, grad_loss: None
2022-04-27 14:40:12,032 DEBUG epoch: 228, train_acc: 98.19711494445801, val_acc: 46.76, fidel_score: 50.6, acc_loss: 0.11672748811542988, grad_loss: None
2022-04-27 14:40:14,064 DEBUG epoch: 229, train_acc: 97.340744972229, val_acc: 46.57, fidel_score: 49.89, acc_loss: 0.14454933255910873, grad_loss: None
2022-04-27 14:40:16,302 DEBUG epoch: 230, train_acc: 96.80739116668701, val_acc: 46.63, fidel_score: 50.55, acc_loss: 0.1429421342909336, grad_loss: None
2022-04-27 14:40:18,341 DEBUG epoch: 231, train_acc: 96.266526222229, val_acc: 46.67, fidel_score: 50.57, acc_loss: 0.16290736477822065, grad_loss: None
2022-04-27 14:40:20,352 DEBUG epoch: 232, train_acc: 99.0234375, val_acc: 46.37, fidel_score: 50.48, acc_loss: 0.10214482713490725, grad_loss: None
2022-04-27 14:40:22,501 DEBUG epoch: 233, train_acc: 96.29657459259033, val_acc: 46.76, fidel_score: 49.89, acc_loss: 0.15576555859297514, grad_loss: None
2022-04-27 14:40:24,590 DEBUG epoch: 234, train_acc: 97.243088722229, val_acc: 46.84, fidel_score: 50.58, acc_loss: 0.13022691942751408, grad_loss: None
2022-04-27 14:40:26,653 DEBUG epoch: 235, train_acc: 96.00360584259033, val_acc: 46.65, fidel_score: 50.22, acc_loss: 0.16277955379337072, grad_loss: None
2022-04-27 14:40:28,801 DEBUG epoch: 236, train_acc: 97.07782459259033, val_acc: 45.99, fidel_score: 50.72, acc_loss: 0.15359137766063213, grad_loss: None
2022-04-27 14:40:30,826 DEBUG epoch: 237, train_acc: 97.05528831481934, val_acc: 46.27, fidel_score: 50.28, acc_loss: 0.13910940755158663, grad_loss: None
2022-04-27 14:40:32,967 DEBUG epoch: 238, train_acc: 97.4609375, val_acc: 46.23, fidel_score: 50.4, acc_loss: 0.15734399436041713, grad_loss: None
2022-04-27 14:40:34,984 DEBUG epoch: 239, train_acc: 97.51352119445801, val_acc: 46.18, fidel_score: 50.38, acc_loss: 0.1157841831445694, grad_loss: None
2022-04-27 14:40:36,967 DEBUG epoch: 240, train_acc: 97.243088722229, val_acc: 46.55, fidel_score: 50.65, acc_loss: 0.13993415515869856, grad_loss: None
2022-04-27 14:40:39,147 DEBUG epoch: 241, train_acc: 96.73227119445801, val_acc: 45.83, fidel_score: 50.44, acc_loss: 0.15632870979607105, grad_loss: None
2022-04-27 14:40:41,067 DEBUG epoch: 242, train_acc: 96.071213722229, val_acc: 46.38, fidel_score: 49.88, acc_loss: 0.16601687856018543, grad_loss: None
2022-04-27 14:40:43,292 DEBUG epoch: 243, train_acc: 97.41586494445801, val_acc: 46.54, fidel_score: 50.56, acc_loss: 0.117261434905231, grad_loss: None
2022-04-27 14:40:45,504 DEBUG epoch: 244, train_acc: 98.317307472229, val_acc: 46.82, fidel_score: 50.83, acc_loss: 0.10612056124955416, grad_loss: None
2022-04-27 14:40:47,554 DEBUG epoch: 245, train_acc: 98.78305244445801, val_acc: 46.6, fidel_score: 50.67, acc_loss: 0.08723965287208557, grad_loss: None
2022-04-27 14:40:49,729 DEBUG epoch: 246, train_acc: 96.83743953704834, val_acc: 46.55, fidel_score: 50.5, acc_loss: 0.15841379761695862, grad_loss: None
2022-04-27 14:40:51,672 DEBUG epoch: 247, train_acc: 97.80648994445801, val_acc: 46.33, fidel_score: 50.57, acc_loss: 0.1198095353320241, grad_loss: None
2022-04-27 14:40:53,653 DEBUG epoch: 248, train_acc: 95.703125, val_acc: 46.1, fidel_score: 50.22, acc_loss: 0.18412068951874971, grad_loss: None
2022-04-27 14:40:55,772 DEBUG epoch: 249, train_acc: 97.536057472229, val_acc: 46.63, fidel_score: 50.39, acc_loss: 0.12726975977420807, grad_loss: None
2022-04-27 14:40:57,488 DEBUG epoch: 250, train_acc: 96.852463722229, val_acc: 46.97, fidel_score: 50.4, acc_loss: 0.13671818049624562, grad_loss: None
2022-04-27 14:40:59,469 DEBUG epoch: 251, train_acc: 96.10126209259033, val_acc: 47.0, fidel_score: 50.95, acc_loss: 0.1625223932787776, grad_loss: None
2022-04-27 14:41:01,612 DEBUG epoch: 252, train_acc: 96.80739116668701, val_acc: 46.41, fidel_score: 49.75, acc_loss: 0.15405980870127678, grad_loss: None
2022-04-27 14:41:03,277 DEBUG epoch: 253, train_acc: 97.41586494445801, val_acc: 45.96, fidel_score: 49.93, acc_loss: 0.1321594938635826, grad_loss: None
2022-04-27 14:41:05,292 DEBUG epoch: 254, train_acc: 97.78395366668701, val_acc: 46.13, fidel_score: 50.31, acc_loss: 0.1141941249370575, grad_loss: None
2022-04-27 14:41:07,508 DEBUG epoch: 255, train_acc: 97.29567241668701, val_acc: 46.39, fidel_score: 49.97, acc_loss: 0.13034715503454208, grad_loss: None
2022-04-27 14:41:09,484 DEBUG epoch: 256, train_acc: 97.13040828704834, val_acc: 46.02, fidel_score: 49.83, acc_loss: 0.15761538594961166, grad_loss: None
2022-04-27 14:41:11,683 DEBUG epoch: 257, train_acc: 96.73978328704834, val_acc: 46.45, fidel_score: 50.2, acc_loss: 0.1547414055094123, grad_loss: None
2022-04-27 14:41:13,813 DEBUG epoch: 258, train_acc: 96.852463722229, val_acc: 46.64, fidel_score: 51.21, acc_loss: 0.1482691392302513, grad_loss: None
2022-04-27 14:41:15,834 DEBUG epoch: 259, train_acc: 97.22806453704834, val_acc: 46.76, fidel_score: 50.5, acc_loss: 0.159332187846303, grad_loss: None
2022-04-27 14:41:18,150 DEBUG epoch: 260, train_acc: 98.05438709259033, val_acc: 46.26, fidel_score: 50.27, acc_loss: 0.12249199207872152, grad_loss: None
2022-04-27 14:41:20,206 DEBUG epoch: 261, train_acc: 97.12289619445801, val_acc: 46.2, fidel_score: 49.79, acc_loss: 0.1295881923288107, grad_loss: None
2022-04-27 14:41:22,210 DEBUG epoch: 262, train_acc: 96.97265625, val_acc: 46.75, fidel_score: 50.62, acc_loss: 0.14443000964820385, grad_loss: None
2022-04-27 14:41:24,494 DEBUG epoch: 263, train_acc: 98.6328125, val_acc: 46.62, fidel_score: 50.59, acc_loss: 0.11102400533854961, grad_loss: None
2022-04-27 14:41:26,501 DEBUG epoch: 264, train_acc: 98.4375, val_acc: 46.3, fidel_score: 50.09, acc_loss: 0.0948724951595068, grad_loss: None
2022-04-27 14:41:28,774 DEBUG epoch: 265, train_acc: 96.92758369445801, val_acc: 46.65, fidel_score: 50.38, acc_loss: 0.12591852620244026, grad_loss: None
2022-04-27 14:41:31,049 DEBUG epoch: 266, train_acc: 97.54356956481934, val_acc: 46.51, fidel_score: 50.92, acc_loss: 0.12430076487362385, grad_loss: None
2022-04-27 14:41:32,948 DEBUG epoch: 267, train_acc: 98.00931453704834, val_acc: 46.47, fidel_score: 50.59, acc_loss: 0.10081047844141722, grad_loss: None
2022-04-27 14:41:35,258 DEBUG epoch: 268, train_acc: 99.07602119445801, val_acc: 46.82, fidel_score: 50.14, acc_loss: 0.0969888037070632, grad_loss: None
2022-04-27 14:41:37,336 DEBUG epoch: 269, train_acc: 97.90414619445801, val_acc: 46.62, fidel_score: 50.88, acc_loss: 0.11233660578727722, grad_loss: None
2022-04-27 14:41:39,174 DEBUG epoch: 270, train_acc: 97.926682472229, val_acc: 46.08, fidel_score: 50.23, acc_loss: 0.12248650938272476, grad_loss: None
2022-04-27 14:41:41,524 DEBUG epoch: 271, train_acc: 98.317307472229, val_acc: 45.91, fidel_score: 50.06, acc_loss: 0.10535663645714521, grad_loss: None
2022-04-27 14:41:43,556 DEBUG epoch: 272, train_acc: 97.55859375, val_acc: 46.09, fidel_score: 50.16, acc_loss: 0.13522543106228113, grad_loss: None
2022-04-27 14:41:45,315 DEBUG epoch: 273, train_acc: 97.34825706481934, val_acc: 46.63, fidel_score: 50.69, acc_loss: 0.13668113388121128, grad_loss: None
2022-04-27 14:41:47,634 DEBUG epoch: 274, train_acc: 97.13040828704834, val_acc: 46.46, fidel_score: 50.26, acc_loss: 0.14153710193932056, grad_loss: None
2022-04-27 14:41:49,607 DEBUG epoch: 275, train_acc: 97.27313709259033, val_acc: 46.38, fidel_score: 50.22, acc_loss: 0.13091665878891945, grad_loss: None
2022-04-27 14:41:51,633 DEBUG epoch: 276, train_acc: 96.950119972229, val_acc: 46.3, fidel_score: 50.21, acc_loss: 0.13810659851878881, grad_loss: None
2022-04-27 14:41:53,911 DEBUG epoch: 277, train_acc: 98.73046875, val_acc: 46.16, fidel_score: 50.4, acc_loss: 0.09234073385596275, grad_loss: None
2022-04-27 14:41:55,821 DEBUG epoch: 278, train_acc: 95.8984375, val_acc: 46.25, fidel_score: 50.09, acc_loss: 0.17202587518841028, grad_loss: None
2022-04-27 14:41:57,947 DEBUG epoch: 279, train_acc: 97.41586494445801, val_acc: 46.29, fidel_score: 50.42, acc_loss: 0.1379639757797122, grad_loss: None
2022-04-27 14:42:00,244 DEBUG epoch: 280, train_acc: 99.21875, val_acc: 46.13, fidel_score: 50.65, acc_loss: 0.0837706420570612, grad_loss: None
2022-04-27 14:42:02,111 DEBUG epoch: 281, train_acc: 96.41676616668701, val_acc: 46.03, fidel_score: 50.12, acc_loss: 0.15543766599148512, grad_loss: None
2022-04-27 14:42:04,367 DEBUG epoch: 282, train_acc: 98.36989116668701, val_acc: 46.64, fidel_score: 50.59, acc_loss: 0.1102736322209239, grad_loss: None
2022-04-27 14:42:06,392 DEBUG epoch: 283, train_acc: 97.19801616668701, val_acc: 45.66, fidel_score: 49.59, acc_loss: 0.1491301693022251, grad_loss: None
2022-04-27 14:42:08,485 DEBUG epoch: 284, train_acc: 97.10035991668701, val_acc: 46.65, fidel_score: 50.54, acc_loss: 0.15335993934422731, grad_loss: None
2022-04-27 14:42:10,724 DEBUG epoch: 285, train_acc: 98.805588722229, val_acc: 46.6, fidel_score: 50.67, acc_loss: 0.1030498119071126, grad_loss: None
2022-04-27 14:42:12,803 DEBUG epoch: 286, train_acc: 98.14453125, val_acc: 45.65, fidel_score: 49.91, acc_loss: 0.10595831740647554, grad_loss: None
2022-04-27 14:42:14,997 DEBUG epoch: 287, train_acc: 97.27313709259033, val_acc: 46.17, fidel_score: 50.33, acc_loss: 0.14220290910452604, grad_loss: None
2022-04-27 14:42:17,300 DEBUG epoch: 288, train_acc: 96.61207866668701, val_acc: 46.74, fidel_score: 50.43, acc_loss: 0.15762364119291306, grad_loss: None
2022-04-27 14:42:19,235 DEBUG epoch: 289, train_acc: 98.53515625, val_acc: 47.02, fidel_score: 50.72, acc_loss: 0.1097042839974165, grad_loss: None
2022-04-27 14:42:21,395 DEBUG epoch: 290, train_acc: 96.31910991668701, val_acc: 46.31, fidel_score: 50.21, acc_loss: 0.16527382750064135, grad_loss: None
2022-04-27 14:42:23,425 DEBUG epoch: 291, train_acc: 98.92578125, val_acc: 46.21, fidel_score: 50.23, acc_loss: 0.0976554537191987, grad_loss: None
2022-04-27 14:42:25,389 DEBUG epoch: 292, train_acc: 98.512619972229, val_acc: 46.79, fidel_score: 50.44, acc_loss: 0.09826136752963066, grad_loss: None
2022-04-27 14:42:27,564 DEBUG epoch: 293, train_acc: 98.00931453704834, val_acc: 46.42, fidel_score: 50.37, acc_loss: 0.11798558756709099, grad_loss: None
2022-04-27 14:42:29,591 DEBUG epoch: 294, train_acc: 97.80648994445801, val_acc: 46.73, fidel_score: 50.32, acc_loss: 0.12100125662982464, grad_loss: None
2022-04-27 14:42:31,631 DEBUG epoch: 295, train_acc: 97.15294456481934, val_acc: 46.23, fidel_score: 50.08, acc_loss: 0.13752730190753937, grad_loss: None
2022-04-27 14:42:33,771 DEBUG epoch: 296, train_acc: 97.12289619445801, val_acc: 46.76, fidel_score: 50.49, acc_loss: 0.14763377606868744, grad_loss: None
2022-04-27 14:42:35,855 DEBUG epoch: 297, train_acc: 96.76231956481934, val_acc: 45.99, fidel_score: 50.25, acc_loss: 0.1342221423983574, grad_loss: None
2022-04-27 14:42:38,144 DEBUG epoch: 298, train_acc: 96.88251209259033, val_acc: 46.28, fidel_score: 50.49, acc_loss: 0.1568382428959012, grad_loss: None
2022-04-27 14:42:40,163 DEBUG epoch: 299, train_acc: 96.559494972229, val_acc: 46.88, fidel_score: 51.15, acc_loss: 0.16243152040988207, grad_loss: None
2022-04-27 14:42:42,132 DEBUG epoch: 300, train_acc: 96.950119972229, val_acc: 46.78, fidel_score: 50.95, acc_loss: 0.1371025126427412, grad_loss: None
2022-04-27 14:42:42,132 DEBUG load best stealed model.
2022-04-27 14:42:42,132 DEBUG Best perform model, val_acc: 47.14, fidel_score: 51.38, acc_loss: 0.13910895492881536
2022-04-27 14:42:42,133 DEBUG load cloest stealed model.
2022-04-27 14:42:42,133 DEBUG Closest perform model, val_acc: 47.14, fidel_score: 51.38, acc_loss: 0.13910895492881536
