2022-04-27 10:15:02,775 DEBUG Namespace(arch='vgg11_bn', attack_client=0, attack_epochs=300, attack_style='GM_option_SVHN', average_time=1, batch_size=128, bottleneck_option='None', cutlayer=4, data_proportion=1.0, dataset='cifar10', filename='ace_V2_epoch_vgg11_bn_cutlayer_4_client_1_seed125_dataset_cifar10_lr_0.05_200epoch', folder='saves/baseline', learning_rate=0.005, noniid_ratio=1.0, num_client=1, num_epochs='best', num_query=10000, random_seed=123, regularization='None', regularization_strength=0.0, scheme='V2_epoch', surrogate_arch='same', test_best=True, train_clas_layer=4.0)
2022-04-27 10:15:07,350 DEBUG Test (client-0):	Loss 0.6165 (0.3623)	Prec@1 81.250 (91.890)
2022-04-27 10:15:07,350 DEBUG  * Prec@1 91.890
2022-04-27 10:15:07,419 DEBUG 10
2022-04-27 10:15:07,419 DEBUG surrogate parameter has 10 trainable parameters!
2022-04-27 10:15:15,983 DEBUG epoch: 0, val_acc: 9.94, val_fidelity: 9.9
2022-04-27 10:15:20,429 DEBUG epoch: 1, train_acc: 0.0, val_acc: 32.77, fidel_score: 34.05, acc_loss: 0.0, grad_loss: 21.7319727064688
2022-04-27 10:15:24,818 DEBUG epoch: 2, train_acc: 0.0, val_acc: 41.82, fidel_score: 43.94, acc_loss: 0.0, grad_loss: 19.498162354095072
2022-04-27 10:15:29,032 DEBUG epoch: 3, train_acc: 0.0, val_acc: 38.46, fidel_score: 39.41, acc_loss: 0.0, grad_loss: 19.13507671597638
2022-04-27 10:15:33,525 DEBUG epoch: 4, train_acc: 0.0, val_acc: 26.19, fidel_score: 26.54, acc_loss: 0.0, grad_loss: 18.875264131570166
2022-04-27 10:15:37,950 DEBUG epoch: 5, train_acc: 0.0, val_acc: 34.43, fidel_score: 35.22, acc_loss: 0.0, grad_loss: 19.163495715660385
2022-04-27 10:15:42,077 DEBUG epoch: 6, train_acc: 0.0, val_acc: 22.62, fidel_score: 22.87, acc_loss: 0.0, grad_loss: 18.761754313601724
2022-04-27 10:15:46,552 DEBUG epoch: 7, train_acc: 0.0, val_acc: 33.03, fidel_score: 34.35, acc_loss: 0.0, grad_loss: 18.638589158842834
2022-04-27 10:15:50,513 DEBUG epoch: 8, train_acc: 0.0, val_acc: 24.47, fidel_score: 24.93, acc_loss: 0.0, grad_loss: 18.73196548751638
2022-04-27 10:15:54,878 DEBUG epoch: 9, train_acc: 0.0, val_acc: 24.47, fidel_score: 25.01, acc_loss: 0.0, grad_loss: 19.386501022532016
2022-04-27 10:15:59,468 DEBUG epoch: 10, train_acc: 0.0, val_acc: 21.11, fidel_score: 21.26, acc_loss: 0.0, grad_loss: 19.112603151345557
2022-04-27 10:16:04,019 DEBUG epoch: 11, train_acc: 0.0, val_acc: 18.07, fidel_score: 18.25, acc_loss: 0.0, grad_loss: 19.3979920254478
2022-04-27 10:16:08,344 DEBUG epoch: 12, train_acc: 0.0, val_acc: 19.4, fidel_score: 19.76, acc_loss: 0.0, grad_loss: 19.335631479190873
2022-04-27 10:16:12,531 DEBUG epoch: 13, train_acc: 0.0, val_acc: 24.68, fidel_score: 25.29, acc_loss: 0.0, grad_loss: 19.08295764198786
2022-04-27 10:16:16,859 DEBUG epoch: 14, train_acc: 0.0, val_acc: 21.05, fidel_score: 21.16, acc_loss: 0.0, grad_loss: 18.996880712388435
2022-04-27 10:16:21,181 DEBUG epoch: 15, train_acc: 0.0, val_acc: 24.07, fidel_score: 24.7, acc_loss: 0.0, grad_loss: 19.58021388476408
2022-04-27 10:16:25,904 DEBUG epoch: 16, train_acc: 0.0, val_acc: 13.67, fidel_score: 13.58, acc_loss: 0.0, grad_loss: 19.562651839437365
2022-04-27 10:16:30,124 DEBUG epoch: 17, train_acc: 0.0, val_acc: 14.53, fidel_score: 14.45, acc_loss: 0.0, grad_loss: 19.755523898933507
2022-04-27 10:16:34,493 DEBUG epoch: 18, train_acc: 0.0, val_acc: 12.76, fidel_score: 12.56, acc_loss: 0.0, grad_loss: 19.712665340568446
2022-04-27 10:16:38,691 DEBUG epoch: 19, train_acc: 0.0, val_acc: 16.93, fidel_score: 16.83, acc_loss: 0.0, grad_loss: 19.47025267685516
2022-04-27 10:16:43,231 DEBUG epoch: 20, train_acc: 0.0, val_acc: 10.01, fidel_score: 9.72, acc_loss: 0.0, grad_loss: 19.864748628833627
2022-04-27 10:16:47,599 DEBUG epoch: 21, train_acc: 0.0, val_acc: 10.19, fidel_score: 9.91, acc_loss: 0.0, grad_loss: 19.860537541063525
2022-04-27 10:16:51,968 DEBUG epoch: 22, train_acc: 0.0, val_acc: 9.99, fidel_score: 9.72, acc_loss: 0.0, grad_loss: 19.88621974896781
2022-04-27 10:16:56,321 DEBUG epoch: 23, train_acc: 0.0, val_acc: 9.95, fidel_score: 9.68, acc_loss: 0.0, grad_loss: 19.865873819665065
2022-04-27 10:17:00,594 DEBUG epoch: 24, train_acc: 0.0, val_acc: 10.03, fidel_score: 9.76, acc_loss: 0.0, grad_loss: 19.838928922822205
2022-04-27 10:17:04,895 DEBUG epoch: 25, train_acc: 0.0, val_acc: 10.11, fidel_score: 9.83, acc_loss: 0.0, grad_loss: 19.70763554150545
2022-04-27 10:17:08,965 DEBUG epoch: 26, train_acc: 0.0, val_acc: 14.03, fidel_score: 13.89, acc_loss: 0.0, grad_loss: 19.547393774684473
2022-04-27 10:17:13,656 DEBUG epoch: 27, train_acc: 0.0, val_acc: 12.16, fidel_score: 12.01, acc_loss: 0.0, grad_loss: 19.740628689150267
2022-04-27 10:17:18,044 DEBUG epoch: 28, train_acc: 0.0, val_acc: 10.02, fidel_score: 9.76, acc_loss: 0.0, grad_loss: 19.88693483569954
2022-04-27 10:17:22,414 DEBUG epoch: 29, train_acc: 0.0, val_acc: 10.0, fidel_score: 9.73, acc_loss: 0.0, grad_loss: 19.871346509909326
2022-04-27 10:17:26,661 DEBUG epoch: 30, train_acc: 0.0, val_acc: 9.98, fidel_score: 9.71, acc_loss: 0.0, grad_loss: 19.848766037180454
2022-04-27 10:17:31,199 DEBUG epoch: 31, train_acc: 0.0, val_acc: 10.01, fidel_score: 9.73, acc_loss: 0.0, grad_loss: 19.836159500894667
2022-04-27 10:17:35,544 DEBUG epoch: 32, train_acc: 0.0, val_acc: 9.98, fidel_score: 9.72, acc_loss: 0.0, grad_loss: 19.856443719018863
2022-04-27 10:17:39,785 DEBUG epoch: 33, train_acc: 0.0, val_acc: 10.09, fidel_score: 9.82, acc_loss: 0.0, grad_loss: 19.83553951601439
2022-04-27 10:17:44,223 DEBUG epoch: 34, train_acc: 0.0, val_acc: 12.87, fidel_score: 12.69, acc_loss: 0.0, grad_loss: 19.59837430640112
2022-04-27 10:17:48,690 DEBUG epoch: 35, train_acc: 0.0, val_acc: 16.0, fidel_score: 16.06, acc_loss: 0.0, grad_loss: 19.402518260328076
2022-04-27 10:17:53,133 DEBUG epoch: 36, train_acc: 0.0, val_acc: 8.17, fidel_score: 7.9, acc_loss: 0.0, grad_loss: 19.698142353492447
2022-04-27 10:17:57,286 DEBUG epoch: 37, train_acc: 0.0, val_acc: 10.77, fidel_score: 10.69, acc_loss: 0.0, grad_loss: 19.55013509339924
2022-04-27 10:18:01,595 DEBUG epoch: 38, train_acc: 0.0, val_acc: 10.04, fidel_score: 9.77, acc_loss: 0.0, grad_loss: 19.919042611423926
2022-04-27 10:18:05,834 DEBUG epoch: 39, train_acc: 0.0, val_acc: 10.25, fidel_score: 9.98, acc_loss: 0.0, grad_loss: 19.677127306974388
2022-04-27 10:18:10,437 DEBUG epoch: 40, train_acc: 0.0, val_acc: 11.54, fidel_score: 11.43, acc_loss: 0.0, grad_loss: 19.849758631066432
2022-04-27 10:18:14,710 DEBUG epoch: 41, train_acc: 0.0, val_acc: 11.41, fidel_score: 11.55, acc_loss: 0.0, grad_loss: 20.82650718206092
2022-04-27 10:18:19,122 DEBUG epoch: 42, train_acc: 0.0, val_acc: 10.29, fidel_score: 9.98, acc_loss: 0.0, grad_loss: 19.83090982557852
2022-04-27 10:18:23,329 DEBUG epoch: 43, train_acc: 0.0, val_acc: 11.69, fidel_score: 11.41, acc_loss: 0.0, grad_loss: 19.861928022360498
2022-04-27 10:18:27,786 DEBUG epoch: 44, train_acc: 0.0, val_acc: 10.0, fidel_score: 9.73, acc_loss: 0.0, grad_loss: 19.856679650801645
2022-04-27 10:18:32,194 DEBUG epoch: 45, train_acc: 0.0, val_acc: 10.0, fidel_score: 9.74, acc_loss: 0.0, grad_loss: 19.870408963553512
2022-04-27 10:18:36,305 DEBUG epoch: 46, train_acc: 0.0, val_acc: 10.0, fidel_score: 9.73, acc_loss: 0.0, grad_loss: 19.871805915349647
2022-04-27 10:18:40,790 DEBUG epoch: 47, train_acc: 0.0, val_acc: 10.0, fidel_score: 9.73, acc_loss: 0.0, grad_loss: 19.850561962851994
2022-04-27 10:18:44,839 DEBUG epoch: 48, train_acc: 0.0, val_acc: 10.0, fidel_score: 9.73, acc_loss: 0.0, grad_loss: 19.727253080923347
2022-04-27 10:18:49,114 DEBUG epoch: 49, train_acc: 0.0, val_acc: 12.59, fidel_score: 12.29, acc_loss: 0.0, grad_loss: 19.52756855155848
2022-04-27 10:18:53,872 DEBUG epoch: 50, train_acc: 0.0, val_acc: 10.22, fidel_score: 9.88, acc_loss: 0.0, grad_loss: 19.869229521932482
2022-04-27 10:18:58,463 DEBUG epoch: 51, train_acc: 0.0, val_acc: 10.43, fidel_score: 10.41, acc_loss: 0.0, grad_loss: 19.838701900047592
2022-04-27 10:19:02,600 DEBUG epoch: 52, train_acc: 0.0, val_acc: 10.01, fidel_score: 10.04, acc_loss: 0.0, grad_loss: 19.962396042256415
2022-04-27 10:19:06,924 DEBUG epoch: 53, train_acc: 0.0, val_acc: 10.29, fidel_score: 10.34, acc_loss: 0.0, grad_loss: 19.906778118278407
2022-04-27 10:19:11,502 DEBUG epoch: 54, train_acc: 0.0, val_acc: 9.99, fidel_score: 10.03, acc_loss: 0.0, grad_loss: 19.804512361936933
2022-04-27 10:19:15,894 DEBUG epoch: 55, train_acc: 0.0, val_acc: 10.44, fidel_score: 10.46, acc_loss: 0.0, grad_loss: 19.79925199098225
2022-04-27 10:19:20,368 DEBUG epoch: 56, train_acc: 0.0, val_acc: 10.59, fidel_score: 10.61, acc_loss: 0.0, grad_loss: 19.844705195366583
2022-04-27 10:19:24,553 DEBUG epoch: 57, train_acc: 0.0, val_acc: 11.39, fidel_score: 11.41, acc_loss: 0.0, grad_loss: 19.66565001765384
2022-04-27 10:19:29,092 DEBUG epoch: 58, train_acc: 0.0, val_acc: 10.01, fidel_score: 10.04, acc_loss: 0.0, grad_loss: 19.86371337311177
2022-04-27 10:19:33,205 DEBUG epoch: 59, train_acc: 0.0, val_acc: 10.0, fidel_score: 10.03, acc_loss: 0.0, grad_loss: 19.86070116260384
2022-04-27 10:19:37,550 DEBUG epoch: 60, train_acc: 0.0, val_acc: 10.0, fidel_score: 10.03, acc_loss: 0.0, grad_loss: 19.844077750097348
2022-04-27 10:19:41,686 DEBUG epoch: 61, train_acc: 0.0, val_acc: 10.02, fidel_score: 10.05, acc_loss: 0.0, grad_loss: 19.86891070498696
2022-04-27 10:19:46,240 DEBUG epoch: 62, train_acc: 0.0, val_acc: 10.02, fidel_score: 10.05, acc_loss: 0.0, grad_loss: 19.82615461228769
2022-04-27 10:19:50,660 DEBUG epoch: 63, train_acc: 0.0, val_acc: 10.0, fidel_score: 10.03, acc_loss: 0.0, grad_loss: 19.850839687299125
2022-04-27 10:19:54,907 DEBUG epoch: 64, train_acc: 0.0, val_acc: 10.0, fidel_score: 10.03, acc_loss: 0.0, grad_loss: 19.83249046229109
2022-04-27 10:19:59,305 DEBUG epoch: 65, train_acc: 0.0, val_acc: 10.01, fidel_score: 10.04, acc_loss: 0.0, grad_loss: 19.857616617709777
2022-04-27 10:20:03,628 DEBUG epoch: 66, train_acc: 0.0, val_acc: 10.0, fidel_score: 10.03, acc_loss: 0.0, grad_loss: 19.857081401197217
2022-04-27 10:20:08,116 DEBUG epoch: 67, train_acc: 0.0, val_acc: 10.01, fidel_score: 10.04, acc_loss: 0.0, grad_loss: 19.857169090947018
2022-04-27 10:20:12,277 DEBUG epoch: 68, train_acc: 0.0, val_acc: 10.0, fidel_score: 10.03, acc_loss: 0.0, grad_loss: 19.867258482341526
2022-04-27 10:20:16,736 DEBUG epoch: 69, train_acc: 0.0, val_acc: 10.0, fidel_score: 10.03, acc_loss: 0.0, grad_loss: 19.855311043654815
2022-04-27 10:20:20,869 DEBUG epoch: 70, train_acc: 0.0, val_acc: 10.02, fidel_score: 10.05, acc_loss: 0.0, grad_loss: 19.847418290150316
2022-04-27 10:20:25,203 DEBUG epoch: 71, train_acc: 0.0, val_acc: 10.01, fidel_score: 10.04, acc_loss: 0.0, grad_loss: 19.78400681894037
2022-04-27 10:20:29,401 DEBUG epoch: 72, train_acc: 0.0, val_acc: 10.0, fidel_score: 10.03, acc_loss: 0.0, grad_loss: 19.748792334447934
2022-04-27 10:20:33,843 DEBUG epoch: 73, train_acc: 0.0, val_acc: 10.0, fidel_score: 10.03, acc_loss: 0.0, grad_loss: 19.699329714231855
2022-04-27 10:20:38,214 DEBUG epoch: 74, train_acc: 0.0, val_acc: 10.0, fidel_score: 10.03, acc_loss: 0.0, grad_loss: 19.571976939334146
2022-04-27 10:20:42,438 DEBUG epoch: 75, train_acc: 0.0, val_acc: 10.17, fidel_score: 10.2, acc_loss: 0.0, grad_loss: 19.58661806130711
2022-04-27 10:20:46,877 DEBUG epoch: 76, train_acc: 0.0, val_acc: 10.0, fidel_score: 10.03, acc_loss: 0.0, grad_loss: 19.82779500454287
2022-04-27 10:20:51,227 DEBUG epoch: 77, train_acc: 0.0, val_acc: 10.03, fidel_score: 10.06, acc_loss: 0.0, grad_loss: 19.8319503204732
2022-04-27 10:20:55,776 DEBUG epoch: 78, train_acc: 0.0, val_acc: 10.02, fidel_score: 10.05, acc_loss: 0.0, grad_loss: 19.863999475406693
2022-04-27 10:20:59,934 DEBUG epoch: 79, train_acc: 0.0, val_acc: 10.01, fidel_score: 10.04, acc_loss: 0.0, grad_loss: 19.839222388931468
2022-04-27 10:21:04,384 DEBUG epoch: 80, train_acc: 0.0, val_acc: 10.01, fidel_score: 10.04, acc_loss: 0.0, grad_loss: 19.854831212683568
2022-04-27 10:21:08,683 DEBUG epoch: 81, train_acc: 0.0, val_acc: 10.0, fidel_score: 10.03, acc_loss: 0.0, grad_loss: 19.8536838821218
2022-04-27 10:21:13,093 DEBUG epoch: 82, train_acc: 0.0, val_acc: 10.01, fidel_score: 10.04, acc_loss: 0.0, grad_loss: 19.860688125030904
2022-04-27 10:21:17,170 DEBUG epoch: 83, train_acc: 0.0, val_acc: 10.01, fidel_score: 10.04, acc_loss: 0.0, grad_loss: 19.814702625516095
2022-04-27 10:21:21,524 DEBUG epoch: 84, train_acc: 0.0, val_acc: 10.01, fidel_score: 10.04, acc_loss: 0.0, grad_loss: 19.774871753740914
2022-04-27 10:21:26,019 DEBUG epoch: 85, train_acc: 0.0, val_acc: 10.0, fidel_score: 10.03, acc_loss: 0.0, grad_loss: 19.740117857727824
2022-04-27 10:21:30,379 DEBUG epoch: 86, train_acc: 0.0, val_acc: 10.0, fidel_score: 10.03, acc_loss: 0.0, grad_loss: 19.660014043880416
2022-04-27 10:21:34,730 DEBUG epoch: 87, train_acc: 0.0, val_acc: 10.01, fidel_score: 10.04, acc_loss: 0.0, grad_loss: 19.81309289570096
2022-04-27 10:21:38,966 DEBUG epoch: 88, train_acc: 0.0, val_acc: 10.0, fidel_score: 10.03, acc_loss: 0.0, grad_loss: 19.88228846199905
2022-04-27 10:21:43,473 DEBUG epoch: 89, train_acc: 0.0, val_acc: 10.03, fidel_score: 10.06, acc_loss: 0.0, grad_loss: 19.856891076776044
2022-04-27 10:21:47,658 DEBUG epoch: 90, train_acc: 0.0, val_acc: 10.03, fidel_score: 10.06, acc_loss: 0.0, grad_loss: 19.846769598465933
2022-04-27 10:21:52,053 DEBUG epoch: 91, train_acc: 0.0, val_acc: 10.0, fidel_score: 10.03, acc_loss: 0.0, grad_loss: 19.840621996529496
2022-04-27 10:21:56,494 DEBUG epoch: 92, train_acc: 0.0, val_acc: 10.0, fidel_score: 10.03, acc_loss: 0.0, grad_loss: 19.837198764463015
2022-04-27 10:22:00,875 DEBUG epoch: 93, train_acc: 0.0, val_acc: 10.02, fidel_score: 10.05, acc_loss: 0.0, grad_loss: 19.86871364448644
2022-04-27 10:22:04,799 DEBUG epoch: 94, train_acc: 0.0, val_acc: 10.0, fidel_score: 10.03, acc_loss: 0.0, grad_loss: 19.852331451222867
2022-04-27 10:22:09,370 DEBUG epoch: 95, train_acc: 0.0, val_acc: 10.01, fidel_score: 10.04, acc_loss: 0.0, grad_loss: 19.869414607180826
2022-04-27 10:22:13,838 DEBUG epoch: 96, train_acc: 0.0, val_acc: 10.0, fidel_score: 10.03, acc_loss: 0.0, grad_loss: 19.832199893420256
2022-04-27 10:22:18,250 DEBUG epoch: 97, train_acc: 0.0, val_acc: 10.0, fidel_score: 10.03, acc_loss: 0.0, grad_loss: 19.8423158428337
2022-04-27 10:22:22,651 DEBUG epoch: 98, train_acc: 0.0, val_acc: 10.04, fidel_score: 10.08, acc_loss: 0.0, grad_loss: 19.783701836308346
2022-04-27 10:22:26,863 DEBUG epoch: 99, train_acc: 0.0, val_acc: 10.01, fidel_score: 10.04, acc_loss: 0.0, grad_loss: 19.83779607845258
2022-04-27 10:22:31,467 DEBUG epoch: 100, train_acc: 0.0, val_acc: 10.01, fidel_score: 10.06, acc_loss: 0.0, grad_loss: 19.80005056646806
2022-04-27 10:22:35,849 DEBUG epoch: 101, train_acc: 0.0, val_acc: 10.03, fidel_score: 10.06, acc_loss: 0.0, grad_loss: 19.681661895558804
2022-04-27 10:22:40,268 DEBUG epoch: 102, train_acc: 0.0, val_acc: 10.06, fidel_score: 10.1, acc_loss: 0.0, grad_loss: 19.676039152507542
2022-04-27 10:22:44,420 DEBUG epoch: 103, train_acc: 0.0, val_acc: 10.02, fidel_score: 10.05, acc_loss: 0.0, grad_loss: 19.56596079959145
2022-04-27 10:22:48,739 DEBUG epoch: 104, train_acc: 0.0, val_acc: 10.81, fidel_score: 10.84, acc_loss: 0.0, grad_loss: 19.69870719426795
2022-04-27 10:22:53,042 DEBUG epoch: 105, train_acc: 0.0, val_acc: 10.76, fidel_score: 10.92, acc_loss: 0.0, grad_loss: 19.714362639415114
2022-04-27 10:22:57,198 DEBUG epoch: 106, train_acc: 0.0, val_acc: 10.39, fidel_score: 10.42, acc_loss: 0.0, grad_loss: 19.76601945901219
2022-04-27 10:23:01,735 DEBUG epoch: 107, train_acc: 0.0, val_acc: 11.43, fidel_score: 11.53, acc_loss: 0.0, grad_loss: 19.675278096259394
2022-04-27 10:23:06,123 DEBUG epoch: 108, train_acc: 0.0, val_acc: 12.78, fidel_score: 13.18, acc_loss: 0.0, grad_loss: 19.471383251721345
2022-04-27 10:23:10,497 DEBUG epoch: 109, train_acc: 0.0, val_acc: 15.43, fidel_score: 16.07, acc_loss: 0.0, grad_loss: 19.456780614732185
2022-04-27 10:23:14,703 DEBUG epoch: 110, train_acc: 0.0, val_acc: 11.74, fidel_score: 11.86, acc_loss: 0.0, grad_loss: 19.443547792072536
2022-04-27 10:23:19,238 DEBUG epoch: 111, train_acc: 0.0, val_acc: 14.97, fidel_score: 15.56, acc_loss: 0.0, grad_loss: 19.41484427150292
2022-04-27 10:23:23,756 DEBUG epoch: 112, train_acc: 0.0, val_acc: 11.72, fidel_score: 11.75, acc_loss: 0.0, grad_loss: 19.716940819462643
2022-04-27 10:23:28,321 DEBUG epoch: 113, train_acc: 0.0, val_acc: 10.01, fidel_score: 10.04, acc_loss: 0.0, grad_loss: 19.861960109276108
2022-04-27 10:23:32,398 DEBUG epoch: 114, train_acc: 0.0, val_acc: 10.01, fidel_score: 10.04, acc_loss: 0.0, grad_loss: 19.82776465597032
2022-04-27 10:23:36,875 DEBUG epoch: 115, train_acc: 0.0, val_acc: 10.01, fidel_score: 10.03, acc_loss: 0.0, grad_loss: 19.824563497229466
2022-04-27 10:23:41,353 DEBUG epoch: 116, train_acc: 0.0, val_acc: 10.01, fidel_score: 10.04, acc_loss: 0.0, grad_loss: 19.75348986855036
2022-04-27 10:23:45,767 DEBUG epoch: 117, train_acc: 0.0, val_acc: 10.02, fidel_score: 10.05, acc_loss: 0.0, grad_loss: 19.770137014268318
2022-04-27 10:23:49,884 DEBUG epoch: 118, train_acc: 0.0, val_acc: 10.01, fidel_score: 10.04, acc_loss: 0.0, grad_loss: 19.862579876863503
2022-04-27 10:23:54,100 DEBUG epoch: 119, train_acc: 0.0, val_acc: 10.02, fidel_score: 10.05, acc_loss: 0.0, grad_loss: 19.85289621956741
2022-04-27 10:23:58,820 DEBUG epoch: 120, train_acc: 0.0, val_acc: 10.0, fidel_score: 10.03, acc_loss: 0.0, grad_loss: 19.812604831743844
2022-04-27 10:24:02,630 DEBUG epoch: 121, train_acc: 0.0, val_acc: 10.01, fidel_score: 10.04, acc_loss: 0.0, grad_loss: 19.887615614299534
2022-04-27 10:24:05,685 DEBUG epoch: 122, train_acc: 0.0, val_acc: 9.99, fidel_score: 10.02, acc_loss: 0.0, grad_loss: 19.872396179392368
2022-04-27 10:24:09,089 DEBUG epoch: 123, train_acc: 0.0, val_acc: 10.05, fidel_score: 10.08, acc_loss: 0.0, grad_loss: 19.848847087425522
2022-04-27 10:24:12,564 DEBUG epoch: 124, train_acc: 0.0, val_acc: 10.02, fidel_score: 10.05, acc_loss: 0.0, grad_loss: 19.844818453245527
2022-04-27 10:24:16,276 DEBUG epoch: 125, train_acc: 0.0, val_acc: 10.05, fidel_score: 10.06, acc_loss: 0.0, grad_loss: 19.80550266217582
2022-04-27 10:24:20,529 DEBUG epoch: 126, train_acc: 0.0, val_acc: 10.0, fidel_score: 10.03, acc_loss: 0.0, grad_loss: 19.850381078599373
2022-04-27 10:24:25,126 DEBUG epoch: 127, train_acc: 0.0, val_acc: 10.03, fidel_score: 10.06, acc_loss: 0.0, grad_loss: 19.789478398576566
2022-04-27 10:24:28,944 DEBUG epoch: 128, train_acc: 0.0, val_acc: 10.03, fidel_score: 10.06, acc_loss: 0.0, grad_loss: 19.784791487681716
2022-04-27 10:24:33,263 DEBUG epoch: 129, train_acc: 0.0, val_acc: 10.0, fidel_score: 10.03, acc_loss: 0.0, grad_loss: 19.728334716603726
2022-04-27 10:24:37,936 DEBUG epoch: 130, train_acc: 0.0, val_acc: 10.02, fidel_score: 10.05, acc_loss: 0.0, grad_loss: 19.600441799888127
2022-04-27 10:24:42,566 DEBUG epoch: 131, train_acc: 0.0, val_acc: 10.15, fidel_score: 10.18, acc_loss: 0.0, grad_loss: 19.702990978578978
2022-04-27 10:24:46,705 DEBUG epoch: 132, train_acc: 0.0, val_acc: 10.27, fidel_score: 10.31, acc_loss: 0.0, grad_loss: 19.570555674878857
2022-04-27 10:24:51,041 DEBUG epoch: 133, train_acc: 0.0, val_acc: 10.0, fidel_score: 10.03, acc_loss: 0.0, grad_loss: 19.438149174557456
2022-04-27 10:24:55,668 DEBUG epoch: 134, train_acc: 0.0, val_acc: 10.0, fidel_score: 10.03, acc_loss: 0.0, grad_loss: 19.461616733406164
2022-04-27 10:24:59,786 DEBUG epoch: 135, train_acc: 0.0, val_acc: 10.24, fidel_score: 10.27, acc_loss: 0.0, grad_loss: 19.819201819504364
2022-04-27 10:25:04,274 DEBUG epoch: 136, train_acc: 0.0, val_acc: 10.01, fidel_score: 10.04, acc_loss: 0.0, grad_loss: 19.689727493479282
2022-04-27 10:25:08,313 DEBUG epoch: 137, train_acc: 0.0, val_acc: 10.0, fidel_score: 10.03, acc_loss: 0.0, grad_loss: 19.4215044190612
2022-04-27 10:25:12,722 DEBUG epoch: 138, train_acc: 0.0, val_acc: 10.0, fidel_score: 10.03, acc_loss: 0.0, grad_loss: 19.74210137958768
2022-04-27 10:25:17,300 DEBUG epoch: 139, train_acc: 0.0, val_acc: 10.0, fidel_score: 10.03, acc_loss: 0.0, grad_loss: 19.553805749627607
2022-04-27 10:25:21,839 DEBUG epoch: 140, train_acc: 0.0, val_acc: 10.0, fidel_score: 10.03, acc_loss: 0.0, grad_loss: 19.747450164601773
2022-04-27 10:25:26,274 DEBUG epoch: 141, train_acc: 0.0, val_acc: 10.01, fidel_score: 10.04, acc_loss: 0.0, grad_loss: 19.827359573750556
2022-04-27 10:25:30,693 DEBUG epoch: 142, train_acc: 0.0, val_acc: 10.14, fidel_score: 10.1, acc_loss: 0.0, grad_loss: 19.730883055095433
2022-04-27 10:25:35,033 DEBUG epoch: 143, train_acc: 0.0, val_acc: 12.38, fidel_score: 12.37, acc_loss: 0.0, grad_loss: 19.72815277003035
2022-04-27 10:25:39,503 DEBUG epoch: 144, train_acc: 0.0, val_acc: 10.01, fidel_score: 10.04, acc_loss: 0.0, grad_loss: 19.878489264959022
2022-04-27 10:25:43,902 DEBUG epoch: 145, train_acc: 0.0, val_acc: 10.0, fidel_score: 10.03, acc_loss: 0.0, grad_loss: 19.857483562034897
2022-04-27 10:25:48,248 DEBUG epoch: 146, train_acc: 0.0, val_acc: 10.0, fidel_score: 10.03, acc_loss: 0.0, grad_loss: 19.838230615929714
2022-04-27 10:25:52,803 DEBUG epoch: 147, train_acc: 0.0, val_acc: 10.0, fidel_score: 10.03, acc_loss: 0.0, grad_loss: 19.84136026116866
2022-04-27 10:25:57,348 DEBUG epoch: 148, train_acc: 0.0, val_acc: 10.0, fidel_score: 10.03, acc_loss: 0.0, grad_loss: 19.82039869284328
2022-04-27 10:26:01,746 DEBUG epoch: 149, train_acc: 0.0, val_acc: 10.0, fidel_score: 10.03, acc_loss: 0.0, grad_loss: 19.777487694462643
2022-04-27 10:26:05,754 DEBUG epoch: 150, train_acc: 0.0, val_acc: 10.02, fidel_score: 10.06, acc_loss: 0.0, grad_loss: 19.59187355524377
2022-04-27 10:26:10,326 DEBUG epoch: 151, train_acc: 0.0, val_acc: 10.0, fidel_score: 10.03, acc_loss: 0.0, grad_loss: 19.514176042774057
2022-04-27 10:26:14,863 DEBUG epoch: 152, train_acc: 0.0, val_acc: 10.0, fidel_score: 10.03, acc_loss: 0.0, grad_loss: 19.362940293324144
2022-04-27 10:26:19,252 DEBUG epoch: 153, train_acc: 0.0, val_acc: 10.0, fidel_score: 10.03, acc_loss: 0.0, grad_loss: 19.45450311974634
2022-04-27 10:26:23,466 DEBUG epoch: 154, train_acc: 0.0, val_acc: 10.0, fidel_score: 10.03, acc_loss: 0.0, grad_loss: 19.394321007064626
2022-04-27 10:26:28,124 DEBUG epoch: 155, train_acc: 0.0, val_acc: 10.0, fidel_score: 10.03, acc_loss: 0.0, grad_loss: 19.33801991426492
2022-04-27 10:26:32,624 DEBUG epoch: 156, train_acc: 0.0, val_acc: 10.0, fidel_score: 10.03, acc_loss: 0.0, grad_loss: 19.333460626722893
2022-04-27 10:26:37,027 DEBUG epoch: 157, train_acc: 0.0, val_acc: 10.0, fidel_score: 10.03, acc_loss: 0.0, grad_loss: 19.245637072792537
2022-04-27 10:26:41,484 DEBUG epoch: 158, train_acc: 0.0, val_acc: 10.0, fidel_score: 10.03, acc_loss: 0.0, grad_loss: 18.984138174902036
2022-04-27 10:26:46,012 DEBUG epoch: 159, train_acc: 0.0, val_acc: 10.0, fidel_score: 10.03, acc_loss: 0.0, grad_loss: 18.886780316316628
2022-04-27 10:26:50,182 DEBUG epoch: 160, train_acc: 0.0, val_acc: 10.0, fidel_score: 10.03, acc_loss: 0.0, grad_loss: 18.81542488291294
2022-04-27 10:26:54,374 DEBUG epoch: 161, train_acc: 0.0, val_acc: 10.0, fidel_score: 10.03, acc_loss: 0.0, grad_loss: 18.713966369628906
2022-04-27 10:26:58,904 DEBUG epoch: 162, train_acc: 0.0, val_acc: 10.0, fidel_score: 10.03, acc_loss: 0.0, grad_loss: 18.98451191865945
2022-04-27 10:27:03,638 DEBUG epoch: 163, train_acc: 0.0, val_acc: 10.0, fidel_score: 10.03, acc_loss: 0.0, grad_loss: 19.069592463819287
2022-04-27 10:27:08,296 DEBUG epoch: 164, train_acc: 0.0, val_acc: 10.0, fidel_score: 10.03, acc_loss: 0.0, grad_loss: 18.95774196673043
2022-04-27 10:27:12,658 DEBUG epoch: 165, train_acc: 0.0, val_acc: 10.0, fidel_score: 10.03, acc_loss: 0.0, grad_loss: 18.81035729903209
2022-04-27 10:27:17,017 DEBUG epoch: 166, train_acc: 0.0, val_acc: 10.01, fidel_score: 10.04, acc_loss: 0.0, grad_loss: 18.826601269878918
2022-04-27 10:27:21,385 DEBUG epoch: 167, train_acc: 0.0, val_acc: 10.0, fidel_score: 10.03, acc_loss: 0.0, grad_loss: 18.836250136170207
2022-04-27 10:27:25,999 DEBUG epoch: 168, train_acc: 0.0, val_acc: 10.0, fidel_score: 10.03, acc_loss: 0.0, grad_loss: 19.076924046383628
2022-04-27 10:27:30,467 DEBUG epoch: 169, train_acc: 0.0, val_acc: 10.0, fidel_score: 10.03, acc_loss: 0.0, grad_loss: 18.91166674939892
2022-04-27 10:27:34,973 DEBUG epoch: 170, train_acc: 0.0, val_acc: 10.0, fidel_score: 10.03, acc_loss: 0.0, grad_loss: 19.036770929264115
2022-04-27 10:27:39,124 DEBUG epoch: 171, train_acc: 0.0, val_acc: 10.03, fidel_score: 10.06, acc_loss: 0.0, grad_loss: 18.722884045371526
2022-04-27 10:27:43,108 DEBUG epoch: 172, train_acc: 0.0, val_acc: 10.14, fidel_score: 10.17, acc_loss: 0.0, grad_loss: 18.602465327781967
2022-04-27 10:27:46,053 DEBUG epoch: 173, train_acc: 0.0, val_acc: 10.42, fidel_score: 10.46, acc_loss: 0.0, grad_loss: 18.664979475962966
2022-04-27 10:27:49,381 DEBUG epoch: 174, train_acc: 0.0, val_acc: 10.2, fidel_score: 10.23, acc_loss: 0.0, grad_loss: 18.683360836173915
2022-04-27 10:27:52,489 DEBUG epoch: 175, train_acc: 0.0, val_acc: 12.0, fidel_score: 12.14, acc_loss: 0.0, grad_loss: 18.526610338235205
2022-04-27 10:27:56,202 DEBUG epoch: 176, train_acc: 0.0, val_acc: 12.51, fidel_score: 12.87, acc_loss: 0.0, grad_loss: 18.51861241497571
2022-04-27 10:27:59,192 DEBUG epoch: 177, train_acc: 0.0, val_acc: 12.86, fidel_score: 13.25, acc_loss: 0.0, grad_loss: 18.857020993775958
2022-04-27 10:28:03,168 DEBUG epoch: 178, train_acc: 0.0, val_acc: 12.48, fidel_score: 12.85, acc_loss: 0.0, grad_loss: 18.684889057014562
2022-04-27 10:28:07,521 DEBUG epoch: 179, train_acc: 0.0, val_acc: 13.09, fidel_score: 13.62, acc_loss: 0.0, grad_loss: 18.91658592224121
2022-04-27 10:28:11,916 DEBUG epoch: 180, train_acc: 0.0, val_acc: 13.36, fidel_score: 13.79, acc_loss: 0.0, grad_loss: 18.657586930673332
2022-04-27 10:28:16,140 DEBUG epoch: 181, train_acc: 0.0, val_acc: 13.95, fidel_score: 14.52, acc_loss: 0.0, grad_loss: 18.472896503496774
2022-04-27 10:28:20,398 DEBUG epoch: 182, train_acc: 0.0, val_acc: 13.72, fidel_score: 14.06, acc_loss: 0.0, grad_loss: 18.459047003637387
2022-04-27 10:28:24,928 DEBUG epoch: 183, train_acc: 0.0, val_acc: 14.03, fidel_score: 14.53, acc_loss: 0.0, grad_loss: 18.78278956835783
2022-04-27 10:28:29,332 DEBUG epoch: 184, train_acc: 0.0, val_acc: 12.51, fidel_score: 12.71, acc_loss: 0.0, grad_loss: 18.572489267663112
2022-04-27 10:28:33,927 DEBUG epoch: 185, train_acc: 0.0, val_acc: 14.22, fidel_score: 14.7, acc_loss: 0.0, grad_loss: 18.366591803635224
2022-04-27 10:28:38,206 DEBUG epoch: 186, train_acc: 0.0, val_acc: 16.08, fidel_score: 16.83, acc_loss: 0.0, grad_loss: 18.583960327921034
2022-04-27 10:28:42,779 DEBUG epoch: 187, train_acc: 0.0, val_acc: 15.07, fidel_score: 15.74, acc_loss: 0.0, grad_loss: 18.412971569012992
2022-04-27 10:28:47,119 DEBUG epoch: 188, train_acc: 0.0, val_acc: 15.34, fidel_score: 15.91, acc_loss: 0.0, grad_loss: 18.675872875165336
2022-04-27 10:28:51,432 DEBUG epoch: 189, train_acc: 0.0, val_acc: 17.12, fidel_score: 17.7, acc_loss: 0.0, grad_loss: 18.65135139755056
2022-04-27 10:28:55,707 DEBUG epoch: 190, train_acc: 0.0, val_acc: 16.33, fidel_score: 17.02, acc_loss: 0.0, grad_loss: 18.72666216500198
2022-04-27 10:29:00,128 DEBUG epoch: 191, train_acc: 0.0, val_acc: 15.64, fidel_score: 16.12, acc_loss: 0.0, grad_loss: 18.601382460775255
2022-04-27 10:29:04,677 DEBUG epoch: 192, train_acc: 0.0, val_acc: 16.78, fidel_score: 17.39, acc_loss: 0.0, grad_loss: 18.43773259995859
2022-04-27 10:29:09,265 DEBUG epoch: 193, train_acc: 0.0, val_acc: 16.98, fidel_score: 17.39, acc_loss: 0.0, grad_loss: 18.396039745475672
2022-04-27 10:29:13,568 DEBUG epoch: 194, train_acc: 0.0, val_acc: 16.83, fidel_score: 17.48, acc_loss: 0.0, grad_loss: 18.526491261735746
2022-04-27 10:29:17,760 DEBUG epoch: 195, train_acc: 0.0, val_acc: 17.15, fidel_score: 18.06, acc_loss: 0.0, grad_loss: 18.714523073993153
2022-04-27 10:29:22,117 DEBUG epoch: 196, train_acc: 0.0, val_acc: 17.17, fidel_score: 18.03, acc_loss: 0.0, grad_loss: 18.405196829687192
2022-04-27 10:29:26,735 DEBUG epoch: 197, train_acc: 0.0, val_acc: 14.72, fidel_score: 15.34, acc_loss: 0.0, grad_loss: 18.363699152499816
2022-04-27 10:29:31,317 DEBUG epoch: 198, train_acc: 0.0, val_acc: 16.23, fidel_score: 16.86, acc_loss: 0.0, grad_loss: 18.39839561076104
2022-04-27 10:29:35,632 DEBUG epoch: 199, train_acc: 0.0, val_acc: 16.92, fidel_score: 17.62, acc_loss: 0.0, grad_loss: 18.4367669021027
2022-04-27 10:29:40,260 DEBUG epoch: 200, train_acc: 0.0, val_acc: 17.22, fidel_score: 18.0, acc_loss: 0.0, grad_loss: 18.307822167118893
2022-04-27 10:29:44,631 DEBUG epoch: 201, train_acc: 0.0, val_acc: 16.32, fidel_score: 17.11, acc_loss: 0.0, grad_loss: 18.16562910924984
2022-04-27 10:29:49,086 DEBUG epoch: 202, train_acc: 0.0, val_acc: 16.96, fidel_score: 17.62, acc_loss: 0.0, grad_loss: 18.342548804947093
2022-04-27 10:29:52,983 DEBUG epoch: 203, train_acc: 0.0, val_acc: 17.15, fidel_score: 18.13, acc_loss: 0.0, grad_loss: 18.321713242349745
2022-04-27 10:29:57,505 DEBUG epoch: 204, train_acc: 0.0, val_acc: 17.44, fidel_score: 18.33, acc_loss: 0.0, grad_loss: 18.20944392530224
2022-04-27 10:30:02,111 DEBUG epoch: 205, train_acc: 0.0, val_acc: 17.36, fidel_score: 18.07, acc_loss: 0.0, grad_loss: 18.18955590453329
2022-04-27 10:30:06,654 DEBUG epoch: 206, train_acc: 0.0, val_acc: 17.46, fidel_score: 18.22, acc_loss: 0.0, grad_loss: 18.391029744208613
2022-04-27 10:30:11,145 DEBUG epoch: 207, train_acc: 0.0, val_acc: 17.31, fidel_score: 17.95, acc_loss: 0.0, grad_loss: 18.27732641485673
2022-04-27 10:30:15,756 DEBUG epoch: 208, train_acc: 0.0, val_acc: 18.56, fidel_score: 19.49, acc_loss: 0.0, grad_loss: 18.014573326593712
2022-04-27 10:30:20,108 DEBUG epoch: 209, train_acc: 0.0, val_acc: 18.42, fidel_score: 19.22, acc_loss: 0.0, grad_loss: 18.204737458047987
2022-04-27 10:30:24,351 DEBUG epoch: 210, train_acc: 0.0, val_acc: 19.13, fidel_score: 20.05, acc_loss: 0.0, grad_loss: 18.28644095795064
2022-04-27 10:30:28,618 DEBUG epoch: 211, train_acc: 0.0, val_acc: 18.14, fidel_score: 19.15, acc_loss: 0.0, grad_loss: 18.237168951879575
2022-04-27 10:30:33,049 DEBUG epoch: 212, train_acc: 0.0, val_acc: 18.53, fidel_score: 19.43, acc_loss: 0.0, grad_loss: 18.127294033388548
2022-04-27 10:30:37,608 DEBUG epoch: 213, train_acc: 0.0, val_acc: 18.64, fidel_score: 19.41, acc_loss: 0.0, grad_loss: 17.928045828131182
2022-04-27 10:30:41,733 DEBUG epoch: 214, train_acc: 0.0, val_acc: 18.93, fidel_score: 19.8, acc_loss: 0.0, grad_loss: 18.39968922771985
2022-04-27 10:30:46,315 DEBUG epoch: 215, train_acc: 0.0, val_acc: 19.18, fidel_score: 20.33, acc_loss: 0.0, grad_loss: 18.373236571686178
2022-04-27 10:30:50,543 DEBUG epoch: 216, train_acc: 0.0, val_acc: 18.89, fidel_score: 19.7, acc_loss: 0.0, grad_loss: 18.20941640153716
2022-04-27 10:30:55,108 DEBUG epoch: 217, train_acc: 0.0, val_acc: 19.25, fidel_score: 20.18, acc_loss: 0.0, grad_loss: 18.118250714072698
2022-04-27 10:30:59,244 DEBUG epoch: 218, train_acc: 0.0, val_acc: 19.01, fidel_score: 20.17, acc_loss: 0.0, grad_loss: 18.035721163206464
2022-04-27 10:31:03,694 DEBUG epoch: 219, train_acc: 0.0, val_acc: 17.21, fidel_score: 17.88, acc_loss: 0.0, grad_loss: 18.35592774499821
2022-04-27 10:31:08,291 DEBUG epoch: 220, train_acc: 0.0, val_acc: 19.59, fidel_score: 20.62, acc_loss: 0.0, grad_loss: 18.460006496574305
2022-04-27 10:31:12,593 DEBUG epoch: 221, train_acc: 0.0, val_acc: 18.75, fidel_score: 19.84, acc_loss: 0.0, grad_loss: 18.16067212744604
2022-04-27 10:31:17,077 DEBUG epoch: 222, train_acc: 0.0, val_acc: 19.17, fidel_score: 19.87, acc_loss: 0.0, grad_loss: 18.60231906552858
2022-04-27 10:31:21,429 DEBUG epoch: 223, train_acc: 0.0, val_acc: 19.18, fidel_score: 20.1, acc_loss: 0.0, grad_loss: 18.469608572464956
2022-04-27 10:31:25,910 DEBUG epoch: 224, train_acc: 0.0, val_acc: 18.76, fidel_score: 19.72, acc_loss: 0.0, grad_loss: 18.255669292015366
2022-04-27 10:31:30,102 DEBUG epoch: 225, train_acc: 0.0, val_acc: 19.57, fidel_score: 20.6, acc_loss: 0.0, grad_loss: 18.371666630612143
2022-04-27 10:31:34,509 DEBUG epoch: 226, train_acc: 0.0, val_acc: 18.65, fidel_score: 19.63, acc_loss: 0.0, grad_loss: 18.451425914522968
2022-04-27 10:31:38,874 DEBUG epoch: 227, train_acc: 0.0, val_acc: 18.93, fidel_score: 19.89, acc_loss: 0.0, grad_loss: 18.533158169517034
2022-04-27 10:31:43,284 DEBUG epoch: 228, train_acc: 0.0, val_acc: 19.32, fidel_score: 20.37, acc_loss: 0.0, grad_loss: 18.232791707485536
2022-04-27 10:31:47,680 DEBUG epoch: 229, train_acc: 0.0, val_acc: 19.23, fidel_score: 20.19, acc_loss: 0.0, grad_loss: 17.993961479090437
2022-04-27 10:31:52,279 DEBUG epoch: 230, train_acc: 0.0, val_acc: 18.52, fidel_score: 19.38, acc_loss: 0.0, grad_loss: 18.275492631936377
2022-04-27 10:31:56,794 DEBUG epoch: 231, train_acc: 0.0, val_acc: 18.91, fidel_score: 19.66, acc_loss: 0.0, grad_loss: 18.50808232947241
2022-04-27 10:32:01,398 DEBUG epoch: 232, train_acc: 0.0, val_acc: 18.03, fidel_score: 19.24, acc_loss: 0.0, grad_loss: 18.324325947821894
2022-04-27 10:32:05,474 DEBUG epoch: 233, train_acc: 0.0, val_acc: 17.87, fidel_score: 18.74, acc_loss: 0.0, grad_loss: 17.984422297417364
2022-04-27 10:32:10,036 DEBUG epoch: 234, train_acc: 0.0, val_acc: 18.25, fidel_score: 19.25, acc_loss: 0.0, grad_loss: 17.941785281217552
2022-04-27 10:32:14,403 DEBUG epoch: 235, train_acc: 0.0, val_acc: 18.83, fidel_score: 19.73, acc_loss: 0.0, grad_loss: 18.006385585929774
2022-04-27 10:32:18,807 DEBUG epoch: 236, train_acc: 0.0, val_acc: 19.19, fidel_score: 20.53, acc_loss: 0.0, grad_loss: 18.262094389034225
2022-04-27 10:32:23,325 DEBUG epoch: 237, train_acc: 0.0, val_acc: 19.03, fidel_score: 20.12, acc_loss: 0.0, grad_loss: 17.938765537889697
2022-04-27 10:32:27,530 DEBUG epoch: 238, train_acc: 0.0, val_acc: 19.15, fidel_score: 20.55, acc_loss: 0.0, grad_loss: 17.922341889972927
2022-04-27 10:32:31,942 DEBUG epoch: 239, train_acc: 0.0, val_acc: 18.95, fidel_score: 19.73, acc_loss: 0.0, grad_loss: 17.88770542869085
2022-04-27 10:32:36,301 DEBUG epoch: 240, train_acc: 0.0, val_acc: 18.72, fidel_score: 19.84, acc_loss: 0.0, grad_loss: 18.124765999709503
2022-04-27 10:32:40,717 DEBUG epoch: 241, train_acc: 0.0, val_acc: 19.0, fidel_score: 19.84, acc_loss: 0.0, grad_loss: 17.839039138600796
2022-04-27 10:32:45,080 DEBUG epoch: 242, train_acc: 0.0, val_acc: 19.73, fidel_score: 20.49, acc_loss: 0.0, grad_loss: 18.011663750757144
2022-04-27 10:32:49,550 DEBUG epoch: 243, train_acc: 0.0, val_acc: 18.72, fidel_score: 19.93, acc_loss: 0.0, grad_loss: 18.021046240118487
2022-04-27 10:32:54,092 DEBUG epoch: 244, train_acc: 0.0, val_acc: 18.58, fidel_score: 19.66, acc_loss: 0.0, grad_loss: 17.727028738094283
2022-04-27 10:32:58,703 DEBUG epoch: 245, train_acc: 0.0, val_acc: 18.09, fidel_score: 19.09, acc_loss: 0.0, grad_loss: 17.700830435451074
2022-04-27 10:33:02,910 DEBUG epoch: 246, train_acc: 0.0, val_acc: 18.53, fidel_score: 19.55, acc_loss: 0.0, grad_loss: 17.881105640266515
2022-04-27 10:33:07,141 DEBUG epoch: 247, train_acc: 0.0, val_acc: 18.39, fidel_score: 19.16, acc_loss: 0.0, grad_loss: 17.792146622380123
2022-04-27 10:33:11,430 DEBUG epoch: 248, train_acc: 0.0, val_acc: 18.46, fidel_score: 19.58, acc_loss: 0.0, grad_loss: 17.926385082776033
2022-04-27 10:33:15,938 DEBUG epoch: 249, train_acc: 0.0, val_acc: 18.49, fidel_score: 19.62, acc_loss: 0.0, grad_loss: 17.86550728278824
2022-04-27 10:33:20,485 DEBUG epoch: 250, train_acc: 0.0, val_acc: 19.26, fidel_score: 20.09, acc_loss: 0.0, grad_loss: 18.099221748641774
2022-04-27 10:33:24,794 DEBUG epoch: 251, train_acc: 0.0, val_acc: 18.99, fidel_score: 20.16, acc_loss: 0.0, grad_loss: 17.64645685123492
2022-04-27 10:33:29,355 DEBUG epoch: 252, train_acc: 0.0, val_acc: 18.07, fidel_score: 19.21, acc_loss: 0.0, grad_loss: 17.936729793307148
2022-04-27 10:33:33,539 DEBUG epoch: 253, train_acc: 0.0, val_acc: 18.56, fidel_score: 19.67, acc_loss: 0.0, grad_loss: 17.835542582258395
2022-04-27 10:33:37,918 DEBUG epoch: 254, train_acc: 0.0, val_acc: 18.23, fidel_score: 18.94, acc_loss: 0.0, grad_loss: 18.030729655978046
2022-04-27 10:33:42,022 DEBUG epoch: 255, train_acc: 0.0, val_acc: 18.33, fidel_score: 19.43, acc_loss: 0.0, grad_loss: 17.874232811263845
2022-04-27 10:33:46,778 DEBUG epoch: 256, train_acc: 0.0, val_acc: 18.84, fidel_score: 19.93, acc_loss: 0.0, grad_loss: 17.78684594359579
2022-04-27 10:33:51,425 DEBUG epoch: 257, train_acc: 0.0, val_acc: 18.7, fidel_score: 19.81, acc_loss: 0.0, grad_loss: 17.836092647117905
2022-04-27 10:33:56,002 DEBUG epoch: 258, train_acc: 0.0, val_acc: 19.04, fidel_score: 20.1, acc_loss: 0.0, grad_loss: 17.993150204042845
2022-04-27 10:34:00,496 DEBUG epoch: 259, train_acc: 0.0, val_acc: 18.09, fidel_score: 19.45, acc_loss: 0.0, grad_loss: 17.770810404910318
2022-04-27 10:34:05,020 DEBUG epoch: 260, train_acc: 0.0, val_acc: 17.55, fidel_score: 18.57, acc_loss: 0.0, grad_loss: 17.9876120482819
2022-04-27 10:34:09,219 DEBUG epoch: 261, train_acc: 0.0, val_acc: 18.05, fidel_score: 18.91, acc_loss: 0.0, grad_loss: 17.631911157052727
2022-04-27 10:34:13,211 DEBUG epoch: 262, train_acc: 0.0, val_acc: 18.11, fidel_score: 19.12, acc_loss: 0.0, grad_loss: 17.622407623484165
2022-04-27 10:34:17,547 DEBUG epoch: 263, train_acc: 0.0, val_acc: 17.45, fidel_score: 18.41, acc_loss: 0.0, grad_loss: 17.862579128410243
2022-04-27 10:34:22,138 DEBUG epoch: 264, train_acc: 0.0, val_acc: 18.14, fidel_score: 19.06, acc_loss: 0.0, grad_loss: 17.820779414116583
2022-04-27 10:34:26,635 DEBUG epoch: 265, train_acc: 0.0, val_acc: 18.29, fidel_score: 19.48, acc_loss: 0.0, grad_loss: 17.754454986958564
2022-04-27 10:34:30,979 DEBUG epoch: 266, train_acc: 0.0, val_acc: 18.67, fidel_score: 19.39, acc_loss: 0.0, grad_loss: 18.110324002519437
2022-04-27 10:34:35,584 DEBUG epoch: 267, train_acc: 0.0, val_acc: 18.25, fidel_score: 19.3, acc_loss: 0.0, grad_loss: 17.76003748253931
2022-04-27 10:34:39,876 DEBUG epoch: 268, train_acc: 0.0, val_acc: 18.48, fidel_score: 19.43, acc_loss: 0.0, grad_loss: 17.845335465443284
2022-04-27 10:34:44,261 DEBUG epoch: 269, train_acc: 0.0, val_acc: 18.74, fidel_score: 19.83, acc_loss: 0.0, grad_loss: 17.816591733618626
2022-04-27 10:34:48,440 DEBUG epoch: 270, train_acc: 0.0, val_acc: 18.43, fidel_score: 19.41, acc_loss: 0.0, grad_loss: 17.8444394340998
2022-04-27 10:34:52,930 DEBUG epoch: 271, train_acc: 0.0, val_acc: 18.46, fidel_score: 19.58, acc_loss: 0.0, grad_loss: 17.591761770127693
2022-04-27 10:34:57,303 DEBUG epoch: 272, train_acc: 0.0, val_acc: 18.49, fidel_score: 19.5, acc_loss: 0.0, grad_loss: 17.741639982295943
2022-04-27 10:35:01,830 DEBUG epoch: 273, train_acc: 0.0, val_acc: 18.9, fidel_score: 19.82, acc_loss: 0.0, grad_loss: 17.96021835713447
2022-04-27 10:35:06,385 DEBUG epoch: 274, train_acc: 0.0, val_acc: 18.31, fidel_score: 19.24, acc_loss: 0.0, grad_loss: 17.463866897776157
2022-04-27 10:35:10,502 DEBUG epoch: 275, train_acc: 0.0, val_acc: 18.53, fidel_score: 19.53, acc_loss: 0.0, grad_loss: 17.857027560849733
2022-04-27 10:35:14,841 DEBUG epoch: 276, train_acc: 0.0, val_acc: 18.67, fidel_score: 19.49, acc_loss: 0.0, grad_loss: 17.7831997448885
2022-04-27 10:35:19,183 DEBUG epoch: 277, train_acc: 0.0, val_acc: 18.24, fidel_score: 19.14, acc_loss: 0.0, grad_loss: 17.931768538076668
2022-04-27 10:35:23,907 DEBUG epoch: 278, train_acc: 0.0, val_acc: 18.2, fidel_score: 19.27, acc_loss: 0.0, grad_loss: 17.880759094334856
2022-04-27 10:35:28,204 DEBUG epoch: 279, train_acc: 0.0, val_acc: 18.44, fidel_score: 19.71, acc_loss: 0.0, grad_loss: 17.740272159817852
2022-04-27 10:35:32,740 DEBUG epoch: 280, train_acc: 0.0, val_acc: 18.49, fidel_score: 19.58, acc_loss: 0.0, grad_loss: 17.859405517578125
2022-04-27 10:35:37,042 DEBUG epoch: 281, train_acc: 0.0, val_acc: 18.4, fidel_score: 19.33, acc_loss: 0.0, grad_loss: 17.968000146407114
2022-04-27 10:35:41,405 DEBUG epoch: 282, train_acc: 0.0, val_acc: 18.54, fidel_score: 19.41, acc_loss: 0.0, grad_loss: 17.7672007838382
2022-04-27 10:35:45,470 DEBUG epoch: 283, train_acc: 0.0, val_acc: 18.51, fidel_score: 19.19, acc_loss: 0.0, grad_loss: 17.819279465494276
2022-04-27 10:35:49,754 DEBUG epoch: 284, train_acc: 0.0, val_acc: 18.14, fidel_score: 19.14, acc_loss: 0.0, grad_loss: 17.970389812807493
2022-04-27 10:35:54,357 DEBUG epoch: 285, train_acc: 0.0, val_acc: 17.45, fidel_score: 18.54, acc_loss: 0.0, grad_loss: 17.6912683173071
2022-04-27 10:35:58,821 DEBUG epoch: 286, train_acc: 0.0, val_acc: 17.48, fidel_score: 18.76, acc_loss: 0.0, grad_loss: 17.733769863466673
2022-04-27 10:36:03,411 DEBUG epoch: 287, train_acc: 0.0, val_acc: 18.06, fidel_score: 18.97, acc_loss: 0.0, grad_loss: 17.725318353387372
2022-04-27 10:36:07,878 DEBUG epoch: 288, train_acc: 0.0, val_acc: 18.05, fidel_score: 19.27, acc_loss: 0.0, grad_loss: 17.84920939916297
2022-04-27 10:36:12,285 DEBUG epoch: 289, train_acc: 0.0, val_acc: 17.88, fidel_score: 18.71, acc_loss: 0.0, grad_loss: 17.93815945975388
2022-04-27 10:36:16,320 DEBUG epoch: 290, train_acc: 0.0, val_acc: 18.28, fidel_score: 19.11, acc_loss: 0.0, grad_loss: 17.794504165649414
2022-04-27 10:36:20,683 DEBUG epoch: 291, train_acc: 0.0, val_acc: 17.85, fidel_score: 18.82, acc_loss: 0.0, grad_loss: 17.851444823832452
2022-04-27 10:36:25,290 DEBUG epoch: 292, train_acc: 0.0, val_acc: 18.12, fidel_score: 18.85, acc_loss: 0.0, grad_loss: 17.8213042488581
2022-04-27 10:36:29,870 DEBUG epoch: 293, train_acc: 0.0, val_acc: 17.85, fidel_score: 18.87, acc_loss: 0.0, grad_loss: 17.470977131324478
2022-04-27 10:36:34,323 DEBUG epoch: 294, train_acc: 0.0, val_acc: 17.82, fidel_score: 18.71, acc_loss: 0.0, grad_loss: 17.813754612886452
2022-04-27 10:36:38,925 DEBUG epoch: 295, train_acc: 0.0, val_acc: 17.3, fidel_score: 18.26, acc_loss: 0.0, grad_loss: 17.75172977206073
2022-04-27 10:36:43,424 DEBUG epoch: 296, train_acc: 0.0, val_acc: 17.78, fidel_score: 18.72, acc_loss: 0.0, grad_loss: 17.857018929493577
2022-04-27 10:36:47,597 DEBUG epoch: 297, train_acc: 0.0, val_acc: 18.05, fidel_score: 18.98, acc_loss: 0.0, grad_loss: 17.71474052380912
2022-04-27 10:36:51,946 DEBUG epoch: 298, train_acc: 0.0, val_acc: 17.79, fidel_score: 18.83, acc_loss: 0.0, grad_loss: 17.629719432396225
2022-04-27 10:36:56,205 DEBUG epoch: 299, train_acc: 0.0, val_acc: 17.95, fidel_score: 18.81, acc_loss: 0.0, grad_loss: 17.737938108323494
2022-04-27 10:37:00,919 DEBUG epoch: 300, train_acc: 0.0, val_acc: 17.71, fidel_score: 18.85, acc_loss: 0.0, grad_loss: 17.915739252597472
2022-04-27 10:37:00,919 DEBUG load best stealed model.
2022-04-27 10:37:00,919 DEBUG Best perform model, val_acc: 41.82, fidel_score: 43.94, acc_loss: 0.0, grad_loss: 19.498162354095072
2022-04-27 10:37:00,920 DEBUG load cloest stealed model.
2022-04-27 10:37:00,920 DEBUG Cloest perform model, val_acc: 41.82, fidel_score: 43.94, acc_loss: 0.0, grad_loss: 19.498162354095072
