2022-04-21 02:34:32,939 DEBUG Namespace(arch='vgg11_bn', attack_client=0, attack_epochs=300, attack_style='GM_option_SVHN', average_time=1, batch_size=128, bottleneck_option='None', cutlayer=4, data_proportion=1.0, dataset='cifar10', filename='ace_V2_epoch_vgg11_bn_cutlayer_4_client_1_seed125_dataset_cifar10_lr_0.05_200epoch', folder='saves/baseline', learning_rate=0.05, noniid_ratio=1.0, num_client=1, num_epochs='best', num_query=1000, random_seed=123, regularization='None', regularization_strength=0.0, scheme='V2_epoch', surrogate_arch='same', test_best=True, train_clas_layer=8.0)
2022-04-21 02:34:36,416 DEBUG Test (client-0):	Loss 0.6165 (0.3623)	Prec@1 81.250 (91.890)
2022-04-21 02:34:36,416 DEBUG  * Prec@1 91.890
2022-04-21 02:34:36,421 DEBUG load 0.weight to surrogate
2022-04-21 02:34:36,421 DEBUG load 0.bias to surrogate
2022-04-21 02:34:36,421 DEBUG load 1.weight to surrogate
2022-04-21 02:34:36,421 DEBUG load 1.bias to surrogate
2022-04-21 02:34:36,421 DEBUG load 1.running_mean to surrogate
2022-04-21 02:34:36,422 DEBUG load 1.running_var to surrogate
2022-04-21 02:34:36,422 DEBUG load 1.num_batches_tracked to surrogate
2022-04-21 02:34:36,426 DEBUG 20
2022-04-21 02:34:36,426 DEBUG 26
2022-04-21 02:34:36,427 DEBUG surrogate parameter has 26 trainable parameters!
2022-04-21 02:34:40,947 DEBUG epoch: 0, val_acc: 8.63
2022-04-21 02:34:41,961 DEBUG epoch: 1, train_acc: 0.0, val_acc: 8.64, acc_loss: 0.0, grad_loss: 4.015855288505554
2022-04-21 02:34:43,002 DEBUG epoch: 2, train_acc: 0.0, val_acc: 8.87, acc_loss: 0.0, grad_loss: 4.015847945213318
2022-04-21 02:34:44,009 DEBUG epoch: 3, train_acc: 0.0, val_acc: 9.28, acc_loss: 0.0, grad_loss: 4.015837836265564
2022-04-21 02:34:45,013 DEBUG epoch: 4, train_acc: 0.0, val_acc: 9.39, acc_loss: 0.0, grad_loss: 4.015828633308411
2022-04-21 02:34:46,029 DEBUG epoch: 5, train_acc: 0.0, val_acc: 9.58, acc_loss: 0.0, grad_loss: 4.015817666053772
2022-04-21 02:34:47,058 DEBUG epoch: 6, train_acc: 0.0, val_acc: 9.76, acc_loss: 0.0, grad_loss: 4.015808033943176
2022-04-21 02:34:48,081 DEBUG epoch: 7, train_acc: 0.0, val_acc: 9.86, acc_loss: 0.0, grad_loss: 4.015800905227661
2022-04-21 02:34:49,091 DEBUG epoch: 8, train_acc: 0.0, val_acc: 9.92, acc_loss: 0.0, grad_loss: 4.015793561935425
2022-04-21 02:34:50,156 DEBUG epoch: 9, train_acc: 0.0, val_acc: 9.94, acc_loss: 0.0, grad_loss: 4.015786290168762
2022-04-21 02:34:51,188 DEBUG epoch: 10, train_acc: 0.0, val_acc: 9.98, acc_loss: 0.0, grad_loss: 4.015780138969421
2022-04-21 02:34:52,191 DEBUG epoch: 11, train_acc: 0.0, val_acc: 9.99, acc_loss: 0.0, grad_loss: 4.015773487091065
2022-04-21 02:34:53,235 DEBUG epoch: 12, train_acc: 0.0, val_acc: 10.0, acc_loss: 0.0, grad_loss: 4.015769076347351
2022-04-21 02:34:54,231 DEBUG epoch: 13, train_acc: 0.0, val_acc: 10.0, acc_loss: 0.0, grad_loss: 4.015763592720032
2022-04-21 02:34:55,261 DEBUG epoch: 14, train_acc: 0.0, val_acc: 10.0, acc_loss: 0.0, grad_loss: 4.015758609771728
2022-04-21 02:34:56,262 DEBUG epoch: 15, train_acc: 0.0, val_acc: 10.0, acc_loss: 0.0, grad_loss: 4.01575448513031
2022-04-21 02:34:57,311 DEBUG epoch: 16, train_acc: 0.0, val_acc: 10.0, acc_loss: 0.0, grad_loss: 4.015751385688782
2022-04-21 02:34:58,338 DEBUG epoch: 17, train_acc: 0.0, val_acc: 10.0, acc_loss: 0.0, grad_loss: 4.015747809410096
2022-04-21 02:34:59,360 DEBUG epoch: 18, train_acc: 0.0, val_acc: 10.0, acc_loss: 0.0, grad_loss: 4.015745687484741
2022-04-21 02:35:00,417 DEBUG epoch: 19, train_acc: 0.0, val_acc: 10.0, acc_loss: 0.0, grad_loss: 4.015741539001465
2022-04-21 02:35:01,444 DEBUG epoch: 20, train_acc: 0.0, val_acc: 10.0, acc_loss: 0.0, grad_loss: 4.0157394170761105
2022-04-21 02:35:02,495 DEBUG epoch: 21, train_acc: 0.0, val_acc: 10.0, acc_loss: 0.0, grad_loss: 4.0157368898391725
2022-04-21 02:35:03,499 DEBUG epoch: 22, train_acc: 0.0, val_acc: 10.0, acc_loss: 0.0, grad_loss: 4.015734696388245
2022-04-21 02:35:04,550 DEBUG epoch: 23, train_acc: 0.0, val_acc: 10.0, acc_loss: 0.0, grad_loss: 4.015732407569885
2022-04-21 02:35:05,580 DEBUG epoch: 24, train_acc: 0.0, val_acc: 10.0, acc_loss: 0.0, grad_loss: 4.015731024742126
2022-04-21 02:35:06,606 DEBUG epoch: 25, train_acc: 0.0, val_acc: 10.0, acc_loss: 0.0, grad_loss: 4.015730357170105
2022-04-21 02:35:07,645 DEBUG epoch: 26, train_acc: 0.0, val_acc: 10.0, acc_loss: 0.0, grad_loss: 4.015727877616882
2022-04-21 02:35:08,671 DEBUG epoch: 27, train_acc: 0.0, val_acc: 10.0, acc_loss: 0.0, grad_loss: 4.01572630405426
2022-04-21 02:35:09,700 DEBUG epoch: 28, train_acc: 0.0, val_acc: 10.0, acc_loss: 0.0, grad_loss: 4.015725803375244
2022-04-21 02:35:10,743 DEBUG epoch: 29, train_acc: 0.0, val_acc: 10.01, acc_loss: 0.0, grad_loss: 4.015724444389344
2022-04-21 02:35:11,765 DEBUG epoch: 30, train_acc: 0.0, val_acc: 10.01, acc_loss: 0.0, grad_loss: 4.0157238960266115
2022-04-21 02:35:12,795 DEBUG epoch: 31, train_acc: 0.0, val_acc: 10.04, acc_loss: 0.0, grad_loss: 4.015723395347595
2022-04-21 02:35:13,845 DEBUG epoch: 32, train_acc: 0.0, val_acc: 10.02, acc_loss: 0.0, grad_loss: 4.015722155570984
2022-04-21 02:35:14,882 DEBUG epoch: 33, train_acc: 0.0, val_acc: 10.06, acc_loss: 0.0, grad_loss: 4.0157218933105465
2022-04-21 02:35:15,909 DEBUG epoch: 34, train_acc: 0.0, val_acc: 10.13, acc_loss: 0.0, grad_loss: 4.015721702575684
2022-04-21 02:35:16,971 DEBUG epoch: 35, train_acc: 0.0, val_acc: 10.18, acc_loss: 0.0, grad_loss: 4.015721726417541
2022-04-21 02:35:18,021 DEBUG epoch: 36, train_acc: 0.0, val_acc: 10.23, acc_loss: 0.0, grad_loss: 4.015721440315247
2022-04-21 02:35:19,025 DEBUG epoch: 37, train_acc: 0.0, val_acc: 10.37, acc_loss: 0.0, grad_loss: 4.015721368789673
2022-04-21 02:35:20,048 DEBUG epoch: 38, train_acc: 0.0, val_acc: 10.41, acc_loss: 0.0, grad_loss: 4.015720963478088
2022-04-21 02:35:21,066 DEBUG epoch: 39, train_acc: 0.0, val_acc: 10.44, acc_loss: 0.0, grad_loss: 4.015720462799072
2022-04-21 02:35:22,105 DEBUG epoch: 40, train_acc: 0.0, val_acc: 10.49, acc_loss: 0.0, grad_loss: 4.015721344947815
2022-04-21 02:35:23,126 DEBUG epoch: 41, train_acc: 0.0, val_acc: 10.44, acc_loss: 0.0, grad_loss: 4.015721011161804
2022-04-21 02:35:24,145 DEBUG epoch: 42, train_acc: 0.0, val_acc: 10.49, acc_loss: 0.0, grad_loss: 4.015721464157105
2022-04-21 02:35:25,195 DEBUG epoch: 43, train_acc: 0.0, val_acc: 10.58, acc_loss: 0.0, grad_loss: 4.015721845626831
2022-04-21 02:35:26,240 DEBUG epoch: 44, train_acc: 0.0, val_acc: 10.7, acc_loss: 0.0, grad_loss: 4.015722179412842
2022-04-21 02:35:27,269 DEBUG epoch: 45, train_acc: 0.0, val_acc: 10.71, acc_loss: 0.0, grad_loss: 4.015722227096558
2022-04-21 02:35:28,334 DEBUG epoch: 46, train_acc: 0.0, val_acc: 10.62, acc_loss: 0.0, grad_loss: 4.015722417831421
2022-04-21 02:35:29,362 DEBUG epoch: 47, train_acc: 0.0, val_acc: 10.71, acc_loss: 0.0, grad_loss: 4.015722537040711
2022-04-21 02:35:30,401 DEBUG epoch: 48, train_acc: 0.0, val_acc: 10.59, acc_loss: 0.0, grad_loss: 4.015722942352295
2022-04-21 02:35:31,422 DEBUG epoch: 49, train_acc: 0.0, val_acc: 10.47, acc_loss: 0.0, grad_loss: 4.015723514556885
2022-04-21 02:35:32,469 DEBUG epoch: 50, train_acc: 0.0, val_acc: 10.44, acc_loss: 0.0, grad_loss: 4.015724134445191
2022-04-21 02:35:33,495 DEBUG epoch: 51, train_acc: 0.0, val_acc: 10.36, acc_loss: 0.0, grad_loss: 4.0157245874404905
2022-04-21 02:35:34,547 DEBUG epoch: 52, train_acc: 0.0, val_acc: 10.37, acc_loss: 0.0, grad_loss: 4.015725016593933
2022-04-21 02:35:35,608 DEBUG epoch: 53, train_acc: 0.0, val_acc: 10.52, acc_loss: 0.0, grad_loss: 4.015725255012512
2022-04-21 02:35:36,629 DEBUG epoch: 54, train_acc: 0.0, val_acc: 10.47, acc_loss: 0.0, grad_loss: 4.0157259702682495
2022-04-21 02:35:37,649 DEBUG epoch: 55, train_acc: 0.0, val_acc: 10.41, acc_loss: 0.0, grad_loss: 4.015726351737976
2022-04-21 02:35:38,660 DEBUG epoch: 56, train_acc: 0.0, val_acc: 10.36, acc_loss: 0.0, grad_loss: 4.015726900100708
2022-04-21 02:35:39,709 DEBUG epoch: 57, train_acc: 0.0, val_acc: 10.23, acc_loss: 0.0, grad_loss: 4.015727376937866
2022-04-21 02:35:40,773 DEBUG epoch: 58, train_acc: 0.0, val_acc: 9.99, acc_loss: 0.0, grad_loss: 4.015727925300598
2022-04-21 02:35:41,824 DEBUG epoch: 59, train_acc: 0.0, val_acc: 9.93, acc_loss: 0.0, grad_loss: 4.015728378295899
2022-04-21 02:35:42,844 DEBUG epoch: 60, train_acc: 0.0, val_acc: 9.95, acc_loss: 0.0, grad_loss: 4.015728616714478
2022-04-21 02:35:43,855 DEBUG epoch: 61, train_acc: 0.0, val_acc: 9.94, acc_loss: 0.0, grad_loss: 4.015728950500488
2022-04-21 02:35:44,868 DEBUG epoch: 62, train_acc: 0.0, val_acc: 9.95, acc_loss: 0.0, grad_loss: 4.015728831291199
2022-04-21 02:35:45,917 DEBUG epoch: 63, train_acc: 0.0, val_acc: 9.97, acc_loss: 0.0, grad_loss: 4.015729069709778
2022-04-21 02:35:46,954 DEBUG epoch: 64, train_acc: 0.0, val_acc: 9.93, acc_loss: 0.0, grad_loss: 4.015729069709778
2022-04-21 02:35:47,977 DEBUG epoch: 65, train_acc: 0.0, val_acc: 9.96, acc_loss: 0.0, grad_loss: 4.015729212760926
2022-04-21 02:35:49,002 DEBUG epoch: 66, train_acc: 0.0, val_acc: 9.93, acc_loss: 0.0, grad_loss: 4.01572949886322
2022-04-21 02:35:50,099 DEBUG epoch: 67, train_acc: 0.0, val_acc: 9.89, acc_loss: 0.0, grad_loss: 4.01572949886322
2022-04-21 02:35:51,146 DEBUG epoch: 68, train_acc: 0.0, val_acc: 9.91, acc_loss: 0.0, grad_loss: 4.015729761123657
2022-04-21 02:35:52,160 DEBUG epoch: 69, train_acc: 0.0, val_acc: 9.92, acc_loss: 0.0, grad_loss: 4.015729880332946
2022-04-21 02:35:53,172 DEBUG epoch: 70, train_acc: 0.0, val_acc: 9.95, acc_loss: 0.0, grad_loss: 4.015729928016663
2022-04-21 02:35:54,214 DEBUG epoch: 71, train_acc: 0.0, val_acc: 9.93, acc_loss: 0.0, grad_loss: 4.015730142593384
2022-04-21 02:35:55,256 DEBUG epoch: 72, train_acc: 0.0, val_acc: 9.92, acc_loss: 0.0, grad_loss: 4.015730285644532
2022-04-21 02:35:56,267 DEBUG epoch: 73, train_acc: 0.0, val_acc: 9.92, acc_loss: 0.0, grad_loss: 4.015730500221252
2022-04-21 02:35:57,290 DEBUG epoch: 74, train_acc: 0.0, val_acc: 9.89, acc_loss: 0.0, grad_loss: 4.015730595588684
2022-04-21 02:35:58,313 DEBUG epoch: 75, train_acc: 0.0, val_acc: 9.86, acc_loss: 0.0, grad_loss: 4.015730595588684
2022-04-21 02:35:59,349 DEBUG epoch: 76, train_acc: 0.0, val_acc: 9.87, acc_loss: 0.0, grad_loss: 4.015730953216552
2022-04-21 02:36:00,391 DEBUG epoch: 77, train_acc: 0.0, val_acc: 9.89, acc_loss: 0.0, grad_loss: 4.0157310485839846
2022-04-21 02:36:01,429 DEBUG epoch: 78, train_acc: 0.0, val_acc: 9.89, acc_loss: 0.0, grad_loss: 4.0157311916351315
2022-04-21 02:36:02,460 DEBUG epoch: 79, train_acc: 0.0, val_acc: 9.89, acc_loss: 0.0, grad_loss: 4.015731167793274
2022-04-21 02:36:03,484 DEBUG epoch: 80, train_acc: 0.0, val_acc: 9.88, acc_loss: 0.0, grad_loss: 4.015731477737427
2022-04-21 02:36:04,536 DEBUG epoch: 81, train_acc: 0.0, val_acc: 9.86, acc_loss: 0.0, grad_loss: 4.015731620788574
2022-04-21 02:36:05,568 DEBUG epoch: 82, train_acc: 0.0, val_acc: 9.89, acc_loss: 0.0, grad_loss: 4.015731883049011
2022-04-21 02:36:06,579 DEBUG epoch: 83, train_acc: 0.0, val_acc: 9.9, acc_loss: 0.0, grad_loss: 4.015731906890869
2022-04-21 02:36:07,630 DEBUG epoch: 84, train_acc: 0.0, val_acc: 9.91, acc_loss: 0.0, grad_loss: 4.015731787681579
2022-04-21 02:36:08,656 DEBUG epoch: 85, train_acc: 0.0, val_acc: 9.9, acc_loss: 0.0, grad_loss: 4.015732145309448
2022-04-21 02:36:09,697 DEBUG epoch: 86, train_acc: 0.0, val_acc: 9.91, acc_loss: 0.0, grad_loss: 4.015732169151306
2022-04-21 02:36:10,709 DEBUG epoch: 87, train_acc: 0.0, val_acc: 9.92, acc_loss: 0.0, grad_loss: 4.015732169151306
2022-04-21 02:36:11,716 DEBUG epoch: 88, train_acc: 0.0, val_acc: 9.92, acc_loss: 0.0, grad_loss: 4.0157324314117435
2022-04-21 02:36:12,719 DEBUG epoch: 89, train_acc: 0.0, val_acc: 9.92, acc_loss: 0.0, grad_loss: 4.0157324314117435
2022-04-21 02:36:13,734 DEBUG epoch: 90, train_acc: 0.0, val_acc: 9.93, acc_loss: 0.0, grad_loss: 4.015732550621033
2022-04-21 02:36:14,753 DEBUG epoch: 91, train_acc: 0.0, val_acc: 9.91, acc_loss: 0.0, grad_loss: 4.0157328128814695
2022-04-21 02:36:15,786 DEBUG epoch: 92, train_acc: 0.0, val_acc: 9.92, acc_loss: 0.0, grad_loss: 4.015732741355896
2022-04-21 02:36:16,809 DEBUG epoch: 93, train_acc: 0.0, val_acc: 9.91, acc_loss: 0.0, grad_loss: 4.015732908248902
2022-04-21 02:36:17,825 DEBUG epoch: 94, train_acc: 0.0, val_acc: 9.92, acc_loss: 0.0, grad_loss: 4.015733122825623
2022-04-21 02:36:18,903 DEBUG epoch: 95, train_acc: 0.0, val_acc: 9.96, acc_loss: 0.0, grad_loss: 4.015733122825623
2022-04-21 02:36:19,927 DEBUG epoch: 96, train_acc: 0.0, val_acc: 9.96, acc_loss: 0.0, grad_loss: 4.015733218193054
2022-04-21 02:36:20,932 DEBUG epoch: 97, train_acc: 0.0, val_acc: 9.94, acc_loss: 0.0, grad_loss: 4.015733146667481
2022-04-21 02:36:21,961 DEBUG epoch: 98, train_acc: 0.0, val_acc: 9.93, acc_loss: 0.0, grad_loss: 4.0157335042953495
2022-04-21 02:36:22,965 DEBUG epoch: 99, train_acc: 0.0, val_acc: 9.96, acc_loss: 0.0, grad_loss: 4.015733551979065
2022-04-21 02:36:23,979 DEBUG epoch: 100, train_acc: 0.0, val_acc: 9.92, acc_loss: 0.0, grad_loss: 4.015733599662781
2022-04-21 02:36:24,979 DEBUG epoch: 101, train_acc: 0.0, val_acc: 9.94, acc_loss: 0.0, grad_loss: 4.015733671188355
2022-04-21 02:36:26,023 DEBUG epoch: 102, train_acc: 0.0, val_acc: 9.94, acc_loss: 0.0, grad_loss: 4.015733861923218
2022-04-21 02:36:27,040 DEBUG epoch: 103, train_acc: 0.0, val_acc: 9.92, acc_loss: 0.0, grad_loss: 4.015734076499939
2022-04-21 02:36:28,074 DEBUG epoch: 104, train_acc: 0.0, val_acc: 9.93, acc_loss: 0.0, grad_loss: 4.015734219551087
2022-04-21 02:36:29,091 DEBUG epoch: 105, train_acc: 0.0, val_acc: 9.93, acc_loss: 0.0, grad_loss: 4.015734267234802
2022-04-21 02:36:30,112 DEBUG epoch: 106, train_acc: 0.0, val_acc: 9.94, acc_loss: 0.0, grad_loss: 4.01573429107666
2022-04-21 02:36:31,130 DEBUG epoch: 107, train_acc: 0.0, val_acc: 9.95, acc_loss: 0.0, grad_loss: 4.015734338760376
2022-04-21 02:36:32,184 DEBUG epoch: 108, train_acc: 0.0, val_acc: 9.96, acc_loss: 0.0, grad_loss: 4.015734624862671
2022-04-21 02:36:33,198 DEBUG epoch: 109, train_acc: 0.0, val_acc: 9.95, acc_loss: 0.0, grad_loss: 4.015734553337097
2022-04-21 02:36:34,208 DEBUG epoch: 110, train_acc: 0.0, val_acc: 9.95, acc_loss: 0.0, grad_loss: 4.015734624862671
2022-04-21 02:36:35,234 DEBUG epoch: 111, train_acc: 0.0, val_acc: 9.95, acc_loss: 0.0, grad_loss: 4.01573486328125
2022-04-21 02:36:36,287 DEBUG epoch: 112, train_acc: 0.0, val_acc: 9.97, acc_loss: 0.0, grad_loss: 4.0157348871231076
2022-04-21 02:36:37,309 DEBUG epoch: 113, train_acc: 0.0, val_acc: 9.98, acc_loss: 0.0, grad_loss: 4.015734910964966
2022-04-21 02:36:38,330 DEBUG epoch: 114, train_acc: 0.0, val_acc: 9.98, acc_loss: 0.0, grad_loss: 4.0157348871231076
2022-04-21 02:36:39,379 DEBUG epoch: 115, train_acc: 0.0, val_acc: 9.97, acc_loss: 0.0, grad_loss: 4.015735149383545
2022-04-21 02:36:40,403 DEBUG epoch: 116, train_acc: 0.0, val_acc: 9.96, acc_loss: 0.0, grad_loss: 4.01573531627655
2022-04-21 02:36:41,421 DEBUG epoch: 117, train_acc: 0.0, val_acc: 9.97, acc_loss: 0.0, grad_loss: 4.015735244750976
2022-04-21 02:36:42,460 DEBUG epoch: 118, train_acc: 0.0, val_acc: 9.98, acc_loss: 0.0, grad_loss: 4.015735483169555
2022-04-21 02:36:43,508 DEBUG epoch: 119, train_acc: 0.0, val_acc: 9.98, acc_loss: 0.0, grad_loss: 4.015735530853272
2022-04-21 02:36:44,543 DEBUG epoch: 120, train_acc: 0.0, val_acc: 9.99, acc_loss: 0.0, grad_loss: 4.015735554695129
2022-04-21 02:36:45,589 DEBUG epoch: 121, train_acc: 0.0, val_acc: 9.98, acc_loss: 0.0, grad_loss: 4.015735650062561
2022-04-21 02:36:46,623 DEBUG epoch: 122, train_acc: 0.0, val_acc: 9.99, acc_loss: 0.0, grad_loss: 4.015735912322998
2022-04-21 02:36:47,639 DEBUG epoch: 123, train_acc: 0.0, val_acc: 9.99, acc_loss: 0.0, grad_loss: 4.015735840797424
2022-04-21 02:36:48,655 DEBUG epoch: 124, train_acc: 0.0, val_acc: 9.99, acc_loss: 0.0, grad_loss: 4.015735983848572
2022-04-21 02:36:49,678 DEBUG epoch: 125, train_acc: 0.0, val_acc: 9.99, acc_loss: 0.0, grad_loss: 4.015736150741577
2022-04-21 02:36:50,689 DEBUG epoch: 126, train_acc: 0.0, val_acc: 9.99, acc_loss: 0.0, grad_loss: 4.015736198425293
2022-04-21 02:36:51,737 DEBUG epoch: 127, train_acc: 0.0, val_acc: 9.99, acc_loss: 0.0, grad_loss: 4.01573634147644
2022-04-21 02:36:52,763 DEBUG epoch: 128, train_acc: 0.0, val_acc: 10.0, acc_loss: 0.0, grad_loss: 4.015736246109009
2022-04-21 02:36:53,802 DEBUG epoch: 129, train_acc: 0.0, val_acc: 10.0, acc_loss: 0.0, grad_loss: 4.015736675262451
2022-04-21 02:36:54,852 DEBUG epoch: 130, train_acc: 0.0, val_acc: 10.0, acc_loss: 0.0, grad_loss: 4.015736865997314
2022-04-21 02:36:55,861 DEBUG epoch: 131, train_acc: 0.0, val_acc: 10.0, acc_loss: 0.0, grad_loss: 4.0157368898391725
2022-04-21 02:36:56,916 DEBUG epoch: 132, train_acc: 0.0, val_acc: 10.0, acc_loss: 0.0, grad_loss: 4.015736985206604
2022-04-21 02:36:57,932 DEBUG epoch: 133, train_acc: 0.0, val_acc: 10.0, acc_loss: 0.0, grad_loss: 4.0157370328903195
2022-04-21 02:36:58,984 DEBUG epoch: 134, train_acc: 0.0, val_acc: 10.0, acc_loss: 0.0, grad_loss: 4.015737175941467
2022-04-21 02:37:00,029 DEBUG epoch: 135, train_acc: 0.0, val_acc: 10.0, acc_loss: 0.0, grad_loss: 4.015737223625183
2022-04-21 02:37:01,078 DEBUG epoch: 136, train_acc: 0.0, val_acc: 10.0, acc_loss: 0.0, grad_loss: 4.015737414360046
2022-04-21 02:37:02,091 DEBUG epoch: 137, train_acc: 0.0, val_acc: 10.01, acc_loss: 0.0, grad_loss: 4.015737366676331
2022-04-21 02:37:03,116 DEBUG epoch: 138, train_acc: 0.0, val_acc: 10.01, acc_loss: 0.0, grad_loss: 4.015737557411194
2022-04-21 02:37:04,174 DEBUG epoch: 139, train_acc: 0.0, val_acc: 10.01, acc_loss: 0.0, grad_loss: 4.015737771987915
2022-04-21 02:37:05,192 DEBUG epoch: 140, train_acc: 0.0, val_acc: 10.0, acc_loss: 0.0, grad_loss: 4.015737819671631
2022-04-21 02:37:06,236 DEBUG epoch: 141, train_acc: 0.0, val_acc: 10.0, acc_loss: 0.0, grad_loss: 4.015737843513489
2022-04-21 02:37:07,252 DEBUG epoch: 142, train_acc: 0.0, val_acc: 10.01, acc_loss: 0.0, grad_loss: 4.015737986564636
2022-04-21 02:37:08,271 DEBUG epoch: 143, train_acc: 0.0, val_acc: 10.01, acc_loss: 0.0, grad_loss: 4.015738081932068
2022-04-21 02:37:09,300 DEBUG epoch: 144, train_acc: 0.0, val_acc: 10.01, acc_loss: 0.0, grad_loss: 4.015738177299499
2022-04-21 02:37:10,309 DEBUG epoch: 145, train_acc: 0.0, val_acc: 10.0, acc_loss: 0.0, grad_loss: 4.015738153457642
2022-04-21 02:37:11,330 DEBUG epoch: 146, train_acc: 0.0, val_acc: 10.0, acc_loss: 0.0, grad_loss: 4.015738391876221
2022-04-21 02:37:12,347 DEBUG epoch: 147, train_acc: 0.0, val_acc: 10.0, acc_loss: 0.0, grad_loss: 4.015738439559937
2022-04-21 02:37:13,385 DEBUG epoch: 148, train_acc: 0.0, val_acc: 10.0, acc_loss: 0.0, grad_loss: 4.015738487243652
2022-04-21 02:37:14,428 DEBUG epoch: 149, train_acc: 0.0, val_acc: 10.0, acc_loss: 0.0, grad_loss: 4.015738582611084
2022-04-21 02:37:15,443 DEBUG epoch: 150, train_acc: 0.0, val_acc: 10.0, acc_loss: 0.0, grad_loss: 4.015738677978516
2022-04-21 02:37:16,465 DEBUG epoch: 151, train_acc: 0.0, val_acc: 10.0, acc_loss: 0.0, grad_loss: 4.0157386302948
2022-04-21 02:37:17,488 DEBUG epoch: 152, train_acc: 0.0, val_acc: 10.0, acc_loss: 0.0, grad_loss: 4.015738821029663
2022-04-21 02:37:18,538 DEBUG epoch: 153, train_acc: 0.0, val_acc: 10.0, acc_loss: 0.0, grad_loss: 4.0157386302948
2022-04-21 02:37:19,543 DEBUG epoch: 154, train_acc: 0.0, val_acc: 10.0, acc_loss: 0.0, grad_loss: 4.015738677978516
2022-04-21 02:37:20,563 DEBUG epoch: 155, train_acc: 0.0, val_acc: 10.0, acc_loss: 0.0, grad_loss: 4.015738677978516
2022-04-21 02:37:21,601 DEBUG epoch: 156, train_acc: 0.0, val_acc: 10.0, acc_loss: 0.0, grad_loss: 4.015738821029663
2022-04-21 02:37:22,617 DEBUG epoch: 157, train_acc: 0.0, val_acc: 10.0, acc_loss: 0.0, grad_loss: 4.015738868713379
2022-04-21 02:37:23,624 DEBUG epoch: 158, train_acc: 0.0, val_acc: 10.0, acc_loss: 0.0, grad_loss: 4.015738821029663
2022-04-21 02:37:24,674 DEBUG epoch: 159, train_acc: 0.0, val_acc: 10.0, acc_loss: 0.0, grad_loss: 4.015738868713379
2022-04-21 02:37:25,707 DEBUG epoch: 160, train_acc: 0.0, val_acc: 10.0, acc_loss: 0.0, grad_loss: 4.015738868713379
2022-04-21 02:37:26,729 DEBUG epoch: 161, train_acc: 0.0, val_acc: 10.0, acc_loss: 0.0, grad_loss: 4.015738916397095
2022-04-21 02:37:27,768 DEBUG epoch: 162, train_acc: 0.0, val_acc: 10.0, acc_loss: 0.0, grad_loss: 4.015738916397095
2022-04-21 02:37:28,789 DEBUG epoch: 163, train_acc: 0.0, val_acc: 10.0, acc_loss: 0.0, grad_loss: 4.015739059448242
2022-04-21 02:37:29,834 DEBUG epoch: 164, train_acc: 0.0, val_acc: 10.0, acc_loss: 0.0, grad_loss: 4.0157389640808105
2022-04-21 02:37:30,840 DEBUG epoch: 165, train_acc: 0.0, val_acc: 10.0, acc_loss: 0.0, grad_loss: 4.015739059448242
2022-04-21 02:37:31,841 DEBUG epoch: 166, train_acc: 0.0, val_acc: 10.0, acc_loss: 0.0, grad_loss: 4.015739059448242
2022-04-21 02:37:32,869 DEBUG epoch: 167, train_acc: 0.0, val_acc: 10.0, acc_loss: 0.0, grad_loss: 4.015739059448242
2022-04-21 02:37:33,886 DEBUG epoch: 168, train_acc: 0.0, val_acc: 10.0, acc_loss: 0.0, grad_loss: 4.015739059448242
2022-04-21 02:37:34,901 DEBUG epoch: 169, train_acc: 0.0, val_acc: 10.0, acc_loss: 0.0, grad_loss: 4.015739011764526
2022-04-21 02:37:35,926 DEBUG epoch: 170, train_acc: 0.0, val_acc: 10.0, acc_loss: 0.0, grad_loss: 4.015739250183105
2022-04-21 02:37:36,954 DEBUG epoch: 171, train_acc: 0.0, val_acc: 10.0, acc_loss: 0.0, grad_loss: 4.015739154815674
2022-04-21 02:37:37,971 DEBUG epoch: 172, train_acc: 0.0, val_acc: 10.0, acc_loss: 0.0, grad_loss: 4.015739107131958
2022-04-21 02:37:39,042 DEBUG epoch: 173, train_acc: 0.0, val_acc: 10.0, acc_loss: 0.0, grad_loss: 4.015739250183105
2022-04-21 02:37:40,063 DEBUG epoch: 174, train_acc: 0.0, val_acc: 10.0, acc_loss: 0.0, grad_loss: 4.015739250183105
2022-04-21 02:37:41,104 DEBUG epoch: 175, train_acc: 0.0, val_acc: 10.0, acc_loss: 0.0, grad_loss: 4.01573920249939
2022-04-21 02:37:42,103 DEBUG epoch: 176, train_acc: 0.0, val_acc: 10.0, acc_loss: 0.0, grad_loss: 4.015739274024964
2022-04-21 02:37:43,159 DEBUG epoch: 177, train_acc: 0.0, val_acc: 10.0, acc_loss: 0.0, grad_loss: 4.015739250183105
2022-04-21 02:37:44,207 DEBUG epoch: 178, train_acc: 0.0, val_acc: 10.0, acc_loss: 0.0, grad_loss: 4.015739250183105
2022-04-21 02:37:45,210 DEBUG epoch: 179, train_acc: 0.0, val_acc: 10.01, acc_loss: 0.0, grad_loss: 4.0157393455505375
2022-04-21 02:37:46,231 DEBUG epoch: 180, train_acc: 0.0, val_acc: 10.01, acc_loss: 0.0, grad_loss: 4.015739297866821
2022-04-21 02:37:47,293 DEBUG epoch: 181, train_acc: 0.0, val_acc: 10.01, acc_loss: 0.0, grad_loss: 4.015739297866821
2022-04-21 02:37:48,296 DEBUG epoch: 182, train_acc: 0.0, val_acc: 10.01, acc_loss: 0.0, grad_loss: 4.015739369392395
2022-04-21 02:37:49,334 DEBUG epoch: 183, train_acc: 0.0, val_acc: 10.01, acc_loss: 0.0, grad_loss: 4.015739369392395
2022-04-21 02:37:50,350 DEBUG epoch: 184, train_acc: 0.0, val_acc: 10.01, acc_loss: 0.0, grad_loss: 4.0157394170761105
2022-04-21 02:37:51,376 DEBUG epoch: 185, train_acc: 0.0, val_acc: 10.01, acc_loss: 0.0, grad_loss: 4.015739369392395
2022-04-21 02:37:52,391 DEBUG epoch: 186, train_acc: 0.0, val_acc: 10.02, acc_loss: 0.0, grad_loss: 4.015739512443543
2022-04-21 02:37:53,419 DEBUG epoch: 187, train_acc: 0.0, val_acc: 10.02, acc_loss: 0.0, grad_loss: 4.015739464759827
2022-04-21 02:37:54,426 DEBUG epoch: 188, train_acc: 0.0, val_acc: 10.02, acc_loss: 0.0, grad_loss: 4.015739369392395
2022-04-21 02:37:55,457 DEBUG epoch: 189, train_acc: 0.0, val_acc: 10.02, acc_loss: 0.0, grad_loss: 4.015739464759827
2022-04-21 02:37:56,489 DEBUG epoch: 190, train_acc: 0.0, val_acc: 10.02, acc_loss: 0.0, grad_loss: 4.015739607810974
2022-04-21 02:37:57,540 DEBUG epoch: 191, train_acc: 0.0, val_acc: 10.02, acc_loss: 0.0, grad_loss: 4.015739464759827
2022-04-21 02:37:58,575 DEBUG epoch: 192, train_acc: 0.0, val_acc: 10.02, acc_loss: 0.0, grad_loss: 4.015739512443543
2022-04-21 02:37:59,592 DEBUG epoch: 193, train_acc: 0.0, val_acc: 10.03, acc_loss: 0.0, grad_loss: 4.015739512443543
2022-04-21 02:38:00,635 DEBUG epoch: 194, train_acc: 0.0, val_acc: 10.03, acc_loss: 0.0, grad_loss: 4.015739607810974
2022-04-21 02:38:01,712 DEBUG epoch: 195, train_acc: 0.0, val_acc: 10.03, acc_loss: 0.0, grad_loss: 4.0157395362854
2022-04-21 02:38:02,725 DEBUG epoch: 196, train_acc: 0.0, val_acc: 10.04, acc_loss: 0.0, grad_loss: 4.015739774703979
2022-04-21 02:38:03,761 DEBUG epoch: 197, train_acc: 0.0, val_acc: 10.04, acc_loss: 0.0, grad_loss: 4.0157397270202635
2022-04-21 02:38:04,812 DEBUG epoch: 198, train_acc: 0.0, val_acc: 10.05, acc_loss: 0.0, grad_loss: 4.01573965549469
2022-04-21 02:38:05,863 DEBUG epoch: 199, train_acc: 0.0, val_acc: 10.05, acc_loss: 0.0, grad_loss: 4.015739703178406
2022-04-21 02:38:06,900 DEBUG epoch: 200, train_acc: 0.0, val_acc: 10.06, acc_loss: 0.0, grad_loss: 4.015739703178406
2022-04-21 02:38:07,921 DEBUG epoch: 201, train_acc: 0.0, val_acc: 10.07, acc_loss: 0.0, grad_loss: 4.015739774703979
2022-04-21 02:38:08,918 DEBUG epoch: 202, train_acc: 0.0, val_acc: 10.07, acc_loss: 0.0, grad_loss: 4.0157397270202635
2022-04-21 02:38:09,933 DEBUG epoch: 203, train_acc: 0.0, val_acc: 10.07, acc_loss: 0.0, grad_loss: 4.01573965549469
2022-04-21 02:38:10,978 DEBUG epoch: 204, train_acc: 0.0, val_acc: 10.07, acc_loss: 0.0, grad_loss: 4.015739750862122
2022-04-21 02:38:11,985 DEBUG epoch: 205, train_acc: 0.0, val_acc: 10.07, acc_loss: 0.0, grad_loss: 4.015739798545837
2022-04-21 02:38:12,988 DEBUG epoch: 206, train_acc: 0.0, val_acc: 10.07, acc_loss: 0.0, grad_loss: 4.015739822387696
2022-04-21 02:38:14,025 DEBUG epoch: 207, train_acc: 0.0, val_acc: 10.07, acc_loss: 0.0, grad_loss: 4.015739941596985
2022-04-21 02:38:15,061 DEBUG epoch: 208, train_acc: 0.0, val_acc: 10.07, acc_loss: 0.0, grad_loss: 4.015739822387696
2022-04-21 02:38:16,070 DEBUG epoch: 209, train_acc: 0.0, val_acc: 10.07, acc_loss: 0.0, grad_loss: 4.015739846229553
2022-04-21 02:38:17,095 DEBUG epoch: 210, train_acc: 0.0, val_acc: 10.07, acc_loss: 0.0, grad_loss: 4.015739965438843
2022-04-21 02:38:18,160 DEBUG epoch: 211, train_acc: 0.0, val_acc: 10.08, acc_loss: 0.0, grad_loss: 4.015739798545837
2022-04-21 02:38:19,204 DEBUG epoch: 212, train_acc: 0.0, val_acc: 10.08, acc_loss: 0.0, grad_loss: 4.015739822387696
2022-04-21 02:38:20,210 DEBUG epoch: 213, train_acc: 0.0, val_acc: 10.08, acc_loss: 0.0, grad_loss: 4.015740013122558
2022-04-21 02:38:21,232 DEBUG epoch: 214, train_acc: 0.0, val_acc: 10.08, acc_loss: 0.0, grad_loss: 4.015739917755127
2022-04-21 02:38:22,271 DEBUG epoch: 215, train_acc: 0.0, val_acc: 10.08, acc_loss: 0.0, grad_loss: 4.015739965438843
2022-04-21 02:38:23,296 DEBUG epoch: 216, train_acc: 0.0, val_acc: 10.1, acc_loss: 0.0, grad_loss: 4.015739965438843
2022-04-21 02:38:24,321 DEBUG epoch: 217, train_acc: 0.0, val_acc: 10.1, acc_loss: 0.0, grad_loss: 4.015739822387696
2022-04-21 02:38:25,361 DEBUG epoch: 218, train_acc: 0.0, val_acc: 10.1, acc_loss: 0.0, grad_loss: 4.015739917755127
2022-04-21 02:38:26,394 DEBUG epoch: 219, train_acc: 0.0, val_acc: 10.1, acc_loss: 0.0, grad_loss: 4.015739893913269
2022-04-21 02:38:27,411 DEBUG epoch: 220, train_acc: 0.0, val_acc: 10.1, acc_loss: 0.0, grad_loss: 4.015739893913269
2022-04-21 02:38:28,433 DEBUG epoch: 221, train_acc: 0.0, val_acc: 10.11, acc_loss: 0.0, grad_loss: 4.015740013122558
2022-04-21 02:38:29,454 DEBUG epoch: 222, train_acc: 0.0, val_acc: 10.12, acc_loss: 0.0, grad_loss: 4.015740060806275
2022-04-21 02:38:30,462 DEBUG epoch: 223, train_acc: 0.0, val_acc: 10.12, acc_loss: 0.0, grad_loss: 4.015740060806275
2022-04-21 02:38:31,493 DEBUG epoch: 224, train_acc: 0.0, val_acc: 10.12, acc_loss: 0.0, grad_loss: 4.015739989280701
2022-04-21 02:38:32,512 DEBUG epoch: 225, train_acc: 0.0, val_acc: 10.12, acc_loss: 0.0, grad_loss: 4.01574010848999
2022-04-21 02:38:33,506 DEBUG epoch: 226, train_acc: 0.0, val_acc: 10.13, acc_loss: 0.0, grad_loss: 4.015740060806275
2022-04-21 02:38:34,515 DEBUG epoch: 227, train_acc: 0.0, val_acc: 10.13, acc_loss: 0.0, grad_loss: 4.015740084648132
2022-04-21 02:38:35,567 DEBUG epoch: 228, train_acc: 0.0, val_acc: 10.14, acc_loss: 0.0, grad_loss: 4.015740132331848
2022-04-21 02:38:36,582 DEBUG epoch: 229, train_acc: 0.0, val_acc: 10.14, acc_loss: 0.0, grad_loss: 4.015740156173706
2022-04-21 02:38:37,613 DEBUG epoch: 230, train_acc: 0.0, val_acc: 10.15, acc_loss: 0.0, grad_loss: 4.01574010848999
2022-04-21 02:38:38,607 DEBUG epoch: 231, train_acc: 0.0, val_acc: 10.15, acc_loss: 0.0, grad_loss: 4.015740156173706
2022-04-21 02:38:39,659 DEBUG epoch: 232, train_acc: 0.0, val_acc: 10.15, acc_loss: 0.0, grad_loss: 4.015740180015564
2022-04-21 02:38:40,680 DEBUG epoch: 233, train_acc: 0.0, val_acc: 10.15, acc_loss: 0.0, grad_loss: 4.015740180015564
2022-04-21 02:38:41,694 DEBUG epoch: 234, train_acc: 0.0, val_acc: 10.15, acc_loss: 0.0, grad_loss: 4.015740180015564
2022-04-21 02:38:42,732 DEBUG epoch: 235, train_acc: 0.0, val_acc: 10.15, acc_loss: 0.0, grad_loss: 4.015740156173706
2022-04-21 02:38:43,741 DEBUG epoch: 236, train_acc: 0.0, val_acc: 10.15, acc_loss: 0.0, grad_loss: 4.015740323066711
2022-04-21 02:38:44,776 DEBUG epoch: 237, train_acc: 0.0, val_acc: 10.15, acc_loss: 0.0, grad_loss: 4.015740180015564
2022-04-21 02:38:45,820 DEBUG epoch: 238, train_acc: 0.0, val_acc: 10.15, acc_loss: 0.0, grad_loss: 4.015740323066711
2022-04-21 02:38:46,851 DEBUG epoch: 239, train_acc: 0.0, val_acc: 10.15, acc_loss: 0.0, grad_loss: 4.015740275382996
2022-04-21 02:38:47,909 DEBUG epoch: 240, train_acc: 0.0, val_acc: 10.17, acc_loss: 0.0, grad_loss: 4.015740370750427
2022-04-21 02:38:48,926 DEBUG epoch: 241, train_acc: 0.0, val_acc: 10.17, acc_loss: 0.0, grad_loss: 4.01574022769928
2022-04-21 02:38:49,970 DEBUG epoch: 242, train_acc: 0.0, val_acc: 10.16, acc_loss: 0.0, grad_loss: 4.015740275382996
2022-04-21 02:38:50,985 DEBUG epoch: 243, train_acc: 0.0, val_acc: 10.17, acc_loss: 0.0, grad_loss: 4.015740418434143
2022-04-21 02:38:52,008 DEBUG epoch: 244, train_acc: 0.0, val_acc: 10.17, acc_loss: 0.0, grad_loss: 4.015740275382996
2022-04-21 02:38:53,041 DEBUG epoch: 245, train_acc: 0.0, val_acc: 10.17, acc_loss: 0.0, grad_loss: 4.0157403469085695
2022-04-21 02:38:54,062 DEBUG epoch: 246, train_acc: 0.0, val_acc: 10.17, acc_loss: 0.0, grad_loss: 4.015740275382996
2022-04-21 02:38:55,084 DEBUG epoch: 247, train_acc: 0.0, val_acc: 10.17, acc_loss: 0.0, grad_loss: 4.015740275382996
2022-04-21 02:38:56,119 DEBUG epoch: 248, train_acc: 0.0, val_acc: 10.17, acc_loss: 0.0, grad_loss: 4.015740418434143
2022-04-21 02:38:57,178 DEBUG epoch: 249, train_acc: 0.0, val_acc: 10.17, acc_loss: 0.0, grad_loss: 4.015740323066711
2022-04-21 02:38:58,186 DEBUG epoch: 250, train_acc: 0.0, val_acc: 10.17, acc_loss: 0.0, grad_loss: 4.015740394592285
2022-04-21 02:38:59,192 DEBUG epoch: 251, train_acc: 0.0, val_acc: 10.17, acc_loss: 0.0, grad_loss: 4.015740418434143
2022-04-21 02:39:00,251 DEBUG epoch: 252, train_acc: 0.0, val_acc: 10.17, acc_loss: 0.0, grad_loss: 4.015740275382996
2022-04-21 02:39:01,261 DEBUG epoch: 253, train_acc: 0.0, val_acc: 10.17, acc_loss: 0.0, grad_loss: 4.015740394592285
2022-04-21 02:39:02,273 DEBUG epoch: 254, train_acc: 0.0, val_acc: 10.17, acc_loss: 0.0, grad_loss: 4.015740418434143
2022-04-21 02:39:03,301 DEBUG epoch: 255, train_acc: 0.0, val_acc: 10.17, acc_loss: 0.0, grad_loss: 4.015740370750427
2022-04-21 02:39:04,330 DEBUG epoch: 256, train_acc: 0.0, val_acc: 10.17, acc_loss: 0.0, grad_loss: 4.015740394592285
2022-04-21 02:39:05,358 DEBUG epoch: 257, train_acc: 0.0, val_acc: 10.17, acc_loss: 0.0, grad_loss: 4.015740418434143
2022-04-21 02:39:06,378 DEBUG epoch: 258, train_acc: 0.0, val_acc: 10.17, acc_loss: 0.0, grad_loss: 4.015740323066711
2022-04-21 02:39:07,452 DEBUG epoch: 259, train_acc: 0.0, val_acc: 10.17, acc_loss: 0.0, grad_loss: 4.015740370750427
2022-04-21 02:39:08,486 DEBUG epoch: 260, train_acc: 0.0, val_acc: 10.17, acc_loss: 0.0, grad_loss: 4.015740418434143
2022-04-21 02:39:09,529 DEBUG epoch: 261, train_acc: 0.0, val_acc: 10.17, acc_loss: 0.0, grad_loss: 4.015740394592285
2022-04-21 02:39:10,554 DEBUG epoch: 262, train_acc: 0.0, val_acc: 10.17, acc_loss: 0.0, grad_loss: 4.015740323066711
2022-04-21 02:39:11,585 DEBUG epoch: 263, train_acc: 0.0, val_acc: 10.17, acc_loss: 0.0, grad_loss: 4.015740370750427
2022-04-21 02:39:12,603 DEBUG epoch: 264, train_acc: 0.0, val_acc: 10.17, acc_loss: 0.0, grad_loss: 4.015740418434143
2022-04-21 02:39:13,606 DEBUG epoch: 265, train_acc: 0.0, val_acc: 10.17, acc_loss: 0.0, grad_loss: 4.015740418434143
2022-04-21 02:39:14,618 DEBUG epoch: 266, train_acc: 0.0, val_acc: 10.17, acc_loss: 0.0, grad_loss: 4.015740299224854
2022-04-21 02:39:15,635 DEBUG epoch: 267, train_acc: 0.0, val_acc: 10.17, acc_loss: 0.0, grad_loss: 4.015740418434143
2022-04-21 02:39:16,671 DEBUG epoch: 268, train_acc: 0.0, val_acc: 10.17, acc_loss: 0.0, grad_loss: 4.015740466117859
2022-04-21 02:39:17,705 DEBUG epoch: 269, train_acc: 0.0, val_acc: 10.17, acc_loss: 0.0, grad_loss: 4.015740489959716
2022-04-21 02:39:18,739 DEBUG epoch: 270, train_acc: 0.0, val_acc: 10.17, acc_loss: 0.0, grad_loss: 4.015740370750427
2022-04-21 02:39:19,749 DEBUG epoch: 271, train_acc: 0.0, val_acc: 10.17, acc_loss: 0.0, grad_loss: 4.015740442276001
2022-04-21 02:39:20,764 DEBUG epoch: 272, train_acc: 0.0, val_acc: 10.17, acc_loss: 0.0, grad_loss: 4.015740299224854
2022-04-21 02:39:21,810 DEBUG epoch: 273, train_acc: 0.0, val_acc: 10.17, acc_loss: 0.0, grad_loss: 4.015740370750427
2022-04-21 02:39:22,837 DEBUG epoch: 274, train_acc: 0.0, val_acc: 10.17, acc_loss: 0.0, grad_loss: 4.015740394592285
2022-04-21 02:39:23,852 DEBUG epoch: 275, train_acc: 0.0, val_acc: 10.17, acc_loss: 0.0, grad_loss: 4.0157403469085695
2022-04-21 02:39:24,927 DEBUG epoch: 276, train_acc: 0.0, val_acc: 10.17, acc_loss: 0.0, grad_loss: 4.015740323066711
2022-04-21 02:39:25,932 DEBUG epoch: 277, train_acc: 0.0, val_acc: 10.17, acc_loss: 0.0, grad_loss: 4.015740418434143
2022-04-21 02:39:26,958 DEBUG epoch: 278, train_acc: 0.0, val_acc: 10.17, acc_loss: 0.0, grad_loss: 4.015740442276001
2022-04-21 02:39:27,996 DEBUG epoch: 279, train_acc: 0.0, val_acc: 10.17, acc_loss: 0.0, grad_loss: 4.015740418434143
2022-04-21 02:39:29,022 DEBUG epoch: 280, train_acc: 0.0, val_acc: 10.17, acc_loss: 0.0, grad_loss: 4.015740418434143
2022-04-21 02:39:30,045 DEBUG epoch: 281, train_acc: 0.0, val_acc: 10.17, acc_loss: 0.0, grad_loss: 4.015740466117859
2022-04-21 02:39:31,079 DEBUG epoch: 282, train_acc: 0.0, val_acc: 10.17, acc_loss: 0.0, grad_loss: 4.015740466117859
2022-04-21 02:39:32,093 DEBUG epoch: 283, train_acc: 0.0, val_acc: 10.17, acc_loss: 0.0, grad_loss: 4.015740370750427
2022-04-21 02:39:33,137 DEBUG epoch: 284, train_acc: 0.0, val_acc: 10.17, acc_loss: 0.0, grad_loss: 4.015740323066711
2022-04-21 02:39:34,142 DEBUG epoch: 285, train_acc: 0.0, val_acc: 10.17, acc_loss: 0.0, grad_loss: 4.015740466117859
2022-04-21 02:39:35,186 DEBUG epoch: 286, train_acc: 0.0, val_acc: 10.17, acc_loss: 0.0, grad_loss: 4.015740513801575
2022-04-21 02:39:36,209 DEBUG epoch: 287, train_acc: 0.0, val_acc: 10.17, acc_loss: 0.0, grad_loss: 4.015740537643433
2022-04-21 02:39:37,253 DEBUG epoch: 288, train_acc: 0.0, val_acc: 10.17, acc_loss: 0.0, grad_loss: 4.015740513801575
2022-04-21 02:39:38,313 DEBUG epoch: 289, train_acc: 0.0, val_acc: 10.17, acc_loss: 0.0, grad_loss: 4.015740585327149
2022-04-21 02:39:39,377 DEBUG epoch: 290, train_acc: 0.0, val_acc: 10.17, acc_loss: 0.0, grad_loss: 4.015740394592285
2022-04-21 02:39:40,420 DEBUG epoch: 291, train_acc: 0.0, val_acc: 10.17, acc_loss: 0.0, grad_loss: 4.015740585327149
2022-04-21 02:39:41,464 DEBUG epoch: 292, train_acc: 0.0, val_acc: 10.17, acc_loss: 0.0, grad_loss: 4.015740537643433
2022-04-21 02:39:42,491 DEBUG epoch: 293, train_acc: 0.0, val_acc: 10.17, acc_loss: 0.0, grad_loss: 4.015740513801575
2022-04-21 02:39:43,519 DEBUG epoch: 294, train_acc: 0.0, val_acc: 10.17, acc_loss: 0.0, grad_loss: 4.015740513801575
2022-04-21 02:39:44,525 DEBUG epoch: 295, train_acc: 0.0, val_acc: 10.17, acc_loss: 0.0, grad_loss: 4.015740537643433
2022-04-21 02:39:45,526 DEBUG epoch: 296, train_acc: 0.0, val_acc: 10.17, acc_loss: 0.0, grad_loss: 4.015740513801575
2022-04-21 02:39:46,553 DEBUG epoch: 297, train_acc: 0.0, val_acc: 10.17, acc_loss: 0.0, grad_loss: 4.015740585327149
2022-04-21 02:39:47,570 DEBUG epoch: 298, train_acc: 0.0, val_acc: 10.17, acc_loss: 0.0, grad_loss: 4.015740513801575
2022-04-21 02:39:48,585 DEBUG epoch: 299, train_acc: 0.0, val_acc: 10.17, acc_loss: 0.0, grad_loss: 4.0157403469085695
2022-04-21 02:39:49,610 DEBUG epoch: 300, train_acc: 0.0, val_acc: 10.18, acc_loss: 0.0, grad_loss: 4.015740537643433
2022-04-21 02:39:49,610 DEBUG load best stealed model.
2022-04-21 02:39:49,610 DEBUG Best perform model, val_acc: 10.71, acc_loss: 0.0, grad_loss: 4.015722227096558
2022-04-21 21:41:36,811 DEBUG Namespace(arch='vgg11_bn', attack_client=0, attack_epochs=300, attack_style='GM_option_SVHN', average_time=1, batch_size=128, bottleneck_option='None', cutlayer=4, data_proportion=1.0, dataset='cifar10', filename='ace_V2_epoch_vgg11_bn_cutlayer_4_client_1_seed125_dataset_cifar10_lr_0.05_200epoch', folder='saves/baseline', learning_rate=0.05, noniid_ratio=1.0, num_client=1, num_epochs='best', num_query=1000, random_seed=123, regularization='None', regularization_strength=0.0, scheme='V2_epoch', surrogate_arch='same', test_best=True, train_clas_layer=8.0)
2022-04-21 21:41:40,285 DEBUG Test (client-0):	Loss 0.6165 (0.3623)	Prec@1 81.250 (91.890)
2022-04-21 21:41:40,285 DEBUG  * Prec@1 91.890
2022-04-21 21:41:40,290 DEBUG load 0.weight to surrogate
2022-04-21 21:41:40,290 DEBUG load 0.bias to surrogate
2022-04-21 21:41:40,290 DEBUG load 1.weight to surrogate
2022-04-21 21:41:40,290 DEBUG load 1.bias to surrogate
2022-04-21 21:41:40,290 DEBUG load 1.running_mean to surrogate
2022-04-21 21:41:40,290 DEBUG load 1.running_var to surrogate
2022-04-21 21:41:40,290 DEBUG load 1.num_batches_tracked to surrogate
2022-04-21 21:41:40,295 DEBUG 20
2022-04-21 21:41:40,295 DEBUG 26
2022-04-21 21:41:40,295 DEBUG surrogate parameter has 26 trainable parameters!
2022-04-21 21:41:45,019 DEBUG epoch: 0, val_acc: 8.63, val_fidelity: 8.73
2022-04-21 21:41:46,253 DEBUG epoch: 1, train_acc: 0.0, val_acc: 8.66, fidel_score: 8.78, acc_loss: 0.0, grad_loss: 4.018788754940033
2022-04-21 21:41:47,488 DEBUG epoch: 2, train_acc: 0.0, val_acc: 8.82, fidel_score: 8.98, acc_loss: 0.0, grad_loss: 4.011426508426666
2022-04-21 21:41:48,717 DEBUG epoch: 3, train_acc: 0.0, val_acc: 9.05, fidel_score: 9.22, acc_loss: 0.0, grad_loss: 4.018808811903
2022-04-21 21:41:49,959 DEBUG epoch: 4, train_acc: 0.0, val_acc: 9.29, fidel_score: 9.48, acc_loss: 0.0, grad_loss: 4.013585925102234
2022-04-21 21:41:51,207 DEBUG epoch: 5, train_acc: 0.0, val_acc: 9.3, fidel_score: 9.49, acc_loss: 0.0, grad_loss: 4.014427870512009
2022-04-21 21:41:52,430 DEBUG epoch: 6, train_acc: 0.0, val_acc: 9.46, fidel_score: 9.67, acc_loss: 0.0, grad_loss: 4.0188495218753815
2022-04-21 21:41:53,671 DEBUG epoch: 7, train_acc: 0.0, val_acc: 9.6, fidel_score: 9.84, acc_loss: 0.0, grad_loss: 4.017059177160263
2022-04-21 21:41:54,913 DEBUG epoch: 8, train_acc: 0.0, val_acc: 9.68, fidel_score: 9.91, acc_loss: 0.0, grad_loss: 4.018717348575592
2022-04-21 21:41:56,146 DEBUG epoch: 9, train_acc: 0.0, val_acc: 9.79, fidel_score: 10.02, acc_loss: 0.0, grad_loss: 4.0212249755859375
2022-04-21 21:41:57,375 DEBUG epoch: 10, train_acc: 0.0, val_acc: 9.87, fidel_score: 10.11, acc_loss: 0.0, grad_loss: 4.021541595458984
2022-04-21 21:41:58,608 DEBUG epoch: 11, train_acc: 0.0, val_acc: 9.9, fidel_score: 10.14, acc_loss: 0.0, grad_loss: 4.011745721101761
2022-04-21 21:41:59,839 DEBUG epoch: 12, train_acc: 0.0, val_acc: 9.92, fidel_score: 10.17, acc_loss: 0.0, grad_loss: 4.022082835435867
2022-04-21 21:42:01,068 DEBUG epoch: 13, train_acc: 0.0, val_acc: 9.94, fidel_score: 10.19, acc_loss: 0.0, grad_loss: 4.023878782987595
2022-04-21 21:42:02,298 DEBUG epoch: 14, train_acc: 0.0, val_acc: 9.93, fidel_score: 10.18, acc_loss: 0.0, grad_loss: 4.0170997977256775
2022-04-21 21:42:03,533 DEBUG epoch: 15, train_acc: 0.0, val_acc: 9.97, fidel_score: 10.21, acc_loss: 0.0, grad_loss: 4.026162385940552
2022-04-21 21:42:04,770 DEBUG epoch: 16, train_acc: 0.0, val_acc: 9.99, fidel_score: 10.22, acc_loss: 0.0, grad_loss: 4.015671819448471
2022-04-21 21:42:06,000 DEBUG epoch: 17, train_acc: 0.0, val_acc: 9.99, fidel_score: 10.22, acc_loss: 0.0, grad_loss: 4.013075739145279
2022-04-21 21:42:07,240 DEBUG epoch: 18, train_acc: 0.0, val_acc: 9.99, fidel_score: 10.22, acc_loss: 0.0, grad_loss: 4.018956542015076
2022-04-21 21:42:08,467 DEBUG epoch: 19, train_acc: 0.0, val_acc: 10.0, fidel_score: 10.23, acc_loss: 0.0, grad_loss: 4.021651357412338
2022-04-21 21:42:09,723 DEBUG epoch: 20, train_acc: 0.0, val_acc: 10.0, fidel_score: 10.23, acc_loss: 0.0, grad_loss: 4.012533992528915
2022-04-21 21:42:10,960 DEBUG epoch: 21, train_acc: 0.0, val_acc: 10.0, fidel_score: 10.23, acc_loss: 0.0, grad_loss: 4.017833322286606
2022-04-21 21:42:12,199 DEBUG epoch: 22, train_acc: 0.0, val_acc: 10.0, fidel_score: 10.23, acc_loss: 0.0, grad_loss: 4.019652485847473
2022-04-21 21:42:13,444 DEBUG epoch: 23, train_acc: 0.0, val_acc: 10.0, fidel_score: 10.23, acc_loss: 0.0, grad_loss: 4.012578845024109
2022-04-21 21:42:14,697 DEBUG epoch: 24, train_acc: 0.0, val_acc: 10.0, fidel_score: 10.23, acc_loss: 0.0, grad_loss: 4.020199835300446
2022-04-21 21:42:15,930 DEBUG epoch: 25, train_acc: 0.0, val_acc: 10.0, fidel_score: 10.23, acc_loss: 0.0, grad_loss: 4.014338105916977
2022-04-21 21:42:17,161 DEBUG epoch: 26, train_acc: 0.0, val_acc: 10.0, fidel_score: 10.23, acc_loss: 0.0, grad_loss: 4.02054551243782
2022-04-21 21:42:18,389 DEBUG epoch: 27, train_acc: 0.0, val_acc: 10.0, fidel_score: 10.23, acc_loss: 0.0, grad_loss: 4.0142514407634735
2022-04-21 21:42:19,619 DEBUG epoch: 28, train_acc: 0.0, val_acc: 10.0, fidel_score: 10.23, acc_loss: 0.0, grad_loss: 4.010933369398117
2022-04-21 21:42:20,858 DEBUG epoch: 29, train_acc: 0.0, val_acc: 10.0, fidel_score: 10.23, acc_loss: 0.0, grad_loss: 4.008775860071182
2022-04-21 21:42:22,091 DEBUG epoch: 30, train_acc: 0.0, val_acc: 10.0, fidel_score: 10.23, acc_loss: 0.0, grad_loss: 4.024195641279221
2022-04-21 21:42:23,324 DEBUG epoch: 31, train_acc: 0.0, val_acc: 10.0, fidel_score: 10.23, acc_loss: 0.0, grad_loss: 4.006075173616409
2022-04-21 21:42:24,556 DEBUG epoch: 32, train_acc: 0.0, val_acc: 10.0, fidel_score: 10.23, acc_loss: 0.0, grad_loss: 4.012906730175018
2022-04-21 21:42:25,781 DEBUG epoch: 33, train_acc: 0.0, val_acc: 10.0, fidel_score: 10.23, acc_loss: 0.0, grad_loss: 4.015965968370438
2022-04-21 21:42:27,018 DEBUG epoch: 34, train_acc: 0.0, val_acc: 10.0, fidel_score: 10.23, acc_loss: 0.0, grad_loss: 4.014782667160034
2022-04-21 21:42:28,253 DEBUG epoch: 35, train_acc: 0.0, val_acc: 10.0, fidel_score: 10.23, acc_loss: 0.0, grad_loss: 4.015247583389282
2022-04-21 21:42:29,493 DEBUG epoch: 36, train_acc: 0.0, val_acc: 10.0, fidel_score: 10.23, acc_loss: 0.0, grad_loss: 4.012864768505096
2022-04-21 21:42:30,741 DEBUG epoch: 37, train_acc: 0.0, val_acc: 10.0, fidel_score: 10.23, acc_loss: 0.0, grad_loss: 4.014172047376633
2022-04-21 21:42:31,976 DEBUG epoch: 38, train_acc: 0.0, val_acc: 10.0, fidel_score: 10.23, acc_loss: 0.0, grad_loss: 4.021488815546036
2022-04-21 21:42:33,208 DEBUG epoch: 39, train_acc: 0.0, val_acc: 10.0, fidel_score: 10.23, acc_loss: 0.0, grad_loss: 4.014993995428085
2022-04-21 21:42:34,445 DEBUG epoch: 40, train_acc: 0.0, val_acc: 10.0, fidel_score: 10.23, acc_loss: 0.0, grad_loss: 4.021216303110123
2022-04-21 21:42:35,695 DEBUG epoch: 41, train_acc: 0.0, val_acc: 10.0, fidel_score: 10.23, acc_loss: 0.0, grad_loss: 4.012983709573746
2022-04-21 21:42:36,936 DEBUG epoch: 42, train_acc: 0.0, val_acc: 10.0, fidel_score: 10.23, acc_loss: 0.0, grad_loss: 4.0134758949279785
2022-04-21 21:42:38,168 DEBUG epoch: 43, train_acc: 0.0, val_acc: 10.0, fidel_score: 10.23, acc_loss: 0.0, grad_loss: 4.011456727981567
2022-04-21 21:42:39,409 DEBUG epoch: 44, train_acc: 0.0, val_acc: 10.0, fidel_score: 10.23, acc_loss: 0.0, grad_loss: 4.013129234313965
2022-04-21 21:42:40,651 DEBUG epoch: 45, train_acc: 0.0, val_acc: 10.0, fidel_score: 10.23, acc_loss: 0.0, grad_loss: 4.019169747829437
2022-04-21 21:42:41,879 DEBUG epoch: 46, train_acc: 0.0, val_acc: 10.0, fidel_score: 10.23, acc_loss: 0.0, grad_loss: 4.01736307144165
2022-04-21 21:42:43,114 DEBUG epoch: 47, train_acc: 0.0, val_acc: 10.01, fidel_score: 10.23, acc_loss: 0.0, grad_loss: 4.015739262104034
2022-04-21 21:42:44,349 DEBUG epoch: 48, train_acc: 0.0, val_acc: 10.01, fidel_score: 10.23, acc_loss: 0.0, grad_loss: 4.014705121517181
2022-04-21 21:42:45,593 DEBUG epoch: 49, train_acc: 0.0, val_acc: 10.01, fidel_score: 10.23, acc_loss: 0.0, grad_loss: 4.0204229056835175
2022-04-21 21:42:46,826 DEBUG epoch: 50, train_acc: 0.0, val_acc: 10.01, fidel_score: 10.23, acc_loss: 0.0, grad_loss: 4.0205188393592834
2022-04-21 21:42:48,055 DEBUG epoch: 51, train_acc: 0.0, val_acc: 10.03, fidel_score: 10.24, acc_loss: 0.0, grad_loss: 4.012659400701523
2022-04-21 21:42:49,306 DEBUG epoch: 52, train_acc: 0.0, val_acc: 10.04, fidel_score: 10.25, acc_loss: 0.0, grad_loss: 4.009232312440872
2022-04-21 21:42:50,540 DEBUG epoch: 53, train_acc: 0.0, val_acc: 10.06, fidel_score: 10.27, acc_loss: 0.0, grad_loss: 4.018298268318176
2022-04-21 21:42:51,764 DEBUG epoch: 54, train_acc: 0.0, val_acc: 10.06, fidel_score: 10.29, acc_loss: 0.0, grad_loss: 4.016627281904221
2022-04-21 21:42:53,004 DEBUG epoch: 55, train_acc: 0.0, val_acc: 10.08, fidel_score: 10.33, acc_loss: 0.0, grad_loss: 4.0119123458862305
2022-04-21 21:42:54,245 DEBUG epoch: 56, train_acc: 0.0, val_acc: 10.12, fidel_score: 10.36, acc_loss: 0.0, grad_loss: 4.009702742099762
2022-04-21 21:42:55,497 DEBUG epoch: 57, train_acc: 0.0, val_acc: 10.17, fidel_score: 10.43, acc_loss: 0.0, grad_loss: 4.008636504411697
2022-04-21 21:42:56,728 DEBUG epoch: 58, train_acc: 0.0, val_acc: 10.19, fidel_score: 10.44, acc_loss: 0.0, grad_loss: 4.015706837177277
2022-04-21 21:42:57,969 DEBUG epoch: 59, train_acc: 0.0, val_acc: 10.23, fidel_score: 10.49, acc_loss: 0.0, grad_loss: 4.016979932785034
2022-04-21 21:42:59,211 DEBUG epoch: 60, train_acc: 0.0, val_acc: 10.25, fidel_score: 10.51, acc_loss: 0.0, grad_loss: 4.016968935728073
2022-04-21 21:43:00,448 DEBUG epoch: 61, train_acc: 0.0, val_acc: 10.24, fidel_score: 10.5, acc_loss: 0.0, grad_loss: 4.014933943748474
2022-04-21 21:43:01,685 DEBUG epoch: 62, train_acc: 0.0, val_acc: 10.26, fidel_score: 10.51, acc_loss: 0.0, grad_loss: 4.0178515911102295
2022-04-21 21:43:02,920 DEBUG epoch: 63, train_acc: 0.0, val_acc: 10.26, fidel_score: 10.5, acc_loss: 0.0, grad_loss: 4.012862265110016
2022-04-21 21:43:04,183 DEBUG epoch: 64, train_acc: 0.0, val_acc: 10.3, fidel_score: 10.54, acc_loss: 0.0, grad_loss: 4.015282779932022
2022-04-21 21:43:05,443 DEBUG epoch: 65, train_acc: 0.0, val_acc: 10.31, fidel_score: 10.55, acc_loss: 0.0, grad_loss: 4.011455208063126
2022-04-21 21:43:06,689 DEBUG epoch: 66, train_acc: 0.0, val_acc: 10.31, fidel_score: 10.55, acc_loss: 0.0, grad_loss: 4.012965708971024
2022-04-21 21:43:07,932 DEBUG epoch: 67, train_acc: 0.0, val_acc: 10.32, fidel_score: 10.56, acc_loss: 0.0, grad_loss: 4.027431964874268
2022-04-21 21:43:09,164 DEBUG epoch: 68, train_acc: 0.0, val_acc: 10.33, fidel_score: 10.57, acc_loss: 0.0, grad_loss: 4.022104024887085
2022-04-21 21:43:10,394 DEBUG epoch: 69, train_acc: 0.0, val_acc: 10.34, fidel_score: 10.59, acc_loss: 0.0, grad_loss: 4.015691846609116
2022-04-21 21:43:11,625 DEBUG epoch: 70, train_acc: 0.0, val_acc: 10.35, fidel_score: 10.6, acc_loss: 0.0, grad_loss: 4.0113429725170135
2022-04-21 21:43:12,866 DEBUG epoch: 71, train_acc: 0.0, val_acc: 10.39, fidel_score: 10.64, acc_loss: 0.0, grad_loss: 4.020567238330841
2022-04-21 21:43:14,103 DEBUG epoch: 72, train_acc: 0.0, val_acc: 10.4, fidel_score: 10.65, acc_loss: 0.0, grad_loss: 4.020384043455124
2022-04-21 21:43:15,345 DEBUG epoch: 73, train_acc: 0.0, val_acc: 10.42, fidel_score: 10.67, acc_loss: 0.0, grad_loss: 4.018224328756332
2022-04-21 21:43:16,593 DEBUG epoch: 74, train_acc: 0.0, val_acc: 10.43, fidel_score: 10.69, acc_loss: 0.0, grad_loss: 4.014385133981705
2022-04-21 21:43:17,824 DEBUG epoch: 75, train_acc: 0.0, val_acc: 10.42, fidel_score: 10.68, acc_loss: 0.0, grad_loss: 4.017911791801453
2022-04-21 21:43:19,052 DEBUG epoch: 76, train_acc: 0.0, val_acc: 10.4, fidel_score: 10.67, acc_loss: 0.0, grad_loss: 4.013797283172607
2022-04-21 21:43:20,296 DEBUG epoch: 77, train_acc: 0.0, val_acc: 10.39, fidel_score: 10.66, acc_loss: 0.0, grad_loss: 4.005927234888077
2022-04-21 21:43:21,533 DEBUG epoch: 78, train_acc: 0.0, val_acc: 10.37, fidel_score: 10.64, acc_loss: 0.0, grad_loss: 4.014472484588623
2022-04-21 21:43:22,775 DEBUG epoch: 79, train_acc: 0.0, val_acc: 10.4, fidel_score: 10.67, acc_loss: 0.0, grad_loss: 4.01837757229805
2022-04-21 21:43:24,030 DEBUG epoch: 80, train_acc: 0.0, val_acc: 10.43, fidel_score: 10.7, acc_loss: 0.0, grad_loss: 4.0163633823394775
2022-04-21 21:43:25,269 DEBUG epoch: 81, train_acc: 0.0, val_acc: 10.43, fidel_score: 10.71, acc_loss: 0.0, grad_loss: 4.01636603474617
2022-04-21 21:43:26,500 DEBUG epoch: 82, train_acc: 0.0, val_acc: 10.42, fidel_score: 10.7, acc_loss: 0.0, grad_loss: 4.014505445957184
2022-04-21 21:43:27,744 DEBUG epoch: 83, train_acc: 0.0, val_acc: 10.42, fidel_score: 10.7, acc_loss: 0.0, grad_loss: 4.019533932209015
2022-04-21 21:43:28,981 DEBUG epoch: 84, train_acc: 0.0, val_acc: 10.42, fidel_score: 10.69, acc_loss: 0.0, grad_loss: 4.016160637140274
2022-04-21 21:43:30,229 DEBUG epoch: 85, train_acc: 0.0, val_acc: 10.38, fidel_score: 10.65, acc_loss: 0.0, grad_loss: 4.016255766153336
2022-04-21 21:43:31,456 DEBUG epoch: 86, train_acc: 0.0, val_acc: 10.37, fidel_score: 10.64, acc_loss: 0.0, grad_loss: 4.0162845849990845
2022-04-21 21:43:32,682 DEBUG epoch: 87, train_acc: 0.0, val_acc: 10.37, fidel_score: 10.64, acc_loss: 0.0, grad_loss: 4.014638990163803
2022-04-21 21:43:33,922 DEBUG epoch: 88, train_acc: 0.0, val_acc: 10.37, fidel_score: 10.64, acc_loss: 0.0, grad_loss: 4.0120512545108795
2022-04-21 21:43:35,158 DEBUG epoch: 89, train_acc: 0.0, val_acc: 10.41, fidel_score: 10.67, acc_loss: 0.0, grad_loss: 4.011206805706024
2022-04-21 21:43:36,412 DEBUG epoch: 90, train_acc: 0.0, val_acc: 10.44, fidel_score: 10.7, acc_loss: 0.0, grad_loss: 4.018921464681625
2022-04-21 21:43:37,646 DEBUG epoch: 91, train_acc: 0.0, val_acc: 10.46, fidel_score: 10.73, acc_loss: 0.0, grad_loss: 4.015838474035263
2022-04-21 21:43:38,873 DEBUG epoch: 92, train_acc: 0.0, val_acc: 10.47, fidel_score: 10.73, acc_loss: 0.0, grad_loss: 4.017745852470398
2022-04-21 21:43:40,123 DEBUG epoch: 93, train_acc: 0.0, val_acc: 10.5, fidel_score: 10.76, acc_loss: 0.0, grad_loss: 4.012217432260513
2022-04-21 21:43:41,356 DEBUG epoch: 94, train_acc: 0.0, val_acc: 10.5, fidel_score: 10.77, acc_loss: 0.0, grad_loss: 4.013405948877335
2022-04-21 21:43:42,599 DEBUG epoch: 95, train_acc: 0.0, val_acc: 10.52, fidel_score: 10.8, acc_loss: 0.0, grad_loss: 4.0148746073246
2022-04-21 21:43:43,827 DEBUG epoch: 96, train_acc: 0.0, val_acc: 10.5, fidel_score: 10.79, acc_loss: 0.0, grad_loss: 4.0099440813064575
2022-04-21 21:43:45,063 DEBUG epoch: 97, train_acc: 0.0, val_acc: 10.52, fidel_score: 10.83, acc_loss: 0.0, grad_loss: 4.019568890333176
2022-04-21 21:43:46,294 DEBUG epoch: 98, train_acc: 0.0, val_acc: 10.52, fidel_score: 10.83, acc_loss: 0.0, grad_loss: 4.010822534561157
2022-04-21 21:43:47,513 DEBUG epoch: 99, train_acc: 0.0, val_acc: 10.55, fidel_score: 10.86, acc_loss: 0.0, grad_loss: 4.014020562171936
2022-04-21 21:43:48,753 DEBUG epoch: 100, train_acc: 0.0, val_acc: 10.51, fidel_score: 10.83, acc_loss: 0.0, grad_loss: 4.017299503087997
2022-04-21 21:43:49,989 DEBUG epoch: 101, train_acc: 0.0, val_acc: 10.49, fidel_score: 10.82, acc_loss: 0.0, grad_loss: 4.017103910446167
2022-04-21 21:43:51,226 DEBUG epoch: 102, train_acc: 0.0, val_acc: 10.52, fidel_score: 10.85, acc_loss: 0.0, grad_loss: 4.016951322555542
2022-04-21 21:43:52,485 DEBUG epoch: 103, train_acc: 0.0, val_acc: 10.55, fidel_score: 10.87, acc_loss: 0.0, grad_loss: 4.017973095178604
2022-04-21 21:43:53,730 DEBUG epoch: 104, train_acc: 0.0, val_acc: 10.48, fidel_score: 10.8, acc_loss: 0.0, grad_loss: 4.018215328454971
2022-04-21 21:43:54,966 DEBUG epoch: 105, train_acc: 0.0, val_acc: 10.44, fidel_score: 10.76, acc_loss: 0.0, grad_loss: 4.010303258895874
2022-04-21 21:43:56,230 DEBUG epoch: 106, train_acc: 0.0, val_acc: 10.48, fidel_score: 10.8, acc_loss: 0.0, grad_loss: 4.0205495953559875
2022-04-21 21:43:57,475 DEBUG epoch: 107, train_acc: 0.0, val_acc: 10.49, fidel_score: 10.83, acc_loss: 0.0, grad_loss: 4.012046366930008
2022-04-21 21:43:58,713 DEBUG epoch: 108, train_acc: 0.0, val_acc: 10.54, fidel_score: 10.86, acc_loss: 0.0, grad_loss: 4.010591685771942
2022-04-21 21:43:59,960 DEBUG epoch: 109, train_acc: 0.0, val_acc: 10.61, fidel_score: 10.91, acc_loss: 0.0, grad_loss: 4.012655824422836
2022-04-21 21:44:01,201 DEBUG epoch: 110, train_acc: 0.0, val_acc: 10.59, fidel_score: 10.89, acc_loss: 0.0, grad_loss: 4.018158167600632
2022-04-21 21:44:02,433 DEBUG epoch: 111, train_acc: 0.0, val_acc: 10.57, fidel_score: 10.87, acc_loss: 0.0, grad_loss: 4.017140060663223
2022-04-21 21:44:03,686 DEBUG epoch: 112, train_acc: 0.0, val_acc: 10.56, fidel_score: 10.83, acc_loss: 0.0, grad_loss: 4.01959890127182
2022-04-21 21:44:04,928 DEBUG epoch: 113, train_acc: 0.0, val_acc: 10.52, fidel_score: 10.81, acc_loss: 0.0, grad_loss: 4.014881819486618
2022-04-21 21:44:06,181 DEBUG epoch: 114, train_acc: 0.0, val_acc: 10.55, fidel_score: 10.83, acc_loss: 0.0, grad_loss: 4.01880207657814
2022-04-21 21:44:07,417 DEBUG epoch: 115, train_acc: 0.0, val_acc: 10.59, fidel_score: 10.87, acc_loss: 0.0, grad_loss: 4.011677712202072
2022-04-21 21:44:08,662 DEBUG epoch: 116, train_acc: 0.0, val_acc: 10.62, fidel_score: 10.9, acc_loss: 0.0, grad_loss: 4.015986621379852
2022-04-21 21:44:09,892 DEBUG epoch: 117, train_acc: 0.0, val_acc: 10.6, fidel_score: 10.88, acc_loss: 0.0, grad_loss: 4.0188751220703125
2022-04-21 21:44:11,126 DEBUG epoch: 118, train_acc: 0.0, val_acc: 10.64, fidel_score: 10.91, acc_loss: 0.0, grad_loss: 4.014355927705765
2022-04-21 21:44:12,373 DEBUG epoch: 119, train_acc: 0.0, val_acc: 10.66, fidel_score: 10.93, acc_loss: 0.0, grad_loss: 4.019171714782715
2022-04-21 21:44:13,639 DEBUG epoch: 120, train_acc: 0.0, val_acc: 10.66, fidel_score: 10.93, acc_loss: 0.0, grad_loss: 4.025130122900009
2022-04-21 21:44:14,873 DEBUG epoch: 121, train_acc: 0.0, val_acc: 10.71, fidel_score: 10.99, acc_loss: 0.0, grad_loss: 4.012244343757629
2022-04-21 21:44:16,107 DEBUG epoch: 122, train_acc: 0.0, val_acc: 10.69, fidel_score: 10.97, acc_loss: 0.0, grad_loss: 4.012214243412018
2022-04-21 21:44:17,363 DEBUG epoch: 123, train_acc: 0.0, val_acc: 10.78, fidel_score: 11.05, acc_loss: 0.0, grad_loss: 4.013050377368927
2022-04-21 21:44:18,600 DEBUG epoch: 124, train_acc: 0.0, val_acc: 10.75, fidel_score: 11.03, acc_loss: 0.0, grad_loss: 4.01521110534668
2022-04-21 21:44:19,852 DEBUG epoch: 125, train_acc: 0.0, val_acc: 10.74, fidel_score: 11.02, acc_loss: 0.0, grad_loss: 4.010364413261414
2022-04-21 21:44:21,104 DEBUG epoch: 126, train_acc: 0.0, val_acc: 10.7, fidel_score: 11.01, acc_loss: 0.0, grad_loss: 4.015912890434265
2022-04-21 21:44:22,353 DEBUG epoch: 127, train_acc: 0.0, val_acc: 10.68, fidel_score: 11.0, acc_loss: 0.0, grad_loss: 4.014230102300644
2022-04-21 21:44:23,585 DEBUG epoch: 128, train_acc: 0.0, val_acc: 10.69, fidel_score: 10.99, acc_loss: 0.0, grad_loss: 4.018556922674179
2022-04-21 21:44:24,825 DEBUG epoch: 129, train_acc: 0.0, val_acc: 10.72, fidel_score: 11.01, acc_loss: 0.0, grad_loss: 4.0147788524627686
2022-04-21 21:44:26,055 DEBUG epoch: 130, train_acc: 0.0, val_acc: 10.72, fidel_score: 11.02, acc_loss: 0.0, grad_loss: 4.018326431512833
2022-04-21 21:44:27,285 DEBUG epoch: 131, train_acc: 0.0, val_acc: 10.72, fidel_score: 11.01, acc_loss: 0.0, grad_loss: 4.011495679616928
2022-04-21 21:44:28,527 DEBUG epoch: 132, train_acc: 0.0, val_acc: 10.69, fidel_score: 10.96, acc_loss: 0.0, grad_loss: 4.016721218824387
2022-04-21 21:44:29,783 DEBUG epoch: 133, train_acc: 0.0, val_acc: 10.72, fidel_score: 10.99, acc_loss: 0.0, grad_loss: 4.018864929676056
2022-04-21 21:44:31,017 DEBUG epoch: 134, train_acc: 0.0, val_acc: 10.73, fidel_score: 10.99, acc_loss: 0.0, grad_loss: 4.018200546503067
2022-04-21 21:44:32,261 DEBUG epoch: 135, train_acc: 0.0, val_acc: 10.74, fidel_score: 11.0, acc_loss: 0.0, grad_loss: 4.014024347066879
2022-04-21 21:44:33,474 DEBUG epoch: 136, train_acc: 0.0, val_acc: 10.69, fidel_score: 10.94, acc_loss: 0.0, grad_loss: 4.01945686340332
2022-04-21 21:44:34,703 DEBUG epoch: 137, train_acc: 0.0, val_acc: 10.65, fidel_score: 10.89, acc_loss: 0.0, grad_loss: 4.014295220375061
2022-04-21 21:44:35,935 DEBUG epoch: 138, train_acc: 0.0, val_acc: 10.64, fidel_score: 10.86, acc_loss: 0.0, grad_loss: 4.012401312589645
2022-04-21 21:44:37,161 DEBUG epoch: 139, train_acc: 0.0, val_acc: 10.64, fidel_score: 10.87, acc_loss: 0.0, grad_loss: 4.0117902755737305
2022-04-21 21:44:38,405 DEBUG epoch: 140, train_acc: 0.0, val_acc: 10.65, fidel_score: 10.88, acc_loss: 0.0, grad_loss: 4.020859509706497
2022-04-21 21:44:39,641 DEBUG epoch: 141, train_acc: 0.0, val_acc: 10.69, fidel_score: 10.91, acc_loss: 0.0, grad_loss: 4.014794141054153
2022-04-21 21:44:40,878 DEBUG epoch: 142, train_acc: 0.0, val_acc: 10.66, fidel_score: 10.88, acc_loss: 0.0, grad_loss: 4.018427401781082
2022-04-21 21:44:42,119 DEBUG epoch: 143, train_acc: 0.0, val_acc: 10.68, fidel_score: 10.91, acc_loss: 0.0, grad_loss: 4.015726536512375
2022-04-21 21:44:43,349 DEBUG epoch: 144, train_acc: 0.0, val_acc: 10.67, fidel_score: 10.91, acc_loss: 0.0, grad_loss: 4.016298979520798
2022-04-21 21:44:44,591 DEBUG epoch: 145, train_acc: 0.0, val_acc: 10.68, fidel_score: 10.93, acc_loss: 0.0, grad_loss: 4.016707062721252
2022-04-21 21:44:45,813 DEBUG epoch: 146, train_acc: 0.0, val_acc: 10.67, fidel_score: 10.89, acc_loss: 0.0, grad_loss: 4.019498765468597
2022-04-21 21:44:47,048 DEBUG epoch: 147, train_acc: 0.0, val_acc: 10.67, fidel_score: 10.89, acc_loss: 0.0, grad_loss: 4.013077437877655
2022-04-21 21:44:48,283 DEBUG epoch: 148, train_acc: 0.0, val_acc: 10.69, fidel_score: 10.9, acc_loss: 0.0, grad_loss: 4.011524707078934
2022-04-21 21:44:49,521 DEBUG epoch: 149, train_acc: 0.0, val_acc: 10.7, fidel_score: 10.9, acc_loss: 0.0, grad_loss: 4.010499954223633
2022-04-21 21:44:50,758 DEBUG epoch: 150, train_acc: 0.0, val_acc: 10.7, fidel_score: 10.9, acc_loss: 0.0, grad_loss: 4.010716557502747
2022-04-21 21:44:52,003 DEBUG epoch: 151, train_acc: 0.0, val_acc: 10.66, fidel_score: 10.86, acc_loss: 0.0, grad_loss: 4.022624343633652
2022-04-21 21:44:53,243 DEBUG epoch: 152, train_acc: 0.0, val_acc: 10.6, fidel_score: 10.81, acc_loss: 0.0, grad_loss: 4.013970762491226
2022-04-21 21:44:54,488 DEBUG epoch: 153, train_acc: 0.0, val_acc: 10.59, fidel_score: 10.8, acc_loss: 0.0, grad_loss: 4.020332843065262
2022-04-21 21:44:55,736 DEBUG epoch: 154, train_acc: 0.0, val_acc: 10.6, fidel_score: 10.81, acc_loss: 0.0, grad_loss: 4.020622193813324
2022-04-21 21:44:56,966 DEBUG epoch: 155, train_acc: 0.0, val_acc: 10.61, fidel_score: 10.82, acc_loss: 0.0, grad_loss: 4.013128340244293
2022-04-21 21:44:58,223 DEBUG epoch: 156, train_acc: 0.0, val_acc: 10.61, fidel_score: 10.82, acc_loss: 0.0, grad_loss: 4.028255224227905
2022-04-21 21:44:59,476 DEBUG epoch: 157, train_acc: 0.0, val_acc: 10.63, fidel_score: 10.84, acc_loss: 0.0, grad_loss: 4.012956202030182
2022-04-21 21:45:00,722 DEBUG epoch: 158, train_acc: 0.0, val_acc: 10.61, fidel_score: 10.81, acc_loss: 0.0, grad_loss: 4.018315762281418
2022-04-21 21:45:01,967 DEBUG epoch: 159, train_acc: 0.0, val_acc: 10.61, fidel_score: 10.81, acc_loss: 0.0, grad_loss: 4.011733114719391
2022-04-21 21:45:03,218 DEBUG epoch: 160, train_acc: 0.0, val_acc: 10.62, fidel_score: 10.84, acc_loss: 0.0, grad_loss: 4.016392260789871
2022-04-21 21:45:04,460 DEBUG epoch: 161, train_acc: 0.0, val_acc: 10.56, fidel_score: 10.78, acc_loss: 0.0, grad_loss: 4.016108214855194
2022-04-21 21:45:05,694 DEBUG epoch: 162, train_acc: 0.0, val_acc: 10.62, fidel_score: 10.84, acc_loss: 0.0, grad_loss: 4.0110116600990295
2022-04-21 21:45:06,939 DEBUG epoch: 163, train_acc: 0.0, val_acc: 10.59, fidel_score: 10.81, acc_loss: 0.0, grad_loss: 4.018592715263367
2022-04-21 21:45:08,200 DEBUG epoch: 164, train_acc: 0.0, val_acc: 10.58, fidel_score: 10.8, acc_loss: 0.0, grad_loss: 4.017610609531403
2022-04-21 21:45:09,445 DEBUG epoch: 165, train_acc: 0.0, val_acc: 10.56, fidel_score: 10.77, acc_loss: 0.0, grad_loss: 4.014844685792923
2022-04-21 21:45:10,688 DEBUG epoch: 166, train_acc: 0.0, val_acc: 10.57, fidel_score: 10.78, acc_loss: 0.0, grad_loss: 4.013963282108307
2022-04-21 21:45:11,925 DEBUG epoch: 167, train_acc: 0.0, val_acc: 10.58, fidel_score: 10.8, acc_loss: 0.0, grad_loss: 4.013079196214676
2022-04-21 21:45:13,160 DEBUG epoch: 168, train_acc: 0.0, val_acc: 10.55, fidel_score: 10.78, acc_loss: 0.0, grad_loss: 4.014014005661011
2022-04-21 21:45:14,389 DEBUG epoch: 169, train_acc: 0.0, val_acc: 10.55, fidel_score: 10.78, acc_loss: 0.0, grad_loss: 4.021367400884628
2022-04-21 21:45:15,609 DEBUG epoch: 170, train_acc: 0.0, val_acc: 10.53, fidel_score: 10.76, acc_loss: 0.0, grad_loss: 4.0233712792396545
2022-04-21 21:45:16,862 DEBUG epoch: 171, train_acc: 0.0, val_acc: 10.51, fidel_score: 10.73, acc_loss: 0.0, grad_loss: 4.018517971038818
2022-04-21 21:45:18,096 DEBUG epoch: 172, train_acc: 0.0, val_acc: 10.51, fidel_score: 10.73, acc_loss: 0.0, grad_loss: 4.015322118997574
2022-04-21 21:45:19,320 DEBUG epoch: 173, train_acc: 0.0, val_acc: 10.51, fidel_score: 10.73, acc_loss: 0.0, grad_loss: 4.01554536819458
2022-04-21 21:45:20,562 DEBUG epoch: 174, train_acc: 0.0, val_acc: 10.52, fidel_score: 10.74, acc_loss: 0.0, grad_loss: 4.019466757774353
2022-04-21 21:45:21,803 DEBUG epoch: 175, train_acc: 0.0, val_acc: 10.52, fidel_score: 10.74, acc_loss: 0.0, grad_loss: 4.016271233558655
2022-04-21 21:45:23,033 DEBUG epoch: 176, train_acc: 0.0, val_acc: 10.52, fidel_score: 10.74, acc_loss: 0.0, grad_loss: 4.0156407952308655
2022-04-21 21:45:24,278 DEBUG epoch: 177, train_acc: 0.0, val_acc: 10.51, fidel_score: 10.72, acc_loss: 0.0, grad_loss: 4.017362296581268
2022-04-21 21:45:25,520 DEBUG epoch: 178, train_acc: 0.0, val_acc: 10.52, fidel_score: 10.72, acc_loss: 0.0, grad_loss: 4.0188223123550415
2022-04-21 21:45:26,758 DEBUG epoch: 179, train_acc: 0.0, val_acc: 10.51, fidel_score: 10.71, acc_loss: 0.0, grad_loss: 4.022196292877197
2022-04-21 21:45:27,986 DEBUG epoch: 180, train_acc: 0.0, val_acc: 10.49, fidel_score: 10.7, acc_loss: 0.0, grad_loss: 4.016471117734909
2022-04-21 21:45:29,240 DEBUG epoch: 181, train_acc: 0.0, val_acc: 10.49, fidel_score: 10.7, acc_loss: 0.0, grad_loss: 4.017266690731049
2022-04-21 21:45:30,482 DEBUG epoch: 182, train_acc: 0.0, val_acc: 10.49, fidel_score: 10.7, acc_loss: 0.0, grad_loss: 4.018574148416519
2022-04-21 21:45:31,732 DEBUG epoch: 183, train_acc: 0.0, val_acc: 10.46, fidel_score: 10.67, acc_loss: 0.0, grad_loss: 4.0110204219818115
2022-04-21 21:45:32,991 DEBUG epoch: 184, train_acc: 0.0, val_acc: 10.45, fidel_score: 10.65, acc_loss: 0.0, grad_loss: 4.014938473701477
2022-04-21 21:45:34,226 DEBUG epoch: 185, train_acc: 0.0, val_acc: 10.42, fidel_score: 10.62, acc_loss: 0.0, grad_loss: 4.02157524228096
2022-04-21 21:45:35,460 DEBUG epoch: 186, train_acc: 0.0, val_acc: 10.43, fidel_score: 10.66, acc_loss: 0.0, grad_loss: 4.0147033631801605
2022-04-21 21:45:36,706 DEBUG epoch: 187, train_acc: 0.0, val_acc: 10.44, fidel_score: 10.68, acc_loss: 0.0, grad_loss: 4.015209525823593
2022-04-21 21:45:37,951 DEBUG epoch: 188, train_acc: 0.0, val_acc: 10.45, fidel_score: 10.68, acc_loss: 0.0, grad_loss: 4.0227369368076324
2022-04-21 21:45:39,192 DEBUG epoch: 189, train_acc: 0.0, val_acc: 10.43, fidel_score: 10.68, acc_loss: 0.0, grad_loss: 4.017021417617798
2022-04-21 21:45:40,430 DEBUG epoch: 190, train_acc: 0.0, val_acc: 10.42, fidel_score: 10.67, acc_loss: 0.0, grad_loss: 4.011257767677307
2022-04-21 21:45:41,671 DEBUG epoch: 191, train_acc: 0.0, val_acc: 10.42, fidel_score: 10.65, acc_loss: 0.0, grad_loss: 4.011986076831818
2022-04-21 21:45:42,906 DEBUG epoch: 192, train_acc: 0.0, val_acc: 10.44, fidel_score: 10.68, acc_loss: 0.0, grad_loss: 4.017040848731995
2022-04-21 21:45:44,145 DEBUG epoch: 193, train_acc: 0.0, val_acc: 10.43, fidel_score: 10.67, acc_loss: 0.0, grad_loss: 4.021154314279556
2022-04-21 21:45:45,380 DEBUG epoch: 194, train_acc: 0.0, val_acc: 10.44, fidel_score: 10.68, acc_loss: 0.0, grad_loss: 4.019838660955429
2022-04-21 21:45:46,638 DEBUG epoch: 195, train_acc: 0.0, val_acc: 10.44, fidel_score: 10.68, acc_loss: 0.0, grad_loss: 4.009493142366409
2022-04-21 21:45:47,889 DEBUG epoch: 196, train_acc: 0.0, val_acc: 10.44, fidel_score: 10.67, acc_loss: 0.0, grad_loss: 4.013712614774704
2022-04-21 21:45:49,117 DEBUG epoch: 197, train_acc: 0.0, val_acc: 10.44, fidel_score: 10.67, acc_loss: 0.0, grad_loss: 4.01296991109848
2022-04-21 21:45:50,359 DEBUG epoch: 198, train_acc: 0.0, val_acc: 10.45, fidel_score: 10.68, acc_loss: 0.0, grad_loss: 4.013265401124954
2022-04-21 21:45:51,594 DEBUG epoch: 199, train_acc: 0.0, val_acc: 10.47, fidel_score: 10.7, acc_loss: 0.0, grad_loss: 4.028903603553772
2022-04-21 21:45:52,824 DEBUG epoch: 200, train_acc: 0.0, val_acc: 10.47, fidel_score: 10.71, acc_loss: 0.0, grad_loss: 4.013304620981216
2022-04-21 21:45:54,065 DEBUG epoch: 201, train_acc: 0.0, val_acc: 10.48, fidel_score: 10.71, acc_loss: 0.0, grad_loss: 4.010753899812698
2022-04-21 21:45:55,307 DEBUG epoch: 202, train_acc: 0.0, val_acc: 10.49, fidel_score: 10.72, acc_loss: 0.0, grad_loss: 4.013203322887421
2022-04-21 21:45:56,546 DEBUG epoch: 203, train_acc: 0.0, val_acc: 10.47, fidel_score: 10.7, acc_loss: 0.0, grad_loss: 4.018137037754059
2022-04-21 21:45:57,779 DEBUG epoch: 204, train_acc: 0.0, val_acc: 10.47, fidel_score: 10.7, acc_loss: 0.0, grad_loss: 4.019334107637405
2022-04-21 21:45:59,002 DEBUG epoch: 205, train_acc: 0.0, val_acc: 10.47, fidel_score: 10.7, acc_loss: 0.0, grad_loss: 4.005609184503555
2022-04-21 21:46:00,251 DEBUG epoch: 206, train_acc: 0.0, val_acc: 10.47, fidel_score: 10.7, acc_loss: 0.0, grad_loss: 4.0175460278987885
2022-04-21 21:46:01,493 DEBUG epoch: 207, train_acc: 0.0, val_acc: 10.49, fidel_score: 10.71, acc_loss: 0.0, grad_loss: 4.0170111656188965
2022-04-21 21:46:02,728 DEBUG epoch: 208, train_acc: 0.0, val_acc: 10.48, fidel_score: 10.7, acc_loss: 0.0, grad_loss: 4.022387832403183
2022-04-21 21:46:03,963 DEBUG epoch: 209, train_acc: 0.0, val_acc: 10.49, fidel_score: 10.71, acc_loss: 0.0, grad_loss: 4.02426290512085
2022-04-21 21:46:05,210 DEBUG epoch: 210, train_acc: 0.0, val_acc: 10.48, fidel_score: 10.71, acc_loss: 0.0, grad_loss: 4.018678277730942
2022-04-21 21:46:06,441 DEBUG epoch: 211, train_acc: 0.0, val_acc: 10.46, fidel_score: 10.7, acc_loss: 0.0, grad_loss: 4.013883113861084
2022-04-21 21:46:07,682 DEBUG epoch: 212, train_acc: 0.0, val_acc: 10.47, fidel_score: 10.71, acc_loss: 0.0, grad_loss: 4.011550307273865
2022-04-21 21:46:08,930 DEBUG epoch: 213, train_acc: 0.0, val_acc: 10.46, fidel_score: 10.7, acc_loss: 0.0, grad_loss: 4.0129450261592865
2022-04-21 21:46:10,165 DEBUG epoch: 214, train_acc: 0.0, val_acc: 10.45, fidel_score: 10.69, acc_loss: 0.0, grad_loss: 4.010531693696976
2022-04-21 21:46:11,398 DEBUG epoch: 215, train_acc: 0.0, val_acc: 10.42, fidel_score: 10.66, acc_loss: 0.0, grad_loss: 4.015600651502609
2022-04-21 21:46:12,639 DEBUG epoch: 216, train_acc: 0.0, val_acc: 10.44, fidel_score: 10.68, acc_loss: 0.0, grad_loss: 4.010248273611069
2022-04-21 21:46:13,873 DEBUG epoch: 217, train_acc: 0.0, val_acc: 10.42, fidel_score: 10.67, acc_loss: 0.0, grad_loss: 4.014279782772064
2022-04-21 21:46:15,110 DEBUG epoch: 218, train_acc: 0.0, val_acc: 10.41, fidel_score: 10.67, acc_loss: 0.0, grad_loss: 4.0151233077049255
2022-04-21 21:46:16,333 DEBUG epoch: 219, train_acc: 0.0, val_acc: 10.41, fidel_score: 10.67, acc_loss: 0.0, grad_loss: 4.017758935689926
2022-04-21 21:46:17,569 DEBUG epoch: 220, train_acc: 0.0, val_acc: 10.43, fidel_score: 10.67, acc_loss: 0.0, grad_loss: 4.021511226892471
2022-04-21 21:46:18,806 DEBUG epoch: 221, train_acc: 0.0, val_acc: 10.44, fidel_score: 10.68, acc_loss: 0.0, grad_loss: 4.01265475153923
2022-04-21 21:46:20,049 DEBUG epoch: 222, train_acc: 0.0, val_acc: 10.44, fidel_score: 10.68, acc_loss: 0.0, grad_loss: 4.016736000776291
2022-04-21 21:46:21,280 DEBUG epoch: 223, train_acc: 0.0, val_acc: 10.43, fidel_score: 10.67, acc_loss: 0.0, grad_loss: 4.005842477083206
2022-04-21 21:46:22,508 DEBUG epoch: 224, train_acc: 0.0, val_acc: 10.44, fidel_score: 10.67, acc_loss: 0.0, grad_loss: 4.00794592499733
2022-04-21 21:46:23,751 DEBUG epoch: 225, train_acc: 0.0, val_acc: 10.43, fidel_score: 10.66, acc_loss: 0.0, grad_loss: 4.016639292240143
2022-04-21 21:46:24,990 DEBUG epoch: 226, train_acc: 0.0, val_acc: 10.43, fidel_score: 10.67, acc_loss: 0.0, grad_loss: 4.010127425193787
2022-04-21 21:46:26,240 DEBUG epoch: 227, train_acc: 0.0, val_acc: 10.44, fidel_score: 10.67, acc_loss: 0.0, grad_loss: 4.018864095211029
2022-04-21 21:46:27,479 DEBUG epoch: 228, train_acc: 0.0, val_acc: 10.43, fidel_score: 10.66, acc_loss: 0.0, grad_loss: 4.020945161581039
2022-04-21 21:46:28,714 DEBUG epoch: 229, train_acc: 0.0, val_acc: 10.44, fidel_score: 10.66, acc_loss: 0.0, grad_loss: 4.016035109758377
2022-04-21 21:46:29,963 DEBUG epoch: 230, train_acc: 0.0, val_acc: 10.42, fidel_score: 10.64, acc_loss: 0.0, grad_loss: 4.022093951702118
2022-04-21 21:46:31,216 DEBUG epoch: 231, train_acc: 0.0, val_acc: 10.43, fidel_score: 10.65, acc_loss: 0.0, grad_loss: 4.020050495862961
2022-04-21 21:46:32,453 DEBUG epoch: 232, train_acc: 0.0, val_acc: 10.44, fidel_score: 10.66, acc_loss: 0.0, grad_loss: 4.0190688371658325
2022-04-21 21:46:33,700 DEBUG epoch: 233, train_acc: 0.0, val_acc: 10.43, fidel_score: 10.64, acc_loss: 0.0, grad_loss: 4.018083184957504
2022-04-21 21:46:34,932 DEBUG epoch: 234, train_acc: 0.0, val_acc: 10.45, fidel_score: 10.66, acc_loss: 0.0, grad_loss: 4.016937434673309
2022-04-21 21:46:36,155 DEBUG epoch: 235, train_acc: 0.0, val_acc: 10.44, fidel_score: 10.65, acc_loss: 0.0, grad_loss: 4.011607050895691
2022-04-21 21:46:37,390 DEBUG epoch: 236, train_acc: 0.0, val_acc: 10.43, fidel_score: 10.64, acc_loss: 0.0, grad_loss: 4.014574587345123
2022-04-21 21:46:38,617 DEBUG epoch: 237, train_acc: 0.0, val_acc: 10.42, fidel_score: 10.63, acc_loss: 0.0, grad_loss: 4.019008308649063
2022-04-21 21:46:39,861 DEBUG epoch: 238, train_acc: 0.0, val_acc: 10.43, fidel_score: 10.64, acc_loss: 0.0, grad_loss: 4.014875888824463
2022-04-21 21:46:41,090 DEBUG epoch: 239, train_acc: 0.0, val_acc: 10.39, fidel_score: 10.58, acc_loss: 0.0, grad_loss: 4.010951727628708
2022-04-21 21:46:42,324 DEBUG epoch: 240, train_acc: 0.0, val_acc: 10.39, fidel_score: 10.59, acc_loss: 0.0, grad_loss: 4.010095328092575
2022-04-21 21:46:43,570 DEBUG epoch: 241, train_acc: 0.0, val_acc: 10.38, fidel_score: 10.59, acc_loss: 0.0, grad_loss: 4.022498577833176
2022-04-21 21:46:44,831 DEBUG epoch: 242, train_acc: 0.0, val_acc: 10.41, fidel_score: 10.61, acc_loss: 0.0, grad_loss: 4.022394210100174
2022-04-21 21:46:46,065 DEBUG epoch: 243, train_acc: 0.0, val_acc: 10.38, fidel_score: 10.59, acc_loss: 0.0, grad_loss: 4.015918731689453
2022-04-21 21:46:47,307 DEBUG epoch: 244, train_acc: 0.0, val_acc: 10.39, fidel_score: 10.6, acc_loss: 0.0, grad_loss: 4.012857586145401
2022-04-21 21:46:48,542 DEBUG epoch: 245, train_acc: 0.0, val_acc: 10.4, fidel_score: 10.6, acc_loss: 0.0, grad_loss: 4.024854004383087
2022-04-21 21:46:49,777 DEBUG epoch: 246, train_acc: 0.0, val_acc: 10.38, fidel_score: 10.58, acc_loss: 0.0, grad_loss: 4.019930362701416
2022-04-21 21:46:51,020 DEBUG epoch: 247, train_acc: 0.0, val_acc: 10.38, fidel_score: 10.58, acc_loss: 0.0, grad_loss: 4.017864555120468
2022-04-21 21:46:52,256 DEBUG epoch: 248, train_acc: 0.0, val_acc: 10.38, fidel_score: 10.58, acc_loss: 0.0, grad_loss: 4.018117129802704
2022-04-21 21:46:53,510 DEBUG epoch: 249, train_acc: 0.0, val_acc: 10.38, fidel_score: 10.58, acc_loss: 0.0, grad_loss: 4.013162732124329
2022-04-21 21:46:54,760 DEBUG epoch: 250, train_acc: 0.0, val_acc: 10.39, fidel_score: 10.59, acc_loss: 0.0, grad_loss: 4.020491540431976
2022-04-21 21:46:55,991 DEBUG epoch: 251, train_acc: 0.0, val_acc: 10.4, fidel_score: 10.6, acc_loss: 0.0, grad_loss: 4.018954366445541
2022-04-21 21:46:57,236 DEBUG epoch: 252, train_acc: 0.0, val_acc: 10.39, fidel_score: 10.59, acc_loss: 0.0, grad_loss: 4.008400082588196
2022-04-21 21:46:58,491 DEBUG epoch: 253, train_acc: 0.0, val_acc: 10.39, fidel_score: 10.59, acc_loss: 0.0, grad_loss: 4.020402759313583
2022-04-21 21:46:59,737 DEBUG epoch: 254, train_acc: 0.0, val_acc: 10.4, fidel_score: 10.6, acc_loss: 0.0, grad_loss: 4.017326235771179
2022-04-21 21:47:00,980 DEBUG epoch: 255, train_acc: 0.0, val_acc: 10.38, fidel_score: 10.58, acc_loss: 0.0, grad_loss: 4.011522501707077
2022-04-21 21:47:02,220 DEBUG epoch: 256, train_acc: 0.0, val_acc: 10.39, fidel_score: 10.59, acc_loss: 0.0, grad_loss: 4.015841007232666
2022-04-21 21:47:03,456 DEBUG epoch: 257, train_acc: 0.0, val_acc: 10.4, fidel_score: 10.6, acc_loss: 0.0, grad_loss: 4.0197829604148865
2022-04-21 21:47:04,711 DEBUG epoch: 258, train_acc: 0.0, val_acc: 10.39, fidel_score: 10.59, acc_loss: 0.0, grad_loss: 4.009366273880005
2022-04-21 21:47:05,947 DEBUG epoch: 259, train_acc: 0.0, val_acc: 10.4, fidel_score: 10.6, acc_loss: 0.0, grad_loss: 4.007810413837433
2022-04-21 21:47:07,185 DEBUG epoch: 260, train_acc: 0.0, val_acc: 10.39, fidel_score: 10.59, acc_loss: 0.0, grad_loss: 4.014455020427704
2022-04-21 21:47:08,422 DEBUG epoch: 261, train_acc: 0.0, val_acc: 10.39, fidel_score: 10.59, acc_loss: 0.0, grad_loss: 4.017162531614304
2022-04-21 21:47:09,674 DEBUG epoch: 262, train_acc: 0.0, val_acc: 10.39, fidel_score: 10.59, acc_loss: 0.0, grad_loss: 4.010062485933304
2022-04-21 21:47:10,914 DEBUG epoch: 263, train_acc: 0.0, val_acc: 10.38, fidel_score: 10.58, acc_loss: 0.0, grad_loss: 4.008208066225052
2022-04-21 21:47:12,164 DEBUG epoch: 264, train_acc: 0.0, val_acc: 10.38, fidel_score: 10.58, acc_loss: 0.0, grad_loss: 4.018208742141724
2022-04-21 21:47:13,394 DEBUG epoch: 265, train_acc: 0.0, val_acc: 10.39, fidel_score: 10.59, acc_loss: 0.0, grad_loss: 4.009879529476166
2022-04-21 21:47:14,640 DEBUG epoch: 266, train_acc: 0.0, val_acc: 10.38, fidel_score: 10.58, acc_loss: 0.0, grad_loss: 4.017674803733826
2022-04-21 21:47:15,887 DEBUG epoch: 267, train_acc: 0.0, val_acc: 10.4, fidel_score: 10.6, acc_loss: 0.0, grad_loss: 4.016312748193741
2022-04-21 21:47:17,131 DEBUG epoch: 268, train_acc: 0.0, val_acc: 10.39, fidel_score: 10.59, acc_loss: 0.0, grad_loss: 4.017630606889725
2022-04-21 21:47:18,384 DEBUG epoch: 269, train_acc: 0.0, val_acc: 10.38, fidel_score: 10.58, acc_loss: 0.0, grad_loss: 4.017641216516495
2022-04-21 21:47:19,614 DEBUG epoch: 270, train_acc: 0.0, val_acc: 10.4, fidel_score: 10.6, acc_loss: 0.0, grad_loss: 4.0187994837760925
2022-04-21 21:47:20,858 DEBUG epoch: 271, train_acc: 0.0, val_acc: 10.36, fidel_score: 10.56, acc_loss: 0.0, grad_loss: 4.015966475009918
2022-04-21 21:47:22,100 DEBUG epoch: 272, train_acc: 0.0, val_acc: 10.37, fidel_score: 10.57, acc_loss: 0.0, grad_loss: 4.014215707778931
2022-04-21 21:47:23,325 DEBUG epoch: 273, train_acc: 0.0, val_acc: 10.35, fidel_score: 10.55, acc_loss: 0.0, grad_loss: 4.0185240507125854
2022-04-21 21:47:24,562 DEBUG epoch: 274, train_acc: 0.0, val_acc: 10.38, fidel_score: 10.58, acc_loss: 0.0, grad_loss: 4.014855772256851
2022-04-21 21:47:25,795 DEBUG epoch: 275, train_acc: 0.0, val_acc: 10.38, fidel_score: 10.58, acc_loss: 0.0, grad_loss: 4.019257098436356
2022-04-21 21:47:27,033 DEBUG epoch: 276, train_acc: 0.0, val_acc: 10.35, fidel_score: 10.55, acc_loss: 0.0, grad_loss: 4.017579525709152
2022-04-21 21:47:28,274 DEBUG epoch: 277, train_acc: 0.0, val_acc: 10.34, fidel_score: 10.54, acc_loss: 0.0, grad_loss: 4.014978587627411
2022-04-21 21:47:29,514 DEBUG epoch: 278, train_acc: 0.0, val_acc: 10.36, fidel_score: 10.55, acc_loss: 0.0, grad_loss: 4.012025862932205
2022-04-21 21:47:30,771 DEBUG epoch: 279, train_acc: 0.0, val_acc: 10.35, fidel_score: 10.55, acc_loss: 0.0, grad_loss: 4.020088404417038
2022-04-21 21:47:32,005 DEBUG epoch: 280, train_acc: 0.0, val_acc: 10.36, fidel_score: 10.56, acc_loss: 0.0, grad_loss: 4.018447041511536
2022-04-21 21:47:33,246 DEBUG epoch: 281, train_acc: 0.0, val_acc: 10.34, fidel_score: 10.54, acc_loss: 0.0, grad_loss: 4.013257950544357
2022-04-21 21:47:34,493 DEBUG epoch: 282, train_acc: 0.0, val_acc: 10.33, fidel_score: 10.54, acc_loss: 0.0, grad_loss: 4.019274413585663
2022-04-21 21:47:35,747 DEBUG epoch: 283, train_acc: 0.0, val_acc: 10.36, fidel_score: 10.55, acc_loss: 0.0, grad_loss: 4.009900778532028
2022-04-21 21:47:36,986 DEBUG epoch: 284, train_acc: 0.0, val_acc: 10.36, fidel_score: 10.55, acc_loss: 0.0, grad_loss: 4.013940989971161
2022-04-21 21:47:38,252 DEBUG epoch: 285, train_acc: 0.0, val_acc: 10.35, fidel_score: 10.53, acc_loss: 0.0, grad_loss: 4.0146839916706085
2022-04-21 21:47:39,490 DEBUG epoch: 286, train_acc: 0.0, val_acc: 10.37, fidel_score: 10.55, acc_loss: 0.0, grad_loss: 4.0131687223911285
2022-04-21 21:47:40,722 DEBUG epoch: 287, train_acc: 0.0, val_acc: 10.35, fidel_score: 10.54, acc_loss: 0.0, grad_loss: 4.013422042131424
2022-04-21 21:47:41,966 DEBUG epoch: 288, train_acc: 0.0, val_acc: 10.34, fidel_score: 10.53, acc_loss: 0.0, grad_loss: 4.018966466188431
2022-04-21 21:47:43,207 DEBUG epoch: 289, train_acc: 0.0, val_acc: 10.37, fidel_score: 10.56, acc_loss: 0.0, grad_loss: 4.015777915716171
2022-04-21 21:47:44,444 DEBUG epoch: 290, train_acc: 0.0, val_acc: 10.33, fidel_score: 10.52, acc_loss: 0.0, grad_loss: 4.0128960609436035
2022-04-21 21:47:45,687 DEBUG epoch: 291, train_acc: 0.0, val_acc: 10.37, fidel_score: 10.56, acc_loss: 0.0, grad_loss: 4.017183303833008
2022-04-21 21:47:46,924 DEBUG epoch: 292, train_acc: 0.0, val_acc: 10.38, fidel_score: 10.57, acc_loss: 0.0, grad_loss: 4.014033854007721
2022-04-21 21:47:48,162 DEBUG epoch: 293, train_acc: 0.0, val_acc: 10.36, fidel_score: 10.55, acc_loss: 0.0, grad_loss: 4.0147987604141235
2022-04-21 21:47:49,391 DEBUG epoch: 294, train_acc: 0.0, val_acc: 10.33, fidel_score: 10.52, acc_loss: 0.0, grad_loss: 4.0204435884952545
2022-04-21 21:47:50,657 DEBUG epoch: 295, train_acc: 0.0, val_acc: 10.36, fidel_score: 10.55, acc_loss: 0.0, grad_loss: 4.008365124464035
2022-04-21 21:47:51,891 DEBUG epoch: 296, train_acc: 0.0, val_acc: 10.33, fidel_score: 10.52, acc_loss: 0.0, grad_loss: 4.012768805027008
2022-04-21 21:47:53,125 DEBUG epoch: 297, train_acc: 0.0, val_acc: 10.35, fidel_score: 10.54, acc_loss: 0.0, grad_loss: 4.008492469787598
2022-04-21 21:47:54,361 DEBUG epoch: 298, train_acc: 0.0, val_acc: 10.34, fidel_score: 10.53, acc_loss: 0.0, grad_loss: 4.022831678390503
2022-04-21 21:47:55,606 DEBUG epoch: 299, train_acc: 0.0, val_acc: 10.34, fidel_score: 10.53, acc_loss: 0.0, grad_loss: 4.016352951526642
2022-04-21 21:47:56,843 DEBUG epoch: 300, train_acc: 0.0, val_acc: 10.35, fidel_score: 10.54, acc_loss: 0.0, grad_loss: 4.01527813076973
2022-04-21 21:47:56,843 DEBUG load best stealed model.
2022-04-21 21:47:56,843 DEBUG Best perform model, val_acc: 10.78, fidel_score: 11.05, acc_loss: 0.0, grad_loss: 4.013050377368927
2022-04-21 21:47:56,844 DEBUG load cloest stealed model.
2022-04-21 21:47:56,844 DEBUG Cloest perform model, val_acc: 10.78, fidel_score: 11.05, acc_loss: 0.0, grad_loss: 4.013050377368927
