2022-05-03 13:42:22,635 DEBUG Namespace(adversairal_attack=False, arch='vgg11_bn', attack_client=0, attack_epochs=300, attack_style='Generator_option_nz512_noisew1.0', average_time=1, batch_size=128, bottleneck_option='None', cutlayer=4, data_proportion=0.0, dataset='cifar10', filename='ace_V2_epoch_vgg11_bn_cutlayer_4_client_1_seed125_dataset_cifar10_lr_0.05_200epoch', folder='saves/baseline', learning_rate=0.02, noniid_ratio=1.0, num_client=1, num_epochs='best', num_query=1000, random_seed=123, regularization='None', regularization_strength=0.0, scheme='V2_epoch', surrogate_arch='same', test_best=True, train_clas_layer=4.0)
2022-05-03 13:42:26,277 DEBUG Test (client-0):	Loss 0.6164 (0.3623)	Prec@1 81.250 (91.890)
2022-05-03 13:42:26,277 DEBUG  * Prec@1 91.890
2022-05-03 13:42:26,460 DEBUG 10
2022-05-03 13:42:26,460 DEBUG surrogate parameter has 10 trainable parameters!
2022-05-03 16:33:18,843 DEBUG Namespace(adversairal_attack=False, arch='vgg11_bn', attack_client=0, attack_epochs=300, attack_style='Generator_option_nz512_noisew1.0', average_time=1, batch_size=128, bottleneck_option='None', cutlayer=4, data_proportion=0.0, dataset='cifar10', filename='ace_V2_epoch_vgg11_bn_cutlayer_4_client_1_seed125_dataset_cifar10_lr_0.05_200epoch', folder='saves/baseline', learning_rate=0.02, noniid_ratio=1.0, num_client=1, num_epochs='best', num_query=1000, random_seed=123, regularization='None', regularization_strength=0.0, scheme='V2_epoch', surrogate_arch='same', test_best=True, train_clas_layer=4.0)
2022-05-03 16:33:22,369 DEBUG Test (client-0):	Loss 0.6164 (0.3623)	Prec@1 81.250 (91.890)
2022-05-03 16:33:22,370 DEBUG  * Prec@1 91.890
2022-05-03 16:33:22,543 DEBUG 10
2022-05-03 16:33:22,543 DEBUG surrogate parameter has 10 trainable parameters!
2022-05-03 16:33:22,974 DEBUG Train step: 10	 CE_Loss: 4.6839299202 diversity_Loss: 0.7446851730 bc_losses (G):  0.0000000000  bc_losses (D)):  0.0000000000
2022-05-03 16:33:22,974 DEBUG End of Training: 	 CE_Loss: 4.6839299202 diversity_Loss: 0.7446851730 bc_losses (G):  0.0000000000  bc_losses (D)):  0.0000000000
2022-05-03 16:33:24,094 DEBUG epoch: 0, val_acc: 9.58, val_fidelity: 9.59
2022-05-03 16:33:26,144 DEBUG epoch: 1, train_acc: 16.4453125, val_acc: 19.53, fidel_score: 20.18, acc_loss: 2.4833409070968626, grad_loss: None
2022-05-03 16:33:28,045 DEBUG epoch: 2, train_acc: 27.03125, val_acc: 16.12, fidel_score: 16.23, acc_loss: 2.0163559794425963, grad_loss: None
2022-05-03 16:33:29,904 DEBUG epoch: 3, train_acc: 37.3046875, val_acc: 19.32, fidel_score: 19.96, acc_loss: 1.7434985935688019, grad_loss: None
2022-05-03 16:33:31,772 DEBUG epoch: 4, train_acc: 45.546875, val_acc: 16.82, fidel_score: 17.24, acc_loss: 1.547455406188965, grad_loss: None
2022-05-03 16:33:33,627 DEBUG epoch: 5, train_acc: 52.8125, val_acc: 15.15, fidel_score: 15.6, acc_loss: 1.34956995844841, grad_loss: None
2022-05-03 16:33:35,506 DEBUG epoch: 6, train_acc: 55.1953125, val_acc: 15.93, fidel_score: 16.14, acc_loss: 1.2975580394268036, grad_loss: None
2022-05-03 16:33:37,375 DEBUG epoch: 7, train_acc: 57.734375, val_acc: 14.5, fidel_score: 14.81, acc_loss: 1.2162365019321442, grad_loss: None
2022-05-03 16:33:39,235 DEBUG epoch: 8, train_acc: 64.2578125, val_acc: 14.59, fidel_score: 14.82, acc_loss: 1.0746957331895828, grad_loss: None
2022-05-03 16:33:41,097 DEBUG epoch: 9, train_acc: 65.8203125, val_acc: 15.21, fidel_score: 15.43, acc_loss: 0.991923126578331, grad_loss: None
2022-05-03 16:33:42,969 DEBUG epoch: 10, train_acc: 69.296875, val_acc: 15.78, fidel_score: 15.87, acc_loss: 0.9207879960536957, grad_loss: None
2022-05-03 16:33:44,836 DEBUG epoch: 11, train_acc: 69.6875, val_acc: 14.18, fidel_score: 14.54, acc_loss: 0.8652324497699737, grad_loss: None
2022-05-03 16:33:46,677 DEBUG epoch: 12, train_acc: 71.9921875, val_acc: 13.87, fidel_score: 14.43, acc_loss: 0.8313660085201263, grad_loss: None
2022-05-03 16:33:48,545 DEBUG epoch: 13, train_acc: 70.0, val_acc: 11.79, fidel_score: 12.09, acc_loss: 0.8933577746152878, grad_loss: None
2022-05-03 16:33:50,399 DEBUG epoch: 14, train_acc: 72.8515625, val_acc: 12.51, fidel_score: 12.61, acc_loss: 0.8180568039417266, grad_loss: None
2022-05-03 16:33:52,258 DEBUG epoch: 15, train_acc: 74.8046875, val_acc: 13.73, fidel_score: 13.95, acc_loss: 0.7271983057260514, grad_loss: None
2022-05-03 16:33:54,105 DEBUG epoch: 16, train_acc: 74.0625, val_acc: 12.7, fidel_score: 12.9, acc_loss: 0.7590415358543396, grad_loss: None
2022-05-03 16:33:55,960 DEBUG epoch: 17, train_acc: 76.2109375, val_acc: 11.21, fidel_score: 11.37, acc_loss: 0.7276622384786606, grad_loss: None
2022-05-03 16:33:57,821 DEBUG epoch: 18, train_acc: 73.7890625, val_acc: 14.84, fidel_score: 15.27, acc_loss: 0.789722228050232, grad_loss: None
2022-05-03 16:33:59,673 DEBUG epoch: 19, train_acc: 76.8359375, val_acc: 15.21, fidel_score: 15.45, acc_loss: 0.7017251819372177, grad_loss: None
2022-05-03 16:34:01,563 DEBUG epoch: 20, train_acc: 76.875, val_acc: 15.14, fidel_score: 15.53, acc_loss: 0.6950168401002884, grad_loss: None
2022-05-03 16:34:03,437 DEBUG epoch: 21, train_acc: 75.46875, val_acc: 12.58, fidel_score: 12.8, acc_loss: 0.740888598561287, grad_loss: None
2022-05-03 16:34:05,296 DEBUG epoch: 22, train_acc: 79.0234375, val_acc: 13.73, fidel_score: 14.04, acc_loss: 0.6386654898524284, grad_loss: None
2022-05-03 16:34:07,180 DEBUG epoch: 23, train_acc: 76.171875, val_acc: 14.79, fidel_score: 14.99, acc_loss: 0.7037275567650795, grad_loss: None
2022-05-03 16:34:09,057 DEBUG epoch: 24, train_acc: 77.96875, val_acc: 14.32, fidel_score: 14.46, acc_loss: 0.6629255980253219, grad_loss: None
2022-05-03 16:34:10,935 DEBUG epoch: 25, train_acc: 80.703125, val_acc: 12.53, fidel_score: 12.67, acc_loss: 0.5844144612550736, grad_loss: None
2022-05-03 16:34:12,804 DEBUG epoch: 26, train_acc: 78.90625, val_acc: 12.59, fidel_score: 12.71, acc_loss: 0.6392424166202545, grad_loss: None
2022-05-03 16:34:14,660 DEBUG epoch: 27, train_acc: 79.8828125, val_acc: 12.26, fidel_score: 12.51, acc_loss: 0.6282683849334717, grad_loss: None
2022-05-03 16:34:16,514 DEBUG epoch: 28, train_acc: 81.8359375, val_acc: 11.52, fidel_score: 11.61, acc_loss: 0.5359550237655639, grad_loss: None
2022-05-03 16:34:18,369 DEBUG epoch: 29, train_acc: 81.796875, val_acc: 12.71, fidel_score: 13.06, acc_loss: 0.5472827672958374, grad_loss: None
2022-05-03 16:34:20,237 DEBUG epoch: 30, train_acc: 79.453125, val_acc: 11.99, fidel_score: 12.29, acc_loss: 0.6061704277992248, grad_loss: None
2022-05-03 16:34:22,112 DEBUG epoch: 31, train_acc: 81.2890625, val_acc: 14.73, fidel_score: 15.18, acc_loss: 0.5736819729208946, grad_loss: None
2022-05-03 16:34:23,983 DEBUG epoch: 32, train_acc: 81.7578125, val_acc: 15.53, fidel_score: 15.83, acc_loss: 0.5483700573444367, grad_loss: None
2022-05-03 16:34:25,841 DEBUG epoch: 33, train_acc: 81.2109375, val_acc: 14.43, fidel_score: 14.6, acc_loss: 0.5714096665382385, grad_loss: None
2022-05-03 16:34:27,706 DEBUG epoch: 34, train_acc: 84.6875, val_acc: 14.52, fidel_score: 14.81, acc_loss: 0.49339494556188584, grad_loss: None
2022-05-03 16:34:29,565 DEBUG epoch: 35, train_acc: 83.28125, val_acc: 13.24, fidel_score: 13.42, acc_loss: 0.5009874820709228, grad_loss: None
2022-05-03 16:34:31,436 DEBUG epoch: 36, train_acc: 84.1015625, val_acc: 13.05, fidel_score: 13.38, acc_loss: 0.5059481009840965, grad_loss: None
2022-05-03 16:34:33,287 DEBUG epoch: 37, train_acc: 83.8671875, val_acc: 15.47, fidel_score: 15.75, acc_loss: 0.47651275992393494, grad_loss: None
2022-05-03 16:34:35,165 DEBUG epoch: 38, train_acc: 84.4140625, val_acc: 14.04, fidel_score: 14.25, acc_loss: 0.46900473088026046, grad_loss: None
2022-05-03 16:34:37,050 DEBUG epoch: 39, train_acc: 81.796875, val_acc: 14.8, fidel_score: 15.13, acc_loss: 0.546698448061943, grad_loss: None
2022-05-03 16:34:38,911 DEBUG epoch: 40, train_acc: 82.96875, val_acc: 14.86, fidel_score: 15.1, acc_loss: 0.5084254309535027, grad_loss: None
2022-05-03 16:34:40,784 DEBUG epoch: 41, train_acc: 84.4921875, val_acc: 15.9, fidel_score: 16.2, acc_loss: 0.46798833310604093, grad_loss: None
2022-05-03 16:34:42,662 DEBUG epoch: 42, train_acc: 85.0, val_acc: 15.93, fidel_score: 16.37, acc_loss: 0.4492853432893753, grad_loss: None
2022-05-03 16:34:44,530 DEBUG epoch: 43, train_acc: 82.96875, val_acc: 14.02, fidel_score: 14.55, acc_loss: 0.49799551963806155, grad_loss: None
2022-05-03 16:34:46,391 DEBUG epoch: 44, train_acc: 83.984375, val_acc: 13.35, fidel_score: 13.5, acc_loss: 0.46396387964487074, grad_loss: None
2022-05-03 16:34:48,246 DEBUG epoch: 45, train_acc: 85.1171875, val_acc: 14.18, fidel_score: 14.57, acc_loss: 0.4476230025291443, grad_loss: None
2022-05-03 16:34:50,101 DEBUG epoch: 46, train_acc: 85.546875, val_acc: 14.65, fidel_score: 14.96, acc_loss: 0.4324511483311653, grad_loss: None
2022-05-03 16:34:51,974 DEBUG epoch: 47, train_acc: 86.1328125, val_acc: 15.93, fidel_score: 16.43, acc_loss: 0.431866979598999, grad_loss: None
2022-05-03 16:34:53,837 DEBUG epoch: 48, train_acc: 85.46875, val_acc: 13.77, fidel_score: 14.33, acc_loss: 0.4399933099746704, grad_loss: None
2022-05-03 16:34:55,692 DEBUG epoch: 49, train_acc: 86.015625, val_acc: 13.61, fidel_score: 13.8, acc_loss: 0.42806015610694886, grad_loss: None
2022-05-03 16:34:57,570 DEBUG epoch: 50, train_acc: 86.2890625, val_acc: 14.59, fidel_score: 14.86, acc_loss: 0.4310755267739296, grad_loss: None
2022-05-03 16:34:59,435 DEBUG epoch: 51, train_acc: 85.625, val_acc: 14.7, fidel_score: 15.07, acc_loss: 0.42481591999530793, grad_loss: None
2022-05-03 16:35:01,302 DEBUG epoch: 52, train_acc: 84.4140625, val_acc: 14.71, fidel_score: 15.11, acc_loss: 0.4685648366808891, grad_loss: None
2022-05-03 16:35:03,177 DEBUG epoch: 53, train_acc: 86.1328125, val_acc: 14.17, fidel_score: 14.51, acc_loss: 0.4253947719931602, grad_loss: None
2022-05-03 16:35:05,051 DEBUG epoch: 54, train_acc: 85.0390625, val_acc: 14.17, fidel_score: 14.58, acc_loss: 0.43865110278129577, grad_loss: None
2022-05-03 16:35:06,921 DEBUG epoch: 55, train_acc: 86.6796875, val_acc: 14.56, fidel_score: 14.91, acc_loss: 0.40960097014904023, grad_loss: None
2022-05-03 16:35:08,781 DEBUG epoch: 56, train_acc: 86.40625, val_acc: 14.47, fidel_score: 14.54, acc_loss: 0.3865406833589077, grad_loss: None
2022-05-03 16:35:10,672 DEBUG epoch: 57, train_acc: 85.46875, val_acc: 14.88, fidel_score: 15.01, acc_loss: 0.4342567279934883, grad_loss: None
2022-05-03 16:35:12,544 DEBUG epoch: 58, train_acc: 86.5625, val_acc: 14.66, fidel_score: 14.97, acc_loss: 0.4013346791267395, grad_loss: None
2022-05-03 16:35:14,419 DEBUG epoch: 59, train_acc: 87.3046875, val_acc: 13.12, fidel_score: 13.32, acc_loss: 0.3858780704438686, grad_loss: None
2022-05-03 16:35:16,287 DEBUG epoch: 60, train_acc: 88.4765625, val_acc: 13.58, fidel_score: 13.88, acc_loss: 0.3701611809432507, grad_loss: None
2022-05-03 16:35:18,170 DEBUG epoch: 61, train_acc: 91.71875, val_acc: 13.19, fidel_score: 13.54, acc_loss: 0.26395939439535143, grad_loss: None
2022-05-03 16:35:20,045 DEBUG epoch: 62, train_acc: 91.875, val_acc: 13.02, fidel_score: 13.34, acc_loss: 0.2730120256543159, grad_loss: None
2022-05-03 16:35:21,921 DEBUG epoch: 63, train_acc: 91.171875, val_acc: 12.5, fidel_score: 12.67, acc_loss: 0.24486989602446557, grad_loss: None
2022-05-03 16:35:23,803 DEBUG epoch: 64, train_acc: 91.5234375, val_acc: 13.08, fidel_score: 13.31, acc_loss: 0.237266643345356, grad_loss: None
2022-05-03 16:35:25,669 DEBUG epoch: 65, train_acc: 91.953125, val_acc: 12.35, fidel_score: 12.73, acc_loss: 0.23986328691244124, grad_loss: None
2022-05-03 16:35:27,531 DEBUG epoch: 66, train_acc: 92.0703125, val_acc: 11.9, fidel_score: 12.12, acc_loss: 0.24228512533009053, grad_loss: None
2022-05-03 16:35:29,432 DEBUG epoch: 67, train_acc: 92.578125, val_acc: 12.76, fidel_score: 13.01, acc_loss: 0.2099149689078331, grad_loss: None
2022-05-03 16:35:31,299 DEBUG epoch: 68, train_acc: 91.171875, val_acc: 12.24, fidel_score: 12.51, acc_loss: 0.25430395007133483, grad_loss: None
2022-05-03 16:35:33,173 DEBUG epoch: 69, train_acc: 93.359375, val_acc: 12.21, fidel_score: 12.53, acc_loss: 0.21319074109196662, grad_loss: None
2022-05-03 16:35:35,040 DEBUG epoch: 70, train_acc: 92.3828125, val_acc: 12.84, fidel_score: 13.29, acc_loss: 0.23131131567060947, grad_loss: None
2022-05-03 16:35:36,934 DEBUG epoch: 71, train_acc: 92.265625, val_acc: 12.83, fidel_score: 13.25, acc_loss: 0.2249767705798149, grad_loss: None
2022-05-03 16:35:38,796 DEBUG epoch: 72, train_acc: 92.265625, val_acc: 12.99, fidel_score: 13.25, acc_loss: 0.23694013580679893, grad_loss: None
2022-05-03 16:35:40,661 DEBUG epoch: 73, train_acc: 93.046875, val_acc: 12.66, fidel_score: 12.94, acc_loss: 0.21421534270048143, grad_loss: None
2022-05-03 16:35:42,523 DEBUG epoch: 74, train_acc: 93.046875, val_acc: 12.75, fidel_score: 13.11, acc_loss: 0.218996636942029, grad_loss: None
2022-05-03 16:35:44,380 DEBUG epoch: 75, train_acc: 92.6953125, val_acc: 13.34, fidel_score: 13.64, acc_loss: 0.232479041069746, grad_loss: None
2022-05-03 16:35:46,241 DEBUG epoch: 76, train_acc: 92.7734375, val_acc: 12.79, fidel_score: 13.08, acc_loss: 0.21548941880464553, grad_loss: None
2022-05-03 16:35:48,120 DEBUG epoch: 77, train_acc: 93.359375, val_acc: 12.74, fidel_score: 13.14, acc_loss: 0.2142509963363409, grad_loss: None
2022-05-03 16:35:50,006 DEBUG epoch: 78, train_acc: 93.28125, val_acc: 13.01, fidel_score: 13.41, acc_loss: 0.213994999229908, grad_loss: None
2022-05-03 16:35:51,875 DEBUG epoch: 79, train_acc: 92.890625, val_acc: 12.8, fidel_score: 13.03, acc_loss: 0.2118446134030819, grad_loss: None
2022-05-03 16:35:53,743 DEBUG epoch: 80, train_acc: 93.5546875, val_acc: 12.83, fidel_score: 13.28, acc_loss: 0.19589332677423954, grad_loss: None
2022-05-03 16:35:55,611 DEBUG epoch: 81, train_acc: 93.3203125, val_acc: 12.56, fidel_score: 13.02, acc_loss: 0.20759942308068274, grad_loss: None
2022-05-03 16:35:57,488 DEBUG epoch: 82, train_acc: 93.8671875, val_acc: 13.61, fidel_score: 13.97, acc_loss: 0.20311166979372502, grad_loss: None
2022-05-03 16:35:59,360 DEBUG epoch: 83, train_acc: 93.1640625, val_acc: 13.7, fidel_score: 14.11, acc_loss: 0.21660069972276688, grad_loss: None
2022-05-03 16:36:01,240 DEBUG epoch: 84, train_acc: 93.7109375, val_acc: 13.03, fidel_score: 13.27, acc_loss: 0.1922246642410755, grad_loss: None
2022-05-03 16:36:03,110 DEBUG epoch: 85, train_acc: 92.9296875, val_acc: 13.15, fidel_score: 13.43, acc_loss: 0.20651473477482796, grad_loss: None
2022-05-03 16:36:04,985 DEBUG epoch: 86, train_acc: 94.0234375, val_acc: 12.75, fidel_score: 13.05, acc_loss: 0.18746729828417302, grad_loss: None
2022-05-03 16:36:06,853 DEBUG epoch: 87, train_acc: 93.75, val_acc: 12.97, fidel_score: 13.3, acc_loss: 0.19946329444646835, grad_loss: None
2022-05-03 16:36:08,723 DEBUG epoch: 88, train_acc: 93.3984375, val_acc: 13.02, fidel_score: 13.17, acc_loss: 0.2051314890384674, grad_loss: None
2022-05-03 16:36:10,597 DEBUG epoch: 89, train_acc: 94.0234375, val_acc: 12.62, fidel_score: 12.88, acc_loss: 0.16861782371997833, grad_loss: None
2022-05-03 16:36:12,455 DEBUG epoch: 90, train_acc: 94.296875, val_acc: 12.73, fidel_score: 12.95, acc_loss: 0.18064405620098115, grad_loss: None
2022-05-03 16:36:14,327 DEBUG epoch: 91, train_acc: 93.2421875, val_acc: 12.92, fidel_score: 13.31, acc_loss: 0.19185562655329705, grad_loss: None
2022-05-03 16:36:16,192 DEBUG epoch: 92, train_acc: 93.125, val_acc: 13.01, fidel_score: 13.35, acc_loss: 0.19759278409183026, grad_loss: None
2022-05-03 16:36:18,073 DEBUG epoch: 93, train_acc: 94.3359375, val_acc: 12.83, fidel_score: 13.23, acc_loss: 0.17048080936074256, grad_loss: None
2022-05-03 16:36:19,924 DEBUG epoch: 94, train_acc: 93.75, val_acc: 12.74, fidel_score: 13.23, acc_loss: 0.17829844132065772, grad_loss: None
2022-05-03 16:36:21,804 DEBUG epoch: 95, train_acc: 93.0078125, val_acc: 12.89, fidel_score: 13.24, acc_loss: 0.20748915746808053, grad_loss: None
2022-05-03 16:36:23,672 DEBUG epoch: 96, train_acc: 94.4140625, val_acc: 12.9, fidel_score: 13.26, acc_loss: 0.17284608855843545, grad_loss: None
2022-05-03 16:36:25,541 DEBUG epoch: 97, train_acc: 93.90625, val_acc: 13.26, fidel_score: 13.79, acc_loss: 0.17273300252854823, grad_loss: None
2022-05-03 16:36:27,397 DEBUG epoch: 98, train_acc: 94.21875, val_acc: 13.2, fidel_score: 13.51, acc_loss: 0.1673617485910654, grad_loss: None
2022-05-03 16:36:29,250 DEBUG epoch: 99, train_acc: 94.0234375, val_acc: 12.97, fidel_score: 13.28, acc_loss: 0.17483720891177654, grad_loss: None
2022-05-03 16:36:31,123 DEBUG epoch: 100, train_acc: 94.0625, val_acc: 13.68, fidel_score: 14.22, acc_loss: 0.19013532400131225, grad_loss: None
2022-05-03 16:36:32,999 DEBUG epoch: 101, train_acc: 94.1015625, val_acc: 13.88, fidel_score: 14.19, acc_loss: 0.17561784461140634, grad_loss: None
2022-05-03 16:36:34,856 DEBUG epoch: 102, train_acc: 93.8671875, val_acc: 13.83, fidel_score: 14.17, acc_loss: 0.17510183192789555, grad_loss: None
2022-05-03 16:36:36,708 DEBUG epoch: 103, train_acc: 93.515625, val_acc: 12.64, fidel_score: 12.89, acc_loss: 0.2045480154454708, grad_loss: None
2022-05-03 16:36:38,581 DEBUG epoch: 104, train_acc: 94.453125, val_acc: 12.57, fidel_score: 12.85, acc_loss: 0.1745851192623377, grad_loss: None
2022-05-03 16:36:40,457 DEBUG epoch: 105, train_acc: 94.1015625, val_acc: 12.48, fidel_score: 12.68, acc_loss: 0.17832588627934456, grad_loss: None
2022-05-03 16:36:42,344 DEBUG epoch: 106, train_acc: 94.84375, val_acc: 13.43, fidel_score: 13.65, acc_loss: 0.16758215725421904, grad_loss: None
2022-05-03 16:36:44,216 DEBUG epoch: 107, train_acc: 93.8671875, val_acc: 12.39, fidel_score: 12.6, acc_loss: 0.18308539502322674, grad_loss: None
2022-05-03 16:36:46,081 DEBUG epoch: 108, train_acc: 94.6484375, val_acc: 12.33, fidel_score: 12.6, acc_loss: 0.1639178518205881, grad_loss: None
2022-05-03 16:36:47,950 DEBUG epoch: 109, train_acc: 93.2421875, val_acc: 12.23, fidel_score: 12.66, acc_loss: 0.20446767136454583, grad_loss: None
2022-05-03 16:36:49,817 DEBUG epoch: 110, train_acc: 93.828125, val_acc: 12.57, fidel_score: 12.81, acc_loss: 0.18909815400838853, grad_loss: None
2022-05-03 16:36:51,688 DEBUG epoch: 111, train_acc: 93.9453125, val_acc: 11.8, fidel_score: 12.17, acc_loss: 0.18448081724345683, grad_loss: None
2022-05-03 16:36:53,560 DEBUG epoch: 112, train_acc: 94.296875, val_acc: 12.87, fidel_score: 13.16, acc_loss: 0.18267237357795238, grad_loss: None
2022-05-03 16:36:55,419 DEBUG epoch: 113, train_acc: 94.1796875, val_acc: 12.82, fidel_score: 13.18, acc_loss: 0.1856457207351923, grad_loss: None
2022-05-03 16:36:57,284 DEBUG epoch: 114, train_acc: 94.140625, val_acc: 12.9, fidel_score: 13.21, acc_loss: 0.17698692083358764, grad_loss: None
2022-05-03 16:36:59,172 DEBUG epoch: 115, train_acc: 93.9453125, val_acc: 11.95, fidel_score: 12.44, acc_loss: 0.17136888802051545, grad_loss: None
2022-05-03 16:37:01,051 DEBUG epoch: 116, train_acc: 94.1796875, val_acc: 12.07, fidel_score: 12.31, acc_loss: 0.19005998261272908, grad_loss: None
2022-05-03 16:37:02,923 DEBUG epoch: 117, train_acc: 93.4765625, val_acc: 12.64, fidel_score: 12.92, acc_loss: 0.17783147543668748, grad_loss: None
2022-05-03 16:37:04,789 DEBUG epoch: 118, train_acc: 95.3515625, val_acc: 12.24, fidel_score: 12.44, acc_loss: 0.1528102695941925, grad_loss: None
2022-05-03 16:37:06,651 DEBUG epoch: 119, train_acc: 94.3359375, val_acc: 12.46, fidel_score: 12.8, acc_loss: 0.16087994463741778, grad_loss: None
2022-05-03 16:37:08,517 DEBUG epoch: 120, train_acc: 94.453125, val_acc: 12.68, fidel_score: 13.07, acc_loss: 0.16673663146793843, grad_loss: None
2022-05-03 16:37:10,391 DEBUG epoch: 121, train_acc: 94.140625, val_acc: 13.26, fidel_score: 13.63, acc_loss: 0.1773327749222517, grad_loss: None
2022-05-03 16:37:12,241 DEBUG epoch: 122, train_acc: 94.0625, val_acc: 12.38, fidel_score: 12.68, acc_loss: 0.16835056766867637, grad_loss: None
2022-05-03 16:37:14,121 DEBUG epoch: 123, train_acc: 94.609375, val_acc: 12.28, fidel_score: 12.53, acc_loss: 0.1702089998871088, grad_loss: None
2022-05-03 16:37:15,991 DEBUG epoch: 124, train_acc: 94.5703125, val_acc: 12.42, fidel_score: 12.66, acc_loss: 0.15890804920345544, grad_loss: None
2022-05-03 16:37:17,851 DEBUG epoch: 125, train_acc: 95.4296875, val_acc: 11.65, fidel_score: 11.89, acc_loss: 0.13445437289774417, grad_loss: None
2022-05-03 16:37:19,720 DEBUG epoch: 126, train_acc: 95.1953125, val_acc: 12.37, fidel_score: 12.7, acc_loss: 0.14738008808344602, grad_loss: None
2022-05-03 16:37:21,592 DEBUG epoch: 127, train_acc: 94.8828125, val_acc: 12.18, fidel_score: 12.57, acc_loss: 0.15679097473621367, grad_loss: None
2022-05-03 16:37:23,457 DEBUG epoch: 128, train_acc: 94.3359375, val_acc: 12.62, fidel_score: 12.9, acc_loss: 0.18036144748330116, grad_loss: None
2022-05-03 16:37:25,328 DEBUG epoch: 129, train_acc: 94.6484375, val_acc: 12.76, fidel_score: 13.22, acc_loss: 0.15189562495797873, grad_loss: None
2022-05-03 16:37:27,204 DEBUG epoch: 130, train_acc: 93.4765625, val_acc: 12.77, fidel_score: 13.01, acc_loss: 0.19089436009526253, grad_loss: None
2022-05-03 16:37:29,083 DEBUG epoch: 131, train_acc: 95.0, val_acc: 11.86, fidel_score: 12.04, acc_loss: 0.15874928496778012, grad_loss: None
2022-05-03 16:37:30,938 DEBUG epoch: 132, train_acc: 94.6484375, val_acc: 11.57, fidel_score: 11.9, acc_loss: 0.16605496667325498, grad_loss: None
2022-05-03 16:37:32,804 DEBUG epoch: 133, train_acc: 95.390625, val_acc: 11.92, fidel_score: 12.25, acc_loss: 0.1382147990167141, grad_loss: None
2022-05-03 16:37:34,667 DEBUG epoch: 134, train_acc: 95.5078125, val_acc: 13.03, fidel_score: 13.36, acc_loss: 0.13885820060968398, grad_loss: None
2022-05-03 16:37:36,540 DEBUG epoch: 135, train_acc: 95.46875, val_acc: 12.08, fidel_score: 12.42, acc_loss: 0.13706412240862847, grad_loss: None
2022-05-03 16:37:38,395 DEBUG epoch: 136, train_acc: 95.15625, val_acc: 12.41, fidel_score: 12.69, acc_loss: 0.14943866282701493, grad_loss: None
2022-05-03 16:37:40,262 DEBUG epoch: 137, train_acc: 95.2734375, val_acc: 12.46, fidel_score: 12.71, acc_loss: 0.15526866298168898, grad_loss: None
2022-05-03 16:37:42,138 DEBUG epoch: 138, train_acc: 94.609375, val_acc: 11.97, fidel_score: 12.24, acc_loss: 0.17468873523175715, grad_loss: None
2022-05-03 16:37:43,995 DEBUG epoch: 139, train_acc: 95.2734375, val_acc: 12.45, fidel_score: 12.73, acc_loss: 0.14158932976424693, grad_loss: None
2022-05-03 16:37:45,865 DEBUG epoch: 140, train_acc: 95.1953125, val_acc: 12.87, fidel_score: 13.26, acc_loss: 0.14433427155017853, grad_loss: None
2022-05-03 16:37:47,728 DEBUG epoch: 141, train_acc: 95.8203125, val_acc: 12.68, fidel_score: 13.07, acc_loss: 0.13730002343654632, grad_loss: None
2022-05-03 16:37:49,595 DEBUG epoch: 142, train_acc: 94.9609375, val_acc: 12.68, fidel_score: 12.95, acc_loss: 0.17035468220710753, grad_loss: None
2022-05-03 16:37:51,464 DEBUG epoch: 143, train_acc: 95.5078125, val_acc: 11.44, fidel_score: 11.72, acc_loss: 0.15138452611863612, grad_loss: None
2022-05-03 16:37:53,317 DEBUG epoch: 144, train_acc: 95.3515625, val_acc: 11.71, fidel_score: 12.17, acc_loss: 0.12827266305685042, grad_loss: None
2022-05-03 16:37:55,205 DEBUG epoch: 145, train_acc: 95.625, val_acc: 11.79, fidel_score: 12.39, acc_loss: 0.14455283097922803, grad_loss: None
2022-05-03 16:37:57,083 DEBUG epoch: 146, train_acc: 96.015625, val_acc: 11.78, fidel_score: 12.16, acc_loss: 0.13250336349010466, grad_loss: None
2022-05-03 16:37:58,948 DEBUG epoch: 147, train_acc: 95.5078125, val_acc: 12.82, fidel_score: 13.18, acc_loss: 0.13742898255586625, grad_loss: None
2022-05-03 16:38:00,818 DEBUG epoch: 148, train_acc: 94.9609375, val_acc: 12.59, fidel_score: 12.77, acc_loss: 0.15046505127102136, grad_loss: None
2022-05-03 16:38:02,690 DEBUG epoch: 149, train_acc: 95.390625, val_acc: 12.39, fidel_score: 12.59, acc_loss: 0.14394967593252658, grad_loss: None
2022-05-03 16:38:04,560 DEBUG epoch: 150, train_acc: 94.609375, val_acc: 12.46, fidel_score: 12.72, acc_loss: 0.169843078404665, grad_loss: None
2022-05-03 16:38:06,435 DEBUG epoch: 151, train_acc: 95.390625, val_acc: 12.51, fidel_score: 12.85, acc_loss: 0.1470329210162163, grad_loss: None
2022-05-03 16:38:08,305 DEBUG epoch: 152, train_acc: 95.546875, val_acc: 12.25, fidel_score: 12.69, acc_loss: 0.13520833514630795, grad_loss: None
2022-05-03 16:38:10,167 DEBUG epoch: 153, train_acc: 96.09375, val_acc: 11.9, fidel_score: 12.18, acc_loss: 0.11864801403135061, grad_loss: None
2022-05-03 16:38:12,034 DEBUG epoch: 154, train_acc: 95.859375, val_acc: 12.49, fidel_score: 12.75, acc_loss: 0.12345113642513753, grad_loss: None
2022-05-03 16:38:13,912 DEBUG epoch: 155, train_acc: 96.1328125, val_acc: 12.42, fidel_score: 12.62, acc_loss: 0.11874157721176744, grad_loss: None
2022-05-03 16:38:15,775 DEBUG epoch: 156, train_acc: 95.8984375, val_acc: 12.23, fidel_score: 12.53, acc_loss: 0.12232078835368157, grad_loss: None
2022-05-03 16:38:17,646 DEBUG epoch: 157, train_acc: 96.5234375, val_acc: 12.92, fidel_score: 13.18, acc_loss: 0.10625057052820921, grad_loss: None
2022-05-03 16:38:19,527 DEBUG epoch: 158, train_acc: 96.09375, val_acc: 12.36, fidel_score: 12.82, acc_loss: 0.12614639326930047, grad_loss: None
2022-05-03 16:38:21,382 DEBUG epoch: 159, train_acc: 96.71875, val_acc: 12.76, fidel_score: 12.86, acc_loss: 0.11517918007448316, grad_loss: None
2022-05-03 16:38:23,252 DEBUG epoch: 160, train_acc: 95.2734375, val_acc: 12.33, fidel_score: 12.48, acc_loss: 0.13987033385783434, grad_loss: None
2022-05-03 16:38:25,111 DEBUG epoch: 161, train_acc: 95.625, val_acc: 12.81, fidel_score: 13.07, acc_loss: 0.13250790480524302, grad_loss: None
2022-05-03 16:38:26,977 DEBUG epoch: 162, train_acc: 96.640625, val_acc: 12.37, fidel_score: 12.65, acc_loss: 0.10656944233924151, grad_loss: None
2022-05-03 16:38:28,847 DEBUG epoch: 163, train_acc: 96.484375, val_acc: 12.69, fidel_score: 13.11, acc_loss: 0.10362065420486033, grad_loss: None
2022-05-03 16:38:30,710 DEBUG epoch: 164, train_acc: 95.8984375, val_acc: 12.32, fidel_score: 12.58, acc_loss: 0.12040153238922358, grad_loss: None
2022-05-03 16:38:32,584 DEBUG epoch: 165, train_acc: 96.3671875, val_acc: 12.76, fidel_score: 13.21, acc_loss: 0.11985085904598236, grad_loss: None
2022-05-03 16:38:34,451 DEBUG epoch: 166, train_acc: 96.484375, val_acc: 12.35, fidel_score: 12.71, acc_loss: 0.10759501587599515, grad_loss: None
2022-05-03 16:38:36,330 DEBUG epoch: 167, train_acc: 95.8203125, val_acc: 12.6, fidel_score: 13.14, acc_loss: 0.12890685498714446, grad_loss: None
2022-05-03 16:38:38,196 DEBUG epoch: 168, train_acc: 96.875, val_acc: 13.01, fidel_score: 13.34, acc_loss: 0.1127351053059101, grad_loss: None
2022-05-03 16:38:40,065 DEBUG epoch: 169, train_acc: 96.9140625, val_acc: 12.92, fidel_score: 13.31, acc_loss: 0.10383022837340831, grad_loss: None
2022-05-03 16:38:41,934 DEBUG epoch: 170, train_acc: 95.8203125, val_acc: 13.31, fidel_score: 13.6, acc_loss: 0.11456144638359547, grad_loss: None
2022-05-03 16:38:43,804 DEBUG epoch: 171, train_acc: 96.4453125, val_acc: 13.14, fidel_score: 13.57, acc_loss: 0.10484540928155184, grad_loss: None
2022-05-03 16:38:45,664 DEBUG epoch: 172, train_acc: 96.015625, val_acc: 12.65, fidel_score: 12.86, acc_loss: 0.10871539730578661, grad_loss: None
2022-05-03 16:38:47,530 DEBUG epoch: 173, train_acc: 96.0546875, val_acc: 12.42, fidel_score: 12.73, acc_loss: 0.1293577378615737, grad_loss: None
2022-05-03 16:38:49,388 DEBUG epoch: 174, train_acc: 96.1328125, val_acc: 12.64, fidel_score: 12.94, acc_loss: 0.11411216091364622, grad_loss: None
2022-05-03 16:38:51,269 DEBUG epoch: 175, train_acc: 96.2109375, val_acc: 12.97, fidel_score: 13.25, acc_loss: 0.12365969959646464, grad_loss: None
2022-05-03 16:38:53,141 DEBUG epoch: 176, train_acc: 96.171875, val_acc: 12.68, fidel_score: 13.02, acc_loss: 0.11894285893067717, grad_loss: None
2022-05-03 16:38:55,008 DEBUG epoch: 177, train_acc: 96.6796875, val_acc: 12.84, fidel_score: 13.17, acc_loss: 0.10202221237123013, grad_loss: None
2022-05-03 16:38:56,875 DEBUG epoch: 178, train_acc: 96.171875, val_acc: 12.75, fidel_score: 13.06, acc_loss: 0.11390056908130645, grad_loss: None
2022-05-03 16:38:58,744 DEBUG epoch: 179, train_acc: 96.6015625, val_acc: 12.74, fidel_score: 13.16, acc_loss: 0.10974328443408013, grad_loss: None
2022-05-03 16:39:00,619 DEBUG epoch: 180, train_acc: 96.09375, val_acc: 13.09, fidel_score: 13.48, acc_loss: 0.12081190571188927, grad_loss: None
2022-05-03 16:39:02,500 DEBUG epoch: 181, train_acc: 96.4453125, val_acc: 12.63, fidel_score: 12.96, acc_loss: 0.11067096330225468, grad_loss: None
2022-05-03 16:39:04,368 DEBUG epoch: 182, train_acc: 96.40625, val_acc: 13.02, fidel_score: 13.31, acc_loss: 0.10186627879738808, grad_loss: None
2022-05-03 16:39:06,242 DEBUG epoch: 183, train_acc: 96.5234375, val_acc: 12.46, fidel_score: 12.76, acc_loss: 0.10856579877436161, grad_loss: None
2022-05-03 16:39:08,113 DEBUG epoch: 184, train_acc: 96.6015625, val_acc: 12.53, fidel_score: 12.81, acc_loss: 0.0998621940612793, grad_loss: None
2022-05-03 16:39:09,976 DEBUG epoch: 185, train_acc: 95.78125, val_acc: 12.84, fidel_score: 13.14, acc_loss: 0.1297357276082039, grad_loss: None
2022-05-03 16:39:11,841 DEBUG epoch: 186, train_acc: 97.3046875, val_acc: 12.4, fidel_score: 12.84, acc_loss: 0.08829939682036639, grad_loss: None
2022-05-03 16:39:13,702 DEBUG epoch: 187, train_acc: 96.5234375, val_acc: 12.42, fidel_score: 12.72, acc_loss: 0.11642856374382973, grad_loss: None
2022-05-03 16:39:15,583 DEBUG epoch: 188, train_acc: 96.25, val_acc: 12.68, fidel_score: 12.99, acc_loss: 0.11477612592279911, grad_loss: None
2022-05-03 16:39:17,467 DEBUG epoch: 189, train_acc: 96.2890625, val_acc: 12.78, fidel_score: 12.97, acc_loss: 0.11703091729432344, grad_loss: None
2022-05-03 16:39:19,353 DEBUG epoch: 190, train_acc: 96.796875, val_acc: 12.67, fidel_score: 13.09, acc_loss: 0.09809911511838436, grad_loss: None
2022-05-03 16:39:21,223 DEBUG epoch: 191, train_acc: 96.6796875, val_acc: 12.81, fidel_score: 13.39, acc_loss: 0.11266155671328307, grad_loss: None
2022-05-03 16:39:23,108 DEBUG epoch: 192, train_acc: 96.3671875, val_acc: 12.31, fidel_score: 12.76, acc_loss: 0.104360057041049, grad_loss: None
2022-05-03 16:39:24,982 DEBUG epoch: 193, train_acc: 96.71875, val_acc: 12.68, fidel_score: 12.94, acc_loss: 0.1009069949388504, grad_loss: None
2022-05-03 16:39:26,848 DEBUG epoch: 194, train_acc: 96.171875, val_acc: 12.51, fidel_score: 12.94, acc_loss: 0.1272688288241625, grad_loss: None
2022-05-03 16:39:28,721 DEBUG epoch: 195, train_acc: 95.4296875, val_acc: 12.36, fidel_score: 12.74, acc_loss: 0.1297109577804804, grad_loss: None
2022-05-03 16:39:30,604 DEBUG epoch: 196, train_acc: 96.6015625, val_acc: 12.46, fidel_score: 12.8, acc_loss: 0.10512272194027901, grad_loss: None
2022-05-03 16:39:32,469 DEBUG epoch: 197, train_acc: 96.875, val_acc: 12.68, fidel_score: 12.92, acc_loss: 0.095419143140316, grad_loss: None
2022-05-03 16:39:34,336 DEBUG epoch: 198, train_acc: 96.09375, val_acc: 12.22, fidel_score: 12.58, acc_loss: 0.11591427847743034, grad_loss: None
2022-05-03 16:39:36,198 DEBUG epoch: 199, train_acc: 96.484375, val_acc: 12.2, fidel_score: 12.64, acc_loss: 0.11088683987036348, grad_loss: None
2022-05-03 16:39:38,090 DEBUG epoch: 200, train_acc: 97.03125, val_acc: 12.53, fidel_score: 12.79, acc_loss: 0.10206623915582895, grad_loss: None
2022-05-03 16:39:39,968 DEBUG epoch: 201, train_acc: 96.09375, val_acc: 12.24, fidel_score: 12.51, acc_loss: 0.11276430524885654, grad_loss: None
2022-05-03 16:39:41,828 DEBUG epoch: 202, train_acc: 96.40625, val_acc: 12.69, fidel_score: 12.97, acc_loss: 0.09930825978517532, grad_loss: None
2022-05-03 16:39:43,703 DEBUG epoch: 203, train_acc: 96.875, val_acc: 12.18, fidel_score: 12.47, acc_loss: 0.10849692113697529, grad_loss: None
2022-05-03 16:39:45,586 DEBUG epoch: 204, train_acc: 96.640625, val_acc: 12.08, fidel_score: 12.65, acc_loss: 0.10685876868665219, grad_loss: None
2022-05-03 16:39:47,437 DEBUG epoch: 205, train_acc: 95.9375, val_acc: 12.52, fidel_score: 13.07, acc_loss: 0.11062236819416285, grad_loss: None
2022-05-03 16:39:49,305 DEBUG epoch: 206, train_acc: 97.3046875, val_acc: 12.32, fidel_score: 12.43, acc_loss: 0.08912973646074533, grad_loss: None
2022-05-03 16:39:51,179 DEBUG epoch: 207, train_acc: 96.328125, val_acc: 12.39, fidel_score: 12.73, acc_loss: 0.1138947831466794, grad_loss: None
2022-05-03 16:39:53,063 DEBUG epoch: 208, train_acc: 96.25, val_acc: 12.01, fidel_score: 12.38, acc_loss: 0.10775912813842296, grad_loss: None
2022-05-03 16:39:54,931 DEBUG epoch: 209, train_acc: 96.9140625, val_acc: 12.3, fidel_score: 12.7, acc_loss: 0.10352176930755377, grad_loss: None
2022-05-03 16:39:56,796 DEBUG epoch: 210, train_acc: 97.03125, val_acc: 12.3, fidel_score: 12.57, acc_loss: 0.09444107711315156, grad_loss: None
2022-05-03 16:39:58,659 DEBUG epoch: 211, train_acc: 96.09375, val_acc: 12.4, fidel_score: 12.69, acc_loss: 0.10238428805023432, grad_loss: None
2022-05-03 16:40:00,530 DEBUG epoch: 212, train_acc: 96.5234375, val_acc: 12.51, fidel_score: 12.79, acc_loss: 0.10875109974294901, grad_loss: None
2022-05-03 16:40:02,410 DEBUG epoch: 213, train_acc: 95.9375, val_acc: 12.52, fidel_score: 12.75, acc_loss: 0.11863411627709866, grad_loss: None
2022-05-03 16:40:04,281 DEBUG epoch: 214, train_acc: 96.7578125, val_acc: 11.98, fidel_score: 12.25, acc_loss: 0.10098106767982244, grad_loss: None
2022-05-03 16:40:06,144 DEBUG epoch: 215, train_acc: 97.03125, val_acc: 12.09, fidel_score: 12.34, acc_loss: 0.1011848310008645, grad_loss: None
2022-05-03 16:40:08,008 DEBUG epoch: 216, train_acc: 96.71875, val_acc: 12.23, fidel_score: 12.49, acc_loss: 0.095900241099298, grad_loss: None
2022-05-03 16:40:09,887 DEBUG epoch: 217, train_acc: 96.5625, val_acc: 11.69, fidel_score: 12.14, acc_loss: 0.10546190701425076, grad_loss: None
2022-05-03 16:40:11,765 DEBUG epoch: 218, train_acc: 97.1875, val_acc: 11.92, fidel_score: 12.26, acc_loss: 0.08634529113769532, grad_loss: None
2022-05-03 16:40:13,625 DEBUG epoch: 219, train_acc: 97.265625, val_acc: 11.7, fidel_score: 11.87, acc_loss: 0.08472422361373902, grad_loss: None
2022-05-03 16:40:15,492 DEBUG epoch: 220, train_acc: 95.8984375, val_acc: 11.93, fidel_score: 12.15, acc_loss: 0.12627257499843836, grad_loss: None
2022-05-03 16:40:17,351 DEBUG epoch: 221, train_acc: 96.328125, val_acc: 11.75, fidel_score: 12.14, acc_loss: 0.12013595700263976, grad_loss: None
2022-05-03 16:40:19,221 DEBUG epoch: 222, train_acc: 96.5625, val_acc: 11.91, fidel_score: 12.16, acc_loss: 0.1083277864381671, grad_loss: None
2022-05-03 16:40:21,080 DEBUG epoch: 223, train_acc: 96.6796875, val_acc: 12.34, fidel_score: 12.54, acc_loss: 0.10253022871911525, grad_loss: None
2022-05-03 16:40:22,971 DEBUG epoch: 224, train_acc: 96.3671875, val_acc: 11.47, fidel_score: 11.71, acc_loss: 0.11323773618787528, grad_loss: None
2022-05-03 16:40:24,833 DEBUG epoch: 225, train_acc: 96.328125, val_acc: 11.78, fidel_score: 12.01, acc_loss: 0.10761081762611865, grad_loss: None
2022-05-03 16:40:26,717 DEBUG epoch: 226, train_acc: 96.3671875, val_acc: 11.67, fidel_score: 11.98, acc_loss: 0.10741708939895034, grad_loss: None
2022-05-03 16:40:28,573 DEBUG epoch: 227, train_acc: 96.8359375, val_acc: 11.65, fidel_score: 12.06, acc_loss: 0.1013471239246428, grad_loss: None
2022-05-03 16:40:30,437 DEBUG epoch: 228, train_acc: 96.6796875, val_acc: 11.92, fidel_score: 12.04, acc_loss: 0.10401674155145883, grad_loss: None
2022-05-03 16:40:32,308 DEBUG epoch: 229, train_acc: 97.1484375, val_acc: 11.49, fidel_score: 11.83, acc_loss: 0.09029767923057079, grad_loss: None
2022-05-03 16:40:34,180 DEBUG epoch: 230, train_acc: 97.1875, val_acc: 11.95, fidel_score: 12.27, acc_loss: 0.08932012766599655, grad_loss: None
2022-05-03 16:40:36,032 DEBUG epoch: 231, train_acc: 96.71875, val_acc: 12.04, fidel_score: 12.22, acc_loss: 0.10388063378632069, grad_loss: None
2022-05-03 16:40:37,913 DEBUG epoch: 232, train_acc: 96.953125, val_acc: 11.9, fidel_score: 12.12, acc_loss: 0.11178254708647728, grad_loss: None
2022-05-03 16:40:39,783 DEBUG epoch: 233, train_acc: 96.5625, val_acc: 11.54, fidel_score: 11.83, acc_loss: 0.11364747267216443, grad_loss: None
2022-05-03 16:40:41,658 DEBUG epoch: 234, train_acc: 97.0703125, val_acc: 11.78, fidel_score: 12.22, acc_loss: 0.09875758588314057, grad_loss: None
2022-05-03 16:40:43,527 DEBUG epoch: 235, train_acc: 97.1875, val_acc: 12.16, fidel_score: 12.53, acc_loss: 0.10088900346308946, grad_loss: None
2022-05-03 16:40:45,386 DEBUG epoch: 236, train_acc: 96.2890625, val_acc: 11.62, fidel_score: 11.94, acc_loss: 0.11293797064572572, grad_loss: None
2022-05-03 16:40:47,264 DEBUG epoch: 237, train_acc: 96.40625, val_acc: 11.92, fidel_score: 12.49, acc_loss: 0.11268234960734844, grad_loss: None
2022-05-03 16:40:49,127 DEBUG epoch: 238, train_acc: 96.4453125, val_acc: 11.65, fidel_score: 12.09, acc_loss: 0.11652350593358278, grad_loss: None
2022-05-03 16:40:50,993 DEBUG epoch: 239, train_acc: 96.640625, val_acc: 11.97, fidel_score: 12.28, acc_loss: 0.1139440443366766, grad_loss: None
2022-05-03 16:40:52,866 DEBUG epoch: 240, train_acc: 96.328125, val_acc: 12.12, fidel_score: 12.46, acc_loss: 0.1140916733071208, grad_loss: None
2022-05-03 16:40:54,749 DEBUG epoch: 241, train_acc: 96.328125, val_acc: 12.07, fidel_score: 12.53, acc_loss: 0.11330309426411986, grad_loss: None
2022-05-03 16:40:56,613 DEBUG epoch: 242, train_acc: 96.71875, val_acc: 12.24, fidel_score: 12.46, acc_loss: 0.10048923529684543, grad_loss: None
2022-05-03 16:40:58,474 DEBUG epoch: 243, train_acc: 96.9921875, val_acc: 11.99, fidel_score: 12.3, acc_loss: 0.10196967609226704, grad_loss: None
2022-05-03 16:41:00,337 DEBUG epoch: 244, train_acc: 96.9921875, val_acc: 12.35, fidel_score: 12.69, acc_loss: 0.09491562843322754, grad_loss: None
2022-05-03 16:41:02,201 DEBUG epoch: 245, train_acc: 97.0703125, val_acc: 12.6, fidel_score: 13.03, acc_loss: 0.09244122384116053, grad_loss: None
2022-05-03 16:41:04,065 DEBUG epoch: 246, train_acc: 97.03125, val_acc: 11.53, fidel_score: 11.77, acc_loss: 0.10002085119485855, grad_loss: None
2022-05-03 16:41:05,936 DEBUG epoch: 247, train_acc: 97.3828125, val_acc: 11.78, fidel_score: 11.99, acc_loss: 0.08479895610362291, grad_loss: None
2022-05-03 16:41:07,825 DEBUG epoch: 248, train_acc: 96.484375, val_acc: 11.82, fidel_score: 12.19, acc_loss: 0.10541032813489437, grad_loss: None
2022-05-03 16:41:09,694 DEBUG epoch: 249, train_acc: 96.484375, val_acc: 12.03, fidel_score: 12.41, acc_loss: 0.11502125598490238, grad_loss: None
2022-05-03 16:41:11,544 DEBUG epoch: 250, train_acc: 96.953125, val_acc: 12.43, fidel_score: 12.68, acc_loss: 0.09670158382505178, grad_loss: None
2022-05-03 16:41:13,402 DEBUG epoch: 251, train_acc: 96.8359375, val_acc: 11.69, fidel_score: 12.08, acc_loss: 0.10192017201334239, grad_loss: None
2022-05-03 16:41:15,252 DEBUG epoch: 252, train_acc: 97.1875, val_acc: 11.8, fidel_score: 12.16, acc_loss: 0.08590135890990495, grad_loss: None
2022-05-03 16:41:17,119 DEBUG epoch: 253, train_acc: 96.796875, val_acc: 11.91, fidel_score: 12.17, acc_loss: 0.10499023329466581, grad_loss: None
2022-05-03 16:41:18,990 DEBUG epoch: 254, train_acc: 97.34375, val_acc: 11.88, fidel_score: 12.25, acc_loss: 0.09239585064351559, grad_loss: None
2022-05-03 16:41:20,848 DEBUG epoch: 255, train_acc: 96.4453125, val_acc: 12.08, fidel_score: 12.4, acc_loss: 0.10588655415922403, grad_loss: None
2022-05-03 16:41:22,730 DEBUG epoch: 256, train_acc: 96.9140625, val_acc: 11.96, fidel_score: 12.22, acc_loss: 0.09683483187109232, grad_loss: None
2022-05-03 16:41:24,602 DEBUG epoch: 257, train_acc: 97.0703125, val_acc: 12.04, fidel_score: 12.53, acc_loss: 0.09383626850321888, grad_loss: None
2022-05-03 16:41:26,474 DEBUG epoch: 258, train_acc: 97.4609375, val_acc: 12.15, fidel_score: 12.42, acc_loss: 0.0827483395114541, grad_loss: None
2022-05-03 16:41:28,334 DEBUG epoch: 259, train_acc: 96.25, val_acc: 12.18, fidel_score: 12.36, acc_loss: 0.11923001017421483, grad_loss: None
2022-05-03 16:41:30,210 DEBUG epoch: 260, train_acc: 97.0703125, val_acc: 12.08, fidel_score: 12.37, acc_loss: 0.09909942485392094, grad_loss: None
2022-05-03 16:41:32,085 DEBUG epoch: 261, train_acc: 96.7578125, val_acc: 11.88, fidel_score: 12.24, acc_loss: 0.09629705362021923, grad_loss: None
2022-05-03 16:41:33,945 DEBUG epoch: 262, train_acc: 96.9140625, val_acc: 12.32, fidel_score: 12.82, acc_loss: 0.10164754977449775, grad_loss: None
2022-05-03 16:41:35,807 DEBUG epoch: 263, train_acc: 97.03125, val_acc: 12.04, fidel_score: 12.41, acc_loss: 0.0941366096958518, grad_loss: None
2022-05-03 16:41:37,683 DEBUG epoch: 264, train_acc: 96.5234375, val_acc: 11.97, fidel_score: 12.3, acc_loss: 0.10200202502310277, grad_loss: None
2022-05-03 16:41:39,551 DEBUG epoch: 265, train_acc: 96.640625, val_acc: 12.45, fidel_score: 12.74, acc_loss: 0.10527749173343182, grad_loss: None
2022-05-03 16:41:41,413 DEBUG epoch: 266, train_acc: 97.3046875, val_acc: 11.58, fidel_score: 11.87, acc_loss: 0.08568441979587078, grad_loss: None
2022-05-03 16:41:43,283 DEBUG epoch: 267, train_acc: 96.8359375, val_acc: 12.0, fidel_score: 12.35, acc_loss: 0.10782167967408895, grad_loss: None
2022-05-03 16:41:45,159 DEBUG epoch: 268, train_acc: 97.0703125, val_acc: 11.83, fidel_score: 12.11, acc_loss: 0.10043381927534938, grad_loss: None
2022-05-03 16:41:47,028 DEBUG epoch: 269, train_acc: 96.3671875, val_acc: 11.94, fidel_score: 12.28, acc_loss: 0.11483236625790597, grad_loss: None
2022-05-03 16:41:48,892 DEBUG epoch: 270, train_acc: 96.796875, val_acc: 12.16, fidel_score: 12.5, acc_loss: 0.09439959721639753, grad_loss: None
2022-05-03 16:41:50,757 DEBUG epoch: 271, train_acc: 96.875, val_acc: 12.46, fidel_score: 12.86, acc_loss: 0.09644146375358105, grad_loss: None
2022-05-03 16:41:52,637 DEBUG epoch: 272, train_acc: 96.71875, val_acc: 12.18, fidel_score: 12.34, acc_loss: 0.09054995384067296, grad_loss: None
2022-05-03 16:41:54,520 DEBUG epoch: 273, train_acc: 96.953125, val_acc: 11.7, fidel_score: 12.01, acc_loss: 0.10231798011809587, grad_loss: None
2022-05-03 16:41:56,397 DEBUG epoch: 274, train_acc: 97.1875, val_acc: 12.14, fidel_score: 12.39, acc_loss: 0.09428685940802098, grad_loss: None
2022-05-03 16:41:58,261 DEBUG epoch: 275, train_acc: 96.953125, val_acc: 11.7, fidel_score: 11.97, acc_loss: 0.09919396247714758, grad_loss: None
2022-05-03 16:42:00,125 DEBUG epoch: 276, train_acc: 96.25, val_acc: 11.72, fidel_score: 12.13, acc_loss: 0.11092136986553669, grad_loss: None
2022-05-03 16:42:01,989 DEBUG epoch: 277, train_acc: 96.8359375, val_acc: 12.07, fidel_score: 12.23, acc_loss: 0.10581432096660137, grad_loss: None
2022-05-03 16:42:03,848 DEBUG epoch: 278, train_acc: 96.796875, val_acc: 11.69, fidel_score: 12.06, acc_loss: 0.10067333485931158, grad_loss: None
2022-05-03 16:42:05,715 DEBUG epoch: 279, train_acc: 96.796875, val_acc: 11.92, fidel_score: 12.19, acc_loss: 0.09604261396452785, grad_loss: None
2022-05-03 16:42:07,583 DEBUG epoch: 280, train_acc: 97.265625, val_acc: 12.11, fidel_score: 12.47, acc_loss: 0.08924334030598402, grad_loss: None
2022-05-03 16:42:09,475 DEBUG epoch: 281, train_acc: 96.6796875, val_acc: 12.21, fidel_score: 12.5, acc_loss: 0.10508615113794803, grad_loss: None
2022-05-03 16:42:11,343 DEBUG epoch: 282, train_acc: 96.953125, val_acc: 11.99, fidel_score: 12.17, acc_loss: 0.09287832099944353, grad_loss: None
2022-05-03 16:42:13,201 DEBUG epoch: 283, train_acc: 96.71875, val_acc: 11.93, fidel_score: 12.27, acc_loss: 0.09126605382189154, grad_loss: None
2022-05-03 16:42:15,064 DEBUG epoch: 284, train_acc: 97.4609375, val_acc: 12.04, fidel_score: 12.21, acc_loss: 0.086338628269732, grad_loss: None
2022-05-03 16:42:16,937 DEBUG epoch: 285, train_acc: 97.65625, val_acc: 12.41, fidel_score: 12.59, acc_loss: 0.08342947205528617, grad_loss: None
2022-05-03 16:42:18,801 DEBUG epoch: 286, train_acc: 96.3671875, val_acc: 12.3, fidel_score: 12.55, acc_loss: 0.11093509960919619, grad_loss: None
2022-05-03 16:42:20,675 DEBUG epoch: 287, train_acc: 96.2109375, val_acc: 12.27, fidel_score: 12.55, acc_loss: 0.11622933018952608, grad_loss: None
2022-05-03 16:42:22,549 DEBUG epoch: 288, train_acc: 96.9140625, val_acc: 11.83, fidel_score: 12.32, acc_loss: 0.09091855064034463, grad_loss: None
2022-05-03 16:42:24,422 DEBUG epoch: 289, train_acc: 96.953125, val_acc: 12.12, fidel_score: 12.54, acc_loss: 0.0984181271865964, grad_loss: None
2022-05-03 16:42:26,305 DEBUG epoch: 290, train_acc: 97.3046875, val_acc: 11.93, fidel_score: 12.18, acc_loss: 0.08695996515452861, grad_loss: None
2022-05-03 16:42:28,167 DEBUG epoch: 291, train_acc: 96.953125, val_acc: 11.99, fidel_score: 12.22, acc_loss: 0.09980580825358629, grad_loss: None
2022-05-03 16:42:30,043 DEBUG epoch: 292, train_acc: 97.1875, val_acc: 12.38, fidel_score: 12.6, acc_loss: 0.0883368119597435, grad_loss: None
2022-05-03 16:42:31,917 DEBUG epoch: 293, train_acc: 96.71875, val_acc: 12.16, fidel_score: 12.37, acc_loss: 0.09952757991850376, grad_loss: None
2022-05-03 16:42:33,794 DEBUG epoch: 294, train_acc: 96.484375, val_acc: 11.88, fidel_score: 12.36, acc_loss: 0.11838008128106595, grad_loss: None
2022-05-03 16:42:35,657 DEBUG epoch: 295, train_acc: 97.4609375, val_acc: 12.11, fidel_score: 12.47, acc_loss: 0.08707183869555593, grad_loss: None
2022-05-03 16:42:37,531 DEBUG epoch: 296, train_acc: 97.34375, val_acc: 12.15, fidel_score: 12.36, acc_loss: 0.08533403277397156, grad_loss: None
2022-05-03 16:42:39,407 DEBUG epoch: 297, train_acc: 97.1484375, val_acc: 12.15, fidel_score: 12.51, acc_loss: 0.08689858857542276, grad_loss: None
2022-05-03 16:42:41,268 DEBUG epoch: 298, train_acc: 97.109375, val_acc: 11.81, fidel_score: 12.09, acc_loss: 0.0917871717363596, grad_loss: None
2022-05-03 16:42:43,124 DEBUG epoch: 299, train_acc: 96.09375, val_acc: 12.13, fidel_score: 12.5, acc_loss: 0.107254927046597, grad_loss: None
2022-05-03 16:42:44,991 DEBUG epoch: 300, train_acc: 96.9140625, val_acc: 12.32, fidel_score: 12.62, acc_loss: 0.09634441882371902, grad_loss: None
2022-05-03 16:42:44,991 DEBUG load best stealed model.
2022-05-03 16:42:44,991 DEBUG Best perform model, val_acc: 19.53, fidel_score: 20.18, acc_loss: 2.4833409070968626
2022-05-03 16:42:44,994 DEBUG load cloest stealed model.
2022-05-03 16:42:44,994 DEBUG Closest perform model, val_acc: 19.53, fidel_score: 20.18, acc_loss: 2.4833409070968626
