2022-04-30 20:07:39,188 DEBUG Namespace(arch='vgg11_bn', attack_client=0, attack_epochs=300, attack_style='TrainME_option', average_time=1, batch_size=128, bottleneck_option='None', cutlayer=4, data_proportion=0.2, dataset='svhn', filename='ace_V2_epoch_vgg11_bn_cutlayer_4_client_1_seed125_dataset_svhn_lr_0.05_200epoch', folder='saves/baseline', learning_rate=0.005, noniid_ratio=1.0, num_client=1, num_epochs='best', num_query=1, random_seed=123, regularization='None', regularization_strength=0.0, scheme='V2_epoch', surrogate_arch='same', test_best=True, train_clas_layer=2.0)
2022-04-30 20:07:43,385 DEBUG Test (client-0):	Loss 0.0372 (0.1713)	Prec@1 97.917 (95.267)
2022-04-30 20:07:43,386 DEBUG  * Prec@1 95.267
2022-04-30 20:07:43,475 DEBUG 4
2022-04-30 20:07:43,475 DEBUG surrogate parameter has 4 trainable parameters!
2022-04-30 20:07:52,011 DEBUG epoch: 0, val_acc: 12.661339887022313, val_fidelity: 12.553779961950001
2022-04-30 20:07:57,229 DEBUG epoch: 1, train_acc: 86.24078853441321, val_acc: 95.37492316679202, fidel_score: 98.99354640442532, acc_loss: 0.6974926281234493, grad_loss: None
2022-04-30 20:08:02,459 DEBUG epoch: 2, train_acc: 93.06719784943954, val_acc: 95.45175168553817, fidel_score: 98.77458512599877, acc_loss: 0.26825568585292153, grad_loss: None
2022-04-30 20:08:07,738 DEBUG epoch: 3, train_acc: 93.25856668223506, val_acc: 95.44791025960086, fidel_score: 98.61324523663184, acc_loss: 0.24839894596649253, grad_loss: None
2022-04-30 20:08:13,024 DEBUG epoch: 4, train_acc: 92.9923544842264, val_acc: 95.45943453741279, fidel_score: 98.72464658881377, acc_loss: 0.2450361939875976, grad_loss: None
2022-04-30 20:08:18,285 DEBUG epoch: 5, train_acc: 93.47699432373047, val_acc: 95.48248309303663, fidel_score: 98.60172095881991, acc_loss: 0.22850924712484297, grad_loss: None
2022-04-30 20:08:23,509 DEBUG epoch: 6, train_acc: 92.8294261103091, val_acc: 95.47864166709932, fidel_score: 98.47879532882607, acc_loss: 0.2418535224445488, grad_loss: None
2022-04-30 20:08:28,772 DEBUG epoch: 7, train_acc: 93.57670871900476, val_acc: 95.49784879678587, fidel_score: 98.49031960663798, acc_loss: 0.22590371350879254, grad_loss: None
2022-04-30 20:08:33,999 DEBUG epoch: 8, train_acc: 93.25511242410411, val_acc: 95.45559311616472, fidel_score: 98.36739397195488, acc_loss: 0.2347865593822106, grad_loss: None
2022-04-30 20:08:39,251 DEBUG epoch: 9, train_acc: 93.15551306683085, val_acc: 95.44791025960086, fidel_score: 98.34050399508297, acc_loss: 0.23431433850656386, grad_loss: None
2022-04-30 20:08:44,553 DEBUG epoch: 10, train_acc: 93.09771098261294, val_acc: 95.50553164866048, fidel_score: 98.42885679164105, acc_loss: 0.23478493956120117, grad_loss: None
2022-04-30 20:08:49,772 DEBUG epoch: 11, train_acc: 93.44993551503057, val_acc: 95.48248309303663, fidel_score: 98.37507682851874, acc_loss: 0.22600129091221352, grad_loss: None
2022-04-30 20:08:55,019 DEBUG epoch: 12, train_acc: 93.11924285888672, val_acc: 95.46711738928741, fidel_score: 98.30593116164721, acc_loss: 0.23582645972137867, grad_loss: None
2022-04-30 20:09:00,335 DEBUG epoch: 13, train_acc: 93.28458915378737, val_acc: 95.4632759633501, fidel_score: 98.34818684695759, acc_loss: 0.23086638632028, grad_loss: None
2022-04-30 20:09:05,657 DEBUG epoch: 14, train_acc: 93.01515290633492, val_acc: 95.52473877834703, fidel_score: 98.3520282728949, acc_loss: 0.23916842982820843, grad_loss: None
2022-04-30 20:09:10,904 DEBUG epoch: 15, train_acc: 93.47469144074813, val_acc: 95.50937307459779, fidel_score: 98.42501536570374, acc_loss: 0.2213682258906572, grad_loss: None
2022-04-30 20:09:16,203 DEBUG epoch: 16, train_acc: 93.36726233440896, val_acc: 95.50553164866048, fidel_score: 98.40580823601721, acc_loss: 0.2304231151290562, grad_loss: None
2022-04-30 20:09:21,441 DEBUG epoch: 17, train_acc: 93.42725219726563, val_acc: 95.54394590803356, fidel_score: 98.39428395820529, acc_loss: 0.2191958999828152, grad_loss: None
2022-04-30 20:09:26,685 DEBUG epoch: 18, train_acc: 93.24048913043478, val_acc: 95.44406883366355, fidel_score: 98.09081130915796, acc_loss: 0.23016194526268088, grad_loss: None
2022-04-30 20:09:32,013 DEBUG epoch: 19, train_acc: 93.50762256124746, val_acc: 95.54010448209625, fidel_score: 98.48263675476336, acc_loss: 0.22729359593080437, grad_loss: None
2022-04-30 20:09:37,341 DEBUG epoch: 20, train_acc: 92.94606668223506, val_acc: 95.49016594491125, fidel_score: 98.4519053472649, acc_loss: 0.23212164948168007, grad_loss: None
2022-04-30 20:09:42,649 DEBUG epoch: 21, train_acc: 93.30496958856997, val_acc: 95.50553164866048, fidel_score: 98.29440688383528, acc_loss: 0.22514798142339873, grad_loss: None
2022-04-30 20:09:47,956 DEBUG epoch: 22, train_acc: 93.2403740260912, val_acc: 95.5132145005351, fidel_score: 98.34050399508297, acc_loss: 0.22542202443532322, grad_loss: None
2022-04-30 20:09:53,218 DEBUG epoch: 23, train_acc: 92.89056741465693, val_acc: 95.46711738928741, fidel_score: 98.24446834665028, acc_loss: 0.2358105403897555, grad_loss: None
2022-04-30 20:09:58,501 DEBUG epoch: 24, train_acc: 93.44532981540846, val_acc: 95.54010448209625, fidel_score: 98.34818684695759, acc_loss: 0.21878128485835116, grad_loss: None
2022-04-30 20:10:03,817 DEBUG epoch: 25, train_acc: 93.35816603950832, val_acc: 95.47864166709932, fidel_score: 98.31361401352181, acc_loss: 0.22797999880884004, grad_loss: None
2022-04-30 20:10:08,998 DEBUG epoch: 26, train_acc: 93.3548268193784, val_acc: 95.55931161178279, fidel_score: 98.42117393976645, acc_loss: 0.22570261125979216, grad_loss: None
2022-04-30 20:10:14,333 DEBUG epoch: 27, train_acc: 93.03092764149541, val_acc: 95.49784879678587, fidel_score: 98.39812538414259, acc_loss: 0.23586068814215452, grad_loss: None
2022-04-30 20:10:19,683 DEBUG epoch: 28, train_acc: 93.0161892434825, val_acc: 95.49784879678587, fidel_score: 98.37507682851874, acc_loss: 0.23024784080360247, grad_loss: None
2022-04-30 20:10:25,005 DEBUG epoch: 29, train_acc: 93.24267690907354, val_acc: 95.54010448209625, fidel_score: 98.48263675476336, acc_loss: 0.22916035716948302, grad_loss: None
2022-04-30 20:10:30,290 DEBUG epoch: 30, train_acc: 93.06040437117866, val_acc: 95.4709588152247, fidel_score: 98.24830977258759, acc_loss: 0.23250445072417675, grad_loss: None
2022-04-30 20:10:35,607 DEBUG epoch: 31, train_acc: 93.13858695652173, val_acc: 95.5132145005351, fidel_score: 98.52105101413645, acc_loss: 0.22627868794876596, grad_loss: None
2022-04-30 20:10:40,911 DEBUG epoch: 32, train_acc: 93.55517690907354, val_acc: 95.52089735240972, fidel_score: 98.41349108789183, acc_loss: 0.22257691058127776, grad_loss: None
2022-04-30 20:10:46,191 DEBUG epoch: 33, train_acc: 93.13513263204824, val_acc: 95.50553164866048, fidel_score: 98.3097725875845, acc_loss: 0.22465939997978832, grad_loss: None
2022-04-30 20:10:51,451 DEBUG epoch: 34, train_acc: 93.26869938062585, val_acc: 95.55162875990818, fidel_score: 98.4019668100799, acc_loss: 0.22238038340988367, grad_loss: None
2022-04-30 20:10:56,768 DEBUG epoch: 35, train_acc: 92.97888263204824, val_acc: 95.57851874146934, fidel_score: 98.46342962507683, acc_loss: 0.2329269908692526, grad_loss: None
2022-04-30 20:11:02,119 DEBUG epoch: 36, train_acc: 93.14756821342137, val_acc: 95.54010448209625, fidel_score: 98.40580823601721, acc_loss: 0.2288530603699062, grad_loss: None
2022-04-30 20:11:07,441 DEBUG epoch: 37, train_acc: 93.55863116720448, val_acc: 95.57467731553203, fidel_score: 98.42885679164105, acc_loss: 0.2247262848460156, grad_loss: None
2022-04-30 20:11:12,737 DEBUG epoch: 38, train_acc: 92.91325073242187, val_acc: 95.50937307459779, fidel_score: 98.26367547633681, acc_loss: 0.23346028969339702, grad_loss: None
2022-04-30 20:11:18,035 DEBUG epoch: 39, train_acc: 93.3286892434825, val_acc: 95.52858020428432, fidel_score: 98.55562384757222, acc_loss: 0.22524001144844552, grad_loss: None
2022-04-30 20:11:23,432 DEBUG epoch: 40, train_acc: 93.23703480596127, val_acc: 95.50937307459779, fidel_score: 98.4019668100799, acc_loss: 0.23008640512176182, grad_loss: None
2022-04-30 20:11:28,725 DEBUG epoch: 41, train_acc: 93.58004793913469, val_acc: 95.47480024116201, fidel_score: 98.29440688383528, acc_loss: 0.22165798428265945, grad_loss: None
2022-04-30 20:11:34,077 DEBUG epoch: 42, train_acc: 93.2098608929178, val_acc: 95.48248309303663, fidel_score: 98.17532267977873, acc_loss: 0.2306054301235987, grad_loss: None
2022-04-30 20:11:39,461 DEBUG epoch: 43, train_acc: 93.25741524074388, val_acc: 95.51705592647241, fidel_score: 98.28288260602335, acc_loss: 0.23115122324746587, grad_loss: None
2022-04-30 20:11:44,761 DEBUG epoch: 44, train_acc: 93.52570011304772, val_acc: 95.52089735240972, fidel_score: 98.47111247695145, acc_loss: 0.2197570967933406, grad_loss: None
2022-04-30 20:11:50,113 DEBUG epoch: 45, train_acc: 93.76577473516049, val_acc: 95.54010448209625, fidel_score: 98.42885679164105, acc_loss: 0.2156742610361265, grad_loss: None
2022-04-30 20:11:55,415 DEBUG epoch: 46, train_acc: 93.22897478186566, val_acc: 95.52089735240972, fidel_score: 98.46727105101414, acc_loss: 0.22683147260028383, grad_loss: None
2022-04-30 20:12:00,683 DEBUG epoch: 47, train_acc: 93.42725219726563, val_acc: 95.50169022272317, fidel_score: 98.27904118008605, acc_loss: 0.22565586599318876, grad_loss: None
2022-04-30 20:12:05,977 DEBUG epoch: 48, train_acc: 93.12603633714758, val_acc: 95.44791025960086, fidel_score: 98.36739397664412, acc_loss: 0.23335379734635353, grad_loss: None
2022-04-30 20:12:11,217 DEBUG epoch: 49, train_acc: 93.46237103006114, val_acc: 95.52089735240972, fidel_score: 98.37123540258143, acc_loss: 0.22150301583435225, grad_loss: None
2022-04-30 20:12:16,536 DEBUG epoch: 50, train_acc: 93.29702473516049, val_acc: 95.52089735240972, fidel_score: 98.39044253226798, acc_loss: 0.22944154732901118, grad_loss: None
2022-04-30 20:12:21,791 DEBUG epoch: 51, train_acc: 93.25856668223506, val_acc: 95.49400737084856, fidel_score: 98.31745543945912, acc_loss: 0.22692236608785132, grad_loss: None
2022-04-30 20:12:27,114 DEBUG epoch: 52, train_acc: 93.16564576522164, val_acc: 95.54778733397087, fidel_score: 98.37507682851874, acc_loss: 0.23174897516551224, grad_loss: None
2022-04-30 20:12:32,433 DEBUG epoch: 53, train_acc: 93.32535002335258, val_acc: 95.5631530377201, fidel_score: 98.45574677320221, acc_loss: 0.22673803153245345, grad_loss: None
2022-04-30 20:12:37,657 DEBUG epoch: 54, train_acc: 93.41251386559527, val_acc: 95.48248309303663, fidel_score: 98.28288260602335, acc_loss: 0.22395089359387108, grad_loss: None
2022-04-30 20:12:42,941 DEBUG epoch: 55, train_acc: 93.04117537788723, val_acc: 95.5132145005351, fidel_score: 98.38275968039336, acc_loss: 0.23574713423200275, grad_loss: None
2022-04-30 20:12:48,208 DEBUG epoch: 56, train_acc: 93.26086956521739, val_acc: 95.47864166709932, fidel_score: 98.29056545789797, acc_loss: 0.22210073950498, grad_loss: None
2022-04-30 20:12:53,522 DEBUG epoch: 57, train_acc: 93.09437176248302, val_acc: 95.49016594491125, fidel_score: 98.2521511985249, acc_loss: 0.2271916849133761, grad_loss: None
2022-04-30 20:12:58,801 DEBUG epoch: 58, train_acc: 93.35816603950832, val_acc: 95.54394590803356, fidel_score: 98.43653964351567, acc_loss: 0.22031856854648693, grad_loss: None
2022-04-30 20:13:04,111 DEBUG epoch: 59, train_acc: 93.13962329366933, val_acc: 95.55162875990818, fidel_score: 98.38275968039336, acc_loss: 0.22969116688422533, grad_loss: None
2022-04-30 20:13:09,413 DEBUG epoch: 60, train_acc: 93.43289430037788, val_acc: 95.54010448209625, fidel_score: 98.43269821757836, acc_loss: 0.21660631655350976, grad_loss: None
2022-04-30 20:13:14,805 DEBUG epoch: 61, train_acc: 93.19742537788723, val_acc: 95.52858020428432, fidel_score: 98.37891825445605, acc_loss: 0.23107676486606182, grad_loss: None
2022-04-30 20:13:20,126 DEBUG epoch: 62, train_acc: 93.14526533043903, val_acc: 95.54010448209625, fidel_score: 98.39428395820529, acc_loss: 0.23005424358922502, grad_loss: None
2022-04-30 20:13:25,382 DEBUG epoch: 63, train_acc: 92.89056741465693, val_acc: 95.52858020428432, fidel_score: 98.38275968039336, acc_loss: 0.23033362296612367, grad_loss: None
2022-04-30 20:13:30,707 DEBUG epoch: 64, train_acc: 93.14756821342137, val_acc: 95.55162875990818, fidel_score: 98.37891825445605, acc_loss: 0.23135898365922597, grad_loss: None
2022-04-30 20:13:35,971 DEBUG epoch: 65, train_acc: 93.27100219726563, val_acc: 95.52858020428432, fidel_score: 98.3520282728949, acc_loss: 0.2280024166016475, grad_loss: None
2022-04-30 20:13:41,203 DEBUG epoch: 66, train_acc: 93.62426306683085, val_acc: 95.53626305615894, fidel_score: 98.38275968039336, acc_loss: 0.21466459236715152, grad_loss: None
2022-04-30 20:13:46,461 DEBUG epoch: 67, train_acc: 93.29023125689963, val_acc: 95.55547018584548, fidel_score: 98.41733251382914, acc_loss: 0.2277376036281171, grad_loss: None
2022-04-30 20:13:51,699 DEBUG epoch: 68, train_acc: 93.07514276919157, val_acc: 95.54010448209625, fidel_score: 98.37891825445605, acc_loss: 0.2273271821115328, grad_loss: None
2022-04-30 20:13:57,067 DEBUG epoch: 69, train_acc: 93.30496958856997, val_acc: 95.5132145005351, fidel_score: 98.33666256914567, acc_loss: 0.2287526003692461, grad_loss: None
2022-04-30 20:14:02,393 DEBUG epoch: 70, train_acc: 93.34457908298658, val_acc: 95.52089735240972, fidel_score: 98.34050399508297, acc_loss: 0.22487607773231424, grad_loss: None
2022-04-30 20:14:07,737 DEBUG epoch: 71, train_acc: 93.32419864820397, val_acc: 95.50553164866048, fidel_score: 98.33666256914567, acc_loss: 0.2263361240858617, grad_loss: None
2022-04-30 20:14:13,039 DEBUG epoch: 72, train_acc: 93.24831894584324, val_acc: 95.54394590803356, fidel_score: 98.39812538414259, acc_loss: 0.22306672159744345, grad_loss: None
2022-04-30 20:14:18,327 DEBUG epoch: 73, train_acc: 93.40572038733441, val_acc: 95.53626305615894, fidel_score: 98.38275968039336, acc_loss: 0.22752312110817952, grad_loss: None
2022-04-30 20:14:23,653 DEBUG epoch: 74, train_acc: 93.25960301938264, val_acc: 95.55162875990818, fidel_score: 98.42501536570374, acc_loss: 0.22767917688774025, grad_loss: None
2022-04-30 20:14:28,898 DEBUG epoch: 75, train_acc: 93.72846812372622, val_acc: 95.54778733397087, fidel_score: 98.41349108789183, acc_loss: 0.2162325803676377, grad_loss: None
2022-04-30 20:14:34,188 DEBUG epoch: 76, train_acc: 92.83840736720873, val_acc: 95.54394590803356, fidel_score: 98.39812538414259, acc_loss: 0.2383913109483926, grad_loss: None
2022-04-30 20:14:39,413 DEBUG epoch: 77, train_acc: 93.46571025019107, val_acc: 95.56699446365741, fidel_score: 98.38275968039336, acc_loss: 0.2204645344744558, grad_loss: None
2022-04-30 20:14:44,749 DEBUG epoch: 78, train_acc: 93.26305734385615, val_acc: 95.54010448209625, fidel_score: 98.39428395820529, acc_loss: 0.22165635982933252, grad_loss: None
2022-04-30 20:14:50,057 DEBUG epoch: 79, train_acc: 93.43059141739555, val_acc: 95.55931161178279, fidel_score: 98.4480639213276, acc_loss: 0.22391659831223282, grad_loss: None
2022-04-30 20:14:55,389 DEBUG epoch: 80, train_acc: 93.32535002335258, val_acc: 95.55162875990818, fidel_score: 98.42501536570374, acc_loss: 0.22669479626676312, grad_loss: None
2022-04-30 20:15:00,697 DEBUG epoch: 81, train_acc: 93.5993920367697, val_acc: 95.55162875990818, fidel_score: 98.40580823601721, acc_loss: 0.21471224255535915, grad_loss: None
2022-04-30 20:15:05,989 DEBUG epoch: 82, train_acc: 93.25856668223506, val_acc: 95.53626305615894, fidel_score: 98.36739397664412, acc_loss: 0.22491680578045223, grad_loss: None
2022-04-30 20:15:11,295 DEBUG epoch: 83, train_acc: 93.26869938062585, val_acc: 95.52858020428432, fidel_score: 98.34050399508297, acc_loss: 0.2268804843335048, grad_loss: None
2022-04-30 20:15:16,584 DEBUG epoch: 84, train_acc: 93.5494197016177, val_acc: 95.53242163022163, fidel_score: 98.37891825445605, acc_loss: 0.22422481179237366, grad_loss: None
2022-04-30 20:15:21,836 DEBUG epoch: 85, train_acc: 93.42391304347827, val_acc: 95.52089735240972, fidel_score: 98.34434542102028, acc_loss: 0.2191640869754812, grad_loss: None
2022-04-30 20:15:27,184 DEBUG epoch: 86, train_acc: 93.42828853441321, val_acc: 95.53242163022163, fidel_score: 98.44422249539029, acc_loss: 0.2228657433844131, grad_loss: None
2022-04-30 20:15:32,455 DEBUG epoch: 87, train_acc: 93.38867910633917, val_acc: 95.54010448209625, fidel_score: 98.34050399508297, acc_loss: 0.2224369519430658, grad_loss: None
2022-04-30 20:15:37,708 DEBUG epoch: 88, train_acc: 92.95055734385615, val_acc: 95.47864166709932, fidel_score: 98.27519975414874, acc_loss: 0.23338082325847254, grad_loss: None
2022-04-30 20:15:43,001 DEBUG epoch: 89, train_acc: 93.2981761103091, val_acc: 95.53242163022163, fidel_score: 98.38660110633067, acc_loss: 0.22227683323233025, grad_loss: None
2022-04-30 20:15:48,311 DEBUG epoch: 90, train_acc: 93.20076459801716, val_acc: 95.54010448209625, fidel_score: 98.39812538414259, acc_loss: 0.22764989519896714, grad_loss: None
2022-04-30 20:15:53,584 DEBUG epoch: 91, train_acc: 93.37969784943954, val_acc: 95.54778733397087, fidel_score: 98.40580823601721, acc_loss: 0.22127421789843102, grad_loss: None
2022-04-30 20:15:58,882 DEBUG epoch: 92, train_acc: 93.12603633714758, val_acc: 95.53626305615894, fidel_score: 98.37891825445605, acc_loss: 0.23259558580491854, grad_loss: None
2022-04-30 20:16:04,199 DEBUG epoch: 93, train_acc: 93.34688189962635, val_acc: 95.54394590803356, fidel_score: 98.38275968039336, acc_loss: 0.22347855477229409, grad_loss: None
2022-04-30 20:16:09,481 DEBUG epoch: 94, train_acc: 93.03772111975628, val_acc: 95.54394590803356, fidel_score: 98.39812538414259, acc_loss: 0.237041674554348, grad_loss: None
2022-04-30 20:16:14,811 DEBUG epoch: 95, train_acc: 93.17359068497368, val_acc: 95.53626305615894, fidel_score: 98.37123540258143, acc_loss: 0.23439471817210963, grad_loss: None
2022-04-30 20:16:20,093 DEBUG epoch: 96, train_acc: 93.2981761103091, val_acc: 95.54778733397087, fidel_score: 98.42885679164105, acc_loss: 0.22229918150798134, grad_loss: None
2022-04-30 20:16:25,403 DEBUG epoch: 97, train_acc: 93.38649132770041, val_acc: 95.55931161178279, fidel_score: 98.4519053472649, acc_loss: 0.2226497069001198, grad_loss: None
2022-04-30 20:16:30,695 DEBUG epoch: 98, train_acc: 93.1419261103091, val_acc: 95.55931161178279, fidel_score: 98.41349108789183, acc_loss: 0.2274505764245987, grad_loss: None
2022-04-30 20:16:36,014 DEBUG epoch: 99, train_acc: 93.33214350161344, val_acc: 95.54778733397087, fidel_score: 98.38275968039336, acc_loss: 0.22600883715178655, grad_loss: None
2022-04-30 20:16:41,298 DEBUG epoch: 100, train_acc: 93.15885228696077, val_acc: 95.51705592647241, fidel_score: 98.39044253226798, acc_loss: 0.22212809813411338, grad_loss: None
2022-04-30 20:16:46,605 DEBUG epoch: 101, train_acc: 93.0536108929178, val_acc: 95.53242163022163, fidel_score: 98.35971112476952, acc_loss: 0.23028483139755934, grad_loss: None
2022-04-30 20:16:51,911 DEBUG epoch: 102, train_acc: 93.76013263204824, val_acc: 95.56699446365741, fidel_score: 98.42885679164105, acc_loss: 0.21025545603555182, grad_loss: None
2022-04-30 20:16:57,196 DEBUG epoch: 103, train_acc: 93.70578480596127, val_acc: 95.54010448209625, fidel_score: 98.39428395820529, acc_loss: 0.2191587310122407, grad_loss: None
2022-04-30 20:17:02,454 DEBUG epoch: 104, train_acc: 92.99811169168224, val_acc: 95.53626305615894, fidel_score: 98.39044253226798, acc_loss: 0.23104921456264413, grad_loss: None
2022-04-30 20:17:07,735 DEBUG epoch: 105, train_acc: 93.38649132770041, val_acc: 95.55162875990818, fidel_score: 98.46727105101414, acc_loss: 0.2223881467528965, grad_loss: None
2022-04-30 20:17:13,076 DEBUG epoch: 106, train_acc: 93.02528560472571, val_acc: 95.5132145005351, fidel_score: 98.35586969883221, acc_loss: 0.2412089726847151, grad_loss: None
2022-04-30 20:17:18,340 DEBUG epoch: 107, train_acc: 93.24152546758238, val_acc: 95.54010448209625, fidel_score: 98.34050399508297, acc_loss: 0.22787613732659298, grad_loss: None
2022-04-30 20:17:23,609 DEBUG epoch: 108, train_acc: 93.0524595177692, val_acc: 95.55162875990818, fidel_score: 98.37507682851874, acc_loss: 0.230465685479019, grad_loss: None
2022-04-30 20:17:28,927 DEBUG epoch: 109, train_acc: 93.29138263204824, val_acc: 95.55162875990818, fidel_score: 98.38275968039336, acc_loss: 0.22601083695240642, grad_loss: None
2022-04-30 20:17:34,204 DEBUG epoch: 110, train_acc: 93.4487840735394, val_acc: 95.55162875990818, fidel_score: 98.40964966195452, acc_loss: 0.22006308967652527, grad_loss: None
2022-04-30 20:17:39,446 DEBUG epoch: 111, train_acc: 93.41481668223506, val_acc: 95.5631530377201, fidel_score: 98.39812538414259, acc_loss: 0.2215404857435952, grad_loss: None
2022-04-30 20:17:44,751 DEBUG epoch: 112, train_acc: 93.35701459801716, val_acc: 95.52858020428432, fidel_score: 98.38660110633067, acc_loss: 0.22936409141706385, grad_loss: None
2022-04-30 20:17:50,065 DEBUG epoch: 113, train_acc: 93.07065217391305, val_acc: 95.53242163022163, fidel_score: 98.35971112476952, acc_loss: 0.22990319068017212, grad_loss: None
2022-04-30 20:17:55,367 DEBUG epoch: 114, train_acc: 93.2992124474567, val_acc: 95.54010448209625, fidel_score: 98.39428395820529, acc_loss: 0.22528009589599526, grad_loss: None
2022-04-30 20:18:00,655 DEBUG epoch: 115, train_acc: 93.33548272174338, val_acc: 95.52473877834703, fidel_score: 98.34050399508297, acc_loss: 0.2245046799597533, grad_loss: None
2022-04-30 20:18:05,996 DEBUG epoch: 116, train_acc: 93.31625372845194, val_acc: 95.52089735240972, fidel_score: 98.35586969883221, acc_loss: 0.2255873621157978, grad_loss: None
2022-04-30 20:18:11,286 DEBUG epoch: 117, train_acc: 93.43289430037788, val_acc: 95.5132145005351, fidel_score: 98.33666256914567, acc_loss: 0.22290318614762764, grad_loss: None
2022-04-30 20:18:16,518 DEBUG epoch: 118, train_acc: 93.60952473516049, val_acc: 95.55547018584548, fidel_score: 98.39044253226798, acc_loss: 0.2200774642760339, grad_loss: None
2022-04-30 20:18:21,835 DEBUG epoch: 119, train_acc: 93.17359068497368, val_acc: 95.52473877834703, fidel_score: 98.37891825445605, acc_loss: 0.2320778709390889, grad_loss: None
2022-04-30 20:18:27,118 DEBUG epoch: 120, train_acc: 93.42494938062585, val_acc: 95.53626305615894, fidel_score: 98.39428395820529, acc_loss: 0.22468263250978096, grad_loss: None
2022-04-30 20:18:32,415 DEBUG epoch: 121, train_acc: 93.11590363875679, val_acc: 95.54010448209625, fidel_score: 98.35971112476952, acc_loss: 0.23308921770557114, grad_loss: None
2022-04-30 20:18:37,745 DEBUG epoch: 122, train_acc: 93.34112475851308, val_acc: 95.50937307459779, fidel_score: 98.3520282728949, acc_loss: 0.21974304739547812, grad_loss: None
2022-04-30 20:18:43,080 DEBUG epoch: 123, train_acc: 93.51326459801716, val_acc: 95.52858020428432, fidel_score: 98.38275968039336, acc_loss: 0.2147747642968012, grad_loss: None
2022-04-30 20:18:48,375 DEBUG epoch: 124, train_acc: 93.26754793913469, val_acc: 95.51705592647241, fidel_score: 98.34818684695759, acc_loss: 0.22821349459497825, grad_loss: None
2022-04-30 20:18:53,681 DEBUG epoch: 125, train_acc: 93.5167188561481, val_acc: 95.52089735240972, fidel_score: 98.3520282728949, acc_loss: 0.22457530977933304, grad_loss: None
2022-04-30 20:18:58,957 DEBUG epoch: 126, train_acc: 93.34457908298658, val_acc: 95.53626305615894, fidel_score: 98.4019668100799, acc_loss: 0.224992779739525, grad_loss: None
2022-04-30 20:19:04,227 DEBUG epoch: 127, train_acc: 93.3457304581352, val_acc: 95.55931161178279, fidel_score: 98.44422249539029, acc_loss: 0.22427585636791975, grad_loss: None
2022-04-30 20:19:09,505 DEBUG epoch: 128, train_acc: 93.28458915378737, val_acc: 95.52858020428432, fidel_score: 98.37891825445605, acc_loss: 0.22050146499405737, grad_loss: None
2022-04-30 20:19:14,808 DEBUG epoch: 129, train_acc: 93.38084929093071, val_acc: 95.54010448209625, fidel_score: 98.37891825445605, acc_loss: 0.22654985947453457, grad_loss: None
2022-04-30 20:19:20,065 DEBUG epoch: 130, train_acc: 93.73526160198709, val_acc: 95.52858020428432, fidel_score: 98.32513829133374, acc_loss: 0.21473505166561707, grad_loss: None
2022-04-30 20:19:25,399 DEBUG epoch: 131, train_acc: 93.1362840735394, val_acc: 95.52858020428432, fidel_score: 98.34050399508297, acc_loss: 0.22777232061261715, grad_loss: None
2022-04-30 20:19:30,703 DEBUG epoch: 132, train_acc: 93.33663416323455, val_acc: 95.51705592647241, fidel_score: 98.33666256914567, acc_loss: 0.2273745488861333, grad_loss: None
2022-04-30 20:19:35,992 DEBUG epoch: 133, train_acc: 93.38983054783033, val_acc: 95.54394590803356, fidel_score: 98.39812538414259, acc_loss: 0.22497352073374002, grad_loss: None
2022-04-30 20:19:41,302 DEBUG epoch: 134, train_acc: 93.60952473516049, val_acc: 95.54778733397087, fidel_score: 98.4480639213276, acc_loss: 0.21754191067555675, grad_loss: None
2022-04-30 20:19:46,644 DEBUG epoch: 135, train_acc: 93.22793851106063, val_acc: 95.5132145005351, fidel_score: 98.31361401352181, acc_loss: 0.2253541902679464, grad_loss: None
2022-04-30 20:19:51,899 DEBUG epoch: 136, train_acc: 93.64349212646485, val_acc: 95.50937307459779, fidel_score: 98.3520282728949, acc_loss: 0.2150108662960322, grad_loss: None
2022-04-30 20:19:57,205 DEBUG epoch: 137, train_acc: 93.33329494310462, val_acc: 95.5132145005351, fidel_score: 98.3520282728949, acc_loss: 0.22245148828496103, grad_loss: None
2022-04-30 20:20:02,499 DEBUG epoch: 138, train_acc: 93.08757828422215, val_acc: 95.52089735240972, fidel_score: 98.37507682851874, acc_loss: 0.22765934920829276, grad_loss: None
2022-04-30 20:20:07,779 DEBUG epoch: 139, train_acc: 93.18153560472571, val_acc: 95.52473877834703, fidel_score: 98.3520282728949, acc_loss: 0.23439418579573218, grad_loss: None
2022-04-30 20:20:13,092 DEBUG epoch: 140, train_acc: 93.55863116720448, val_acc: 95.55931161178279, fidel_score: 98.40964966195452, acc_loss: 0.2197832248133162, grad_loss: None
2022-04-30 20:20:18,380 DEBUG epoch: 141, train_acc: 93.31061169168224, val_acc: 95.52473877834703, fidel_score: 98.37123540258143, acc_loss: 0.22067747653826422, grad_loss: None
2022-04-30 20:20:23,683 DEBUG epoch: 142, train_acc: 93.61746958856997, val_acc: 95.52473877834703, fidel_score: 98.34434542102028, acc_loss: 0.22039678608593732, grad_loss: None
2022-04-30 20:20:29,025 DEBUG epoch: 143, train_acc: 92.84186169168224, val_acc: 95.54010448209625, fidel_score: 98.32897971727105, acc_loss: 0.2379909341102061, grad_loss: None
2022-04-30 20:20:34,293 DEBUG epoch: 144, train_acc: 93.4849392434825, val_acc: 95.53626305615894, fidel_score: 98.37123540258143, acc_loss: 0.21678607470315436, grad_loss: None
2022-04-30 20:20:39,630 DEBUG epoch: 145, train_acc: 92.8452008454696, val_acc: 95.54394590803356, fidel_score: 98.35586969883221, acc_loss: 0.2385581668952237, grad_loss: None
2022-04-30 20:20:44,911 DEBUG epoch: 146, train_acc: 93.06040437117866, val_acc: 95.50553164866048, fidel_score: 98.29056545789797, acc_loss: 0.23504450211058492, grad_loss: None
2022-04-30 20:20:50,265 DEBUG epoch: 147, train_acc: 93.0479688561481, val_acc: 95.48632451897394, fidel_score: 98.2559926244622, acc_loss: 0.22909615946852643, grad_loss: None
2022-04-30 20:20:55,556 DEBUG epoch: 148, train_acc: 93.25856668223506, val_acc: 95.53626305615894, fidel_score: 98.31745543945912, acc_loss: 0.22388850842481073, grad_loss: None
2022-04-30 20:21:00,862 DEBUG epoch: 149, train_acc: 93.61862103006114, val_acc: 95.53242163022163, fidel_score: 98.32513829133374, acc_loss: 0.21481592823629794, grad_loss: None
2022-04-30 20:21:06,133 DEBUG epoch: 150, train_acc: 93.36265663478686, val_acc: 95.53242163022163, fidel_score: 98.32513829133374, acc_loss: 0.22404898116769997, grad_loss: None
2022-04-30 20:21:11,444 DEBUG epoch: 151, train_acc: 93.66951459801716, val_acc: 95.53626305615894, fidel_score: 98.33666256914567, acc_loss: 0.2170831267600474, grad_loss: None
2022-04-30 20:21:16,726 DEBUG epoch: 152, train_acc: 93.57325446087381, val_acc: 95.54010448209625, fidel_score: 98.34818684695759, acc_loss: 0.21962976384422053, grad_loss: None
2022-04-30 20:21:22,048 DEBUG epoch: 153, train_acc: 92.96863489565642, val_acc: 95.54010448209625, fidel_score: 98.34050399508297, acc_loss: 0.2351997599005699, grad_loss: None
2022-04-30 20:21:27,326 DEBUG epoch: 154, train_acc: 93.20306741465693, val_acc: 95.53626305615894, fidel_score: 98.34434542102028, acc_loss: 0.2223540812406851, grad_loss: None
2022-04-30 20:21:32,641 DEBUG epoch: 155, train_acc: 92.94491524074388, val_acc: 95.53242163022163, fidel_score: 98.33282114320836, acc_loss: 0.23034352067372074, grad_loss: None
2022-04-30 20:21:37,926 DEBUG epoch: 156, train_acc: 93.43404567552649, val_acc: 95.53242163022163, fidel_score: 98.32513829133374, acc_loss: 0.22055370265051075, grad_loss: None
2022-04-30 20:21:43,192 DEBUG epoch: 157, train_acc: 93.31855654509171, val_acc: 95.54010448209625, fidel_score: 98.34818684695759, acc_loss: 0.2236932111175164, grad_loss: None
2022-04-30 20:21:48,504 DEBUG epoch: 158, train_acc: 93.53134214981742, val_acc: 95.53242163022163, fidel_score: 98.33282114320836, acc_loss: 0.2227694393500038, grad_loss: None
2022-04-30 20:21:53,776 DEBUG epoch: 159, train_acc: 93.84844784943954, val_acc: 95.54394590803356, fidel_score: 98.34434542102028, acc_loss: 0.21367044435895008, grad_loss: None
2022-04-30 20:21:59,058 DEBUG epoch: 160, train_acc: 93.42379793913469, val_acc: 95.53242163022163, fidel_score: 98.34050399508297, acc_loss: 0.22607869952917098, grad_loss: None
2022-04-30 20:22:04,373 DEBUG epoch: 161, train_acc: 92.88147111975628, val_acc: 95.53626305615894, fidel_score: 98.33666256914567, acc_loss: 0.235400217609561, grad_loss: None
2022-04-30 20:22:09,671 DEBUG epoch: 162, train_acc: 93.1419261103091, val_acc: 95.53242163022163, fidel_score: 98.33282114320836, acc_loss: 0.2299743253575719, grad_loss: None
2022-04-30 20:22:14,934 DEBUG epoch: 163, train_acc: 93.32535002335258, val_acc: 95.53242163022163, fidel_score: 98.34050399508297, acc_loss: 0.22413418247647907, grad_loss: None
2022-04-30 20:22:20,197 DEBUG epoch: 164, train_acc: 93.45557755180027, val_acc: 95.53242163022163, fidel_score: 98.35586969883221, acc_loss: 0.22037505426484605, grad_loss: None
2022-04-30 20:22:25,478 DEBUG epoch: 165, train_acc: 93.58350219726563, val_acc: 95.53242163022163, fidel_score: 98.34818684695759, acc_loss: 0.2214423099613708, grad_loss: None
2022-04-30 20:22:30,784 DEBUG epoch: 166, train_acc: 93.3604688561481, val_acc: 95.53242163022163, fidel_score: 98.34818684695759, acc_loss: 0.22199129212809646, grad_loss: None
2022-04-30 20:22:36,080 DEBUG epoch: 167, train_acc: 93.24831894584324, val_acc: 95.54010448209625, fidel_score: 98.3520282728949, acc_loss: 0.2265719953114572, grad_loss: None
2022-04-30 20:22:41,401 DEBUG epoch: 168, train_acc: 93.4441783739173, val_acc: 95.51705592647241, fidel_score: 98.34050399508297, acc_loss: 0.22623325029145117, grad_loss: None
2022-04-30 20:22:46,731 DEBUG epoch: 169, train_acc: 93.2098608929178, val_acc: 95.52089735240972, fidel_score: 98.34434542102028, acc_loss: 0.23353032806645269, grad_loss: None
2022-04-30 20:22:52,111 DEBUG epoch: 170, train_acc: 93.2087095177692, val_acc: 95.52858020428432, fidel_score: 98.33282114320836, acc_loss: 0.23305460506159326, grad_loss: None
2022-04-30 20:22:57,475 DEBUG epoch: 171, train_acc: 92.82032981540846, val_acc: 95.5132145005351, fidel_score: 98.3097725875845, acc_loss: 0.23566991952450378, grad_loss: None
2022-04-30 20:23:02,785 DEBUG epoch: 172, train_acc: 93.48160002335258, val_acc: 95.52089735240972, fidel_score: 98.32513829133374, acc_loss: 0.22132987467491108, grad_loss: None
2022-04-30 20:23:08,065 DEBUG epoch: 173, train_acc: 93.3457304581352, val_acc: 95.52089735240972, fidel_score: 98.32513829133374, acc_loss: 0.22555670226397723, grad_loss: None
2022-04-30 20:23:13,367 DEBUG epoch: 174, train_acc: 93.34123986285665, val_acc: 95.51705592647241, fidel_score: 98.3520282728949, acc_loss: 0.22262557391887125, grad_loss: None
2022-04-30 20:23:18,659 DEBUG epoch: 175, train_acc: 93.44199059527853, val_acc: 95.52473877834703, fidel_score: 98.32897971727105, acc_loss: 0.2269318445869114, grad_loss: None
2022-04-30 20:23:23,924 DEBUG epoch: 176, train_acc: 93.24382828422215, val_acc: 95.52858020428432, fidel_score: 98.33282114320836, acc_loss: 0.2261792145345522, grad_loss: None
2022-04-30 20:23:29,211 DEBUG epoch: 177, train_acc: 93.49403560472571, val_acc: 95.52858020428432, fidel_score: 98.33282114320836, acc_loss: 0.2172328073045482, grad_loss: None
2022-04-30 20:23:34,532 DEBUG epoch: 178, train_acc: 93.31625372845194, val_acc: 95.52473877834703, fidel_score: 98.33666256914567, acc_loss: 0.2257732522552428, grad_loss: None
2022-04-30 20:23:39,848 DEBUG epoch: 179, train_acc: 93.23818624745245, val_acc: 95.52473877834703, fidel_score: 98.33666256914567, acc_loss: 0.22714718470106954, grad_loss: None
2022-04-30 20:23:45,209 DEBUG epoch: 180, train_acc: 93.35367537788723, val_acc: 95.53626305615894, fidel_score: 98.33282114320836, acc_loss: 0.2235328574543414, grad_loss: None
2022-04-30 20:23:50,555 DEBUG epoch: 181, train_acc: 93.12833915378737, val_acc: 95.54010448209625, fidel_score: 98.33666256914567, acc_loss: 0.2316621479132901, grad_loss: None
2022-04-30 20:23:55,819 DEBUG epoch: 182, train_acc: 93.57901160198709, val_acc: 95.54394590803356, fidel_score: 98.33282114320836, acc_loss: 0.21765017211437226, grad_loss: None
2022-04-30 20:24:01,103 DEBUG epoch: 183, train_acc: 93.15436169168224, val_acc: 95.54778733397087, fidel_score: 98.33666256914567, acc_loss: 0.22746358180175658, grad_loss: None
2022-04-30 20:24:06,416 DEBUG epoch: 184, train_acc: 93.7612840735394, val_acc: 95.54010448209625, fidel_score: 98.34818684695759, acc_loss: 0.2134476860580237, grad_loss: None
2022-04-30 20:24:11,685 DEBUG epoch: 185, train_acc: 93.56427320397418, val_acc: 95.54010448209625, fidel_score: 98.36739397664412, acc_loss: 0.21930493096942488, grad_loss: None
2022-04-30 20:24:16,959 DEBUG epoch: 186, train_acc: 93.95933128025221, val_acc: 95.54778733397087, fidel_score: 98.36739397664412, acc_loss: 0.21035762646276018, grad_loss: None
2022-04-30 20:24:22,281 DEBUG epoch: 187, train_acc: 93.32419864820397, val_acc: 95.54394590803356, fidel_score: 98.35971112476952, acc_loss: 0.22575091045835743, grad_loss: None
2022-04-30 20:24:27,565 DEBUG epoch: 188, train_acc: 93.73411016049593, val_acc: 95.54010448209625, fidel_score: 98.37891825445605, acc_loss: 0.21512074710234352, grad_loss: None
2022-04-30 20:24:32,928 DEBUG epoch: 189, train_acc: 93.22344784943954, val_acc: 95.54394590803356, fidel_score: 98.37507682851874, acc_loss: 0.22806113355833552, grad_loss: None
2022-04-30 20:24:38,261 DEBUG epoch: 190, train_acc: 93.37739503279977, val_acc: 95.54010448209625, fidel_score: 98.37891825445605, acc_loss: 0.22525034151647402, grad_loss: None
2022-04-30 20:24:43,559 DEBUG epoch: 191, train_acc: 93.54274132770041, val_acc: 95.53626305615894, fidel_score: 98.36739397664412, acc_loss: 0.21818015934980434, grad_loss: None
2022-04-30 20:24:48,873 DEBUG epoch: 192, train_acc: 93.28343777863876, val_acc: 95.52858020428432, fidel_score: 98.36355255070683, acc_loss: 0.2220081363035285, grad_loss: None
2022-04-30 20:24:54,128 DEBUG epoch: 193, train_acc: 93.43289430037788, val_acc: 95.53626305615894, fidel_score: 98.33666256914567, acc_loss: 0.22179840798287287, grad_loss: None
2022-04-30 20:24:59,455 DEBUG epoch: 194, train_acc: 93.42379793913469, val_acc: 95.53626305615894, fidel_score: 98.34434542102028, acc_loss: 0.22565049704002296, grad_loss: None
2022-04-30 20:25:04,719 DEBUG epoch: 195, train_acc: 93.19961315652598, val_acc: 95.53626305615894, fidel_score: 98.33666256914567, acc_loss: 0.22874147545384324, grad_loss: None
2022-04-30 20:25:10,013 DEBUG epoch: 196, train_acc: 93.44083915378737, val_acc: 95.53626305615894, fidel_score: 98.33666256914567, acc_loss: 0.2222116975032765, grad_loss: None
2022-04-30 20:25:15,276 DEBUG epoch: 197, train_acc: 93.2347319893215, val_acc: 95.54010448209625, fidel_score: 98.33282114320836, acc_loss: 0.22726411272002303, grad_loss: None
2022-04-30 20:25:20,568 DEBUG epoch: 198, train_acc: 93.46006821342137, val_acc: 95.54778733397087, fidel_score: 98.34434542102028, acc_loss: 0.2218739571130794, grad_loss: None
2022-04-30 20:25:25,883 DEBUG epoch: 199, train_acc: 93.1985768193784, val_acc: 95.54778733397087, fidel_score: 98.34050399508297, acc_loss: 0.22671111647201622, grad_loss: None
2022-04-30 20:25:31,183 DEBUG epoch: 200, train_acc: 93.20640663478686, val_acc: 95.54778733397087, fidel_score: 98.3520282728949, acc_loss: 0.21981152905070264, grad_loss: None
2022-04-30 20:25:36,487 DEBUG epoch: 201, train_acc: 93.3706015545389, val_acc: 95.54778733397087, fidel_score: 98.34050399508297, acc_loss: 0.2255973525993202, grad_loss: None
2022-04-30 20:25:41,789 DEBUG epoch: 202, train_acc: 93.31176306683085, val_acc: 95.55162875990818, fidel_score: 98.34434542102028, acc_loss: 0.22657416994157045, grad_loss: None
2022-04-30 20:25:47,071 DEBUG epoch: 203, train_acc: 93.21550299603007, val_acc: 95.54010448209625, fidel_score: 98.34050399508297, acc_loss: 0.23234011368907015, grad_loss: None
2022-04-30 20:25:52,393 DEBUG epoch: 204, train_acc: 93.18038416323455, val_acc: 95.53242163022163, fidel_score: 98.34050399508297, acc_loss: 0.22800479414670363, grad_loss: None
2022-04-30 20:25:57,693 DEBUG epoch: 205, train_acc: 93.31855654509171, val_acc: 95.54394590803356, fidel_score: 98.33666256914567, acc_loss: 0.22535618132223253, grad_loss: None
2022-04-30 20:26:02,960 DEBUG epoch: 206, train_acc: 93.32753780199134, val_acc: 95.53242163022163, fidel_score: 98.33282114320836, acc_loss: 0.2194621901149335, grad_loss: None
2022-04-30 20:26:08,230 DEBUG epoch: 207, train_acc: 93.7669261103091, val_acc: 95.54394590803356, fidel_score: 98.34434542102028, acc_loss: 0.21500079210685646, grad_loss: None
2022-04-30 20:26:13,541 DEBUG epoch: 208, train_acc: 93.04106027354365, val_acc: 95.54010448209625, fidel_score: 98.34050399508297, acc_loss: 0.22726638453162235, grad_loss: None
2022-04-30 20:26:18,861 DEBUG epoch: 209, train_acc: 93.44763263204824, val_acc: 95.55162875990818, fidel_score: 98.34434542102028, acc_loss: 0.21880348402520886, grad_loss: None
2022-04-30 20:26:24,137 DEBUG epoch: 210, train_acc: 93.8179347826087, val_acc: 95.55547018584548, fidel_score: 98.3520282728949, acc_loss: 0.21172759011387826, grad_loss: None
2022-04-30 20:26:29,376 DEBUG epoch: 211, train_acc: 93.43404567552649, val_acc: 95.55547018584548, fidel_score: 98.3520282728949, acc_loss: 0.2209748458603154, grad_loss: None
2022-04-30 20:26:34,657 DEBUG epoch: 212, train_acc: 93.42840363875679, val_acc: 95.55547018584548, fidel_score: 98.3520282728949, acc_loss: 0.22059733951869218, grad_loss: None
2022-04-30 20:26:39,931 DEBUG epoch: 213, train_acc: 93.2199935913086, val_acc: 95.55547018584548, fidel_score: 98.36355255070683, acc_loss: 0.22832300118778062, grad_loss: None
2022-04-30 20:26:45,145 DEBUG epoch: 214, train_acc: 93.08988116720448, val_acc: 95.55931161178279, fidel_score: 98.35971112476952, acc_loss: 0.22593002824679664, grad_loss: None
2022-04-30 20:26:50,363 DEBUG epoch: 215, train_acc: 93.60157981540846, val_acc: 95.55547018584548, fidel_score: 98.37123540258143, acc_loss: 0.2154364495821621, grad_loss: None
2022-04-30 20:26:55,636 DEBUG epoch: 216, train_acc: 93.55517690907354, val_acc: 95.54778733397087, fidel_score: 98.37891825445605, acc_loss: 0.22142796822540137, grad_loss: None
2022-04-30 20:27:00,938 DEBUG epoch: 217, train_acc: 93.18487475851308, val_acc: 95.55547018584548, fidel_score: 98.36355255070683, acc_loss: 0.22782853994032612, grad_loss: None
2022-04-30 20:27:06,221 DEBUG epoch: 218, train_acc: 93.55632828422215, val_acc: 95.54778733397087, fidel_score: 98.35971112476952, acc_loss: 0.21473647323639497, grad_loss: None
2022-04-30 20:27:11,497 DEBUG epoch: 219, train_acc: 93.29241896919582, val_acc: 95.52858020428432, fidel_score: 98.35586969883221, acc_loss: 0.22819359652374102, grad_loss: None
2022-04-30 20:27:16,847 DEBUG epoch: 220, train_acc: 92.82493551503057, val_acc: 95.53242163022163, fidel_score: 98.35971112476952, acc_loss: 0.23884568520538185, grad_loss: None
2022-04-30 20:27:22,098 DEBUG epoch: 221, train_acc: 93.45891677193019, val_acc: 95.53626305615894, fidel_score: 98.35971112476952, acc_loss: 0.22275396922360297, grad_loss: None
2022-04-30 20:27:27,405 DEBUG epoch: 222, train_acc: 93.23358054783033, val_acc: 95.53242163022163, fidel_score: 98.3520282728949, acc_loss: 0.22375443833677666, grad_loss: None
2022-04-30 20:27:32,708 DEBUG epoch: 223, train_acc: 93.31061169168224, val_acc: 95.54394590803356, fidel_score: 98.36355255070683, acc_loss: 0.22085884492034497, grad_loss: None
2022-04-30 20:27:38,026 DEBUG epoch: 224, train_acc: 93.39328480596127, val_acc: 95.52858020428432, fidel_score: 98.35586969883221, acc_loss: 0.2221881453109824, grad_loss: None
2022-04-30 20:27:43,351 DEBUG epoch: 225, train_acc: 93.53594784943954, val_acc: 95.53242163022163, fidel_score: 98.35971112476952, acc_loss: 0.22010531142030074, grad_loss: None
2022-04-30 20:27:48,667 DEBUG epoch: 226, train_acc: 93.51222826086956, val_acc: 95.54010448209625, fidel_score: 98.37507682851874, acc_loss: 0.22205606091605581, grad_loss: None
2022-04-30 20:27:53,912 DEBUG epoch: 227, train_acc: 93.62426306683085, val_acc: 95.54010448209625, fidel_score: 98.37891825445605, acc_loss: 0.21769561181249825, grad_loss: None
2022-04-30 20:27:59,212 DEBUG epoch: 228, train_acc: 93.22344784943954, val_acc: 95.53242163022163, fidel_score: 98.38275968039336, acc_loss: 0.22768398296573888, grad_loss: None
2022-04-30 20:28:04,500 DEBUG epoch: 229, train_acc: 92.81802693242612, val_acc: 95.52858020428432, fidel_score: 98.37123540258143, acc_loss: 0.23553294526494067, grad_loss: None
2022-04-30 20:28:09,830 DEBUG epoch: 230, train_acc: 93.36945011304772, val_acc: 95.52473877834703, fidel_score: 98.36355255070683, acc_loss: 0.22455206970157832, grad_loss: None
2022-04-30 20:28:15,141 DEBUG epoch: 231, train_acc: 93.3661108929178, val_acc: 95.53626305615894, fidel_score: 98.36739397664412, acc_loss: 0.22282895847507145, grad_loss: None
2022-04-30 20:28:20,463 DEBUG epoch: 232, train_acc: 93.0581015545389, val_acc: 95.52089735240972, fidel_score: 98.36355255070683, acc_loss: 0.231161034722691, grad_loss: None
2022-04-30 20:28:25,761 DEBUG epoch: 233, train_acc: 93.29472185217816, val_acc: 95.52473877834703, fidel_score: 98.35971112476952, acc_loss: 0.22372781180817147, grad_loss: None
2022-04-30 20:28:30,976 DEBUG epoch: 234, train_acc: 93.53928706956947, val_acc: 95.52858020428432, fidel_score: 98.35586969883221, acc_loss: 0.2206987599801758, grad_loss: None
2022-04-30 20:28:36,229 DEBUG epoch: 235, train_acc: 93.1611551699431, val_acc: 95.54010448209625, fidel_score: 98.3520282728949, acc_loss: 0.23060153910647269, grad_loss: None
2022-04-30 20:28:41,535 DEBUG epoch: 236, train_acc: 93.1362840735394, val_acc: 95.54010448209625, fidel_score: 98.34434542102028, acc_loss: 0.22897108718752862, grad_loss: None
2022-04-30 20:28:46,825 DEBUG epoch: 237, train_acc: 93.08757828422215, val_acc: 95.52473877834703, fidel_score: 98.33666256914567, acc_loss: 0.22774041003507117, grad_loss: None
2022-04-30 20:28:52,127 DEBUG epoch: 238, train_acc: 93.17808128025221, val_acc: 95.53242163022163, fidel_score: 98.33666256914567, acc_loss: 0.229227547088395, grad_loss: None
2022-04-30 20:28:57,429 DEBUG epoch: 239, train_acc: 93.41251386559527, val_acc: 95.53242163022163, fidel_score: 98.33282114320836, acc_loss: 0.22620827082706535, grad_loss: None
2022-04-30 20:29:02,686 DEBUG epoch: 240, train_acc: 93.43404567552649, val_acc: 95.53626305615894, fidel_score: 98.33666256914567, acc_loss: 0.21988653718777326, grad_loss: None
2022-04-30 20:29:07,980 DEBUG epoch: 241, train_acc: 93.43404567552649, val_acc: 95.53626305615894, fidel_score: 98.33666256914567, acc_loss: 0.22113203370700713, grad_loss: None
2022-04-30 20:29:13,274 DEBUG epoch: 242, train_acc: 93.43738489565642, val_acc: 95.53626305615894, fidel_score: 98.33666256914567, acc_loss: 0.21752773212349932, grad_loss: None
2022-04-30 20:29:18,617 DEBUG epoch: 243, train_acc: 93.54274132770041, val_acc: 95.53626305615894, fidel_score: 98.33666256914567, acc_loss: 0.22250401218948157, grad_loss: None
2022-04-30 20:29:23,906 DEBUG epoch: 244, train_acc: 93.45097185217816, val_acc: 95.53242163022163, fidel_score: 98.32897971727105, acc_loss: 0.21876217690498934, grad_loss: None
2022-04-30 20:29:29,236 DEBUG epoch: 245, train_acc: 93.31625372845194, val_acc: 95.53242163022163, fidel_score: 98.32897971727105, acc_loss: 0.22197267173425012, grad_loss: None
2022-04-30 20:29:34,543 DEBUG epoch: 246, train_acc: 93.43968777863876, val_acc: 95.53242163022163, fidel_score: 98.33282114320836, acc_loss: 0.22429849942741187, grad_loss: None
2022-04-30 20:29:39,853 DEBUG epoch: 247, train_acc: 93.32535002335258, val_acc: 95.53626305615894, fidel_score: 98.32513829133374, acc_loss: 0.22698668166995048, grad_loss: None
2022-04-30 20:29:45,102 DEBUG epoch: 248, train_acc: 93.56081894584324, val_acc: 95.54010448209625, fidel_score: 98.33282114320836, acc_loss: 0.21900165255950846, grad_loss: None
2022-04-30 20:29:50,400 DEBUG epoch: 249, train_acc: 93.12373345416525, val_acc: 95.54010448209625, fidel_score: 98.32897971727105, acc_loss: 0.22911009484011194, grad_loss: None
2022-04-30 20:29:55,708 DEBUG epoch: 250, train_acc: 93.26075446087381, val_acc: 95.54010448209625, fidel_score: 98.33282114320836, acc_loss: 0.22632018424894498, grad_loss: None
2022-04-30 20:30:01,018 DEBUG epoch: 251, train_acc: 93.36726233440896, val_acc: 95.54010448209625, fidel_score: 98.33282114320836, acc_loss: 0.2233396096074063, grad_loss: None
2022-04-30 20:30:06,371 DEBUG epoch: 252, train_acc: 93.10116524074388, val_acc: 95.54010448209625, fidel_score: 98.33282114320836, acc_loss: 0.23233578477216804, grad_loss: None
2022-04-30 20:30:11,677 DEBUG epoch: 253, train_acc: 93.18832908298658, val_acc: 95.54010448209625, fidel_score: 98.33282114320836, acc_loss: 0.22680975435220677, grad_loss: None
2022-04-30 20:30:16,960 DEBUG epoch: 254, train_acc: 93.45557755180027, val_acc: 95.54010448209625, fidel_score: 98.32897971727105, acc_loss: 0.21816181977805885, grad_loss: None
2022-04-30 20:30:22,189 DEBUG epoch: 255, train_acc: 93.41815590236497, val_acc: 95.54010448209625, fidel_score: 98.33282114320836, acc_loss: 0.2269582955085713, grad_loss: None
2022-04-30 20:30:27,466 DEBUG epoch: 256, train_acc: 93.28458915378737, val_acc: 95.54778733397087, fidel_score: 98.34050399508297, acc_loss: 0.22042579301025556, grad_loss: None
2022-04-30 20:30:32,820 DEBUG epoch: 257, train_acc: 93.25062176248302, val_acc: 95.54778733397087, fidel_score: 98.34434542102028, acc_loss: 0.23025899283263995, grad_loss: None
2022-04-30 20:30:38,121 DEBUG epoch: 258, train_acc: 93.22678706956947, val_acc: 95.54778733397087, fidel_score: 98.34434542102028, acc_loss: 0.2260295816089796, grad_loss: None
2022-04-30 20:30:43,401 DEBUG epoch: 259, train_acc: 93.17704494310462, val_acc: 95.54778733397087, fidel_score: 98.34050399508297, acc_loss: 0.23003224024306174, grad_loss: None
2022-04-30 20:30:48,709 DEBUG epoch: 260, train_acc: 93.27883201267409, val_acc: 95.54778733397087, fidel_score: 98.34434542102028, acc_loss: 0.2254559042337148, grad_loss: None
2022-04-30 20:30:53,981 DEBUG epoch: 261, train_acc: 93.34342764149541, val_acc: 95.54394590803356, fidel_score: 98.33666256914567, acc_loss: 0.22175180633430897, grad_loss: None
2022-04-30 20:30:59,283 DEBUG epoch: 262, train_acc: 93.5223608929178, val_acc: 95.54778733397087, fidel_score: 98.34434542102028, acc_loss: 0.21764359093554642, grad_loss: None
2022-04-30 20:31:04,579 DEBUG epoch: 263, train_acc: 93.26754793913469, val_acc: 95.54394590803356, fidel_score: 98.33666256914567, acc_loss: 0.22980917582045432, grad_loss: None
2022-04-30 20:31:09,839 DEBUG epoch: 264, train_acc: 93.38084929093071, val_acc: 95.54394590803356, fidel_score: 98.33666256914567, acc_loss: 0.22198361670193464, grad_loss: None
2022-04-30 20:31:15,137 DEBUG epoch: 265, train_acc: 93.45557755180027, val_acc: 95.54394590803356, fidel_score: 98.34050399508297, acc_loss: 0.22196467850843202, grad_loss: None
2022-04-30 20:31:20,391 DEBUG epoch: 266, train_acc: 93.29690956447435, val_acc: 95.54778733397087, fidel_score: 98.34434542102028, acc_loss: 0.22301518816662871, grad_loss: None
2022-04-30 20:31:25,651 DEBUG epoch: 267, train_acc: 93.48390290633492, val_acc: 95.54394590803356, fidel_score: 98.34050399508297, acc_loss: 0.2166410030230232, grad_loss: None
2022-04-30 20:31:30,968 DEBUG epoch: 268, train_acc: 93.2336956521739, val_acc: 95.54394590803356, fidel_score: 98.34050399508297, acc_loss: 0.2262601373312266, grad_loss: None
2022-04-30 20:31:36,237 DEBUG epoch: 269, train_acc: 93.37854647429093, val_acc: 95.54394590803356, fidel_score: 98.34050399508297, acc_loss: 0.2223097137135008, grad_loss: None
2022-04-30 20:31:41,551 DEBUG epoch: 270, train_acc: 93.387527664848, val_acc: 95.54394590803356, fidel_score: 98.34050399508297, acc_loss: 0.21996482714362767, grad_loss: None
2022-04-30 20:31:46,831 DEBUG epoch: 271, train_acc: 93.40572038733441, val_acc: 95.54010448209625, fidel_score: 98.33666256914567, acc_loss: 0.2239856872221698, grad_loss: None
2022-04-30 20:31:52,102 DEBUG epoch: 272, train_acc: 93.70014276919157, val_acc: 95.54010448209625, fidel_score: 98.33666256914567, acc_loss: 0.2125813149239706, grad_loss: None
2022-04-30 20:31:57,348 DEBUG epoch: 273, train_acc: 93.31279940397843, val_acc: 95.54394590803356, fidel_score: 98.34434542102028, acc_loss: 0.2197802214194899, grad_loss: None
2022-04-30 20:32:02,657 DEBUG epoch: 274, train_acc: 93.1577008454696, val_acc: 95.54010448209625, fidel_score: 98.33666256914567, acc_loss: 0.2326293104044769, grad_loss: None
2022-04-30 20:32:07,973 DEBUG epoch: 275, train_acc: 93.16345798658288, val_acc: 95.54010448209625, fidel_score: 98.33666256914567, acc_loss: 0.23330817987089572, grad_loss: None
2022-04-30 20:32:13,258 DEBUG epoch: 276, train_acc: 93.35137256124746, val_acc: 95.54394590803356, fidel_score: 98.34434542102028, acc_loss: 0.22268690337305483, grad_loss: None
2022-04-30 20:32:18,545 DEBUG epoch: 277, train_acc: 93.09206894584324, val_acc: 95.54010448209625, fidel_score: 98.34050399508297, acc_loss: 0.22506082025559052, grad_loss: None
2022-04-30 20:32:23,808 DEBUG epoch: 278, train_acc: 93.13282981540846, val_acc: 95.54010448209625, fidel_score: 98.34434542102028, acc_loss: 0.23308429828156596, grad_loss: None
2022-04-30 20:32:29,100 DEBUG epoch: 279, train_acc: 93.43508201267409, val_acc: 95.54010448209625, fidel_score: 98.34434542102028, acc_loss: 0.22044288755758948, grad_loss: None
2022-04-30 20:32:34,397 DEBUG epoch: 280, train_acc: 92.86109068497368, val_acc: 95.53626305615894, fidel_score: 98.34050399508297, acc_loss: 0.2362629670811736, grad_loss: None
2022-04-30 20:32:39,739 DEBUG epoch: 281, train_acc: 93.08757828422215, val_acc: 95.54010448209625, fidel_score: 98.33666256914567, acc_loss: 0.23034992091681647, grad_loss: None
2022-04-30 20:32:45,054 DEBUG epoch: 282, train_acc: 93.06604647429093, val_acc: 95.53626305615894, fidel_score: 98.34050399508297, acc_loss: 0.22890720270250153, grad_loss: None
2022-04-30 20:32:50,329 DEBUG epoch: 283, train_acc: 93.23024132770041, val_acc: 95.53626305615894, fidel_score: 98.34050399508297, acc_loss: 0.22558055299779642, grad_loss: None
2022-04-30 20:32:55,645 DEBUG epoch: 284, train_acc: 93.42494938062585, val_acc: 95.53626305615894, fidel_score: 98.34050399508297, acc_loss: 0.22619020430290182, grad_loss: None
2022-04-30 20:33:00,973 DEBUG epoch: 285, train_acc: 93.17704494310462, val_acc: 95.53626305615894, fidel_score: 98.34050399508297, acc_loss: 0.22673521294541982, grad_loss: None
2022-04-30 20:33:06,241 DEBUG epoch: 286, train_acc: 93.21884214981742, val_acc: 95.53626305615894, fidel_score: 98.34050399508297, acc_loss: 0.22798680608039318, grad_loss: None
2022-04-30 20:33:11,507 DEBUG epoch: 287, train_acc: 92.9800340735394, val_acc: 95.54010448209625, fidel_score: 98.33666256914567, acc_loss: 0.23396231593645136, grad_loss: None
2022-04-30 20:33:16,749 DEBUG epoch: 288, train_acc: 93.60273125689963, val_acc: 95.53626305615894, fidel_score: 98.34050399508297, acc_loss: 0.21845489766286766, grad_loss: None
2022-04-30 20:33:22,051 DEBUG epoch: 289, train_acc: 92.94261242410411, val_acc: 95.54010448209625, fidel_score: 98.33666256914567, acc_loss: 0.2325675004850263, grad_loss: None
2022-04-30 20:33:27,376 DEBUG epoch: 290, train_acc: 93.27549285888672, val_acc: 95.54010448209625, fidel_score: 98.33666256914567, acc_loss: 0.22643775606284972, grad_loss: None
2022-04-30 20:33:32,696 DEBUG epoch: 291, train_acc: 93.24831894584324, val_acc: 95.54010448209625, fidel_score: 98.33666256914567, acc_loss: 0.22795769358458726, grad_loss: None
2022-04-30 20:33:37,997 DEBUG epoch: 292, train_acc: 93.22114503279977, val_acc: 95.54010448209625, fidel_score: 98.33666256914567, acc_loss: 0.22898096340182034, grad_loss: None
2022-04-30 20:33:43,243 DEBUG epoch: 293, train_acc: 93.07951826012653, val_acc: 95.54010448209625, fidel_score: 98.33666256914567, acc_loss: 0.22822805662517962, grad_loss: None
2022-04-30 20:33:48,508 DEBUG epoch: 294, train_acc: 93.26869938062585, val_acc: 95.54010448209625, fidel_score: 98.33666256914567, acc_loss: 0.22753771271394646, grad_loss: None
2022-04-30 20:33:53,740 DEBUG epoch: 295, train_acc: 93.87562176248302, val_acc: 95.53626305615894, fidel_score: 98.34050399508297, acc_loss: 0.21183739660874656, grad_loss: None
2022-04-30 20:33:59,043 DEBUG epoch: 296, train_acc: 93.3344463845958, val_acc: 95.54010448209625, fidel_score: 98.34434542102028, acc_loss: 0.2256412129363288, grad_loss: None
2022-04-30 20:34:04,293 DEBUG epoch: 297, train_acc: 93.32535002335258, val_acc: 95.54010448209625, fidel_score: 98.34434542102028, acc_loss: 0.22808913598242014, grad_loss: None
2022-04-30 20:34:09,556 DEBUG epoch: 298, train_acc: 93.0524595177692, val_acc: 95.54010448209625, fidel_score: 98.34434542102028, acc_loss: 0.23214898958154348, grad_loss: None
2022-04-30 20:34:14,880 DEBUG epoch: 299, train_acc: 93.26524505615234, val_acc: 95.54010448209625, fidel_score: 98.34434542102028, acc_loss: 0.2252096432382646, grad_loss: None
2022-04-30 20:34:20,131 DEBUG epoch: 300, train_acc: 93.32650146484374, val_acc: 95.54010448209625, fidel_score: 98.34434542102028, acc_loss: 0.2266390469087207, grad_loss: None
2022-04-30 20:34:20,131 DEBUG load best stealed model.
2022-04-30 20:34:20,131 DEBUG Best perform model, val_acc: 95.57851874146934, fidel_score: 98.46342962507683, acc_loss: 0.2329269908692526
2022-04-30 20:34:20,133 DEBUG load cloest stealed model.
2022-04-30 20:34:20,133 DEBUG Closest perform model, val_acc: 95.37492316679202, fidel_score: 98.99354640442532, acc_loss: 0.2329269908692526
