2022-04-29 17:48:35,984 DEBUG Namespace(arch='vgg11_bn', attack_client=0, attack_epochs=300, attack_style='GM_option_CIFAR10', average_time=1, batch_size=128, bottleneck_option='None', cutlayer=4, data_proportion=1.0, dataset='cifar100', filename='ace_V2_epoch_vgg11_bn_cutlayer_4_client_1_seed125_dataset_cifar100_lr_0.05_200epoch', folder='saves/baseline', learning_rate=0.05, noniid_ratio=1.0, num_client=1, num_epochs='best', num_query=1000, random_seed=123, regularization='None', regularization_strength=0.0, scheme='V2_epoch', surrogate_arch='same', test_best=True, train_clas_layer=5.0)
2022-04-29 17:48:40,151 DEBUG Test (client-0):	Loss 1.2311 (1.7817)	Prec@1 75.000 (68.630)
2022-04-29 17:48:40,152 DEBUG  * Prec@1 68.630
2022-04-29 17:48:40,279 DEBUG 14
2022-04-29 17:48:40,280 DEBUG surrogate parameter has 14 trainable parameters!
2022-04-29 17:48:46,298 DEBUG epoch: 0, val_acc: 0.99, val_fidelity: 0.94
2022-04-29 17:48:48,553 DEBUG epoch: 1, train_acc: 0.0, val_acc: 1.08, fidel_score: 1.07, acc_loss: 0.0, grad_loss: 19.03067130076734
2022-04-29 17:48:51,039 DEBUG epoch: 2, train_acc: 0.0, val_acc: 1.0, fidel_score: 0.99, acc_loss: 0.0, grad_loss: 18.62682518777968
2022-04-29 17:48:54,457 DEBUG epoch: 3, train_acc: 0.0, val_acc: 1.0, fidel_score: 1.01, acc_loss: 0.0, grad_loss: 18.98880811280842
2022-04-29 17:48:57,898 DEBUG epoch: 4, train_acc: 0.0, val_acc: 1.0, fidel_score: 0.94, acc_loss: 0.0, grad_loss: 18.97572372533098
2022-04-29 17:49:01,344 DEBUG epoch: 5, train_acc: 0.0, val_acc: 0.88, fidel_score: 0.8, acc_loss: 0.0, grad_loss: 18.861484503444238
2022-04-29 17:49:04,739 DEBUG epoch: 6, train_acc: 0.0, val_acc: 1.04, fidel_score: 0.98, acc_loss: 0.0, grad_loss: 18.98623640326005
2022-04-29 17:49:08,171 DEBUG epoch: 7, train_acc: 0.0, val_acc: 1.08, fidel_score: 1.07, acc_loss: 0.0, grad_loss: 18.93461367450183
2022-04-29 17:49:11,616 DEBUG epoch: 8, train_acc: 0.0, val_acc: 1.0, fidel_score: 1.09, acc_loss: 0.0, grad_loss: 18.890547462656528
2022-04-29 17:49:15,054 DEBUG epoch: 9, train_acc: 0.0, val_acc: 1.01, fidel_score: 1.08, acc_loss: 0.0, grad_loss: 18.924675591384307
2022-04-29 17:49:18,476 DEBUG epoch: 10, train_acc: 0.0, val_acc: 0.98, fidel_score: 1.08, acc_loss: 0.0, grad_loss: 18.942646074898636
2022-04-29 17:49:21,910 DEBUG epoch: 11, train_acc: 0.0, val_acc: 1.05, fidel_score: 1.11, acc_loss: 0.0, grad_loss: 18.853048831601686
2022-04-29 17:49:25,340 DEBUG epoch: 12, train_acc: 0.0, val_acc: 0.99, fidel_score: 1.12, acc_loss: 0.0, grad_loss: 18.966668044464498
2022-04-29 17:49:28,805 DEBUG epoch: 13, train_acc: 0.0, val_acc: 1.19, fidel_score: 1.21, acc_loss: 0.0, grad_loss: 18.90760537642467
2022-04-29 17:49:31,966 DEBUG epoch: 14, train_acc: 0.0, val_acc: 0.92, fidel_score: 1.1, acc_loss: 0.0, grad_loss: 18.935559308981592
2022-04-29 17:49:34,341 DEBUG epoch: 15, train_acc: 0.0, val_acc: 0.9, fidel_score: 0.86, acc_loss: 0.0, grad_loss: 18.948031099536752
2022-04-29 17:49:36,635 DEBUG epoch: 16, train_acc: 0.0, val_acc: 1.06, fidel_score: 1.01, acc_loss: 0.0, grad_loss: 18.909503791905657
2022-04-29 17:49:38,777 DEBUG epoch: 17, train_acc: 0.0, val_acc: 0.98, fidel_score: 1.07, acc_loss: 0.0, grad_loss: 18.918406136428253
2022-04-29 17:49:40,864 DEBUG epoch: 18, train_acc: 0.0, val_acc: 1.03, fidel_score: 1.14, acc_loss: 0.0, grad_loss: 18.95355036288877
2022-04-29 17:49:43,035 DEBUG epoch: 19, train_acc: 0.0, val_acc: 0.89, fidel_score: 0.96, acc_loss: 0.0, grad_loss: 18.90837104411065
2022-04-29 17:49:45,102 DEBUG epoch: 20, train_acc: 0.0, val_acc: 1.07, fidel_score: 1.02, acc_loss: 0.0, grad_loss: 18.933992096140415
2022-04-29 17:49:47,159 DEBUG epoch: 21, train_acc: 0.0, val_acc: 0.98, fidel_score: 1.17, acc_loss: 0.0, grad_loss: 18.930706120744535
2022-04-29 17:49:49,269 DEBUG epoch: 22, train_acc: 0.0, val_acc: 0.94, fidel_score: 1.03, acc_loss: 0.0, grad_loss: 18.94278997107397
2022-04-29 17:49:51,492 DEBUG epoch: 23, train_acc: 0.0, val_acc: 0.98, fidel_score: 1.0, acc_loss: 0.0, grad_loss: 18.90450277207773
2022-04-29 17:49:53,699 DEBUG epoch: 24, train_acc: 0.0, val_acc: 1.01, fidel_score: 1.08, acc_loss: 0.0, grad_loss: 18.944691138931468
2022-04-29 17:49:55,926 DEBUG epoch: 25, train_acc: 0.0, val_acc: 0.87, fidel_score: 0.89, acc_loss: 0.0, grad_loss: 18.91762349575381
2022-04-29 17:49:58,191 DEBUG epoch: 26, train_acc: 0.0, val_acc: 1.06, fidel_score: 1.12, acc_loss: 0.0, grad_loss: 18.961769079860254
2022-04-29 17:50:00,325 DEBUG epoch: 27, train_acc: 0.0, val_acc: 0.93, fidel_score: 0.88, acc_loss: 0.0, grad_loss: 18.72195210034334
2022-04-29 17:50:02,601 DEBUG epoch: 28, train_acc: 0.0, val_acc: 1.0, fidel_score: 1.12, acc_loss: 0.0, grad_loss: 18.846305774737008
2022-04-29 17:50:05,199 DEBUG epoch: 29, train_acc: 0.0, val_acc: 0.91, fidel_score: 0.94, acc_loss: 0.0, grad_loss: 18.923913062373295
2022-04-29 17:50:07,453 DEBUG epoch: 30, train_acc: 0.0, val_acc: 1.05, fidel_score: 0.96, acc_loss: 0.0, grad_loss: 18.90275696863102
2022-04-29 17:50:10,019 DEBUG epoch: 31, train_acc: 0.0, val_acc: 1.05, fidel_score: 1.07, acc_loss: 0.0, grad_loss: 18.8990603338314
2022-04-29 17:50:13,383 DEBUG epoch: 32, train_acc: 0.0, val_acc: 1.02, fidel_score: 0.96, acc_loss: 0.0, grad_loss: 18.912388016905965
2022-04-29 17:50:16,851 DEBUG epoch: 33, train_acc: 0.0, val_acc: 1.1, fidel_score: 1.07, acc_loss: 0.0, grad_loss: 18.9973009809663
2022-04-29 17:50:20,296 DEBUG epoch: 34, train_acc: 0.0, val_acc: 1.01, fidel_score: 1.09, acc_loss: 0.0, grad_loss: 18.926371055313304
2022-04-29 17:50:23,747 DEBUG epoch: 35, train_acc: 0.0, val_acc: 0.96, fidel_score: 0.95, acc_loss: 0.0, grad_loss: 18.942295484905003
2022-04-29 17:50:27,210 DEBUG epoch: 36, train_acc: 0.0, val_acc: 1.1, fidel_score: 1.09, acc_loss: 0.0, grad_loss: 18.922078965585442
2022-04-29 17:50:30,652 DEBUG epoch: 37, train_acc: 0.0, val_acc: 1.07, fidel_score: 1.09, acc_loss: 0.0, grad_loss: 18.927440908890738
2022-04-29 17:50:34,120 DEBUG epoch: 38, train_acc: 0.0, val_acc: 1.02, fidel_score: 0.94, acc_loss: 0.0, grad_loss: 18.92939893505241
2022-04-29 17:50:37,506 DEBUG epoch: 39, train_acc: 0.0, val_acc: 1.09, fidel_score: 1.08, acc_loss: 0.0, grad_loss: 18.948003744777246
2022-04-29 17:50:40,943 DEBUG epoch: 40, train_acc: 0.0, val_acc: 1.06, fidel_score: 1.09, acc_loss: 0.0, grad_loss: 18.903619307505934
2022-04-29 17:50:44,387 DEBUG epoch: 41, train_acc: 0.0, val_acc: 1.0, fidel_score: 0.91, acc_loss: 0.0, grad_loss: 18.543181286582463
2022-04-29 17:50:47,838 DEBUG epoch: 42, train_acc: 0.0, val_acc: 1.01, fidel_score: 1.02, acc_loss: 0.0, grad_loss: 18.896537442750567
2022-04-29 17:50:51,014 DEBUG epoch: 43, train_acc: 0.0, val_acc: 0.86, fidel_score: 0.83, acc_loss: 0.0, grad_loss: 18.91797150237651
2022-04-29 17:50:53,417 DEBUG epoch: 44, train_acc: 0.0, val_acc: 1.08, fidel_score: 0.99, acc_loss: 0.0, grad_loss: 18.95453602754617
2022-04-29 17:50:55,744 DEBUG epoch: 45, train_acc: 0.0, val_acc: 0.85, fidel_score: 0.91, acc_loss: 0.0, grad_loss: 18.928980935977982
2022-04-29 17:50:57,943 DEBUG epoch: 46, train_acc: 0.0, val_acc: 1.01, fidel_score: 0.98, acc_loss: 0.0, grad_loss: 18.926030122781103
2022-04-29 17:51:00,051 DEBUG epoch: 47, train_acc: 0.0, val_acc: 0.96, fidel_score: 1.06, acc_loss: 0.0, grad_loss: 18.941710025449343
2022-04-29 17:51:02,197 DEBUG epoch: 48, train_acc: 0.0, val_acc: 1.0, fidel_score: 1.15, acc_loss: 0.0, grad_loss: 18.932835252979135
2022-04-29 17:51:04,275 DEBUG epoch: 49, train_acc: 0.0, val_acc: 1.12, fidel_score: 1.11, acc_loss: 0.0, grad_loss: 18.930458986306494
2022-04-29 17:51:06,376 DEBUG epoch: 50, train_acc: 0.0, val_acc: 0.91, fidel_score: 0.95, acc_loss: 0.0, grad_loss: 18.903006348428846
2022-04-29 17:51:08,513 DEBUG epoch: 51, train_acc: 0.0, val_acc: 0.97, fidel_score: 1.05, acc_loss: 0.0, grad_loss: 18.944307641138003
2022-04-29 17:51:10,648 DEBUG epoch: 52, train_acc: 0.0, val_acc: 1.06, fidel_score: 1.13, acc_loss: 0.0, grad_loss: 18.919752289977254
2022-04-29 17:51:12,912 DEBUG epoch: 53, train_acc: 0.0, val_acc: 1.0, fidel_score: 0.98, acc_loss: 0.0, grad_loss: 18.922470720508432
2022-04-29 17:51:15,198 DEBUG epoch: 54, train_acc: 0.0, val_acc: 0.97, fidel_score: 0.96, acc_loss: 0.0, grad_loss: 18.892786677879624
2022-04-29 17:51:17,483 DEBUG epoch: 55, train_acc: 0.0, val_acc: 0.99, fidel_score: 1.08, acc_loss: 0.0, grad_loss: 18.90961746022671
2022-04-29 17:51:19,641 DEBUG epoch: 56, train_acc: 0.0, val_acc: 1.0, fidel_score: 1.14, acc_loss: 0.0, grad_loss: 18.922877685933173
2022-04-29 17:51:21,883 DEBUG epoch: 57, train_acc: 0.0, val_acc: 1.12, fidel_score: 1.15, acc_loss: 0.0, grad_loss: 18.935160238531573
2022-04-29 17:51:24,607 DEBUG epoch: 58, train_acc: 0.0, val_acc: 0.92, fidel_score: 1.0, acc_loss: 0.0, grad_loss: 18.93056722230549
2022-04-29 17:51:26,900 DEBUG epoch: 59, train_acc: 0.0, val_acc: 0.92, fidel_score: 0.97, acc_loss: 0.0, grad_loss: 18.945664104027085
2022-04-29 17:51:29,672 DEBUG epoch: 60, train_acc: 0.0, val_acc: 1.05, fidel_score: 0.98, acc_loss: 0.0, grad_loss: 18.929024442841737
2022-04-29 17:51:33,140 DEBUG epoch: 61, train_acc: 0.0, val_acc: 0.93, fidel_score: 0.96, acc_loss: 0.0, grad_loss: 18.91185931917987
2022-04-29 17:51:36,537 DEBUG epoch: 62, train_acc: 0.0, val_acc: 0.85, fidel_score: 0.81, acc_loss: 0.0, grad_loss: 18.927341557756254
2022-04-29 17:51:39,993 DEBUG epoch: 63, train_acc: 0.0, val_acc: 0.91, fidel_score: 0.95, acc_loss: 0.0, grad_loss: 18.914534556714795
2022-04-29 17:51:43,411 DEBUG epoch: 64, train_acc: 0.0, val_acc: 1.04, fidel_score: 0.96, acc_loss: 0.0, grad_loss: 18.942073484010333
2022-04-29 17:51:46,873 DEBUG epoch: 65, train_acc: 0.0, val_acc: 0.94, fidel_score: 0.94, acc_loss: 0.0, grad_loss: 18.930298431010186
2022-04-29 17:51:50,282 DEBUG epoch: 66, train_acc: 0.0, val_acc: 1.14, fidel_score: 1.1, acc_loss: 0.0, grad_loss: 18.898672707473175
2022-04-29 17:51:53,759 DEBUG epoch: 67, train_acc: 0.0, val_acc: 0.95, fidel_score: 0.9, acc_loss: 0.0, grad_loss: 18.861830143988886
2022-04-29 17:51:57,206 DEBUG epoch: 68, train_acc: 0.0, val_acc: 1.1, fidel_score: 0.99, acc_loss: 0.0, grad_loss: 18.910709912263894
2022-04-29 17:52:00,657 DEBUG epoch: 69, train_acc: 0.0, val_acc: 0.98, fidel_score: 0.92, acc_loss: 0.0, grad_loss: 18.9159310014942
2022-04-29 17:52:04,131 DEBUG epoch: 70, train_acc: 0.0, val_acc: 0.97, fidel_score: 0.87, acc_loss: 0.0, grad_loss: 18.904550479937203
2022-04-29 17:52:07,558 DEBUG epoch: 71, train_acc: 0.0, val_acc: 1.0, fidel_score: 0.94, acc_loss: 0.0, grad_loss: 18.871570055997825
2022-04-29 17:52:10,580 DEBUG epoch: 72, train_acc: 0.0, val_acc: 1.02, fidel_score: 0.9, acc_loss: 0.0, grad_loss: 18.848514412022844
2022-04-29 17:52:13,017 DEBUG epoch: 73, train_acc: 0.0, val_acc: 1.06, fidel_score: 0.9, acc_loss: 0.0, grad_loss: 18.786028439485573
2022-04-29 17:52:15,261 DEBUG epoch: 74, train_acc: 0.0, val_acc: 0.94, fidel_score: 0.92, acc_loss: 0.0, grad_loss: 18.662913986399204
2022-04-29 17:52:17,430 DEBUG epoch: 75, train_acc: 0.0, val_acc: 0.95, fidel_score: 0.91, acc_loss: 0.0, grad_loss: 18.711265588108496
2022-04-29 17:52:19,498 DEBUG epoch: 76, train_acc: 0.0, val_acc: 1.11, fidel_score: 0.87, acc_loss: 0.0, grad_loss: 18.86046204385878
2022-04-29 17:52:21,581 DEBUG epoch: 77, train_acc: 0.0, val_acc: 1.13, fidel_score: 1.0, acc_loss: 0.0, grad_loss: 18.892799039430255
2022-04-29 17:52:23,668 DEBUG epoch: 78, train_acc: 0.0, val_acc: 1.01, fidel_score: 0.94, acc_loss: 0.0, grad_loss: 18.85859631888474
2022-04-29 17:52:25,811 DEBUG epoch: 79, train_acc: 0.0, val_acc: 1.0, fidel_score: 1.01, acc_loss: 0.0, grad_loss: 18.779126082794576
2022-04-29 17:52:27,847 DEBUG epoch: 80, train_acc: 0.0, val_acc: 1.0, fidel_score: 1.01, acc_loss: 0.0, grad_loss: 18.767385072345974
2022-04-29 17:52:30,012 DEBUG epoch: 81, train_acc: 0.0, val_acc: 1.0, fidel_score: 1.01, acc_loss: 0.0, grad_loss: 18.641921224473396
2022-04-29 17:52:32,136 DEBUG epoch: 82, train_acc: 0.0, val_acc: 1.0, fidel_score: 1.01, acc_loss: 0.0, grad_loss: 18.037542548360705
2022-04-29 17:52:34,405 DEBUG epoch: 83, train_acc: 0.0, val_acc: 1.0, fidel_score: 1.01, acc_loss: 0.0, grad_loss: 18.623997386497788
2022-04-29 17:52:36,630 DEBUG epoch: 84, train_acc: 0.0, val_acc: 1.0, fidel_score: 1.01, acc_loss: 0.0, grad_loss: 18.251215415664866
2022-04-29 17:52:38,861 DEBUG epoch: 85, train_acc: 0.0, val_acc: 1.06, fidel_score: 1.03, acc_loss: 0.0, grad_loss: 18.79799736602397
2022-04-29 17:52:41,083 DEBUG epoch: 86, train_acc: 0.0, val_acc: 0.96, fidel_score: 1.0, acc_loss: 0.0, grad_loss: 18.73008899447284
2022-04-29 17:52:43,807 DEBUG epoch: 87, train_acc: 0.0, val_acc: 1.01, fidel_score: 0.98, acc_loss: 0.0, grad_loss: 18.469095085240617
2022-04-29 17:52:46,174 DEBUG epoch: 88, train_acc: 0.0, val_acc: 1.01, fidel_score: 1.0, acc_loss: 0.0, grad_loss: 18.555326558366605
2022-04-29 17:52:48,937 DEBUG epoch: 89, train_acc: 0.0, val_acc: 1.01, fidel_score: 1.01, acc_loss: 0.0, grad_loss: 17.971495580069625
2022-04-29 17:52:52,377 DEBUG epoch: 90, train_acc: 0.0, val_acc: 0.9, fidel_score: 0.96, acc_loss: 0.0, grad_loss: 18.882639872876904
2022-04-29 17:52:55,848 DEBUG epoch: 91, train_acc: 0.0, val_acc: 1.0, fidel_score: 0.87, acc_loss: 0.0, grad_loss: 18.88662480704392
2022-04-29 17:52:59,309 DEBUG epoch: 92, train_acc: 0.0, val_acc: 0.91, fidel_score: 0.99, acc_loss: 0.0, grad_loss: 18.881868217564836
2022-04-29 17:53:02,767 DEBUG epoch: 93, train_acc: 0.0, val_acc: 0.92, fidel_score: 0.93, acc_loss: 0.0, grad_loss: 18.721789251399947
2022-04-29 17:53:06,242 DEBUG epoch: 94, train_acc: 0.0, val_acc: 0.97, fidel_score: 0.92, acc_loss: 0.0, grad_loss: 18.213341326653204
2022-04-29 17:53:09,701 DEBUG epoch: 95, train_acc: 0.0, val_acc: 0.91, fidel_score: 0.87, acc_loss: 0.0, grad_loss: 18.63560522055324
2022-04-29 17:53:13,092 DEBUG epoch: 96, train_acc: 0.0, val_acc: 0.92, fidel_score: 0.98, acc_loss: 0.0, grad_loss: 18.43796740906148
2022-04-29 17:53:16,530 DEBUG epoch: 97, train_acc: 0.0, val_acc: 0.99, fidel_score: 1.09, acc_loss: 0.0, grad_loss: 18.638068452666076
2022-04-29 17:53:20,007 DEBUG epoch: 98, train_acc: 0.0, val_acc: 1.0, fidel_score: 1.09, acc_loss: 0.0, grad_loss: 17.800136723095857
2022-04-29 17:53:23,463 DEBUG epoch: 99, train_acc: 0.0, val_acc: 1.01, fidel_score: 1.09, acc_loss: 0.0, grad_loss: 18.479689561868017
2022-04-29 17:53:26,912 DEBUG epoch: 100, train_acc: 0.0, val_acc: 1.0, fidel_score: 1.09, acc_loss: 0.0, grad_loss: 17.543079991883868
2022-04-29 17:53:29,785 DEBUG epoch: 101, train_acc: 0.0, val_acc: 1.0, fidel_score: 1.09, acc_loss: 0.0, grad_loss: 18.570616891112508
2022-04-29 17:53:32,173 DEBUG epoch: 102, train_acc: 0.0, val_acc: 1.0, fidel_score: 1.09, acc_loss: 0.0, grad_loss: 18.19048823585993
2022-04-29 17:53:34,413 DEBUG epoch: 103, train_acc: 0.0, val_acc: 1.01, fidel_score: 1.09, acc_loss: 0.0, grad_loss: 18.55027645449095
2022-04-29 17:53:36,589 DEBUG epoch: 104, train_acc: 0.0, val_acc: 1.0, fidel_score: 1.09, acc_loss: 0.0, grad_loss: 17.685681041282944
2022-04-29 17:53:38,680 DEBUG epoch: 105, train_acc: 0.0, val_acc: 1.0, fidel_score: 1.09, acc_loss: 0.0, grad_loss: 18.453759471072427
2022-04-29 17:53:40,802 DEBUG epoch: 106, train_acc: 0.0, val_acc: 1.0, fidel_score: 1.09, acc_loss: 0.0, grad_loss: 17.125352424911306
2022-04-29 17:53:42,870 DEBUG epoch: 107, train_acc: 0.0, val_acc: 1.02, fidel_score: 1.11, acc_loss: 0.0, grad_loss: 18.405557234076007
2022-04-29 17:53:44,955 DEBUG epoch: 108, train_acc: 0.0, val_acc: 1.0, fidel_score: 1.09, acc_loss: 0.0, grad_loss: 17.55751684647572
2022-04-29 17:53:47,053 DEBUG epoch: 109, train_acc: 0.0, val_acc: 1.0, fidel_score: 1.09, acc_loss: 0.0, grad_loss: 18.680909132655664
2022-04-29 17:53:49,316 DEBUG epoch: 110, train_acc: 0.0, val_acc: 1.0, fidel_score: 1.09, acc_loss: 0.0, grad_loss: 18.804727409459367
2022-04-29 17:53:51,565 DEBUG epoch: 111, train_acc: 0.0, val_acc: 1.0, fidel_score: 1.09, acc_loss: 0.0, grad_loss: 18.27885026569608
2022-04-29 17:53:53,842 DEBUG epoch: 112, train_acc: 0.0, val_acc: 1.0, fidel_score: 1.09, acc_loss: 0.0, grad_loss: 16.345556633381904
2022-04-29 17:53:56,016 DEBUG epoch: 113, train_acc: 0.0, val_acc: 1.0, fidel_score: 1.09, acc_loss: 0.0, grad_loss: 18.392982253545448
2022-04-29 17:53:58,283 DEBUG epoch: 114, train_acc: 0.0, val_acc: 1.0, fidel_score: 1.09, acc_loss: 0.0, grad_loss: 17.218723574771158
2022-04-29 17:54:00,639 DEBUG epoch: 115, train_acc: 0.0, val_acc: 0.99, fidel_score: 0.97, acc_loss: 0.0, grad_loss: 18.673280015776427
2022-04-29 17:54:03,395 DEBUG epoch: 116, train_acc: 0.0, val_acc: 1.0, fidel_score: 0.98, acc_loss: 0.0, grad_loss: 18.57244522963898
2022-04-29 17:54:05,835 DEBUG epoch: 117, train_acc: 0.0, val_acc: 1.0, fidel_score: 0.99, acc_loss: 0.0, grad_loss: 17.14349884322927
2022-04-29 17:54:08,767 DEBUG epoch: 118, train_acc: 0.0, val_acc: 1.0, fidel_score: 0.98, acc_loss: 0.0, grad_loss: 18.227781573428384
2022-04-29 17:54:12,174 DEBUG epoch: 119, train_acc: 0.0, val_acc: 1.0, fidel_score: 0.98, acc_loss: 0.0, grad_loss: 18.318220066118844
2022-04-29 17:54:15,608 DEBUG epoch: 120, train_acc: 0.0, val_acc: 1.0, fidel_score: 0.98, acc_loss: 0.0, grad_loss: 17.030597360828256
2022-04-29 17:54:19,025 DEBUG epoch: 121, train_acc: 0.0, val_acc: 1.0, fidel_score: 0.98, acc_loss: 0.0, grad_loss: 18.57741316058968
2022-04-29 17:54:22,457 DEBUG epoch: 122, train_acc: 0.0, val_acc: 1.0, fidel_score: 0.98, acc_loss: 0.0, grad_loss: 18.375672847409792
2022-04-29 17:54:25,888 DEBUG epoch: 123, train_acc: 0.0, val_acc: 1.0, fidel_score: 0.98, acc_loss: 0.0, grad_loss: 18.695548045484326
2022-04-29 17:54:29,296 DEBUG epoch: 124, train_acc: 0.0, val_acc: 1.0, fidel_score: 0.98, acc_loss: 0.0, grad_loss: 18.670526118218145
2022-04-29 17:54:32,752 DEBUG epoch: 125, train_acc: 0.0, val_acc: 1.0, fidel_score: 0.98, acc_loss: 0.0, grad_loss: 17.322499057914637
2022-04-29 17:54:36,211 DEBUG epoch: 126, train_acc: 0.0, val_acc: 1.0, fidel_score: 0.98, acc_loss: 0.0, grad_loss: 18.301825970034056
2022-04-29 17:54:39,667 DEBUG epoch: 127, train_acc: 0.0, val_acc: 1.0, fidel_score: 0.98, acc_loss: 0.0, grad_loss: 18.222654499585115
2022-04-29 17:54:43,124 DEBUG epoch: 128, train_acc: 0.0, val_acc: 1.0, fidel_score: 0.98, acc_loss: 0.0, grad_loss: 18.41852427132522
2022-04-29 17:54:46,541 DEBUG epoch: 129, train_acc: 0.0, val_acc: 1.0, fidel_score: 0.98, acc_loss: 0.0, grad_loss: 18.07773754264735
2022-04-29 17:54:49,344 DEBUG epoch: 130, train_acc: 0.0, val_acc: 1.0, fidel_score: 0.98, acc_loss: 0.0, grad_loss: 15.781025572668147
2022-04-29 17:54:51,752 DEBUG epoch: 131, train_acc: 0.0, val_acc: 1.0, fidel_score: 0.98, acc_loss: 0.0, grad_loss: 16.559098074707805
2022-04-29 17:54:53,958 DEBUG epoch: 132, train_acc: 0.0, val_acc: 1.0, fidel_score: 0.98, acc_loss: 0.0, grad_loss: 16.2813349856606
2022-04-29 17:54:56,136 DEBUG epoch: 133, train_acc: 0.0, val_acc: 1.0, fidel_score: 0.98, acc_loss: 0.0, grad_loss: 18.105954677243776
2022-04-29 17:54:58,265 DEBUG epoch: 134, train_acc: 0.0, val_acc: 1.0, fidel_score: 0.98, acc_loss: 0.0, grad_loss: 15.374158002153228
2022-04-29 17:55:00,361 DEBUG epoch: 135, train_acc: 0.0, val_acc: 1.0, fidel_score: 0.98, acc_loss: 0.0, grad_loss: 16.663587063173704
2022-04-29 17:55:02,416 DEBUG epoch: 136, train_acc: 0.0, val_acc: 1.0, fidel_score: 0.98, acc_loss: 0.0, grad_loss: 17.448219878764093
2022-04-29 17:55:04,529 DEBUG epoch: 137, train_acc: 0.0, val_acc: 1.0, fidel_score: 0.98, acc_loss: 0.0, grad_loss: 17.90215417403209
2022-04-29 17:55:06,687 DEBUG epoch: 138, train_acc: 0.0, val_acc: 1.0, fidel_score: 0.98, acc_loss: 0.0, grad_loss: 15.207581266572204
2022-04-29 17:55:08,835 DEBUG epoch: 139, train_acc: 0.0, val_acc: 1.0, fidel_score: 0.98, acc_loss: 0.0, grad_loss: 15.879780395121514
2022-04-29 17:55:11,068 DEBUG epoch: 140, train_acc: 0.0, val_acc: 1.0, fidel_score: 0.98, acc_loss: 0.0, grad_loss: 18.408609523048884
2022-04-29 17:55:13,280 DEBUG epoch: 141, train_acc: 0.0, val_acc: 1.0, fidel_score: 0.98, acc_loss: 0.0, grad_loss: 17.36751609512522
2022-04-29 17:55:15,515 DEBUG epoch: 142, train_acc: 0.0, val_acc: 1.0, fidel_score: 0.98, acc_loss: 0.0, grad_loss: 17.56714024121248
2022-04-29 17:55:17,739 DEBUG epoch: 143, train_acc: 0.0, val_acc: 1.0, fidel_score: 0.98, acc_loss: 0.0, grad_loss: 18.20022219645826
2022-04-29 17:55:20,169 DEBUG epoch: 144, train_acc: 0.0, val_acc: 1.0, fidel_score: 0.98, acc_loss: 0.0, grad_loss: 16.298076955577994
2022-04-29 17:55:22,723 DEBUG epoch: 145, train_acc: 0.0, val_acc: 1.0, fidel_score: 0.98, acc_loss: 0.0, grad_loss: 16.763124453870557
2022-04-29 17:55:25,124 DEBUG epoch: 146, train_acc: 0.0, val_acc: 1.0, fidel_score: 0.98, acc_loss: 0.0, grad_loss: 18.020472417903854
2022-04-29 17:55:28,259 DEBUG epoch: 147, train_acc: 0.0, val_acc: 1.0, fidel_score: 0.98, acc_loss: 0.0, grad_loss: 18.056876858578452
2022-04-29 17:55:31,721 DEBUG epoch: 148, train_acc: 0.0, val_acc: 1.0, fidel_score: 0.98, acc_loss: 0.0, grad_loss: 15.329401028307178
2022-04-29 17:55:35,162 DEBUG epoch: 149, train_acc: 0.0, val_acc: 1.0, fidel_score: 0.98, acc_loss: 0.0, grad_loss: 14.824141936966136
2022-04-29 17:55:38,602 DEBUG epoch: 150, train_acc: 0.0, val_acc: 1.0, fidel_score: 0.98, acc_loss: 0.0, grad_loss: 13.882280663598943
2022-04-29 17:55:42,018 DEBUG epoch: 151, train_acc: 0.0, val_acc: 1.0, fidel_score: 0.98, acc_loss: 0.0, grad_loss: 13.499165824696988
2022-04-29 17:55:45,464 DEBUG epoch: 152, train_acc: 0.0, val_acc: 1.0, fidel_score: 0.98, acc_loss: 0.0, grad_loss: 13.219059594069854
2022-04-29 17:55:48,904 DEBUG epoch: 153, train_acc: 0.0, val_acc: 1.0, fidel_score: 0.98, acc_loss: 0.0, grad_loss: 13.342686725568168
2022-04-29 17:55:52,379 DEBUG epoch: 154, train_acc: 0.0, val_acc: 1.0, fidel_score: 0.98, acc_loss: 0.0, grad_loss: 13.453736462170564
2022-04-29 17:55:55,829 DEBUG epoch: 155, train_acc: 0.0, val_acc: 1.0, fidel_score: 0.98, acc_loss: 0.0, grad_loss: 13.286692426174502
2022-04-29 17:55:59,269 DEBUG epoch: 156, train_acc: 0.0, val_acc: 1.0, fidel_score: 0.98, acc_loss: 0.0, grad_loss: 13.551283920867533
2022-04-29 17:56:02,748 DEBUG epoch: 157, train_acc: 0.0, val_acc: 1.0, fidel_score: 0.98, acc_loss: 0.0, grad_loss: 13.31346644630915
2022-04-29 17:56:06,209 DEBUG epoch: 158, train_acc: 0.0, val_acc: 1.0, fidel_score: 0.98, acc_loss: 0.0, grad_loss: 12.86944354334964
2022-04-29 17:56:08,672 DEBUG epoch: 159, train_acc: 0.0, val_acc: 1.0, fidel_score: 0.98, acc_loss: 0.0, grad_loss: 12.892158954958372
2022-04-29 17:56:11,058 DEBUG epoch: 160, train_acc: 0.0, val_acc: 1.0, fidel_score: 0.98, acc_loss: 0.0, grad_loss: 12.889044266712817
2022-04-29 17:56:13,204 DEBUG epoch: 161, train_acc: 0.0, val_acc: 1.0, fidel_score: 0.98, acc_loss: 0.0, grad_loss: 12.735612820975389
2022-04-29 17:56:15,303 DEBUG epoch: 162, train_acc: 0.0, val_acc: 1.0, fidel_score: 0.98, acc_loss: 0.0, grad_loss: 12.999405040016658
2022-04-29 17:56:17,417 DEBUG epoch: 163, train_acc: 0.0, val_acc: 1.0, fidel_score: 0.98, acc_loss: 0.0, grad_loss: 13.058706585365005
2022-04-29 17:56:19,540 DEBUG epoch: 164, train_acc: 0.0, val_acc: 1.0, fidel_score: 0.98, acc_loss: 0.0, grad_loss: 12.89398415480988
2022-04-29 17:56:21,611 DEBUG epoch: 165, train_acc: 0.0, val_acc: 1.0, fidel_score: 0.98, acc_loss: 0.0, grad_loss: 12.727659080601946
2022-04-29 17:56:23,730 DEBUG epoch: 166, train_acc: 0.0, val_acc: 1.0, fidel_score: 0.98, acc_loss: 0.0, grad_loss: 12.723943396459651
2022-04-29 17:56:25,864 DEBUG epoch: 167, train_acc: 0.0, val_acc: 1.0, fidel_score: 0.98, acc_loss: 0.0, grad_loss: 12.938117437724825
2022-04-29 17:56:28,026 DEBUG epoch: 168, train_acc: 0.0, val_acc: 1.0, fidel_score: 0.98, acc_loss: 0.0, grad_loss: 13.16287940061545
2022-04-29 17:56:30,234 DEBUG epoch: 169, train_acc: 0.0, val_acc: 1.0, fidel_score: 0.98, acc_loss: 0.0, grad_loss: 13.36141142060485
2022-04-29 17:56:32,420 DEBUG epoch: 170, train_acc: 0.0, val_acc: 1.0, fidel_score: 0.98, acc_loss: 0.0, grad_loss: 13.739163096947006
2022-04-29 17:56:34,694 DEBUG epoch: 171, train_acc: 0.0, val_acc: 1.0, fidel_score: 0.98, acc_loss: 0.0, grad_loss: 13.58352742014052
2022-04-29 17:56:36,892 DEBUG epoch: 172, train_acc: 0.0, val_acc: 1.0, fidel_score: 0.98, acc_loss: 0.0, grad_loss: 12.939929225776769
2022-04-29 17:56:39,354 DEBUG epoch: 173, train_acc: 0.0, val_acc: 1.0, fidel_score: 0.98, acc_loss: 0.0, grad_loss: 12.749740491939496
2022-04-29 17:56:41,883 DEBUG epoch: 174, train_acc: 0.0, val_acc: 1.0, fidel_score: 0.98, acc_loss: 0.0, grad_loss: 12.636017521725424
2022-04-29 17:56:44,273 DEBUG epoch: 175, train_acc: 0.0, val_acc: 1.0, fidel_score: 0.98, acc_loss: 0.0, grad_loss: 12.784253289427939
2022-04-29 17:56:47,665 DEBUG epoch: 176, train_acc: 0.0, val_acc: 1.0, fidel_score: 0.98, acc_loss: 0.0, grad_loss: 13.295903411092638
2022-04-29 17:56:51,111 DEBUG epoch: 177, train_acc: 0.0, val_acc: 1.0, fidel_score: 0.98, acc_loss: 0.0, grad_loss: 12.771818052364301
2022-04-29 17:56:54,545 DEBUG epoch: 178, train_acc: 0.0, val_acc: 1.0, fidel_score: 0.98, acc_loss: 0.0, grad_loss: 12.544400058215178
2022-04-29 17:56:57,967 DEBUG epoch: 179, train_acc: 0.0, val_acc: 1.0, fidel_score: 0.98, acc_loss: 0.0, grad_loss: 13.11837303789356
2022-04-29 17:57:01,409 DEBUG epoch: 180, train_acc: 0.0, val_acc: 1.0, fidel_score: 0.98, acc_loss: 0.0, grad_loss: 13.260098095181622
2022-04-29 17:57:04,876 DEBUG epoch: 181, train_acc: 0.0, val_acc: 1.0, fidel_score: 0.98, acc_loss: 0.0, grad_loss: 12.821641994428031
2022-04-29 17:57:08,295 DEBUG epoch: 182, train_acc: 0.0, val_acc: 1.0, fidel_score: 0.98, acc_loss: 0.0, grad_loss: 12.670635259604152
2022-04-29 17:57:11,731 DEBUG epoch: 183, train_acc: 0.0, val_acc: 1.0, fidel_score: 0.98, acc_loss: 0.0, grad_loss: 12.054377531703514
2022-04-29 17:57:15,155 DEBUG epoch: 184, train_acc: 0.0, val_acc: 1.0, fidel_score: 0.98, acc_loss: 0.0, grad_loss: 12.334912227678902
2022-04-29 17:57:18,600 DEBUG epoch: 185, train_acc: 0.0, val_acc: 1.0, fidel_score: 0.98, acc_loss: 0.0, grad_loss: 12.522630329373516
2022-04-29 17:57:22,055 DEBUG epoch: 186, train_acc: 0.0, val_acc: 1.0, fidel_score: 0.98, acc_loss: 0.0, grad_loss: 12.088849369483658
2022-04-29 17:57:25,507 DEBUG epoch: 187, train_acc: 0.0, val_acc: 1.0, fidel_score: 0.98, acc_loss: 0.0, grad_loss: 12.373816514316994
2022-04-29 17:57:27,901 DEBUG epoch: 188, train_acc: 0.0, val_acc: 1.0, fidel_score: 0.98, acc_loss: 0.0, grad_loss: 12.699386910547185
2022-04-29 17:57:30,239 DEBUG epoch: 189, train_acc: 0.0, val_acc: 1.0, fidel_score: 0.98, acc_loss: 0.0, grad_loss: 12.687598361244685
2022-04-29 17:57:32,465 DEBUG epoch: 190, train_acc: 0.0, val_acc: 1.0, fidel_score: 0.98, acc_loss: 0.0, grad_loss: 12.476462738423407
2022-04-29 17:57:34,564 DEBUG epoch: 191, train_acc: 0.0, val_acc: 1.0, fidel_score: 0.98, acc_loss: 0.0, grad_loss: 12.828945425492298
2022-04-29 17:57:36,733 DEBUG epoch: 192, train_acc: 0.0, val_acc: 1.0, fidel_score: 0.98, acc_loss: 0.0, grad_loss: 12.855461036102682
2022-04-29 17:57:38,839 DEBUG epoch: 193, train_acc: 0.0, val_acc: 1.0, fidel_score: 0.98, acc_loss: 0.0, grad_loss: 12.241019924984702
2022-04-29 17:57:40,899 DEBUG epoch: 194, train_acc: 0.0, val_acc: 1.0, fidel_score: 0.98, acc_loss: 0.0, grad_loss: 12.06944428214544
2022-04-29 17:57:43,008 DEBUG epoch: 195, train_acc: 0.0, val_acc: 1.0, fidel_score: 0.98, acc_loss: 0.0, grad_loss: 12.211744730985618
2022-04-29 17:57:45,111 DEBUG epoch: 196, train_acc: 0.0, val_acc: 1.0, fidel_score: 0.98, acc_loss: 0.0, grad_loss: 12.45078866693038
2022-04-29 17:57:47,394 DEBUG epoch: 197, train_acc: 0.0, val_acc: 1.0, fidel_score: 0.98, acc_loss: 0.0, grad_loss: 12.340619364871255
2022-04-29 17:57:49,562 DEBUG epoch: 198, train_acc: 0.0, val_acc: 1.0, fidel_score: 0.98, acc_loss: 0.0, grad_loss: 12.53717796711982
2022-04-29 17:57:51,792 DEBUG epoch: 199, train_acc: 0.0, val_acc: 1.0, fidel_score: 0.98, acc_loss: 0.0, grad_loss: 12.537714656395249
2022-04-29 17:57:54,024 DEBUG epoch: 200, train_acc: 0.0, val_acc: 1.0, fidel_score: 0.98, acc_loss: 0.0, grad_loss: 12.938010312333892
2022-04-29 17:57:56,362 DEBUG epoch: 201, train_acc: 0.0, val_acc: 1.0, fidel_score: 0.98, acc_loss: 0.0, grad_loss: 12.64254845244975
2022-04-29 17:57:58,983 DEBUG epoch: 202, train_acc: 0.0, val_acc: 1.0, fidel_score: 0.98, acc_loss: 0.0, grad_loss: 12.718231756475907
2022-04-29 17:58:01,214 DEBUG epoch: 203, train_acc: 0.0, val_acc: 1.0, fidel_score: 0.98, acc_loss: 0.0, grad_loss: 12.46452559700495
2022-04-29 17:58:03,809 DEBUG epoch: 204, train_acc: 0.0, val_acc: 1.0, fidel_score: 0.98, acc_loss: 0.0, grad_loss: 12.600330920159061
2022-04-29 17:58:07,266 DEBUG epoch: 205, train_acc: 0.0, val_acc: 1.0, fidel_score: 0.98, acc_loss: 0.0, grad_loss: 12.387239009519167
2022-04-29 17:58:10,703 DEBUG epoch: 206, train_acc: 0.0, val_acc: 1.0, fidel_score: 0.98, acc_loss: 0.0, grad_loss: 12.214676772491842
2022-04-29 17:58:14,108 DEBUG epoch: 207, train_acc: 0.0, val_acc: 1.0, fidel_score: 0.98, acc_loss: 0.0, grad_loss: 12.554664768750154
2022-04-29 17:58:17,551 DEBUG epoch: 208, train_acc: 0.0, val_acc: 1.0, fidel_score: 0.98, acc_loss: 0.0, grad_loss: 12.965320164644265
2022-04-29 17:58:21,005 DEBUG epoch: 209, train_acc: 0.0, val_acc: 1.0, fidel_score: 0.98, acc_loss: 0.0, grad_loss: 12.688359441636484
2022-04-29 17:58:24,440 DEBUG epoch: 210, train_acc: 0.0, val_acc: 1.0, fidel_score: 0.98, acc_loss: 0.0, grad_loss: 12.48076674304431
2022-04-29 17:58:27,900 DEBUG epoch: 211, train_acc: 0.0, val_acc: 1.0, fidel_score: 0.98, acc_loss: 0.0, grad_loss: 12.743056840534452
2022-04-29 17:58:31,322 DEBUG epoch: 212, train_acc: 0.0, val_acc: 1.0, fidel_score: 0.98, acc_loss: 0.0, grad_loss: 12.452319048628022
2022-04-29 17:58:34,731 DEBUG epoch: 213, train_acc: 0.0, val_acc: 1.0, fidel_score: 0.98, acc_loss: 0.0, grad_loss: 12.204566364046894
2022-04-29 17:58:38,174 DEBUG epoch: 214, train_acc: 0.0, val_acc: 1.0, fidel_score: 0.98, acc_loss: 0.0, grad_loss: 12.602965342847607
2022-04-29 17:58:41,638 DEBUG epoch: 215, train_acc: 0.0, val_acc: 1.0, fidel_score: 0.98, acc_loss: 0.0, grad_loss: 12.201679857471321
2022-04-29 17:58:44,793 DEBUG epoch: 216, train_acc: 0.0, val_acc: 1.0, fidel_score: 0.98, acc_loss: 0.0, grad_loss: 12.130383153504964
2022-04-29 17:58:47,141 DEBUG epoch: 217, train_acc: 0.0, val_acc: 1.0, fidel_score: 0.98, acc_loss: 0.0, grad_loss: 12.554988233348991
2022-04-29 17:58:49,471 DEBUG epoch: 218, train_acc: 0.0, val_acc: 1.0, fidel_score: 0.98, acc_loss: 0.0, grad_loss: 12.429789434505414
2022-04-29 17:58:51,660 DEBUG epoch: 219, train_acc: 0.0, val_acc: 1.0, fidel_score: 0.98, acc_loss: 0.0, grad_loss: 12.320282018637355
2022-04-29 17:58:53,765 DEBUG epoch: 220, train_acc: 0.0, val_acc: 1.0, fidel_score: 0.98, acc_loss: 0.0, grad_loss: 12.885086940813668
2022-04-29 17:58:55,881 DEBUG epoch: 221, train_acc: 0.0, val_acc: 1.0, fidel_score: 0.98, acc_loss: 0.0, grad_loss: 12.506028356431406
2022-04-29 17:58:57,941 DEBUG epoch: 222, train_acc: 0.0, val_acc: 1.0, fidel_score: 0.98, acc_loss: 0.0, grad_loss: 12.212466252001025
2022-04-29 17:59:00,047 DEBUG epoch: 223, train_acc: 0.0, val_acc: 1.0, fidel_score: 0.98, acc_loss: 0.0, grad_loss: 12.60753308066839
2022-04-29 17:59:02,128 DEBUG epoch: 224, train_acc: 0.0, val_acc: 1.0, fidel_score: 0.98, acc_loss: 0.0, grad_loss: 13.271802745287932
2022-04-29 17:59:04,234 DEBUG epoch: 225, train_acc: 0.0, val_acc: 1.0, fidel_score: 0.98, acc_loss: 0.0, grad_loss: 12.583031231843972
2022-04-29 17:59:06,394 DEBUG epoch: 226, train_acc: 0.0, val_acc: 1.0, fidel_score: 0.98, acc_loss: 0.0, grad_loss: 12.35977930962285
2022-04-29 17:59:08,575 DEBUG epoch: 227, train_acc: 0.0, val_acc: 1.0, fidel_score: 0.98, acc_loss: 0.0, grad_loss: 12.495357911798019
2022-04-29 17:59:10,875 DEBUG epoch: 228, train_acc: 0.0, val_acc: 1.0, fidel_score: 0.98, acc_loss: 0.0, grad_loss: 12.603806954395923
2022-04-29 17:59:13,044 DEBUG epoch: 229, train_acc: 0.0, val_acc: 1.0, fidel_score: 0.98, acc_loss: 0.0, grad_loss: 12.620911598205566
2022-04-29 17:59:15,317 DEBUG epoch: 230, train_acc: 0.0, val_acc: 1.0, fidel_score: 0.98, acc_loss: 0.0, grad_loss: 12.531161972239047
2022-04-29 17:59:17,990 DEBUG epoch: 231, train_acc: 0.0, val_acc: 1.0, fidel_score: 0.98, acc_loss: 0.0, grad_loss: 12.469522777991958
2022-04-29 17:59:20,295 DEBUG epoch: 232, train_acc: 0.0, val_acc: 1.0, fidel_score: 0.98, acc_loss: 0.0, grad_loss: 12.734083392952062
2022-04-29 17:59:22,909 DEBUG epoch: 233, train_acc: 0.0, val_acc: 1.0, fidel_score: 0.98, acc_loss: 0.0, grad_loss: 12.917764615408982
2022-04-29 17:59:26,337 DEBUG epoch: 234, train_acc: 0.0, val_acc: 1.0, fidel_score: 0.98, acc_loss: 0.0, grad_loss: 12.563568936118596
2022-04-29 17:59:29,755 DEBUG epoch: 235, train_acc: 0.0, val_acc: 1.0, fidel_score: 0.98, acc_loss: 0.0, grad_loss: 12.612964690486088
2022-04-29 17:59:33,218 DEBUG epoch: 236, train_acc: 0.0, val_acc: 1.0, fidel_score: 0.98, acc_loss: 0.0, grad_loss: 12.36122335361529
2022-04-29 17:59:36,691 DEBUG epoch: 237, train_acc: 0.0, val_acc: 1.0, fidel_score: 0.98, acc_loss: 0.0, grad_loss: 12.579853082004982
2022-04-29 17:59:40,127 DEBUG epoch: 238, train_acc: 0.0, val_acc: 1.0, fidel_score: 0.98, acc_loss: 0.0, grad_loss: 12.449431202079676
2022-04-29 17:59:43,569 DEBUG epoch: 239, train_acc: 0.0, val_acc: 1.0, fidel_score: 0.98, acc_loss: 0.0, grad_loss: 12.42429967469807
2022-04-29 17:59:47,012 DEBUG epoch: 240, train_acc: 0.0, val_acc: 1.0, fidel_score: 0.98, acc_loss: 0.0, grad_loss: 12.143087000786503
2022-04-29 17:59:50,417 DEBUG epoch: 241, train_acc: 0.0, val_acc: 1.0, fidel_score: 0.98, acc_loss: 0.0, grad_loss: 12.13301448580585
2022-04-29 17:59:53,870 DEBUG epoch: 242, train_acc: 0.0, val_acc: 1.0, fidel_score: 0.98, acc_loss: 0.0, grad_loss: 12.59279765358454
2022-04-29 17:59:57,312 DEBUG epoch: 243, train_acc: 0.0, val_acc: 1.0, fidel_score: 0.98, acc_loss: 0.0, grad_loss: 12.252274984045874
2022-04-29 18:00:00,738 DEBUG epoch: 244, train_acc: 0.0, val_acc: 1.0, fidel_score: 0.98, acc_loss: 0.0, grad_loss: 11.815857525113262
2022-04-29 18:00:03,851 DEBUG epoch: 245, train_acc: 0.0, val_acc: 1.0, fidel_score: 0.98, acc_loss: 0.0, grad_loss: 12.322916537900515
2022-04-29 18:00:06,271 DEBUG epoch: 246, train_acc: 0.0, val_acc: 1.0, fidel_score: 0.98, acc_loss: 0.0, grad_loss: 12.056543350219727
2022-04-29 18:00:08,582 DEBUG epoch: 247, train_acc: 0.0, val_acc: 1.0, fidel_score: 0.98, acc_loss: 0.0, grad_loss: 12.324674558035936
2022-04-29 18:00:10,779 DEBUG epoch: 248, train_acc: 0.0, val_acc: 1.0, fidel_score: 0.98, acc_loss: 0.0, grad_loss: 12.087479856949818
2022-04-29 18:00:12,865 DEBUG epoch: 249, train_acc: 0.0, val_acc: 1.0, fidel_score: 0.98, acc_loss: 0.0, grad_loss: 11.984561521795731
2022-04-29 18:00:14,982 DEBUG epoch: 250, train_acc: 0.0, val_acc: 1.0, fidel_score: 0.98, acc_loss: 0.0, grad_loss: 12.16529783417907
2022-04-29 18:00:17,023 DEBUG epoch: 251, train_acc: 0.0, val_acc: 1.0, fidel_score: 0.98, acc_loss: 0.0, grad_loss: 11.88228401956679
2022-04-29 18:00:19,184 DEBUG epoch: 252, train_acc: 0.0, val_acc: 1.0, fidel_score: 0.98, acc_loss: 0.0, grad_loss: 11.942837956585462
2022-04-29 18:00:21,273 DEBUG epoch: 253, train_acc: 0.0, val_acc: 1.0, fidel_score: 0.98, acc_loss: 0.0, grad_loss: 11.781880233861223
2022-04-29 18:00:23,399 DEBUG epoch: 254, train_acc: 0.0, val_acc: 1.0, fidel_score: 0.98, acc_loss: 0.0, grad_loss: 12.24334250824361
2022-04-29 18:00:25,601 DEBUG epoch: 255, train_acc: 0.0, val_acc: 1.0, fidel_score: 0.98, acc_loss: 0.0, grad_loss: 12.065254151066647
2022-04-29 18:00:27,852 DEBUG epoch: 256, train_acc: 0.0, val_acc: 1.0, fidel_score: 0.98, acc_loss: 0.0, grad_loss: 12.106789106055151
2022-04-29 18:00:30,115 DEBUG epoch: 257, train_acc: 0.0, val_acc: 1.0, fidel_score: 0.98, acc_loss: 0.0, grad_loss: 11.788704280611835
2022-04-29 18:00:32,235 DEBUG epoch: 258, train_acc: 0.0, val_acc: 1.0, fidel_score: 0.98, acc_loss: 0.0, grad_loss: 12.133346098887769
2022-04-29 18:00:34,486 DEBUG epoch: 259, train_acc: 0.0, val_acc: 1.0, fidel_score: 0.98, acc_loss: 0.0, grad_loss: 11.824256498602372
2022-04-29 18:00:37,211 DEBUG epoch: 260, train_acc: 0.0, val_acc: 1.0, fidel_score: 0.98, acc_loss: 0.0, grad_loss: 12.485854680025124
2022-04-29 18:00:39,515 DEBUG epoch: 261, train_acc: 0.0, val_acc: 1.0, fidel_score: 0.98, acc_loss: 0.0, grad_loss: 12.422539409202866
2022-04-29 18:00:42,261 DEBUG epoch: 262, train_acc: 0.0, val_acc: 1.0, fidel_score: 0.98, acc_loss: 0.0, grad_loss: 12.144156492209133
2022-04-29 18:00:45,713 DEBUG epoch: 263, train_acc: 0.0, val_acc: 1.0, fidel_score: 0.98, acc_loss: 0.0, grad_loss: 12.175359593162053
2022-04-29 18:00:49,139 DEBUG epoch: 264, train_acc: 0.0, val_acc: 1.0, fidel_score: 0.98, acc_loss: 0.0, grad_loss: 12.227076928826827
2022-04-29 18:00:52,574 DEBUG epoch: 265, train_acc: 0.0, val_acc: 1.0, fidel_score: 0.98, acc_loss: 0.0, grad_loss: 12.067467230784741
2022-04-29 18:00:56,033 DEBUG epoch: 266, train_acc: 0.0, val_acc: 1.0, fidel_score: 0.98, acc_loss: 0.0, grad_loss: 11.889026231403593
2022-04-29 18:00:59,440 DEBUG epoch: 267, train_acc: 0.0, val_acc: 1.0, fidel_score: 0.98, acc_loss: 0.0, grad_loss: 11.878913879394531
2022-04-29 18:01:02,895 DEBUG epoch: 268, train_acc: 0.0, val_acc: 1.0, fidel_score: 0.98, acc_loss: 0.0, grad_loss: 11.933969376962397
2022-04-29 18:01:06,363 DEBUG epoch: 269, train_acc: 0.0, val_acc: 1.0, fidel_score: 0.98, acc_loss: 0.0, grad_loss: 11.986232588562784
2022-04-29 18:01:09,818 DEBUG epoch: 270, train_acc: 0.0, val_acc: 1.0, fidel_score: 0.98, acc_loss: 0.0, grad_loss: 12.198595614372929
2022-04-29 18:01:13,238 DEBUG epoch: 271, train_acc: 0.0, val_acc: 1.0, fidel_score: 0.98, acc_loss: 0.0, grad_loss: 12.396137877355647
2022-04-29 18:01:16,694 DEBUG epoch: 272, train_acc: 0.0, val_acc: 1.0, fidel_score: 0.98, acc_loss: 0.0, grad_loss: 11.928722755818427
2022-04-29 18:01:20,129 DEBUG epoch: 273, train_acc: 0.0, val_acc: 1.0, fidel_score: 0.98, acc_loss: 0.0, grad_loss: 11.984344409990914
2022-04-29 18:01:23,280 DEBUG epoch: 274, train_acc: 0.0, val_acc: 1.0, fidel_score: 0.98, acc_loss: 0.0, grad_loss: 12.082030284253857
2022-04-29 18:01:25,686 DEBUG epoch: 275, train_acc: 0.0, val_acc: 1.0, fidel_score: 0.98, acc_loss: 0.0, grad_loss: 12.26599451861804
2022-04-29 18:01:27,973 DEBUG epoch: 276, train_acc: 0.0, val_acc: 1.0, fidel_score: 0.98, acc_loss: 0.0, grad_loss: 12.058153140393994
2022-04-29 18:01:30,164 DEBUG epoch: 277, train_acc: 0.0, val_acc: 1.0, fidel_score: 0.98, acc_loss: 0.0, grad_loss: 12.174163468276397
2022-04-29 18:01:32,226 DEBUG epoch: 278, train_acc: 0.0, val_acc: 1.0, fidel_score: 0.98, acc_loss: 0.0, grad_loss: 12.331099667126619
2022-04-29 18:01:34,331 DEBUG epoch: 279, train_acc: 0.0, val_acc: 1.0, fidel_score: 0.98, acc_loss: 0.0, grad_loss: 12.094442741780341
2022-04-29 18:01:36,398 DEBUG epoch: 280, train_acc: 0.0, val_acc: 1.0, fidel_score: 0.98, acc_loss: 0.0, grad_loss: 11.931757854509957
2022-04-29 18:01:38,542 DEBUG epoch: 281, train_acc: 0.0, val_acc: 1.0, fidel_score: 0.98, acc_loss: 0.0, grad_loss: 11.992213816582401
2022-04-29 18:01:40,603 DEBUG epoch: 282, train_acc: 0.0, val_acc: 1.0, fidel_score: 0.98, acc_loss: 0.0, grad_loss: 11.853160918513431
2022-04-29 18:01:42,725 DEBUG epoch: 283, train_acc: 0.0, val_acc: 1.0, fidel_score: 0.98, acc_loss: 0.0, grad_loss: 11.717426010324985
2022-04-29 18:01:44,891 DEBUG epoch: 284, train_acc: 0.0, val_acc: 1.0, fidel_score: 0.98, acc_loss: 0.0, grad_loss: 11.999190197715276
2022-04-29 18:01:47,120 DEBUG epoch: 285, train_acc: 0.0, val_acc: 1.0, fidel_score: 0.98, acc_loss: 0.0, grad_loss: 12.018328799477107
2022-04-29 18:01:49,362 DEBUG epoch: 286, train_acc: 0.0, val_acc: 1.0, fidel_score: 0.98, acc_loss: 0.0, grad_loss: 12.17963526520548
2022-04-29 18:01:51,599 DEBUG epoch: 287, train_acc: 0.0, val_acc: 1.0, fidel_score: 0.98, acc_loss: 0.0, grad_loss: 12.171721144567561
2022-04-29 18:01:53,840 DEBUG epoch: 288, train_acc: 0.0, val_acc: 1.0, fidel_score: 0.98, acc_loss: 0.0, grad_loss: 12.117558889751193
2022-04-29 18:01:56,614 DEBUG epoch: 289, train_acc: 0.0, val_acc: 1.0, fidel_score: 0.98, acc_loss: 0.0, grad_loss: 12.127810260917567
2022-04-29 18:01:59,001 DEBUG epoch: 290, train_acc: 0.0, val_acc: 1.0, fidel_score: 0.98, acc_loss: 0.0, grad_loss: 11.83399445497537
2022-04-29 18:02:01,683 DEBUG epoch: 291, train_acc: 0.0, val_acc: 1.0, fidel_score: 0.98, acc_loss: 0.0, grad_loss: 11.997330882881261
2022-04-29 18:02:05,048 DEBUG epoch: 292, train_acc: 0.0, val_acc: 1.0, fidel_score: 0.98, acc_loss: 0.0, grad_loss: 12.29849283001091
2022-04-29 18:02:08,506 DEBUG epoch: 293, train_acc: 0.0, val_acc: 1.0, fidel_score: 0.98, acc_loss: 0.0, grad_loss: 12.153625319275674
2022-04-29 18:02:11,885 DEBUG epoch: 294, train_acc: 0.0, val_acc: 1.0, fidel_score: 0.98, acc_loss: 0.0, grad_loss: 12.386979791182506
2022-04-29 18:02:15,318 DEBUG epoch: 295, train_acc: 0.0, val_acc: 1.0, fidel_score: 0.98, acc_loss: 0.0, grad_loss: 12.24990888185139
2022-04-29 18:02:18,751 DEBUG epoch: 296, train_acc: 0.0, val_acc: 1.0, fidel_score: 0.98, acc_loss: 0.0, grad_loss: 12.183187726177747
2022-04-29 18:02:22,160 DEBUG epoch: 297, train_acc: 0.0, val_acc: 1.0, fidel_score: 0.98, acc_loss: 0.0, grad_loss: 11.727868526796751
2022-04-29 18:02:25,624 DEBUG epoch: 298, train_acc: 0.0, val_acc: 1.0, fidel_score: 0.98, acc_loss: 0.0, grad_loss: 11.88454731808433
2022-04-29 18:02:29,068 DEBUG epoch: 299, train_acc: 0.0, val_acc: 1.0, fidel_score: 0.98, acc_loss: 0.0, grad_loss: 11.958172061775304
2022-04-29 18:02:32,503 DEBUG epoch: 300, train_acc: 0.0, val_acc: 1.0, fidel_score: 0.98, acc_loss: 0.0, grad_loss: 11.680658859542653
2022-04-29 18:02:32,503 DEBUG load best stealed model.
2022-04-29 18:02:32,503 DEBUG Best perform model, val_acc: 1.19, fidel_score: 1.21, acc_loss: 0.0, grad_loss: 18.90760537642467
2022-04-29 18:02:32,503 DEBUG load cloest stealed model.
2022-04-29 18:02:32,504 DEBUG Cloest perform model, val_acc: 1.19, fidel_score: 1.21, acc_loss: 0.0, grad_loss: 18.90760537642467
