2022-04-27 10:03:43,260 DEBUG Namespace(arch='vgg11_bn', attack_client=0, attack_epochs=300, attack_style='GM_option_SVHN', average_time=1, batch_size=128, bottleneck_option='None', cutlayer=4, data_proportion=1.0, dataset='cifar100', filename='ace_V2_epoch_vgg11_bn_cutlayer_4_client_1_seed125_dataset_cifar100_lr_0.05_200epoch', folder='saves/baseline', learning_rate=0.05, noniid_ratio=1.0, num_client=1, num_epochs='best', num_query=10000, random_seed=123, regularization='None', regularization_strength=0.0, scheme='V2_epoch', surrogate_arch='same', test_best=True, train_clas_layer=6.0)
2022-04-27 10:03:48,188 DEBUG Test (client-0):	Loss 1.2311 (1.7817)	Prec@1 75.000 (68.630)
2022-04-27 10:03:48,188 DEBUG  * Prec@1 68.630
2022-04-27 10:03:48,255 DEBUG 18
2022-04-27 10:03:48,255 DEBUG surrogate parameter has 18 trainable parameters!
2022-04-27 10:03:57,139 DEBUG epoch: 0, val_acc: 0.86, val_fidelity: 0.98
2022-04-27 10:04:01,924 DEBUG epoch: 1, train_acc: 0.0, val_acc: 0.98, fidel_score: 0.92, acc_loss: 0.0, grad_loss: 12.327419872525372
2022-04-27 10:04:06,784 DEBUG epoch: 2, train_acc: 0.0, val_acc: 0.8, fidel_score: 0.77, acc_loss: 0.0, grad_loss: 12.281664631034754
2022-04-27 10:04:11,427 DEBUG epoch: 3, train_acc: 0.0, val_acc: 0.98, fidel_score: 0.97, acc_loss: 0.0, grad_loss: 12.274537690078155
2022-04-27 10:04:16,074 DEBUG epoch: 4, train_acc: 0.0, val_acc: 1.16, fidel_score: 1.04, acc_loss: 0.0, grad_loss: 12.258053888248492
2022-04-27 10:04:21,040 DEBUG epoch: 5, train_acc: 0.0, val_acc: 0.97, fidel_score: 0.98, acc_loss: 0.0, grad_loss: 12.271539832972273
2022-04-27 10:04:25,474 DEBUG epoch: 6, train_acc: 0.0, val_acc: 1.15, fidel_score: 1.16, acc_loss: 0.0, grad_loss: 12.283106984971445
2022-04-27 10:04:30,236 DEBUG epoch: 7, train_acc: 0.0, val_acc: 0.76, fidel_score: 0.83, acc_loss: 0.0, grad_loss: 12.286722026293791
2022-04-27 10:04:35,121 DEBUG epoch: 8, train_acc: 0.0, val_acc: 1.1, fidel_score: 1.13, acc_loss: 0.0, grad_loss: 12.293934435784061
2022-04-27 10:04:39,790 DEBUG epoch: 9, train_acc: 0.0, val_acc: 0.83, fidel_score: 0.99, acc_loss: 0.0, grad_loss: 12.281076141550571
2022-04-27 10:04:44,605 DEBUG epoch: 10, train_acc: 0.0, val_acc: 0.98, fidel_score: 1.19, acc_loss: 0.0, grad_loss: 12.273810712597038
2022-04-27 10:04:49,356 DEBUG epoch: 11, train_acc: 0.0, val_acc: 1.11, fidel_score: 1.12, acc_loss: 0.0, grad_loss: 12.295529800125315
2022-04-27 10:04:54,284 DEBUG epoch: 12, train_acc: 0.0, val_acc: 1.13, fidel_score: 1.13, acc_loss: 0.0, grad_loss: 12.260445667218558
2022-04-27 10:04:59,042 DEBUG epoch: 13, train_acc: 0.0, val_acc: 0.96, fidel_score: 0.96, acc_loss: 0.0, grad_loss: 12.278578987604455
2022-04-27 10:05:03,940 DEBUG epoch: 14, train_acc: 0.0, val_acc: 0.92, fidel_score: 0.98, acc_loss: 0.0, grad_loss: 12.284630968600888
2022-04-27 10:05:08,693 DEBUG epoch: 15, train_acc: 0.0, val_acc: 1.0, fidel_score: 1.13, acc_loss: 0.0, grad_loss: 12.26844100710712
2022-04-27 10:05:13,614 DEBUG epoch: 16, train_acc: 0.0, val_acc: 0.98, fidel_score: 1.06, acc_loss: 0.0, grad_loss: 12.261540618123888
2022-04-27 10:05:18,358 DEBUG epoch: 17, train_acc: 0.0, val_acc: 1.02, fidel_score: 1.14, acc_loss: 0.0, grad_loss: 12.272393142120748
2022-04-27 10:05:23,160 DEBUG epoch: 18, train_acc: 0.0, val_acc: 1.0, fidel_score: 1.13, acc_loss: 0.0, grad_loss: 12.325842422775075
2022-04-27 10:05:27,980 DEBUG epoch: 19, train_acc: 0.0, val_acc: 1.11, fidel_score: 1.13, acc_loss: 0.0, grad_loss: 12.252975198286999
2022-04-27 10:05:32,891 DEBUG epoch: 20, train_acc: 0.0, val_acc: 0.93, fidel_score: 0.99, acc_loss: 0.0, grad_loss: 12.285931720009334
2022-04-27 10:05:37,878 DEBUG epoch: 21, train_acc: 0.0, val_acc: 0.93, fidel_score: 0.98, acc_loss: 0.0, grad_loss: 12.267649372921714
2022-04-27 10:05:42,635 DEBUG epoch: 22, train_acc: 0.0, val_acc: 0.93, fidel_score: 1.05, acc_loss: 0.0, grad_loss: 12.266509937334664
2022-04-27 10:05:47,504 DEBUG epoch: 23, train_acc: 0.0, val_acc: 0.87, fidel_score: 0.98, acc_loss: 0.0, grad_loss: 12.272802183899698
2022-04-27 10:05:52,276 DEBUG epoch: 24, train_acc: 0.0, val_acc: 1.02, fidel_score: 1.09, acc_loss: 0.0, grad_loss: 12.27751632883579
2022-04-27 10:05:57,018 DEBUG epoch: 25, train_acc: 0.0, val_acc: 0.84, fidel_score: 0.88, acc_loss: 0.0, grad_loss: 12.275062102305737
2022-04-27 10:06:01,904 DEBUG epoch: 26, train_acc: 0.0, val_acc: 1.06, fidel_score: 1.07, acc_loss: 0.0, grad_loss: 12.289091568958911
2022-04-27 10:06:06,464 DEBUG epoch: 27, train_acc: 0.0, val_acc: 1.06, fidel_score: 1.05, acc_loss: 0.0, grad_loss: 12.281720946106729
2022-04-27 10:06:11,360 DEBUG epoch: 28, train_acc: 0.0, val_acc: 1.13, fidel_score: 1.04, acc_loss: 0.0, grad_loss: 12.261409180073798
2022-04-27 10:06:16,025 DEBUG epoch: 29, train_acc: 0.0, val_acc: 1.06, fidel_score: 1.06, acc_loss: 0.0, grad_loss: 12.274959274485141
2022-04-27 10:06:20,924 DEBUG epoch: 30, train_acc: 0.0, val_acc: 0.99, fidel_score: 1.03, acc_loss: 0.0, grad_loss: 12.271733163278315
2022-04-27 10:06:25,803 DEBUG epoch: 31, train_acc: 0.0, val_acc: 0.99, fidel_score: 0.91, acc_loss: 0.0, grad_loss: 12.281545844259142
2022-04-27 10:06:30,619 DEBUG epoch: 32, train_acc: 0.0, val_acc: 0.87, fidel_score: 0.83, acc_loss: 0.0, grad_loss: 12.28878918176965
2022-04-27 10:06:35,328 DEBUG epoch: 33, train_acc: 0.0, val_acc: 1.02, fidel_score: 0.98, acc_loss: 0.0, grad_loss: 12.268041369281237
2022-04-27 10:06:40,378 DEBUG epoch: 34, train_acc: 0.0, val_acc: 0.99, fidel_score: 0.93, acc_loss: 0.0, grad_loss: 12.261011461668376
2022-04-27 10:06:45,149 DEBUG epoch: 35, train_acc: 0.0, val_acc: 1.03, fidel_score: 1.02, acc_loss: 0.0, grad_loss: 12.275897810730752
2022-04-27 10:06:50,194 DEBUG epoch: 36, train_acc: 0.0, val_acc: 0.94, fidel_score: 1.0, acc_loss: 0.0, grad_loss: 12.272016525268555
2022-04-27 10:06:54,548 DEBUG epoch: 37, train_acc: 0.0, val_acc: 1.07, fidel_score: 0.99, acc_loss: 0.0, grad_loss: 12.29623712467242
2022-04-27 10:06:59,358 DEBUG epoch: 38, train_acc: 0.0, val_acc: 0.95, fidel_score: 0.9, acc_loss: 0.0, grad_loss: 12.286394203765482
2022-04-27 10:07:03,940 DEBUG epoch: 39, train_acc: 0.0, val_acc: 1.05, fidel_score: 0.89, acc_loss: 0.0, grad_loss: 12.271264510818675
2022-04-27 10:07:08,740 DEBUG epoch: 40, train_acc: 0.0, val_acc: 1.04, fidel_score: 1.02, acc_loss: 0.0, grad_loss: 12.267956504338905
2022-04-27 10:07:13,631 DEBUG epoch: 41, train_acc: 0.0, val_acc: 0.94, fidel_score: 0.89, acc_loss: 0.0, grad_loss: 12.260787963867188
2022-04-27 10:07:18,540 DEBUG epoch: 42, train_acc: 0.0, val_acc: 0.93, fidel_score: 0.9, acc_loss: 0.0, grad_loss: 12.283896241006971
2022-04-27 10:07:23,228 DEBUG epoch: 43, train_acc: 0.0, val_acc: 0.97, fidel_score: 1.03, acc_loss: 0.0, grad_loss: 12.291292299198199
2022-04-27 10:07:28,325 DEBUG epoch: 44, train_acc: 0.0, val_acc: 1.03, fidel_score: 0.98, acc_loss: 0.0, grad_loss: 12.292391837397709
2022-04-27 10:07:32,754 DEBUG epoch: 45, train_acc: 0.0, val_acc: 0.98, fidel_score: 1.05, acc_loss: 0.0, grad_loss: 12.269210260125655
2022-04-27 10:07:37,662 DEBUG epoch: 46, train_acc: 0.0, val_acc: 1.05, fidel_score: 1.15, acc_loss: 0.0, grad_loss: 12.284310727179806
2022-04-27 10:07:42,216 DEBUG epoch: 47, train_acc: 0.0, val_acc: 1.02, fidel_score: 1.04, acc_loss: 0.0, grad_loss: 12.278552151933502
2022-04-27 10:07:47,088 DEBUG epoch: 48, train_acc: 0.0, val_acc: 1.0, fidel_score: 1.01, acc_loss: 0.0, grad_loss: 12.274307275120217
2022-04-27 10:07:51,533 DEBUG epoch: 49, train_acc: 0.0, val_acc: 1.01, fidel_score: 1.03, acc_loss: 0.0, grad_loss: 12.270979688137393
2022-04-27 10:07:56,360 DEBUG epoch: 50, train_acc: 0.0, val_acc: 0.95, fidel_score: 0.98, acc_loss: 0.0, grad_loss: 12.281539216826234
2022-04-27 10:08:01,067 DEBUG epoch: 51, train_acc: 0.0, val_acc: 0.98, fidel_score: 1.04, acc_loss: 0.0, grad_loss: 12.279574961601933
2022-04-27 10:08:05,999 DEBUG epoch: 52, train_acc: 0.0, val_acc: 1.04, fidel_score: 0.99, acc_loss: 0.0, grad_loss: 12.285974007618579
2022-04-27 10:08:10,771 DEBUG epoch: 53, train_acc: 0.0, val_acc: 0.94, fidel_score: 1.06, acc_loss: 0.0, grad_loss: 12.260012481786028
2022-04-27 10:08:15,671 DEBUG epoch: 54, train_acc: 0.0, val_acc: 0.98, fidel_score: 0.95, acc_loss: 0.0, grad_loss: 12.281088732465912
2022-04-27 10:08:20,038 DEBUG epoch: 55, train_acc: 0.0, val_acc: 1.09, fidel_score: 1.05, acc_loss: 0.0, grad_loss: 12.27635545368436
2022-04-27 10:08:24,918 DEBUG epoch: 56, train_acc: 0.0, val_acc: 1.11, fidel_score: 1.05, acc_loss: 0.0, grad_loss: 12.282995670656614
2022-04-27 10:08:29,523 DEBUG epoch: 57, train_acc: 0.0, val_acc: 1.03, fidel_score: 1.0, acc_loss: 0.0, grad_loss: 12.280440040781528
2022-04-27 10:08:34,388 DEBUG epoch: 58, train_acc: 0.0, val_acc: 0.99, fidel_score: 0.91, acc_loss: 0.0, grad_loss: 12.267850501627862
2022-04-27 10:08:39,156 DEBUG epoch: 59, train_acc: 0.0, val_acc: 0.96, fidel_score: 0.94, acc_loss: 0.0, grad_loss: 12.280701794201814
2022-04-27 10:08:43,993 DEBUG epoch: 60, train_acc: 0.0, val_acc: 1.08, fidel_score: 1.06, acc_loss: 0.0, grad_loss: 12.276380997669849
2022-04-27 10:08:48,409 DEBUG epoch: 61, train_acc: 0.0, val_acc: 1.03, fidel_score: 1.02, acc_loss: 0.0, grad_loss: 12.283195181737971
2022-04-27 10:08:53,319 DEBUG epoch: 62, train_acc: 0.0, val_acc: 0.94, fidel_score: 0.93, acc_loss: 0.0, grad_loss: 12.291775111910663
2022-04-27 10:08:57,815 DEBUG epoch: 63, train_acc: 0.0, val_acc: 0.98, fidel_score: 1.04, acc_loss: 0.0, grad_loss: 12.27294496946697
2022-04-27 10:09:02,684 DEBUG epoch: 64, train_acc: 0.0, val_acc: 1.02, fidel_score: 1.04, acc_loss: 0.0, grad_loss: 12.269905911216252
2022-04-27 10:09:07,554 DEBUG epoch: 65, train_acc: 0.0, val_acc: 1.0, fidel_score: 1.04, acc_loss: 0.0, grad_loss: 12.275128726717792
2022-04-27 10:09:12,418 DEBUG epoch: 66, train_acc: 0.0, val_acc: 1.03, fidel_score: 1.03, acc_loss: 0.0, grad_loss: 12.285925708239592
2022-04-27 10:09:16,844 DEBUG epoch: 67, train_acc: 0.0, val_acc: 1.07, fidel_score: 1.08, acc_loss: 0.0, grad_loss: 12.269383792635761
2022-04-27 10:09:21,776 DEBUG epoch: 68, train_acc: 0.0, val_acc: 0.96, fidel_score: 0.94, acc_loss: 0.0, grad_loss: 12.301040383833874
2022-04-27 10:09:26,513 DEBUG epoch: 69, train_acc: 0.0, val_acc: 1.02, fidel_score: 1.02, acc_loss: 0.0, grad_loss: 12.254078913338576
2022-04-27 10:09:31,607 DEBUG epoch: 70, train_acc: 0.0, val_acc: 1.02, fidel_score: 1.0, acc_loss: 0.0, grad_loss: 12.259942103035842
2022-04-27 10:09:36,395 DEBUG epoch: 71, train_acc: 0.0, val_acc: 1.01, fidel_score: 1.04, acc_loss: 0.0, grad_loss: 12.27320283575903
2022-04-27 10:09:41,379 DEBUG epoch: 72, train_acc: 0.0, val_acc: 1.0, fidel_score: 0.97, acc_loss: 0.0, grad_loss: 12.268071247052543
2022-04-27 10:09:46,262 DEBUG epoch: 73, train_acc: 0.0, val_acc: 1.03, fidel_score: 1.01, acc_loss: 0.0, grad_loss: 12.282465476023999
2022-04-27 10:09:51,216 DEBUG epoch: 74, train_acc: 0.0, val_acc: 1.05, fidel_score: 1.04, acc_loss: 0.0, grad_loss: 12.281087151056603
2022-04-27 10:09:56,036 DEBUG epoch: 75, train_acc: 0.0, val_acc: 0.96, fidel_score: 0.98, acc_loss: 0.0, grad_loss: 12.275688171386719
2022-04-27 10:10:00,896 DEBUG epoch: 76, train_acc: 0.0, val_acc: 0.95, fidel_score: 0.96, acc_loss: 0.0, grad_loss: 12.275525068934959
2022-04-27 10:10:05,752 DEBUG epoch: 77, train_acc: 0.0, val_acc: 1.01, fidel_score: 0.99, acc_loss: 0.0, grad_loss: 12.270945367933829
2022-04-27 10:10:10,621 DEBUG epoch: 78, train_acc: 0.0, val_acc: 1.02, fidel_score: 1.01, acc_loss: 0.0, grad_loss: 12.283243855343589
2022-04-27 10:10:15,279 DEBUG epoch: 79, train_acc: 0.0, val_acc: 1.01, fidel_score: 1.04, acc_loss: 0.0, grad_loss: 12.293567259100419
2022-04-27 10:10:20,096 DEBUG epoch: 80, train_acc: 0.0, val_acc: 1.0, fidel_score: 0.98, acc_loss: 0.0, grad_loss: 12.26292775552484
2022-04-27 10:10:24,776 DEBUG epoch: 81, train_acc: 0.0, val_acc: 1.02, fidel_score: 1.0, acc_loss: 0.0, grad_loss: 12.272034005273747
2022-04-27 10:10:29,560 DEBUG epoch: 82, train_acc: 0.0, val_acc: 0.99, fidel_score: 0.94, acc_loss: 0.0, grad_loss: 12.247534232803538
2022-04-27 10:10:34,358 DEBUG epoch: 83, train_acc: 0.0, val_acc: 1.01, fidel_score: 0.97, acc_loss: 0.0, grad_loss: 12.266842685168303
2022-04-27 10:10:38,951 DEBUG epoch: 84, train_acc: 0.0, val_acc: 1.02, fidel_score: 0.99, acc_loss: 0.0, grad_loss: 12.27605787108216
2022-04-27 10:10:43,539 DEBUG epoch: 85, train_acc: 0.0, val_acc: 0.98, fidel_score: 1.0, acc_loss: 0.0, grad_loss: 12.275212722488597
2022-04-27 10:10:48,488 DEBUG epoch: 86, train_acc: 0.0, val_acc: 0.96, fidel_score: 0.95, acc_loss: 0.0, grad_loss: 12.275628681424298
2022-04-27 10:10:53,063 DEBUG epoch: 87, train_acc: 0.0, val_acc: 0.97, fidel_score: 1.01, acc_loss: 0.0, grad_loss: 12.27567331096794
2022-04-27 10:10:57,877 DEBUG epoch: 88, train_acc: 0.0, val_acc: 0.98, fidel_score: 0.98, acc_loss: 0.0, grad_loss: 12.271547245073922
2022-04-27 10:11:02,625 DEBUG epoch: 89, train_acc: 0.0, val_acc: 0.99, fidel_score: 1.01, acc_loss: 0.0, grad_loss: 12.276551210427586
2022-04-27 10:11:07,254 DEBUG epoch: 90, train_acc: 0.0, val_acc: 1.0, fidel_score: 0.94, acc_loss: 0.0, grad_loss: 12.287321066554588
2022-04-27 10:11:12,003 DEBUG epoch: 91, train_acc: 0.0, val_acc: 0.99, fidel_score: 0.97, acc_loss: 0.0, grad_loss: 12.290009208872348
2022-04-27 10:11:16,682 DEBUG epoch: 92, train_acc: 0.0, val_acc: 1.04, fidel_score: 1.03, acc_loss: 0.0, grad_loss: 12.282128249542623
2022-04-27 10:11:21,543 DEBUG epoch: 93, train_acc: 0.0, val_acc: 1.0, fidel_score: 1.01, acc_loss: 0.0, grad_loss: 12.26332363901259
2022-04-27 10:11:26,332 DEBUG epoch: 94, train_acc: 0.0, val_acc: 1.04, fidel_score: 1.0, acc_loss: 0.0, grad_loss: 12.281082334397714
2022-04-27 10:11:31,155 DEBUG epoch: 95, train_acc: 0.0, val_acc: 0.94, fidel_score: 0.99, acc_loss: 0.0, grad_loss: 12.283064866367775
2022-04-27 10:11:36,048 DEBUG epoch: 96, train_acc: 0.0, val_acc: 1.03, fidel_score: 1.03, acc_loss: 0.0, grad_loss: 12.25617756421053
2022-04-27 10:11:40,819 DEBUG epoch: 97, train_acc: 0.0, val_acc: 1.07, fidel_score: 1.04, acc_loss: 0.0, grad_loss: 12.270796920679793
2022-04-27 10:11:45,389 DEBUG epoch: 98, train_acc: 0.0, val_acc: 1.04, fidel_score: 1.05, acc_loss: 0.0, grad_loss: 12.293064684807499
2022-04-27 10:11:50,303 DEBUG epoch: 99, train_acc: 0.0, val_acc: 0.99, fidel_score: 0.99, acc_loss: 0.0, grad_loss: 12.273847531668748
2022-04-27 10:11:54,792 DEBUG epoch: 100, train_acc: 0.0, val_acc: 1.01, fidel_score: 1.0, acc_loss: 0.0, grad_loss: 12.273011207580566
2022-04-27 10:11:59,645 DEBUG epoch: 101, train_acc: 0.0, val_acc: 0.98, fidel_score: 0.96, acc_loss: 0.0, grad_loss: 12.262036239044576
2022-04-27 10:12:04,215 DEBUG epoch: 102, train_acc: 0.0, val_acc: 1.02, fidel_score: 1.03, acc_loss: 0.0, grad_loss: 12.28217105624042
2022-04-27 10:12:09,050 DEBUG epoch: 103, train_acc: 0.0, val_acc: 0.97, fidel_score: 0.96, acc_loss: 0.0, grad_loss: 12.274331020403512
2022-04-27 10:12:13,743 DEBUG epoch: 104, train_acc: 0.0, val_acc: 1.0, fidel_score: 1.0, acc_loss: 0.0, grad_loss: 12.269703913338576
2022-04-27 10:12:18,666 DEBUG epoch: 105, train_acc: 0.0, val_acc: 1.02, fidel_score: 1.03, acc_loss: 0.0, grad_loss: 12.270193715638753
2022-04-27 10:12:23,158 DEBUG epoch: 106, train_acc: 0.0, val_acc: 1.0, fidel_score: 0.99, acc_loss: 0.0, grad_loss: 12.269070782238924
2022-04-27 10:12:27,987 DEBUG epoch: 107, train_acc: 0.0, val_acc: 1.0, fidel_score: 1.01, acc_loss: 0.0, grad_loss: 12.2853631248957
2022-04-27 10:12:32,734 DEBUG epoch: 108, train_acc: 0.0, val_acc: 1.0, fidel_score: 1.01, acc_loss: 0.0, grad_loss: 12.258424215678927
2022-04-27 10:12:37,624 DEBUG epoch: 109, train_acc: 0.0, val_acc: 1.0, fidel_score: 1.01, acc_loss: 0.0, grad_loss: 12.283235079125513
2022-04-27 10:12:42,410 DEBUG epoch: 110, train_acc: 0.0, val_acc: 1.0, fidel_score: 1.01, acc_loss: 0.0, grad_loss: 12.299290065523945
2022-04-27 10:12:47,269 DEBUG epoch: 111, train_acc: 0.0, val_acc: 0.99, fidel_score: 1.0, acc_loss: 0.0, grad_loss: 12.279306834257103
2022-04-27 10:12:52,043 DEBUG epoch: 112, train_acc: 0.0, val_acc: 1.02, fidel_score: 1.02, acc_loss: 0.0, grad_loss: 12.275062609322463
2022-04-27 10:12:56,899 DEBUG epoch: 113, train_acc: 0.0, val_acc: 1.0, fidel_score: 1.01, acc_loss: 0.0, grad_loss: 12.286691653577588
2022-04-27 10:13:00,985 DEBUG epoch: 114, train_acc: 0.0, val_acc: 1.0, fidel_score: 1.0, acc_loss: 0.0, grad_loss: 12.267275242865841
2022-04-27 10:13:05,943 DEBUG epoch: 115, train_acc: 0.0, val_acc: 1.0, fidel_score: 1.0, acc_loss: 0.0, grad_loss: 12.284560408773302
2022-04-27 10:13:10,895 DEBUG epoch: 116, train_acc: 0.0, val_acc: 1.0, fidel_score: 1.01, acc_loss: 0.0, grad_loss: 12.284383472008042
2022-04-27 10:13:15,684 DEBUG epoch: 117, train_acc: 0.0, val_acc: 1.0, fidel_score: 1.0, acc_loss: 0.0, grad_loss: 12.293647162521943
2022-04-27 10:13:20,445 DEBUG epoch: 118, train_acc: 0.0, val_acc: 1.0, fidel_score: 1.0, acc_loss: 0.0, grad_loss: 12.272278749490086
2022-04-27 10:13:25,136 DEBUG epoch: 119, train_acc: 0.0, val_acc: 1.0, fidel_score: 1.0, acc_loss: 0.0, grad_loss: 12.272380587420885
2022-04-27 10:13:29,915 DEBUG epoch: 120, train_acc: 0.0, val_acc: 1.0, fidel_score: 1.0, acc_loss: 0.0, grad_loss: 12.286058534549761
2022-04-27 10:13:34,783 DEBUG epoch: 121, train_acc: 0.0, val_acc: 1.01, fidel_score: 1.01, acc_loss: 0.0, grad_loss: 12.275613808933693
2022-04-27 10:13:39,587 DEBUG epoch: 122, train_acc: 0.0, val_acc: 0.99, fidel_score: 1.0, acc_loss: 0.0, grad_loss: 12.281021782114536
2022-04-27 10:13:44,338 DEBUG epoch: 123, train_acc: 0.0, val_acc: 1.01, fidel_score: 1.01, acc_loss: 0.0, grad_loss: 12.270895487145532
2022-04-27 10:13:49,085 DEBUG epoch: 124, train_acc: 0.0, val_acc: 1.0, fidel_score: 1.01, acc_loss: 0.0, grad_loss: 12.273355351218694
2022-04-27 10:13:53,782 DEBUG epoch: 125, train_acc: 0.0, val_acc: 1.0, fidel_score: 1.0, acc_loss: 0.0, grad_loss: 12.297944563853589
2022-04-27 10:13:58,398 DEBUG epoch: 126, train_acc: 0.0, val_acc: 1.0, fidel_score: 1.0, acc_loss: 0.0, grad_loss: 12.277075598511514
2022-04-27 10:14:03,174 DEBUG epoch: 127, train_acc: 0.0, val_acc: 1.0, fidel_score: 1.0, acc_loss: 0.0, grad_loss: 12.269403300707854
2022-04-27 10:14:07,984 DEBUG epoch: 128, train_acc: 0.0, val_acc: 1.0, fidel_score: 1.0, acc_loss: 0.0, grad_loss: 12.268442842024792
2022-04-27 10:14:12,784 DEBUG epoch: 129, train_acc: 0.0, val_acc: 1.0, fidel_score: 1.0, acc_loss: 0.0, grad_loss: 12.261705157123034
2022-04-27 10:14:17,609 DEBUG epoch: 130, train_acc: 0.0, val_acc: 1.0, fidel_score: 1.0, acc_loss: 0.0, grad_loss: 12.275653187232681
2022-04-27 10:14:22,466 DEBUG epoch: 131, train_acc: 0.0, val_acc: 1.0, fidel_score: 1.0, acc_loss: 0.0, grad_loss: 12.2650492100776
2022-04-27 10:14:27,273 DEBUG epoch: 132, train_acc: 0.0, val_acc: 1.0, fidel_score: 1.0, acc_loss: 0.0, grad_loss: 12.288665348970436
2022-04-27 10:14:31,984 DEBUG epoch: 133, train_acc: 0.0, val_acc: 1.0, fidel_score: 1.0, acc_loss: 0.0, grad_loss: 12.28766452209859
2022-04-27 10:14:36,619 DEBUG epoch: 134, train_acc: 0.0, val_acc: 1.0, fidel_score: 1.0, acc_loss: 0.0, grad_loss: 12.281892003892343
2022-04-27 10:14:41,339 DEBUG epoch: 135, train_acc: 0.0, val_acc: 1.0, fidel_score: 1.0, acc_loss: 0.0, grad_loss: 12.284889402268808
2022-04-27 10:14:46,266 DEBUG epoch: 136, train_acc: 0.0, val_acc: 1.0, fidel_score: 1.0, acc_loss: 0.0, grad_loss: 12.259877796414532
2022-04-27 10:14:51,105 DEBUG epoch: 137, train_acc: 0.0, val_acc: 1.0, fidel_score: 1.0, acc_loss: 0.0, grad_loss: 12.295618105538283
2022-04-27 10:14:55,361 DEBUG epoch: 138, train_acc: 0.0, val_acc: 1.0, fidel_score: 1.0, acc_loss: 0.0, grad_loss: 12.266592605204522
2022-04-27 10:14:58,863 DEBUG epoch: 139, train_acc: 0.0, val_acc: 1.0, fidel_score: 1.0, acc_loss: 0.0, grad_loss: 12.281611478781398
2022-04-27 10:15:02,613 DEBUG epoch: 140, train_acc: 0.0, val_acc: 1.0, fidel_score: 1.0, acc_loss: 0.0, grad_loss: 12.256540069097206
2022-04-27 10:15:06,451 DEBUG epoch: 141, train_acc: 0.0, val_acc: 1.0, fidel_score: 1.0, acc_loss: 0.0, grad_loss: 12.279260985458954
2022-04-27 10:15:10,522 DEBUG epoch: 142, train_acc: 0.0, val_acc: 1.0, fidel_score: 1.0, acc_loss: 0.0, grad_loss: 12.27027739754206
2022-04-27 10:15:14,909 DEBUG epoch: 143, train_acc: 0.0, val_acc: 1.0, fidel_score: 1.0, acc_loss: 0.0, grad_loss: 12.269391699682307
2022-04-27 10:15:19,403 DEBUG epoch: 144, train_acc: 0.0, val_acc: 1.0, fidel_score: 1.0, acc_loss: 0.0, grad_loss: 12.285355085059058
2022-04-27 10:15:24,024 DEBUG epoch: 145, train_acc: 0.0, val_acc: 1.0, fidel_score: 1.0, acc_loss: 0.0, grad_loss: 12.291750340522091
2022-04-27 10:15:28,818 DEBUG epoch: 146, train_acc: 0.0, val_acc: 1.0, fidel_score: 1.0, acc_loss: 0.0, grad_loss: 12.272814980036095
2022-04-27 10:15:33,690 DEBUG epoch: 147, train_acc: 0.0, val_acc: 1.0, fidel_score: 1.0, acc_loss: 0.0, grad_loss: 12.258108344259142
2022-04-27 10:15:38,312 DEBUG epoch: 148, train_acc: 0.0, val_acc: 1.0, fidel_score: 1.0, acc_loss: 0.0, grad_loss: 12.267296960082236
2022-04-27 10:15:43,050 DEBUG epoch: 149, train_acc: 0.0, val_acc: 1.0, fidel_score: 1.0, acc_loss: 0.0, grad_loss: 12.273412438887584
2022-04-27 10:15:47,983 DEBUG epoch: 150, train_acc: 0.0, val_acc: 1.0, fidel_score: 1.0, acc_loss: 0.0, grad_loss: 12.286437155325201
2022-04-27 10:15:52,716 DEBUG epoch: 151, train_acc: 0.0, val_acc: 1.0, fidel_score: 1.0, acc_loss: 0.0, grad_loss: 12.283599491360821
2022-04-27 10:15:57,511 DEBUG epoch: 152, train_acc: 0.0, val_acc: 1.0, fidel_score: 1.0, acc_loss: 0.0, grad_loss: 12.253544819505908
2022-04-27 10:16:02,049 DEBUG epoch: 153, train_acc: 0.0, val_acc: 1.0, fidel_score: 1.0, acc_loss: 0.0, grad_loss: 12.260318514666979
2022-04-27 10:16:06,921 DEBUG epoch: 154, train_acc: 0.0, val_acc: 1.0, fidel_score: 1.0, acc_loss: 0.0, grad_loss: 12.280693790580653
2022-04-27 10:16:11,540 DEBUG epoch: 155, train_acc: 0.0, val_acc: 1.0, fidel_score: 1.0, acc_loss: 0.0, grad_loss: 12.266126210176491
2022-04-27 10:16:16,405 DEBUG epoch: 156, train_acc: 0.0, val_acc: 1.0, fidel_score: 1.0, acc_loss: 0.0, grad_loss: 12.260896803457525
2022-04-27 10:16:21,015 DEBUG epoch: 157, train_acc: 0.0, val_acc: 1.0, fidel_score: 1.0, acc_loss: 0.0, grad_loss: 12.260995744149897
2022-04-27 10:16:26,052 DEBUG epoch: 158, train_acc: 0.0, val_acc: 1.0, fidel_score: 1.0, acc_loss: 0.0, grad_loss: 12.263657376736026
2022-04-27 10:16:30,687 DEBUG epoch: 159, train_acc: 0.0, val_acc: 1.0, fidel_score: 1.0, acc_loss: 0.0, grad_loss: 12.263425525230698
2022-04-27 10:16:35,510 DEBUG epoch: 160, train_acc: 0.0, val_acc: 1.0, fidel_score: 1.0, acc_loss: 0.0, grad_loss: 12.256722160532505
2022-04-27 10:16:40,227 DEBUG epoch: 161, train_acc: 0.0, val_acc: 1.0, fidel_score: 1.0, acc_loss: 0.0, grad_loss: 12.264438906802408
2022-04-27 10:16:45,242 DEBUG epoch: 162, train_acc: 0.0, val_acc: 1.0, fidel_score: 1.0, acc_loss: 0.0, grad_loss: 12.240532633624499
2022-04-27 10:16:49,657 DEBUG epoch: 163, train_acc: 0.0, val_acc: 1.0, fidel_score: 1.0, acc_loss: 0.0, grad_loss: 12.244083923629567
2022-04-27 10:16:54,625 DEBUG epoch: 164, train_acc: 0.0, val_acc: 1.0, fidel_score: 1.0, acc_loss: 0.0, grad_loss: 12.258280090138882
2022-04-27 10:16:59,219 DEBUG epoch: 165, train_acc: 0.0, val_acc: 1.0, fidel_score: 1.0, acc_loss: 0.0, grad_loss: 12.247008613393277
2022-04-27 10:17:04,089 DEBUG epoch: 166, train_acc: 0.0, val_acc: 1.0, fidel_score: 1.0, acc_loss: 0.0, grad_loss: 12.253438333921794
2022-04-27 10:17:08,662 DEBUG epoch: 167, train_acc: 0.0, val_acc: 1.0, fidel_score: 1.0, acc_loss: 0.0, grad_loss: 12.253951145123832
2022-04-27 10:17:13,713 DEBUG epoch: 168, train_acc: 0.0, val_acc: 1.0, fidel_score: 1.0, acc_loss: 0.0, grad_loss: 12.211912517306171
2022-04-27 10:17:18,356 DEBUG epoch: 169, train_acc: 0.0, val_acc: 1.0, fidel_score: 1.0, acc_loss: 0.0, grad_loss: 12.186078856262979
2022-04-27 10:17:23,255 DEBUG epoch: 170, train_acc: 0.0, val_acc: 1.0, fidel_score: 1.0, acc_loss: 0.0, grad_loss: 12.288465342944182
2022-04-27 10:17:27,717 DEBUG epoch: 171, train_acc: 0.0, val_acc: 1.0, fidel_score: 1.0, acc_loss: 0.0, grad_loss: 12.261619628230228
2022-04-27 10:17:32,776 DEBUG epoch: 172, train_acc: 0.0, val_acc: 1.0, fidel_score: 1.0, acc_loss: 0.0, grad_loss: 12.247717941863627
2022-04-27 10:17:37,416 DEBUG epoch: 173, train_acc: 0.0, val_acc: 1.0, fidel_score: 1.0, acc_loss: 0.0, grad_loss: 12.245821880388863
2022-04-27 10:17:42,271 DEBUG epoch: 174, train_acc: 0.0, val_acc: 1.0, fidel_score: 1.0, acc_loss: 0.0, grad_loss: 12.233219110513035
2022-04-27 10:17:46,741 DEBUG epoch: 175, train_acc: 0.0, val_acc: 1.0, fidel_score: 1.0, acc_loss: 0.0, grad_loss: 12.229728710802295
2022-04-27 10:17:51,642 DEBUG epoch: 176, train_acc: 0.0, val_acc: 1.0, fidel_score: 1.0, acc_loss: 0.0, grad_loss: 12.257498246205005
2022-04-27 10:17:56,128 DEBUG epoch: 177, train_acc: 0.0, val_acc: 1.0, fidel_score: 1.0, acc_loss: 0.0, grad_loss: 12.244191568109054
2022-04-27 10:18:00,964 DEBUG epoch: 178, train_acc: 0.0, val_acc: 1.0, fidel_score: 1.0, acc_loss: 0.0, grad_loss: 12.22056898286071
2022-04-27 10:18:05,717 DEBUG epoch: 179, train_acc: 0.0, val_acc: 1.0, fidel_score: 1.0, acc_loss: 0.0, grad_loss: 12.200111799602267
2022-04-27 10:18:10,745 DEBUG epoch: 180, train_acc: 0.0, val_acc: 1.0, fidel_score: 1.0, acc_loss: 0.0, grad_loss: 12.207224918317191
2022-04-27 10:18:15,068 DEBUG epoch: 181, train_acc: 0.0, val_acc: 1.0, fidel_score: 1.0, acc_loss: 0.0, grad_loss: 12.191805948185015
2022-04-27 10:18:19,939 DEBUG epoch: 182, train_acc: 0.0, val_acc: 1.01, fidel_score: 1.01, acc_loss: 0.0, grad_loss: 12.204793350606025
2022-04-27 10:18:24,729 DEBUG epoch: 183, train_acc: 0.0, val_acc: 1.0, fidel_score: 1.0, acc_loss: 0.0, grad_loss: 12.207340759567067
2022-04-27 10:18:29,772 DEBUG epoch: 184, train_acc: 0.0, val_acc: 1.0, fidel_score: 1.0, acc_loss: 0.0, grad_loss: 12.197343669360198
2022-04-27 10:18:34,285 DEBUG epoch: 185, train_acc: 0.0, val_acc: 1.01, fidel_score: 1.01, acc_loss: 0.0, grad_loss: 12.189049093029167
2022-04-27 10:18:39,201 DEBUG epoch: 186, train_acc: 0.0, val_acc: 1.0, fidel_score: 1.0, acc_loss: 0.0, grad_loss: 12.206223813793327
2022-04-27 10:18:43,776 DEBUG epoch: 187, train_acc: 0.0, val_acc: 1.0, fidel_score: 1.0, acc_loss: 0.0, grad_loss: 12.226109939285472
2022-04-27 10:18:48,708 DEBUG epoch: 188, train_acc: 0.0, val_acc: 1.0, fidel_score: 1.0, acc_loss: 0.0, grad_loss: 12.203214754032183
2022-04-27 10:18:53,845 DEBUG epoch: 189, train_acc: 0.0, val_acc: 1.0, fidel_score: 1.0, acc_loss: 0.0, grad_loss: 12.185751625254184
2022-04-27 10:18:58,790 DEBUG epoch: 190, train_acc: 0.0, val_acc: 1.0, fidel_score: 1.0, acc_loss: 0.0, grad_loss: 12.207606315612793
2022-04-27 10:19:03,454 DEBUG epoch: 191, train_acc: 0.0, val_acc: 1.0, fidel_score: 1.0, acc_loss: 0.0, grad_loss: 12.135238466383536
2022-04-27 10:19:08,175 DEBUG epoch: 192, train_acc: 0.0, val_acc: 1.02, fidel_score: 1.01, acc_loss: 0.0, grad_loss: 12.1552081892762
2022-04-27 10:19:13,031 DEBUG epoch: 193, train_acc: 0.0, val_acc: 1.01, fidel_score: 1.01, acc_loss: 0.0, grad_loss: 12.20064012310173
2022-04-27 10:19:17,783 DEBUG epoch: 194, train_acc: 0.0, val_acc: 1.03, fidel_score: 1.04, acc_loss: 0.0, grad_loss: 12.20857732507247
2022-04-27 10:19:22,500 DEBUG epoch: 195, train_acc: 0.0, val_acc: 1.03, fidel_score: 1.03, acc_loss: 0.0, grad_loss: 12.172590823113163
2022-04-27 10:19:27,169 DEBUG epoch: 196, train_acc: 0.0, val_acc: 1.05, fidel_score: 1.05, acc_loss: 0.0, grad_loss: 12.15477395359474
2022-04-27 10:19:31,949 DEBUG epoch: 197, train_acc: 0.0, val_acc: 1.03, fidel_score: 1.03, acc_loss: 0.0, grad_loss: 12.164297683329522
2022-04-27 10:19:36,588 DEBUG epoch: 198, train_acc: 0.0, val_acc: 1.0, fidel_score: 1.0, acc_loss: 0.0, grad_loss: 12.209862878050986
2022-04-27 10:19:41,277 DEBUG epoch: 199, train_acc: 0.0, val_acc: 1.0, fidel_score: 1.0, acc_loss: 0.0, grad_loss: 12.173673062384884
2022-04-27 10:19:46,210 DEBUG epoch: 200, train_acc: 0.0, val_acc: 1.02, fidel_score: 1.01, acc_loss: 0.0, grad_loss: 12.144138819054712
2022-04-27 10:19:50,995 DEBUG epoch: 201, train_acc: 0.0, val_acc: 1.08, fidel_score: 1.07, acc_loss: 0.0, grad_loss: 12.160926553267467
2022-04-27 10:19:55,719 DEBUG epoch: 202, train_acc: 0.0, val_acc: 1.08, fidel_score: 1.03, acc_loss: 0.0, grad_loss: 12.26267019102845
2022-04-27 10:20:00,388 DEBUG epoch: 203, train_acc: 0.0, val_acc: 1.04, fidel_score: 1.05, acc_loss: 0.0, grad_loss: 12.25924255274519
2022-04-27 10:20:05,403 DEBUG epoch: 204, train_acc: 0.0, val_acc: 1.03, fidel_score: 1.04, acc_loss: 0.0, grad_loss: 12.20778522008582
2022-04-27 10:20:10,103 DEBUG epoch: 205, train_acc: 0.0, val_acc: 1.01, fidel_score: 1.05, acc_loss: 0.0, grad_loss: 12.187160467799705
2022-04-27 10:20:14,730 DEBUG epoch: 206, train_acc: 0.0, val_acc: 1.0, fidel_score: 1.03, acc_loss: 0.0, grad_loss: 12.193705848500699
2022-04-27 10:20:19,474 DEBUG epoch: 207, train_acc: 0.0, val_acc: 1.0, fidel_score: 1.01, acc_loss: 0.0, grad_loss: 12.131540757191333
2022-04-27 10:20:24,190 DEBUG epoch: 208, train_acc: 0.0, val_acc: 1.01, fidel_score: 1.0, acc_loss: 0.0, grad_loss: 12.146273540545113
2022-04-27 10:20:28,849 DEBUG epoch: 209, train_acc: 0.0, val_acc: 1.0, fidel_score: 1.01, acc_loss: 0.0, grad_loss: 12.121083718311938
2022-04-27 10:20:33,758 DEBUG epoch: 210, train_acc: 0.0, val_acc: 1.01, fidel_score: 1.01, acc_loss: 0.0, grad_loss: 12.125636740575862
2022-04-27 10:20:38,556 DEBUG epoch: 211, train_acc: 0.0, val_acc: 1.01, fidel_score: 1.02, acc_loss: 0.0, grad_loss: 12.108697625655163
2022-04-27 10:20:43,283 DEBUG epoch: 212, train_acc: 0.0, val_acc: 1.0, fidel_score: 1.0, acc_loss: 0.0, grad_loss: 12.109392335143271
2022-04-27 10:20:48,023 DEBUG epoch: 213, train_acc: 0.0, val_acc: 1.0, fidel_score: 1.0, acc_loss: 0.0, grad_loss: 12.11247764056242
2022-04-27 10:20:52,957 DEBUG epoch: 214, train_acc: 0.0, val_acc: 1.0, fidel_score: 1.0, acc_loss: 0.0, grad_loss: 12.113546190382559
2022-04-27 10:20:57,689 DEBUG epoch: 215, train_acc: 0.0, val_acc: 1.0, fidel_score: 1.0, acc_loss: 0.0, grad_loss: 12.111733303794377
2022-04-27 10:21:02,242 DEBUG epoch: 216, train_acc: 0.0, val_acc: 1.0, fidel_score: 1.0, acc_loss: 0.0, grad_loss: 12.076909016959275
2022-04-27 10:21:06,966 DEBUG epoch: 217, train_acc: 0.0, val_acc: 1.0, fidel_score: 1.0, acc_loss: 0.0, grad_loss: 12.05218249936647
2022-04-27 10:21:11,708 DEBUG epoch: 218, train_acc: 0.0, val_acc: 1.01, fidel_score: 1.0, acc_loss: 0.0, grad_loss: 11.996566374090653
2022-04-27 10:21:16,424 DEBUG epoch: 219, train_acc: 0.0, val_acc: 1.02, fidel_score: 1.02, acc_loss: 0.0, grad_loss: 12.04955505419381
2022-04-27 10:21:21,313 DEBUG epoch: 220, train_acc: 0.0, val_acc: 1.01, fidel_score: 1.0, acc_loss: 0.0, grad_loss: 12.091654029073595
2022-04-27 10:21:26,148 DEBUG epoch: 221, train_acc: 0.0, val_acc: 1.0, fidel_score: 0.98, acc_loss: 0.0, grad_loss: 12.2533652027951
2022-04-27 10:21:30,918 DEBUG epoch: 222, train_acc: 0.0, val_acc: 1.0, fidel_score: 1.0, acc_loss: 0.0, grad_loss: 12.26195156725147
2022-04-27 10:21:35,577 DEBUG epoch: 223, train_acc: 0.0, val_acc: 1.0, fidel_score: 1.0, acc_loss: 0.0, grad_loss: 12.227463987809193
2022-04-27 10:21:40,477 DEBUG epoch: 224, train_acc: 0.0, val_acc: 1.0, fidel_score: 1.0, acc_loss: 0.0, grad_loss: 12.22022454949874
2022-04-27 10:21:45,294 DEBUG epoch: 225, train_acc: 0.0, val_acc: 1.0, fidel_score: 1.0, acc_loss: 0.0, grad_loss: 12.159087374240537
2022-04-27 10:21:49,892 DEBUG epoch: 226, train_acc: 0.0, val_acc: 1.0, fidel_score: 1.0, acc_loss: 0.0, grad_loss: 12.159107642837718
2022-04-27 10:21:54,685 DEBUG epoch: 227, train_acc: 0.0, val_acc: 1.0, fidel_score: 1.0, acc_loss: 0.0, grad_loss: 12.086224954339523
2022-04-27 10:21:59,472 DEBUG epoch: 228, train_acc: 0.0, val_acc: 1.0, fidel_score: 1.0, acc_loss: 0.0, grad_loss: 12.204294168496434
2022-04-27 10:22:04,310 DEBUG epoch: 229, train_acc: 0.0, val_acc: 1.0, fidel_score: 1.0, acc_loss: 0.0, grad_loss: 12.207248832606062
2022-04-27 10:22:09,287 DEBUG epoch: 230, train_acc: 0.0, val_acc: 1.0, fidel_score: 1.0, acc_loss: 0.0, grad_loss: 12.142297020441369
2022-04-27 10:22:14,030 DEBUG epoch: 231, train_acc: 0.0, val_acc: 1.0, fidel_score: 1.0, acc_loss: 0.0, grad_loss: 12.151418951493275
2022-04-27 10:22:18,800 DEBUG epoch: 232, train_acc: 0.0, val_acc: 1.0, fidel_score: 1.0, acc_loss: 0.0, grad_loss: 12.094540716726568
2022-04-27 10:22:23,468 DEBUG epoch: 233, train_acc: 0.0, val_acc: 1.0, fidel_score: 1.0, acc_loss: 0.0, grad_loss: 11.98529120336605
2022-04-27 10:22:28,121 DEBUG epoch: 234, train_acc: 0.0, val_acc: 1.0, fidel_score: 1.0, acc_loss: 0.0, grad_loss: 12.097561944889117
2022-04-27 10:22:33,032 DEBUG epoch: 235, train_acc: 0.0, val_acc: 1.0, fidel_score: 1.0, acc_loss: 0.0, grad_loss: 12.027260538897936
2022-04-27 10:22:37,855 DEBUG epoch: 236, train_acc: 0.0, val_acc: 1.0, fidel_score: 1.0, acc_loss: 0.0, grad_loss: 12.059898967984356
2022-04-27 10:22:42,588 DEBUG epoch: 237, train_acc: 0.0, val_acc: 1.0, fidel_score: 1.0, acc_loss: 0.0, grad_loss: 12.05846908424474
2022-04-27 10:22:47,402 DEBUG epoch: 238, train_acc: 0.0, val_acc: 1.0, fidel_score: 1.0, acc_loss: 0.0, grad_loss: 12.093762759920917
2022-04-27 10:22:52,033 DEBUG epoch: 239, train_acc: 0.0, val_acc: 1.0, fidel_score: 1.0, acc_loss: 0.0, grad_loss: 12.026751832117009
2022-04-27 10:22:56,791 DEBUG epoch: 240, train_acc: 0.0, val_acc: 1.0, fidel_score: 1.0, acc_loss: 0.0, grad_loss: 11.84222577493402
2022-04-27 10:23:01,701 DEBUG epoch: 241, train_acc: 0.0, val_acc: 1.0, fidel_score: 1.0, acc_loss: 0.0, grad_loss: 11.84096400345428
2022-04-27 10:23:06,502 DEBUG epoch: 242, train_acc: 0.0, val_acc: 1.0, fidel_score: 1.0, acc_loss: 0.0, grad_loss: 11.740429685085635
2022-04-27 10:23:11,095 DEBUG epoch: 243, train_acc: 0.0, val_acc: 1.0, fidel_score: 1.0, acc_loss: 0.0, grad_loss: 11.731398546243016
2022-04-27 10:23:15,890 DEBUG epoch: 244, train_acc: 0.0, val_acc: 1.0, fidel_score: 1.0, acc_loss: 0.0, grad_loss: 11.673452654971353
2022-04-27 10:23:20,740 DEBUG epoch: 245, train_acc: 0.0, val_acc: 1.0, fidel_score: 1.0, acc_loss: 0.0, grad_loss: 11.721911273425139
2022-04-27 10:23:25,413 DEBUG epoch: 246, train_acc: 0.0, val_acc: 1.0, fidel_score: 1.0, acc_loss: 0.0, grad_loss: 11.74894577943826
2022-04-27 10:23:30,147 DEBUG epoch: 247, train_acc: 0.0, val_acc: 1.0, fidel_score: 1.0, acc_loss: 0.0, grad_loss: 11.75096118299267
2022-04-27 10:23:34,917 DEBUG epoch: 248, train_acc: 0.0, val_acc: 1.0, fidel_score: 1.0, acc_loss: 0.0, grad_loss: 11.715445482278172
2022-04-27 10:23:39,704 DEBUG epoch: 249, train_acc: 0.0, val_acc: 1.0, fidel_score: 1.0, acc_loss: 0.0, grad_loss: 11.667917251586914
2022-04-27 10:23:44,314 DEBUG epoch: 250, train_acc: 0.0, val_acc: 1.0, fidel_score: 1.0, acc_loss: 0.0, grad_loss: 11.615900486330442
2022-04-27 10:23:49,116 DEBUG epoch: 251, train_acc: 0.0, val_acc: 1.0, fidel_score: 1.0, acc_loss: 0.0, grad_loss: 11.680769365045089
2022-04-27 10:23:53,802 DEBUG epoch: 252, train_acc: 0.0, val_acc: 1.0, fidel_score: 1.0, acc_loss: 0.0, grad_loss: 11.607108031647115
2022-04-27 10:23:58,857 DEBUG epoch: 253, train_acc: 0.0, val_acc: 1.0, fidel_score: 1.0, acc_loss: 0.0, grad_loss: 11.485217867018301
2022-04-27 10:24:02,953 DEBUG epoch: 254, train_acc: 0.0, val_acc: 1.0, fidel_score: 1.0, acc_loss: 0.0, grad_loss: 11.61602196512343
2022-04-27 10:24:06,618 DEBUG epoch: 255, train_acc: 0.0, val_acc: 1.0, fidel_score: 1.0, acc_loss: 0.0, grad_loss: 11.504804937145378
2022-04-27 10:24:10,379 DEBUG epoch: 256, train_acc: 0.0, val_acc: 1.0, fidel_score: 1.0, acc_loss: 0.0, grad_loss: 11.532890368111525
2022-04-27 10:24:14,451 DEBUG epoch: 257, train_acc: 0.0, val_acc: 1.0, fidel_score: 1.0, acc_loss: 0.0, grad_loss: 11.686532769022108
2022-04-27 10:24:18,404 DEBUG epoch: 258, train_acc: 0.0, val_acc: 1.0, fidel_score: 1.0, acc_loss: 0.0, grad_loss: 11.721879729741737
2022-04-27 10:24:23,161 DEBUG epoch: 259, train_acc: 0.0, val_acc: 1.0, fidel_score: 1.0, acc_loss: 0.0, grad_loss: 11.697091778622397
2022-04-27 10:24:28,020 DEBUG epoch: 260, train_acc: 0.0, val_acc: 1.0, fidel_score: 1.0, acc_loss: 0.0, grad_loss: 11.558501159088522
2022-04-27 10:24:32,847 DEBUG epoch: 261, train_acc: 0.0, val_acc: 1.0, fidel_score: 1.0, acc_loss: 0.0, grad_loss: 11.50514026834995
2022-04-27 10:24:37,889 DEBUG epoch: 262, train_acc: 0.0, val_acc: 1.0, fidel_score: 1.0, acc_loss: 0.0, grad_loss: 11.47023706798312
2022-04-27 10:24:42,896 DEBUG epoch: 263, train_acc: 0.0, val_acc: 1.0, fidel_score: 1.0, acc_loss: 0.0, grad_loss: 11.439489581916906
2022-04-27 10:24:47,772 DEBUG epoch: 264, train_acc: 0.0, val_acc: 1.0, fidel_score: 1.0, acc_loss: 0.0, grad_loss: 11.561488489561443
2022-04-27 10:24:52,767 DEBUG epoch: 265, train_acc: 0.0, val_acc: 1.0, fidel_score: 1.0, acc_loss: 0.0, grad_loss: 11.589187453064737
2022-04-27 10:24:57,818 DEBUG epoch: 266, train_acc: 0.0, val_acc: 1.0, fidel_score: 1.0, acc_loss: 0.0, grad_loss: 11.40954424459723
2022-04-27 10:25:02,738 DEBUG epoch: 267, train_acc: 0.0, val_acc: 1.0, fidel_score: 1.0, acc_loss: 0.0, grad_loss: 11.27381924737858
2022-04-27 10:25:07,519 DEBUG epoch: 268, train_acc: 0.0, val_acc: 1.0, fidel_score: 1.0, acc_loss: 0.0, grad_loss: 11.368900576724283
2022-04-27 10:25:12,439 DEBUG epoch: 269, train_acc: 0.0, val_acc: 1.0, fidel_score: 1.0, acc_loss: 0.0, grad_loss: 11.400513141970091
2022-04-27 10:25:17,389 DEBUG epoch: 270, train_acc: 0.0, val_acc: 1.0, fidel_score: 1.0, acc_loss: 0.0, grad_loss: 11.267779422711723
2022-04-27 10:25:22,328 DEBUG epoch: 271, train_acc: 0.0, val_acc: 1.0, fidel_score: 1.0, acc_loss: 0.0, grad_loss: 11.244377884683729
2022-04-27 10:25:26,665 DEBUG epoch: 272, train_acc: 0.0, val_acc: 1.0, fidel_score: 1.0, acc_loss: 0.0, grad_loss: 11.269668880897232
2022-04-27 10:25:31,607 DEBUG epoch: 273, train_acc: 0.0, val_acc: 1.0, fidel_score: 1.0, acc_loss: 0.0, grad_loss: 11.371642209306549
2022-04-27 10:25:36,327 DEBUG epoch: 274, train_acc: 0.0, val_acc: 1.0, fidel_score: 1.0, acc_loss: 0.0, grad_loss: 11.300307913671565
2022-04-27 10:25:41,425 DEBUG epoch: 275, train_acc: 0.0, val_acc: 1.0, fidel_score: 1.0, acc_loss: 0.0, grad_loss: 11.280790377266799
2022-04-27 10:25:45,998 DEBUG epoch: 276, train_acc: 0.0, val_acc: 1.0, fidel_score: 1.0, acc_loss: 0.0, grad_loss: 11.279123366633549
2022-04-27 10:25:50,917 DEBUG epoch: 277, train_acc: 0.0, val_acc: 1.0, fidel_score: 1.0, acc_loss: 0.0, grad_loss: 11.259267746647701
2022-04-27 10:25:55,559 DEBUG epoch: 278, train_acc: 0.0, val_acc: 1.0, fidel_score: 1.0, acc_loss: 0.0, grad_loss: 11.231075661091865
2022-04-27 10:26:00,451 DEBUG epoch: 279, train_acc: 0.0, val_acc: 1.0, fidel_score: 1.0, acc_loss: 0.0, grad_loss: 11.12938313544551
2022-04-27 10:26:05,219 DEBUG epoch: 280, train_acc: 0.0, val_acc: 1.0, fidel_score: 1.0, acc_loss: 0.0, grad_loss: 11.099607974668093
2022-04-27 10:26:10,157 DEBUG epoch: 281, train_acc: 0.0, val_acc: 1.0, fidel_score: 1.0, acc_loss: 0.0, grad_loss: 11.104826033869877
2022-04-27 10:26:15,195 DEBUG epoch: 282, train_acc: 0.0, val_acc: 1.0, fidel_score: 1.0, acc_loss: 0.0, grad_loss: 11.194712421562098
2022-04-27 10:26:20,108 DEBUG epoch: 283, train_acc: 0.0, val_acc: 1.0, fidel_score: 1.0, acc_loss: 0.0, grad_loss: 11.044480734233614
2022-04-27 10:26:24,918 DEBUG epoch: 284, train_acc: 0.0, val_acc: 1.0, fidel_score: 1.0, acc_loss: 0.0, grad_loss: 11.131900461414192
2022-04-27 10:26:30,000 DEBUG epoch: 285, train_acc: 0.0, val_acc: 1.0, fidel_score: 1.0, acc_loss: 0.0, grad_loss: 11.081255743775186
2022-04-27 10:26:34,624 DEBUG epoch: 286, train_acc: 0.0, val_acc: 1.0, fidel_score: 1.0, acc_loss: 0.0, grad_loss: 11.198457259166089
2022-04-27 10:26:39,515 DEBUG epoch: 287, train_acc: 0.0, val_acc: 1.0, fidel_score: 1.0, acc_loss: 0.0, grad_loss: 11.034372112419032
2022-04-27 10:26:44,049 DEBUG epoch: 288, train_acc: 0.0, val_acc: 1.0, fidel_score: 1.0, acc_loss: 0.0, grad_loss: 10.962896998924545
2022-04-27 10:26:48,986 DEBUG epoch: 289, train_acc: 0.0, val_acc: 1.0, fidel_score: 1.0, acc_loss: 0.0, grad_loss: 11.070885634120506
2022-04-27 10:26:53,721 DEBUG epoch: 290, train_acc: 0.0, val_acc: 1.0, fidel_score: 1.0, acc_loss: 0.0, grad_loss: 11.095331880110729
2022-04-27 10:26:58,663 DEBUG epoch: 291, train_acc: 0.0, val_acc: 1.0, fidel_score: 1.0, acc_loss: 0.0, grad_loss: 10.961585020717186
2022-04-27 10:27:03,551 DEBUG epoch: 292, train_acc: 0.0, val_acc: 1.0, fidel_score: 1.0, acc_loss: 0.0, grad_loss: 10.870139979108979
2022-04-27 10:27:08,460 DEBUG epoch: 293, train_acc: 0.0, val_acc: 1.0, fidel_score: 1.0, acc_loss: 0.0, grad_loss: 10.786892746068254
2022-04-27 10:27:13,282 DEBUG epoch: 294, train_acc: 0.0, val_acc: 1.0, fidel_score: 1.0, acc_loss: 0.0, grad_loss: 10.69728976865358
2022-04-27 10:27:18,069 DEBUG epoch: 295, train_acc: 0.0, val_acc: 1.0, fidel_score: 1.0, acc_loss: 0.0, grad_loss: 10.889243970943403
2022-04-27 10:27:22,707 DEBUG epoch: 296, train_acc: 0.0, val_acc: 1.0, fidel_score: 1.0, acc_loss: 0.0, grad_loss: 11.034578263005123
2022-04-27 10:27:27,681 DEBUG epoch: 297, train_acc: 0.0, val_acc: 1.0, fidel_score: 1.0, acc_loss: 0.0, grad_loss: 11.035955718800992
2022-04-27 10:27:32,331 DEBUG epoch: 298, train_acc: 0.0, val_acc: 1.0, fidel_score: 1.0, acc_loss: 0.0, grad_loss: 10.859668200529075
2022-04-27 10:27:37,095 DEBUG epoch: 299, train_acc: 0.0, val_acc: 1.0, fidel_score: 1.0, acc_loss: 0.0, grad_loss: 10.941524155532257
2022-04-27 10:27:41,864 DEBUG epoch: 300, train_acc: 0.0, val_acc: 1.0, fidel_score: 1.0, acc_loss: 0.0, grad_loss: 10.896549599080146
2022-04-27 10:27:41,864 DEBUG load best stealed model.
2022-04-27 10:27:41,864 DEBUG Best perform model, val_acc: 1.16, fidel_score: 1.04, acc_loss: 0.0, grad_loss: 12.273810712597038
2022-04-27 10:27:41,865 DEBUG load cloest stealed model.
2022-04-27 10:27:41,865 DEBUG Cloest perform model, val_acc: 0.98, fidel_score: 1.19, acc_loss: 0.0, grad_loss: 12.273810712597038
