2022-04-21 00:33:18,677 DEBUG Namespace(arch='vgg11_bn', attack_client=0, attack_epochs=300, attack_style='Craft_option_step50', average_time=1, batch_size=128, bottleneck_option='None', cutlayer=4, data_proportion=0.0, dataset='cifar10', filename='ace_V2_epoch_vgg11_bn_cutlayer_4_client_1_seed125_dataset_cifar10_lr_0.05_200epoch', folder='saves/baseline', learning_rate=0.05, noniid_ratio=1.0, num_client=1, num_epochs='best', num_query=10000, random_seed=123, regularization='None', regularization_strength=0.0, scheme='V2_epoch', surrogate_arch='same', test_best=True, train_clas_layer=-1.0)
2022-04-21 00:33:22,118 DEBUG Test (client-0):	Loss 0.6165 (0.3623)	Prec@1 81.250 (91.890)
2022-04-21 00:33:22,118 DEBUG  * Prec@1 91.890
2022-04-21 00:33:22,119 DEBUG 24
2022-04-21 00:33:22,119 DEBUG 30
2022-04-21 00:33:22,119 DEBUG surrogate parameter has 38 trainable parameters!
2022-04-21 00:33:22,278 DEBUG Image 0 class 0 - Iter 50 Feature loss: 0.0003499372396618128 TVLoss: 1.301979422569275 l2Loss: 0.6835546493530273
2022-04-21 00:33:22,417 DEBUG Image 1 class 0 - Iter 50 Feature loss: 0.00023314618738368154 TVLoss: 1.3189048767089844 l2Loss: 0.6932895183563232
2022-04-21 00:33:22,556 DEBUG Image 2 class 0 - Iter 50 Feature loss: 0.0007211944903247058 TVLoss: 1.3506503105163574 l2Loss: 0.688757061958313
2022-04-21 00:33:22,694 DEBUG Image 3 class 0 - Iter 50 Feature loss: 4.768370445162873e-07 TVLoss: 1.2774455547332764 l2Loss: 0.7396085262298584
2022-04-21 00:33:22,833 DEBUG Image 4 class 0 - Iter 50 Feature loss: 0.0006239851354621351 TVLoss: 1.3864117860794067 l2Loss: 0.6911587715148926
2022-04-21 00:33:22,971 DEBUG Image 5 class 0 - Iter 50 Feature loss: 0.0008627030183561146 TVLoss: 1.4509209394454956 l2Loss: 0.7151285409927368
2022-04-21 00:33:23,109 DEBUG Image 6 class 0 - Iter 50 Feature loss: 0.0008334023877978325 TVLoss: 1.3922531604766846 l2Loss: 0.6996831893920898
2022-04-21 00:33:23,247 DEBUG Image 7 class 0 - Iter 50 Feature loss: 0.0005417786305770278 TVLoss: 1.3822191953659058 l2Loss: 0.6778755187988281
2022-04-21 00:33:23,386 DEBUG Image 8 class 0 - Iter 50 Feature loss: 0.0010172913316637278 TVLoss: 1.4058257341384888 l2Loss: 0.698989748954773
2022-04-21 00:33:23,524 DEBUG Image 9 class 0 - Iter 50 Feature loss: 0.000631848000921309 TVLoss: 1.2712552547454834 l2Loss: 0.6686744093894958
2022-04-21 00:33:23,662 DEBUG Image 10 class 0 - Iter 50 Feature loss: 0.0005718026659451425 TVLoss: 1.300940752029419 l2Loss: 0.6832398772239685
2022-04-21 00:33:23,800 DEBUG Image 11 class 0 - Iter 50 Feature loss: 0.0009408338228240609 TVLoss: 1.4088242053985596 l2Loss: 0.7171446681022644
2022-04-21 00:33:23,939 DEBUG Image 12 class 0 - Iter 50 Feature loss: 4.935142715112306e-05 TVLoss: 1.3526663780212402 l2Loss: 0.7049460411071777
2022-04-21 00:33:24,078 DEBUG Image 13 class 0 - Iter 50 Feature loss: 0.001714071026071906 TVLoss: 1.450768232345581 l2Loss: 0.7216970920562744
2022-04-21 00:33:24,220 DEBUG Image 14 class 0 - Iter 50 Feature loss: 5.352353764465079e-05 TVLoss: 1.359520435333252 l2Loss: 0.6917049288749695
2022-04-21 00:33:24,360 DEBUG Image 15 class 0 - Iter 50 Feature loss: 0.0005497612874023616 TVLoss: 1.327223300933838 l2Loss: 0.7134412527084351
2022-04-21 00:33:24,499 DEBUG Image 16 class 0 - Iter 50 Feature loss: 0.0005253365379758179 TVLoss: 1.396474838256836 l2Loss: 0.6995135545730591
2022-04-21 00:33:24,639 DEBUG Image 17 class 0 - Iter 50 Feature loss: 0.000700466800481081 TVLoss: 1.4450316429138184 l2Loss: 0.6990323066711426
2022-04-21 00:33:24,777 DEBUG Image 18 class 0 - Iter 50 Feature loss: 0.000532008707523346 TVLoss: 1.2842247486114502 l2Loss: 0.6794716715812683
2022-04-21 00:33:24,916 DEBUG Image 19 class 0 - Iter 50 Feature loss: 0.0001752223033690825 TVLoss: 1.4557414054870605 l2Loss: 0.7345633506774902
2022-04-21 00:33:25,055 DEBUG Image 0 class 1 - Iter 50 Feature loss: 4.7801782784517854e-05 TVLoss: 1.39752197265625 l2Loss: 0.7119319438934326
2022-04-21 00:33:25,193 DEBUG Image 1 class 1 - Iter 50 Feature loss: 0.0005357022164389491 TVLoss: 1.321908950805664 l2Loss: 0.6765742301940918
2022-04-21 00:33:25,331 DEBUG Image 2 class 1 - Iter 50 Feature loss: 0.0004969792207702994 TVLoss: 1.5998224020004272 l2Loss: 0.7331086993217468
2022-04-21 00:33:25,470 DEBUG Image 3 class 1 - Iter 50 Feature loss: 0.00033861625706776977 TVLoss: 1.6165070533752441 l2Loss: 0.7908069491386414
2022-04-21 00:33:25,609 DEBUG Image 4 class 1 - Iter 50 Feature loss: 0.0 TVLoss: 1.4772746562957764 l2Loss: 0.7525690793991089
2022-04-21 00:33:25,747 DEBUG Image 5 class 1 - Iter 50 Feature loss: 8.4638240878121e-06 TVLoss: 1.2939633131027222 l2Loss: 0.7320748567581177
2022-04-21 00:33:25,885 DEBUG Image 6 class 1 - Iter 50 Feature loss: 3.766942609217949e-05 TVLoss: 1.5108964443206787 l2Loss: 0.7407230138778687
2022-04-21 00:33:26,024 DEBUG Image 7 class 1 - Iter 50 Feature loss: 0.00012599628826137632 TVLoss: 1.3568058013916016 l2Loss: 0.7087280750274658
2022-04-21 00:33:26,162 DEBUG Image 8 class 1 - Iter 50 Feature loss: 0.0004236992390360683 TVLoss: 1.350959062576294 l2Loss: 0.683320164680481
2022-04-21 00:33:26,300 DEBUG Image 9 class 1 - Iter 50 Feature loss: 0.00015925093612167984 TVLoss: 1.3814702033996582 l2Loss: 0.7384368777275085
2022-04-21 00:33:26,438 DEBUG Image 10 class 1 - Iter 50 Feature loss: 0.00016234986833296716 TVLoss: 1.4382433891296387 l2Loss: 0.7436304092407227
2022-04-21 00:33:26,577 DEBUG Image 11 class 1 - Iter 50 Feature loss: 0.0005634627304971218 TVLoss: 1.5286438465118408 l2Loss: 0.7335543632507324
2022-04-21 00:33:26,716 DEBUG Image 12 class 1 - Iter 50 Feature loss: 1.7404405298293568e-05 TVLoss: 1.2634503841400146 l2Loss: 0.6613816618919373
2022-04-21 00:33:26,854 DEBUG Image 13 class 1 - Iter 50 Feature loss: 0.0005420169327408075 TVLoss: 1.3088700771331787 l2Loss: 0.6774507761001587
2022-04-21 00:33:26,992 DEBUG Image 14 class 1 - Iter 50 Feature loss: 0.00013267113536130637 TVLoss: 1.3644814491271973 l2Loss: 0.7245060801506042
2022-04-21 00:33:27,130 DEBUG Image 15 class 1 - Iter 50 Feature loss: 3.373566141817719e-05 TVLoss: 1.5915480852127075 l2Loss: 0.7746986150741577
2022-04-21 00:33:27,268 DEBUG Image 16 class 1 - Iter 50 Feature loss: 0.00026174934464506805 TVLoss: 1.3213727474212646 l2Loss: 0.6874594688415527
2022-04-21 00:33:27,407 DEBUG Image 17 class 1 - Iter 50 Feature loss: 0.0001971527235582471 TVLoss: 1.319331407546997 l2Loss: 0.7109472155570984
2022-04-21 00:33:27,549 DEBUG Image 18 class 1 - Iter 50 Feature loss: 7.867782187531702e-06 TVLoss: 1.53155517578125 l2Loss: 0.7531346082687378
2022-04-21 00:33:27,689 DEBUG Image 19 class 1 - Iter 50 Feature loss: 3.71926071238704e-05 TVLoss: 1.351445198059082 l2Loss: 0.7089176177978516
2022-04-21 00:33:27,827 DEBUG Image 0 class 2 - Iter 50 Feature loss: 4.7205765440594405e-05 TVLoss: 0.9777260422706604 l2Loss: 0.5414766073226929
2022-04-21 00:33:27,966 DEBUG Image 1 class 2 - Iter 50 Feature loss: 0.0001262346631847322 TVLoss: 1.2208611965179443 l2Loss: 0.6363661289215088
2022-04-21 00:33:28,104 DEBUG Image 2 class 2 - Iter 50 Feature loss: 0.00034231049357913435 TVLoss: 1.3155438899993896 l2Loss: 0.6547569632530212
2022-04-21 00:33:28,242 DEBUG Image 3 class 2 - Iter 50 Feature loss: 3.933898824470816e-06 TVLoss: 0.5796201229095459 l2Loss: 0.4297583997249603
2022-04-21 00:33:28,380 DEBUG Image 4 class 2 - Iter 50 Feature loss: 0.0003137096355203539 TVLoss: 1.3069813251495361 l2Loss: 0.6362491250038147
2022-04-21 00:33:28,518 DEBUG Image 5 class 2 - Iter 50 Feature loss: 0.00018940561858471483 TVLoss: 1.3911998271942139 l2Loss: 0.6727465987205505
2022-04-21 00:33:28,657 DEBUG Image 6 class 2 - Iter 50 Feature loss: 0.00026246439665555954 TVLoss: 1.3430168628692627 l2Loss: 0.644608199596405
2022-04-21 00:33:28,795 DEBUG Image 7 class 2 - Iter 50 Feature loss: 0.00010406429646536708 TVLoss: 1.1894400119781494 l2Loss: 0.6379748582839966
2022-04-21 00:33:28,933 DEBUG Image 8 class 2 - Iter 50 Feature loss: 0.00026675479602999985 TVLoss: 1.3482722043991089 l2Loss: 0.6471239328384399
2022-04-21 00:33:29,071 DEBUG Image 9 class 2 - Iter 50 Feature loss: 0.00019500737835187465 TVLoss: 1.2425845861434937 l2Loss: 0.6241446733474731
2022-04-21 00:33:29,209 DEBUG Image 10 class 2 - Iter 50 Feature loss: 0.0002553137019276619 TVLoss: 1.315652847290039 l2Loss: 0.6509875059127808
2022-04-21 00:33:29,347 DEBUG Image 11 class 2 - Iter 50 Feature loss: 0.00025376438861712813 TVLoss: 1.3726412057876587 l2Loss: 0.6441798210144043
2022-04-21 00:33:29,486 DEBUG Image 12 class 2 - Iter 50 Feature loss: 0.00027640812913887203 TVLoss: 1.371325969696045 l2Loss: 0.6605698466300964
2022-04-21 00:33:29,624 DEBUG Image 13 class 2 - Iter 50 Feature loss: 0.00024101213784888387 TVLoss: 1.261528491973877 l2Loss: 0.6505484580993652
2022-04-21 00:33:29,762 DEBUG Image 14 class 2 - Iter 50 Feature loss: 0.0003323002893012017 TVLoss: 1.2990314960479736 l2Loss: 0.6479029655456543
2022-04-21 00:33:29,901 DEBUG Image 15 class 2 - Iter 50 Feature loss: 5.173549288883805e-05 TVLoss: 0.9552652835845947 l2Loss: 0.5470170974731445
2022-04-21 00:33:30,039 DEBUG Image 16 class 2 - Iter 50 Feature loss: 7.259582343976945e-05 TVLoss: 1.0833137035369873 l2Loss: 0.6070839762687683
2022-04-21 00:33:30,177 DEBUG Image 17 class 2 - Iter 50 Feature loss: 0.0001618731184862554 TVLoss: 1.312326192855835 l2Loss: 0.6464803218841553
2022-04-21 00:33:30,315 DEBUG Image 18 class 2 - Iter 50 Feature loss: 0.00032026408007368445 TVLoss: 1.3575259447097778 l2Loss: 0.6489499807357788
2022-04-21 00:33:30,453 DEBUG Image 19 class 2 - Iter 50 Feature loss: 0.0003002431185450405 TVLoss: 1.3231847286224365 l2Loss: 0.6533918380737305
2022-04-21 00:33:30,599 DEBUG Image 0 class 3 - Iter 50 Feature loss: 0.00047017011092975736 TVLoss: 1.331384539604187 l2Loss: 0.6778860092163086
2022-04-21 00:33:30,740 DEBUG Image 1 class 3 - Iter 50 Feature loss: 0.0004337085410952568 TVLoss: 1.3420283794403076 l2Loss: 0.6571747064590454
2022-04-21 00:33:30,883 DEBUG Image 2 class 3 - Iter 50 Feature loss: 0.0002728328399825841 TVLoss: 1.3180592060089111 l2Loss: 0.6562789678573608
2022-04-21 00:33:31,022 DEBUG Image 3 class 3 - Iter 50 Feature loss: 0.0008068405441008508 TVLoss: 1.34798002243042 l2Loss: 0.6850520968437195
2022-04-21 00:33:31,160 DEBUG Image 4 class 3 - Iter 50 Feature loss: 0.0005022218101657927 TVLoss: 1.3587026596069336 l2Loss: 0.6738111972808838
2022-04-21 00:33:31,298 DEBUG Image 5 class 3 - Iter 50 Feature loss: 0.0006199345225468278 TVLoss: 1.3687903881072998 l2Loss: 0.6568841338157654
2022-04-21 00:33:31,436 DEBUG Image 6 class 3 - Iter 50 Feature loss: 0.0006373281357809901 TVLoss: 1.3223133087158203 l2Loss: 0.653075635433197
2022-04-21 00:33:31,575 DEBUG Image 7 class 3 - Iter 50 Feature loss: 0.0007577646756544709 TVLoss: 1.3577443361282349 l2Loss: 0.6963086128234863
2022-04-21 00:33:31,713 DEBUG Image 8 class 3 - Iter 50 Feature loss: 0.0003700763627421111 TVLoss: 1.3254680633544922 l2Loss: 0.6928004026412964
2022-04-21 00:33:31,851 DEBUG Image 9 class 3 - Iter 50 Feature loss: 0.0011288706446066499 TVLoss: 1.2994277477264404 l2Loss: 0.673324465751648
2022-04-21 00:33:31,989 DEBUG Image 10 class 3 - Iter 50 Feature loss: 0.00016199229867197573 TVLoss: 1.2848882675170898 l2Loss: 0.6609259843826294
2022-04-21 00:33:32,127 DEBUG Image 11 class 3 - Iter 50 Feature loss: 0.0002411313180346042 TVLoss: 1.3932042121887207 l2Loss: 0.6696999073028564
2022-04-21 00:33:32,265 DEBUG Image 12 class 3 - Iter 50 Feature loss: 3.707340147229843e-05 TVLoss: 1.3433468341827393 l2Loss: 0.6790251135826111
2022-04-21 00:33:32,404 DEBUG Image 13 class 3 - Iter 50 Feature loss: 0.0008147019543685019 TVLoss: 1.3126349449157715 l2Loss: 0.6644302606582642
2022-04-21 00:33:32,542 DEBUG Image 14 class 3 - Iter 50 Feature loss: 0.0005739472107961774 TVLoss: 1.2940716743469238 l2Loss: 0.6829838752746582
2022-04-21 00:33:32,680 DEBUG Image 15 class 3 - Iter 50 Feature loss: 0.00043871314846910536 TVLoss: 1.3138372898101807 l2Loss: 0.6792927980422974
2022-04-21 00:33:32,818 DEBUG Image 16 class 3 - Iter 50 Feature loss: 0.0002488780301064253 TVLoss: 1.2557716369628906 l2Loss: 0.6627000570297241
2022-04-21 00:33:32,956 DEBUG Image 17 class 3 - Iter 50 Feature loss: 0.0002315968304174021 TVLoss: 1.280254602432251 l2Loss: 0.6668158769607544
2022-04-21 00:33:33,094 DEBUG Image 18 class 3 - Iter 50 Feature loss: 0.00034445550409145653 TVLoss: 1.311305284500122 l2Loss: 0.6522775888442993
2022-04-21 00:33:33,232 DEBUG Image 19 class 3 - Iter 50 Feature loss: 0.0003051292151212692 TVLoss: 1.2696850299835205 l2Loss: 0.6466202139854431
2022-04-21 00:33:33,370 DEBUG Image 0 class 4 - Iter 50 Feature loss: 0.0006958208978176117 TVLoss: 1.2741038799285889 l2Loss: 0.6413716077804565
2022-04-21 00:33:33,508 DEBUG Image 1 class 4 - Iter 50 Feature loss: 0.0005919373361393809 TVLoss: 1.269538402557373 l2Loss: 0.6556441187858582
2022-04-21 00:33:33,646 DEBUG Image 2 class 4 - Iter 50 Feature loss: 0.0005698964232578874 TVLoss: 1.356719970703125 l2Loss: 0.6825547218322754
2022-04-21 00:33:33,784 DEBUG Image 3 class 4 - Iter 50 Feature loss: 0.0006825978052802384 TVLoss: 1.2990553379058838 l2Loss: 0.6957219839096069
2022-04-21 00:33:33,922 DEBUG Image 4 class 4 - Iter 50 Feature loss: 0.0002983363519888371 TVLoss: 1.185011863708496 l2Loss: 0.6515350341796875
2022-04-21 00:33:34,061 DEBUG Image 5 class 4 - Iter 50 Feature loss: 0.0004612335760612041 TVLoss: 1.2717628479003906 l2Loss: 0.6756650805473328
2022-04-21 00:33:34,204 DEBUG Image 6 class 4 - Iter 50 Feature loss: 0.00039283663500100374 TVLoss: 1.3576269149780273 l2Loss: 0.6698883771896362
2022-04-21 00:33:34,347 DEBUG Image 7 class 4 - Iter 50 Feature loss: 0.0005560758872888982 TVLoss: 1.3102573156356812 l2Loss: 0.6670443415641785
2022-04-21 00:33:34,491 DEBUG Image 8 class 4 - Iter 50 Feature loss: 0.000439428084064275 TVLoss: 1.3375499248504639 l2Loss: 0.6670190095901489
2022-04-21 00:33:34,636 DEBUG Image 9 class 4 - Iter 50 Feature loss: 0.0006752118351869285 TVLoss: 1.346831202507019 l2Loss: 0.6814801096916199
2022-04-21 00:33:34,780 DEBUG Image 10 class 4 - Iter 50 Feature loss: 0.0003554189461283386 TVLoss: 1.2135674953460693 l2Loss: 0.647776186466217
2022-04-21 00:33:34,924 DEBUG Image 11 class 4 - Iter 50 Feature loss: 0.0008644896443001926 TVLoss: 1.2517075538635254 l2Loss: 0.682745635509491
2022-04-21 00:33:35,069 DEBUG Image 12 class 4 - Iter 50 Feature loss: 0.0006003961316309869 TVLoss: 1.3076763153076172 l2Loss: 0.6942107677459717
2022-04-21 00:33:35,218 DEBUG Image 13 class 4 - Iter 50 Feature loss: 0.00015746307326480746 TVLoss: 1.201097846031189 l2Loss: 0.6423354744911194
2022-04-21 00:33:35,359 DEBUG Image 14 class 4 - Iter 50 Feature loss: 0.0003327769518364221 TVLoss: 1.3037015199661255 l2Loss: 0.6541287899017334
2022-04-21 00:33:35,499 DEBUG Image 15 class 4 - Iter 50 Feature loss: 0.0001461399078834802 TVLoss: 1.311199426651001 l2Loss: 0.6476231813430786
2022-04-21 00:33:35,638 DEBUG Image 16 class 4 - Iter 50 Feature loss: 0.00021181246847845614 TVLoss: 1.1503543853759766 l2Loss: 0.6385840177536011
2022-04-21 00:33:35,777 DEBUG Image 17 class 4 - Iter 50 Feature loss: 0.0005741854547522962 TVLoss: 1.263049840927124 l2Loss: 0.6745859980583191
2022-04-21 00:33:35,915 DEBUG Image 18 class 4 - Iter 50 Feature loss: 0.0008206575294025242 TVLoss: 1.2000935077667236 l2Loss: 0.6627339720726013
2022-04-21 00:33:36,053 DEBUG Image 19 class 4 - Iter 50 Feature loss: 0.0005721600609831512 TVLoss: 1.209879755973816 l2Loss: 0.6729975938796997
2022-04-21 00:33:36,191 DEBUG Image 0 class 5 - Iter 50 Feature loss: 0.0004301338049117476 TVLoss: 1.1846551895141602 l2Loss: 0.620851457118988
2022-04-21 00:33:36,329 DEBUG Image 1 class 5 - Iter 50 Feature loss: 0.000568228424526751 TVLoss: 1.1929271221160889 l2Loss: 0.6191503405570984
2022-04-21 00:33:36,469 DEBUG Image 2 class 5 - Iter 50 Feature loss: 0.0005198557628318667 TVLoss: 1.2625731229782104 l2Loss: 0.656228244304657
2022-04-21 00:33:36,608 DEBUG Image 3 class 5 - Iter 50 Feature loss: 0.002303329762071371 TVLoss: 1.2542223930358887 l2Loss: 0.695093035697937
2022-04-21 00:33:36,746 DEBUG Image 4 class 5 - Iter 50 Feature loss: 0.0006467396160587668 TVLoss: 1.2222673892974854 l2Loss: 0.6373066902160645
2022-04-21 00:33:36,884 DEBUG Image 5 class 5 - Iter 50 Feature loss: 0.001025627483613789 TVLoss: 1.2309527397155762 l2Loss: 0.6334807276725769
2022-04-21 00:33:37,022 DEBUG Image 6 class 5 - Iter 50 Feature loss: 0.0005881248507648706 TVLoss: 1.2004010677337646 l2Loss: 0.6375457048416138
2022-04-21 00:33:37,161 DEBUG Image 7 class 5 - Iter 50 Feature loss: 0.0008649660157971084 TVLoss: 1.2066529989242554 l2Loss: 0.6435578465461731
2022-04-21 00:33:37,299 DEBUG Image 8 class 5 - Iter 50 Feature loss: 0.0005673944251611829 TVLoss: 1.139351725578308 l2Loss: 0.5985192656517029
2022-04-21 00:33:37,438 DEBUG Image 9 class 5 - Iter 50 Feature loss: 0.000532008707523346 TVLoss: 1.2104628086090088 l2Loss: 0.6651231646537781
2022-04-21 00:33:37,576 DEBUG Image 10 class 5 - Iter 50 Feature loss: 0.0018154582940042019 TVLoss: 1.2636083364486694 l2Loss: 0.6464641094207764
2022-04-21 00:33:37,714 DEBUG Image 11 class 5 - Iter 50 Feature loss: 0.0005915798828937113 TVLoss: 1.2604560852050781 l2Loss: 0.6306710243225098
2022-04-21 00:33:37,852 DEBUG Image 12 class 5 - Iter 50 Feature loss: 0.0003349220205564052 TVLoss: 1.213895320892334 l2Loss: 0.660513162612915
2022-04-21 00:33:37,991 DEBUG Image 13 class 5 - Iter 50 Feature loss: 0.0006640136707574129 TVLoss: 1.170175313949585 l2Loss: 0.6252135634422302
2022-04-21 00:33:38,128 DEBUG Image 14 class 5 - Iter 50 Feature loss: 0.0004906642716377974 TVLoss: 1.2495055198669434 l2Loss: 0.6377036571502686
2022-04-21 00:33:38,266 DEBUG Image 15 class 5 - Iter 50 Feature loss: 0.0005601267330348492 TVLoss: 1.2293270826339722 l2Loss: 0.6386203169822693
2022-04-21 00:33:38,413 DEBUG Image 16 class 5 - Iter 50 Feature loss: 0.000691770575940609 TVLoss: 1.209681749343872 l2Loss: 0.634674608707428
2022-04-21 00:33:38,559 DEBUG Image 17 class 5 - Iter 50 Feature loss: 0.0007976687629707158 TVLoss: 1.2123966217041016 l2Loss: 0.6263965368270874
2022-04-21 00:33:38,702 DEBUG Image 18 class 5 - Iter 50 Feature loss: 0.0007717015105299652 TVLoss: 1.2075765132904053 l2Loss: 0.6171656250953674
2022-04-21 00:33:38,845 DEBUG Image 19 class 5 - Iter 50 Feature loss: 0.0005115154199302197 TVLoss: 1.2667847871780396 l2Loss: 0.6355229616165161
2022-04-21 00:33:38,988 DEBUG Image 0 class 6 - Iter 50 Feature loss: 4.9828242481453344e-05 TVLoss: 1.1983311176300049 l2Loss: 0.6304143071174622
2022-04-21 00:33:39,131 DEBUG Image 1 class 6 - Iter 50 Feature loss: 3.731181277544238e-05 TVLoss: 1.1090569496154785 l2Loss: 0.6064205169677734
2022-04-21 00:33:39,273 DEBUG Image 2 class 6 - Iter 50 Feature loss: 0.00018940561858471483 TVLoss: 1.357081413269043 l2Loss: 0.683904767036438
2022-04-21 00:33:39,416 DEBUG Image 3 class 6 - Iter 50 Feature loss: 7.748573807475623e-06 TVLoss: 0.48975875973701477 l2Loss: 0.3858616352081299
2022-04-21 00:33:39,559 DEBUG Image 4 class 6 - Iter 50 Feature loss: 0.0001209901092806831 TVLoss: 1.2945451736450195 l2Loss: 0.6795834302902222
2022-04-21 00:33:39,701 DEBUG Image 5 class 6 - Iter 50 Feature loss: 8.4638240878121e-06 TVLoss: 0.4610113501548767 l2Loss: 0.38718971610069275
2022-04-21 00:33:39,844 DEBUG Image 6 class 6 - Iter 50 Feature loss: 0.00017987063620239496 TVLoss: 1.3998198509216309 l2Loss: 0.681038498878479
2022-04-21 00:33:39,986 DEBUG Image 7 class 6 - Iter 50 Feature loss: 2.8729025871143676e-05 TVLoss: 0.8791899085044861 l2Loss: 0.5501989126205444
2022-04-21 00:33:40,129 DEBUG Image 8 class 6 - Iter 50 Feature loss: 0.00022075122979003936 TVLoss: 1.3745906352996826 l2Loss: 0.6808618307113647
2022-04-21 00:33:40,271 DEBUG Image 9 class 6 - Iter 50 Feature loss: 0.00025650550378486514 TVLoss: 1.3701856136322021 l2Loss: 0.6671895980834961
2022-04-21 00:33:40,411 DEBUG Image 10 class 6 - Iter 50 Feature loss: 0.0001998939987970516 TVLoss: 1.3452239036560059 l2Loss: 0.6653211116790771
2022-04-21 00:33:40,550 DEBUG Image 11 class 6 - Iter 50 Feature loss: 7.867782187531702e-06 TVLoss: 0.5496178865432739 l2Loss: 0.4183589816093445
2022-04-21 00:33:40,689 DEBUG Image 12 class 6 - Iter 50 Feature loss: 0.00025149996508844197 TVLoss: 1.3549387454986572 l2Loss: 0.6884798407554626
2022-04-21 00:33:40,827 DEBUG Image 13 class 6 - Iter 50 Feature loss: 0.00012659224739763886 TVLoss: 1.268944501876831 l2Loss: 0.646653950214386
2022-04-21 00:33:40,966 DEBUG Image 14 class 6 - Iter 50 Feature loss: 2.1576648578047752e-05 TVLoss: 0.8982338905334473 l2Loss: 0.5257617831230164
2022-04-21 00:33:41,104 DEBUG Image 15 class 6 - Iter 50 Feature loss: 0.0001567479339428246 TVLoss: 1.261805772781372 l2Loss: 0.6600813269615173
2022-04-21 00:33:41,242 DEBUG Image 16 class 6 - Iter 50 Feature loss: 9.703165414975956e-05 TVLoss: 1.2814818620681763 l2Loss: 0.6436213850975037
2022-04-21 00:33:41,380 DEBUG Image 17 class 6 - Iter 50 Feature loss: 0.0001174142598756589 TVLoss: 1.2219109535217285 l2Loss: 0.6386522054672241
2022-04-21 00:33:41,519 DEBUG Image 18 class 6 - Iter 50 Feature loss: 5.5549986427649856e-05 TVLoss: 1.0750086307525635 l2Loss: 0.630215585231781
2022-04-21 00:33:41,658 DEBUG Image 19 class 6 - Iter 50 Feature loss: 0.000409161759307608 TVLoss: 1.3170592784881592 l2Loss: 0.676120936870575
2022-04-21 00:33:41,805 DEBUG Image 0 class 7 - Iter 50 Feature loss: 0.0011794761521741748 TVLoss: 1.3476595878601074 l2Loss: 0.7042033672332764
2022-04-21 00:33:41,944 DEBUG Image 1 class 7 - Iter 50 Feature loss: 0.0012380562257021666 TVLoss: 1.297454833984375 l2Loss: 0.690811812877655
2022-04-21 00:33:42,082 DEBUG Image 2 class 7 - Iter 50 Feature loss: 0.0010313435923308134 TVLoss: 1.3270823955535889 l2Loss: 0.6995164752006531
2022-04-21 00:33:42,220 DEBUG Image 3 class 7 - Iter 50 Feature loss: 0.000754786713514477 TVLoss: 1.2088725566864014 l2Loss: 0.6554775834083557
2022-04-21 00:33:42,359 DEBUG Image 4 class 7 - Iter 50 Feature loss: 0.0002571013756096363 TVLoss: 1.1153075695037842 l2Loss: 0.6334038972854614
2022-04-21 00:33:42,497 DEBUG Image 5 class 7 - Iter 50 Feature loss: 0.001257224939763546 TVLoss: 1.3814587593078613 l2Loss: 0.7129278182983398
2022-04-21 00:33:42,636 DEBUG Image 6 class 7 - Iter 50 Feature loss: 0.0010126468259841204 TVLoss: 1.301734209060669 l2Loss: 0.6731899976730347
2022-04-21 00:33:42,778 DEBUG Image 7 class 7 - Iter 50 Feature loss: 0.0003233625029679388 TVLoss: 1.3212382793426514 l2Loss: 0.7146214842796326
2022-04-21 00:33:42,916 DEBUG Image 8 class 7 - Iter 50 Feature loss: 0.0008405489497818053 TVLoss: 1.1991820335388184 l2Loss: 0.6436659693717957
2022-04-21 00:33:43,055 DEBUG Image 9 class 7 - Iter 50 Feature loss: 0.00039152585668489337 TVLoss: 1.2549790143966675 l2Loss: 0.6879085302352905
2022-04-21 00:33:43,193 DEBUG Image 10 class 7 - Iter 50 Feature loss: 0.0010350352386012673 TVLoss: 1.2492389678955078 l2Loss: 0.6615452766418457
2022-04-21 00:33:43,331 DEBUG Image 11 class 7 - Iter 50 Feature loss: 0.0006621075444854796 TVLoss: 1.2486002445220947 l2Loss: 0.6964534521102905
2022-04-21 00:33:43,469 DEBUG Image 12 class 7 - Iter 50 Feature loss: 0.0004605186404660344 TVLoss: 1.2794909477233887 l2Loss: 0.6953029036521912
2022-04-21 00:33:43,608 DEBUG Image 13 class 7 - Iter 50 Feature loss: 0.0007273888913914561 TVLoss: 1.3249588012695312 l2Loss: 0.709575355052948
2022-04-21 00:33:43,745 DEBUG Image 14 class 7 - Iter 50 Feature loss: 0.0006266061100177467 TVLoss: 1.247036337852478 l2Loss: 0.6654940843582153
2022-04-21 00:33:43,883 DEBUG Image 15 class 7 - Iter 50 Feature loss: 0.0004366874636616558 TVLoss: 1.2450190782546997 l2Loss: 0.6735691428184509
2022-04-21 00:33:44,021 DEBUG Image 16 class 7 - Iter 50 Feature loss: 0.00040368037298321724 TVLoss: 1.2202476263046265 l2Loss: 0.6664875745773315
2022-04-21 00:33:44,160 DEBUG Image 17 class 7 - Iter 50 Feature loss: 0.0007753941463306546 TVLoss: 1.1781145334243774 l2Loss: 0.6764965057373047
2022-04-21 00:33:44,297 DEBUG Image 18 class 7 - Iter 50 Feature loss: 0.0007123793475329876 TVLoss: 1.3235359191894531 l2Loss: 0.7237700819969177
2022-04-21 00:33:44,436 DEBUG Image 19 class 7 - Iter 50 Feature loss: 0.0006149308173917234 TVLoss: 1.3510515689849854 l2Loss: 0.6879791021347046
2022-04-21 00:33:44,574 DEBUG Image 0 class 8 - Iter 50 Feature loss: 0.0008897398365661502 TVLoss: 1.232973337173462 l2Loss: 0.6612944602966309
2022-04-21 00:33:44,712 DEBUG Image 1 class 8 - Iter 50 Feature loss: 0.0009648911654949188 TVLoss: 1.3146600723266602 l2Loss: 0.6744596362113953
2022-04-21 00:33:44,851 DEBUG Image 2 class 8 - Iter 50 Feature loss: 0.0014432977186515927 TVLoss: 1.2772331237792969 l2Loss: 0.6610570549964905
2022-04-21 00:33:44,990 DEBUG Image 3 class 8 - Iter 50 Feature loss: 0.0018283093813806772 TVLoss: 1.4706718921661377 l2Loss: 0.7283543944358826
2022-04-21 00:33:45,140 DEBUG Image 4 class 8 - Iter 50 Feature loss: 0.0011458981316536665 TVLoss: 1.370590090751648 l2Loss: 0.7212046384811401
2022-04-21 00:33:45,284 DEBUG Image 5 class 8 - Iter 50 Feature loss: 0.001046348363161087 TVLoss: 1.3213756084442139 l2Loss: 0.673607587814331
2022-04-21 00:33:45,428 DEBUG Image 6 class 8 - Iter 50 Feature loss: 0.0022386270575225353 TVLoss: 1.4759036302566528 l2Loss: 0.7450766563415527
2022-04-21 00:33:45,568 DEBUG Image 7 class 8 - Iter 50 Feature loss: 0.0019740634597837925 TVLoss: 1.2806603908538818 l2Loss: 0.6811600923538208
2022-04-21 00:33:45,706 DEBUG Image 8 class 8 - Iter 50 Feature loss: 0.0012474621180444956 TVLoss: 1.3901138305664062 l2Loss: 0.7015271186828613
2022-04-21 00:33:45,845 DEBUG Image 9 class 8 - Iter 50 Feature loss: 0.0005727558163926005 TVLoss: 1.3681187629699707 l2Loss: 0.6939250826835632
2022-04-21 00:33:45,985 DEBUG Image 10 class 8 - Iter 50 Feature loss: 0.002291793003678322 TVLoss: 1.2780425548553467 l2Loss: 0.6898610591888428
2022-04-21 00:33:46,123 DEBUG Image 11 class 8 - Iter 50 Feature loss: 0.0006696127820760012 TVLoss: 1.2837300300598145 l2Loss: 0.6816062927246094
2022-04-21 00:33:46,262 DEBUG Image 12 class 8 - Iter 50 Feature loss: 0.0007353700930252671 TVLoss: 1.2886247634887695 l2Loss: 0.6882604956626892
2022-04-21 00:33:46,400 DEBUG Image 13 class 8 - Iter 50 Feature loss: 0.0013423488708212972 TVLoss: 1.3685534000396729 l2Loss: 0.7077126502990723
2022-04-21 00:33:46,539 DEBUG Image 14 class 8 - Iter 50 Feature loss: 0.0013615157222375274 TVLoss: 1.3553069829940796 l2Loss: 0.6979680061340332
2022-04-21 00:33:46,678 DEBUG Image 15 class 8 - Iter 50 Feature loss: 0.0010112178279086947 TVLoss: 1.2991151809692383 l2Loss: 0.6867226362228394
2022-04-21 00:33:46,817 DEBUG Image 16 class 8 - Iter 50 Feature loss: 0.0012885371688753366 TVLoss: 1.3077938556671143 l2Loss: 0.6825100183486938
2022-04-21 00:33:46,956 DEBUG Image 17 class 8 - Iter 50 Feature loss: 0.0008008848526515067 TVLoss: 1.3586567640304565 l2Loss: 0.6929349899291992
2022-04-21 00:33:47,094 DEBUG Image 18 class 8 - Iter 50 Feature loss: 0.0015530440723523498 TVLoss: 1.3048975467681885 l2Loss: 0.6706365346908569
2022-04-21 00:33:47,233 DEBUG Image 19 class 8 - Iter 50 Feature loss: 0.0009565545478835702 TVLoss: 1.3710508346557617 l2Loss: 0.7034058570861816
2022-04-21 00:33:47,371 DEBUG Image 0 class 9 - Iter 50 Feature loss: 0.0004913791781291366 TVLoss: 1.2269903421401978 l2Loss: 0.6961996555328369
2022-04-21 00:33:47,510 DEBUG Image 1 class 9 - Iter 50 Feature loss: 5.8053239627042785e-05 TVLoss: 1.2795805931091309 l2Loss: 0.6875333189964294
2022-04-21 00:33:47,649 DEBUG Image 2 class 9 - Iter 50 Feature loss: 0.0003904534096363932 TVLoss: 1.2605440616607666 l2Loss: 0.6910170316696167
2022-04-21 00:33:47,787 DEBUG Image 3 class 9 - Iter 50 Feature loss: 0.000653411028906703 TVLoss: 1.2990748882293701 l2Loss: 0.69127357006073
2022-04-21 00:33:47,926 DEBUG Image 4 class 9 - Iter 50 Feature loss: 0.0003634030872490257 TVLoss: 1.3972346782684326 l2Loss: 0.7156766653060913
2022-04-21 00:33:48,065 DEBUG Image 5 class 9 - Iter 50 Feature loss: 0.0005498804384842515 TVLoss: 1.2532672882080078 l2Loss: 0.7066965103149414
2022-04-21 00:33:48,203 DEBUG Image 6 class 9 - Iter 50 Feature loss: 0.0012860370334237814 TVLoss: 1.2528386116027832 l2Loss: 0.6743435859680176
2022-04-21 00:33:48,346 DEBUG Image 7 class 9 - Iter 50 Feature loss: 0.0006107610533945262 TVLoss: 1.2614212036132812 l2Loss: 0.6907573938369751
2022-04-21 00:33:48,496 DEBUG Image 8 class 9 - Iter 50 Feature loss: 0.00012492353562265635 TVLoss: 1.2738451957702637 l2Loss: 0.6817411184310913
2022-04-21 00:33:48,635 DEBUG Image 9 class 9 - Iter 50 Feature loss: 0.0008880723617039621 TVLoss: 1.209155559539795 l2Loss: 0.6652030944824219
2022-04-21 00:33:48,774 DEBUG Image 10 class 9 - Iter 50 Feature loss: 0.0007213136414065957 TVLoss: 1.2272472381591797 l2Loss: 0.6744782328605652
2022-04-21 00:33:48,913 DEBUG Image 11 class 9 - Iter 50 Feature loss: 0.00012957210128661245 TVLoss: 1.3500231504440308 l2Loss: 0.708019495010376
2022-04-21 00:33:49,052 DEBUG Image 12 class 9 - Iter 50 Feature loss: 0.001013361383229494 TVLoss: 1.3185384273529053 l2Loss: 0.7094355821609497
2022-04-21 00:33:49,191 DEBUG Image 13 class 9 - Iter 50 Feature loss: 9.321732068201527e-05 TVLoss: 1.4019144773483276 l2Loss: 0.71808922290802
2022-04-21 00:33:49,329 DEBUG Image 14 class 9 - Iter 50 Feature loss: 0.00045372682507149875 TVLoss: 1.230316162109375 l2Loss: 0.6564582586288452
2022-04-21 00:33:49,468 DEBUG Image 15 class 9 - Iter 50 Feature loss: 9.417090768693015e-05 TVLoss: 1.3007760047912598 l2Loss: 0.7043439745903015
2022-04-21 00:33:49,607 DEBUG Image 16 class 9 - Iter 50 Feature loss: 0.0006144542712718248 TVLoss: 1.2382652759552002 l2Loss: 0.6731974482536316
2022-04-21 00:33:49,746 DEBUG Image 17 class 9 - Iter 50 Feature loss: 0.0008397151832468808 TVLoss: 1.2987005710601807 l2Loss: 0.6902861595153809
2022-04-21 00:33:49,885 DEBUG Image 18 class 9 - Iter 50 Feature loss: 0.0004931663861498237 TVLoss: 1.1232264041900635 l2Loss: 0.6604093909263611
2022-04-21 00:33:50,024 DEBUG Image 19 class 9 - Iter 50 Feature loss: 0.0008232779800891876 TVLoss: 1.2663096189498901 l2Loss: 0.6853785514831543
2022-04-21 00:33:50,577 DEBUG epoch: 0, val_acc: 12.27
2022-04-21 00:33:51,405 DEBUG epoch: 1, train_acc: 11.154513359069824, val_acc: 13.11, acc_loss: 2.3027355670928955, grad_loss: None
2022-04-21 00:33:52,255 DEBUG epoch: 2, train_acc: 9.635416507720947, val_acc: 10.05, acc_loss: 2.302956223487854, grad_loss: None
2022-04-21 00:33:53,075 DEBUG epoch: 3, train_acc: 10.63368034362793, val_acc: 13.86, acc_loss: 2.3022249937057495, grad_loss: None
2022-04-21 00:33:53,853 DEBUG epoch: 4, train_acc: 13.671875, val_acc: 11.54, acc_loss: 2.3012722730636597, grad_loss: None
2022-04-21 00:33:54,646 DEBUG epoch: 5, train_acc: 11.02430534362793, val_acc: 14.04, acc_loss: 2.3007972240448, grad_loss: None
2022-04-21 00:33:55,476 DEBUG epoch: 6, train_acc: 16.015625, val_acc: 14.9, acc_loss: 2.3004342317581177, grad_loss: None
2022-04-21 00:33:56,253 DEBUG epoch: 7, train_acc: 9.809027671813965, val_acc: 14.27, acc_loss: 2.2999439239501953, grad_loss: None
2022-04-21 00:33:57,073 DEBUG epoch: 8, train_acc: 9.331597089767456, val_acc: 14.33, acc_loss: 2.2995033264160156, grad_loss: None
2022-04-21 00:33:57,885 DEBUG epoch: 9, train_acc: 21.006943702697754, val_acc: 10.56, acc_loss: 2.2994993925094604, grad_loss: None
2022-04-21 00:33:58,697 DEBUG epoch: 10, train_acc: 15.885416507720947, val_acc: 8.35, acc_loss: 2.2983603477478027, grad_loss: None
2022-04-21 00:33:59,510 DEBUG epoch: 11, train_acc: 15.451388359069824, val_acc: 8.58, acc_loss: 2.2982040643692017, grad_loss: None
2022-04-21 00:34:00,325 DEBUG epoch: 12, train_acc: 32.03125, val_acc: 14.1, acc_loss: 2.298125982284546, grad_loss: None
2022-04-21 00:34:01,124 DEBUG epoch: 13, train_acc: 15.451388359069824, val_acc: 12.67, acc_loss: 2.2964528799057007, grad_loss: None
2022-04-21 00:34:01,906 DEBUG epoch: 14, train_acc: 20.48611068725586, val_acc: 11.34, acc_loss: 2.2953295707702637, grad_loss: None
2022-04-21 00:34:02,700 DEBUG epoch: 15, train_acc: 21.83159637451172, val_acc: 9.73, acc_loss: 2.296543598175049, grad_loss: None
2022-04-21 00:34:03,526 DEBUG epoch: 16, train_acc: 21.875, val_acc: 8.73, acc_loss: 2.2932143211364746, grad_loss: None
2022-04-21 00:34:04,346 DEBUG epoch: 17, train_acc: 21.614583015441895, val_acc: 8.92, acc_loss: 2.293742299079895, grad_loss: None
2022-04-21 00:34:05,169 DEBUG epoch: 18, train_acc: 15.972222089767456, val_acc: 10.03, acc_loss: 2.292914032936096, grad_loss: None
2022-04-21 00:34:06,000 DEBUG epoch: 19, train_acc: 15.625, val_acc: 11.49, acc_loss: 2.2905220985412598, grad_loss: None
2022-04-21 00:34:06,789 DEBUG epoch: 20, train_acc: 22.569443702697754, val_acc: 10.5, acc_loss: 2.288328528404236, grad_loss: None
2022-04-21 00:34:07,601 DEBUG epoch: 21, train_acc: 26.73611068725586, val_acc: 11.78, acc_loss: 2.28705370426178, grad_loss: None
2022-04-21 00:34:08,395 DEBUG epoch: 22, train_acc: 17.925347089767456, val_acc: 13.29, acc_loss: 2.2885143756866455, grad_loss: None
2022-04-21 00:34:09,226 DEBUG epoch: 23, train_acc: 15.104166507720947, val_acc: 12.72, acc_loss: 2.2845643758773804, grad_loss: None
2022-04-21 00:34:10,022 DEBUG epoch: 24, train_acc: 15.972221374511719, val_acc: 12.07, acc_loss: 2.2821468114852905, grad_loss: None
2022-04-21 00:34:10,833 DEBUG epoch: 25, train_acc: 25.998262405395508, val_acc: 12.11, acc_loss: 2.2793712615966797, grad_loss: None
2022-04-21 00:34:11,626 DEBUG epoch: 26, train_acc: 18.359375, val_acc: 12.29, acc_loss: 2.2766376733779907, grad_loss: None
2022-04-21 00:34:12,468 DEBUG epoch: 27, train_acc: 23.78472137451172, val_acc: 10.02, acc_loss: 2.276685118675232, grad_loss: None
2022-04-21 00:34:13,294 DEBUG epoch: 28, train_acc: 13.932291030883789, val_acc: 10.0, acc_loss: 2.2697067260742188, grad_loss: None
2022-04-21 00:34:14,101 DEBUG epoch: 29, train_acc: 25.607637405395508, val_acc: 13.01, acc_loss: 2.262630820274353, grad_loss: None
2022-04-21 00:34:14,916 DEBUG epoch: 30, train_acc: 27.77777671813965, val_acc: 10.14, acc_loss: 2.256360411643982, grad_loss: None
2022-04-21 00:34:15,737 DEBUG epoch: 31, train_acc: 43.14236068725586, val_acc: 10.94, acc_loss: 2.2426676750183105, grad_loss: None
2022-04-21 00:34:16,572 DEBUG epoch: 32, train_acc: 28.08159637451172, val_acc: 11.64, acc_loss: 2.2221966981887817, grad_loss: None
2022-04-21 00:34:17,373 DEBUG epoch: 33, train_acc: 21.26736068725586, val_acc: 14.13, acc_loss: 2.2093536853790283, grad_loss: None
2022-04-21 00:34:18,180 DEBUG epoch: 34, train_acc: 8.637152671813965, val_acc: 10.0, acc_loss: 2.358298897743225, grad_loss: None
2022-04-21 00:34:18,970 DEBUG epoch: 35, train_acc: 9.93923568725586, val_acc: 12.93, acc_loss: 2.3302674293518066, grad_loss: None
2022-04-21 00:34:19,796 DEBUG epoch: 36, train_acc: 9.114583253860474, val_acc: 9.99, acc_loss: 2.314139246940613, grad_loss: None
2022-04-21 00:34:20,613 DEBUG epoch: 37, train_acc: 9.331597089767456, val_acc: 8.98, acc_loss: 2.303990602493286, grad_loss: None
2022-04-21 00:34:21,439 DEBUG epoch: 38, train_acc: 10.24305534362793, val_acc: 12.48, acc_loss: 2.3055895566940308, grad_loss: None
2022-04-21 00:34:22,262 DEBUG epoch: 39, train_acc: 9.635416507720947, val_acc: 10.01, acc_loss: 2.3038382530212402, grad_loss: None
2022-04-21 00:34:23,040 DEBUG epoch: 40, train_acc: 10.24305534362793, val_acc: 10.0, acc_loss: 2.303060293197632, grad_loss: None
2022-04-21 00:34:23,859 DEBUG epoch: 41, train_acc: 10.546875, val_acc: 10.0, acc_loss: 2.301559090614319, grad_loss: None
2022-04-21 00:34:24,638 DEBUG epoch: 42, train_acc: 10.24305534362793, val_acc: 10.0, acc_loss: 2.3030714988708496, grad_loss: None
2022-04-21 00:34:25,425 DEBUG epoch: 43, train_acc: 9.331597089767456, val_acc: 10.0, acc_loss: 2.3033504486083984, grad_loss: None
2022-04-21 00:34:26,250 DEBUG epoch: 44, train_acc: 10.546875, val_acc: 9.74, acc_loss: 2.301986575126648, grad_loss: None
2022-04-21 00:34:27,063 DEBUG epoch: 45, train_acc: 9.418402671813965, val_acc: 10.23, acc_loss: 2.3020119667053223, grad_loss: None
2022-04-21 00:34:27,851 DEBUG epoch: 46, train_acc: 10.9375, val_acc: 10.21, acc_loss: 2.302323579788208, grad_loss: None
2022-04-21 00:34:28,647 DEBUG epoch: 47, train_acc: 10.850694179534912, val_acc: 10.08, acc_loss: 2.300230860710144, grad_loss: None
2022-04-21 00:34:29,475 DEBUG epoch: 48, train_acc: 10.546875, val_acc: 9.98, acc_loss: 2.300148129463196, grad_loss: None
2022-04-21 00:34:30,320 DEBUG epoch: 49, train_acc: 10.24305534362793, val_acc: 10.0, acc_loss: 2.3004918098449707, grad_loss: None
2022-04-21 00:34:31,112 DEBUG epoch: 50, train_acc: 9.635416507720947, val_acc: 10.34, acc_loss: 2.301444172859192, grad_loss: None
2022-04-21 00:34:31,925 DEBUG epoch: 51, train_acc: 9.93923568725586, val_acc: 10.05, acc_loss: 2.2992024421691895, grad_loss: None
2022-04-21 00:34:32,740 DEBUG epoch: 52, train_acc: 13.194444179534912, val_acc: 10.95, acc_loss: 2.3009108304977417, grad_loss: None
2022-04-21 00:34:33,535 DEBUG epoch: 53, train_acc: 9.635416507720947, val_acc: 11.36, acc_loss: 2.2990206480026245, grad_loss: None
2022-04-21 00:34:34,358 DEBUG epoch: 54, train_acc: 7.682291507720947, val_acc: 10.08, acc_loss: 2.2980856895446777, grad_loss: None
2022-04-21 00:34:35,188 DEBUG epoch: 55, train_acc: 16.015625, val_acc: 10.26, acc_loss: 2.298038959503174, grad_loss: None
2022-04-21 00:34:36,018 DEBUG epoch: 56, train_acc: 9.331597089767456, val_acc: 9.84, acc_loss: 2.302125930786133, grad_loss: None
2022-04-21 00:34:36,831 DEBUG epoch: 57, train_acc: 13.020833015441895, val_acc: 10.14, acc_loss: 2.2984472513198853, grad_loss: None
2022-04-21 00:34:37,635 DEBUG epoch: 58, train_acc: 9.418402671813965, val_acc: 12.51, acc_loss: 2.2974634170532227, grad_loss: None
2022-04-21 00:34:38,412 DEBUG epoch: 59, train_acc: 12.803819179534912, val_acc: 12.39, acc_loss: 2.2965173721313477, grad_loss: None
2022-04-21 00:34:39,220 DEBUG epoch: 60, train_acc: 11.71875, val_acc: 12.94, acc_loss: 2.295572280883789, grad_loss: None
2022-04-21 00:34:40,003 DEBUG epoch: 61, train_acc: 11.71875, val_acc: 13.1, acc_loss: 2.295284628868103, grad_loss: None
2022-04-21 00:34:40,803 DEBUG epoch: 62, train_acc: 11.11111068725586, val_acc: 13.15, acc_loss: 2.2942157983779907, grad_loss: None
2022-04-21 00:34:41,610 DEBUG epoch: 63, train_acc: 12.630208015441895, val_acc: 13.2, acc_loss: 2.2935227155685425, grad_loss: None
2022-04-21 00:34:42,432 DEBUG epoch: 64, train_acc: 11.11111068725586, val_acc: 13.11, acc_loss: 2.293565034866333, grad_loss: None
2022-04-21 00:34:43,233 DEBUG epoch: 65, train_acc: 11.71875, val_acc: 13.21, acc_loss: 2.2945456504821777, grad_loss: None
2022-04-21 00:34:44,034 DEBUG epoch: 66, train_acc: 11.50173568725586, val_acc: 13.15, acc_loss: 2.293589472770691, grad_loss: None
2022-04-21 00:34:44,823 DEBUG epoch: 67, train_acc: 13.107638359069824, val_acc: 13.12, acc_loss: 2.2929221391677856, grad_loss: None
2022-04-21 00:34:45,679 DEBUG epoch: 68, train_acc: 13.107638359069824, val_acc: 12.92, acc_loss: 2.292755365371704, grad_loss: None
2022-04-21 00:34:46,503 DEBUG epoch: 69, train_acc: 12.803819179534912, val_acc: 12.68, acc_loss: 2.292476534843445, grad_loss: None
2022-04-21 00:34:47,294 DEBUG epoch: 70, train_acc: 11.588541507720947, val_acc: 13.14, acc_loss: 2.29257595539093, grad_loss: None
2022-04-21 00:34:48,100 DEBUG epoch: 71, train_acc: 13.107638359069824, val_acc: 13.31, acc_loss: 2.2921372652053833, grad_loss: None
2022-04-21 00:34:48,897 DEBUG epoch: 72, train_acc: 18.489583015441895, val_acc: 13.13, acc_loss: 2.2927950620651245, grad_loss: None
2022-04-21 00:34:49,742 DEBUG epoch: 73, train_acc: 13.932291507720947, val_acc: 13.45, acc_loss: 2.2923593521118164, grad_loss: None
2022-04-21 00:34:50,556 DEBUG epoch: 74, train_acc: 12.58680534362793, val_acc: 12.57, acc_loss: 2.292741298675537, grad_loss: None
2022-04-21 00:34:51,402 DEBUG epoch: 75, train_acc: 17.447916507720947, val_acc: 13.48, acc_loss: 2.292692542076111, grad_loss: None
2022-04-21 00:34:52,233 DEBUG epoch: 76, train_acc: 19.22743034362793, val_acc: 13.17, acc_loss: 2.290362596511841, grad_loss: None
2022-04-21 00:34:53,058 DEBUG epoch: 77, train_acc: 17.92534637451172, val_acc: 13.4, acc_loss: 2.2900248765945435, grad_loss: None
2022-04-21 00:34:53,835 DEBUG epoch: 78, train_acc: 14.366319179534912, val_acc: 13.27, acc_loss: 2.2888762950897217, grad_loss: None
2022-04-21 00:34:54,621 DEBUG epoch: 79, train_acc: 11.50173568725586, val_acc: 13.13, acc_loss: 2.289392113685608, grad_loss: None
2022-04-21 00:34:55,408 DEBUG epoch: 80, train_acc: 14.670138359069824, val_acc: 12.83, acc_loss: 2.290036678314209, grad_loss: None
2022-04-21 00:34:56,250 DEBUG epoch: 81, train_acc: 20.00868034362793, val_acc: 12.53, acc_loss: 2.2878719568252563, grad_loss: None
2022-04-21 00:34:57,044 DEBUG epoch: 82, train_acc: 11.11111068725586, val_acc: 12.08, acc_loss: 2.2871049642562866, grad_loss: None
2022-04-21 00:34:57,840 DEBUG epoch: 83, train_acc: 10.416666507720947, val_acc: 12.55, acc_loss: 2.2870880365371704, grad_loss: None
2022-04-21 00:34:58,628 DEBUG epoch: 84, train_acc: 16.57986068725586, val_acc: 13.59, acc_loss: 2.2873034477233887, grad_loss: None
2022-04-21 00:34:59,469 DEBUG epoch: 85, train_acc: 13.498263359069824, val_acc: 13.46, acc_loss: 2.2852004766464233, grad_loss: None
2022-04-21 00:35:00,331 DEBUG epoch: 86, train_acc: 11.02430534362793, val_acc: 13.63, acc_loss: 2.28547465801239, grad_loss: None
2022-04-21 00:35:01,112 DEBUG epoch: 87, train_acc: 11.71875, val_acc: 13.82, acc_loss: 2.284474015235901, grad_loss: None
2022-04-21 00:35:01,913 DEBUG epoch: 88, train_acc: 11.71875, val_acc: 14.49, acc_loss: 2.2838919162750244, grad_loss: None
2022-04-21 00:35:02,709 DEBUG epoch: 89, train_acc: 12.803819179534912, val_acc: 14.99, acc_loss: 2.2839062213897705, grad_loss: None
2022-04-21 00:35:03,537 DEBUG epoch: 90, train_acc: 12.890625, val_acc: 14.85, acc_loss: 2.282885432243347, grad_loss: None
2022-04-21 00:35:04,362 DEBUG epoch: 91, train_acc: 13.107638359069824, val_acc: 14.65, acc_loss: 2.2816171646118164, grad_loss: None
2022-04-21 00:35:05,175 DEBUG epoch: 92, train_acc: 13.107638359069824, val_acc: 14.26, acc_loss: 2.279905080795288, grad_loss: None
2022-04-21 00:35:06,008 DEBUG epoch: 93, train_acc: 12.803819179534912, val_acc: 13.96, acc_loss: 2.281533360481262, grad_loss: None
2022-04-21 00:35:06,796 DEBUG epoch: 94, train_acc: 12.803819179534912, val_acc: 14.27, acc_loss: 2.2780566215515137, grad_loss: None
2022-04-21 00:35:07,620 DEBUG epoch: 95, train_acc: 11.89236068725586, val_acc: 14.28, acc_loss: 2.277770161628723, grad_loss: None
2022-04-21 00:35:08,425 DEBUG epoch: 96, train_acc: 12.19618034362793, val_acc: 14.3, acc_loss: 2.2762691974639893, grad_loss: None
2022-04-21 00:35:09,221 DEBUG epoch: 97, train_acc: 14.192708015441895, val_acc: 14.58, acc_loss: 2.2741425037384033, grad_loss: None
2022-04-21 00:35:10,030 DEBUG epoch: 98, train_acc: 15.755208015441895, val_acc: 14.0, acc_loss: 2.272668480873108, grad_loss: None
2022-04-21 00:35:10,857 DEBUG epoch: 99, train_acc: 12.58680534362793, val_acc: 13.37, acc_loss: 2.273236036300659, grad_loss: None
2022-04-21 00:35:11,658 DEBUG epoch: 100, train_acc: 12.19618034362793, val_acc: 13.62, acc_loss: 2.269501566886902, grad_loss: None
2022-04-21 00:35:12,478 DEBUG epoch: 101, train_acc: 13.671875, val_acc: 13.55, acc_loss: 2.2671443223953247, grad_loss: None
2022-04-21 00:35:13,298 DEBUG epoch: 102, train_acc: 15.060763359069824, val_acc: 13.42, acc_loss: 2.264908790588379, grad_loss: None
2022-04-21 00:35:14,122 DEBUG epoch: 103, train_acc: 14.23611068725586, val_acc: 13.37, acc_loss: 2.263219714164734, grad_loss: None
2022-04-21 00:35:14,938 DEBUG epoch: 104, train_acc: 17.621527671813965, val_acc: 13.29, acc_loss: 2.2593623399734497, grad_loss: None
2022-04-21 00:35:15,741 DEBUG epoch: 105, train_acc: 17.14409637451172, val_acc: 13.1, acc_loss: 2.253861427307129, grad_loss: None
2022-04-21 00:35:16,536 DEBUG epoch: 106, train_acc: 17.013888359069824, val_acc: 13.09, acc_loss: 2.2505829334259033, grad_loss: None
2022-04-21 00:35:17,360 DEBUG epoch: 107, train_acc: 17.491319179534912, val_acc: 12.64, acc_loss: 2.2468433380126953, grad_loss: None
2022-04-21 00:35:18,178 DEBUG epoch: 108, train_acc: 15.494791507720947, val_acc: 12.63, acc_loss: 2.242756724357605, grad_loss: None
2022-04-21 00:35:18,979 DEBUG epoch: 109, train_acc: 19.01041603088379, val_acc: 12.46, acc_loss: 2.2329862117767334, grad_loss: None
2022-04-21 00:35:19,776 DEBUG epoch: 110, train_acc: 21.18055534362793, val_acc: 12.15, acc_loss: 2.2267032861709595, grad_loss: None
2022-04-21 00:35:20,608 DEBUG epoch: 111, train_acc: 16.623263359069824, val_acc: 12.24, acc_loss: 2.224873185157776, grad_loss: None
2022-04-21 00:35:21,417 DEBUG epoch: 112, train_acc: 26.64930534362793, val_acc: 11.19, acc_loss: 2.2169504165649414, grad_loss: None
2022-04-21 00:35:22,234 DEBUG epoch: 113, train_acc: 13.498263359069824, val_acc: 11.83, acc_loss: 2.207084894180298, grad_loss: None
2022-04-21 00:35:23,032 DEBUG epoch: 114, train_acc: 25.78125, val_acc: 11.09, acc_loss: 2.1904451847076416, grad_loss: None
2022-04-21 00:35:23,895 DEBUG epoch: 115, train_acc: 16.66666603088379, val_acc: 11.47, acc_loss: 2.185822010040283, grad_loss: None
2022-04-21 00:35:24,670 DEBUG epoch: 116, train_acc: 17.447916507720947, val_acc: 11.22, acc_loss: 2.173290729522705, grad_loss: None
2022-04-21 00:35:25,482 DEBUG epoch: 117, train_acc: 21.614583015441895, val_acc: 10.85, acc_loss: 2.1337661743164062, grad_loss: None
2022-04-21 00:35:26,305 DEBUG epoch: 118, train_acc: 12.803819179534912, val_acc: 11.35, acc_loss: 2.226680040359497, grad_loss: None
2022-04-21 00:35:27,118 DEBUG epoch: 119, train_acc: 14.670138359069824, val_acc: 11.15, acc_loss: 2.2285462617874146, grad_loss: None
2022-04-21 00:35:27,918 DEBUG epoch: 120, train_acc: 18.70659637451172, val_acc: 10.86, acc_loss: 2.1239020824432373, grad_loss: None
2022-04-21 00:35:28,744 DEBUG epoch: 121, train_acc: 22.265625, val_acc: 10.82, acc_loss: 2.0443705320358276, grad_loss: None
2022-04-21 00:35:29,554 DEBUG epoch: 122, train_acc: 18.359375, val_acc: 10.89, acc_loss: 2.0449494123458862, grad_loss: None
2022-04-21 00:35:30,366 DEBUG epoch: 123, train_acc: 16.10243034362793, val_acc: 11.13, acc_loss: 2.199139356613159, grad_loss: None
2022-04-21 00:35:31,170 DEBUG epoch: 124, train_acc: 9.331597089767456, val_acc: 12.33, acc_loss: 2.35053813457489, grad_loss: None
2022-04-21 00:35:31,976 DEBUG epoch: 125, train_acc: 9.027777671813965, val_acc: 12.84, acc_loss: 2.3633590936660767, grad_loss: None
2022-04-21 00:35:32,784 DEBUG epoch: 126, train_acc: 9.331597089767456, val_acc: 12.45, acc_loss: 2.357481837272644, grad_loss: None
2022-04-21 00:35:33,625 DEBUG epoch: 127, train_acc: 10.546875, val_acc: 12.02, acc_loss: 2.3397234678268433, grad_loss: None
2022-04-21 00:35:34,444 DEBUG epoch: 128, train_acc: 10.850694179534912, val_acc: 11.66, acc_loss: 2.3366953134536743, grad_loss: None
2022-04-21 00:35:35,253 DEBUG epoch: 129, train_acc: 9.635416507720947, val_acc: 11.77, acc_loss: 2.329853057861328, grad_loss: None
2022-04-21 00:35:36,050 DEBUG epoch: 130, train_acc: 9.635416507720947, val_acc: 12.33, acc_loss: 2.325284719467163, grad_loss: None
2022-04-21 00:35:36,861 DEBUG epoch: 131, train_acc: 9.635416507720947, val_acc: 12.22, acc_loss: 2.316840171813965, grad_loss: None
2022-04-21 00:35:37,686 DEBUG epoch: 132, train_acc: 13.411458015441895, val_acc: 12.45, acc_loss: 2.304321050643921, grad_loss: None
2022-04-21 00:35:38,499 DEBUG epoch: 133, train_acc: 10.63368034362793, val_acc: 12.82, acc_loss: 2.307394504547119, grad_loss: None
2022-04-21 00:35:39,315 DEBUG epoch: 134, train_acc: 8.723958253860474, val_acc: 12.86, acc_loss: 2.303849220275879, grad_loss: None
2022-04-21 00:35:40,105 DEBUG epoch: 135, train_acc: 8.723958253860474, val_acc: 12.97, acc_loss: 2.3074969053268433, grad_loss: None
2022-04-21 00:35:40,918 DEBUG epoch: 136, train_acc: 9.635416507720947, val_acc: 12.91, acc_loss: 2.301756262779236, grad_loss: None
2022-04-21 00:35:41,717 DEBUG epoch: 137, train_acc: 10.32986068725586, val_acc: 14.08, acc_loss: 2.3011093139648438, grad_loss: None
2022-04-21 00:35:42,579 DEBUG epoch: 138, train_acc: 10.807291507720947, val_acc: 13.97, acc_loss: 2.301604151725769, grad_loss: None
2022-04-21 00:35:43,390 DEBUG epoch: 139, train_acc: 11.154513359069824, val_acc: 13.9, acc_loss: 2.2990434169769287, grad_loss: None
2022-04-21 00:35:44,224 DEBUG epoch: 140, train_acc: 9.635416507720947, val_acc: 13.83, acc_loss: 2.2987308502197266, grad_loss: None
2022-04-21 00:35:45,005 DEBUG epoch: 141, train_acc: 10.546875, val_acc: 13.78, acc_loss: 2.299514651298523, grad_loss: None
2022-04-21 00:35:45,778 DEBUG epoch: 142, train_acc: 11.545138359069824, val_acc: 14.19, acc_loss: 2.2990998029708862, grad_loss: None
2022-04-21 00:35:46,576 DEBUG epoch: 143, train_acc: 12.630208015441895, val_acc: 14.05, acc_loss: 2.299231171607971, grad_loss: None
2022-04-21 00:35:47,357 DEBUG epoch: 144, train_acc: 11.02430534362793, val_acc: 13.97, acc_loss: 2.298076629638672, grad_loss: None
2022-04-21 00:35:48,150 DEBUG epoch: 145, train_acc: 10.63368034362793, val_acc: 13.61, acc_loss: 2.298422694206238, grad_loss: None
2022-04-21 00:35:48,955 DEBUG epoch: 146, train_acc: 10.63368034362793, val_acc: 13.11, acc_loss: 2.2985645532608032, grad_loss: None
2022-04-21 00:35:49,770 DEBUG epoch: 147, train_acc: 10.112847089767456, val_acc: 13.05, acc_loss: 2.3000402450561523, grad_loss: None
2022-04-21 00:35:50,554 DEBUG epoch: 148, train_acc: 10.503472089767456, val_acc: 12.51, acc_loss: 2.2982221841812134, grad_loss: None
2022-04-21 00:35:51,384 DEBUG epoch: 149, train_acc: 12.58680534362793, val_acc: 12.04, acc_loss: 2.298527956008911, grad_loss: None
2022-04-21 00:35:52,222 DEBUG epoch: 150, train_acc: 14.14930534362793, val_acc: 12.02, acc_loss: 2.2977702617645264, grad_loss: None
2022-04-21 00:35:53,037 DEBUG epoch: 151, train_acc: 14.887152671813965, val_acc: 12.06, acc_loss: 2.297514796257019, grad_loss: None
2022-04-21 00:35:53,849 DEBUG epoch: 152, train_acc: 15.364583015441895, val_acc: 12.13, acc_loss: 2.2963441610336304, grad_loss: None
2022-04-21 00:35:54,675 DEBUG epoch: 153, train_acc: 15.277777671813965, val_acc: 12.27, acc_loss: 2.2968260049819946, grad_loss: None
2022-04-21 00:35:55,494 DEBUG epoch: 154, train_acc: 11.588541507720947, val_acc: 12.36, acc_loss: 2.2977521419525146, grad_loss: None
2022-04-21 00:35:56,326 DEBUG epoch: 155, train_acc: 11.50173568725586, val_acc: 12.43, acc_loss: 2.2977510690689087, grad_loss: None
2022-04-21 00:35:57,123 DEBUG epoch: 156, train_acc: 13.107638359069824, val_acc: 12.44, acc_loss: 2.297303795814514, grad_loss: None
2022-04-21 00:35:57,974 DEBUG epoch: 157, train_acc: 12.803819179534912, val_acc: 12.4, acc_loss: 2.2968980073928833, grad_loss: None
2022-04-21 00:35:58,778 DEBUG epoch: 158, train_acc: 13.107638359069824, val_acc: 12.34, acc_loss: 2.2970350980758667, grad_loss: None
2022-04-21 00:35:59,592 DEBUG epoch: 159, train_acc: 11.979166507720947, val_acc: 12.31, acc_loss: 2.297540307044983, grad_loss: None
2022-04-21 00:36:00,391 DEBUG epoch: 160, train_acc: 13.498263359069824, val_acc: 12.3, acc_loss: 2.2964879274368286, grad_loss: None
2022-04-21 00:36:01,242 DEBUG epoch: 161, train_acc: 14.105902671813965, val_acc: 12.3, acc_loss: 2.2961692810058594, grad_loss: None
2022-04-21 00:36:02,058 DEBUG epoch: 162, train_acc: 11.675347089767456, val_acc: 12.31, acc_loss: 2.297709822654724, grad_loss: None
2022-04-21 00:36:02,868 DEBUG epoch: 163, train_acc: 12.28298568725586, val_acc: 12.25, acc_loss: 2.2970094680786133, grad_loss: None
2022-04-21 00:36:03,670 DEBUG epoch: 164, train_acc: 12.58680534362793, val_acc: 12.24, acc_loss: 2.297016978263855, grad_loss: None
2022-04-21 00:36:04,492 DEBUG epoch: 165, train_acc: 14.279513359069824, val_acc: 12.35, acc_loss: 2.2968772649765015, grad_loss: None
2022-04-21 00:36:05,323 DEBUG epoch: 166, train_acc: 14.279513359069824, val_acc: 12.38, acc_loss: 2.2969810962677, grad_loss: None
2022-04-21 00:36:06,121 DEBUG epoch: 167, train_acc: 14.192708015441895, val_acc: 12.37, acc_loss: 2.2965623140335083, grad_loss: None
2022-04-21 00:36:06,911 DEBUG epoch: 168, train_acc: 12.28298568725586, val_acc: 12.44, acc_loss: 2.297116994857788, grad_loss: None
2022-04-21 00:36:07,730 DEBUG epoch: 169, train_acc: 14.192708015441895, val_acc: 12.48, acc_loss: 2.296645164489746, grad_loss: None
2022-04-21 00:36:08,579 DEBUG epoch: 170, train_acc: 14.366319179534912, val_acc: 12.43, acc_loss: 2.2967103719711304, grad_loss: None
2022-04-21 00:36:09,444 DEBUG epoch: 171, train_acc: 15.972221374511719, val_acc: 12.38, acc_loss: 2.2968300580978394, grad_loss: None
2022-04-21 00:36:10,243 DEBUG epoch: 172, train_acc: 16.536458015441895, val_acc: 12.42, acc_loss: 2.2963732481002808, grad_loss: None
2022-04-21 00:36:11,060 DEBUG epoch: 173, train_acc: 18.61979103088379, val_acc: 12.38, acc_loss: 2.296317458152771, grad_loss: None
2022-04-21 00:36:11,890 DEBUG epoch: 174, train_acc: 17.230902671813965, val_acc: 12.52, acc_loss: 2.296722888946533, grad_loss: None
2022-04-21 00:36:12,709 DEBUG epoch: 175, train_acc: 19.140625, val_acc: 12.52, acc_loss: 2.2956032752990723, grad_loss: None
2022-04-21 00:36:13,516 DEBUG epoch: 176, train_acc: 14.366319179534912, val_acc: 12.62, acc_loss: 2.2967742681503296, grad_loss: None
2022-04-21 00:36:14,342 DEBUG epoch: 177, train_acc: 15.364583015441895, val_acc: 12.61, acc_loss: 2.2963929176330566, grad_loss: None
2022-04-21 00:36:15,162 DEBUG epoch: 178, train_acc: 15.668402671813965, val_acc: 12.62, acc_loss: 2.296462655067444, grad_loss: None
2022-04-21 00:36:15,961 DEBUG epoch: 179, train_acc: 13.45486068725586, val_acc: 12.6, acc_loss: 2.296673536300659, grad_loss: None
2022-04-21 00:36:16,758 DEBUG epoch: 180, train_acc: 15.755208015441895, val_acc: 12.57, acc_loss: 2.296681761741638, grad_loss: None
2022-04-21 00:36:17,566 DEBUG epoch: 181, train_acc: 15.060763359069824, val_acc: 12.59, acc_loss: 2.2956892251968384, grad_loss: None
2022-04-21 00:36:18,398 DEBUG epoch: 182, train_acc: 14.670138359069824, val_acc: 12.56, acc_loss: 2.296114444732666, grad_loss: None
2022-04-21 00:36:19,241 DEBUG epoch: 183, train_acc: 12.58680534362793, val_acc: 12.6, acc_loss: 2.2964062690734863, grad_loss: None
2022-04-21 00:36:20,071 DEBUG epoch: 184, train_acc: 12.97743034362793, val_acc: 12.61, acc_loss: 2.2954437732696533, grad_loss: None
2022-04-21 00:36:20,860 DEBUG epoch: 185, train_acc: 13.585069179534912, val_acc: 12.6, acc_loss: 2.2955574989318848, grad_loss: None
2022-04-21 00:36:21,655 DEBUG epoch: 186, train_acc: 12.97743034362793, val_acc: 12.58, acc_loss: 2.2955682277679443, grad_loss: None
2022-04-21 00:36:22,480 DEBUG epoch: 187, train_acc: 13.28125, val_acc: 12.56, acc_loss: 2.2956334352493286, grad_loss: None
2022-04-21 00:36:23,256 DEBUG epoch: 188, train_acc: 13.194444179534912, val_acc: 12.53, acc_loss: 2.296229600906372, grad_loss: None
2022-04-21 00:36:24,067 DEBUG epoch: 189, train_acc: 14.105902671813965, val_acc: 12.45, acc_loss: 2.2950202226638794, grad_loss: None
2022-04-21 00:36:24,892 DEBUG epoch: 190, train_acc: 11.675347089767456, val_acc: 12.39, acc_loss: 2.2961345911026, grad_loss: None
2022-04-21 00:36:25,721 DEBUG epoch: 191, train_acc: 13.585069179534912, val_acc: 12.44, acc_loss: 2.295966625213623, grad_loss: None
2022-04-21 00:36:26,526 DEBUG epoch: 192, train_acc: 14.583333015441895, val_acc: 12.35, acc_loss: 2.294793486595154, grad_loss: None
2022-04-21 00:36:27,361 DEBUG epoch: 193, train_acc: 13.671875, val_acc: 12.34, acc_loss: 2.2957369089126587, grad_loss: None
2022-04-21 00:36:28,167 DEBUG epoch: 194, train_acc: 13.975694179534912, val_acc: 12.37, acc_loss: 2.295350193977356, grad_loss: None
2022-04-21 00:36:28,996 DEBUG epoch: 195, train_acc: 13.585069179534912, val_acc: 12.36, acc_loss: 2.295631766319275, grad_loss: None
2022-04-21 00:36:29,814 DEBUG epoch: 196, train_acc: 14.019096374511719, val_acc: 12.31, acc_loss: 2.2947776317596436, grad_loss: None
2022-04-21 00:36:30,626 DEBUG epoch: 197, train_acc: 11.80555534362793, val_acc: 12.31, acc_loss: 2.296134829521179, grad_loss: None
2022-04-21 00:36:31,426 DEBUG epoch: 198, train_acc: 12.19618034362793, val_acc: 12.34, acc_loss: 2.295678973197937, grad_loss: None
2022-04-21 00:36:32,239 DEBUG epoch: 199, train_acc: 12.890625, val_acc: 12.37, acc_loss: 2.2951128482818604, grad_loss: None
2022-04-21 00:36:33,045 DEBUG epoch: 200, train_acc: 11.979166507720947, val_acc: 12.44, acc_loss: 2.2959535121917725, grad_loss: None
2022-04-21 00:36:33,856 DEBUG epoch: 201, train_acc: 13.28125, val_acc: 12.49, acc_loss: 2.2951278686523438, grad_loss: None
2022-04-21 00:36:34,668 DEBUG epoch: 202, train_acc: 13.28125, val_acc: 12.55, acc_loss: 2.2953847646713257, grad_loss: None
2022-04-21 00:36:35,478 DEBUG epoch: 203, train_acc: 12.890625, val_acc: 12.57, acc_loss: 2.2957156896591187, grad_loss: None
2022-04-21 00:36:36,293 DEBUG epoch: 204, train_acc: 13.498263359069824, val_acc: 12.54, acc_loss: 2.295047640800476, grad_loss: None
2022-04-21 00:36:37,111 DEBUG epoch: 205, train_acc: 13.498263359069824, val_acc: 12.61, acc_loss: 2.294630765914917, grad_loss: None
2022-04-21 00:36:37,918 DEBUG epoch: 206, train_acc: 12.28298568725586, val_acc: 12.63, acc_loss: 2.2949421405792236, grad_loss: None
2022-04-21 00:36:38,745 DEBUG epoch: 207, train_acc: 11.675347089767456, val_acc: 12.6, acc_loss: 2.295257568359375, grad_loss: None
2022-04-21 00:36:39,556 DEBUG epoch: 208, train_acc: 12.19618034362793, val_acc: 12.53, acc_loss: 2.2943098545074463, grad_loss: None
2022-04-21 00:36:40,318 DEBUG epoch: 209, train_acc: 12.28298568725586, val_acc: 12.6, acc_loss: 2.2954094409942627, grad_loss: None
2022-04-21 00:36:41,109 DEBUG epoch: 210, train_acc: 13.671875, val_acc: 12.57, acc_loss: 2.294944167137146, grad_loss: None
2022-04-21 00:36:41,896 DEBUG epoch: 211, train_acc: 13.151041507720947, val_acc: 12.58, acc_loss: 2.2953840494155884, grad_loss: None
2022-04-21 00:36:42,726 DEBUG epoch: 212, train_acc: 17.44791603088379, val_acc: 12.62, acc_loss: 2.2946863174438477, grad_loss: None
2022-04-21 00:36:43,515 DEBUG epoch: 213, train_acc: 19.40104103088379, val_acc: 12.64, acc_loss: 2.2952929735183716, grad_loss: None
2022-04-21 00:36:44,321 DEBUG epoch: 214, train_acc: 18.61979103088379, val_acc: 12.69, acc_loss: 2.293972373008728, grad_loss: None
2022-04-21 00:36:45,116 DEBUG epoch: 215, train_acc: 17.708333015441895, val_acc: 12.68, acc_loss: 2.29505455493927, grad_loss: None
2022-04-21 00:36:45,959 DEBUG epoch: 216, train_acc: 20.18229103088379, val_acc: 12.72, acc_loss: 2.2951453924179077, grad_loss: None
2022-04-21 00:36:46,761 DEBUG epoch: 217, train_acc: 18.359375, val_acc: 12.87, acc_loss: 2.2948033809661865, grad_loss: None
2022-04-21 00:36:47,599 DEBUG epoch: 218, train_acc: 21.35416603088379, val_acc: 12.79, acc_loss: 2.294746518135071, grad_loss: None
2022-04-21 00:36:48,387 DEBUG epoch: 219, train_acc: 19.48784637451172, val_acc: 12.86, acc_loss: 2.2943464517593384, grad_loss: None
2022-04-21 00:36:49,225 DEBUG epoch: 220, train_acc: 20.87673568725586, val_acc: 12.87, acc_loss: 2.2952003479003906, grad_loss: None
2022-04-21 00:36:50,036 DEBUG epoch: 221, train_acc: 19.140625, val_acc: 12.74, acc_loss: 2.295015811920166, grad_loss: None
2022-04-21 00:36:50,872 DEBUG epoch: 222, train_acc: 17.230902671813965, val_acc: 12.64, acc_loss: 2.295151114463806, grad_loss: None
2022-04-21 00:36:51,684 DEBUG epoch: 223, train_acc: 20.57291603088379, val_acc: 12.6, acc_loss: 2.2948118448257446, grad_loss: None
2022-04-21 00:36:52,497 DEBUG epoch: 224, train_acc: 18.61979103088379, val_acc: 12.44, acc_loss: 2.2947142124176025, grad_loss: None
2022-04-21 00:36:53,299 DEBUG epoch: 225, train_acc: 18.402777671813965, val_acc: 12.46, acc_loss: 2.2945278882980347, grad_loss: None
2022-04-21 00:36:54,100 DEBUG epoch: 226, train_acc: 18.489583015441895, val_acc: 12.37, acc_loss: 2.294321894645691, grad_loss: None
2022-04-21 00:36:54,907 DEBUG epoch: 227, train_acc: 19.40104103088379, val_acc: 12.36, acc_loss: 2.294712781906128, grad_loss: None
2022-04-21 00:36:55,721 DEBUG epoch: 228, train_acc: 19.357638359069824, val_acc: 12.64, acc_loss: 2.295392870903015, grad_loss: None
2022-04-21 00:36:56,532 DEBUG epoch: 229, train_acc: 19.574652671813965, val_acc: 12.55, acc_loss: 2.2942978143692017, grad_loss: None
2022-04-21 00:36:57,306 DEBUG epoch: 230, train_acc: 19.574652671813965, val_acc: 12.69, acc_loss: 2.2943860292434692, grad_loss: None
2022-04-21 00:36:58,119 DEBUG epoch: 231, train_acc: 20.48611068725586, val_acc: 12.59, acc_loss: 2.293315052986145, grad_loss: None
2022-04-21 00:36:58,932 DEBUG epoch: 232, train_acc: 15.79861068725586, val_acc: 12.61, acc_loss: 2.2938743829727173, grad_loss: None
2022-04-21 00:36:59,765 DEBUG epoch: 233, train_acc: 20.18229103088379, val_acc: 12.56, acc_loss: 2.293444037437439, grad_loss: None
2022-04-21 00:37:00,544 DEBUG epoch: 234, train_acc: 19.661458015441895, val_acc: 12.54, acc_loss: 2.2938449382781982, grad_loss: None
2022-04-21 00:37:01,353 DEBUG epoch: 235, train_acc: 22.43923568725586, val_acc: 12.69, acc_loss: 2.2937171459198, grad_loss: None
2022-04-21 00:37:02,153 DEBUG epoch: 236, train_acc: 20.26909637451172, val_acc: 12.75, acc_loss: 2.2932348251342773, grad_loss: None
2022-04-21 00:37:02,990 DEBUG epoch: 237, train_acc: 20.746527671813965, val_acc: 12.73, acc_loss: 2.2940244674682617, grad_loss: None
2022-04-21 00:37:03,797 DEBUG epoch: 238, train_acc: 20.65972137451172, val_acc: 12.84, acc_loss: 2.293257474899292, grad_loss: None
2022-04-21 00:37:04,597 DEBUG epoch: 239, train_acc: 19.79166603088379, val_acc: 12.92, acc_loss: 2.2929848432540894, grad_loss: None
2022-04-21 00:37:05,396 DEBUG epoch: 240, train_acc: 21.74479103088379, val_acc: 12.91, acc_loss: 2.293420433998108, grad_loss: None
2022-04-21 00:37:06,229 DEBUG epoch: 241, train_acc: 19.965277671813965, val_acc: 12.95, acc_loss: 2.292926549911499, grad_loss: None
2022-04-21 00:37:07,044 DEBUG epoch: 242, train_acc: 16.232638359069824, val_acc: 12.97, acc_loss: 2.294070601463318, grad_loss: None
2022-04-21 00:37:07,865 DEBUG epoch: 243, train_acc: 16.232638359069824, val_acc: 12.96, acc_loss: 2.2934905290603638, grad_loss: None
2022-04-21 00:37:08,683 DEBUG epoch: 244, train_acc: 13.84548568725586, val_acc: 12.98, acc_loss: 2.293442726135254, grad_loss: None
2022-04-21 00:37:09,539 DEBUG epoch: 245, train_acc: 16.75347137451172, val_acc: 12.97, acc_loss: 2.293353319168091, grad_loss: None
2022-04-21 00:37:10,369 DEBUG epoch: 246, train_acc: 16.536458015441895, val_acc: 13.0, acc_loss: 2.293655753135681, grad_loss: None
2022-04-21 00:37:11,183 DEBUG epoch: 247, train_acc: 16.449652671813965, val_acc: 13.0, acc_loss: 2.293301820755005, grad_loss: None
2022-04-21 00:37:11,952 DEBUG epoch: 248, train_acc: 16.145833015441895, val_acc: 12.99, acc_loss: 2.2935123443603516, grad_loss: None
2022-04-21 00:37:12,786 DEBUG epoch: 249, train_acc: 15.234375, val_acc: 13.02, acc_loss: 2.2932639122009277, grad_loss: None
2022-04-21 00:37:13,596 DEBUG epoch: 250, train_acc: 15.625, val_acc: 13.04, acc_loss: 2.2936627864837646, grad_loss: None
2022-04-21 00:37:14,386 DEBUG epoch: 251, train_acc: 16.232638359069824, val_acc: 13.01, acc_loss: 2.29361355304718, grad_loss: None
2022-04-21 00:37:15,183 DEBUG epoch: 252, train_acc: 15.01736068725586, val_acc: 12.96, acc_loss: 2.293456196784973, grad_loss: None
2022-04-21 00:37:15,977 DEBUG epoch: 253, train_acc: 18.75, val_acc: 12.89, acc_loss: 2.2934259176254272, grad_loss: None
2022-04-21 00:37:16,798 DEBUG epoch: 254, train_acc: 20.355902671813965, val_acc: 12.89, acc_loss: 2.293694257736206, grad_loss: None
2022-04-21 00:37:17,600 DEBUG epoch: 255, train_acc: 20.65972137451172, val_acc: 12.88, acc_loss: 2.294058918952942, grad_loss: None
2022-04-21 00:37:18,429 DEBUG epoch: 256, train_acc: 20.703125, val_acc: 12.83, acc_loss: 2.292466640472412, grad_loss: None
2022-04-21 00:37:19,239 DEBUG epoch: 257, train_acc: 17.96875, val_acc: 12.88, acc_loss: 2.293092370033264, grad_loss: None
2022-04-21 00:37:20,054 DEBUG epoch: 258, train_acc: 20.78993034362793, val_acc: 12.93, acc_loss: 2.29314124584198, grad_loss: None
2022-04-21 00:37:20,872 DEBUG epoch: 259, train_acc: 18.880208015441895, val_acc: 12.97, acc_loss: 2.2929351329803467, grad_loss: None
2022-04-21 00:37:21,668 DEBUG epoch: 260, train_acc: 21.57118034362793, val_acc: 12.95, acc_loss: 2.293328881263733, grad_loss: None
2022-04-21 00:37:22,472 DEBUG epoch: 261, train_acc: 19.357638359069824, val_acc: 12.95, acc_loss: 2.2937662601470947, grad_loss: None
2022-04-21 00:37:23,316 DEBUG epoch: 262, train_acc: 19.661458015441895, val_acc: 12.94, acc_loss: 2.293691873550415, grad_loss: None
2022-04-21 00:37:24,119 DEBUG epoch: 263, train_acc: 19.270833015441895, val_acc: 12.92, acc_loss: 2.2936718463897705, grad_loss: None
2022-04-21 00:37:24,918 DEBUG epoch: 264, train_acc: 20.48611068725586, val_acc: 12.83, acc_loss: 2.293403387069702, grad_loss: None
2022-04-21 00:37:25,700 DEBUG epoch: 265, train_acc: 18.272569179534912, val_acc: 12.76, acc_loss: 2.2930620908737183, grad_loss: None
2022-04-21 00:37:26,519 DEBUG epoch: 266, train_acc: 19.70486068725586, val_acc: 12.71, acc_loss: 2.293475031852722, grad_loss: None
2022-04-21 00:37:27,313 DEBUG epoch: 267, train_acc: 23.177083015441895, val_acc: 12.65, acc_loss: 2.2929656505584717, grad_loss: None
2022-04-21 00:37:28,111 DEBUG epoch: 268, train_acc: 23.30729103088379, val_acc: 12.72, acc_loss: 2.292916417121887, grad_loss: None
2022-04-21 00:37:28,918 DEBUG epoch: 269, train_acc: 25.08680534362793, val_acc: 12.75, acc_loss: 2.2938551902770996, grad_loss: None
2022-04-21 00:37:29,758 DEBUG epoch: 270, train_acc: 24.913193702697754, val_acc: 12.74, acc_loss: 2.293205142021179, grad_loss: None
2022-04-21 00:37:30,541 DEBUG epoch: 271, train_acc: 23.30729103088379, val_acc: 12.71, acc_loss: 2.292649745941162, grad_loss: None
2022-04-21 00:37:31,347 DEBUG epoch: 272, train_acc: 23.480902671813965, val_acc: 12.76, acc_loss: 2.2934372425079346, grad_loss: None
2022-04-21 00:37:32,147 DEBUG epoch: 273, train_acc: 24.00173568725586, val_acc: 12.73, acc_loss: 2.2930562496185303, grad_loss: None
2022-04-21 00:37:32,977 DEBUG epoch: 274, train_acc: 23.69791603088379, val_acc: 12.79, acc_loss: 2.2938830852508545, grad_loss: None
2022-04-21 00:37:33,787 DEBUG epoch: 275, train_acc: 22.74305534362793, val_acc: 12.79, acc_loss: 2.2931853532791138, grad_loss: None
2022-04-21 00:37:34,573 DEBUG epoch: 276, train_acc: 22.35243034362793, val_acc: 12.75, acc_loss: 2.293641448020935, grad_loss: None
2022-04-21 00:37:35,374 DEBUG epoch: 277, train_acc: 21.484375, val_acc: 12.8, acc_loss: 2.2926313877105713, grad_loss: None
2022-04-21 00:37:36,169 DEBUG epoch: 278, train_acc: 19.574652671813965, val_acc: 12.83, acc_loss: 2.292991042137146, grad_loss: None
2022-04-21 00:37:36,967 DEBUG epoch: 279, train_acc: 19.270833015441895, val_acc: 12.84, acc_loss: 2.292951822280884, grad_loss: None
2022-04-21 00:37:37,782 DEBUG epoch: 280, train_acc: 20.48611068725586, val_acc: 12.87, acc_loss: 2.292683243751526, grad_loss: None
2022-04-21 00:37:38,606 DEBUG epoch: 281, train_acc: 19.270833015441895, val_acc: 12.87, acc_loss: 2.2935233116149902, grad_loss: None
2022-04-21 00:37:39,441 DEBUG epoch: 282, train_acc: 19.270833015441895, val_acc: 12.88, acc_loss: 2.2932488918304443, grad_loss: None
2022-04-21 00:37:40,240 DEBUG epoch: 283, train_acc: 20.87673568725586, val_acc: 12.83, acc_loss: 2.2919390201568604, grad_loss: None
2022-04-21 00:37:41,035 DEBUG epoch: 284, train_acc: 19.965277671813965, val_acc: 12.85, acc_loss: 2.293307065963745, grad_loss: None
2022-04-21 00:37:41,857 DEBUG epoch: 285, train_acc: 22.569443702697754, val_acc: 12.82, acc_loss: 2.2924647331237793, grad_loss: None
2022-04-21 00:37:42,666 DEBUG epoch: 286, train_acc: 22.52604103088379, val_acc: 12.8, acc_loss: 2.293344497680664, grad_loss: None
2022-04-21 00:37:43,515 DEBUG epoch: 287, train_acc: 22.005208015441895, val_acc: 12.81, acc_loss: 2.293852210044861, grad_loss: None
2022-04-21 00:37:44,308 DEBUG epoch: 288, train_acc: 22.13541603088379, val_acc: 12.85, acc_loss: 2.2931665182113647, grad_loss: None
2022-04-21 00:37:45,114 DEBUG epoch: 289, train_acc: 24.348958015441895, val_acc: 12.79, acc_loss: 2.293011784553528, grad_loss: None
2022-04-21 00:37:45,928 DEBUG epoch: 290, train_acc: 22.04861068725586, val_acc: 12.74, acc_loss: 2.2924787998199463, grad_loss: None
2022-04-21 00:37:46,730 DEBUG epoch: 291, train_acc: 21.137152671813965, val_acc: 12.8, acc_loss: 2.2938214540481567, grad_loss: None
2022-04-21 00:37:47,552 DEBUG epoch: 292, train_acc: 23.177083015441895, val_acc: 12.85, acc_loss: 2.292469024658203, grad_loss: None
2022-04-21 00:37:48,341 DEBUG epoch: 293, train_acc: 20.57291603088379, val_acc: 12.93, acc_loss: 2.2933250665664673, grad_loss: None
2022-04-21 00:37:49,125 DEBUG epoch: 294, train_acc: 18.793402671813965, val_acc: 12.99, acc_loss: 2.293142318725586, grad_loss: None
2022-04-21 00:37:49,964 DEBUG epoch: 295, train_acc: 16.927083015441895, val_acc: 12.93, acc_loss: 2.292901635169983, grad_loss: None
2022-04-21 00:37:50,827 DEBUG epoch: 296, train_acc: 17.230902671813965, val_acc: 12.87, acc_loss: 2.293373703956604, grad_loss: None
2022-04-21 00:37:51,626 DEBUG epoch: 297, train_acc: 15.842013359069824, val_acc: 12.83, acc_loss: 2.292961835861206, grad_loss: None
2022-04-21 00:37:52,416 DEBUG epoch: 298, train_acc: 16.66666603088379, val_acc: 12.84, acc_loss: 2.291661500930786, grad_loss: None
2022-04-21 00:37:53,240 DEBUG epoch: 299, train_acc: 14.14930534362793, val_acc: 12.88, acc_loss: 2.2932080030441284, grad_loss: None
2022-04-21 00:37:54,049 DEBUG epoch: 300, train_acc: 15.668402671813965, val_acc: 12.83, acc_loss: 2.292689800262451, grad_loss: None
2022-04-21 00:37:54,049 DEBUG load best stealed model.
2022-04-21 00:37:54,049 DEBUG Best perform model, val_acc: 14.99, acc_loss: 2.2839062213897705
