2022-04-22 13:54:02,958 DEBUG Namespace(arch='vgg11_bn', attack_client=0, attack_epochs=300, attack_style='Generator_option', average_time=1, batch_size=128, bottleneck_option='None', cutlayer=4, data_proportion=0.0, dataset='cifar100', filename='ace_V2_epoch_vgg11_bn_cutlayer_4_client_1_seed125_dataset_cifar100_lr_0.05_200epoch', folder='saves/baseline', learning_rate=0.005, noniid_ratio=1.0, num_client=1, num_epochs='best', num_query=10000, random_seed=123, regularization='None', regularization_strength=0.0, scheme='V2_epoch', surrogate_arch='same', test_best=True, train_clas_layer=2.0)
2022-04-22 13:54:06,499 DEBUG Test (client-0):	Loss 1.2311 (1.7817)	Prec@1 75.000 (68.630)
2022-04-22 13:54:06,499 DEBUG  * Prec@1 68.630
2022-04-22 13:54:06,500 DEBUG load 1.weight to surrogate
2022-04-22 13:54:06,500 DEBUG load 1.bias to surrogate
2022-04-22 13:54:06,500 DEBUG 4
2022-04-22 13:54:06,500 DEBUG surrogate parameter has 4 trainable parameters!
2022-04-22 13:54:06,757 DEBUG Train step: 10	 CE_Loss: 7.3063707352 diversity_Loss: 0.7182728648 bc_losses (G):  0.0000000000  bc_losses (D)):  0.0000000000
2022-04-22 13:54:06,993 DEBUG Train step: 20	 CE_Loss: 7.2472314835 diversity_Loss: 0.7217866182 bc_losses (G):  0.0000000000  bc_losses (D)):  0.0000000000
2022-04-22 13:54:07,229 DEBUG Train step: 30	 CE_Loss: 5.6629509926 diversity_Loss: 0.7182185054 bc_losses (G):  0.0000000000  bc_losses (D)):  0.0000000000
2022-04-22 13:54:07,465 DEBUG Train step: 40	 CE_Loss: 5.7742381096 diversity_Loss: 0.7074765563 bc_losses (G):  0.0000000000  bc_losses (D)):  0.0000000000
2022-04-22 13:54:07,703 DEBUG Train step: 50	 CE_Loss: 5.5205883980 diversity_Loss: 0.6969832182 bc_losses (G):  0.0000000000  bc_losses (D)):  0.0000000000
2022-04-22 13:54:07,939 DEBUG Train step: 60	 CE_Loss: 5.6422591209 diversity_Loss: 0.7072975039 bc_losses (G):  0.0000000000  bc_losses (D)):  0.0000000000
2022-04-22 13:54:08,174 DEBUG Train step: 70	 CE_Loss: 5.3978600502 diversity_Loss: 0.7097715735 bc_losses (G):  0.0000000000  bc_losses (D)):  0.0000000000
2022-04-22 13:54:08,411 DEBUG Train step: 80	 CE_Loss: 5.7559251785 diversity_Loss: 0.7121738195 bc_losses (G):  0.0000000000  bc_losses (D)):  0.0000000000
2022-04-22 13:54:08,648 DEBUG Train step: 90	 CE_Loss: 5.7572016716 diversity_Loss: 0.7142489552 bc_losses (G):  0.0000000000  bc_losses (D)):  0.0000000000
2022-04-22 13:54:08,885 DEBUG Train step: 100	 CE_Loss: 5.7566833496 diversity_Loss: 0.7156260014 bc_losses (G):  0.0000000000  bc_losses (D)):  0.0000000000
2022-04-22 13:54:08,885 DEBUG End of Training: 100	 CE_Loss: 5.7566833496 diversity_Loss: 0.7156260014 bc_losses (G):  0.0000000000  bc_losses (D)):  0.0000000000
2022-04-22 13:54:09,855 DEBUG epoch: 0, val_acc: 0.98, val_fidelity: 0.99
2022-04-22 13:54:11,177 DEBUG epoch: 1, train_acc: 1.40625, val_acc: 1.62, fidel_score: 1.67, acc_loss: 4.636321425437927, grad_loss: None
2022-04-22 13:54:12,450 DEBUG epoch: 2, train_acc: 2.3046875, val_acc: 3.72, fidel_score: 3.99, acc_loss: 4.560796642303467, grad_loss: None
2022-04-22 13:54:13,727 DEBUG epoch: 3, train_acc: 4.53125, val_acc: 5.34, fidel_score: 5.73, acc_loss: 4.499547910690308, grad_loss: None
2022-04-22 13:54:14,996 DEBUG epoch: 4, train_acc: 5.4296875, val_acc: 6.72, fidel_score: 7.72, acc_loss: 4.462511467933655, grad_loss: None
2022-04-22 13:54:16,284 DEBUG epoch: 5, train_acc: 6.875, val_acc: 8.64, fidel_score: 10.23, acc_loss: 4.418342757225036, grad_loss: None
2022-04-22 13:54:17,563 DEBUG epoch: 6, train_acc: 8.28125, val_acc: 10.18, fidel_score: 12.12, acc_loss: 4.380606532096863, grad_loss: None
2022-04-22 13:54:18,832 DEBUG epoch: 7, train_acc: 8.828125, val_acc: 11.25, fidel_score: 13.58, acc_loss: 4.330863308906555, grad_loss: None
2022-04-22 13:54:20,110 DEBUG epoch: 8, train_acc: 10.390625, val_acc: 10.64, fidel_score: 12.81, acc_loss: 4.27694354057312, grad_loss: None
2022-04-22 13:54:21,384 DEBUG epoch: 9, train_acc: 9.6875, val_acc: 11.59, fidel_score: 14.29, acc_loss: 4.239555144309998, grad_loss: None
2022-04-22 13:54:22,658 DEBUG epoch: 10, train_acc: 11.2890625, val_acc: 13.89, fidel_score: 16.82, acc_loss: 4.203382802009583, grad_loss: None
2022-04-22 13:54:23,927 DEBUG epoch: 11, train_acc: 10.0, val_acc: 13.68, fidel_score: 16.84, acc_loss: 4.179162812232971, grad_loss: None
2022-04-22 13:54:25,217 DEBUG epoch: 12, train_acc: 13.2421875, val_acc: 14.46, fidel_score: 17.89, acc_loss: 4.108155846595764, grad_loss: None
2022-04-22 13:54:26,504 DEBUG epoch: 13, train_acc: 11.953125, val_acc: 14.4, fidel_score: 17.85, acc_loss: 4.081857085227966, grad_loss: None
2022-04-22 13:54:27,778 DEBUG epoch: 14, train_acc: 12.9296875, val_acc: 14.2, fidel_score: 17.74, acc_loss: 4.02613114118576, grad_loss: None
2022-04-22 13:54:29,052 DEBUG epoch: 15, train_acc: 12.34375, val_acc: 15.44, fidel_score: 18.92, acc_loss: 3.997864818572998, grad_loss: None
2022-04-22 13:54:30,336 DEBUG epoch: 16, train_acc: 13.9453125, val_acc: 15.98, fidel_score: 19.57, acc_loss: 3.950047731399536, grad_loss: None
2022-04-22 13:54:31,615 DEBUG epoch: 17, train_acc: 14.0625, val_acc: 17.31, fidel_score: 20.81, acc_loss: 3.9154213070869446, grad_loss: None
2022-04-22 13:54:32,888 DEBUG epoch: 18, train_acc: 14.0234375, val_acc: 18.47, fidel_score: 22.5, acc_loss: 3.8866464495658875, grad_loss: None
2022-04-22 13:54:34,170 DEBUG epoch: 19, train_acc: 15.8984375, val_acc: 17.1, fidel_score: 20.88, acc_loss: 3.8280256032943725, grad_loss: None
2022-04-22 13:54:35,445 DEBUG epoch: 20, train_acc: 16.015625, val_acc: 17.73, fidel_score: 21.66, acc_loss: 3.8112256050109865, grad_loss: None
2022-04-22 13:54:36,715 DEBUG epoch: 21, train_acc: 16.2109375, val_acc: 17.59, fidel_score: 21.63, acc_loss: 3.7386219620704653, grad_loss: None
2022-04-22 13:54:37,983 DEBUG epoch: 22, train_acc: 16.328125, val_acc: 18.8, fidel_score: 23.11, acc_loss: 3.747678983211517, grad_loss: None
2022-04-22 13:54:39,255 DEBUG epoch: 23, train_acc: 17.0703125, val_acc: 18.76, fidel_score: 22.81, acc_loss: 3.7058022141456606, grad_loss: None
2022-04-22 13:54:40,531 DEBUG epoch: 24, train_acc: 17.890625, val_acc: 19.86, fidel_score: 24.06, acc_loss: 3.6733780026435854, grad_loss: None
2022-04-22 13:54:41,810 DEBUG epoch: 25, train_acc: 16.5625, val_acc: 20.39, fidel_score: 24.72, acc_loss: 3.6723174333572386, grad_loss: None
2022-04-22 13:54:43,095 DEBUG epoch: 26, train_acc: 18.515625, val_acc: 20.31, fidel_score: 24.82, acc_loss: 3.640282726287842, grad_loss: None
2022-04-22 13:54:44,374 DEBUG epoch: 27, train_acc: 18.984375, val_acc: 20.94, fidel_score: 25.57, acc_loss: 3.5930061459541323, grad_loss: None
2022-04-22 13:54:45,652 DEBUG epoch: 28, train_acc: 17.1875, val_acc: 21.63, fidel_score: 26.26, acc_loss: 3.605383551120758, grad_loss: None
2022-04-22 13:54:46,942 DEBUG epoch: 29, train_acc: 18.0859375, val_acc: 21.04, fidel_score: 25.67, acc_loss: 3.5898421168327332, grad_loss: None
2022-04-22 13:54:48,235 DEBUG epoch: 30, train_acc: 19.8828125, val_acc: 22.49, fidel_score: 27.12, acc_loss: 3.5268635988235473, grad_loss: None
2022-04-22 13:54:49,506 DEBUG epoch: 31, train_acc: 18.046875, val_acc: 22.82, fidel_score: 27.91, acc_loss: 3.5446714639663695, grad_loss: None
2022-04-22 13:54:50,790 DEBUG epoch: 32, train_acc: 19.140625, val_acc: 22.21, fidel_score: 27.0, acc_loss: 3.528381812572479, grad_loss: None
2022-04-22 13:54:52,078 DEBUG epoch: 33, train_acc: 20.1171875, val_acc: 22.12, fidel_score: 26.67, acc_loss: 3.489034652709961, grad_loss: None
2022-04-22 13:54:53,360 DEBUG epoch: 34, train_acc: 19.6484375, val_acc: 21.14, fidel_score: 25.81, acc_loss: 3.4789873123168946, grad_loss: None
2022-04-22 13:54:54,633 DEBUG epoch: 35, train_acc: 22.109375, val_acc: 22.78, fidel_score: 27.72, acc_loss: 3.433797740936279, grad_loss: None
2022-04-22 13:54:55,911 DEBUG epoch: 36, train_acc: 20.0, val_acc: 21.78, fidel_score: 26.39, acc_loss: 3.435397005081177, grad_loss: None
2022-04-22 13:54:57,206 DEBUG epoch: 37, train_acc: 20.078125, val_acc: 23.19, fidel_score: 27.91, acc_loss: 3.443889927864075, grad_loss: None
2022-04-22 13:54:58,485 DEBUG epoch: 38, train_acc: 19.765625, val_acc: 22.55, fidel_score: 27.11, acc_loss: 3.4687589168548585, grad_loss: None
2022-04-22 13:54:59,764 DEBUG epoch: 39, train_acc: 21.875, val_acc: 21.57, fidel_score: 26.25, acc_loss: 3.3826618552207948, grad_loss: None
2022-04-22 13:55:01,040 DEBUG epoch: 40, train_acc: 21.25, val_acc: 22.74, fidel_score: 27.55, acc_loss: 3.3845539927482604, grad_loss: None
2022-04-22 13:55:02,320 DEBUG epoch: 41, train_acc: 22.96875, val_acc: 22.04, fidel_score: 26.51, acc_loss: 3.312917697429657, grad_loss: None
2022-04-22 13:55:03,592 DEBUG epoch: 42, train_acc: 21.4453125, val_acc: 22.32, fidel_score: 26.78, acc_loss: 3.3541112184524535, grad_loss: None
2022-04-22 13:55:04,864 DEBUG epoch: 43, train_acc: 23.6328125, val_acc: 22.57, fidel_score: 27.19, acc_loss: 3.3266940355300902, grad_loss: None
2022-04-22 13:55:06,132 DEBUG epoch: 44, train_acc: 21.9921875, val_acc: 22.42, fidel_score: 27.1, acc_loss: 3.333288073539734, grad_loss: None
2022-04-22 13:55:07,425 DEBUG epoch: 45, train_acc: 22.5, val_acc: 22.85, fidel_score: 27.14, acc_loss: 3.3250951886177065, grad_loss: None
2022-04-22 13:55:08,718 DEBUG epoch: 46, train_acc: 24.8828125, val_acc: 23.73, fidel_score: 28.74, acc_loss: 3.2712175250053406, grad_loss: None
2022-04-22 13:55:09,998 DEBUG epoch: 47, train_acc: 23.1640625, val_acc: 22.55, fidel_score: 27.0, acc_loss: 3.2803784012794495, grad_loss: None
2022-04-22 13:55:11,296 DEBUG epoch: 48, train_acc: 22.65625, val_acc: 22.77, fidel_score: 27.14, acc_loss: 3.316824197769165, grad_loss: None
2022-04-22 13:55:12,568 DEBUG epoch: 49, train_acc: 23.7890625, val_acc: 22.95, fidel_score: 27.34, acc_loss: 3.2742602586746217, grad_loss: None
2022-04-22 13:55:13,846 DEBUG epoch: 50, train_acc: 22.3046875, val_acc: 22.42, fidel_score: 27.21, acc_loss: 3.27988885641098, grad_loss: None
2022-04-22 13:55:15,125 DEBUG epoch: 51, train_acc: 22.890625, val_acc: 22.27, fidel_score: 26.97, acc_loss: 3.239326548576355, grad_loss: None
2022-04-22 13:55:16,409 DEBUG epoch: 52, train_acc: 22.96875, val_acc: 22.93, fidel_score: 27.58, acc_loss: 3.2598339438438417, grad_loss: None
2022-04-22 13:55:17,693 DEBUG epoch: 53, train_acc: 23.90625, val_acc: 23.17, fidel_score: 27.95, acc_loss: 3.199151003360748, grad_loss: None
2022-04-22 13:55:18,971 DEBUG epoch: 54, train_acc: 24.453125, val_acc: 22.84, fidel_score: 27.58, acc_loss: 3.1865938186645506, grad_loss: None
2022-04-22 13:55:20,258 DEBUG epoch: 55, train_acc: 23.90625, val_acc: 22.63, fidel_score: 27.06, acc_loss: 3.2270780324935915, grad_loss: None
2022-04-22 13:55:21,540 DEBUG epoch: 56, train_acc: 24.8046875, val_acc: 22.67, fidel_score: 27.3, acc_loss: 3.187186563014984, grad_loss: None
2022-04-22 13:55:22,817 DEBUG epoch: 57, train_acc: 22.5390625, val_acc: 22.37, fidel_score: 26.54, acc_loss: 3.203190100193024, grad_loss: None
2022-04-22 13:55:24,084 DEBUG epoch: 58, train_acc: 23.9453125, val_acc: 22.16, fidel_score: 26.51, acc_loss: 3.158069682121277, grad_loss: None
2022-04-22 13:55:25,365 DEBUG epoch: 59, train_acc: 24.6875, val_acc: 22.63, fidel_score: 27.18, acc_loss: 3.144246292114258, grad_loss: None
2022-04-22 13:55:26,631 DEBUG epoch: 60, train_acc: 24.0625, val_acc: 23.02, fidel_score: 27.57, acc_loss: 3.171755790710449, grad_loss: None
2022-04-22 13:55:27,915 DEBUG epoch: 61, train_acc: 24.3359375, val_acc: 22.96, fidel_score: 27.51, acc_loss: 3.1425321221351625, grad_loss: None
2022-04-22 13:55:29,181 DEBUG epoch: 62, train_acc: 26.328125, val_acc: 23.05, fidel_score: 27.68, acc_loss: 3.1194668769836427, grad_loss: None
2022-04-22 13:55:30,459 DEBUG epoch: 63, train_acc: 25.703125, val_acc: 22.79, fidel_score: 27.41, acc_loss: 3.1649346590042113, grad_loss: None
2022-04-22 13:55:31,728 DEBUG epoch: 64, train_acc: 25.78125, val_acc: 22.76, fidel_score: 27.34, acc_loss: 3.134340739250183, grad_loss: None
2022-04-22 13:55:32,997 DEBUG epoch: 65, train_acc: 25.625, val_acc: 22.45, fidel_score: 27.02, acc_loss: 3.137800419330597, grad_loss: None
2022-04-22 13:55:34,282 DEBUG epoch: 66, train_acc: 27.578125, val_acc: 22.21, fidel_score: 26.65, acc_loss: 3.0977108001708986, grad_loss: None
2022-04-22 13:55:35,549 DEBUG epoch: 67, train_acc: 25.3515625, val_acc: 22.16, fidel_score: 26.55, acc_loss: 3.1247947573661805, grad_loss: None
2022-04-22 13:55:36,832 DEBUG epoch: 68, train_acc: 25.703125, val_acc: 22.47, fidel_score: 26.91, acc_loss: 3.093420720100403, grad_loss: None
2022-04-22 13:55:38,130 DEBUG epoch: 69, train_acc: 25.78125, val_acc: 22.54, fidel_score: 26.95, acc_loss: 3.109376347064972, grad_loss: None
2022-04-22 13:55:39,399 DEBUG epoch: 70, train_acc: 27.265625, val_acc: 22.18, fidel_score: 26.69, acc_loss: 3.1258756518363953, grad_loss: None
2022-04-22 13:55:40,682 DEBUG epoch: 71, train_acc: 27.109375, val_acc: 22.36, fidel_score: 26.89, acc_loss: 3.101161479949951, grad_loss: None
2022-04-22 13:55:41,964 DEBUG epoch: 72, train_acc: 26.7578125, val_acc: 22.59, fidel_score: 27.16, acc_loss: 3.0981262564659118, grad_loss: None
2022-04-22 13:55:43,253 DEBUG epoch: 73, train_acc: 25.7421875, val_acc: 22.48, fidel_score: 26.88, acc_loss: 3.13045893907547, grad_loss: None
2022-04-22 13:55:44,528 DEBUG epoch: 74, train_acc: 25.5859375, val_acc: 22.61, fidel_score: 27.09, acc_loss: 3.155158221721649, grad_loss: None
2022-04-22 13:55:45,812 DEBUG epoch: 75, train_acc: 25.546875, val_acc: 22.62, fidel_score: 27.06, acc_loss: 3.1114524483680723, grad_loss: None
2022-04-22 13:55:47,086 DEBUG epoch: 76, train_acc: 24.4140625, val_acc: 22.26, fidel_score: 26.67, acc_loss: 3.1899704456329347, grad_loss: None
2022-04-22 13:55:48,359 DEBUG epoch: 77, train_acc: 25.5078125, val_acc: 22.17, fidel_score: 26.53, acc_loss: 3.123840165138245, grad_loss: None
2022-04-22 13:55:49,637 DEBUG epoch: 78, train_acc: 27.421875, val_acc: 22.5, fidel_score: 26.81, acc_loss: 3.069834303855896, grad_loss: None
2022-04-22 13:55:50,924 DEBUG epoch: 79, train_acc: 26.71875, val_acc: 22.54, fidel_score: 26.98, acc_loss: 3.111016023159027, grad_loss: None
2022-04-22 13:55:52,210 DEBUG epoch: 80, train_acc: 26.5625, val_acc: 22.67, fidel_score: 27.16, acc_loss: 3.0859360218048097, grad_loss: None
2022-04-22 13:55:53,495 DEBUG epoch: 81, train_acc: 26.2890625, val_acc: 22.54, fidel_score: 27.05, acc_loss: 3.0935267925262453, grad_loss: None
2022-04-22 13:55:54,773 DEBUG epoch: 82, train_acc: 25.9375, val_acc: 22.22, fidel_score: 26.57, acc_loss: 3.08660808801651, grad_loss: None
2022-04-22 13:55:56,047 DEBUG epoch: 83, train_acc: 26.9140625, val_acc: 22.24, fidel_score: 26.53, acc_loss: 3.0790243983268737, grad_loss: None
2022-04-22 13:55:57,331 DEBUG epoch: 84, train_acc: 24.84375, val_acc: 22.42, fidel_score: 26.86, acc_loss: 3.113377642631531, grad_loss: None
2022-04-22 13:55:58,604 DEBUG epoch: 85, train_acc: 24.8828125, val_acc: 22.68, fidel_score: 27.15, acc_loss: 3.099234127998352, grad_loss: None
2022-04-22 13:55:59,875 DEBUG epoch: 86, train_acc: 26.6015625, val_acc: 22.8, fidel_score: 27.25, acc_loss: 3.0887606143951416, grad_loss: None
2022-04-22 13:56:01,148 DEBUG epoch: 87, train_acc: 25.9375, val_acc: 22.81, fidel_score: 27.22, acc_loss: 3.0912456631660463, grad_loss: None
2022-04-22 13:56:02,427 DEBUG epoch: 88, train_acc: 26.0546875, val_acc: 22.48, fidel_score: 26.72, acc_loss: 3.1089796662330627, grad_loss: None
2022-04-22 13:56:03,713 DEBUG epoch: 89, train_acc: 26.9140625, val_acc: 22.66, fidel_score: 27.05, acc_loss: 3.082667624950409, grad_loss: None
2022-04-22 13:56:04,987 DEBUG epoch: 90, train_acc: 28.203125, val_acc: 22.73, fidel_score: 27.22, acc_loss: 3.0721567630767823, grad_loss: None
2022-04-22 13:56:06,269 DEBUG epoch: 91, train_acc: 26.5234375, val_acc: 22.52, fidel_score: 26.97, acc_loss: 3.088871967792511, grad_loss: None
2022-04-22 13:56:07,552 DEBUG epoch: 92, train_acc: 25.8984375, val_acc: 22.5, fidel_score: 26.85, acc_loss: 3.084409511089325, grad_loss: None
2022-04-22 13:56:08,825 DEBUG epoch: 93, train_acc: 26.6015625, val_acc: 22.37, fidel_score: 26.76, acc_loss: 3.0824175477027893, grad_loss: None
2022-04-22 13:56:10,111 DEBUG epoch: 94, train_acc: 26.4453125, val_acc: 22.23, fidel_score: 26.66, acc_loss: 3.1008853197097777, grad_loss: None
2022-04-22 13:56:11,395 DEBUG epoch: 95, train_acc: 27.96875, val_acc: 22.44, fidel_score: 26.82, acc_loss: 3.06941020488739, grad_loss: None
2022-04-22 13:56:12,673 DEBUG epoch: 96, train_acc: 26.25, val_acc: 22.43, fidel_score: 26.83, acc_loss: 3.0622623205184936, grad_loss: None
2022-04-22 13:56:13,982 DEBUG epoch: 97, train_acc: 25.8203125, val_acc: 22.51, fidel_score: 27.01, acc_loss: 3.082631766796112, grad_loss: None
2022-04-22 13:56:15,269 DEBUG epoch: 98, train_acc: 26.9921875, val_acc: 22.48, fidel_score: 26.92, acc_loss: 3.0975233912467957, grad_loss: None
2022-04-22 13:56:16,544 DEBUG epoch: 99, train_acc: 25.078125, val_acc: 22.77, fidel_score: 27.28, acc_loss: 3.104680037498474, grad_loss: None
2022-04-22 13:56:17,816 DEBUG epoch: 100, train_acc: 26.25, val_acc: 22.48, fidel_score: 26.84, acc_loss: 3.0819872975349427, grad_loss: None
2022-04-22 13:56:19,107 DEBUG epoch: 101, train_acc: 28.8671875, val_acc: 22.51, fidel_score: 26.8, acc_loss: 3.0049325823783875, grad_loss: None
2022-04-22 13:56:20,406 DEBUG epoch: 102, train_acc: 25.9375, val_acc: 22.64, fidel_score: 27.12, acc_loss: 3.086687612533569, grad_loss: None
2022-04-22 13:56:21,684 DEBUG epoch: 103, train_acc: 28.046875, val_acc: 22.31, fidel_score: 26.63, acc_loss: 3.023861825466156, grad_loss: None
2022-04-22 13:56:22,969 DEBUG epoch: 104, train_acc: 27.7734375, val_acc: 22.1, fidel_score: 26.4, acc_loss: 3.0163894653320313, grad_loss: None
2022-04-22 13:56:24,250 DEBUG epoch: 105, train_acc: 27.0703125, val_acc: 22.54, fidel_score: 26.92, acc_loss: 3.0610614657402038, grad_loss: None
2022-04-22 13:56:25,522 DEBUG epoch: 106, train_acc: 27.6953125, val_acc: 22.49, fidel_score: 26.93, acc_loss: 3.0679754972457887, grad_loss: None
2022-04-22 13:56:26,791 DEBUG epoch: 107, train_acc: 26.484375, val_acc: 22.48, fidel_score: 26.81, acc_loss: 3.0645262718200685, grad_loss: None
2022-04-22 13:56:28,061 DEBUG epoch: 108, train_acc: 28.671875, val_acc: 22.55, fidel_score: 26.91, acc_loss: 3.0344895243644716, grad_loss: None
2022-04-22 13:56:29,325 DEBUG epoch: 109, train_acc: 26.8359375, val_acc: 22.67, fidel_score: 27.07, acc_loss: 3.0935653686523437, grad_loss: None
2022-04-22 13:56:30,608 DEBUG epoch: 110, train_acc: 27.734375, val_acc: 22.7, fidel_score: 27.09, acc_loss: 3.0327316880226136, grad_loss: None
2022-04-22 13:56:31,887 DEBUG epoch: 111, train_acc: 28.203125, val_acc: 22.53, fidel_score: 26.86, acc_loss: 3.0393463730812074, grad_loss: None
2022-04-22 13:56:33,173 DEBUG epoch: 112, train_acc: 26.6015625, val_acc: 22.52, fidel_score: 26.86, acc_loss: 3.0729296445846557, grad_loss: None
2022-04-22 13:56:34,458 DEBUG epoch: 113, train_acc: 28.1640625, val_acc: 22.55, fidel_score: 26.86, acc_loss: 3.0353793859481812, grad_loss: None
2022-04-22 13:56:35,729 DEBUG epoch: 114, train_acc: 26.6015625, val_acc: 22.22, fidel_score: 26.57, acc_loss: 3.0394453406333923, grad_loss: None
2022-04-22 13:56:37,016 DEBUG epoch: 115, train_acc: 27.6171875, val_acc: 22.03, fidel_score: 26.22, acc_loss: 3.035520815849304, grad_loss: None
2022-04-22 13:56:38,307 DEBUG epoch: 116, train_acc: 26.09375, val_acc: 22.05, fidel_score: 26.35, acc_loss: 3.060872435569763, grad_loss: None
2022-04-22 13:56:39,599 DEBUG epoch: 117, train_acc: 26.5234375, val_acc: 22.51, fidel_score: 26.92, acc_loss: 3.0244750499725344, grad_loss: None
2022-04-22 13:56:40,886 DEBUG epoch: 118, train_acc: 28.203125, val_acc: 22.36, fidel_score: 26.78, acc_loss: 3.007008683681488, grad_loss: None
2022-04-22 13:56:42,156 DEBUG epoch: 119, train_acc: 26.71875, val_acc: 22.38, fidel_score: 26.78, acc_loss: 3.070591950416565, grad_loss: None
2022-04-22 13:56:43,442 DEBUG epoch: 120, train_acc: 27.3828125, val_acc: 22.29, fidel_score: 26.72, acc_loss: 3.0251957535743714, grad_loss: None
2022-04-22 13:56:44,723 DEBUG epoch: 121, train_acc: 25.5859375, val_acc: 22.35, fidel_score: 26.69, acc_loss: 3.0738208651542664, grad_loss: None
2022-04-22 13:56:46,006 DEBUG epoch: 122, train_acc: 27.109375, val_acc: 22.23, fidel_score: 26.54, acc_loss: 3.036241960525513, grad_loss: None
2022-04-22 13:56:47,285 DEBUG epoch: 123, train_acc: 27.890625, val_acc: 22.43, fidel_score: 26.81, acc_loss: 3.0114869832992555, grad_loss: None
2022-04-22 13:56:48,562 DEBUG epoch: 124, train_acc: 27.5390625, val_acc: 22.31, fidel_score: 26.5, acc_loss: 3.0257519483566284, grad_loss: None
2022-04-22 13:56:49,842 DEBUG epoch: 125, train_acc: 27.03125, val_acc: 21.95, fidel_score: 26.12, acc_loss: 3.070837414264679, grad_loss: None
2022-04-22 13:56:51,125 DEBUG epoch: 126, train_acc: 28.359375, val_acc: 21.86, fidel_score: 26.03, acc_loss: 3.0110820293426515, grad_loss: None
2022-04-22 13:56:52,404 DEBUG epoch: 127, train_acc: 26.1328125, val_acc: 22.05, fidel_score: 26.35, acc_loss: 3.0369444489479065, grad_loss: None
2022-04-22 13:56:53,691 DEBUG epoch: 128, train_acc: 26.71875, val_acc: 22.42, fidel_score: 26.8, acc_loss: 3.0439947843551636, grad_loss: None
2022-04-22 13:56:54,964 DEBUG epoch: 129, train_acc: 27.4609375, val_acc: 22.45, fidel_score: 26.85, acc_loss: 3.0096346497535706, grad_loss: None
2022-04-22 13:56:56,253 DEBUG epoch: 130, train_acc: 26.3671875, val_acc: 22.33, fidel_score: 26.66, acc_loss: 3.04403076171875, grad_loss: None
2022-04-22 13:56:57,537 DEBUG epoch: 131, train_acc: 29.140625, val_acc: 22.42, fidel_score: 26.71, acc_loss: 3.008652091026306, grad_loss: None
2022-04-22 13:56:58,818 DEBUG epoch: 132, train_acc: 27.3046875, val_acc: 22.46, fidel_score: 26.81, acc_loss: 3.0282734036445618, grad_loss: None
2022-04-22 13:57:00,102 DEBUG epoch: 133, train_acc: 27.1875, val_acc: 22.41, fidel_score: 26.74, acc_loss: 3.0284714221954347, grad_loss: None
2022-04-22 13:57:01,378 DEBUG epoch: 134, train_acc: 27.3828125, val_acc: 22.56, fidel_score: 26.93, acc_loss: 3.0205535173416136, grad_loss: None
2022-04-22 13:57:02,656 DEBUG epoch: 135, train_acc: 28.515625, val_acc: 22.38, fidel_score: 26.77, acc_loss: 3.0072424173355103, grad_loss: None
2022-04-22 13:57:03,927 DEBUG epoch: 136, train_acc: 27.6171875, val_acc: 22.34, fidel_score: 26.67, acc_loss: 3.025827980041504, grad_loss: None
2022-04-22 13:57:05,214 DEBUG epoch: 137, train_acc: 28.3984375, val_acc: 22.34, fidel_score: 26.71, acc_loss: 3.0326794147491456, grad_loss: None
2022-04-22 13:57:06,488 DEBUG epoch: 138, train_acc: 29.921875, val_acc: 22.5, fidel_score: 26.87, acc_loss: 2.962416040897369, grad_loss: None
2022-04-22 13:57:07,773 DEBUG epoch: 139, train_acc: 27.0703125, val_acc: 22.36, fidel_score: 26.71, acc_loss: 3.0205746054649354, grad_loss: None
2022-04-22 13:57:09,047 DEBUG epoch: 140, train_acc: 27.421875, val_acc: 22.25, fidel_score: 26.45, acc_loss: 3.008216106891632, grad_loss: None
2022-04-22 13:57:10,323 DEBUG epoch: 141, train_acc: 25.546875, val_acc: 22.51, fidel_score: 26.79, acc_loss: 3.0510174036026, grad_loss: None
2022-04-22 13:57:11,602 DEBUG epoch: 142, train_acc: 28.8671875, val_acc: 22.42, fidel_score: 26.73, acc_loss: 2.9963428378105164, grad_loss: None
2022-04-22 13:57:12,897 DEBUG epoch: 143, train_acc: 28.203125, val_acc: 22.31, fidel_score: 26.56, acc_loss: 2.981816530227661, grad_loss: None
2022-04-22 13:57:14,172 DEBUG epoch: 144, train_acc: 28.7890625, val_acc: 22.33, fidel_score: 26.63, acc_loss: 2.980994462966919, grad_loss: None
2022-04-22 13:57:15,447 DEBUG epoch: 145, train_acc: 26.5234375, val_acc: 22.37, fidel_score: 26.63, acc_loss: 2.997960686683655, grad_loss: None
2022-04-22 13:57:16,742 DEBUG epoch: 146, train_acc: 27.734375, val_acc: 21.94, fidel_score: 26.22, acc_loss: 3.0128126978874206, grad_loss: None
2022-04-22 13:57:18,024 DEBUG epoch: 147, train_acc: 29.375, val_acc: 22.46, fidel_score: 26.83, acc_loss: 2.9767130970954896, grad_loss: None
2022-04-22 13:57:19,299 DEBUG epoch: 148, train_acc: 29.0234375, val_acc: 22.01, fidel_score: 26.32, acc_loss: 2.9789424419403074, grad_loss: None
2022-04-22 13:57:20,577 DEBUG epoch: 149, train_acc: 27.96875, val_acc: 21.94, fidel_score: 26.16, acc_loss: 2.9990827798843385, grad_loss: None
2022-04-22 13:57:21,850 DEBUG epoch: 150, train_acc: 27.4609375, val_acc: 22.0, fidel_score: 26.17, acc_loss: 2.9967389941215514, grad_loss: None
2022-04-22 13:57:23,122 DEBUG epoch: 151, train_acc: 28.4765625, val_acc: 21.98, fidel_score: 26.09, acc_loss: 2.999785101413727, grad_loss: None
2022-04-22 13:57:24,401 DEBUG epoch: 152, train_acc: 29.140625, val_acc: 21.93, fidel_score: 26.1, acc_loss: 2.9969413042068482, grad_loss: None
2022-04-22 13:57:25,683 DEBUG epoch: 153, train_acc: 27.6171875, val_acc: 21.9, fidel_score: 26.06, acc_loss: 3.017204022407532, grad_loss: None
2022-04-22 13:57:26,965 DEBUG epoch: 154, train_acc: 28.046875, val_acc: 21.86, fidel_score: 26.05, acc_loss: 3.0143073439598083, grad_loss: None
2022-04-22 13:57:28,241 DEBUG epoch: 155, train_acc: 29.21875, val_acc: 21.86, fidel_score: 26.03, acc_loss: 2.9483377575874328, grad_loss: None
2022-04-22 13:57:29,516 DEBUG epoch: 156, train_acc: 29.2578125, val_acc: 21.76, fidel_score: 25.95, acc_loss: 2.99480402469635, grad_loss: None
2022-04-22 13:57:30,802 DEBUG epoch: 157, train_acc: 28.203125, val_acc: 21.86, fidel_score: 26.05, acc_loss: 2.9854222536087036, grad_loss: None
2022-04-22 13:57:32,071 DEBUG epoch: 158, train_acc: 28.3984375, val_acc: 21.89, fidel_score: 26.13, acc_loss: 2.9701199769973754, grad_loss: None
2022-04-22 13:57:33,359 DEBUG epoch: 159, train_acc: 29.921875, val_acc: 21.84, fidel_score: 26.09, acc_loss: 2.9397429704666136, grad_loss: None
2022-04-22 13:57:34,638 DEBUG epoch: 160, train_acc: 28.2421875, val_acc: 21.91, fidel_score: 26.11, acc_loss: 2.992948031425476, grad_loss: None
2022-04-22 13:57:35,927 DEBUG epoch: 161, train_acc: 28.90625, val_acc: 21.79, fidel_score: 26.01, acc_loss: 3.0201555728912353, grad_loss: None
2022-04-22 13:57:37,204 DEBUG epoch: 162, train_acc: 29.609375, val_acc: 21.83, fidel_score: 26.09, acc_loss: 2.9327258706092834, grad_loss: None
2022-04-22 13:57:38,483 DEBUG epoch: 163, train_acc: 29.375, val_acc: 21.86, fidel_score: 26.13, acc_loss: 2.9677493810653686, grad_loss: None
2022-04-22 13:57:39,756 DEBUG epoch: 164, train_acc: 28.59375, val_acc: 21.92, fidel_score: 26.19, acc_loss: 3.012297582626343, grad_loss: None
2022-04-22 13:57:41,028 DEBUG epoch: 165, train_acc: 27.8125, val_acc: 21.97, fidel_score: 26.23, acc_loss: 3.0034508228302004, grad_loss: None
2022-04-22 13:57:42,307 DEBUG epoch: 166, train_acc: 27.6171875, val_acc: 22.09, fidel_score: 26.41, acc_loss: 3.0232614040374757, grad_loss: None
2022-04-22 13:57:43,589 DEBUG epoch: 167, train_acc: 29.296875, val_acc: 22.0, fidel_score: 26.34, acc_loss: 2.9625384330749513, grad_loss: None
2022-04-22 13:57:44,863 DEBUG epoch: 168, train_acc: 29.21875, val_acc: 22.05, fidel_score: 26.4, acc_loss: 2.976636028289795, grad_loss: None
2022-04-22 13:57:46,140 DEBUG epoch: 169, train_acc: 28.1640625, val_acc: 22.09, fidel_score: 26.39, acc_loss: 3.0003389000892637, grad_loss: None
2022-04-22 13:57:47,413 DEBUG epoch: 170, train_acc: 27.3046875, val_acc: 22.08, fidel_score: 26.38, acc_loss: 3.0057482600212095, grad_loss: None
2022-04-22 13:57:48,685 DEBUG epoch: 171, train_acc: 28.0078125, val_acc: 22.08, fidel_score: 26.34, acc_loss: 2.974404549598694, grad_loss: None
2022-04-22 13:57:49,966 DEBUG epoch: 172, train_acc: 29.6484375, val_acc: 22.05, fidel_score: 26.33, acc_loss: 2.938108468055725, grad_loss: None
2022-04-22 13:57:51,257 DEBUG epoch: 173, train_acc: 27.5390625, val_acc: 22.05, fidel_score: 26.32, acc_loss: 3.009893023967743, grad_loss: None
2022-04-22 13:57:52,528 DEBUG epoch: 174, train_acc: 27.6953125, val_acc: 22.11, fidel_score: 26.44, acc_loss: 3.0195823550224303, grad_loss: None
2022-04-22 13:57:53,805 DEBUG epoch: 175, train_acc: 28.671875, val_acc: 22.09, fidel_score: 26.4, acc_loss: 2.9693166732788088, grad_loss: None
2022-04-22 13:57:55,085 DEBUG epoch: 176, train_acc: 28.8671875, val_acc: 22.03, fidel_score: 26.33, acc_loss: 2.9923303842544557, grad_loss: None
2022-04-22 13:57:56,352 DEBUG epoch: 177, train_acc: 28.6328125, val_acc: 22.03, fidel_score: 26.32, acc_loss: 2.9625063300132752, grad_loss: None
2022-04-22 13:57:57,646 DEBUG epoch: 178, train_acc: 28.7109375, val_acc: 22.03, fidel_score: 26.29, acc_loss: 2.927438735961914, grad_loss: None
2022-04-22 13:57:58,916 DEBUG epoch: 179, train_acc: 28.125, val_acc: 22.05, fidel_score: 26.31, acc_loss: 3.002167117595673, grad_loss: None
2022-04-22 13:58:00,190 DEBUG epoch: 180, train_acc: 27.34375, val_acc: 22.14, fidel_score: 26.42, acc_loss: 2.9802081108093263, grad_loss: None
2022-04-22 13:58:01,454 DEBUG epoch: 181, train_acc: 28.359375, val_acc: 22.1, fidel_score: 26.37, acc_loss: 3.0185057282447816, grad_loss: None
2022-04-22 13:58:02,728 DEBUG epoch: 182, train_acc: 28.2421875, val_acc: 22.05, fidel_score: 26.35, acc_loss: 2.9901495814323424, grad_loss: None
2022-04-22 13:58:04,012 DEBUG epoch: 183, train_acc: 27.5390625, val_acc: 22.2, fidel_score: 26.5, acc_loss: 3.023152029514313, grad_loss: None
2022-04-22 13:58:05,301 DEBUG epoch: 184, train_acc: 28.9453125, val_acc: 22.03, fidel_score: 26.31, acc_loss: 2.9811753034591675, grad_loss: None
2022-04-22 13:58:06,582 DEBUG epoch: 185, train_acc: 28.6328125, val_acc: 22.0, fidel_score: 26.3, acc_loss: 2.9710348010063172, grad_loss: None
2022-04-22 13:58:07,873 DEBUG epoch: 186, train_acc: 28.8671875, val_acc: 21.93, fidel_score: 26.14, acc_loss: 2.960744333267212, grad_loss: None
2022-04-22 13:58:09,139 DEBUG epoch: 187, train_acc: 28.984375, val_acc: 21.88, fidel_score: 26.11, acc_loss: 2.996592116355896, grad_loss: None
2022-04-22 13:58:10,411 DEBUG epoch: 188, train_acc: 28.5546875, val_acc: 21.82, fidel_score: 26.0, acc_loss: 2.9580925941467284, grad_loss: None
2022-04-22 13:58:11,690 DEBUG epoch: 189, train_acc: 28.046875, val_acc: 21.79, fidel_score: 25.99, acc_loss: 3.002734935283661, grad_loss: None
2022-04-22 13:58:12,961 DEBUG epoch: 190, train_acc: 29.375, val_acc: 21.77, fidel_score: 25.99, acc_loss: 2.9775150775909425, grad_loss: None
2022-04-22 13:58:14,244 DEBUG epoch: 191, train_acc: 29.1015625, val_acc: 21.67, fidel_score: 25.91, acc_loss: 2.961941659450531, grad_loss: None
2022-04-22 13:58:15,511 DEBUG epoch: 192, train_acc: 28.203125, val_acc: 21.74, fidel_score: 26.01, acc_loss: 2.980540764331818, grad_loss: None
2022-04-22 13:58:16,783 DEBUG epoch: 193, train_acc: 27.3828125, val_acc: 21.87, fidel_score: 26.16, acc_loss: 3.0099284768104555, grad_loss: None
2022-04-22 13:58:18,050 DEBUG epoch: 194, train_acc: 27.1484375, val_acc: 21.81, fidel_score: 26.1, acc_loss: 3.036953496932983, grad_loss: None
2022-04-22 13:58:19,329 DEBUG epoch: 195, train_acc: 27.1875, val_acc: 21.79, fidel_score: 26.1, acc_loss: 2.975935971736908, grad_loss: None
2022-04-22 13:58:20,609 DEBUG epoch: 196, train_acc: 29.453125, val_acc: 21.8, fidel_score: 26.08, acc_loss: 2.9409915089607237, grad_loss: None
2022-04-22 13:58:21,875 DEBUG epoch: 197, train_acc: 27.890625, val_acc: 21.78, fidel_score: 26.04, acc_loss: 3.041121256351471, grad_loss: None
2022-04-22 13:58:23,154 DEBUG epoch: 198, train_acc: 28.4765625, val_acc: 21.82, fidel_score: 26.05, acc_loss: 2.9965415239334106, grad_loss: None
2022-04-22 13:58:24,429 DEBUG epoch: 199, train_acc: 28.28125, val_acc: 21.87, fidel_score: 26.12, acc_loss: 2.9790859460830688, grad_loss: None
2022-04-22 13:58:25,701 DEBUG epoch: 200, train_acc: 28.2421875, val_acc: 21.91, fidel_score: 26.2, acc_loss: 2.9597607612609864, grad_loss: None
2022-04-22 13:58:26,981 DEBUG epoch: 201, train_acc: 29.6875, val_acc: 21.95, fidel_score: 26.21, acc_loss: 2.967830014228821, grad_loss: None
2022-04-22 13:58:28,251 DEBUG epoch: 202, train_acc: 27.65625, val_acc: 22.03, fidel_score: 26.28, acc_loss: 3.0134618401527407, grad_loss: None
2022-04-22 13:58:29,532 DEBUG epoch: 203, train_acc: 28.828125, val_acc: 22.04, fidel_score: 26.34, acc_loss: 2.9910685539245607, grad_loss: None
2022-04-22 13:58:30,807 DEBUG epoch: 204, train_acc: 28.75, val_acc: 21.95, fidel_score: 26.25, acc_loss: 2.9768638372421266, grad_loss: None
2022-04-22 13:58:32,097 DEBUG epoch: 205, train_acc: 28.0859375, val_acc: 21.9, fidel_score: 26.2, acc_loss: 2.9721890091896057, grad_loss: None
2022-04-22 13:58:33,368 DEBUG epoch: 206, train_acc: 26.640625, val_acc: 21.97, fidel_score: 26.18, acc_loss: 3.0358968138694764, grad_loss: None
2022-04-22 13:58:34,640 DEBUG epoch: 207, train_acc: 27.6953125, val_acc: 21.95, fidel_score: 26.19, acc_loss: 3.005448508262634, grad_loss: None
2022-04-22 13:58:35,926 DEBUG epoch: 208, train_acc: 28.4375, val_acc: 21.92, fidel_score: 26.24, acc_loss: 2.9615678668022154, grad_loss: None
2022-04-22 13:58:37,192 DEBUG epoch: 209, train_acc: 30.234375, val_acc: 22.02, fidel_score: 26.28, acc_loss: 2.937096416950226, grad_loss: None
2022-04-22 13:58:38,479 DEBUG epoch: 210, train_acc: 29.2578125, val_acc: 22.03, fidel_score: 26.25, acc_loss: 2.934347951412201, grad_loss: None
2022-04-22 13:58:39,769 DEBUG epoch: 211, train_acc: 29.1796875, val_acc: 21.9, fidel_score: 26.11, acc_loss: 2.960790491104126, grad_loss: None
2022-04-22 13:58:41,058 DEBUG epoch: 212, train_acc: 28.359375, val_acc: 21.91, fidel_score: 26.13, acc_loss: 2.996131384372711, grad_loss: None
2022-04-22 13:58:42,327 DEBUG epoch: 213, train_acc: 27.6953125, val_acc: 22.04, fidel_score: 26.29, acc_loss: 3.0005296230316163, grad_loss: None
2022-04-22 13:58:43,594 DEBUG epoch: 214, train_acc: 28.6328125, val_acc: 22.0, fidel_score: 26.22, acc_loss: 2.985991382598877, grad_loss: None
2022-04-22 13:58:44,872 DEBUG epoch: 215, train_acc: 28.7890625, val_acc: 22.01, fidel_score: 26.26, acc_loss: 2.9777825474739075, grad_loss: None
2022-04-22 13:58:46,157 DEBUG epoch: 216, train_acc: 26.0546875, val_acc: 22.0, fidel_score: 26.29, acc_loss: 2.997564423084259, grad_loss: None
2022-04-22 13:58:47,434 DEBUG epoch: 217, train_acc: 27.96875, val_acc: 21.9, fidel_score: 26.16, acc_loss: 2.986403465270996, grad_loss: None
2022-04-22 13:58:48,710 DEBUG epoch: 218, train_acc: 30.4296875, val_acc: 21.77, fidel_score: 26.08, acc_loss: 2.935641622543335, grad_loss: None
2022-04-22 13:58:49,980 DEBUG epoch: 219, train_acc: 28.125, val_acc: 21.74, fidel_score: 26.06, acc_loss: 2.9933710932731628, grad_loss: None
2022-04-22 13:58:51,266 DEBUG epoch: 220, train_acc: 27.734375, val_acc: 21.82, fidel_score: 26.11, acc_loss: 3.0076870679855348, grad_loss: None
2022-04-22 13:58:52,553 DEBUG epoch: 221, train_acc: 27.7734375, val_acc: 21.88, fidel_score: 26.22, acc_loss: 3.00613911151886, grad_loss: None
2022-04-22 13:58:53,829 DEBUG epoch: 222, train_acc: 28.7890625, val_acc: 21.95, fidel_score: 26.25, acc_loss: 2.938750755786896, grad_loss: None
2022-04-22 13:58:55,100 DEBUG epoch: 223, train_acc: 28.0859375, val_acc: 21.91, fidel_score: 26.23, acc_loss: 3.010790431499481, grad_loss: None
2022-04-22 13:58:56,378 DEBUG epoch: 224, train_acc: 28.4765625, val_acc: 21.95, fidel_score: 26.22, acc_loss: 2.9618975162506103, grad_loss: None
2022-04-22 13:58:57,649 DEBUG epoch: 225, train_acc: 27.265625, val_acc: 21.87, fidel_score: 26.15, acc_loss: 2.9999610424041747, grad_loss: None
2022-04-22 13:58:58,923 DEBUG epoch: 226, train_acc: 29.9609375, val_acc: 21.93, fidel_score: 26.21, acc_loss: 2.933202123641968, grad_loss: None
2022-04-22 13:59:00,207 DEBUG epoch: 227, train_acc: 28.75, val_acc: 21.91, fidel_score: 26.22, acc_loss: 2.9318835616111754, grad_loss: None
2022-04-22 13:59:01,489 DEBUG epoch: 228, train_acc: 29.3359375, val_acc: 21.94, fidel_score: 26.2, acc_loss: 2.9585749387741087, grad_loss: None
2022-04-22 13:59:02,768 DEBUG epoch: 229, train_acc: 29.4140625, val_acc: 21.98, fidel_score: 26.24, acc_loss: 2.953398549556732, grad_loss: None
2022-04-22 13:59:04,064 DEBUG epoch: 230, train_acc: 29.140625, val_acc: 21.99, fidel_score: 26.21, acc_loss: 2.9436994194984436, grad_loss: None
2022-04-22 13:59:05,340 DEBUG epoch: 231, train_acc: 27.109375, val_acc: 21.95, fidel_score: 26.23, acc_loss: 2.9944769978523254, grad_loss: None
2022-04-22 13:59:06,616 DEBUG epoch: 232, train_acc: 27.9296875, val_acc: 21.91, fidel_score: 26.16, acc_loss: 3.003819453716278, grad_loss: None
2022-04-22 13:59:07,889 DEBUG epoch: 233, train_acc: 29.1796875, val_acc: 21.94, fidel_score: 26.19, acc_loss: 2.964341950416565, grad_loss: None
2022-04-22 13:59:09,162 DEBUG epoch: 234, train_acc: 28.0859375, val_acc: 22.02, fidel_score: 26.29, acc_loss: 2.9865454912185667, grad_loss: None
2022-04-22 13:59:10,434 DEBUG epoch: 235, train_acc: 27.1875, val_acc: 22.06, fidel_score: 26.32, acc_loss: 3.028686499595642, grad_loss: None
2022-04-22 13:59:11,709 DEBUG epoch: 236, train_acc: 29.8828125, val_acc: 22.01, fidel_score: 26.22, acc_loss: 2.963764417171478, grad_loss: None
2022-04-22 13:59:12,984 DEBUG epoch: 237, train_acc: 28.7890625, val_acc: 21.95, fidel_score: 26.21, acc_loss: 2.9739574670791624, grad_loss: None
2022-04-22 13:59:14,257 DEBUG epoch: 238, train_acc: 28.5546875, val_acc: 21.96, fidel_score: 26.17, acc_loss: 2.995871937274933, grad_loss: None
2022-04-22 13:59:15,528 DEBUG epoch: 239, train_acc: 28.5546875, val_acc: 21.98, fidel_score: 26.21, acc_loss: 2.9647137045860292, grad_loss: None
2022-04-22 13:59:16,814 DEBUG epoch: 240, train_acc: 29.3359375, val_acc: 21.98, fidel_score: 26.2, acc_loss: 2.952754557132721, grad_loss: None
2022-04-22 13:59:18,089 DEBUG epoch: 241, train_acc: 28.828125, val_acc: 21.99, fidel_score: 26.19, acc_loss: 2.970611107349396, grad_loss: None
2022-04-22 13:59:19,358 DEBUG epoch: 242, train_acc: 28.5546875, val_acc: 22.01, fidel_score: 26.22, acc_loss: 2.9949617743492127, grad_loss: None
2022-04-22 13:59:20,645 DEBUG epoch: 243, train_acc: 30.703125, val_acc: 21.94, fidel_score: 26.17, acc_loss: 2.929231381416321, grad_loss: None
2022-04-22 13:59:21,916 DEBUG epoch: 244, train_acc: 27.9296875, val_acc: 21.94, fidel_score: 26.15, acc_loss: 2.976726400852203, grad_loss: None
2022-04-22 13:59:23,190 DEBUG epoch: 245, train_acc: 27.1875, val_acc: 21.95, fidel_score: 26.16, acc_loss: 2.9941565871238707, grad_loss: None
2022-04-22 13:59:24,474 DEBUG epoch: 246, train_acc: 29.140625, val_acc: 21.91, fidel_score: 26.12, acc_loss: 2.979316198825836, grad_loss: None
2022-04-22 13:59:25,745 DEBUG epoch: 247, train_acc: 29.1796875, val_acc: 21.9, fidel_score: 26.09, acc_loss: 2.953725039958954, grad_loss: None
2022-04-22 13:59:27,025 DEBUG epoch: 248, train_acc: 29.6484375, val_acc: 21.92, fidel_score: 26.1, acc_loss: 2.9341301321983337, grad_loss: None
2022-04-22 13:59:28,305 DEBUG epoch: 249, train_acc: 28.5546875, val_acc: 21.9, fidel_score: 26.07, acc_loss: 2.986747133731842, grad_loss: None
2022-04-22 13:59:29,591 DEBUG epoch: 250, train_acc: 28.6328125, val_acc: 21.9, fidel_score: 26.09, acc_loss: 2.9646084308624268, grad_loss: None
2022-04-22 13:59:30,862 DEBUG epoch: 251, train_acc: 28.5546875, val_acc: 21.92, fidel_score: 26.09, acc_loss: 2.96528160572052, grad_loss: None
2022-04-22 13:59:32,151 DEBUG epoch: 252, train_acc: 28.3984375, val_acc: 21.92, fidel_score: 26.08, acc_loss: 2.98379168510437, grad_loss: None
2022-04-22 13:59:33,424 DEBUG epoch: 253, train_acc: 29.4921875, val_acc: 21.89, fidel_score: 26.05, acc_loss: 2.960106444358826, grad_loss: None
2022-04-22 13:59:34,696 DEBUG epoch: 254, train_acc: 28.125, val_acc: 21.9, fidel_score: 26.07, acc_loss: 2.93644323348999, grad_loss: None
2022-04-22 13:59:35,978 DEBUG epoch: 255, train_acc: 29.0234375, val_acc: 21.89, fidel_score: 26.04, acc_loss: 2.9809410691261293, grad_loss: None
2022-04-22 13:59:37,267 DEBUG epoch: 256, train_acc: 29.296875, val_acc: 21.89, fidel_score: 26.04, acc_loss: 2.947859215736389, grad_loss: None
2022-04-22 13:59:38,549 DEBUG epoch: 257, train_acc: 29.5703125, val_acc: 21.84, fidel_score: 25.98, acc_loss: 2.979500150680542, grad_loss: None
2022-04-22 13:59:39,829 DEBUG epoch: 258, train_acc: 28.90625, val_acc: 21.87, fidel_score: 25.99, acc_loss: 2.9733853220939634, grad_loss: None
2022-04-22 13:59:41,104 DEBUG epoch: 259, train_acc: 27.265625, val_acc: 21.85, fidel_score: 25.99, acc_loss: 2.978480613231659, grad_loss: None
2022-04-22 13:59:42,378 DEBUG epoch: 260, train_acc: 30.0390625, val_acc: 21.82, fidel_score: 25.97, acc_loss: 2.9283806324005126, grad_loss: None
2022-04-22 13:59:43,656 DEBUG epoch: 261, train_acc: 28.671875, val_acc: 21.82, fidel_score: 25.99, acc_loss: 2.9771183371543883, grad_loss: None
2022-04-22 13:59:44,928 DEBUG epoch: 262, train_acc: 28.8671875, val_acc: 21.86, fidel_score: 26.03, acc_loss: 2.9699671387672426, grad_loss: None
2022-04-22 13:59:46,205 DEBUG epoch: 263, train_acc: 27.265625, val_acc: 21.92, fidel_score: 26.08, acc_loss: 3.0147395491600038, grad_loss: None
2022-04-22 13:59:47,485 DEBUG epoch: 264, train_acc: 29.375, val_acc: 21.93, fidel_score: 26.09, acc_loss: 2.9563543081283568, grad_loss: None
2022-04-22 13:59:48,760 DEBUG epoch: 265, train_acc: 29.7265625, val_acc: 21.94, fidel_score: 26.12, acc_loss: 2.9608739495277403, grad_loss: None
2022-04-22 13:59:50,042 DEBUG epoch: 266, train_acc: 27.9296875, val_acc: 21.94, fidel_score: 26.12, acc_loss: 2.9789133310317992, grad_loss: None
2022-04-22 13:59:51,322 DEBUG epoch: 267, train_acc: 27.8125, val_acc: 21.94, fidel_score: 26.1, acc_loss: 2.9453673481941225, grad_loss: None
2022-04-22 13:59:52,603 DEBUG epoch: 268, train_acc: 27.8515625, val_acc: 21.95, fidel_score: 26.13, acc_loss: 2.9739991188049317, grad_loss: None
2022-04-22 13:59:53,900 DEBUG epoch: 269, train_acc: 28.828125, val_acc: 21.96, fidel_score: 26.13, acc_loss: 2.967367780208588, grad_loss: None
2022-04-22 13:59:55,175 DEBUG epoch: 270, train_acc: 29.2578125, val_acc: 21.96, fidel_score: 26.11, acc_loss: 2.9358067512512207, grad_loss: None
2022-04-22 13:59:56,459 DEBUG epoch: 271, train_acc: 27.3828125, val_acc: 21.95, fidel_score: 26.09, acc_loss: 2.9963042736053467, grad_loss: None
2022-04-22 13:59:57,742 DEBUG epoch: 272, train_acc: 29.3359375, val_acc: 22.01, fidel_score: 26.15, acc_loss: 2.971948206424713, grad_loss: None
2022-04-22 13:59:59,029 DEBUG epoch: 273, train_acc: 29.140625, val_acc: 22.03, fidel_score: 26.16, acc_loss: 2.951869320869446, grad_loss: None
2022-04-22 14:00:00,306 DEBUG epoch: 274, train_acc: 29.21875, val_acc: 22.01, fidel_score: 26.16, acc_loss: 2.962712788581848, grad_loss: None
2022-04-22 14:00:01,582 DEBUG epoch: 275, train_acc: 28.671875, val_acc: 22.01, fidel_score: 26.18, acc_loss: 2.9738977789878844, grad_loss: None
2022-04-22 14:00:02,863 DEBUG epoch: 276, train_acc: 28.984375, val_acc: 21.99, fidel_score: 26.17, acc_loss: 2.9827746510505677, grad_loss: None
2022-04-22 14:00:04,137 DEBUG epoch: 277, train_acc: 28.7109375, val_acc: 21.99, fidel_score: 26.19, acc_loss: 2.9596465468406676, grad_loss: None
2022-04-22 14:00:05,420 DEBUG epoch: 278, train_acc: 29.453125, val_acc: 21.97, fidel_score: 26.18, acc_loss: 2.959302580356598, grad_loss: None
2022-04-22 14:00:06,702 DEBUG epoch: 279, train_acc: 28.7890625, val_acc: 21.98, fidel_score: 26.2, acc_loss: 2.9974197506904603, grad_loss: None
2022-04-22 14:00:07,979 DEBUG epoch: 280, train_acc: 28.28125, val_acc: 21.99, fidel_score: 26.2, acc_loss: 2.950181221961975, grad_loss: None
2022-04-22 14:00:09,245 DEBUG epoch: 281, train_acc: 28.359375, val_acc: 22.0, fidel_score: 26.21, acc_loss: 2.975390684604645, grad_loss: None
2022-04-22 14:00:10,524 DEBUG epoch: 282, train_acc: 28.2421875, val_acc: 22.0, fidel_score: 26.22, acc_loss: 3.005686140060425, grad_loss: None
2022-04-22 14:00:11,809 DEBUG epoch: 283, train_acc: 31.640625, val_acc: 22.03, fidel_score: 26.26, acc_loss: 2.893929135799408, grad_loss: None
2022-04-22 14:00:13,082 DEBUG epoch: 284, train_acc: 27.6171875, val_acc: 22.04, fidel_score: 26.23, acc_loss: 2.998773729801178, grad_loss: None
2022-04-22 14:00:14,361 DEBUG epoch: 285, train_acc: 28.515625, val_acc: 22.04, fidel_score: 26.22, acc_loss: 2.97186940908432, grad_loss: None
2022-04-22 14:00:15,642 DEBUG epoch: 286, train_acc: 28.0078125, val_acc: 22.04, fidel_score: 26.2, acc_loss: 2.968640911579132, grad_loss: None
2022-04-22 14:00:16,915 DEBUG epoch: 287, train_acc: 28.75, val_acc: 22.04, fidel_score: 26.21, acc_loss: 2.95678174495697, grad_loss: None
2022-04-22 14:00:18,196 DEBUG epoch: 288, train_acc: 27.109375, val_acc: 22.01, fidel_score: 26.18, acc_loss: 3.0135658264160154, grad_loss: None
2022-04-22 14:00:19,483 DEBUG epoch: 289, train_acc: 27.96875, val_acc: 22.01, fidel_score: 26.18, acc_loss: 3.0060654401779177, grad_loss: None
2022-04-22 14:00:20,784 DEBUG epoch: 290, train_acc: 28.75, val_acc: 22.03, fidel_score: 26.18, acc_loss: 2.9671000957489015, grad_loss: None
2022-04-22 14:00:22,062 DEBUG epoch: 291, train_acc: 27.4609375, val_acc: 21.99, fidel_score: 26.15, acc_loss: 2.9713086605072023, grad_loss: None
2022-04-22 14:00:23,330 DEBUG epoch: 292, train_acc: 29.2578125, val_acc: 21.96, fidel_score: 26.11, acc_loss: 2.952383244037628, grad_loss: None
2022-04-22 14:00:24,612 DEBUG epoch: 293, train_acc: 26.8359375, val_acc: 21.95, fidel_score: 26.11, acc_loss: 2.9998035430908203, grad_loss: None
2022-04-22 14:00:25,906 DEBUG epoch: 294, train_acc: 28.515625, val_acc: 21.93, fidel_score: 26.1, acc_loss: 2.948527443408966, grad_loss: None
2022-04-22 14:00:27,178 DEBUG epoch: 295, train_acc: 30.15625, val_acc: 21.9, fidel_score: 26.05, acc_loss: 2.9371733546257017, grad_loss: None
2022-04-22 14:00:28,466 DEBUG epoch: 296, train_acc: 27.8515625, val_acc: 21.92, fidel_score: 26.07, acc_loss: 2.9850815653800966, grad_loss: None
2022-04-22 14:00:29,740 DEBUG epoch: 297, train_acc: 27.8515625, val_acc: 21.91, fidel_score: 26.07, acc_loss: 2.9671504616737367, grad_loss: None
2022-04-22 14:00:31,016 DEBUG epoch: 298, train_acc: 28.9453125, val_acc: 21.86, fidel_score: 26.02, acc_loss: 2.936550521850586, grad_loss: None
2022-04-22 14:00:32,290 DEBUG epoch: 299, train_acc: 28.90625, val_acc: 21.88, fidel_score: 26.03, acc_loss: 2.9663434624671936, grad_loss: None
2022-04-22 14:00:33,567 DEBUG epoch: 300, train_acc: 29.5703125, val_acc: 21.87, fidel_score: 26.03, acc_loss: 2.9401325464248655, grad_loss: None
2022-04-22 14:00:33,567 DEBUG load best stealed model.
2022-04-22 14:00:33,567 DEBUG Best perform model, val_acc: 23.73, fidel_score: 28.74, acc_loss: 3.2712175250053406
2022-04-22 14:00:33,568 DEBUG load cloest stealed model.
2022-04-22 14:00:33,568 DEBUG Closest perform model, val_acc: 23.73, fidel_score: 28.74, acc_loss: 3.2712175250053406
