2022-04-30 22:11:31,684 DEBUG Namespace(arch='vgg11_bn', attack_client=0, attack_epochs=300, attack_style='TrainME_option', average_time=1, batch_size=128, bottleneck_option='None', cutlayer=4, data_proportion=0.02, dataset='svhn', filename='ace_V2_epoch_vgg11_bn_cutlayer_4_client_1_seed125_dataset_svhn_lr_0.05_200epoch', folder='saves/baseline', learning_rate=0.005, noniid_ratio=1.0, num_client=1, num_epochs='best', num_query=1, random_seed=123, regularization='None', regularization_strength=0.0, scheme='V2_epoch', surrogate_arch='same', test_best=True, train_clas_layer=3.0)
2022-04-30 22:11:35,913 DEBUG Test (client-0):	Loss 0.0372 (0.1713)	Prec@1 97.917 (95.267)
2022-04-30 22:11:35,913 DEBUG  * Prec@1 95.267
2022-04-30 22:11:36,041 DEBUG 6
2022-04-30 22:11:36,042 DEBUG surrogate parameter has 6 trainable parameters!
2022-04-30 22:11:42,336 DEBUG epoch: 0, val_acc: 4.406115549799117, val_fidelity: 4.221727104808336
2022-04-30 22:11:45,416 DEBUG epoch: 1, train_acc: 15.310901006062826, val_acc: 39.67808850176436, fidel_score: 40.29271665642286, acc_loss: 2.2496113578478494, grad_loss: None
2022-04-30 22:11:48,467 DEBUG epoch: 2, train_acc: 44.91273752848307, val_acc: 59.204056541100556, fidel_score: 60.00307314074985, acc_loss: 1.8787784775098164, grad_loss: None
2022-04-30 22:11:51,573 DEBUG epoch: 3, train_acc: 68.8173885345459, val_acc: 84.74185616763442, fidel_score: 86.32836508443184, acc_loss: 1.490110049645106, grad_loss: None
2022-04-30 22:11:54,645 DEBUG epoch: 4, train_acc: 82.91186968485515, val_acc: 91.91379839727757, fidel_score: 93.9881684081131, acc_loss: 1.1742438326279323, grad_loss: None
2022-04-30 22:11:57,714 DEBUG epoch: 5, train_acc: 92.43192609151204, val_acc: 94.7833435724466, fidel_score: 97.48002457574752, acc_loss: 0.7772584954897562, grad_loss: None
2022-04-30 22:12:00,814 DEBUG epoch: 6, train_acc: 92.33598327636719, val_acc: 95.13291333743085, fidel_score: 98.2713583235222, acc_loss: 0.6615203792850176, grad_loss: None
2022-04-30 22:12:03,914 DEBUG epoch: 7, train_acc: 91.92822519938152, val_acc: 95.17132758742545, fidel_score: 98.27904117539681, acc_loss: 0.542569932838281, grad_loss: None
2022-04-30 22:12:06,981 DEBUG epoch: 8, train_acc: 93.37764994303386, val_acc: 95.28657037023393, fidel_score: 98.36739397664412, acc_loss: 0.3945503657062848, grad_loss: None
2022-04-30 22:12:10,065 DEBUG epoch: 9, train_acc: 94.12463442484538, val_acc: 95.175169018052, fidel_score: 98.31361401352181, acc_loss: 0.3273827446003755, grad_loss: None
2022-04-30 22:12:13,168 DEBUG epoch: 10, train_acc: 93.13208134969075, val_acc: 95.30577750460971, fidel_score: 98.37891824976681, acc_loss: 0.33409328386187553, grad_loss: None
2022-04-30 22:12:16,297 DEBUG epoch: 11, train_acc: 93.99442609151204, val_acc: 95.24815611555009, fidel_score: 98.31361400883257, acc_loss: 0.27809370309114456, grad_loss: None
2022-04-30 22:12:19,366 DEBUG epoch: 12, train_acc: 92.51530520121257, val_acc: 95.21358328211431, fidel_score: 98.39428395351605, acc_loss: 0.3041089003284772, grad_loss: None
2022-04-30 22:12:22,447 DEBUG epoch: 13, train_acc: 93.73515192667644, val_acc: 95.24815611555009, fidel_score: 98.27904117539681, acc_loss: 0.2723643283049266, grad_loss: None
2022-04-30 22:12:25,534 DEBUG epoch: 14, train_acc: 93.52270634969075, val_acc: 95.23663183304893, fidel_score: 98.2098955132145, acc_loss: 0.26184477967520553, grad_loss: None
2022-04-30 22:12:28,635 DEBUG epoch: 15, train_acc: 91.7660363515218, val_acc: 95.29425322679779, fidel_score: 98.29824830508335, acc_loss: 0.30347787713011104, grad_loss: None
2022-04-30 22:12:31,718 DEBUG epoch: 16, train_acc: 92.10754776000977, val_acc: 95.28657037492317, fidel_score: 98.09465273040603, acc_loss: 0.27210394479334354, grad_loss: None
2022-04-30 22:12:34,840 DEBUG epoch: 17, train_acc: 93.50671577453613, val_acc: 95.29425322210855, fidel_score: 98.12538414259373, acc_loss: 0.23684721688429514, grad_loss: None
2022-04-30 22:12:37,945 DEBUG epoch: 18, train_acc: 93.71801884969075, val_acc: 95.159803318992, fidel_score: 98.19068837883873, acc_loss: 0.2566925212740898, grad_loss: None
2022-04-30 22:12:41,034 DEBUG epoch: 19, train_acc: 91.88025410970052, val_acc: 95.30961893054702, fidel_score: 98.18684695290142, acc_loss: 0.2998904827982187, grad_loss: None
2022-04-30 22:12:44,109 DEBUG epoch: 20, train_acc: 92.46504910786946, val_acc: 95.28657037492317, fidel_score: 98.17532267508949, acc_loss: 0.25782261167963344, grad_loss: None
2022-04-30 22:12:47,212 DEBUG epoch: 21, train_acc: 92.18978436787923, val_acc: 95.18669329586392, fidel_score: 98.04855562384758, acc_loss: 0.27260048190752667, grad_loss: None
2022-04-30 22:12:50,309 DEBUG epoch: 22, train_acc: 92.88879776000977, val_acc: 95.27120466648469, fidel_score: 98.02166564228642, acc_loss: 0.260861799120903, grad_loss: None
2022-04-30 22:12:53,415 DEBUG epoch: 23, train_acc: 93.14921442667644, val_acc: 95.23279040711162, fidel_score: 98.03318992009834, acc_loss: 0.24682138736049333, grad_loss: None
2022-04-30 22:12:56,493 DEBUG epoch: 24, train_acc: 93.4576021830241, val_acc: 95.25199753679816, fidel_score: 98.07928703134604, acc_loss: 0.2310825710495313, grad_loss: None
2022-04-30 22:12:59,596 DEBUG epoch: 25, train_acc: 93.03499603271484, val_acc: 95.27504609711124, fidel_score: 98.20221265665064, acc_loss: 0.262165792286396, grad_loss: None
2022-04-30 22:13:02,674 DEBUG epoch: 26, train_acc: 93.5718199412028, val_acc: 95.3710817408547, fidel_score: 98.14843269821758, acc_loss: 0.2368279273311297, grad_loss: None
2022-04-30 22:13:05,779 DEBUG epoch: 27, train_acc: 92.56327692667644, val_acc: 95.24815611555009, fidel_score: 98.18300552696411, acc_loss: 0.26087764526406926, grad_loss: None
2022-04-30 22:13:08,876 DEBUG epoch: 28, train_acc: 92.2377560933431, val_acc: 95.225107555237, fidel_score: 98.14459127228027, acc_loss: 0.25781885410348576, grad_loss: None
2022-04-30 22:13:11,962 DEBUG epoch: 29, train_acc: 93.4096310933431, val_acc: 95.20974185617702, fidel_score: 98.0331899154091, acc_loss: 0.24440572845439115, grad_loss: None
2022-04-30 22:13:15,045 DEBUG epoch: 30, train_acc: 93.5238488515218, val_acc: 95.30961892585778, fidel_score: 97.92947141979103, acc_loss: 0.21743238468964896, grad_loss: None
2022-04-30 22:13:18,112 DEBUG epoch: 31, train_acc: 93.29541269938152, val_acc: 95.30577749992047, fidel_score: 98.09849416103258, acc_loss: 0.23089925510187945, grad_loss: None
2022-04-30 22:13:21,212 DEBUG epoch: 32, train_acc: 94.49926884969075, val_acc: 95.25968038867278, fidel_score: 98.24446834665028, acc_loss: 0.2077783172329267, grad_loss: None
2022-04-30 22:13:24,304 DEBUG epoch: 33, train_acc: 92.28686968485515, val_acc: 95.28272894898586, fidel_score: 98.13306698977911, acc_loss: 0.2556220864256223, grad_loss: None
2022-04-30 22:13:27,424 DEBUG epoch: 34, train_acc: 91.6186949412028, val_acc: 95.2519975414874, fidel_score: 97.91794713728986, acc_loss: 0.264248742411534, grad_loss: None
2022-04-30 22:13:30,523 DEBUG epoch: 35, train_acc: 94.02754910786946, val_acc: 95.175169018052, fidel_score: 97.92178856791641, acc_loss: 0.20416673831641674, grad_loss: None
2022-04-30 22:13:33,605 DEBUG epoch: 36, train_acc: 92.12468020121257, val_acc: 95.22126613398893, fidel_score: 97.95251997072563, acc_loss: 0.27602426956097287, grad_loss: None
2022-04-30 22:13:36,661 DEBUG epoch: 37, train_acc: 93.39249801635742, val_acc: 95.19437615242778, fidel_score: 98.04471419322103, acc_loss: 0.22783012688159943, grad_loss: None
2022-04-30 22:13:39,762 DEBUG epoch: 38, train_acc: 92.8236935933431, val_acc: 95.28657037492317, fidel_score: 98.1791641010268, acc_loss: 0.24144285855193934, grad_loss: None
2022-04-30 22:13:42,820 DEBUG epoch: 39, train_acc: 92.75858942667644, val_acc: 95.27504609711124, fidel_score: 98.12538413790449, acc_loss: 0.24515537855525812, grad_loss: None
2022-04-30 22:13:45,910 DEBUG epoch: 40, train_acc: 93.91333134969075, val_acc: 95.28657037492317, fidel_score: 98.07544560071949, acc_loss: 0.21833777303496996, grad_loss: None
2022-04-30 22:13:49,013 DEBUG epoch: 41, train_acc: 93.7671324412028, val_acc: 95.3019360786724, fidel_score: 98.13306698977911, acc_loss: 0.21218708902597427, grad_loss: None
2022-04-30 22:13:52,116 DEBUG epoch: 42, train_acc: 94.02869160970052, val_acc: 95.15212046242816, fidel_score: 98.03318992009834, acc_loss: 0.2066529349734386, grad_loss: None
2022-04-30 22:13:55,230 DEBUG epoch: 43, train_acc: 93.99442609151204, val_acc: 95.28657037492317, fidel_score: 98.13306698977911, acc_loss: 0.20584120911856493, grad_loss: None
2022-04-30 22:13:58,338 DEBUG epoch: 44, train_acc: 93.2622896830241, val_acc: 95.2519975414874, fidel_score: 98.01782421165987, acc_loss: 0.23905124887824059, grad_loss: None
2022-04-30 22:14:01,438 DEBUG epoch: 45, train_acc: 93.73400942484538, val_acc: 95.33266748617086, fidel_score: 97.99861708197332, acc_loss: 0.21167283256848654, grad_loss: None
2022-04-30 22:14:04,509 DEBUG epoch: 46, train_acc: 93.73400942484538, val_acc: 95.32882605554431, fidel_score: 97.99093423009872, acc_loss: 0.2165453371902307, grad_loss: None
2022-04-30 22:14:07,600 DEBUG epoch: 47, train_acc: 92.8236935933431, val_acc: 95.24047325898624, fidel_score: 97.81807006291986, acc_loss: 0.23854100859413543, grad_loss: None
2022-04-30 22:14:10,665 DEBUG epoch: 48, train_acc: 93.36051686604817, val_acc: 95.24431468961278, fidel_score: 98.07160417478218, acc_loss: 0.21330023370683193, grad_loss: None
2022-04-30 22:14:13,745 DEBUG epoch: 49, train_acc: 90.96879577636719, val_acc: 95.28657037492317, fidel_score: 98.04855561915834, acc_loss: 0.2889668469627698, grad_loss: None
2022-04-30 22:14:16,836 DEBUG epoch: 50, train_acc: 93.39249801635742, val_acc: 95.23279041180086, fidel_score: 97.95636139666294, acc_loss: 0.21471088007092476, grad_loss: None
2022-04-30 22:14:19,905 DEBUG epoch: 51, train_acc: 93.91333134969075, val_acc: 95.3019360786724, fidel_score: 98.12538413790449, acc_loss: 0.22513352086146673, grad_loss: None
2022-04-30 22:14:22,997 DEBUG epoch: 52, train_acc: 93.48958333333333, val_acc: 95.3979717271051, fidel_score: 98.10617700821795, acc_loss: 0.2240569687758883, grad_loss: None
2022-04-30 22:14:26,073 DEBUG epoch: 53, train_acc: 92.8716646830241, val_acc: 95.31346035648433, fidel_score: 97.9832513782241, acc_loss: 0.2149510116626819, grad_loss: None
2022-04-30 22:14:29,170 DEBUG epoch: 54, train_acc: 93.29541269938152, val_acc: 95.35187461585741, fidel_score: 98.0831284525941, acc_loss: 0.23629902179042497, grad_loss: None
2022-04-30 22:14:32,249 DEBUG epoch: 55, train_acc: 94.01155853271484, val_acc: 95.34035033804548, fidel_score: 98.15611554540295, acc_loss: 0.20592391242583594, grad_loss: None
2022-04-30 22:14:35,363 DEBUG epoch: 56, train_acc: 93.75114186604817, val_acc: 95.27888752304855, fidel_score: 98.09849415634334, acc_loss: 0.21766895117859045, grad_loss: None
2022-04-30 22:14:38,441 DEBUG epoch: 57, train_acc: 93.52270634969075, val_acc: 95.30961892585778, fidel_score: 98.16379840196682, acc_loss: 0.2196994312107563, grad_loss: None
2022-04-30 22:14:41,509 DEBUG epoch: 58, train_acc: 94.27083333333333, val_acc: 95.3979717271051, fidel_score: 98.29440687914604, acc_loss: 0.1970381811261177, grad_loss: None
2022-04-30 22:14:44,616 DEBUG epoch: 59, train_acc: 92.57926686604817, val_acc: 95.24431468961278, fidel_score: 98.15995697134026, acc_loss: 0.24348056875169277, grad_loss: None
2022-04-30 22:14:47,727 DEBUG epoch: 60, train_acc: 92.2377560933431, val_acc: 95.34419175929355, fidel_score: 98.18684695759066, acc_loss: 0.26599332814415294, grad_loss: None
2022-04-30 22:14:50,835 DEBUG epoch: 61, train_acc: 92.9858824412028, val_acc: 95.3019360786724, fidel_score: 98.12154271196718, acc_loss: 0.23789559677243233, grad_loss: None
2022-04-30 22:14:53,931 DEBUG epoch: 62, train_acc: 94.58036359151204, val_acc: 95.31346035648433, fidel_score: 98.20221265665064, acc_loss: 0.19717888658245405, grad_loss: None
2022-04-30 22:14:57,032 DEBUG epoch: 63, train_acc: 93.92932192484538, val_acc: 95.25968038867278, fidel_score: 98.1599569760295, acc_loss: 0.2030280058582624, grad_loss: None
2022-04-30 22:15:00,149 DEBUG epoch: 64, train_acc: 92.85567410786946, val_acc: 95.33266748148162, fidel_score: 98.12922556853104, acc_loss: 0.244185209274292, grad_loss: None
2022-04-30 22:15:03,251 DEBUG epoch: 65, train_acc: 93.1811949412028, val_acc: 95.38644744929317, fidel_score: 98.18684695290142, acc_loss: 0.23147355392575264, grad_loss: None
2022-04-30 22:15:06,339 DEBUG epoch: 66, train_acc: 92.31885019938152, val_acc: 95.35571604179471, fidel_score: 98.15995697134026, acc_loss: 0.23525498807430267, grad_loss: None
2022-04-30 22:15:09,452 DEBUG epoch: 67, train_acc: 92.9379113515218, val_acc: 95.23663183773817, fidel_score: 98.14843269352833, acc_loss: 0.231371962154905, grad_loss: None
2022-04-30 22:15:12,541 DEBUG epoch: 68, train_acc: 92.90478769938152, val_acc: 95.36724031960664, fidel_score: 98.0792870266568, acc_loss: 0.22918186150491238, grad_loss: None
2022-04-30 22:15:15,641 DEBUG epoch: 69, train_acc: 93.55582936604817, val_acc: 95.34035033804548, fidel_score: 98.1791641010268, acc_loss: 0.22310044119755426, grad_loss: None
2022-04-30 22:15:18,731 DEBUG epoch: 70, train_acc: 93.00301551818848, val_acc: 95.37492317148126, fidel_score: 98.11770128602987, acc_loss: 0.2306728089849154, grad_loss: None
2022-04-30 22:15:21,827 DEBUG epoch: 71, train_acc: 93.0190060933431, val_acc: 95.32114320835895, fidel_score: 98.14843269352833, acc_loss: 0.22830089926719666, grad_loss: None
2022-04-30 22:15:24,912 DEBUG epoch: 72, train_acc: 93.0669771830241, val_acc: 95.26352181461009, fidel_score: 98.1599569760295, acc_loss: 0.22499064852794012, grad_loss: None
2022-04-30 22:15:28,005 DEBUG epoch: 73, train_acc: 92.6455135345459, val_acc: 95.33650891210817, fidel_score: 98.02550706353449, acc_loss: 0.24685933130482832, grad_loss: None
2022-04-30 22:15:31,096 DEBUG epoch: 74, train_acc: 93.3285363515218, val_acc: 95.26736324523664, fidel_score: 98.11385986009256, acc_loss: 0.2240037297209104, grad_loss: None
2022-04-30 22:15:34,205 DEBUG epoch: 75, train_acc: 92.51416269938152, val_acc: 95.32114320835895, fidel_score: 98.06392132290756, acc_loss: 0.25143692021568614, grad_loss: None
2022-04-30 22:15:37,333 DEBUG epoch: 76, train_acc: 92.64437103271484, val_acc: 95.27888751835931, fidel_score: 98.02550706822373, acc_loss: 0.24428416105608144, grad_loss: None
2022-04-30 22:15:40,406 DEBUG epoch: 77, train_acc: 93.63692410786946, val_acc: 95.22126612929969, fidel_score: 98.06776275353411, acc_loss: 0.21457428485155106, grad_loss: None
2022-04-30 22:15:43,499 DEBUG epoch: 78, train_acc: 93.4096310933431, val_acc: 95.2980946527351, fidel_score: 98.11001843415526, acc_loss: 0.22740153471628824, grad_loss: None
2022-04-30 22:15:46,624 DEBUG epoch: 79, train_acc: 92.49817276000977, val_acc: 95.275046092422, fidel_score: 98.12154271665642, acc_loss: 0.23515423635641733, grad_loss: None
2022-04-30 22:15:49,712 DEBUG epoch: 80, train_acc: 92.43192609151204, val_acc: 95.33266748617086, fidel_score: 98.06776274884487, acc_loss: 0.2618403664479653, grad_loss: None
2022-04-30 22:15:52,819 DEBUG epoch: 81, train_acc: 93.63806660970052, val_acc: 95.28657037492317, fidel_score: 98.09081130446872, acc_loss: 0.22726292597750822, grad_loss: None
2022-04-30 22:15:55,933 DEBUG epoch: 82, train_acc: 92.25374603271484, val_acc: 95.34419176398279, fidel_score: 98.0869698785314, acc_loss: 0.24881370676060519, grad_loss: None
2022-04-30 22:15:59,018 DEBUG epoch: 83, train_acc: 92.95275942484538, val_acc: 95.23279041180086, fidel_score: 97.99477565603603, acc_loss: 0.22358912602066994, grad_loss: None
2022-04-30 22:16:02,108 DEBUG epoch: 84, train_acc: 92.95275942484538, val_acc: 95.29425322679779, fidel_score: 98.04855561915834, acc_loss: 0.22479868990679583, grad_loss: None
2022-04-30 22:16:05,193 DEBUG epoch: 85, train_acc: 93.8002560933431, val_acc: 95.30961893054702, fidel_score: 98.0370313413464, acc_loss: 0.22192622224489847, grad_loss: None
2022-04-30 22:16:08,290 DEBUG epoch: 86, train_acc: 93.27942276000977, val_acc: 95.29425322679779, fidel_score: 98.02550706353449, acc_loss: 0.2262304505954186, grad_loss: None
2022-04-30 22:16:11,394 DEBUG epoch: 87, train_acc: 93.8002560933431, val_acc: 95.31346035179509, fidel_score: 98.10233558696989, acc_loss: 0.23255857142309347, grad_loss: None
2022-04-30 22:16:14,526 DEBUG epoch: 88, train_acc: 93.00187301635742, val_acc: 95.15212046242816, fidel_score: 97.98709280885065, acc_loss: 0.22973582583169141, grad_loss: None
2022-04-30 22:16:17,656 DEBUG epoch: 89, train_acc: 93.42562103271484, val_acc: 95.23663183773817, fidel_score: 98.02934848947179, acc_loss: 0.22657719751199087, grad_loss: None
2022-04-30 22:16:20,738 DEBUG epoch: 90, train_acc: 92.43192609151204, val_acc: 95.25968039336202, fidel_score: 97.97940995228679, acc_loss: 0.2519574860731761, grad_loss: None
2022-04-30 22:16:23,849 DEBUG epoch: 91, train_acc: 93.29427083333333, val_acc: 95.22126613398893, fidel_score: 98.02934848947179, acc_loss: 0.20901168324053288, grad_loss: None
2022-04-30 22:16:26,935 DEBUG epoch: 92, train_acc: 93.5238488515218, val_acc: 95.30577750460971, fidel_score: 98.0370313413464, acc_loss: 0.21569015147785345, grad_loss: None
2022-04-30 22:16:30,037 DEBUG epoch: 93, train_acc: 93.78426551818848, val_acc: 95.31730178242164, fidel_score: 97.97940995228679, acc_loss: 0.21868558103839555, grad_loss: None
2022-04-30 22:16:33,147 DEBUG epoch: 94, train_acc: 93.10010019938152, val_acc: 95.24047325898624, fidel_score: 98.07544560540873, acc_loss: 0.2391444823394219, grad_loss: None
2022-04-30 22:16:36,233 DEBUG epoch: 95, train_acc: 93.75, val_acc: 95.33650890741893, fidel_score: 98.04855562384758, acc_loss: 0.21593776841958365, grad_loss: None
2022-04-30 22:16:39,333 DEBUG epoch: 96, train_acc: 92.8236935933431, val_acc: 95.3480331899201, fidel_score: 98.09465273040603, acc_loss: 0.21844141061107317, grad_loss: None
2022-04-30 22:16:42,468 DEBUG epoch: 97, train_acc: 92.88879776000977, val_acc: 95.25583896742471, fidel_score: 98.0869698785314, acc_loss: 0.23927492648363113, grad_loss: None
2022-04-30 22:16:45,580 DEBUG epoch: 98, train_acc: 92.70947519938152, val_acc: 95.24431468961278, fidel_score: 98.04855561915834, acc_loss: 0.24800998655458292, grad_loss: None
2022-04-30 22:16:48,684 DEBUG epoch: 99, train_acc: 93.9624449412028, val_acc: 95.39413030116779, fidel_score: 97.9832513782241, acc_loss: 0.1997600874553124, grad_loss: None
2022-04-30 22:16:51,782 DEBUG epoch: 100, train_acc: 93.19718551635742, val_acc: 95.2980946527351, fidel_score: 98.11001843415526, acc_loss: 0.22217950783669949, grad_loss: None
2022-04-30 22:16:54,890 DEBUG epoch: 101, train_acc: 93.55582936604817, val_acc: 95.26736324523664, fidel_score: 98.18684695290142, acc_loss: 0.21259973446528116, grad_loss: None
2022-04-30 22:16:57,977 DEBUG epoch: 102, train_acc: 93.34452692667644, val_acc: 95.30193607398316, fidel_score: 98.12538414259373, acc_loss: 0.21972383186221123, grad_loss: None
2022-04-30 22:17:01,069 DEBUG epoch: 103, train_acc: 93.8482271830241, val_acc: 95.32498463429626, fidel_score: 98.0869698785314, acc_loss: 0.20805864905317625, grad_loss: None
2022-04-30 22:17:04,161 DEBUG epoch: 104, train_acc: 93.0669771830241, val_acc: 95.3173017777324, fidel_score: 98.22526121696373, acc_loss: 0.2196174052854379, grad_loss: None
2022-04-30 22:17:07,272 DEBUG epoch: 105, train_acc: 92.90478769938152, val_acc: 95.26352181461009, fidel_score: 98.12154271665642, acc_loss: 0.22173070535063744, grad_loss: None
2022-04-30 22:17:10,381 DEBUG epoch: 106, train_acc: 93.97843551635742, val_acc: 95.29041180086048, fidel_score: 98.10617700821795, acc_loss: 0.2147155019144217, grad_loss: None
2022-04-30 22:17:13,463 DEBUG epoch: 107, train_acc: 92.98702494303386, val_acc: 95.26736324523664, fidel_score: 98.11770128602987, acc_loss: 0.23252102670570216, grad_loss: None
2022-04-30 22:17:16,610 DEBUG epoch: 108, train_acc: 93.2622896830241, val_acc: 95.33650890741893, fidel_score: 98.1561155500922, acc_loss: 0.21431856478254, grad_loss: None
2022-04-30 22:17:19,696 DEBUG epoch: 109, train_acc: 93.53869692484538, val_acc: 95.3173017777324, fidel_score: 98.18684695759066, acc_loss: 0.2099480495477716, grad_loss: None
2022-04-30 22:17:22,797 DEBUG epoch: 110, train_acc: 92.36796442667644, val_acc: 95.29425322679779, fidel_score: 98.13306698977911, acc_loss: 0.24148425397773585, grad_loss: None
2022-04-30 22:17:25,885 DEBUG epoch: 111, train_acc: 92.4502010345459, val_acc: 95.21742470805162, fidel_score: 98.19068837883873, acc_loss: 0.25055043896039325, grad_loss: None
2022-04-30 22:17:28,971 DEBUG epoch: 112, train_acc: 92.25374603271484, val_acc: 95.17901044867855, fidel_score: 98.11770128602987, acc_loss: 0.2486344122638305, grad_loss: None
2022-04-30 22:17:32,069 DEBUG epoch: 113, train_acc: 92.49817276000977, val_acc: 95.24431468961278, fidel_score: 98.13690841571642, acc_loss: 0.24721668226023516, grad_loss: None
2022-04-30 22:17:35,156 DEBUG epoch: 114, train_acc: 93.71801884969075, val_acc: 95.2980946527351, fidel_score: 98.14074984165372, acc_loss: 0.2145571162303289, grad_loss: None
2022-04-30 22:17:38,249 DEBUG epoch: 115, train_acc: 93.53869692484538, val_acc: 95.33266748617086, fidel_score: 98.11770128602987, acc_loss: 0.20789684851964316, grad_loss: None
2022-04-30 22:17:41,311 DEBUG epoch: 116, train_acc: 94.02754910786946, val_acc: 95.31346035648433, fidel_score: 98.14074984165372, acc_loss: 0.20470853708684444, grad_loss: None
2022-04-30 22:17:44,378 DEBUG epoch: 117, train_acc: 93.23030853271484, val_acc: 95.30961892585778, fidel_score: 98.15227412415489, acc_loss: 0.22574257850646973, grad_loss: None
2022-04-30 22:17:47,488 DEBUG epoch: 118, train_acc: 92.8236935933431, val_acc: 95.39028887523048, fidel_score: 98.24062691602373, acc_loss: 0.2185804278900226, grad_loss: None
2022-04-30 22:17:50,571 DEBUG epoch: 119, train_acc: 93.63692410786946, val_acc: 95.36339888898009, fidel_score: 98.14074984634296, acc_loss: 0.21066110332806906, grad_loss: None
2022-04-30 22:17:53,653 DEBUG epoch: 120, train_acc: 91.79801686604817, val_acc: 95.29425322679779, fidel_score: 98.01014135978525, acc_loss: 0.24880851432681084, grad_loss: None
2022-04-30 22:17:56,756 DEBUG epoch: 121, train_acc: 92.9858824412028, val_acc: 95.41717885679164, fidel_score: 98.06007989697025, acc_loss: 0.22617560687164465, grad_loss: None
2022-04-30 22:17:59,828 DEBUG epoch: 122, train_acc: 92.6455135345459, val_acc: 95.20590043023971, fidel_score: 98.11385986009256, acc_loss: 0.2490543449918429, grad_loss: None
2022-04-30 22:18:02,921 DEBUG epoch: 123, train_acc: 93.52270634969075, val_acc: 95.25968039336202, fidel_score: 98.12154271196718, acc_loss: 0.21679229599734148, grad_loss: None
2022-04-30 22:18:05,998 DEBUG epoch: 124, train_acc: 92.25374603271484, val_acc: 95.25199753679816, fidel_score: 98.02166564228642, acc_loss: 0.23882940659920374, grad_loss: None
2022-04-30 22:18:09,107 DEBUG epoch: 125, train_acc: 93.03499603271484, val_acc: 95.29425322210855, fidel_score: 97.96788567916411, acc_loss: 0.2321516051888466, grad_loss: None
2022-04-30 22:18:12,196 DEBUG epoch: 126, train_acc: 92.75973129272461, val_acc: 95.21742470805162, fidel_score: 97.9371542669764, acc_loss: 0.23027723034222922, grad_loss: None
2022-04-30 22:18:15,319 DEBUG epoch: 127, train_acc: 93.78312301635742, val_acc: 95.26352181929933, fidel_score: 97.97940995228679, acc_loss: 0.2084312066435814, grad_loss: None
2022-04-30 22:18:18,425 DEBUG epoch: 128, train_acc: 92.27087910970052, val_acc: 95.19437615242778, fidel_score: 98.00629993384794, acc_loss: 0.23515963678558668, grad_loss: None
2022-04-30 22:18:21,496 DEBUG epoch: 129, train_acc: 93.44275410970052, val_acc: 95.30961893054702, fidel_score: 98.06007989697025, acc_loss: 0.22328448357681432, grad_loss: None
2022-04-30 22:18:24,580 DEBUG epoch: 130, train_acc: 93.50671577453613, val_acc: 95.28272894898586, fidel_score: 98.05239704509565, acc_loss: 0.22084302517275015, grad_loss: None
2022-04-30 22:18:27,662 DEBUG epoch: 131, train_acc: 93.14807192484538, val_acc: 95.25583896742471, fidel_score: 98.02166563759718, acc_loss: 0.23184221299986044, grad_loss: None
2022-04-30 22:18:30,743 DEBUG epoch: 132, train_acc: 93.08411026000977, val_acc: 95.31346035648433, fidel_score: 98.14843269352833, acc_loss: 0.23477989869813123, grad_loss: None
2022-04-30 22:18:33,838 DEBUG epoch: 133, train_acc: 94.38505109151204, val_acc: 95.23663183304893, fidel_score: 98.00245851259987, acc_loss: 0.20244425224761167, grad_loss: None
2022-04-30 22:18:36,965 DEBUG epoch: 134, train_acc: 93.88135019938152, val_acc: 95.34035033804548, fidel_score: 98.1292255638418, acc_loss: 0.2133109581967195, grad_loss: None
2022-04-30 22:18:40,054 DEBUG epoch: 135, train_acc: 93.39249801635742, val_acc: 95.29041180086048, fidel_score: 98.04087276728372, acc_loss: 0.2075723372399807, grad_loss: None
2022-04-30 22:18:43,149 DEBUG epoch: 136, train_acc: 91.66780853271484, val_acc: 95.27504609711124, fidel_score: 98.12154271196718, acc_loss: 0.2504311203956604, grad_loss: None
2022-04-30 22:18:46,221 DEBUG epoch: 137, train_acc: 93.6529146830241, val_acc: 95.25968039336202, fidel_score: 98.01782421165987, acc_loss: 0.2077508500466744, grad_loss: None
2022-04-30 22:18:49,313 DEBUG epoch: 138, train_acc: 92.48218218485515, val_acc: 95.33650890741893, fidel_score: 98.17148125384142, acc_loss: 0.23584661756952605, grad_loss: None
2022-04-30 22:18:52,401 DEBUG epoch: 139, train_acc: 93.50671577453613, val_acc: 95.31346035648433, fidel_score: 98.18300552696411, acc_loss: 0.21003898729880652, grad_loss: None
2022-04-30 22:18:55,507 DEBUG epoch: 140, train_acc: 92.05843353271484, val_acc: 95.27888751835931, fidel_score: 98.0639213275968, acc_loss: 0.2460870804886023, grad_loss: None
2022-04-30 22:18:58,599 DEBUG epoch: 141, train_acc: 92.72546577453613, val_acc: 95.31346035179509, fidel_score: 98.14459127228027, acc_loss: 0.2427099198102951, grad_loss: None
2022-04-30 22:19:01,701 DEBUG epoch: 142, train_acc: 92.7905699412028, val_acc: 95.28272894898586, fidel_score: 98.04087276728372, acc_loss: 0.23026665238042673, grad_loss: None
2022-04-30 22:19:04,805 DEBUG epoch: 143, train_acc: 93.10010019938152, val_acc: 95.28657037492317, fidel_score: 98.04087276728372, acc_loss: 0.23969155922532082, grad_loss: None
2022-04-30 22:19:07,908 DEBUG epoch: 144, train_acc: 92.18864186604817, val_acc: 95.24815611086085, fidel_score: 97.91410571604179, acc_loss: 0.25239982704321545, grad_loss: None
2022-04-30 22:19:10,989 DEBUG epoch: 145, train_acc: 93.88135019938152, val_acc: 95.33650890741893, fidel_score: 97.97940995697603, acc_loss: 0.19686664889256159, grad_loss: None
2022-04-30 22:19:14,072 DEBUG epoch: 146, train_acc: 92.57926686604817, val_acc: 95.33650890741893, fidel_score: 98.05239704978489, acc_loss: 0.24850895628333092, grad_loss: None
2022-04-30 22:19:17,149 DEBUG epoch: 147, train_acc: 93.75, val_acc: 95.36339889366933, fidel_score: 97.95251997072563, acc_loss: 0.20920973643660545, grad_loss: None
2022-04-30 22:19:20,247 DEBUG epoch: 148, train_acc: 93.71801884969075, val_acc: 95.30961892585778, fidel_score: 98.08312845728334, acc_loss: 0.22265374350051084, grad_loss: None
2022-04-30 22:19:23,333 DEBUG epoch: 149, train_acc: 92.57926686604817, val_acc: 95.24431468961278, fidel_score: 98.02550706353449, acc_loss: 0.22604171310861906, grad_loss: None
2022-04-30 22:19:26,427 DEBUG epoch: 150, train_acc: 92.04358545939128, val_acc: 95.37492317148126, fidel_score: 97.9832513782241, acc_loss: 0.2381532018383344, grad_loss: None
2022-04-30 22:19:29,526 DEBUG epoch: 151, train_acc: 93.73400942484538, val_acc: 95.34419175929355, fidel_score: 98.04471419322103, acc_loss: 0.21150833119948706, grad_loss: None
2022-04-30 22:19:32,632 DEBUG epoch: 152, train_acc: 93.40848859151204, val_acc: 95.29041179617124, fidel_score: 97.94483711885101, acc_loss: 0.21023878579338393, grad_loss: None
2022-04-30 22:19:35,703 DEBUG epoch: 153, train_acc: 93.83223660786946, val_acc: 95.2980946527351, fidel_score: 98.0831284525941, acc_loss: 0.22920353151857853, grad_loss: None
2022-04-30 22:19:38,803 DEBUG epoch: 154, train_acc: 93.05212910970052, val_acc: 95.26352181929933, fidel_score: 97.99861708197332, acc_loss: 0.22546571803589663, grad_loss: None
2022-04-30 22:19:41,883 DEBUG epoch: 155, train_acc: 93.53983942667644, val_acc: 95.33266748617086, fidel_score: 97.99093423009872, acc_loss: 0.23070420697331429, grad_loss: None
2022-04-30 22:19:44,959 DEBUG epoch: 156, train_acc: 93.91333134969075, val_acc: 95.32114320835895, fidel_score: 98.02934848947179, acc_loss: 0.2159595750272274, grad_loss: None
2022-04-30 22:19:48,073 DEBUG epoch: 157, train_acc: 92.2377560933431, val_acc: 95.38644744929317, fidel_score: 98.07160417478218, acc_loss: 0.25738124673565227, grad_loss: None
2022-04-30 22:19:51,180 DEBUG epoch: 158, train_acc: 93.53983942667644, val_acc: 95.24431468961278, fidel_score: 97.99477565603603, acc_loss: 0.22892476245760918, grad_loss: None
2022-04-30 22:19:54,306 DEBUG epoch: 159, train_acc: 93.19718551635742, val_acc: 95.29041179617124, fidel_score: 97.99477566072527, acc_loss: 0.22739151244362196, grad_loss: None
2022-04-30 22:19:57,368 DEBUG epoch: 160, train_acc: 93.68603769938152, val_acc: 95.24047326367548, fidel_score: 98.06776274884487, acc_loss: 0.20658781627813974, grad_loss: None
2022-04-30 22:20:00,482 DEBUG epoch: 161, train_acc: 93.0669771830241, val_acc: 95.18669330055316, fidel_score: 98.06776274884487, acc_loss: 0.24036159055928388, grad_loss: None
2022-04-30 22:20:03,590 DEBUG epoch: 162, train_acc: 92.5952574412028, val_acc: 95.27888752304855, fidel_score: 97.94483711885101, acc_loss: 0.23701795314749083, grad_loss: None
2022-04-30 22:20:06,668 DEBUG epoch: 163, train_acc: 94.63061968485515, val_acc: 95.2980946527351, fidel_score: 98.05623847103294, acc_loss: 0.19313654862344265, grad_loss: None
2022-04-30 22:20:09,754 DEBUG epoch: 164, train_acc: 93.65405718485515, val_acc: 95.29809464804586, fidel_score: 98.02166564228642, acc_loss: 0.21658069143692651, grad_loss: None
2022-04-30 22:20:12,866 DEBUG epoch: 165, train_acc: 93.75114186604817, val_acc: 95.29041179617124, fidel_score: 98.02934849416103, acc_loss: 0.22249741417666277, grad_loss: None
2022-04-30 22:20:15,940 DEBUG epoch: 166, train_acc: 93.37764994303386, val_acc: 95.23279040711162, fidel_score: 97.96788567916411, acc_loss: 0.23772508588929972, grad_loss: None
2022-04-30 22:20:19,020 DEBUG epoch: 167, train_acc: 93.49072519938152, val_acc: 95.2980946527351, fidel_score: 98.0869698785314, acc_loss: 0.23389703097442785, grad_loss: None
2022-04-30 22:20:22,112 DEBUG epoch: 168, train_acc: 93.8482271830241, val_acc: 95.31346035648433, fidel_score: 97.96788567447487, acc_loss: 0.2062392234802246, grad_loss: None
2022-04-30 22:20:25,235 DEBUG epoch: 169, train_acc: 93.58781051635742, val_acc: 95.25968039336202, fidel_score: 97.97940995228679, acc_loss: 0.21210185314218202, grad_loss: None
2022-04-30 22:20:28,369 DEBUG epoch: 170, train_acc: 93.75, val_acc: 95.27888752304855, fidel_score: 98.04087276728372, acc_loss: 0.2159311498204867, grad_loss: None
2022-04-30 22:20:31,434 DEBUG epoch: 171, train_acc: 93.94645436604817, val_acc: 95.35955746773202, fidel_score: 97.99093423009872, acc_loss: 0.20886277904113135, grad_loss: None
2022-04-30 22:20:34,533 DEBUG epoch: 172, train_acc: 92.85681660970052, val_acc: 95.28272894898586, fidel_score: 97.97940995228679, acc_loss: 0.22319336173435053, grad_loss: None
2022-04-30 22:20:37,617 DEBUG epoch: 173, train_acc: 93.11609077453613, val_acc: 95.29041180086048, fidel_score: 98.01014135978525, acc_loss: 0.2132826236387094, grad_loss: None
2022-04-30 22:20:40,711 DEBUG epoch: 174, train_acc: 94.95499801635742, val_acc: 95.32114320835895, fidel_score: 97.97172710041217, acc_loss: 0.1807407047599554, grad_loss: None
2022-04-30 22:20:43,795 DEBUG epoch: 175, train_acc: 92.13952827453613, val_acc: 95.33650890741893, fidel_score: 98.02934849416103, acc_loss: 0.24737049639225006, grad_loss: None
2022-04-30 22:20:46,912 DEBUG epoch: 176, train_acc: 93.34338442484538, val_acc: 95.33266748617086, fidel_score: 97.99861708197332, acc_loss: 0.20844110598166785, grad_loss: None
2022-04-30 22:20:50,034 DEBUG epoch: 177, train_acc: 91.71692276000977, val_acc: 95.26352181929933, fidel_score: 98.06776274884487, acc_loss: 0.25658743642270565, grad_loss: None
2022-04-30 22:20:53,157 DEBUG epoch: 178, train_acc: 92.8236935933431, val_acc: 95.32114320835895, fidel_score: 98.10617700821795, acc_loss: 0.2190373440583547, grad_loss: None
2022-04-30 22:20:56,251 DEBUG epoch: 179, train_acc: 92.18864186604817, val_acc: 95.2519975414874, fidel_score: 97.99477565603603, acc_loss: 0.2521044680227836, grad_loss: None
2022-04-30 22:20:59,365 DEBUG epoch: 180, train_acc: 92.61239051818848, val_acc: 95.27504609711124, fidel_score: 98.04087276728372, acc_loss: 0.24236380743483701, grad_loss: None
2022-04-30 22:21:02,464 DEBUG epoch: 181, train_acc: 94.0435396830241, val_acc: 95.27120467117393, fidel_score: 97.9870928041614, acc_loss: 0.20735394457976022, grad_loss: None
2022-04-30 22:21:05,523 DEBUG epoch: 182, train_acc: 94.4341646830241, val_acc: 95.27504609711124, fidel_score: 97.96020282260025, acc_loss: 0.19662665203213692, grad_loss: None
2022-04-30 22:21:08,631 DEBUG epoch: 183, train_acc: 94.45015525817871, val_acc: 95.19821757836509, fidel_score: 98.06392132290756, acc_loss: 0.20280619555463394, grad_loss: None
2022-04-30 22:21:11,735 DEBUG epoch: 184, train_acc: 95.00411160786946, val_acc: 95.23663183773817, fidel_score: 98.04471419322103, acc_loss: 0.1774057208870848, grad_loss: None
2022-04-30 22:21:14,812 DEBUG epoch: 185, train_acc: 92.25374603271484, val_acc: 95.23279041180086, fidel_score: 98.01014135978525, acc_loss: 0.24389375249544779, grad_loss: None
2022-04-30 22:21:17,889 DEBUG epoch: 186, train_acc: 94.09265327453613, val_acc: 95.2980946527351, fidel_score: 98.0331899154091, acc_loss: 0.1979599508146445, grad_loss: None
2022-04-30 22:21:20,963 DEBUG epoch: 187, train_acc: 93.70202827453613, val_acc: 95.29425322679779, fidel_score: 97.99093423009872, acc_loss: 0.21124101926883063, grad_loss: None
2022-04-30 22:21:24,066 DEBUG epoch: 188, train_acc: 93.67004776000977, val_acc: 95.23663183773817, fidel_score: 98.0331899154091, acc_loss: 0.21604857221245766, grad_loss: None
2022-04-30 22:21:27,170 DEBUG epoch: 189, train_acc: 94.33707936604817, val_acc: 95.33650891210817, fidel_score: 98.02550706353449, acc_loss: 0.19773353512088457, grad_loss: None
2022-04-30 22:21:30,262 DEBUG epoch: 190, train_acc: 93.13436571756999, val_acc: 95.36339889366933, fidel_score: 98.0831284525941, acc_loss: 0.19341162778437138, grad_loss: None
2022-04-30 22:21:33,350 DEBUG epoch: 191, train_acc: 92.5952574412028, val_acc: 95.29809464804586, fidel_score: 98.04471419791027, acc_loss: 0.2447077160080274, grad_loss: None
2022-04-30 22:21:36,464 DEBUG epoch: 192, train_acc: 92.61124801635742, val_acc: 95.28657037492317, fidel_score: 97.9371542669764, acc_loss: 0.23510256906350455, grad_loss: None
2022-04-30 22:21:39,543 DEBUG epoch: 193, train_acc: 91.91223526000977, val_acc: 95.29425322210855, fidel_score: 98.07544560540873, acc_loss: 0.26418111473321915, grad_loss: None
2022-04-30 22:21:42,621 DEBUG epoch: 194, train_acc: 92.23661359151204, val_acc: 95.2980946527351, fidel_score: 98.00245850791063, acc_loss: 0.24343501403927803, grad_loss: None
2022-04-30 22:21:45,703 DEBUG epoch: 195, train_acc: 92.80656051635742, val_acc: 95.3480331899201, fidel_score: 98.04855561915834, acc_loss: 0.23015843580166498, grad_loss: None
2022-04-30 22:21:48,778 DEBUG epoch: 196, train_acc: 93.5718199412028, val_acc: 95.27504609711124, fidel_score: 98.07544560071949, acc_loss: 0.2095506228506565, grad_loss: None
2022-04-30 22:21:51,877 DEBUG epoch: 197, train_acc: 93.89848327636719, val_acc: 95.25583896742471, fidel_score: 98.00245850791063, acc_loss: 0.20935198540488878, grad_loss: None
2022-04-30 22:21:54,992 DEBUG epoch: 198, train_acc: 92.92077827453613, val_acc: 95.21742470336238, fidel_score: 97.99093423478796, acc_loss: 0.23181228712201118, grad_loss: None
2022-04-30 22:21:58,117 DEBUG epoch: 199, train_acc: 93.34452692667644, val_acc: 95.20590043023971, fidel_score: 98.04471419322103, acc_loss: 0.2343426961451769, grad_loss: None
2022-04-30 22:22:01,214 DEBUG epoch: 200, train_acc: 93.00187301635742, val_acc: 95.3480331899201, fidel_score: 98.0869698785314, acc_loss: 0.23864124218622842, grad_loss: None
2022-04-30 22:22:04,297 DEBUG epoch: 201, train_acc: 93.66890525817871, val_acc: 95.29809464804586, fidel_score: 98.07160417947142, acc_loss: 0.20817184199889502, grad_loss: None
2022-04-30 22:22:07,405 DEBUG epoch: 202, train_acc: 92.7425988515218, val_acc: 95.28272894429662, fidel_score: 97.99861708666256, acc_loss: 0.24458889539043108, grad_loss: None
2022-04-30 22:22:10,513 DEBUG epoch: 203, train_acc: 93.26343218485515, val_acc: 95.27888751835931, fidel_score: 98.03703134603565, acc_loss: 0.2265737367173036, grad_loss: None
2022-04-30 22:22:13,606 DEBUG epoch: 204, train_acc: 94.0435396830241, val_acc: 95.31346035648433, fidel_score: 98.05239704509565, acc_loss: 0.20887220712999502, grad_loss: None
2022-04-30 22:22:16,713 DEBUG epoch: 205, train_acc: 92.95390192667644, val_acc: 95.25583896742471, fidel_score: 98.05239704509565, acc_loss: 0.2353947820762793, grad_loss: None
2022-04-30 22:22:19,780 DEBUG epoch: 206, train_acc: 93.52270634969075, val_acc: 95.28272894898586, fidel_score: 97.97556852634948, acc_loss: 0.22721499825517336, grad_loss: None
2022-04-30 22:22:22,909 DEBUG epoch: 207, train_acc: 93.08296775817871, val_acc: 95.28272894898586, fidel_score: 98.09849415634334, acc_loss: 0.22034061017135778, grad_loss: None
2022-04-30 22:22:26,015 DEBUG epoch: 208, train_acc: 92.69348526000977, val_acc: 95.2980946527351, fidel_score: 98.01782421165987, acc_loss: 0.23933211279412112, grad_loss: None
2022-04-30 22:22:29,134 DEBUG epoch: 209, train_acc: 93.40848859151204, val_acc: 95.26352181929933, fidel_score: 98.07544560071949, acc_loss: 0.22663885354995728, grad_loss: None
2022-04-30 22:22:32,235 DEBUG epoch: 210, train_acc: 92.97217623392741, val_acc: 95.33650890741893, fidel_score: 98.07544560540873, acc_loss: 0.22948114636043707, grad_loss: None
2022-04-30 22:22:35,320 DEBUG epoch: 211, train_acc: 93.21546045939128, val_acc: 95.27504609711124, fidel_score: 98.07160417478218, acc_loss: 0.2186471652239561, grad_loss: None
2022-04-30 22:22:38,405 DEBUG epoch: 212, train_acc: 93.01786359151204, val_acc: 95.27504609711124, fidel_score: 98.10233558228065, acc_loss: 0.22635083086788654, grad_loss: None
2022-04-30 22:22:41,476 DEBUG epoch: 213, train_acc: 92.83968353271484, val_acc: 95.26736324523664, fidel_score: 98.14843269352833, acc_loss: 0.22579587126771608, grad_loss: None
2022-04-30 22:22:44,585 DEBUG epoch: 214, train_acc: 92.5472863515218, val_acc: 95.32882606023355, fidel_score: 98.09081130446872, acc_loss: 0.2254521337648233, grad_loss: None
2022-04-30 22:22:47,697 DEBUG epoch: 215, train_acc: 93.26343218485515, val_acc: 95.30961893054702, fidel_score: 98.10233558228065, acc_loss: 0.21855288868149123, grad_loss: None
2022-04-30 22:22:50,759 DEBUG epoch: 216, train_acc: 92.22176551818848, val_acc: 95.25583896742471, fidel_score: 98.06007989697025, acc_loss: 0.25521825316051644, grad_loss: None
2022-04-30 22:22:53,865 DEBUG epoch: 217, train_acc: 92.9379113515218, val_acc: 95.29425322210855, fidel_score: 98.00629993853718, acc_loss: 0.21619818173348904, grad_loss: None
2022-04-30 22:22:56,968 DEBUG epoch: 218, train_acc: 93.359375, val_acc: 95.31346035648433, fidel_score: 98.0792870266568, acc_loss: 0.22462049561242262, grad_loss: None
2022-04-30 22:23:00,072 DEBUG epoch: 219, train_acc: 94.06067276000977, val_acc: 95.23279040711162, fidel_score: 98.0639213275968, acc_loss: 0.20722883505125841, grad_loss: None
2022-04-30 22:23:03,167 DEBUG epoch: 220, train_acc: 93.13208134969075, val_acc: 95.30961892585778, fidel_score: 98.05623847572218, acc_loss: 0.23271987090508142, grad_loss: None
2022-04-30 22:23:06,273 DEBUG epoch: 221, train_acc: 92.51416269938152, val_acc: 95.30193607398316, fidel_score: 98.07160417947142, acc_loss: 0.23343144481380781, grad_loss: None
2022-04-30 22:23:09,375 DEBUG epoch: 222, train_acc: 92.46619160970052, val_acc: 95.28272894429662, fidel_score: 98.05239704978489, acc_loss: 0.25407356830934685, grad_loss: None
2022-04-30 22:23:12,462 DEBUG epoch: 223, train_acc: 94.36906051635742, val_acc: 95.30961893054702, fidel_score: 98.13306698977911, acc_loss: 0.20674930264552435, grad_loss: None
2022-04-30 22:23:15,577 DEBUG epoch: 224, train_acc: 93.49072519938152, val_acc: 95.23663183773817, fidel_score: 98.0331899154091, acc_loss: 0.22850055620074272, grad_loss: None
2022-04-30 22:23:18,676 DEBUG epoch: 225, train_acc: 92.51416269938152, val_acc: 95.31730178242164, fidel_score: 98.09849415634334, acc_loss: 0.22440592385828495, grad_loss: None
2022-04-30 22:23:21,755 DEBUG epoch: 226, train_acc: 94.30395634969075, val_acc: 95.32498463429626, fidel_score: 98.19837123071333, acc_loss: 0.20566372821728388, grad_loss: None
2022-04-30 22:23:24,847 DEBUG epoch: 227, train_acc: 94.69458134969075, val_acc: 95.30193607398316, fidel_score: 98.0639213275968, acc_loss: 0.19611889496445656, grad_loss: None
2022-04-30 22:23:27,960 DEBUG epoch: 228, train_acc: 93.7191613515218, val_acc: 95.32882605554431, fidel_score: 98.1061770129072, acc_loss: 0.2185445800423622, grad_loss: None
2022-04-30 22:23:31,063 DEBUG epoch: 229, train_acc: 92.95275942484538, val_acc: 95.30961892585778, fidel_score: 98.07160417947142, acc_loss: 0.23156153162320456, grad_loss: None
2022-04-30 22:23:34,161 DEBUG epoch: 230, train_acc: 92.64437103271484, val_acc: 95.31346035648433, fidel_score: 97.99477565603603, acc_loss: 0.23614234601457915, grad_loss: None
2022-04-30 22:23:37,256 DEBUG epoch: 231, train_acc: 91.29317410786946, val_acc: 95.275046092422, fidel_score: 98.05623847572218, acc_loss: 0.279994518806537, grad_loss: None
2022-04-30 22:23:40,339 DEBUG epoch: 232, train_acc: 93.39249801635742, val_acc: 95.24431468492354, fidel_score: 97.99477566072527, acc_loss: 0.2115517066170772, grad_loss: None
2022-04-30 22:23:43,420 DEBUG epoch: 233, train_acc: 92.70947519938152, val_acc: 95.20974185617702, fidel_score: 98.02934848947179, acc_loss: 0.24226001153389612, grad_loss: None
2022-04-30 22:23:46,505 DEBUG epoch: 234, train_acc: 94.33707936604817, val_acc: 95.33266748617086, fidel_score: 98.0869698785314, acc_loss: 0.19425708303848901, grad_loss: None
2022-04-30 22:23:49,583 DEBUG epoch: 235, train_acc: 93.03499603271484, val_acc: 95.2980946527351, fidel_score: 98.11770128602987, acc_loss: 0.21010051170984903, grad_loss: None
2022-04-30 22:23:52,685 DEBUG epoch: 236, train_acc: 92.5472863515218, val_acc: 95.225107555237, fidel_score: 98.02166564228642, acc_loss: 0.24903587438166142, grad_loss: None
2022-04-30 22:23:55,762 DEBUG epoch: 237, train_acc: 92.93676884969075, val_acc: 95.22126613398893, fidel_score: 98.14459126759103, acc_loss: 0.234899848078688, grad_loss: None
2022-04-30 22:23:58,864 DEBUG epoch: 238, train_acc: 92.7425988515218, val_acc: 95.3211432036697, fidel_score: 98.07160417947142, acc_loss: 0.23793638870120049, grad_loss: None
2022-04-30 22:24:01,983 DEBUG epoch: 239, train_acc: 93.78312301635742, val_acc: 95.29425322679779, fidel_score: 98.01398278572256, acc_loss: 0.22135459010799727, grad_loss: None
2022-04-30 22:24:05,077 DEBUG epoch: 240, train_acc: 93.68489583333333, val_acc: 95.33650890741893, fidel_score: 97.98709280885065, acc_loss: 0.20783843596776327, grad_loss: None
2022-04-30 22:24:08,178 DEBUG epoch: 241, train_acc: 93.6049435933431, val_acc: 95.3710817408547, fidel_score: 98.04471419791027, acc_loss: 0.2054739948362112, grad_loss: None
2022-04-30 22:24:11,278 DEBUG epoch: 242, train_acc: 93.6049435933431, val_acc: 95.34035033335624, fidel_score: 98.02550706822373, acc_loss: 0.23142554114262262, grad_loss: None
2022-04-30 22:24:14,364 DEBUG epoch: 243, train_acc: 93.05212910970052, val_acc: 95.30961893054702, fidel_score: 98.05239704509565, acc_loss: 0.2312111717959245, grad_loss: None
2022-04-30 22:24:17,477 DEBUG epoch: 244, train_acc: 92.90478769938152, val_acc: 95.40565457897972, fidel_score: 98.1791641010268, acc_loss: 0.236955385034283, grad_loss: None
2022-04-30 22:24:20,552 DEBUG epoch: 245, train_acc: 92.57926686604817, val_acc: 95.36339889366933, fidel_score: 98.1292255638418, acc_loss: 0.24110718381901583, grad_loss: None
2022-04-30 22:24:23,647 DEBUG epoch: 246, train_acc: 94.38505109151204, val_acc: 95.35571603710548, fidel_score: 98.09081130915796, acc_loss: 0.21700718440115452, grad_loss: None
2022-04-30 22:24:26,689 DEBUG epoch: 247, train_acc: 94.01155853271484, val_acc: 95.32498463429626, fidel_score: 98.01398278572256, acc_loss: 0.19975966090957323, grad_loss: None
2022-04-30 22:24:29,801 DEBUG epoch: 248, train_acc: 93.03385416666667, val_acc: 95.28272894898586, fidel_score: 98.06776274884487, acc_loss: 0.23147921357303858, grad_loss: None
2022-04-30 22:24:32,883 DEBUG epoch: 249, train_acc: 93.71801884969075, val_acc: 95.25583896742471, fidel_score: 98.09465273040603, acc_loss: 0.21307426566878954, grad_loss: None
2022-04-30 22:24:35,974 DEBUG epoch: 250, train_acc: 93.4576021830241, val_acc: 95.29809464804586, fidel_score: 98.07928703134604, acc_loss: 0.20610753757258257, grad_loss: None
2022-04-30 22:24:39,079 DEBUG epoch: 251, train_acc: 93.40848859151204, val_acc: 95.24047325898624, fidel_score: 98.07160417947142, acc_loss: 0.21610534004867077, grad_loss: None
2022-04-30 22:24:42,141 DEBUG epoch: 252, train_acc: 94.01155853271484, val_acc: 95.33650891210817, fidel_score: 97.99477565603603, acc_loss: 0.1968446485698223, grad_loss: None
2022-04-30 22:24:45,258 DEBUG epoch: 253, train_acc: 92.75858942667644, val_acc: 95.22510755992624, fidel_score: 98.11385986009256, acc_loss: 0.23020506836473942, grad_loss: None
2022-04-30 22:24:48,358 DEBUG epoch: 254, train_acc: 94.17489051818848, val_acc: 95.30961893054702, fidel_score: 98.15611554540295, acc_loss: 0.19478345972796282, grad_loss: None
2022-04-30 22:24:51,470 DEBUG epoch: 255, train_acc: 93.05212910970052, val_acc: 95.27888752304855, fidel_score: 97.99093423009872, acc_loss: 0.22159314388409257, grad_loss: None
2022-04-30 22:24:54,556 DEBUG epoch: 256, train_acc: 93.7671324412028, val_acc: 95.24431468961278, fidel_score: 98.06776274884487, acc_loss: 0.20493201663096747, grad_loss: None
2022-04-30 22:24:57,657 DEBUG epoch: 257, train_acc: 93.34452692667644, val_acc: 95.27888751835931, fidel_score: 98.00245851259987, acc_loss: 0.22529790674646696, grad_loss: None
2022-04-30 22:25:00,739 DEBUG epoch: 258, train_acc: 93.06811968485515, val_acc: 95.24815611086085, fidel_score: 98.05623847572218, acc_loss: 0.21899373456835747, grad_loss: None
2022-04-30 22:25:03,856 DEBUG epoch: 259, train_acc: 92.64437103271484, val_acc: 95.26736324523664, fidel_score: 98.06776274884487, acc_loss: 0.2307541286572814, grad_loss: None
2022-04-30 22:25:06,932 DEBUG epoch: 260, train_acc: 94.48327827453613, val_acc: 95.28657037023393, fidel_score: 98.02934849416103, acc_loss: 0.19737673054138818, grad_loss: None
2022-04-30 22:25:10,013 DEBUG epoch: 261, train_acc: 92.95275942484538, val_acc: 95.34419176398279, fidel_score: 98.0370313413464, acc_loss: 0.2320033541570107, grad_loss: None
2022-04-30 22:25:13,111 DEBUG epoch: 262, train_acc: 93.52270634969075, val_acc: 95.29041180086048, fidel_score: 98.06007989697025, acc_loss: 0.22111085833360752, grad_loss: None
2022-04-30 22:25:16,192 DEBUG epoch: 263, train_acc: 94.56437301635742, val_acc: 95.275046092422, fidel_score: 98.04855562384758, acc_loss: 0.19201740995049477, grad_loss: None
2022-04-30 22:25:19,273 DEBUG epoch: 264, train_acc: 92.92077827453613, val_acc: 95.32114320835895, fidel_score: 98.0792870266568, acc_loss: 0.243948794901371, grad_loss: None
2022-04-30 22:25:22,365 DEBUG epoch: 265, train_acc: 93.31140327453613, val_acc: 95.27504609711124, fidel_score: 98.02166563759718, acc_loss: 0.21820795287688574, grad_loss: None
2022-04-30 22:25:25,505 DEBUG epoch: 266, train_acc: 93.0190060933431, val_acc: 95.3019360786724, fidel_score: 97.9870928041614, acc_loss: 0.2224525325000286, grad_loss: None
2022-04-30 22:25:28,619 DEBUG epoch: 267, train_acc: 91.97733942667644, val_acc: 95.2519975414874, fidel_score: 98.0869698785314, acc_loss: 0.25879159942269325, grad_loss: None
2022-04-30 22:25:31,709 DEBUG epoch: 268, train_acc: 93.19718551635742, val_acc: 95.22894898586355, fidel_score: 98.04087276728372, acc_loss: 0.20846285050113997, grad_loss: None
2022-04-30 22:25:34,817 DEBUG epoch: 269, train_acc: 93.00301551818848, val_acc: 95.275046092422, fidel_score: 98.08696988322065, acc_loss: 0.23730225736896196, grad_loss: None
2022-04-30 22:25:37,924 DEBUG epoch: 270, train_acc: 93.53983942667644, val_acc: 95.21742470805162, fidel_score: 98.00245850791063, acc_loss: 0.21406105595330396, grad_loss: None
2022-04-30 22:25:41,049 DEBUG epoch: 271, train_acc: 93.49072519938152, val_acc: 95.32114320835895, fidel_score: 98.12154271196718, acc_loss: 0.20816006511449814, grad_loss: None
2022-04-30 22:25:44,144 DEBUG epoch: 272, train_acc: 94.45015525817871, val_acc: 95.32882606023355, fidel_score: 98.0370313413464, acc_loss: 0.2004640412827333, grad_loss: None
2022-04-30 22:25:47,259 DEBUG epoch: 273, train_acc: 93.66890525817871, val_acc: 95.33650890741893, fidel_score: 98.1138598647818, acc_loss: 0.21627746305118004, grad_loss: None
2022-04-30 22:25:50,359 DEBUG epoch: 274, train_acc: 92.69348526000977, val_acc: 95.25583896273547, fidel_score: 97.97940995697603, acc_loss: 0.22846955371399721, grad_loss: None
2022-04-30 22:25:53,467 DEBUG epoch: 275, train_acc: 93.0190060933431, val_acc: 95.3211432036697, fidel_score: 98.0639213275968, acc_loss: 0.24958380808432898, grad_loss: None
2022-04-30 22:25:56,568 DEBUG epoch: 276, train_acc: 92.61124801635742, val_acc: 95.29425322210855, fidel_score: 98.03318992009834, acc_loss: 0.24249683444698653, grad_loss: None
2022-04-30 22:25:59,653 DEBUG epoch: 277, train_acc: 92.40108744303386, val_acc: 95.2673632405474, fidel_score: 98.06776275353411, acc_loss: 0.24518890058000883, grad_loss: None
2022-04-30 22:26:02,741 DEBUG epoch: 278, train_acc: 93.1332238515218, val_acc: 95.26352181929933, fidel_score: 97.91410571135255, acc_loss: 0.22755935291449228, grad_loss: None
2022-04-30 22:26:05,815 DEBUG epoch: 279, train_acc: 93.97957801818848, val_acc: 95.3019360786724, fidel_score: 98.0831284525941, acc_loss: 0.20447170858581862, grad_loss: None
2022-04-30 22:26:08,935 DEBUG epoch: 280, train_acc: 93.75114186604817, val_acc: 95.24047325898624, fidel_score: 98.05623847572218, acc_loss: 0.21751476638019085, grad_loss: None
2022-04-30 22:26:12,026 DEBUG epoch: 281, train_acc: 93.15035629272461, val_acc: 95.24047325898624, fidel_score: 98.04471419791027, acc_loss: 0.21341569162905216, grad_loss: None
2022-04-30 22:26:15,143 DEBUG epoch: 282, train_acc: 93.5718199412028, val_acc: 95.31730178242164, fidel_score: 98.02166563759718, acc_loss: 0.22835855496426424, grad_loss: None
2022-04-30 22:26:18,264 DEBUG epoch: 283, train_acc: 92.5472863515218, val_acc: 95.30577750460971, fidel_score: 98.02934848947179, acc_loss: 0.23060529679059982, grad_loss: None
2022-04-30 22:26:21,359 DEBUG epoch: 284, train_acc: 92.5952574412028, val_acc: 95.23663183773817, fidel_score: 98.0869698785314, acc_loss: 0.22399833550055823, grad_loss: None
2022-04-30 22:26:24,464 DEBUG epoch: 285, train_acc: 92.53129577636719, val_acc: 95.22126613398893, fidel_score: 98.02934848947179, acc_loss: 0.25021326541900635, grad_loss: None
2022-04-30 22:26:27,570 DEBUG epoch: 286, train_acc: 93.9144738515218, val_acc: 95.22894898586355, fidel_score: 98.00629993384794, acc_loss: 0.2070504060635964, grad_loss: None
2022-04-30 22:26:30,673 DEBUG epoch: 287, train_acc: 93.00301551818848, val_acc: 95.23279041180086, fidel_score: 98.01398278572256, acc_loss: 0.236172115119795, grad_loss: None
2022-04-30 22:26:33,760 DEBUG epoch: 288, train_acc: 92.72546577453613, val_acc: 95.30193607398316, fidel_score: 98.06776275353411, acc_loss: 0.23349211054543653, grad_loss: None
2022-04-30 22:26:36,864 DEBUG epoch: 289, train_acc: 92.90478769938152, val_acc: 95.22126613398893, fidel_score: 97.99477565603603, acc_loss: 0.2300261395672957, grad_loss: None
2022-04-30 22:26:39,938 DEBUG epoch: 290, train_acc: 93.88135019938152, val_acc: 95.32882605554431, fidel_score: 98.1138598647818, acc_loss: 0.20418001152575016, grad_loss: None
2022-04-30 22:26:43,075 DEBUG epoch: 291, train_acc: 92.17265192667644, val_acc: 95.23663183304893, fidel_score: 98.06007990165949, acc_loss: 0.2292893094321092, grad_loss: None
2022-04-30 22:26:46,205 DEBUG epoch: 292, train_acc: 93.13208134969075, val_acc: 95.28272894898586, fidel_score: 97.97940995228679, acc_loss: 0.23411742504686117, grad_loss: None
2022-04-30 22:26:49,265 DEBUG epoch: 293, train_acc: 91.92822519938152, val_acc: 95.30961893054702, fidel_score: 98.10617700821795, acc_loss: 0.24288211949169636, grad_loss: None
2022-04-30 22:26:52,353 DEBUG epoch: 294, train_acc: 93.34452692667644, val_acc: 95.29425322210855, fidel_score: 97.99477566072527, acc_loss: 0.22009587722520033, grad_loss: None
2022-04-30 22:26:55,448 DEBUG epoch: 295, train_acc: 92.95390192667644, val_acc: 95.2519975414874, fidel_score: 98.02166563759718, acc_loss: 0.2459955314795176, grad_loss: None
2022-04-30 22:26:58,537 DEBUG epoch: 296, train_acc: 92.77457936604817, val_acc: 95.29425322679779, fidel_score: 98.10233558228065, acc_loss: 0.21035448089241982, grad_loss: None
2022-04-30 22:27:01,641 DEBUG epoch: 297, train_acc: 93.31254577636719, val_acc: 95.29809464804586, fidel_score: 98.1599569760295, acc_loss: 0.21360638365149498, grad_loss: None
2022-04-30 22:27:04,754 DEBUG epoch: 298, train_acc: 93.39249801635742, val_acc: 95.30577749992047, fidel_score: 98.06007990165949, acc_loss: 0.2099458258599043, grad_loss: None
2022-04-30 22:27:07,858 DEBUG epoch: 299, train_acc: 93.6529146830241, val_acc: 95.2519975414874, fidel_score: 98.02934848947179, acc_loss: 0.20899755383531252, grad_loss: None
2022-04-30 22:27:10,943 DEBUG epoch: 300, train_acc: 92.56327692667644, val_acc: 95.25968039336202, fidel_score: 97.97940995228679, acc_loss: 0.2512459550052881, grad_loss: None
2022-04-30 22:27:10,943 DEBUG load best stealed model.
2022-04-30 22:27:10,943 DEBUG Best perform model, val_acc: 95.41717885679164, fidel_score: 98.06007989697025, acc_loss: 0.22617560687164465
2022-04-30 22:27:10,945 DEBUG load cloest stealed model.
2022-04-30 22:27:10,946 DEBUG Closest perform model, val_acc: 95.21358328211431, fidel_score: 98.39428395351605, acc_loss: 0.22617560687164465
