2022-04-27 02:03:02,100 DEBUG Namespace(arch='vgg11_bn', attack_client=0, attack_epochs=300, attack_style='Craft_option_step50', average_time=1, batch_size=128, bottleneck_option='None', cutlayer=4, data_proportion=0.0, dataset='cifar10', filename='ace_V2_epoch_vgg11_bn_cutlayer_4_client_1_seed125_dataset_cifar10_lr_0.05_200epoch', folder='saves/baseline', learning_rate=0.005, noniid_ratio=1.0, num_client=1, num_epochs='best', num_query=10000, random_seed=123, regularization='None', regularization_strength=0.0, scheme='V2_epoch', surrogate_arch='thinner', test_best=True, train_clas_layer=5.0)
2022-04-27 02:03:06,212 DEBUG Test (client-0):	Loss 0.6164 (0.3623)	Prec@1 81.250 (91.890)
2022-04-27 02:03:06,212 DEBUG  * Prec@1 91.890
2022-04-27 02:03:06,284 DEBUG 14
2022-04-27 02:03:06,284 DEBUG surrogate parameter has 14 trainable parameters!
2022-04-27 02:03:06,780 DEBUG Image 0 class 0 - Iter 50 Feature loss: 0.00027056847466155887 TVLoss: 1.3153618574142456 l2Loss: 0.685433030128479
2022-04-27 02:03:07,258 DEBUG Image 1 class 0 - Iter 50 Feature loss: 0.00022492263815365732 TVLoss: 1.301264762878418 l2Loss: 0.689900279045105
2022-04-27 02:03:07,565 DEBUG Image 2 class 0 - Iter 50 Feature loss: 0.0007285801111720502 TVLoss: 1.3509628772735596 l2Loss: 0.688815712928772
2022-04-27 02:03:07,873 DEBUG Image 3 class 0 - Iter 50 Feature loss: 1.7881377516459906e-06 TVLoss: 1.2877870798110962 l2Loss: 0.7397522926330566
2022-04-27 02:03:08,314 DEBUG Image 4 class 0 - Iter 50 Feature loss: 0.0006252956227399409 TVLoss: 1.3864097595214844 l2Loss: 0.6911616325378418
2022-04-27 02:03:08,747 DEBUG Image 5 class 0 - Iter 50 Feature loss: 0.0007370378007180989 TVLoss: 1.4469236135482788 l2Loss: 0.7177639007568359
2022-04-27 02:03:09,101 DEBUG Image 6 class 0 - Iter 50 Feature loss: 0.0008721124031580985 TVLoss: 1.3899054527282715 l2Loss: 0.7002012133598328
2022-04-27 02:03:09,476 DEBUG Image 7 class 0 - Iter 50 Feature loss: 0.0005422552349045873 TVLoss: 1.3821356296539307 l2Loss: 0.677878737449646
2022-04-27 02:03:09,925 DEBUG Image 8 class 0 - Iter 50 Feature loss: 0.001033010776154697 TVLoss: 1.4043539762496948 l2Loss: 0.6993441581726074
2022-04-27 02:03:10,376 DEBUG Image 9 class 0 - Iter 50 Feature loss: 0.000726316764485091 TVLoss: 1.2660837173461914 l2Loss: 0.6693369746208191
2022-04-27 02:03:10,832 DEBUG Image 10 class 0 - Iter 50 Feature loss: 0.0005227153305895627 TVLoss: 1.307448387145996 l2Loss: 0.6813880801200867
2022-04-27 02:03:11,290 DEBUG Image 11 class 0 - Iter 50 Feature loss: 0.0012542485492303967 TVLoss: 1.4073591232299805 l2Loss: 0.7185294032096863
2022-04-27 02:03:11,761 DEBUG Image 12 class 0 - Iter 50 Feature loss: 5.0424259825376794e-05 TVLoss: 1.368496060371399 l2Loss: 0.7096297144889832
2022-04-27 02:03:12,180 DEBUG Image 13 class 0 - Iter 50 Feature loss: 0.0016132686287164688 TVLoss: 1.457700252532959 l2Loss: 0.722216784954071
2022-04-27 02:03:12,645 DEBUG Image 14 class 0 - Iter 50 Feature loss: 4.672895011026412e-05 TVLoss: 1.3587689399719238 l2Loss: 0.6927639842033386
2022-04-27 02:03:13,099 DEBUG Image 15 class 0 - Iter 50 Feature loss: 0.0005505952867679298 TVLoss: 1.3272252082824707 l2Loss: 0.7134491205215454
2022-04-27 02:03:13,568 DEBUG Image 16 class 0 - Iter 50 Feature loss: 0.0006405447493307292 TVLoss: 1.4001375436782837 l2Loss: 0.6992103457450867
2022-04-27 02:03:14,036 DEBUG Image 17 class 0 - Iter 50 Feature loss: 0.0007426364463753998 TVLoss: 1.4493579864501953 l2Loss: 0.6997928619384766
2022-04-27 02:03:14,502 DEBUG Image 18 class 0 - Iter 50 Feature loss: 0.0005090133054181933 TVLoss: 1.290581226348877 l2Loss: 0.6820715665817261
2022-04-27 02:03:14,971 DEBUG Image 19 class 0 - Iter 50 Feature loss: 0.0005613181856460869 TVLoss: 1.456892728805542 l2Loss: 0.7337285876274109
2022-04-27 02:03:15,433 DEBUG Image 0 class 1 - Iter 50 Feature loss: 6.842378934379667e-05 TVLoss: 1.3885998725891113 l2Loss: 0.7096685767173767
2022-04-27 02:03:15,901 DEBUG Image 1 class 1 - Iter 50 Feature loss: 0.0006658005877397954 TVLoss: 1.3667206764221191 l2Loss: 0.6858819723129272
2022-04-27 02:03:16,319 DEBUG Image 2 class 1 - Iter 50 Feature loss: 0.0006831934442743659 TVLoss: 1.5997353792190552 l2Loss: 0.7360743284225464
2022-04-27 02:03:16,695 DEBUG Image 3 class 1 - Iter 50 Feature loss: 0.0004351384413894266 TVLoss: 1.6162617206573486 l2Loss: 0.7907993197441101
2022-04-27 02:03:17,104 DEBUG Image 4 class 1 - Iter 50 Feature loss: 0.0 TVLoss: 1.4923582077026367 l2Loss: 0.7564191818237305
2022-04-27 02:03:17,519 DEBUG Image 5 class 1 - Iter 50 Feature loss: 6.437280717364047e-06 TVLoss: 1.292649269104004 l2Loss: 0.7336589694023132
2022-04-27 02:03:17,836 DEBUG Image 6 class 1 - Iter 50 Feature loss: 6.210611172718927e-05 TVLoss: 1.5046355724334717 l2Loss: 0.7372085452079773
2022-04-27 02:03:18,254 DEBUG Image 7 class 1 - Iter 50 Feature loss: 0.0004677870310842991 TVLoss: 1.3686420917510986 l2Loss: 0.7004858255386353
2022-04-27 02:03:18,653 DEBUG Image 8 class 1 - Iter 50 Feature loss: 0.00037889453233219683 TVLoss: 1.3697081804275513 l2Loss: 0.6899473071098328
2022-04-27 02:03:19,070 DEBUG Image 9 class 1 - Iter 50 Feature loss: 0.00021336186910048127 TVLoss: 1.3859055042266846 l2Loss: 0.7396988868713379
2022-04-27 02:03:19,460 DEBUG Image 10 class 1 - Iter 50 Feature loss: 0.00023278864682652056 TVLoss: 1.4467881917953491 l2Loss: 0.7436319589614868
2022-04-27 02:03:19,905 DEBUG Image 11 class 1 - Iter 50 Feature loss: 0.0005645350320264697 TVLoss: 1.5286033153533936 l2Loss: 0.7334307432174683
2022-04-27 02:03:20,323 DEBUG Image 12 class 1 - Iter 50 Feature loss: 1.0490362910786644e-05 TVLoss: 1.2703907489776611 l2Loss: 0.6688516139984131
2022-04-27 02:03:20,745 DEBUG Image 13 class 1 - Iter 50 Feature loss: 0.00043466180795803666 TVLoss: 1.2949235439300537 l2Loss: 0.6714601516723633
2022-04-27 02:03:21,173 DEBUG Image 14 class 1 - Iter 50 Feature loss: 0.00025197668583132327 TVLoss: 1.3646776676177979 l2Loss: 0.7234517931938171
2022-04-27 02:03:21,608 DEBUG Image 15 class 1 - Iter 50 Feature loss: 2.8371408916427754e-05 TVLoss: 1.5900423526763916 l2Loss: 0.7745407819747925
2022-04-27 02:03:22,031 DEBUG Image 16 class 1 - Iter 50 Feature loss: 0.00023934361524879932 TVLoss: 1.3248910903930664 l2Loss: 0.6959346532821655
2022-04-27 02:03:22,452 DEBUG Image 17 class 1 - Iter 50 Feature loss: 5.435795901576057e-05 TVLoss: 1.307335376739502 l2Loss: 0.7022697925567627
2022-04-27 02:03:22,892 DEBUG Image 18 class 1 - Iter 50 Feature loss: 1.811964830267243e-05 TVLoss: 1.5297563076019287 l2Loss: 0.7518433332443237
2022-04-27 02:03:23,321 DEBUG Image 19 class 1 - Iter 50 Feature loss: 2.47952248173533e-05 TVLoss: 1.3576366901397705 l2Loss: 0.70637047290802
2022-04-27 02:03:23,752 DEBUG Image 0 class 2 - Iter 50 Feature loss: 4.7205765440594405e-05 TVLoss: 0.977676510810852 l2Loss: 0.5414601564407349
2022-04-27 02:03:24,191 DEBUG Image 1 class 2 - Iter 50 Feature loss: 0.00012599628826137632 TVLoss: 1.2208497524261475 l2Loss: 0.6363581418991089
2022-04-27 02:03:24,651 DEBUG Image 2 class 2 - Iter 50 Feature loss: 0.000342191313393414 TVLoss: 1.3155306577682495 l2Loss: 0.6547591686248779
2022-04-27 02:03:25,122 DEBUG Image 3 class 2 - Iter 50 Feature loss: 3.933898824470816e-06 TVLoss: 0.5796574354171753 l2Loss: 0.42977139353752136
2022-04-27 02:03:25,504 DEBUG Image 4 class 2 - Iter 50 Feature loss: 0.0003133521240670234 TVLoss: 1.306969404220581 l2Loss: 0.6362453699111938
2022-04-27 02:03:25,860 DEBUG Image 5 class 2 - Iter 50 Feature loss: 0.00018904806347563863 TVLoss: 1.3912081718444824 l2Loss: 0.6727488040924072
2022-04-27 02:03:26,256 DEBUG Image 6 class 2 - Iter 50 Feature loss: 0.00026222606538794935 TVLoss: 1.343037486076355 l2Loss: 0.6446163058280945
2022-04-27 02:03:26,650 DEBUG Image 7 class 2 - Iter 50 Feature loss: 0.00010406429646536708 TVLoss: 1.1893672943115234 l2Loss: 0.6379523873329163
2022-04-27 02:03:26,928 DEBUG Image 8 class 2 - Iter 50 Feature loss: 0.0002661589242052287 TVLoss: 1.3482333421707153 l2Loss: 0.6471266150474548
2022-04-27 02:03:27,284 DEBUG Image 9 class 2 - Iter 50 Feature loss: 0.00019453064305707812 TVLoss: 1.2424981594085693 l2Loss: 0.624118447303772
2022-04-27 02:03:27,734 DEBUG Image 10 class 2 - Iter 50 Feature loss: 0.0002553137019276619 TVLoss: 1.315653920173645 l2Loss: 0.6509808897972107
2022-04-27 02:03:28,161 DEBUG Image 11 class 2 - Iter 50 Feature loss: 0.00025376438861712813 TVLoss: 1.3726632595062256 l2Loss: 0.6441788077354431
2022-04-27 02:03:28,586 DEBUG Image 12 class 2 - Iter 50 Feature loss: 0.0002762889489531517 TVLoss: 1.37131929397583 l2Loss: 0.6605675220489502
2022-04-27 02:03:29,017 DEBUG Image 13 class 2 - Iter 50 Feature loss: 0.0002406545972917229 TVLoss: 1.2615647315979004 l2Loss: 0.6505519151687622
2022-04-27 02:03:29,453 DEBUG Image 14 class 2 - Iter 50 Feature loss: 0.0003327769518364221 TVLoss: 1.2990460395812988 l2Loss: 0.6479024291038513
2022-04-27 02:03:29,877 DEBUG Image 15 class 2 - Iter 50 Feature loss: 5.173549288883805e-05 TVLoss: 0.9550989866256714 l2Loss: 0.5469619631767273
2022-04-27 02:03:30,278 DEBUG Image 16 class 2 - Iter 50 Feature loss: 7.247662142617628e-05 TVLoss: 1.0832111835479736 l2Loss: 0.607052743434906
2022-04-27 02:03:30,701 DEBUG Image 17 class 2 - Iter 50 Feature loss: 0.0001616347290109843 TVLoss: 1.312330722808838 l2Loss: 0.6464794278144836
2022-04-27 02:03:31,151 DEBUG Image 18 class 2 - Iter 50 Feature loss: 0.0003200257197022438 TVLoss: 1.3575389385223389 l2Loss: 0.6489524841308594
2022-04-27 02:03:31,566 DEBUG Image 19 class 2 - Iter 50 Feature loss: 0.0002996472467202693 TVLoss: 1.3231617212295532 l2Loss: 0.6533986926078796
2022-04-27 02:03:31,980 DEBUG Image 0 class 3 - Iter 50 Feature loss: 0.0004686211177613586 TVLoss: 1.3330190181732178 l2Loss: 0.6783474683761597
2022-04-27 02:03:32,404 DEBUG Image 1 class 3 - Iter 50 Feature loss: 0.0004343043256085366 TVLoss: 1.3419253826141357 l2Loss: 0.6570746898651123
2022-04-27 02:03:32,826 DEBUG Image 2 class 3 - Iter 50 Feature loss: 0.0002731903805397451 TVLoss: 1.318009853363037 l2Loss: 0.6562590599060059
2022-04-27 02:03:33,250 DEBUG Image 3 class 3 - Iter 50 Feature loss: 0.000806721393018961 TVLoss: 1.3479783535003662 l2Loss: 0.6850532293319702
2022-04-27 02:03:33,718 DEBUG Image 4 class 3 - Iter 50 Feature loss: 0.0005029367166571319 TVLoss: 1.358703374862671 l2Loss: 0.673810601234436
2022-04-27 02:03:34,148 DEBUG Image 5 class 3 - Iter 50 Feature loss: 0.0006198153714649379 TVLoss: 1.3687834739685059 l2Loss: 0.6568836569786072
2022-04-27 02:03:34,580 DEBUG Image 6 class 3 - Iter 50 Feature loss: 0.000641974329482764 TVLoss: 1.3218649625778198 l2Loss: 0.6529330015182495
2022-04-27 02:03:34,934 DEBUG Image 7 class 3 - Iter 50 Feature loss: 0.0007578838267363608 TVLoss: 1.3577585220336914 l2Loss: 0.6963042616844177
2022-04-27 02:03:35,375 DEBUG Image 8 class 3 - Iter 50 Feature loss: 0.0003703146940097213 TVLoss: 1.325575351715088 l2Loss: 0.692773699760437
2022-04-27 02:03:35,756 DEBUG Image 9 class 3 - Iter 50 Feature loss: 0.0011226787464693189 TVLoss: 1.2996442317962646 l2Loss: 0.6732907295227051
2022-04-27 02:03:36,132 DEBUG Image 10 class 3 - Iter 50 Feature loss: 0.00015937011630740017 TVLoss: 1.2851500511169434 l2Loss: 0.6608641147613525
2022-04-27 02:03:36,504 DEBUG Image 11 class 3 - Iter 50 Feature loss: 0.00024136967840604484 TVLoss: 1.393261194229126 l2Loss: 0.6697220802307129
2022-04-27 02:03:36,934 DEBUG Image 12 class 3 - Iter 50 Feature loss: 4.088794958079234e-05 TVLoss: 1.3427139520645142 l2Loss: 0.6791223883628845
2022-04-27 02:03:37,377 DEBUG Image 13 class 3 - Iter 50 Feature loss: 0.0008138681878335774 TVLoss: 1.3126120567321777 l2Loss: 0.6644388437271118
2022-04-27 02:03:37,804 DEBUG Image 14 class 3 - Iter 50 Feature loss: 0.0005476167425513268 TVLoss: 1.2954357862472534 l2Loss: 0.683830738067627
2022-04-27 02:03:38,243 DEBUG Image 15 class 3 - Iter 50 Feature loss: 0.0004259632551111281 TVLoss: 1.3131732940673828 l2Loss: 0.6791783571243286
2022-04-27 02:03:38,657 DEBUG Image 16 class 3 - Iter 50 Feature loss: 0.00025138078490272164 TVLoss: 1.2559146881103516 l2Loss: 0.6627011299133301
2022-04-27 02:03:39,103 DEBUG Image 17 class 3 - Iter 50 Feature loss: 0.00022420754248742014 TVLoss: 1.280191421508789 l2Loss: 0.6667472720146179
2022-04-27 02:03:39,522 DEBUG Image 18 class 3 - Iter 50 Feature loss: 0.00034338299883529544 TVLoss: 1.3119148015975952 l2Loss: 0.6526592969894409
2022-04-27 02:03:39,968 DEBUG Image 19 class 3 - Iter 50 Feature loss: 0.0003097769513260573 TVLoss: 1.269963264465332 l2Loss: 0.6469292640686035
2022-04-27 02:03:40,386 DEBUG Image 0 class 4 - Iter 50 Feature loss: 0.000700466800481081 TVLoss: 1.2740674018859863 l2Loss: 0.6413456201553345
2022-04-27 02:03:40,826 DEBUG Image 1 class 4 - Iter 50 Feature loss: 0.0005913416389375925 TVLoss: 1.2694770097732544 l2Loss: 0.6556384563446045
2022-04-27 02:03:41,228 DEBUG Image 2 class 4 - Iter 50 Feature loss: 0.0005712069687433541 TVLoss: 1.356748104095459 l2Loss: 0.6826252937316895
2022-04-27 02:03:41,644 DEBUG Image 3 class 4 - Iter 50 Feature loss: 0.0006593675934709609 TVLoss: 1.3042203187942505 l2Loss: 0.6976443529129028
2022-04-27 02:03:42,069 DEBUG Image 4 class 4 - Iter 50 Feature loss: 0.0003438596613705158 TVLoss: 1.1867409944534302 l2Loss: 0.6531751751899719
2022-04-27 02:03:42,502 DEBUG Image 5 class 4 - Iter 50 Feature loss: 0.00048101297579705715 TVLoss: 1.270402431488037 l2Loss: 0.675343930721283
2022-04-27 02:03:42,938 DEBUG Image 6 class 4 - Iter 50 Feature loss: 0.00039641151670366526 TVLoss: 1.3584003448486328 l2Loss: 0.6700012683868408
2022-04-27 02:03:43,376 DEBUG Image 7 class 4 - Iter 50 Feature loss: 0.0005569098866544664 TVLoss: 1.3102378845214844 l2Loss: 0.66705322265625
2022-04-27 02:03:43,745 DEBUG Image 8 class 4 - Iter 50 Feature loss: 0.000444551813416183 TVLoss: 1.338051199913025 l2Loss: 0.6660059690475464
2022-04-27 02:03:44,102 DEBUG Image 9 class 4 - Iter 50 Feature loss: 0.0006441186997108161 TVLoss: 1.347062587738037 l2Loss: 0.6803140640258789
2022-04-27 02:03:44,499 DEBUG Image 10 class 4 - Iter 50 Feature loss: 0.000418575422372669 TVLoss: 1.2118308544158936 l2Loss: 0.6468187570571899
2022-04-27 02:03:44,917 DEBUG Image 11 class 4 - Iter 50 Feature loss: 0.0008885487914085388 TVLoss: 1.2518528699874878 l2Loss: 0.6826560497283936
2022-04-27 02:03:45,286 DEBUG Image 12 class 4 - Iter 50 Feature loss: 0.0006062338361516595 TVLoss: 1.3078055381774902 l2Loss: 0.6941118240356445
2022-04-27 02:03:45,712 DEBUG Image 13 class 4 - Iter 50 Feature loss: 0.00016985881666187197 TVLoss: 1.2042135000228882 l2Loss: 0.642936646938324
2022-04-27 02:03:46,175 DEBUG Image 14 class 4 - Iter 50 Feature loss: 0.0003123987407889217 TVLoss: 1.2986009120941162 l2Loss: 0.653270423412323
2022-04-27 02:03:46,620 DEBUG Image 15 class 4 - Iter 50 Feature loss: 0.0001472126314183697 TVLoss: 1.3110809326171875 l2Loss: 0.6475842595100403
2022-04-27 02:03:47,034 DEBUG Image 16 class 4 - Iter 50 Feature loss: 0.00019810620869975537 TVLoss: 1.1508164405822754 l2Loss: 0.6386913657188416
2022-04-27 02:03:47,486 DEBUG Image 17 class 4 - Iter 50 Feature loss: 0.0006075443816371262 TVLoss: 1.2626547813415527 l2Loss: 0.6734665632247925
2022-04-27 02:03:47,967 DEBUG Image 18 class 4 - Iter 50 Feature loss: 0.0008172033121809363 TVLoss: 1.2055332660675049 l2Loss: 0.661249041557312
2022-04-27 02:03:48,404 DEBUG Image 19 class 4 - Iter 50 Feature loss: 0.0005687049706466496 TVLoss: 1.2093007564544678 l2Loss: 0.6728813648223877
2022-04-27 02:03:48,840 DEBUG Image 0 class 5 - Iter 50 Feature loss: 0.0003813969960901886 TVLoss: 1.1823432445526123 l2Loss: 0.6212741136550903
2022-04-27 02:03:49,247 DEBUG Image 1 class 5 - Iter 50 Feature loss: 0.0004805363714694977 TVLoss: 1.1804215908050537 l2Loss: 0.6121808290481567
2022-04-27 02:03:49,658 DEBUG Image 2 class 5 - Iter 50 Feature loss: 0.0005327236140146852 TVLoss: 1.2616945505142212 l2Loss: 0.6567673683166504
2022-04-27 02:03:50,102 DEBUG Image 3 class 5 - Iter 50 Feature loss: 0.001583989942446351 TVLoss: 1.2471904754638672 l2Loss: 0.696047306060791
2022-04-27 02:03:50,549 DEBUG Image 4 class 5 - Iter 50 Feature loss: 0.0007200032705441117 TVLoss: 1.2189877033233643 l2Loss: 0.6385592818260193
2022-04-27 02:03:50,992 DEBUG Image 5 class 5 - Iter 50 Feature loss: 0.0009839460253715515 TVLoss: 1.2178183794021606 l2Loss: 0.6275799870491028
2022-04-27 02:03:51,429 DEBUG Image 6 class 5 - Iter 50 Feature loss: 0.0006957017467357218 TVLoss: 1.2017375230789185 l2Loss: 0.638211190700531
2022-04-27 02:03:51,883 DEBUG Image 7 class 5 - Iter 50 Feature loss: 0.0008459088858217001 TVLoss: 1.2027575969696045 l2Loss: 0.6432570219039917
2022-04-27 02:03:52,318 DEBUG Image 8 class 5 - Iter 50 Feature loss: 0.0006012300727888942 TVLoss: 1.1382896900177002 l2Loss: 0.6032032370567322
2022-04-27 02:03:52,755 DEBUG Image 9 class 5 - Iter 50 Feature loss: 0.0005870526074431837 TVLoss: 1.204998254776001 l2Loss: 0.6625684499740601
2022-04-27 02:03:53,162 DEBUG Image 10 class 5 - Iter 50 Feature loss: 0.0017642899183556437 TVLoss: 1.27056884765625 l2Loss: 0.6507551670074463
2022-04-27 02:03:53,630 DEBUG Image 11 class 5 - Iter 50 Feature loss: 0.0007186928996816278 TVLoss: 1.2581977844238281 l2Loss: 0.6320431232452393
2022-04-27 02:03:54,054 DEBUG Image 12 class 5 - Iter 50 Feature loss: 0.0003323002893012017 TVLoss: 1.2136318683624268 l2Loss: 0.6604304313659668
2022-04-27 02:03:54,400 DEBUG Image 13 class 5 - Iter 50 Feature loss: 0.0007875440060161054 TVLoss: 1.1640183925628662 l2Loss: 0.6240410804748535
2022-04-27 02:03:54,833 DEBUG Image 14 class 5 - Iter 50 Feature loss: 0.0004893536097370088 TVLoss: 1.239825963973999 l2Loss: 0.6367735266685486
2022-04-27 02:03:55,283 DEBUG Image 15 class 5 - Iter 50 Feature loss: 0.0006012300727888942 TVLoss: 1.2317321300506592 l2Loss: 0.6388035416603088
2022-04-27 02:03:55,713 DEBUG Image 16 class 5 - Iter 50 Feature loss: 0.0006358985556289554 TVLoss: 1.21304190158844 l2Loss: 0.6353994607925415
2022-04-27 02:03:56,150 DEBUG Image 17 class 5 - Iter 50 Feature loss: 0.0006444760947488248 TVLoss: 1.2164303064346313 l2Loss: 0.6257320642471313
2022-04-27 02:03:56,577 DEBUG Image 18 class 5 - Iter 50 Feature loss: 0.0007151191821321845 TVLoss: 1.2093229293823242 l2Loss: 0.6172909736633301
2022-04-27 02:03:57,000 DEBUG Image 19 class 5 - Iter 50 Feature loss: 0.0005199749139137566 TVLoss: 1.26790189743042 l2Loss: 0.6356086730957031
2022-04-27 02:03:57,439 DEBUG Image 0 class 6 - Iter 50 Feature loss: 4.994744449504651e-05 TVLoss: 1.1982882022857666 l2Loss: 0.6303931474685669
2022-04-27 02:03:57,871 DEBUG Image 1 class 6 - Iter 50 Feature loss: 3.71926071238704e-05 TVLoss: 1.109137773513794 l2Loss: 0.6064401268959045
2022-04-27 02:03:58,312 DEBUG Image 2 class 6 - Iter 50 Feature loss: 0.00018976318824570626 TVLoss: 1.3569772243499756 l2Loss: 0.6839010119438171
2022-04-27 02:03:58,749 DEBUG Image 3 class 6 - Iter 50 Feature loss: 7.748573807475623e-06 TVLoss: 0.4897603392601013 l2Loss: 0.3858625590801239
2022-04-27 02:03:59,188 DEBUG Image 4 class 6 - Iter 50 Feature loss: 0.0001212284987559542 TVLoss: 1.2945663928985596 l2Loss: 0.6795875430107117
2022-04-27 02:03:59,625 DEBUG Image 5 class 6 - Iter 50 Feature loss: 8.4638240878121e-06 TVLoss: 0.4611153304576874 l2Loss: 0.38723158836364746
2022-04-27 02:04:00,070 DEBUG Image 6 class 6 - Iter 50 Feature loss: 0.00017951308109331876 TVLoss: 1.3997389078140259 l2Loss: 0.6810317039489746
2022-04-27 02:04:00,498 DEBUG Image 7 class 6 - Iter 50 Feature loss: 2.8729025871143676e-05 TVLoss: 0.8791632652282715 l2Loss: 0.550203800201416
2022-04-27 02:04:00,945 DEBUG Image 8 class 6 - Iter 50 Feature loss: 0.00022110878489911556 TVLoss: 1.374643325805664 l2Loss: 0.6808778643608093
2022-04-27 02:04:01,373 DEBUG Image 9 class 6 - Iter 50 Feature loss: 0.00025650550378486514 TVLoss: 1.3702514171600342 l2Loss: 0.6672102808952332
2022-04-27 02:04:01,810 DEBUG Image 10 class 6 - Iter 50 Feature loss: 0.0001991788885788992 TVLoss: 1.3449519872665405 l2Loss: 0.6653043031692505
2022-04-27 02:04:02,153 DEBUG Image 11 class 6 - Iter 50 Feature loss: 7.867782187531702e-06 TVLoss: 0.5495641231536865 l2Loss: 0.41833817958831787
2022-04-27 02:04:02,539 DEBUG Image 12 class 6 - Iter 50 Feature loss: 0.0002698534226510674 TVLoss: 1.3517454862594604 l2Loss: 0.6879477500915527
2022-04-27 02:04:02,916 DEBUG Image 13 class 6 - Iter 50 Feature loss: 0.0001267114421352744 TVLoss: 1.2689779996871948 l2Loss: 0.64666748046875
2022-04-27 02:04:03,325 DEBUG Image 14 class 6 - Iter 50 Feature loss: 2.1934269170742482e-05 TVLoss: 0.8982565999031067 l2Loss: 0.5256679058074951
2022-04-27 02:04:03,667 DEBUG Image 15 class 6 - Iter 50 Feature loss: 0.0001567479339428246 TVLoss: 1.2617993354797363 l2Loss: 0.6600821018218994
2022-04-27 02:04:04,071 DEBUG Image 16 class 6 - Iter 50 Feature loss: 9.679325739853084e-05 TVLoss: 1.2818372249603271 l2Loss: 0.6436344385147095
2022-04-27 02:04:04,533 DEBUG Image 17 class 6 - Iter 50 Feature loss: 0.0001174142598756589 TVLoss: 1.221890926361084 l2Loss: 0.6386465430259705
2022-04-27 02:04:04,955 DEBUG Image 18 class 6 - Iter 50 Feature loss: 5.566918844124302e-05 TVLoss: 1.0751745700836182 l2Loss: 0.6302705407142639
2022-04-27 02:04:05,376 DEBUG Image 19 class 6 - Iter 50 Feature loss: 0.0004107108688913286 TVLoss: 1.3170905113220215 l2Loss: 0.6761064529418945
2022-04-27 02:04:05,809 DEBUG Image 0 class 7 - Iter 50 Feature loss: 0.0011503038695082068 TVLoss: 1.3436880111694336 l2Loss: 0.7039704322814941
2022-04-27 02:04:06,246 DEBUG Image 1 class 7 - Iter 50 Feature loss: 0.0013231817865744233 TVLoss: 1.299910068511963 l2Loss: 0.6917694807052612
2022-04-27 02:04:06,701 DEBUG Image 2 class 7 - Iter 50 Feature loss: 0.0010536124464124441 TVLoss: 1.3311610221862793 l2Loss: 0.700476348400116
2022-04-27 02:04:07,131 DEBUG Image 3 class 7 - Iter 50 Feature loss: 0.0007406114018522203 TVLoss: 1.2096972465515137 l2Loss: 0.6560866832733154
2022-04-27 02:04:07,575 DEBUG Image 4 class 7 - Iter 50 Feature loss: 0.00024732868769206107 TVLoss: 1.1172592639923096 l2Loss: 0.6340158581733704
2022-04-27 02:04:07,999 DEBUG Image 5 class 7 - Iter 50 Feature loss: 0.0012280549854040146 TVLoss: 1.3825154304504395 l2Loss: 0.7130300402641296
2022-04-27 02:04:08,421 DEBUG Image 6 class 7 - Iter 50 Feature loss: 0.0010315817780792713 TVLoss: 1.301215410232544 l2Loss: 0.6730172038078308
2022-04-27 02:04:08,846 DEBUG Image 7 class 7 - Iter 50 Feature loss: 0.00030310326837934554 TVLoss: 1.3141248226165771 l2Loss: 0.7131894826889038
2022-04-27 02:04:09,274 DEBUG Image 8 class 7 - Iter 50 Feature loss: 0.0006461439770646393 TVLoss: 1.195058822631836 l2Loss: 0.6404892206192017
2022-04-27 02:04:09,702 DEBUG Image 9 class 7 - Iter 50 Feature loss: 0.0004433602443896234 TVLoss: 1.2581732273101807 l2Loss: 0.6883565187454224
2022-04-27 02:04:10,122 DEBUG Image 10 class 7 - Iter 50 Feature loss: 0.0008935510995797813 TVLoss: 1.2537411451339722 l2Loss: 0.66245037317276
2022-04-27 02:04:10,573 DEBUG Image 11 class 7 - Iter 50 Feature loss: 0.0005578630371019244 TVLoss: 1.2527141571044922 l2Loss: 0.6986977458000183
2022-04-27 02:04:10,971 DEBUG Image 12 class 7 - Iter 50 Feature loss: 0.00039569655200466514 TVLoss: 1.2772865295410156 l2Loss: 0.6919703483581543
2022-04-27 02:04:11,351 DEBUG Image 13 class 7 - Iter 50 Feature loss: 0.0007499027997255325 TVLoss: 1.303013801574707 l2Loss: 0.7012733817100525
2022-04-27 02:04:11,722 DEBUG Image 14 class 7 - Iter 50 Feature loss: 0.0006785474251955748 TVLoss: 1.2414062023162842 l2Loss: 0.6679446697235107
2022-04-27 02:04:12,117 DEBUG Image 15 class 7 - Iter 50 Feature loss: 0.00043525759247131646 TVLoss: 1.244962453842163 l2Loss: 0.673559844493866
2022-04-27 02:04:12,468 DEBUG Image 16 class 7 - Iter 50 Feature loss: 0.000454799213912338 TVLoss: 1.2145369052886963 l2Loss: 0.664304256439209
2022-04-27 02:04:12,889 DEBUG Image 17 class 7 - Iter 50 Feature loss: 0.000774798565544188 TVLoss: 1.1777381896972656 l2Loss: 0.6762256622314453
2022-04-27 02:04:13,332 DEBUG Image 18 class 7 - Iter 50 Feature loss: 0.0009288049186579883 TVLoss: 1.319582462310791 l2Loss: 0.7230553030967712
2022-04-27 02:04:13,768 DEBUG Image 19 class 7 - Iter 50 Feature loss: 0.0006310140597634017 TVLoss: 1.351380705833435 l2Loss: 0.6880439519882202
2022-04-27 02:04:14,235 DEBUG Image 0 class 8 - Iter 50 Feature loss: 0.000783613184466958 TVLoss: 1.2402855157852173 l2Loss: 0.6628515124320984
2022-04-27 02:04:14,665 DEBUG Image 1 class 8 - Iter 50 Feature loss: 0.0009470268851146102 TVLoss: 1.317132592201233 l2Loss: 0.6755971908569336
2022-04-27 02:04:15,106 DEBUG Image 2 class 8 - Iter 50 Feature loss: 0.0013222293928265572 TVLoss: 1.290992021560669 l2Loss: 0.6666046380996704
2022-04-27 02:04:15,549 DEBUG Image 3 class 8 - Iter 50 Feature loss: 0.0018391376361250877 TVLoss: 1.4705555438995361 l2Loss: 0.7285506129264832
2022-04-27 02:04:16,003 DEBUG Image 4 class 8 - Iter 50 Feature loss: 0.0011201781453564763 TVLoss: 1.368759036064148 l2Loss: 0.720984935760498
2022-04-27 02:04:16,464 DEBUG Image 5 class 8 - Iter 50 Feature loss: 0.0010420613689348102 TVLoss: 1.3187518119812012 l2Loss: 0.6727949976921082
2022-04-27 02:04:16,926 DEBUG Image 6 class 8 - Iter 50 Feature loss: 0.0027513764798641205 TVLoss: 1.479485273361206 l2Loss: 0.7451150417327881
2022-04-27 02:04:17,391 DEBUG Image 7 class 8 - Iter 50 Feature loss: 0.0019585967529565096 TVLoss: 1.2833447456359863 l2Loss: 0.6810067892074585
2022-04-27 02:04:17,847 DEBUG Image 8 class 8 - Iter 50 Feature loss: 0.0012653210433200002 TVLoss: 1.391685128211975 l2Loss: 0.7015175223350525
2022-04-27 02:04:18,308 DEBUG Image 9 class 8 - Iter 50 Feature loss: 0.0007568117580376565 TVLoss: 1.3685367107391357 l2Loss: 0.6914467215538025
2022-04-27 02:04:18,739 DEBUG Image 10 class 8 - Iter 50 Feature loss: 0.002159646013751626 TVLoss: 1.2724488973617554 l2Loss: 0.6904048919677734
2022-04-27 02:04:19,167 DEBUG Image 11 class 8 - Iter 50 Feature loss: 0.0006694936309941113 TVLoss: 1.2840112447738647 l2Loss: 0.6817309260368347
2022-04-27 02:04:19,537 DEBUG Image 12 class 8 - Iter 50 Feature loss: 0.0007823029300197959 TVLoss: 1.2865114212036133 l2Loss: 0.688037633895874
2022-04-27 02:04:19,926 DEBUG Image 13 class 8 - Iter 50 Feature loss: 0.001327943871729076 TVLoss: 1.3627489805221558 l2Loss: 0.7076830863952637
2022-04-27 02:04:20,307 DEBUG Image 14 class 8 - Iter 50 Feature loss: 0.001450797077268362 TVLoss: 1.346506118774414 l2Loss: 0.7005593180656433
2022-04-27 02:04:20,699 DEBUG Image 15 class 8 - Iter 50 Feature loss: 0.0010080024367198348 TVLoss: 1.3005261421203613 l2Loss: 0.6865501403808594
2022-04-27 02:04:21,150 DEBUG Image 16 class 8 - Iter 50 Feature loss: 0.0012210302520543337 TVLoss: 1.3082449436187744 l2Loss: 0.6819932460784912
2022-04-27 02:04:21,496 DEBUG Image 17 class 8 - Iter 50 Feature loss: 0.000904032145626843 TVLoss: 1.3478225469589233 l2Loss: 0.6892907023429871
2022-04-27 02:04:21,881 DEBUG Image 18 class 8 - Iter 50 Feature loss: 0.0017270424868911505 TVLoss: 1.3132054805755615 l2Loss: 0.6755420565605164
2022-04-27 02:04:22,349 DEBUG Image 19 class 8 - Iter 50 Feature loss: 0.0009597701136954129 TVLoss: 1.3713271617889404 l2Loss: 0.7033655047416687
2022-04-27 02:04:22,785 DEBUG Image 0 class 9 - Iter 50 Feature loss: 0.000494715350214392 TVLoss: 1.226001501083374 l2Loss: 0.6954653263092041
2022-04-27 02:04:23,218 DEBUG Image 1 class 9 - Iter 50 Feature loss: 6.425174069590867e-05 TVLoss: 1.2672779560089111 l2Loss: 0.6854888200759888
2022-04-27 02:04:23,655 DEBUG Image 2 class 9 - Iter 50 Feature loss: 0.0003763920976780355 TVLoss: 1.2595772743225098 l2Loss: 0.6914160251617432
2022-04-27 02:04:24,120 DEBUG Image 3 class 9 - Iter 50 Feature loss: 0.0005318895564414561 TVLoss: 1.3094953298568726 l2Loss: 0.6920650005340576
2022-04-27 02:04:24,562 DEBUG Image 4 class 9 - Iter 50 Feature loss: 0.0003746046277228743 TVLoss: 1.4052441120147705 l2Loss: 0.7169595956802368
2022-04-27 02:04:25,000 DEBUG Image 5 class 9 - Iter 50 Feature loss: 0.0005062728887423873 TVLoss: 1.2472467422485352 l2Loss: 0.7051934003829956
2022-04-27 02:04:25,430 DEBUG Image 6 class 9 - Iter 50 Feature loss: 0.0013083001831546426 TVLoss: 1.25248384475708 l2Loss: 0.6742287874221802
2022-04-27 02:04:25,852 DEBUG Image 7 class 9 - Iter 50 Feature loss: 0.0006124289939180017 TVLoss: 1.2614452838897705 l2Loss: 0.6907862424850464
2022-04-27 02:04:26,291 DEBUG Image 8 class 9 - Iter 50 Feature loss: 9.524368942948058e-05 TVLoss: 1.2714464664459229 l2Loss: 0.6817090511322021
2022-04-27 02:04:26,697 DEBUG Image 9 class 9 - Iter 50 Feature loss: 0.000950004265177995 TVLoss: 1.2085509300231934 l2Loss: 0.6641181707382202
2022-04-27 02:04:27,142 DEBUG Image 10 class 9 - Iter 50 Feature loss: 0.0007545484695583582 TVLoss: 1.2259023189544678 l2Loss: 0.6745681762695312
2022-04-27 02:04:27,565 DEBUG Image 11 class 9 - Iter 50 Feature loss: 0.00011383838864276186 TVLoss: 1.3576884269714355 l2Loss: 0.7087711691856384
2022-04-27 02:04:28,005 DEBUG Image 12 class 9 - Iter 50 Feature loss: 0.0009762050467543304 TVLoss: 1.3190869092941284 l2Loss: 0.7098597288131714
2022-04-27 02:04:28,437 DEBUG Image 13 class 9 - Iter 50 Feature loss: 9.822363062994555e-05 TVLoss: 1.4002289772033691 l2Loss: 0.7177609801292419
2022-04-27 02:04:28,862 DEBUG Image 14 class 9 - Iter 50 Feature loss: 0.00045265440712682903 TVLoss: 1.230477213859558 l2Loss: 0.6565169095993042
2022-04-27 02:04:29,135 DEBUG Image 15 class 9 - Iter 50 Feature loss: 0.00014780859055463225 TVLoss: 1.295555591583252 l2Loss: 0.7013227343559265
2022-04-27 02:04:29,519 DEBUG Image 16 class 9 - Iter 50 Feature loss: 0.0006700892699882388 TVLoss: 1.2368309497833252 l2Loss: 0.6703199744224548
2022-04-27 02:04:29,905 DEBUG Image 17 class 9 - Iter 50 Feature loss: 0.0008928364841267467 TVLoss: 1.2880325317382812 l2Loss: 0.6921367645263672
2022-04-27 02:04:30,311 DEBUG Image 18 class 9 - Iter 50 Feature loss: 0.00047541281674057245 TVLoss: 1.1218740940093994 l2Loss: 0.6601641178131104
2022-04-27 02:04:30,659 DEBUG Image 19 class 9 - Iter 50 Feature loss: 0.000860201776959002 TVLoss: 1.262618064880371 l2Loss: 0.6841298341751099
2022-04-27 02:04:32,363 DEBUG epoch: 0, val_acc: 10.26, val_fidelity: 10.36
2022-04-27 02:04:34,349 DEBUG epoch: 1, train_acc: 8.159722089767456, val_acc: 10.79, fidel_score: 10.69, acc_loss: 3.3074876070022583, grad_loss: None
2022-04-27 02:04:36,264 DEBUG epoch: 2, train_acc: 16.27604103088379, val_acc: 14.45, fidel_score: 14.63, acc_loss: 2.6109812259674072, grad_loss: None
2022-04-27 02:04:38,230 DEBUG epoch: 3, train_acc: 36.19791603088379, val_acc: 18.16, fidel_score: 18.49, acc_loss: 2.085570514202118, grad_loss: None
2022-04-27 02:04:40,050 DEBUG epoch: 4, train_acc: 45.52951240539551, val_acc: 23.8, fidel_score: 23.93, acc_loss: 1.5676835775375366, grad_loss: None
2022-04-27 02:04:41,970 DEBUG epoch: 5, train_acc: 54.94791603088379, val_acc: 29.19, fidel_score: 29.62, acc_loss: 1.3592938780784607, grad_loss: None
2022-04-27 02:04:43,949 DEBUG epoch: 6, train_acc: 71.35416412353516, val_acc: 35.27, fidel_score: 35.68, acc_loss: 0.9851814806461334, grad_loss: None
2022-04-27 02:04:45,877 DEBUG epoch: 7, train_acc: 78.25520706176758, val_acc: 40.19, fidel_score: 40.68, acc_loss: 0.8027010262012482, grad_loss: None
2022-04-27 02:04:47,830 DEBUG epoch: 8, train_acc: 78.42881774902344, val_acc: 45.07, fidel_score: 45.9, acc_loss: 0.7232527434825897, grad_loss: None
2022-04-27 02:04:49,513 DEBUG epoch: 9, train_acc: 84.765625, val_acc: 49.71, fidel_score: 50.5, acc_loss: 0.584481418132782, grad_loss: None
2022-04-27 02:04:51,222 DEBUG epoch: 10, train_acc: 89.75694274902344, val_acc: 53.19, fidel_score: 54.2, acc_loss: 0.4290018081665039, grad_loss: None
2022-04-27 02:04:53,167 DEBUG epoch: 11, train_acc: 94.6180534362793, val_acc: 55.81, fidel_score: 56.93, acc_loss: 0.29621167480945587, grad_loss: None
2022-04-27 02:04:55,132 DEBUG epoch: 12, train_acc: 95.3993034362793, val_acc: 57.87, fidel_score: 58.84, acc_loss: 0.23828913271427155, grad_loss: None
2022-04-27 02:04:57,108 DEBUG epoch: 13, train_acc: 94.96527481079102, val_acc: 59.55, fidel_score: 60.36, acc_loss: 0.23660630732774734, grad_loss: None
2022-04-27 02:04:58,982 DEBUG epoch: 14, train_acc: 96.9618034362793, val_acc: 61.73, fidel_score: 62.9, acc_loss: 0.20633087307214737, grad_loss: None
2022-04-27 02:05:00,768 DEBUG epoch: 15, train_acc: 97.13541412353516, val_acc: 63.45, fidel_score: 64.61, acc_loss: 0.13139496743679047, grad_loss: None
2022-04-27 02:05:02,711 DEBUG epoch: 16, train_acc: 99.609375, val_acc: 63.83, fidel_score: 65.07, acc_loss: 0.12425607442855835, grad_loss: None
2022-04-27 02:05:04,685 DEBUG epoch: 17, train_acc: 96.9618034362793, val_acc: 65.76, fidel_score: 67.22, acc_loss: 0.12810971587896347, grad_loss: None
2022-04-27 02:05:06,642 DEBUG epoch: 18, train_acc: 97.7430534362793, val_acc: 66.15, fidel_score: 67.56, acc_loss: 0.10828161239624023, grad_loss: None
2022-04-27 02:05:08,608 DEBUG epoch: 19, train_acc: 99.609375, val_acc: 66.56, fidel_score: 67.9, acc_loss: 0.0642157718539238, grad_loss: None
2022-04-27 02:05:10,568 DEBUG epoch: 20, train_acc: 100.0, val_acc: 67.2, fidel_score: 68.33, acc_loss: 0.08471913635730743, grad_loss: None
2022-04-27 02:05:12,573 DEBUG epoch: 21, train_acc: 99.609375, val_acc: 67.32, fidel_score: 69.14, acc_loss: 0.04908335953950882, grad_loss: None
2022-04-27 02:05:14,556 DEBUG epoch: 22, train_acc: 98.9149284362793, val_acc: 68.66, fidel_score: 70.18, acc_loss: 0.07404089532792568, grad_loss: None
2022-04-27 02:05:16,492 DEBUG epoch: 23, train_acc: 99.3055534362793, val_acc: 68.81, fidel_score: 70.54, acc_loss: 0.05656173452734947, grad_loss: None
2022-04-27 02:05:18,457 DEBUG epoch: 24, train_acc: 99.21875, val_acc: 69.59, fidel_score: 71.07, acc_loss: 0.05340232700109482, grad_loss: None
2022-04-27 02:05:20,172 DEBUG epoch: 25, train_acc: 98.9149284362793, val_acc: 69.07, fidel_score: 70.35, acc_loss: 0.05343226343393326, grad_loss: None
2022-04-27 02:05:21,969 DEBUG epoch: 26, train_acc: 100.0, val_acc: 70.16, fidel_score: 71.57, acc_loss: 0.03825750574469566, grad_loss: None
2022-04-27 02:05:23,893 DEBUG epoch: 27, train_acc: 99.3055534362793, val_acc: 70.2, fidel_score: 71.72, acc_loss: 0.04290481470525265, grad_loss: None
2022-04-27 02:05:25,852 DEBUG epoch: 28, train_acc: 99.609375, val_acc: 70.3, fidel_score: 71.86, acc_loss: 0.0310051329433918, grad_loss: None
2022-04-27 02:05:27,855 DEBUG epoch: 29, train_acc: 99.3055534362793, val_acc: 70.05, fidel_score: 71.51, acc_loss: 0.03785521164536476, grad_loss: None
2022-04-27 02:05:29,573 DEBUG epoch: 30, train_acc: 99.609375, val_acc: 70.66, fidel_score: 72.2, acc_loss: 0.0389422420412302, grad_loss: None
2022-04-27 02:05:31,260 DEBUG epoch: 31, train_acc: 99.609375, val_acc: 70.75, fidel_score: 72.46, acc_loss: 0.030887743458151817, grad_loss: None
2022-04-27 02:05:33,194 DEBUG epoch: 32, train_acc: 99.609375, val_acc: 70.44, fidel_score: 71.98, acc_loss: 0.02501252107322216, grad_loss: None
2022-04-27 02:05:35,151 DEBUG epoch: 33, train_acc: 100.0, val_acc: 70.95, fidel_score: 72.31, acc_loss: 0.030613097362220287, grad_loss: None
2022-04-27 02:05:37,124 DEBUG epoch: 34, train_acc: 100.0, val_acc: 71.39, fidel_score: 72.83, acc_loss: 0.028598620556294918, grad_loss: None
2022-04-27 02:05:39,064 DEBUG epoch: 35, train_acc: 99.609375, val_acc: 71.25, fidel_score: 72.93, acc_loss: 0.03120059333741665, grad_loss: None
2022-04-27 02:05:41,019 DEBUG epoch: 36, train_acc: 99.609375, val_acc: 71.79, fidel_score: 73.23, acc_loss: 0.027269200887531042, grad_loss: None
2022-04-27 02:05:43,005 DEBUG epoch: 37, train_acc: 100.0, val_acc: 71.74, fidel_score: 73.23, acc_loss: 0.02618349716067314, grad_loss: None
2022-04-27 02:05:44,971 DEBUG epoch: 38, train_acc: 99.3055534362793, val_acc: 71.97, fidel_score: 73.78, acc_loss: 0.031558215618133545, grad_loss: None
2022-04-27 02:05:46,926 DEBUG epoch: 39, train_acc: 98.9149284362793, val_acc: 71.88, fidel_score: 73.69, acc_loss: 0.044338783249258995, grad_loss: None
2022-04-27 02:05:48,895 DEBUG epoch: 40, train_acc: 98.9149284362793, val_acc: 71.95, fidel_score: 73.48, acc_loss: 0.05774448253214359, grad_loss: None
2022-04-27 02:05:50,591 DEBUG epoch: 41, train_acc: 100.0, val_acc: 72.51, fidel_score: 74.1, acc_loss: 0.020037181675434113, grad_loss: None
2022-04-27 02:05:52,401 DEBUG epoch: 42, train_acc: 99.609375, val_acc: 72.58, fidel_score: 73.85, acc_loss: 0.03322000149637461, grad_loss: None
2022-04-27 02:05:54,353 DEBUG epoch: 43, train_acc: 100.0, val_acc: 73.08, fidel_score: 74.65, acc_loss: 0.01318456674925983, grad_loss: None
2022-04-27 02:05:56,299 DEBUG epoch: 44, train_acc: 99.609375, val_acc: 72.21, fidel_score: 73.59, acc_loss: 0.029738747514784336, grad_loss: None
2022-04-27 02:05:58,269 DEBUG epoch: 45, train_acc: 100.0, val_acc: 72.34, fidel_score: 74.2, acc_loss: 0.012656028382480145, grad_loss: None
2022-04-27 02:05:59,960 DEBUG epoch: 46, train_acc: 99.609375, val_acc: 72.6, fidel_score: 73.97, acc_loss: 0.013917488744482398, grad_loss: None
2022-04-27 02:06:01,678 DEBUG epoch: 47, train_acc: 99.609375, val_acc: 72.57, fidel_score: 74.3, acc_loss: 0.021345669869333506, grad_loss: None
2022-04-27 02:06:03,635 DEBUG epoch: 48, train_acc: 99.609375, val_acc: 72.41, fidel_score: 73.92, acc_loss: 0.030739834532141685, grad_loss: None
2022-04-27 02:06:05,577 DEBUG epoch: 49, train_acc: 100.0, val_acc: 72.52, fidel_score: 74.12, acc_loss: 0.01077334163710475, grad_loss: None
2022-04-27 02:06:07,499 DEBUG epoch: 50, train_acc: 100.0, val_acc: 72.69, fidel_score: 74.45, acc_loss: 0.009782497771084309, grad_loss: None
2022-04-27 02:06:09,436 DEBUG epoch: 51, train_acc: 100.0, val_acc: 72.63, fidel_score: 74.13, acc_loss: 0.014159186743199825, grad_loss: None
2022-04-27 02:06:11,401 DEBUG epoch: 52, train_acc: 100.0, val_acc: 73.06, fidel_score: 74.76, acc_loss: 0.011634227819740772, grad_loss: None
2022-04-27 02:06:13,386 DEBUG epoch: 53, train_acc: 99.609375, val_acc: 73.12, fidel_score: 74.83, acc_loss: 0.024297213181853294, grad_loss: None
2022-04-27 02:06:15,362 DEBUG epoch: 54, train_acc: 100.0, val_acc: 72.6, fidel_score: 74.41, acc_loss: 0.007832444040104747, grad_loss: None
2022-04-27 02:06:17,337 DEBUG epoch: 55, train_acc: 100.0, val_acc: 72.54, fidel_score: 74.43, acc_loss: 0.00686125410720706, grad_loss: None
2022-04-27 02:06:19,282 DEBUG epoch: 56, train_acc: 100.0, val_acc: 73.26, fidel_score: 74.93, acc_loss: 0.016160430386662483, grad_loss: None
2022-04-27 02:06:21,065 DEBUG epoch: 57, train_acc: 100.0, val_acc: 72.51, fidel_score: 74.0, acc_loss: 0.005678307265043259, grad_loss: None
2022-04-27 02:06:22,946 DEBUG epoch: 58, train_acc: 100.0, val_acc: 72.64, fidel_score: 74.25, acc_loss: 0.016949797049164772, grad_loss: None
2022-04-27 02:06:24,896 DEBUG epoch: 59, train_acc: 100.0, val_acc: 72.76, fidel_score: 74.45, acc_loss: 0.005950703052803874, grad_loss: None
2022-04-27 02:06:26,857 DEBUG epoch: 60, train_acc: 99.21875, val_acc: 73.8, fidel_score: 75.52, acc_loss: 0.026453719474375248, grad_loss: None
2022-04-27 02:06:28,814 DEBUG epoch: 61, train_acc: 100.0, val_acc: 72.85, fidel_score: 74.46, acc_loss: 0.01358973840251565, grad_loss: None
2022-04-27 02:06:30,486 DEBUG epoch: 62, train_acc: 100.0, val_acc: 73.23, fidel_score: 74.8, acc_loss: 0.006967916386201978, grad_loss: None
2022-04-27 02:06:32,170 DEBUG epoch: 63, train_acc: 99.609375, val_acc: 73.47, fidel_score: 75.36, acc_loss: 0.01679088268429041, grad_loss: None
2022-04-27 02:06:34,091 DEBUG epoch: 64, train_acc: 100.0, val_acc: 73.78, fidel_score: 75.31, acc_loss: 0.01139997597783804, grad_loss: None
2022-04-27 02:06:36,041 DEBUG epoch: 65, train_acc: 99.609375, val_acc: 73.26, fidel_score: 75.15, acc_loss: 0.01656247745268047, grad_loss: None
2022-04-27 02:06:37,972 DEBUG epoch: 66, train_acc: 99.3055534362793, val_acc: 73.01, fidel_score: 74.43, acc_loss: 0.013757695909589529, grad_loss: None
2022-04-27 02:06:39,937 DEBUG epoch: 67, train_acc: 99.3055534362793, val_acc: 73.97, fidel_score: 75.4, acc_loss: 0.014527140418067575, grad_loss: None
2022-04-27 02:06:41,855 DEBUG epoch: 68, train_acc: 98.9149284362793, val_acc: 73.24, fidel_score: 74.95, acc_loss: 0.0373324416577816, grad_loss: None
2022-04-27 02:06:43,822 DEBUG epoch: 69, train_acc: 100.0, val_acc: 73.68, fidel_score: 75.48, acc_loss: 0.012052001431584358, grad_loss: None
2022-04-27 02:06:45,802 DEBUG epoch: 70, train_acc: 99.3055534362793, val_acc: 73.04, fidel_score: 74.81, acc_loss: 0.02066651312634349, grad_loss: None
2022-04-27 02:06:47,746 DEBUG epoch: 71, train_acc: 100.0, val_acc: 72.98, fidel_score: 74.51, acc_loss: 0.017304953187704086, grad_loss: None
2022-04-27 02:06:49,709 DEBUG epoch: 72, train_acc: 99.609375, val_acc: 73.42, fidel_score: 74.82, acc_loss: 0.014849658589810133, grad_loss: None
2022-04-27 02:06:51,494 DEBUG epoch: 73, train_acc: 100.0, val_acc: 73.33, fidel_score: 74.72, acc_loss: 0.010190721601247787, grad_loss: None
2022-04-27 02:06:53,362 DEBUG epoch: 74, train_acc: 100.0, val_acc: 73.08, fidel_score: 74.98, acc_loss: 0.012356773484498262, grad_loss: None
2022-04-27 02:06:55,315 DEBUG epoch: 75, train_acc: 100.0, val_acc: 73.33, fidel_score: 75.05, acc_loss: 0.007199453888460994, grad_loss: None
2022-04-27 02:06:57,248 DEBUG epoch: 76, train_acc: 100.0, val_acc: 73.61, fidel_score: 75.44, acc_loss: 0.01154398825019598, grad_loss: None
2022-04-27 02:06:59,239 DEBUG epoch: 77, train_acc: 100.0, val_acc: 73.52, fidel_score: 74.97, acc_loss: 0.011887100525200367, grad_loss: None
2022-04-27 02:07:00,958 DEBUG epoch: 78, train_acc: 100.0, val_acc: 72.91, fidel_score: 74.39, acc_loss: 0.008621144806966186, grad_loss: None
2022-04-27 02:07:02,651 DEBUG epoch: 79, train_acc: 99.609375, val_acc: 73.41, fidel_score: 75.09, acc_loss: 0.013527465984225273, grad_loss: None
2022-04-27 02:07:04,597 DEBUG epoch: 80, train_acc: 100.0, val_acc: 73.15, fidel_score: 74.88, acc_loss: 0.0073732007294893265, grad_loss: None
2022-04-27 02:07:06,586 DEBUG epoch: 81, train_acc: 100.0, val_acc: 72.66, fidel_score: 74.31, acc_loss: 0.012154931901022792, grad_loss: None
2022-04-27 02:07:08,535 DEBUG epoch: 82, train_acc: 100.0, val_acc: 73.56, fidel_score: 75.45, acc_loss: 0.012263324344530702, grad_loss: None
2022-04-27 02:07:10,352 DEBUG epoch: 83, train_acc: 100.0, val_acc: 73.25, fidel_score: 74.74, acc_loss: 0.011212536599487066, grad_loss: None
2022-04-27 02:07:12,123 DEBUG epoch: 84, train_acc: 98.61111068725586, val_acc: 72.81, fidel_score: 75.12, acc_loss: 0.0356335137039423, grad_loss: None
2022-04-27 02:07:14,097 DEBUG epoch: 85, train_acc: 100.0, val_acc: 73.21, fidel_score: 74.8, acc_loss: 0.007781539112329483, grad_loss: None
2022-04-27 02:07:16,052 DEBUG epoch: 86, train_acc: 100.0, val_acc: 73.06, fidel_score: 74.69, acc_loss: 0.013009943068027496, grad_loss: None
2022-04-27 02:07:18,011 DEBUG epoch: 87, train_acc: 98.9149284362793, val_acc: 73.57, fidel_score: 75.33, acc_loss: 0.025384167209267616, grad_loss: None
2022-04-27 02:07:19,952 DEBUG epoch: 88, train_acc: 100.0, val_acc: 72.94, fidel_score: 74.6, acc_loss: 0.007731790072284639, grad_loss: None
2022-04-27 02:07:21,828 DEBUG epoch: 89, train_acc: 100.0, val_acc: 73.17, fidel_score: 74.87, acc_loss: 0.01595385279506445, grad_loss: None
2022-04-27 02:07:23,758 DEBUG epoch: 90, train_acc: 99.609375, val_acc: 73.8, fidel_score: 75.08, acc_loss: 0.009815256344154477, grad_loss: None
2022-04-27 02:07:25,713 DEBUG epoch: 91, train_acc: 100.0, val_acc: 73.6, fidel_score: 75.14, acc_loss: 0.010317962616682053, grad_loss: None
2022-04-27 02:07:27,671 DEBUG epoch: 92, train_acc: 100.0, val_acc: 73.67, fidel_score: 75.15, acc_loss: 0.008374510332942009, grad_loss: None
2022-04-27 02:07:29,662 DEBUG epoch: 93, train_acc: 100.0, val_acc: 73.55, fidel_score: 75.13, acc_loss: 0.006092786672525108, grad_loss: None
2022-04-27 02:07:31,325 DEBUG epoch: 94, train_acc: 100.0, val_acc: 73.24, fidel_score: 74.7, acc_loss: 0.009145843097940087, grad_loss: None
2022-04-27 02:07:33,030 DEBUG epoch: 95, train_acc: 100.0, val_acc: 73.31, fidel_score: 74.91, acc_loss: 0.012355640064924955, grad_loss: None
2022-04-27 02:07:35,002 DEBUG epoch: 96, train_acc: 99.609375, val_acc: 72.88, fidel_score: 74.56, acc_loss: 0.018697998486459255, grad_loss: None
2022-04-27 02:07:36,919 DEBUG epoch: 97, train_acc: 100.0, val_acc: 73.77, fidel_score: 75.43, acc_loss: 0.01738270139321685, grad_loss: None
2022-04-27 02:07:38,876 DEBUG epoch: 98, train_acc: 99.3055534362793, val_acc: 73.12, fidel_score: 74.73, acc_loss: 0.012819416355341673, grad_loss: None
2022-04-27 02:07:40,800 DEBUG epoch: 99, train_acc: 100.0, val_acc: 73.66, fidel_score: 75.48, acc_loss: 0.021039308980107307, grad_loss: None
2022-04-27 02:07:42,650 DEBUG epoch: 100, train_acc: 100.0, val_acc: 73.38, fidel_score: 75.11, acc_loss: 0.015087451785802841, grad_loss: None
2022-04-27 02:07:44,608 DEBUG epoch: 101, train_acc: 99.3055534362793, val_acc: 73.21, fidel_score: 74.87, acc_loss: 0.021832878701388836, grad_loss: None
2022-04-27 02:07:46,569 DEBUG epoch: 102, train_acc: 100.0, val_acc: 73.47, fidel_score: 75.07, acc_loss: 0.012357139494270086, grad_loss: None
2022-04-27 02:07:48,525 DEBUG epoch: 103, train_acc: 100.0, val_acc: 72.99, fidel_score: 74.62, acc_loss: 0.008353740442544222, grad_loss: None
2022-04-27 02:07:50,476 DEBUG epoch: 104, train_acc: 100.0, val_acc: 73.59, fidel_score: 75.39, acc_loss: 0.008227643556892872, grad_loss: None
2022-04-27 02:07:52,265 DEBUG epoch: 105, train_acc: 100.0, val_acc: 73.26, fidel_score: 74.85, acc_loss: 0.01102153630927205, grad_loss: None
2022-04-27 02:07:54,133 DEBUG epoch: 106, train_acc: 100.0, val_acc: 73.79, fidel_score: 75.49, acc_loss: 0.014025714248418808, grad_loss: None
2022-04-27 02:07:56,115 DEBUG epoch: 107, train_acc: 99.609375, val_acc: 73.91, fidel_score: 75.94, acc_loss: 0.011397347785532475, grad_loss: None
2022-04-27 02:07:58,090 DEBUG epoch: 108, train_acc: 100.0, val_acc: 73.47, fidel_score: 75.12, acc_loss: 0.010967062320560217, grad_loss: None
2022-04-27 02:08:00,072 DEBUG epoch: 109, train_acc: 100.0, val_acc: 73.45, fidel_score: 75.55, acc_loss: 0.008962571155279875, grad_loss: None
2022-04-27 02:08:01,748 DEBUG epoch: 110, train_acc: 99.609375, val_acc: 73.86, fidel_score: 75.3, acc_loss: 0.013497005682438612, grad_loss: None
2022-04-27 02:08:03,450 DEBUG epoch: 111, train_acc: 100.0, val_acc: 73.51, fidel_score: 75.16, acc_loss: 0.008184123784303665, grad_loss: None
2022-04-27 02:08:05,447 DEBUG epoch: 112, train_acc: 100.0, val_acc: 73.4, fidel_score: 75.15, acc_loss: 0.015518653439357877, grad_loss: None
2022-04-27 02:08:07,419 DEBUG epoch: 113, train_acc: 99.609375, val_acc: 73.61, fidel_score: 75.33, acc_loss: 0.01465729670599103, grad_loss: None
2022-04-27 02:08:09,371 DEBUG epoch: 114, train_acc: 99.3055534362793, val_acc: 73.22, fidel_score: 74.89, acc_loss: 0.01573425275273621, grad_loss: None
2022-04-27 02:08:11,280 DEBUG epoch: 115, train_acc: 100.0, val_acc: 73.75, fidel_score: 75.73, acc_loss: 0.009406046941876411, grad_loss: None
2022-04-27 02:08:13,113 DEBUG epoch: 116, train_acc: 100.0, val_acc: 73.54, fidel_score: 75.13, acc_loss: 0.007142755901440978, grad_loss: None
2022-04-27 02:08:15,065 DEBUG epoch: 117, train_acc: 100.0, val_acc: 74.12, fidel_score: 75.87, acc_loss: 0.010708970949053764, grad_loss: None
2022-04-27 02:08:17,014 DEBUG epoch: 118, train_acc: 99.3055534362793, val_acc: 74.53, fidel_score: 76.09, acc_loss: 0.027076021768152714, grad_loss: None
2022-04-27 02:08:18,979 DEBUG epoch: 119, train_acc: 100.0, val_acc: 73.36, fidel_score: 74.96, acc_loss: 0.004643994616344571, grad_loss: None
2022-04-27 02:08:20,914 DEBUG epoch: 120, train_acc: 100.0, val_acc: 73.58, fidel_score: 75.18, acc_loss: 0.009419978829100728, grad_loss: None
2022-04-27 02:08:22,796 DEBUG epoch: 121, train_acc: 100.0, val_acc: 73.39, fidel_score: 75.17, acc_loss: 0.004604810033924878, grad_loss: None
2022-04-27 02:08:24,773 DEBUG epoch: 122, train_acc: 100.0, val_acc: 73.39, fidel_score: 75.32, acc_loss: 0.009049100335687399, grad_loss: None
2022-04-27 02:08:26,729 DEBUG epoch: 123, train_acc: 100.0, val_acc: 73.95, fidel_score: 75.87, acc_loss: 0.009925922146067023, grad_loss: None
2022-04-27 02:08:28,716 DEBUG epoch: 124, train_acc: 99.609375, val_acc: 73.71, fidel_score: 75.35, acc_loss: 0.010986020555719733, grad_loss: None
2022-04-27 02:08:30,672 DEBUG epoch: 125, train_acc: 100.0, val_acc: 73.55, fidel_score: 75.19, acc_loss: 0.010678079910576344, grad_loss: None
2022-04-27 02:08:32,387 DEBUG epoch: 126, train_acc: 100.0, val_acc: 73.76, fidel_score: 75.6, acc_loss: 0.006722219986841083, grad_loss: None
2022-04-27 02:08:34,087 DEBUG epoch: 127, train_acc: 100.0, val_acc: 74.05, fidel_score: 75.88, acc_loss: 0.00954071688465774, grad_loss: None
2022-04-27 02:08:36,062 DEBUG epoch: 128, train_acc: 100.0, val_acc: 74.5, fidel_score: 76.2, acc_loss: 0.009548772126436234, grad_loss: None
2022-04-27 02:08:38,061 DEBUG epoch: 129, train_acc: 100.0, val_acc: 73.66, fidel_score: 75.56, acc_loss: 0.010298841632902622, grad_loss: None
2022-04-27 02:08:40,001 DEBUG epoch: 130, train_acc: 99.3055534362793, val_acc: 74.08, fidel_score: 75.42, acc_loss: 0.02096511796116829, grad_loss: None
2022-04-27 02:08:41,782 DEBUG epoch: 131, train_acc: 100.0, val_acc: 73.5, fidel_score: 75.38, acc_loss: 0.00751102389767766, grad_loss: None
2022-04-27 02:08:43,567 DEBUG epoch: 132, train_acc: 100.0, val_acc: 73.5, fidel_score: 75.08, acc_loss: 0.014165003784000874, grad_loss: None
2022-04-27 02:08:45,533 DEBUG epoch: 133, train_acc: 100.0, val_acc: 74.13, fidel_score: 75.73, acc_loss: 0.01806876575574279, grad_loss: None
2022-04-27 02:08:47,522 DEBUG epoch: 134, train_acc: 100.0, val_acc: 74.19, fidel_score: 75.97, acc_loss: 0.01649494655430317, grad_loss: None
2022-04-27 02:08:49,473 DEBUG epoch: 135, train_acc: 100.0, val_acc: 73.5, fidel_score: 75.2, acc_loss: 0.009187901858240366, grad_loss: None
2022-04-27 02:08:51,462 DEBUG epoch: 136, train_acc: 98.9149284362793, val_acc: 73.84, fidel_score: 75.54, acc_loss: 0.025679911021143198, grad_loss: None
2022-04-27 02:08:53,507 DEBUG epoch: 137, train_acc: 100.0, val_acc: 73.94, fidel_score: 75.58, acc_loss: 0.01151613611727953, grad_loss: None
2022-04-27 02:08:55,490 DEBUG epoch: 138, train_acc: 100.0, val_acc: 74.19, fidel_score: 75.76, acc_loss: 0.012296270346269011, grad_loss: None
2022-04-27 02:08:57,469 DEBUG epoch: 139, train_acc: 99.3055534362793, val_acc: 73.87, fidel_score: 75.37, acc_loss: 0.016555394046008587, grad_loss: None
2022-04-27 02:08:59,407 DEBUG epoch: 140, train_acc: 100.0, val_acc: 73.12, fidel_score: 74.93, acc_loss: 0.012142141349613667, grad_loss: None
2022-04-27 02:09:01,395 DEBUG epoch: 141, train_acc: 100.0, val_acc: 73.65, fidel_score: 75.32, acc_loss: 0.013237005565315485, grad_loss: None
2022-04-27 02:09:03,095 DEBUG epoch: 142, train_acc: 100.0, val_acc: 74.41, fidel_score: 76.17, acc_loss: 0.008667136076837778, grad_loss: None
2022-04-27 02:09:04,920 DEBUG epoch: 143, train_acc: 99.3055534362793, val_acc: 74.11, fidel_score: 75.82, acc_loss: 0.012528270133771002, grad_loss: None
2022-04-27 02:09:06,852 DEBUG epoch: 144, train_acc: 100.0, val_acc: 73.74, fidel_score: 75.25, acc_loss: 0.013384389225393534, grad_loss: None
2022-04-27 02:09:08,798 DEBUG epoch: 145, train_acc: 99.3055534362793, val_acc: 73.77, fidel_score: 75.39, acc_loss: 0.015961541794240475, grad_loss: None
2022-04-27 02:09:10,762 DEBUG epoch: 146, train_acc: 100.0, val_acc: 73.81, fidel_score: 75.46, acc_loss: 0.007169401040300727, grad_loss: None
2022-04-27 02:09:12,461 DEBUG epoch: 147, train_acc: 100.0, val_acc: 73.81, fidel_score: 75.81, acc_loss: 0.006786466343328357, grad_loss: None
2022-04-27 02:09:14,215 DEBUG epoch: 148, train_acc: 99.609375, val_acc: 74.02, fidel_score: 75.81, acc_loss: 0.013856651494279504, grad_loss: None
2022-04-27 02:09:16,183 DEBUG epoch: 149, train_acc: 100.0, val_acc: 74.07, fidel_score: 75.57, acc_loss: 0.009226512163877487, grad_loss: None
2022-04-27 02:09:18,130 DEBUG epoch: 150, train_acc: 100.0, val_acc: 74.5, fidel_score: 75.88, acc_loss: 0.00712809688411653, grad_loss: None
2022-04-27 02:09:20,115 DEBUG epoch: 151, train_acc: 100.0, val_acc: 74.32, fidel_score: 76.18, acc_loss: 0.008995810290798545, grad_loss: None
2022-04-27 02:09:22,073 DEBUG epoch: 152, train_acc: 100.0, val_acc: 73.54, fidel_score: 75.47, acc_loss: 0.007469457574188709, grad_loss: None
2022-04-27 02:09:24,031 DEBUG epoch: 153, train_acc: 100.0, val_acc: 73.86, fidel_score: 75.58, acc_loss: 0.012577179819345474, grad_loss: None
2022-04-27 02:09:26,038 DEBUG epoch: 154, train_acc: 100.0, val_acc: 73.91, fidel_score: 75.69, acc_loss: 0.004742305027320981, grad_loss: None
2022-04-27 02:09:28,022 DEBUG epoch: 155, train_acc: 100.0, val_acc: 74.54, fidel_score: 76.06, acc_loss: 0.006870088400319219, grad_loss: None
2022-04-27 02:09:29,939 DEBUG epoch: 156, train_acc: 98.22048568725586, val_acc: 73.89, fidel_score: 75.76, acc_loss: 0.03670679684728384, grad_loss: None
2022-04-27 02:09:31,928 DEBUG epoch: 157, train_acc: 100.0, val_acc: 73.88, fidel_score: 75.7, acc_loss: 0.012231343891471624, grad_loss: None
2022-04-27 02:09:33,687 DEBUG epoch: 158, train_acc: 100.0, val_acc: 73.6, fidel_score: 75.31, acc_loss: 0.005990818841382861, grad_loss: None
2022-04-27 02:09:35,559 DEBUG epoch: 159, train_acc: 99.609375, val_acc: 73.43, fidel_score: 75.73, acc_loss: 0.009724627947434783, grad_loss: None
2022-04-27 02:09:37,535 DEBUG epoch: 160, train_acc: 100.0, val_acc: 74.13, fidel_score: 76.0, acc_loss: 0.004555961582809687, grad_loss: None
2022-04-27 02:09:39,495 DEBUG epoch: 161, train_acc: 100.0, val_acc: 74.25, fidel_score: 75.54, acc_loss: 0.006937830941751599, grad_loss: None
2022-04-27 02:09:41,481 DEBUG epoch: 162, train_acc: 100.0, val_acc: 73.79, fidel_score: 75.74, acc_loss: 0.009059703443199396, grad_loss: None
2022-04-27 02:09:43,158 DEBUG epoch: 163, train_acc: 100.0, val_acc: 73.63, fidel_score: 75.22, acc_loss: 0.00949169509112835, grad_loss: None
2022-04-27 02:09:44,855 DEBUG epoch: 164, train_acc: 100.0, val_acc: 74.18, fidel_score: 76.16, acc_loss: 0.007764344802126288, grad_loss: None
2022-04-27 02:09:46,815 DEBUG epoch: 165, train_acc: 100.0, val_acc: 73.69, fidel_score: 75.63, acc_loss: 0.0030849837348796427, grad_loss: None
2022-04-27 02:09:48,792 DEBUG epoch: 166, train_acc: 100.0, val_acc: 73.72, fidel_score: 75.21, acc_loss: 0.00439000129699707, grad_loss: None
2022-04-27 02:09:50,753 DEBUG epoch: 167, train_acc: 99.3055534362793, val_acc: 73.78, fidel_score: 75.36, acc_loss: 0.018987477058544755, grad_loss: None
2022-04-27 02:09:52,693 DEBUG epoch: 168, train_acc: 100.0, val_acc: 74.31, fidel_score: 76.21, acc_loss: 0.003977998625487089, grad_loss: None
2022-04-27 02:09:54,610 DEBUG epoch: 169, train_acc: 100.0, val_acc: 74.55, fidel_score: 76.25, acc_loss: 0.0064520640298724174, grad_loss: None
2022-04-27 02:09:56,572 DEBUG epoch: 170, train_acc: 100.0, val_acc: 74.21, fidel_score: 75.94, acc_loss: 0.011229248950257897, grad_loss: None
2022-04-27 02:09:58,492 DEBUG epoch: 171, train_acc: 100.0, val_acc: 73.25, fidel_score: 75.2, acc_loss: 0.007216774858534336, grad_loss: None
2022-04-27 02:10:00,434 DEBUG epoch: 172, train_acc: 100.0, val_acc: 74.14, fidel_score: 75.48, acc_loss: 0.008376287762075663, grad_loss: None
2022-04-27 02:10:02,385 DEBUG epoch: 173, train_acc: 100.0, val_acc: 74.3, fidel_score: 76.2, acc_loss: 0.019269093871116638, grad_loss: None
2022-04-27 02:10:04,147 DEBUG epoch: 174, train_acc: 100.0, val_acc: 74.61, fidel_score: 76.27, acc_loss: 0.009090862469747663, grad_loss: None
2022-04-27 02:10:06,029 DEBUG epoch: 175, train_acc: 100.0, val_acc: 74.33, fidel_score: 76.09, acc_loss: 0.008562967646867037, grad_loss: None
2022-04-27 02:10:07,994 DEBUG epoch: 176, train_acc: 99.21875, val_acc: 73.6, fidel_score: 74.99, acc_loss: 0.026380281895399094, grad_loss: None
2022-04-27 02:10:09,954 DEBUG epoch: 177, train_acc: 100.0, val_acc: 74.43, fidel_score: 76.13, acc_loss: 0.009797147940844297, grad_loss: None
2022-04-27 02:10:11,930 DEBUG epoch: 178, train_acc: 100.0, val_acc: 73.49, fidel_score: 75.13, acc_loss: 0.010694107506424189, grad_loss: None
2022-04-27 02:10:13,618 DEBUG epoch: 179, train_acc: 100.0, val_acc: 73.61, fidel_score: 75.23, acc_loss: 0.008595040999352932, grad_loss: None
2022-04-27 02:10:15,323 DEBUG epoch: 180, train_acc: 100.0, val_acc: 74.06, fidel_score: 75.77, acc_loss: 0.013305989559739828, grad_loss: None
2022-04-27 02:10:17,289 DEBUG epoch: 181, train_acc: 100.0, val_acc: 74.05, fidel_score: 75.92, acc_loss: 0.003727169125340879, grad_loss: None
2022-04-27 02:10:19,252 DEBUG epoch: 182, train_acc: 100.0, val_acc: 73.98, fidel_score: 75.84, acc_loss: 0.009966299403458834, grad_loss: None
2022-04-27 02:10:21,213 DEBUG epoch: 183, train_acc: 99.609375, val_acc: 74.24, fidel_score: 75.97, acc_loss: 0.009665803401730955, grad_loss: None
2022-04-27 02:10:23,150 DEBUG epoch: 184, train_acc: 100.0, val_acc: 74.32, fidel_score: 75.67, acc_loss: 0.00675596680957824, grad_loss: None
2022-04-27 02:10:25,001 DEBUG epoch: 185, train_acc: 100.0, val_acc: 73.91, fidel_score: 75.58, acc_loss: 0.006722072896081954, grad_loss: None
2022-04-27 02:10:26,955 DEBUG epoch: 186, train_acc: 100.0, val_acc: 73.45, fidel_score: 75.35, acc_loss: 0.012647290714085102, grad_loss: None
2022-04-27 02:10:28,917 DEBUG epoch: 187, train_acc: 100.0, val_acc: 73.58, fidel_score: 75.52, acc_loss: 0.01431013597175479, grad_loss: None
2022-04-27 02:10:30,890 DEBUG epoch: 188, train_acc: 99.21875, val_acc: 74.01, fidel_score: 75.68, acc_loss: 0.0315161170437932, grad_loss: None
2022-04-27 02:10:32,863 DEBUG epoch: 189, train_acc: 99.609375, val_acc: 74.21, fidel_score: 75.86, acc_loss: 0.014295230153948069, grad_loss: None
2022-04-27 02:10:34,781 DEBUG epoch: 190, train_acc: 100.0, val_acc: 73.62, fidel_score: 75.87, acc_loss: 0.0033135581761598587, grad_loss: None
2022-04-27 02:10:36,739 DEBUG epoch: 191, train_acc: 100.0, val_acc: 73.88, fidel_score: 75.76, acc_loss: 0.006901556393131614, grad_loss: None
2022-04-27 02:10:38,715 DEBUG epoch: 192, train_acc: 100.0, val_acc: 74.03, fidel_score: 75.87, acc_loss: 0.012143612373620272, grad_loss: None
2022-04-27 02:10:40,645 DEBUG epoch: 193, train_acc: 100.0, val_acc: 73.88, fidel_score: 75.64, acc_loss: 0.010509945452213287, grad_loss: None
2022-04-27 02:10:42,610 DEBUG epoch: 194, train_acc: 99.3055534362793, val_acc: 74.53, fidel_score: 76.22, acc_loss: 0.015528748976066709, grad_loss: None
2022-04-27 02:10:44,315 DEBUG epoch: 195, train_acc: 100.0, val_acc: 74.26, fidel_score: 76.03, acc_loss: 0.004911646246910095, grad_loss: None
2022-04-27 02:10:46,045 DEBUG epoch: 196, train_acc: 99.609375, val_acc: 73.92, fidel_score: 75.57, acc_loss: 0.013611412607133389, grad_loss: None
2022-04-27 02:10:48,026 DEBUG epoch: 197, train_acc: 100.0, val_acc: 74.7, fidel_score: 76.24, acc_loss: 0.011934577254578471, grad_loss: None
2022-04-27 02:10:49,981 DEBUG epoch: 198, train_acc: 100.0, val_acc: 73.74, fidel_score: 75.0, acc_loss: 0.01000488642603159, grad_loss: None
2022-04-27 02:10:51,902 DEBUG epoch: 199, train_acc: 100.0, val_acc: 74.41, fidel_score: 76.5, acc_loss: 0.006367053370922804, grad_loss: None
2022-04-27 02:10:53,717 DEBUG epoch: 200, train_acc: 100.0, val_acc: 74.07, fidel_score: 75.99, acc_loss: 0.007134180050343275, grad_loss: None
2022-04-27 02:10:55,441 DEBUG epoch: 201, train_acc: 100.0, val_acc: 74.02, fidel_score: 75.67, acc_loss: 0.008620592765510082, grad_loss: None
2022-04-27 02:10:57,411 DEBUG epoch: 202, train_acc: 100.0, val_acc: 73.4, fidel_score: 75.12, acc_loss: 0.011341296136379242, grad_loss: None
2022-04-27 02:10:59,386 DEBUG epoch: 203, train_acc: 100.0, val_acc: 73.83, fidel_score: 75.61, acc_loss: 0.010713675757870078, grad_loss: None
2022-04-27 02:11:01,323 DEBUG epoch: 204, train_acc: 99.609375, val_acc: 74.24, fidel_score: 76.18, acc_loss: 0.010201500612311065, grad_loss: None
2022-04-27 02:11:03,303 DEBUG epoch: 205, train_acc: 100.0, val_acc: 73.97, fidel_score: 75.61, acc_loss: 0.007699406240135431, grad_loss: None
2022-04-27 02:11:05,257 DEBUG epoch: 206, train_acc: 100.0, val_acc: 73.41, fidel_score: 75.48, acc_loss: 0.007587903644889593, grad_loss: None
2022-04-27 02:11:07,220 DEBUG epoch: 207, train_acc: 99.609375, val_acc: 74.03, fidel_score: 75.67, acc_loss: 0.015552111202850938, grad_loss: None
2022-04-27 02:11:09,198 DEBUG epoch: 208, train_acc: 100.0, val_acc: 74.24, fidel_score: 75.71, acc_loss: 0.014937331434339285, grad_loss: None
2022-04-27 02:11:11,173 DEBUG epoch: 209, train_acc: 99.3055534362793, val_acc: 73.64, fidel_score: 75.36, acc_loss: 0.01420833240263164, grad_loss: None
2022-04-27 02:11:13,125 DEBUG epoch: 210, train_acc: 99.3055534362793, val_acc: 74.06, fidel_score: 75.83, acc_loss: 0.017160368151962757, grad_loss: None
2022-04-27 02:11:14,838 DEBUG epoch: 211, train_acc: 100.0, val_acc: 73.91, fidel_score: 75.86, acc_loss: 0.012634233571588993, grad_loss: None
2022-04-27 02:11:16,633 DEBUG epoch: 212, train_acc: 100.0, val_acc: 73.87, fidel_score: 75.71, acc_loss: 0.007006232161074877, grad_loss: None
2022-04-27 02:11:18,626 DEBUG epoch: 213, train_acc: 100.0, val_acc: 73.95, fidel_score: 75.73, acc_loss: 0.005353294312953949, grad_loss: None
2022-04-27 02:11:20,564 DEBUG epoch: 214, train_acc: 99.3055534362793, val_acc: 74.2, fidel_score: 75.96, acc_loss: 0.01668973406776786, grad_loss: None
2022-04-27 02:11:22,526 DEBUG epoch: 215, train_acc: 100.0, val_acc: 74.16, fidel_score: 76.13, acc_loss: 0.008418999845162034, grad_loss: None
2022-04-27 02:11:24,271 DEBUG epoch: 216, train_acc: 100.0, val_acc: 74.57, fidel_score: 76.34, acc_loss: 0.009612117428332567, grad_loss: None
2022-04-27 02:11:25,980 DEBUG epoch: 217, train_acc: 100.0, val_acc: 73.99, fidel_score: 75.71, acc_loss: 0.008086506044492126, grad_loss: None
2022-04-27 02:11:27,922 DEBUG epoch: 218, train_acc: 100.0, val_acc: 74.21, fidel_score: 75.98, acc_loss: 0.008849138393998146, grad_loss: None
2022-04-27 02:11:29,870 DEBUG epoch: 219, train_acc: 100.0, val_acc: 74.21, fidel_score: 75.85, acc_loss: 0.009173441911116242, grad_loss: None
2022-04-27 02:11:31,853 DEBUG epoch: 220, train_acc: 100.0, val_acc: 74.75, fidel_score: 76.74, acc_loss: 0.01105142617598176, grad_loss: None
2022-04-27 02:11:33,816 DEBUG epoch: 221, train_acc: 99.609375, val_acc: 73.99, fidel_score: 75.82, acc_loss: 0.01324170920997858, grad_loss: None
2022-04-27 02:11:35,845 DEBUG epoch: 222, train_acc: 100.0, val_acc: 73.87, fidel_score: 75.39, acc_loss: 0.008104211650788784, grad_loss: None
2022-04-27 02:11:37,817 DEBUG epoch: 223, train_acc: 100.0, val_acc: 74.76, fidel_score: 76.63, acc_loss: 0.012856330256909132, grad_loss: None
2022-04-27 02:11:39,789 DEBUG epoch: 224, train_acc: 100.0, val_acc: 73.89, fidel_score: 76.04, acc_loss: 0.010670233983546495, grad_loss: None
2022-04-27 02:11:41,755 DEBUG epoch: 225, train_acc: 99.609375, val_acc: 74.19, fidel_score: 75.88, acc_loss: 0.015366508858278394, grad_loss: None
2022-04-27 02:11:43,736 DEBUG epoch: 226, train_acc: 99.609375, val_acc: 74.18, fidel_score: 75.7, acc_loss: 0.015654434682801366, grad_loss: None
2022-04-27 02:11:45,469 DEBUG epoch: 227, train_acc: 100.0, val_acc: 74.72, fidel_score: 76.02, acc_loss: 0.00565616600215435, grad_loss: None
2022-04-27 02:11:47,211 DEBUG epoch: 228, train_acc: 100.0, val_acc: 74.11, fidel_score: 75.92, acc_loss: 0.01464681001380086, grad_loss: None
2022-04-27 02:11:49,181 DEBUG epoch: 229, train_acc: 99.609375, val_acc: 73.75, fidel_score: 75.48, acc_loss: 0.010498660150915384, grad_loss: None
2022-04-27 02:11:51,144 DEBUG epoch: 230, train_acc: 99.3055534362793, val_acc: 73.46, fidel_score: 75.56, acc_loss: 0.012859553331509233, grad_loss: None
2022-04-27 02:11:53,107 DEBUG epoch: 231, train_acc: 99.609375, val_acc: 74.04, fidel_score: 75.79, acc_loss: 0.018011383712291718, grad_loss: None
2022-04-27 02:11:54,867 DEBUG epoch: 232, train_acc: 99.609375, val_acc: 73.97, fidel_score: 75.74, acc_loss: 0.008635987294837832, grad_loss: None
2022-04-27 02:11:56,609 DEBUG epoch: 233, train_acc: 100.0, val_acc: 74.35, fidel_score: 76.19, acc_loss: 0.005845216452144086, grad_loss: None
2022-04-27 02:11:58,573 DEBUG epoch: 234, train_acc: 100.0, val_acc: 73.81, fidel_score: 75.62, acc_loss: 0.011855363962240517, grad_loss: None
2022-04-27 02:12:00,526 DEBUG epoch: 235, train_acc: 100.0, val_acc: 73.91, fidel_score: 75.69, acc_loss: 0.009677085559815168, grad_loss: None
2022-04-27 02:12:02,522 DEBUG epoch: 236, train_acc: 100.0, val_acc: 73.57, fidel_score: 75.23, acc_loss: 0.018000845797359943, grad_loss: None
2022-04-27 02:12:04,445 DEBUG epoch: 237, train_acc: 99.3055534362793, val_acc: 74.86, fidel_score: 76.3, acc_loss: 0.012885807082057, grad_loss: None
2022-04-27 02:12:06,455 DEBUG epoch: 238, train_acc: 100.0, val_acc: 73.86, fidel_score: 75.47, acc_loss: 0.010372350923717022, grad_loss: None
2022-04-27 02:12:08,404 DEBUG epoch: 239, train_acc: 99.609375, val_acc: 73.96, fidel_score: 75.47, acc_loss: 0.011812367709353566, grad_loss: None
2022-04-27 02:12:10,385 DEBUG epoch: 240, train_acc: 100.0, val_acc: 74.35, fidel_score: 75.98, acc_loss: 0.009270564652979374, grad_loss: None
2022-04-27 02:12:12,374 DEBUG epoch: 241, train_acc: 100.0, val_acc: 73.92, fidel_score: 75.63, acc_loss: 0.01098296931013465, grad_loss: None
2022-04-27 02:12:14,355 DEBUG epoch: 242, train_acc: 100.0, val_acc: 74.42, fidel_score: 76.16, acc_loss: 0.011776688043028116, grad_loss: None
2022-04-27 02:12:16,066 DEBUG epoch: 243, train_acc: 100.0, val_acc: 74.15, fidel_score: 75.97, acc_loss: 0.011876999866217375, grad_loss: None
2022-04-27 02:12:17,847 DEBUG epoch: 244, train_acc: 100.0, val_acc: 73.87, fidel_score: 75.73, acc_loss: 0.00722221820615232, grad_loss: None
2022-04-27 02:12:19,767 DEBUG epoch: 245, train_acc: 99.3055534362793, val_acc: 74.32, fidel_score: 75.65, acc_loss: 0.025067406240850687, grad_loss: None
2022-04-27 02:12:21,707 DEBUG epoch: 246, train_acc: 99.21875, val_acc: 73.94, fidel_score: 75.91, acc_loss: 0.024372760206460953, grad_loss: None
2022-04-27 02:12:23,658 DEBUG epoch: 247, train_acc: 99.3055534362793, val_acc: 73.91, fidel_score: 75.49, acc_loss: 0.009681296069175005, grad_loss: None
2022-04-27 02:12:25,389 DEBUG epoch: 248, train_acc: 100.0, val_acc: 73.75, fidel_score: 75.27, acc_loss: 0.008178609889000654, grad_loss: None
2022-04-27 02:12:27,114 DEBUG epoch: 249, train_acc: 100.0, val_acc: 74.49, fidel_score: 76.21, acc_loss: 0.004848266951739788, grad_loss: None
2022-04-27 02:12:29,090 DEBUG epoch: 250, train_acc: 100.0, val_acc: 74.56, fidel_score: 76.38, acc_loss: 0.005582953570410609, grad_loss: None
2022-04-27 02:12:31,026 DEBUG epoch: 251, train_acc: 100.0, val_acc: 73.75, fidel_score: 75.66, acc_loss: 0.009383637458086014, grad_loss: None
2022-04-27 02:12:32,987 DEBUG epoch: 252, train_acc: 100.0, val_acc: 74.57, fidel_score: 76.3, acc_loss: 0.015133041888475418, grad_loss: None
2022-04-27 02:12:34,940 DEBUG epoch: 253, train_acc: 100.0, val_acc: 73.83, fidel_score: 75.62, acc_loss: 0.009740038076415658, grad_loss: None
2022-04-27 02:12:36,919 DEBUG epoch: 254, train_acc: 98.9149284362793, val_acc: 74.18, fidel_score: 75.85, acc_loss: 0.02787121571600437, grad_loss: None
2022-04-27 02:12:38,913 DEBUG epoch: 255, train_acc: 99.3055534362793, val_acc: 74.04, fidel_score: 75.39, acc_loss: 0.015187009586952627, grad_loss: None
2022-04-27 02:12:40,877 DEBUG epoch: 256, train_acc: 100.0, val_acc: 74.25, fidel_score: 76.04, acc_loss: 0.012527199694886804, grad_loss: None
2022-04-27 02:12:42,849 DEBUG epoch: 257, train_acc: 100.0, val_acc: 73.97, fidel_score: 76.05, acc_loss: 0.011229883879423141, grad_loss: None
2022-04-27 02:12:44,799 DEBUG epoch: 258, train_acc: 100.0, val_acc: 74.43, fidel_score: 76.47, acc_loss: 0.004505047225393355, grad_loss: None
2022-04-27 02:12:46,485 DEBUG epoch: 259, train_acc: 100.0, val_acc: 74.25, fidel_score: 76.02, acc_loss: 0.01624926459044218, grad_loss: None
2022-04-27 02:12:48,250 DEBUG epoch: 260, train_acc: 100.0, val_acc: 73.86, fidel_score: 75.73, acc_loss: 0.003753899596631527, grad_loss: None
2022-04-27 02:12:50,178 DEBUG epoch: 261, train_acc: 100.0, val_acc: 74.2, fidel_score: 75.76, acc_loss: 0.009993694722652435, grad_loss: None
2022-04-27 02:12:52,146 DEBUG epoch: 262, train_acc: 100.0, val_acc: 74.35, fidel_score: 76.03, acc_loss: 0.015568871051073074, grad_loss: None
2022-04-27 02:12:54,115 DEBUG epoch: 263, train_acc: 100.0, val_acc: 73.82, fidel_score: 75.49, acc_loss: 0.014335006475448608, grad_loss: None
2022-04-27 02:12:55,902 DEBUG epoch: 264, train_acc: 100.0, val_acc: 74.08, fidel_score: 75.73, acc_loss: 0.016015577595680952, grad_loss: None
2022-04-27 02:12:57,649 DEBUG epoch: 265, train_acc: 100.0, val_acc: 74.1, fidel_score: 75.95, acc_loss: 0.011350594693794847, grad_loss: None
2022-04-27 02:12:59,625 DEBUG epoch: 266, train_acc: 100.0, val_acc: 73.92, fidel_score: 75.85, acc_loss: 0.008963235886767507, grad_loss: None
2022-04-27 02:13:01,590 DEBUG epoch: 267, train_acc: 100.0, val_acc: 73.79, fidel_score: 75.62, acc_loss: 0.004660964943468571, grad_loss: None
2022-04-27 02:13:03,532 DEBUG epoch: 268, train_acc: 100.0, val_acc: 73.76, fidel_score: 75.49, acc_loss: 0.006263979244977236, grad_loss: None
2022-04-27 02:13:05,463 DEBUG epoch: 269, train_acc: 99.609375, val_acc: 74.01, fidel_score: 75.78, acc_loss: 0.00966088636778295, grad_loss: None
2022-04-27 02:13:07,468 DEBUG epoch: 270, train_acc: 99.3055534362793, val_acc: 74.43, fidel_score: 76.02, acc_loss: 0.017908434849232435, grad_loss: None
2022-04-27 02:13:09,453 DEBUG epoch: 271, train_acc: 100.0, val_acc: 73.67, fidel_score: 75.45, acc_loss: 0.010429107351228595, grad_loss: None
2022-04-27 02:13:11,398 DEBUG epoch: 272, train_acc: 100.0, val_acc: 73.87, fidel_score: 75.79, acc_loss: 0.006129708839580417, grad_loss: None
2022-04-27 02:13:13,356 DEBUG epoch: 273, train_acc: 100.0, val_acc: 73.76, fidel_score: 75.41, acc_loss: 0.010607768781483173, grad_loss: None
2022-04-27 02:13:15,323 DEBUG epoch: 274, train_acc: 100.0, val_acc: 73.71, fidel_score: 75.2, acc_loss: 0.008843922521919012, grad_loss: None
2022-04-27 02:13:17,020 DEBUG epoch: 275, train_acc: 100.0, val_acc: 74.15, fidel_score: 76.16, acc_loss: 0.013155607972294092, grad_loss: None
2022-04-27 02:13:18,765 DEBUG epoch: 276, train_acc: 100.0, val_acc: 74.38, fidel_score: 76.06, acc_loss: 0.010401849402114749, grad_loss: None
2022-04-27 02:13:20,731 DEBUG epoch: 277, train_acc: 100.0, val_acc: 74.35, fidel_score: 75.86, acc_loss: 0.009981670416891575, grad_loss: None
2022-04-27 02:13:22,698 DEBUG epoch: 278, train_acc: 100.0, val_acc: 74.73, fidel_score: 76.58, acc_loss: 0.014218481257557869, grad_loss: None
2022-04-27 02:13:24,625 DEBUG epoch: 279, train_acc: 100.0, val_acc: 74.02, fidel_score: 75.52, acc_loss: 0.015392355620861053, grad_loss: None
2022-04-27 02:13:26,400 DEBUG epoch: 280, train_acc: 100.0, val_acc: 74.61, fidel_score: 76.53, acc_loss: 0.017484810668975115, grad_loss: None
2022-04-27 02:13:28,144 DEBUG epoch: 281, train_acc: 100.0, val_acc: 73.67, fidel_score: 75.76, acc_loss: 0.01251836959272623, grad_loss: None
2022-04-27 02:13:30,126 DEBUG epoch: 282, train_acc: 99.3055534362793, val_acc: 74.37, fidel_score: 76.28, acc_loss: 0.014901651768013835, grad_loss: None
2022-04-27 02:13:32,096 DEBUG epoch: 283, train_acc: 100.0, val_acc: 73.36, fidel_score: 75.19, acc_loss: 0.0027487772167660296, grad_loss: None
2022-04-27 02:13:34,056 DEBUG epoch: 284, train_acc: 100.0, val_acc: 73.72, fidel_score: 75.52, acc_loss: 0.015066758263856173, grad_loss: None
2022-04-27 02:13:36,014 DEBUG epoch: 285, train_acc: 100.0, val_acc: 73.86, fidel_score: 75.42, acc_loss: 0.005472266930155456, grad_loss: None
2022-04-27 02:13:38,017 DEBUG epoch: 286, train_acc: 100.0, val_acc: 74.19, fidel_score: 75.53, acc_loss: 0.013499892316758633, grad_loss: None
2022-04-27 02:13:39,966 DEBUG epoch: 287, train_acc: 99.3055534362793, val_acc: 73.97, fidel_score: 75.84, acc_loss: 0.017370129004120827, grad_loss: None
2022-04-27 02:13:41,912 DEBUG epoch: 288, train_acc: 100.0, val_acc: 74.25, fidel_score: 75.79, acc_loss: 0.010750577319413424, grad_loss: None
2022-04-27 02:13:43,886 DEBUG epoch: 289, train_acc: 99.609375, val_acc: 73.93, fidel_score: 75.71, acc_loss: 0.009642949793487787, grad_loss: None
2022-04-27 02:13:45,847 DEBUG epoch: 290, train_acc: 100.0, val_acc: 73.57, fidel_score: 75.48, acc_loss: 0.009518394246697426, grad_loss: None
2022-04-27 02:13:47,531 DEBUG epoch: 291, train_acc: 100.0, val_acc: 73.95, fidel_score: 75.58, acc_loss: 0.019771423190832138, grad_loss: None
2022-04-27 02:13:49,326 DEBUG epoch: 292, train_acc: 100.0, val_acc: 74.44, fidel_score: 75.94, acc_loss: 0.005033505382016301, grad_loss: None
2022-04-27 02:13:51,303 DEBUG epoch: 293, train_acc: 100.0, val_acc: 74.11, fidel_score: 76.05, acc_loss: 0.009625633712857962, grad_loss: None
2022-04-27 02:13:53,263 DEBUG epoch: 294, train_acc: 100.0, val_acc: 73.79, fidel_score: 75.53, acc_loss: 0.008862168993800879, grad_loss: None
2022-04-27 02:13:55,199 DEBUG epoch: 295, train_acc: 99.609375, val_acc: 74.11, fidel_score: 75.67, acc_loss: 0.020182440988719463, grad_loss: None
2022-04-27 02:13:56,914 DEBUG epoch: 296, train_acc: 100.0, val_acc: 74.08, fidel_score: 76.08, acc_loss: 0.007914865389466286, grad_loss: None
2022-04-27 02:13:58,661 DEBUG epoch: 297, train_acc: 100.0, val_acc: 74.2, fidel_score: 75.59, acc_loss: 0.01652507483959198, grad_loss: None
2022-04-27 02:14:00,635 DEBUG epoch: 298, train_acc: 100.0, val_acc: 74.38, fidel_score: 76.09, acc_loss: 0.005001971730962396, grad_loss: None
2022-04-27 02:14:02,601 DEBUG epoch: 299, train_acc: 100.0, val_acc: 74.25, fidel_score: 76.02, acc_loss: 0.005620511597953737, grad_loss: None
2022-04-27 02:14:04,550 DEBUG epoch: 300, train_acc: 100.0, val_acc: 73.92, fidel_score: 75.6, acc_loss: 0.015766067430377007, grad_loss: None
2022-04-27 02:14:04,551 DEBUG load best stealed model.
2022-04-27 02:14:04,551 DEBUG Best perform model, val_acc: 74.86, fidel_score: 76.3, acc_loss: 0.012885807082057
2022-04-27 02:14:04,554 DEBUG load cloest stealed model.
2022-04-27 02:14:04,554 DEBUG Closest perform model, val_acc: 74.75, fidel_score: 76.74, acc_loss: 0.012885807082057
