2022-05-03 13:45:50,360 DEBUG Namespace(adversairal_attack=False, arch='vgg11_bn', attack_client=0, attack_epochs=300, attack_style='Generator_option_nz512_noisew1.0', average_time=1, batch_size=128, bottleneck_option='None', cutlayer=4, data_proportion=0.0, dataset='cifar10', filename='ace_V2_epoch_vgg11_bn_cutlayer_4_client_1_seed125_dataset_cifar10_lr_0.05_200epoch', folder='saves/baseline', learning_rate=0.05, noniid_ratio=1.0, num_client=1, num_epochs='best', num_query=1000, random_seed=123, regularization='None', regularization_strength=0.0, scheme='V2_epoch', surrogate_arch='same', test_best=True, train_clas_layer=7.0)
2022-05-03 13:45:53,920 DEBUG Test (client-0):	Loss 0.6164 (0.3623)	Prec@1 81.250 (91.890)
2022-05-03 13:45:53,921 DEBUG  * Prec@1 91.890
2022-05-03 13:45:54,111 DEBUG 22
2022-05-03 13:45:54,111 DEBUG surrogate parameter has 22 trainable parameters!
2022-05-03 19:49:29,945 DEBUG Namespace(adversairal_attack=False, arch='vgg11_bn', attack_client=0, attack_epochs=300, attack_style='Generator_option_nz512_noisew1.0', average_time=1, batch_size=128, bottleneck_option='None', cutlayer=4, data_proportion=0.0, dataset='cifar10', filename='ace_V2_epoch_vgg11_bn_cutlayer_4_client_1_seed125_dataset_cifar10_lr_0.05_200epoch', folder='saves/baseline', learning_rate=0.05, noniid_ratio=1.0, num_client=1, num_epochs='best', num_query=1000, random_seed=123, regularization='None', regularization_strength=0.0, scheme='V2_epoch', surrogate_arch='same', test_best=True, train_clas_layer=7.0)
2022-05-03 19:49:33,496 DEBUG Test (client-0):	Loss 0.6164 (0.3623)	Prec@1 81.250 (91.890)
2022-05-03 19:49:33,496 DEBUG  * Prec@1 91.890
2022-05-03 19:49:33,671 DEBUG 22
2022-05-03 19:49:33,671 DEBUG surrogate parameter has 22 trainable parameters!
2022-05-03 19:49:34,102 DEBUG Train step: 10	 CE_Loss: 4.6850953102 diversity_Loss: 0.7446897626 bc_losses (G):  0.0000000000  bc_losses (D)):  0.0000000000
2022-05-03 19:49:34,102 DEBUG End of Training: 	 CE_Loss: 4.6850953102 diversity_Loss: 0.7446897626 bc_losses (G):  0.0000000000  bc_losses (D)):  0.0000000000
2022-05-03 19:49:35,225 DEBUG epoch: 0, val_acc: 10.07, val_fidelity: 10.14
2022-05-03 19:49:37,286 DEBUG epoch: 1, train_acc: 19.21875, val_acc: 9.76, fidel_score: 9.75, acc_loss: 2.5292760729789734, grad_loss: None
2022-05-03 19:49:39,213 DEBUG epoch: 2, train_acc: 66.25, val_acc: 10.72, fidel_score: 10.59, acc_loss: 0.8943925350904465, grad_loss: None
2022-05-03 19:49:41,111 DEBUG epoch: 3, train_acc: 94.9609375, val_acc: 12.67, fidel_score: 12.67, acc_loss: 0.1438675753772259, grad_loss: None
2022-05-03 19:49:42,972 DEBUG epoch: 4, train_acc: 97.734375, val_acc: 12.31, fidel_score: 12.34, acc_loss: 0.05699888952076435, grad_loss: None
2022-05-03 19:49:44,844 DEBUG epoch: 5, train_acc: 97.1484375, val_acc: 11.83, fidel_score: 11.6, acc_loss: 0.10493069489020854, grad_loss: None
2022-05-03 19:49:46,720 DEBUG epoch: 6, train_acc: 98.2421875, val_acc: 12.07, fidel_score: 12.15, acc_loss: 0.05663627074100077, grad_loss: None
2022-05-03 19:49:48,581 DEBUG epoch: 7, train_acc: 98.8671875, val_acc: 12.39, fidel_score: 12.42, acc_loss: 0.03176682076882571, grad_loss: None
2022-05-03 19:49:50,454 DEBUG epoch: 8, train_acc: 99.5703125, val_acc: 12.49, fidel_score: 12.67, acc_loss: 0.013891138439066707, grad_loss: None
2022-05-03 19:49:52,323 DEBUG epoch: 9, train_acc: 99.6484375, val_acc: 12.78, fidel_score: 12.78, acc_loss: 0.007950276385963661, grad_loss: None
2022-05-03 19:49:54,195 DEBUG epoch: 10, train_acc: 99.921875, val_acc: 11.17, fidel_score: 11.35, acc_loss: 0.0036397687443241013, grad_loss: None
2022-05-03 19:49:56,060 DEBUG epoch: 11, train_acc: 99.6875, val_acc: 11.37, fidel_score: 11.52, acc_loss: 0.008138408747618087, grad_loss: None
2022-05-03 19:49:57,943 DEBUG epoch: 12, train_acc: 99.765625, val_acc: 11.18, fidel_score: 11.18, acc_loss: 0.008486853367139701, grad_loss: None
2022-05-03 19:49:59,815 DEBUG epoch: 13, train_acc: 99.8828125, val_acc: 11.44, fidel_score: 11.64, acc_loss: 0.003987162854900817, grad_loss: None
2022-05-03 19:50:01,698 DEBUG epoch: 14, train_acc: 99.8046875, val_acc: 11.9, fidel_score: 12.11, acc_loss: 0.007003926576726371, grad_loss: None
2022-05-03 19:50:03,568 DEBUG epoch: 15, train_acc: 99.921875, val_acc: 12.52, fidel_score: 12.58, acc_loss: 0.002514120993146207, grad_loss: None
2022-05-03 19:50:05,420 DEBUG epoch: 16, train_acc: 99.8828125, val_acc: 11.9, fidel_score: 11.98, acc_loss: 0.0050836602154049615, grad_loss: None
2022-05-03 19:50:07,287 DEBUG epoch: 17, train_acc: 99.8828125, val_acc: 11.76, fidel_score: 11.94, acc_loss: 0.0028130585589678956, grad_loss: None
2022-05-03 19:50:09,164 DEBUG epoch: 18, train_acc: 99.8828125, val_acc: 11.53, fidel_score: 11.52, acc_loss: 0.006084399246901739, grad_loss: None
2022-05-03 19:50:11,042 DEBUG epoch: 19, train_acc: 99.9609375, val_acc: 11.46, fidel_score: 11.4, acc_loss: 0.002339027478774369, grad_loss: None
2022-05-03 19:50:12,923 DEBUG epoch: 20, train_acc: 99.9609375, val_acc: 11.83, fidel_score: 11.83, acc_loss: 0.0017879886609080131, grad_loss: None
2022-05-03 19:50:14,785 DEBUG epoch: 21, train_acc: 99.9609375, val_acc: 11.9, fidel_score: 11.9, acc_loss: 0.0007786496491462458, grad_loss: None
2022-05-03 19:50:16,646 DEBUG epoch: 22, train_acc: 100.0, val_acc: 11.54, fidel_score: 11.65, acc_loss: 0.0005252856257357052, grad_loss: None
2022-05-03 19:50:18,509 DEBUG epoch: 23, train_acc: 100.0, val_acc: 11.89, fidel_score: 11.92, acc_loss: 0.0007986005007751373, grad_loss: None
2022-05-03 19:50:20,373 DEBUG epoch: 24, train_acc: 100.0, val_acc: 12.05, fidel_score: 12.12, acc_loss: 0.0002597807733081936, grad_loss: None
2022-05-03 19:50:22,237 DEBUG epoch: 25, train_acc: 99.9609375, val_acc: 11.66, fidel_score: 11.63, acc_loss: 0.0009012098668790714, grad_loss: None
2022-05-03 19:50:24,093 DEBUG epoch: 26, train_acc: 100.0, val_acc: 11.5, fidel_score: 11.55, acc_loss: 0.0006312434841674985, grad_loss: None
2022-05-03 19:50:25,975 DEBUG epoch: 27, train_acc: 99.8828125, val_acc: 12.3, fidel_score: 12.45, acc_loss: 0.0020291473303586825, grad_loss: None
2022-05-03 19:50:27,845 DEBUG epoch: 28, train_acc: 99.8046875, val_acc: 12.26, fidel_score: 12.3, acc_loss: 0.007919137388421404, grad_loss: None
2022-05-03 19:50:29,720 DEBUG epoch: 29, train_acc: 99.765625, val_acc: 11.33, fidel_score: 11.33, acc_loss: 0.006611257530312287, grad_loss: None
2022-05-03 19:50:31,567 DEBUG epoch: 30, train_acc: 99.8828125, val_acc: 11.9, fidel_score: 12.04, acc_loss: 0.004313218939205399, grad_loss: None
2022-05-03 19:50:33,441 DEBUG epoch: 31, train_acc: 99.9609375, val_acc: 12.43, fidel_score: 12.54, acc_loss: 0.001964338230754947, grad_loss: None
2022-05-03 19:50:35,304 DEBUG epoch: 32, train_acc: 99.9609375, val_acc: 12.54, fidel_score: 12.63, acc_loss: 0.0011166346546815475, grad_loss: None
2022-05-03 19:50:37,161 DEBUG epoch: 33, train_acc: 99.9609375, val_acc: 12.85, fidel_score: 12.88, acc_loss: 0.0014948275107599328, grad_loss: None
2022-05-03 19:50:39,033 DEBUG epoch: 34, train_acc: 99.9609375, val_acc: 13.25, fidel_score: 13.45, acc_loss: 0.0013874574096917058, grad_loss: None
2022-05-03 19:50:40,885 DEBUG epoch: 35, train_acc: 100.0, val_acc: 12.93, fidel_score: 12.96, acc_loss: 0.0002223074390713009, grad_loss: None
2022-05-03 19:50:42,762 DEBUG epoch: 36, train_acc: 100.0, val_acc: 13.19, fidel_score: 13.28, acc_loss: 0.0002595447772364423, grad_loss: None
2022-05-03 19:50:44,627 DEBUG epoch: 37, train_acc: 99.921875, val_acc: 12.92, fidel_score: 12.97, acc_loss: 0.003160882661904907, grad_loss: None
2022-05-03 19:50:46,502 DEBUG epoch: 38, train_acc: 99.9609375, val_acc: 12.53, fidel_score: 12.62, acc_loss: 0.0011091040974861243, grad_loss: None
2022-05-03 19:50:48,396 DEBUG epoch: 39, train_acc: 100.0, val_acc: 13.04, fidel_score: 13.15, acc_loss: 0.0006607510731555521, grad_loss: None
2022-05-03 19:50:50,255 DEBUG epoch: 40, train_acc: 100.0, val_acc: 13.17, fidel_score: 13.22, acc_loss: 0.0006790423241909594, grad_loss: None
2022-05-03 19:50:52,131 DEBUG epoch: 41, train_acc: 100.0, val_acc: 13.35, fidel_score: 13.41, acc_loss: 0.0005191100079173338, grad_loss: None
2022-05-03 19:50:53,997 DEBUG epoch: 42, train_acc: 100.0, val_acc: 13.31, fidel_score: 13.41, acc_loss: 0.00021049998968010187, grad_loss: None
2022-05-03 19:50:55,875 DEBUG epoch: 43, train_acc: 100.0, val_acc: 13.06, fidel_score: 13.16, acc_loss: 0.00031439519289051533, grad_loss: None
2022-05-03 19:50:57,738 DEBUG epoch: 44, train_acc: 100.0, val_acc: 13.08, fidel_score: 13.32, acc_loss: 0.00034684005713643274, grad_loss: None
2022-05-03 19:50:59,603 DEBUG epoch: 45, train_acc: 99.9609375, val_acc: 13.36, fidel_score: 13.4, acc_loss: 0.0010501271519387956, grad_loss: None
2022-05-03 19:51:01,463 DEBUG epoch: 46, train_acc: 100.0, val_acc: 13.25, fidel_score: 13.25, acc_loss: 0.00041701276422827503, grad_loss: None
2022-05-03 19:51:03,343 DEBUG epoch: 47, train_acc: 100.0, val_acc: 12.86, fidel_score: 13.05, acc_loss: 0.00039561845374009864, grad_loss: None
2022-05-03 19:51:05,208 DEBUG epoch: 48, train_acc: 100.0, val_acc: 13.38, fidel_score: 13.54, acc_loss: 0.0007425962307934242, grad_loss: None
2022-05-03 19:51:07,077 DEBUG epoch: 49, train_acc: 100.0, val_acc: 12.95, fidel_score: 13.17, acc_loss: 0.0003614908033341635, grad_loss: None
2022-05-03 19:51:08,950 DEBUG epoch: 50, train_acc: 100.0, val_acc: 12.86, fidel_score: 12.87, acc_loss: 0.0003096265640124329, grad_loss: None
2022-05-03 19:51:10,836 DEBUG epoch: 51, train_acc: 100.0, val_acc: 12.96, fidel_score: 13.06, acc_loss: 0.00038311881025947513, grad_loss: None
2022-05-03 19:51:12,697 DEBUG epoch: 52, train_acc: 100.0, val_acc: 13.77, fidel_score: 14.01, acc_loss: 0.0005510704071639338, grad_loss: None
2022-05-03 19:51:14,574 DEBUG epoch: 53, train_acc: 100.0, val_acc: 13.83, fidel_score: 13.91, acc_loss: 0.0005424144994321978, grad_loss: None
2022-05-03 19:51:16,439 DEBUG epoch: 54, train_acc: 100.0, val_acc: 13.76, fidel_score: 13.99, acc_loss: 0.0002852501003872021, grad_loss: None
2022-05-03 19:51:18,285 DEBUG epoch: 55, train_acc: 100.0, val_acc: 13.93, fidel_score: 13.92, acc_loss: 0.0006319357176835183, grad_loss: None
2022-05-03 19:51:20,152 DEBUG epoch: 56, train_acc: 99.9609375, val_acc: 12.89, fidel_score: 12.99, acc_loss: 0.0020198128740958055, grad_loss: None
2022-05-03 19:51:22,025 DEBUG epoch: 57, train_acc: 99.9609375, val_acc: 13.55, fidel_score: 13.67, acc_loss: 0.0012323838818701915, grad_loss: None
2022-05-03 19:51:23,891 DEBUG epoch: 58, train_acc: 100.0, val_acc: 12.88, fidel_score: 13.09, acc_loss: 0.0005149835633346811, grad_loss: None
2022-05-03 19:51:25,772 DEBUG epoch: 59, train_acc: 100.0, val_acc: 13.38, fidel_score: 13.4, acc_loss: 0.0005482635777298128, grad_loss: None
2022-05-03 19:51:27,635 DEBUG epoch: 60, train_acc: 100.0, val_acc: 13.37, fidel_score: 13.45, acc_loss: 0.000437158124987036, grad_loss: None
2022-05-03 19:51:29,510 DEBUG epoch: 61, train_acc: 100.0, val_acc: 13.23, fidel_score: 13.18, acc_loss: 0.0006130999347078614, grad_loss: None
2022-05-03 19:51:31,376 DEBUG epoch: 62, train_acc: 100.0, val_acc: 13.24, fidel_score: 13.25, acc_loss: 0.0004719643458884093, grad_loss: None
2022-05-03 19:51:33,256 DEBUG epoch: 63, train_acc: 100.0, val_acc: 13.18, fidel_score: 13.26, acc_loss: 0.0006490788986411644, grad_loss: None
2022-05-03 19:51:35,129 DEBUG epoch: 64, train_acc: 100.0, val_acc: 13.4, fidel_score: 13.57, acc_loss: 0.0003692770333145745, grad_loss: None
2022-05-03 19:51:36,997 DEBUG epoch: 65, train_acc: 100.0, val_acc: 13.57, fidel_score: 13.59, acc_loss: 0.00040372133735218086, grad_loss: None
2022-05-03 19:51:38,872 DEBUG epoch: 66, train_acc: 100.0, val_acc: 13.5, fidel_score: 13.58, acc_loss: 0.0006116748409112915, grad_loss: None
2022-05-03 19:51:40,764 DEBUG epoch: 67, train_acc: 100.0, val_acc: 13.71, fidel_score: 13.86, acc_loss: 0.0004269570345059037, grad_loss: None
2022-05-03 19:51:42,645 DEBUG epoch: 68, train_acc: 100.0, val_acc: 13.45, fidel_score: 13.63, acc_loss: 0.0004210431310639251, grad_loss: None
2022-05-03 19:51:44,489 DEBUG epoch: 69, train_acc: 100.0, val_acc: 13.16, fidel_score: 13.31, acc_loss: 0.0007555459027571487, grad_loss: None
2022-05-03 19:51:46,358 DEBUG epoch: 70, train_acc: 100.0, val_acc: 13.53, fidel_score: 13.72, acc_loss: 0.0005144019147337531, grad_loss: None
2022-05-03 19:51:48,219 DEBUG epoch: 71, train_acc: 100.0, val_acc: 13.44, fidel_score: 13.55, acc_loss: 0.00045867617736803366, grad_loss: None
2022-05-03 19:51:50,106 DEBUG epoch: 72, train_acc: 100.0, val_acc: 13.94, fidel_score: 14.04, acc_loss: 0.00043256517747067844, grad_loss: None
2022-05-03 19:51:51,971 DEBUG epoch: 73, train_acc: 100.0, val_acc: 13.39, fidel_score: 13.41, acc_loss: 0.0004891772736300481, grad_loss: None
2022-05-03 19:51:53,840 DEBUG epoch: 74, train_acc: 100.0, val_acc: 13.55, fidel_score: 13.72, acc_loss: 0.0004538679160759784, grad_loss: None
2022-05-03 19:51:55,717 DEBUG epoch: 75, train_acc: 100.0, val_acc: 13.71, fidel_score: 13.74, acc_loss: 0.0006497232447145507, grad_loss: None
2022-05-03 19:51:57,571 DEBUG epoch: 76, train_acc: 100.0, val_acc: 13.08, fidel_score: 13.21, acc_loss: 0.0002772283638478257, grad_loss: None
2022-05-03 19:51:59,447 DEBUG epoch: 77, train_acc: 99.9609375, val_acc: 13.47, fidel_score: 13.63, acc_loss: 0.0010620917284541065, grad_loss: None
2022-05-03 19:52:01,308 DEBUG epoch: 78, train_acc: 100.0, val_acc: 13.23, fidel_score: 13.4, acc_loss: 0.0003709784909005975, grad_loss: None
2022-05-03 19:52:03,177 DEBUG epoch: 79, train_acc: 100.0, val_acc: 13.23, fidel_score: 13.5, acc_loss: 0.0005630437066429294, grad_loss: None
2022-05-03 19:52:05,041 DEBUG epoch: 80, train_acc: 99.9609375, val_acc: 13.49, fidel_score: 13.57, acc_loss: 0.0020205168140819295, grad_loss: None
2022-05-03 19:52:06,907 DEBUG epoch: 81, train_acc: 100.0, val_acc: 13.56, fidel_score: 13.57, acc_loss: 0.00034947969361383003, grad_loss: None
2022-05-03 19:52:08,788 DEBUG epoch: 82, train_acc: 99.9609375, val_acc: 13.3, fidel_score: 13.36, acc_loss: 0.00113064649849548, grad_loss: None
2022-05-03 19:52:10,649 DEBUG epoch: 83, train_acc: 100.0, val_acc: 13.45, fidel_score: 13.46, acc_loss: 0.0004586019367707195, grad_loss: None
2022-05-03 19:52:12,505 DEBUG epoch: 84, train_acc: 100.0, val_acc: 13.37, fidel_score: 13.57, acc_loss: 0.00052414312158362, grad_loss: None
2022-05-03 19:52:14,370 DEBUG epoch: 85, train_acc: 100.0, val_acc: 13.59, fidel_score: 13.71, acc_loss: 0.00048456872245878914, grad_loss: None
2022-05-03 19:52:16,251 DEBUG epoch: 86, train_acc: 100.0, val_acc: 13.6, fidel_score: 13.62, acc_loss: 0.0009904659906169399, grad_loss: None
2022-05-03 19:52:18,140 DEBUG epoch: 87, train_acc: 100.0, val_acc: 13.51, fidel_score: 13.53, acc_loss: 0.0003807333232543897, grad_loss: None
2022-05-03 19:52:20,016 DEBUG epoch: 88, train_acc: 100.0, val_acc: 13.64, fidel_score: 13.69, acc_loss: 0.0009398017551575322, grad_loss: None
2022-05-03 19:52:21,875 DEBUG epoch: 89, train_acc: 100.0, val_acc: 13.44, fidel_score: 13.66, acc_loss: 0.0005884593287191819, grad_loss: None
2022-05-03 19:52:23,728 DEBUG epoch: 90, train_acc: 100.0, val_acc: 13.76, fidel_score: 13.83, acc_loss: 0.0005390762114984681, grad_loss: None
2022-05-03 19:52:25,606 DEBUG epoch: 91, train_acc: 100.0, val_acc: 13.42, fidel_score: 13.28, acc_loss: 0.000755966155702481, grad_loss: None
2022-05-03 19:52:27,459 DEBUG epoch: 92, train_acc: 100.0, val_acc: 13.67, fidel_score: 13.7, acc_loss: 0.0007551898928795708, grad_loss: None
2022-05-03 19:52:29,315 DEBUG epoch: 93, train_acc: 100.0, val_acc: 13.97, fidel_score: 14.02, acc_loss: 0.00036181266223138663, grad_loss: None
2022-05-03 19:52:31,173 DEBUG epoch: 94, train_acc: 100.0, val_acc: 13.47, fidel_score: 13.66, acc_loss: 0.0004060014594870154, grad_loss: None
2022-05-03 19:52:33,043 DEBUG epoch: 95, train_acc: 100.0, val_acc: 13.7, fidel_score: 13.7, acc_loss: 0.0004834636660234537, grad_loss: None
2022-05-03 19:52:34,922 DEBUG epoch: 96, train_acc: 100.0, val_acc: 13.57, fidel_score: 13.64, acc_loss: 0.00042048053874168547, grad_loss: None
2022-05-03 19:52:36,789 DEBUG epoch: 97, train_acc: 100.0, val_acc: 13.38, fidel_score: 13.57, acc_loss: 0.0003740208372619236, grad_loss: None
2022-05-03 19:52:38,651 DEBUG epoch: 98, train_acc: 100.0, val_acc: 13.82, fidel_score: 13.9, acc_loss: 0.000499005256278906, grad_loss: None
2022-05-03 19:52:40,516 DEBUG epoch: 99, train_acc: 100.0, val_acc: 13.66, fidel_score: 13.84, acc_loss: 0.00044599874527193604, grad_loss: None
2022-05-03 19:52:42,390 DEBUG epoch: 100, train_acc: 100.0, val_acc: 13.51, fidel_score: 13.73, acc_loss: 0.0002872782548365649, grad_loss: None
2022-05-03 19:52:44,279 DEBUG epoch: 101, train_acc: 100.0, val_acc: 13.43, fidel_score: 13.49, acc_loss: 0.0004597705239575589, grad_loss: None
2022-05-03 19:52:46,152 DEBUG epoch: 102, train_acc: 100.0, val_acc: 13.82, fidel_score: 13.87, acc_loss: 0.00045352207016549075, grad_loss: None
2022-05-03 19:52:48,010 DEBUG epoch: 103, train_acc: 100.0, val_acc: 13.69, fidel_score: 13.76, acc_loss: 0.0006742655277776066, grad_loss: None
2022-05-03 19:52:49,880 DEBUG epoch: 104, train_acc: 100.0, val_acc: 13.65, fidel_score: 13.76, acc_loss: 0.0007225461387861288, grad_loss: None
2022-05-03 19:52:51,757 DEBUG epoch: 105, train_acc: 100.0, val_acc: 13.59, fidel_score: 13.79, acc_loss: 0.0005350011681002798, grad_loss: None
2022-05-03 19:52:53,621 DEBUG epoch: 106, train_acc: 100.0, val_acc: 13.75, fidel_score: 13.77, acc_loss: 0.00036342396342661234, grad_loss: None
2022-05-03 19:52:55,484 DEBUG epoch: 107, train_acc: 100.0, val_acc: 14.06, fidel_score: 14.12, acc_loss: 0.0004958999772497919, grad_loss: None
2022-05-03 19:52:57,342 DEBUG epoch: 108, train_acc: 100.0, val_acc: 13.92, fidel_score: 13.97, acc_loss: 0.0005339694598660572, grad_loss: None
2022-05-03 19:52:59,209 DEBUG epoch: 109, train_acc: 100.0, val_acc: 13.78, fidel_score: 13.92, acc_loss: 0.0004562402677038335, grad_loss: None
2022-05-03 19:53:01,081 DEBUG epoch: 110, train_acc: 100.0, val_acc: 13.73, fidel_score: 13.91, acc_loss: 0.0005484910194354598, grad_loss: None
2022-05-03 19:53:02,952 DEBUG epoch: 111, train_acc: 100.0, val_acc: 13.77, fidel_score: 14.03, acc_loss: 0.0005032664972532075, grad_loss: None
2022-05-03 19:53:04,825 DEBUG epoch: 112, train_acc: 100.0, val_acc: 13.78, fidel_score: 13.99, acc_loss: 0.0005047491711593465, grad_loss: None
2022-05-03 19:53:06,701 DEBUG epoch: 113, train_acc: 100.0, val_acc: 14.03, fidel_score: 14.04, acc_loss: 0.00046997366516734476, grad_loss: None
2022-05-03 19:53:08,579 DEBUG epoch: 114, train_acc: 100.0, val_acc: 13.59, fidel_score: 13.73, acc_loss: 0.0004360333477961831, grad_loss: None
2022-05-03 19:53:10,461 DEBUG epoch: 115, train_acc: 100.0, val_acc: 13.29, fidel_score: 13.52, acc_loss: 0.000528413119900506, grad_loss: None
2022-05-03 19:53:12,319 DEBUG epoch: 116, train_acc: 100.0, val_acc: 13.56, fidel_score: 13.63, acc_loss: 0.0005936975259828615, grad_loss: None
2022-05-03 19:53:14,187 DEBUG epoch: 117, train_acc: 100.0, val_acc: 13.69, fidel_score: 13.79, acc_loss: 0.000482638298853999, grad_loss: None
2022-05-03 19:53:16,060 DEBUG epoch: 118, train_acc: 100.0, val_acc: 13.46, fidel_score: 13.52, acc_loss: 0.0005496559406310553, grad_loss: None
2022-05-03 19:53:17,932 DEBUG epoch: 119, train_acc: 100.0, val_acc: 13.69, fidel_score: 13.68, acc_loss: 0.0004613110635546036, grad_loss: None
2022-05-03 19:53:19,789 DEBUG epoch: 120, train_acc: 100.0, val_acc: 13.52, fidel_score: 13.77, acc_loss: 0.00041531970509822713, grad_loss: None
2022-05-03 19:53:21,659 DEBUG epoch: 121, train_acc: 100.0, val_acc: 13.46, fidel_score: 13.5, acc_loss: 0.00048098852639668623, grad_loss: None
2022-05-03 19:53:23,558 DEBUG epoch: 122, train_acc: 100.0, val_acc: 13.73, fidel_score: 13.87, acc_loss: 0.0003434721649682615, grad_loss: None
2022-05-03 19:53:25,434 DEBUG epoch: 123, train_acc: 100.0, val_acc: 13.95, fidel_score: 14.13, acc_loss: 0.0005454556179756764, grad_loss: None
2022-05-03 19:53:27,297 DEBUG epoch: 124, train_acc: 100.0, val_acc: 13.6, fidel_score: 13.68, acc_loss: 0.00048666646689525804, grad_loss: None
2022-05-03 19:53:29,149 DEBUG epoch: 125, train_acc: 100.0, val_acc: 13.81, fidel_score: 13.84, acc_loss: 0.000507214881508844, grad_loss: None
2022-05-03 19:53:31,020 DEBUG epoch: 126, train_acc: 100.0, val_acc: 13.31, fidel_score: 13.58, acc_loss: 0.0005732589186663972, grad_loss: None
2022-05-03 19:53:32,898 DEBUG epoch: 127, train_acc: 100.0, val_acc: 13.7, fidel_score: 13.62, acc_loss: 0.0006560864436323755, grad_loss: None
2022-05-03 19:53:34,743 DEBUG epoch: 128, train_acc: 100.0, val_acc: 13.5, fidel_score: 13.67, acc_loss: 0.000918199838270084, grad_loss: None
2022-05-03 19:53:36,600 DEBUG epoch: 129, train_acc: 100.0, val_acc: 13.52, fidel_score: 13.59, acc_loss: 0.0008719098725123331, grad_loss: None
2022-05-03 19:53:38,479 DEBUG epoch: 130, train_acc: 100.0, val_acc: 13.47, fidel_score: 13.5, acc_loss: 0.0010934753376204754, grad_loss: None
2022-05-03 19:53:40,357 DEBUG epoch: 131, train_acc: 100.0, val_acc: 13.77, fidel_score: 13.84, acc_loss: 0.0005167917275684886, grad_loss: None
2022-05-03 19:53:42,229 DEBUG epoch: 132, train_acc: 100.0, val_acc: 13.8, fidel_score: 13.88, acc_loss: 0.00040935781944426706, grad_loss: None
2022-05-03 19:53:44,100 DEBUG epoch: 133, train_acc: 100.0, val_acc: 13.65, fidel_score: 13.76, acc_loss: 0.0004514512729656417, grad_loss: None
2022-05-03 19:53:45,991 DEBUG epoch: 134, train_acc: 100.0, val_acc: 13.35, fidel_score: 13.4, acc_loss: 0.0006233313579286914, grad_loss: None
2022-05-03 19:53:47,856 DEBUG epoch: 135, train_acc: 100.0, val_acc: 13.63, fidel_score: 13.75, acc_loss: 0.00041947825739043767, grad_loss: None
2022-05-03 19:53:49,730 DEBUG epoch: 136, train_acc: 100.0, val_acc: 13.33, fidel_score: 13.42, acc_loss: 0.0003863913909299299, grad_loss: None
2022-05-03 19:53:51,593 DEBUG epoch: 137, train_acc: 100.0, val_acc: 13.33, fidel_score: 13.42, acc_loss: 0.00035739401246246414, grad_loss: None
2022-05-03 19:53:53,461 DEBUG epoch: 138, train_acc: 100.0, val_acc: 13.78, fidel_score: 13.91, acc_loss: 0.0008306194409669843, grad_loss: None
2022-05-03 19:53:55,338 DEBUG epoch: 139, train_acc: 100.0, val_acc: 13.45, fidel_score: 13.55, acc_loss: 0.000464190846105339, grad_loss: None
2022-05-03 19:53:57,202 DEBUG epoch: 140, train_acc: 100.0, val_acc: 13.6, fidel_score: 13.82, acc_loss: 0.0005326112632246804, grad_loss: None
2022-05-03 19:53:59,079 DEBUG epoch: 141, train_acc: 100.0, val_acc: 13.56, fidel_score: 13.76, acc_loss: 0.0004920708153804299, grad_loss: None
2022-05-03 19:54:00,969 DEBUG epoch: 142, train_acc: 100.0, val_acc: 13.68, fidel_score: 13.85, acc_loss: 0.0005335877533070744, grad_loss: None
2022-05-03 19:54:02,831 DEBUG epoch: 143, train_acc: 100.0, val_acc: 13.78, fidel_score: 14.01, acc_loss: 0.0006000617893732851, grad_loss: None
2022-05-03 19:54:04,688 DEBUG epoch: 144, train_acc: 100.0, val_acc: 13.73, fidel_score: 13.9, acc_loss: 0.000565402351639932, grad_loss: None
2022-05-03 19:54:06,558 DEBUG epoch: 145, train_acc: 100.0, val_acc: 13.37, fidel_score: 13.42, acc_loss: 0.0005446097224194091, grad_loss: None
2022-05-03 19:54:08,429 DEBUG epoch: 146, train_acc: 100.0, val_acc: 13.43, fidel_score: 13.52, acc_loss: 0.0005357123245630646, grad_loss: None
2022-05-03 19:54:10,324 DEBUG epoch: 147, train_acc: 100.0, val_acc: 13.66, fidel_score: 13.75, acc_loss: 0.0004230135164107196, grad_loss: None
2022-05-03 19:54:12,188 DEBUG epoch: 148, train_acc: 100.0, val_acc: 13.56, fidel_score: 13.67, acc_loss: 0.0005500420673342887, grad_loss: None
2022-05-03 19:54:14,070 DEBUG epoch: 149, train_acc: 100.0, val_acc: 13.62, fidel_score: 13.68, acc_loss: 0.0004273567930795252, grad_loss: None
2022-05-03 19:54:15,955 DEBUG epoch: 150, train_acc: 100.0, val_acc: 13.64, fidel_score: 13.65, acc_loss: 0.0006054077377484646, grad_loss: None
2022-05-03 19:54:17,840 DEBUG epoch: 151, train_acc: 100.0, val_acc: 13.84, fidel_score: 13.97, acc_loss: 0.000606097038689768, grad_loss: None
2022-05-03 19:54:19,702 DEBUG epoch: 152, train_acc: 100.0, val_acc: 13.77, fidel_score: 13.96, acc_loss: 0.0006306027586106211, grad_loss: None
2022-05-03 19:54:21,567 DEBUG epoch: 153, train_acc: 100.0, val_acc: 13.46, fidel_score: 13.52, acc_loss: 0.0004525354946963489, grad_loss: None
2022-05-03 19:54:23,448 DEBUG epoch: 154, train_acc: 100.0, val_acc: 13.65, fidel_score: 13.74, acc_loss: 0.000713440272011212, grad_loss: None
2022-05-03 19:54:25,339 DEBUG epoch: 155, train_acc: 100.0, val_acc: 13.53, fidel_score: 13.64, acc_loss: 0.0004763662953337189, grad_loss: None
2022-05-03 19:54:27,215 DEBUG epoch: 156, train_acc: 100.0, val_acc: 13.97, fidel_score: 14.07, acc_loss: 0.0007720021643763175, grad_loss: None
2022-05-03 19:54:29,087 DEBUG epoch: 157, train_acc: 100.0, val_acc: 13.52, fidel_score: 13.67, acc_loss: 0.0004278632713976549, grad_loss: None
2022-05-03 19:54:30,960 DEBUG epoch: 158, train_acc: 100.0, val_acc: 13.71, fidel_score: 13.69, acc_loss: 0.0005124092924233992, grad_loss: None
2022-05-03 19:54:32,841 DEBUG epoch: 159, train_acc: 100.0, val_acc: 13.65, fidel_score: 13.7, acc_loss: 0.0006494767352705821, grad_loss: None
2022-05-03 19:54:34,709 DEBUG epoch: 160, train_acc: 100.0, val_acc: 13.66, fidel_score: 13.68, acc_loss: 0.0004548642631561961, grad_loss: None
2022-05-03 19:54:36,577 DEBUG epoch: 161, train_acc: 100.0, val_acc: 13.44, fidel_score: 13.58, acc_loss: 0.000428049764741445, grad_loss: None
2022-05-03 19:54:38,453 DEBUG epoch: 162, train_acc: 100.0, val_acc: 13.61, fidel_score: 13.86, acc_loss: 0.000575286152161425, grad_loss: None
2022-05-03 19:54:40,319 DEBUG epoch: 163, train_acc: 100.0, val_acc: 13.74, fidel_score: 13.69, acc_loss: 0.00047971934036468157, grad_loss: None
2022-05-03 19:54:42,183 DEBUG epoch: 164, train_acc: 100.0, val_acc: 13.53, fidel_score: 13.67, acc_loss: 0.00042599094995239285, grad_loss: None
2022-05-03 19:54:44,062 DEBUG epoch: 165, train_acc: 100.0, val_acc: 13.64, fidel_score: 13.79, acc_loss: 0.0005735108054068406, grad_loss: None
2022-05-03 19:54:45,913 DEBUG epoch: 166, train_acc: 100.0, val_acc: 13.71, fidel_score: 13.74, acc_loss: 0.0004812223567569163, grad_loss: None
2022-05-03 19:54:47,794 DEBUG epoch: 167, train_acc: 100.0, val_acc: 13.92, fidel_score: 14.02, acc_loss: 0.0005986016294627916, grad_loss: None
2022-05-03 19:54:49,656 DEBUG epoch: 168, train_acc: 100.0, val_acc: 13.74, fidel_score: 13.83, acc_loss: 0.0007024439590168185, grad_loss: None
2022-05-03 19:54:51,527 DEBUG epoch: 169, train_acc: 100.0, val_acc: 13.62, fidel_score: 13.67, acc_loss: 0.0008485298545565456, grad_loss: None
2022-05-03 19:54:53,389 DEBUG epoch: 170, train_acc: 100.0, val_acc: 13.77, fidel_score: 13.86, acc_loss: 0.0005543855648284079, grad_loss: None
2022-05-03 19:54:55,260 DEBUG epoch: 171, train_acc: 100.0, val_acc: 13.64, fidel_score: 13.74, acc_loss: 0.0007046787635772489, grad_loss: None
2022-05-03 19:54:57,137 DEBUG epoch: 172, train_acc: 100.0, val_acc: 13.35, fidel_score: 13.44, acc_loss: 0.0007754004393063952, grad_loss: None
2022-05-03 19:54:59,002 DEBUG epoch: 173, train_acc: 100.0, val_acc: 14.03, fidel_score: 14.0, acc_loss: 0.0006979325153224636, grad_loss: None
2022-05-03 19:55:00,877 DEBUG epoch: 174, train_acc: 100.0, val_acc: 13.74, fidel_score: 13.89, acc_loss: 0.000709317740984261, grad_loss: None
2022-05-03 19:55:02,773 DEBUG epoch: 175, train_acc: 100.0, val_acc: 13.71, fidel_score: 13.77, acc_loss: 0.0005184949135582428, grad_loss: None
2022-05-03 19:55:04,628 DEBUG epoch: 176, train_acc: 100.0, val_acc: 13.68, fidel_score: 13.84, acc_loss: 0.00047884640225674956, grad_loss: None
2022-05-03 19:55:06,501 DEBUG epoch: 177, train_acc: 100.0, val_acc: 13.87, fidel_score: 13.94, acc_loss: 0.0004592967379721813, grad_loss: None
2022-05-03 19:55:08,383 DEBUG epoch: 178, train_acc: 100.0, val_acc: 13.6, fidel_score: 13.63, acc_loss: 0.0005305496262735688, grad_loss: None
2022-05-03 19:55:10,245 DEBUG epoch: 179, train_acc: 100.0, val_acc: 13.37, fidel_score: 13.53, acc_loss: 0.0004490773397265002, grad_loss: None
2022-05-03 19:55:12,117 DEBUG epoch: 180, train_acc: 100.0, val_acc: 14.12, fidel_score: 14.24, acc_loss: 0.000710395254282048, grad_loss: None
2022-05-03 19:55:14,003 DEBUG epoch: 181, train_acc: 99.9609375, val_acc: 13.41, fidel_score: 13.55, acc_loss: 0.0006940261249837931, grad_loss: None
2022-05-03 19:55:15,875 DEBUG epoch: 182, train_acc: 100.0, val_acc: 13.5, fidel_score: 13.61, acc_loss: 0.0005724579677917063, grad_loss: None
2022-05-03 19:55:17,736 DEBUG epoch: 183, train_acc: 100.0, val_acc: 13.41, fidel_score: 13.53, acc_loss: 0.0004509812624746701, grad_loss: None
2022-05-03 19:55:19,609 DEBUG epoch: 184, train_acc: 100.0, val_acc: 13.86, fidel_score: 14.1, acc_loss: 0.00045691666746279226, grad_loss: None
2022-05-03 19:55:21,503 DEBUG epoch: 185, train_acc: 100.0, val_acc: 13.51, fidel_score: 13.6, acc_loss: 0.0003858568554278463, grad_loss: None
2022-05-03 19:55:23,359 DEBUG epoch: 186, train_acc: 100.0, val_acc: 13.73, fidel_score: 13.87, acc_loss: 0.0006264011248276802, grad_loss: None
2022-05-03 19:55:25,239 DEBUG epoch: 187, train_acc: 100.0, val_acc: 13.29, fidel_score: 13.35, acc_loss: 0.0008159183580573881, grad_loss: None
2022-05-03 19:55:27,105 DEBUG epoch: 188, train_acc: 100.0, val_acc: 13.46, fidel_score: 13.71, acc_loss: 0.0006042702967533842, grad_loss: None
2022-05-03 19:55:28,969 DEBUG epoch: 189, train_acc: 100.0, val_acc: 13.64, fidel_score: 13.77, acc_loss: 0.0006020378565153806, grad_loss: None
2022-05-03 19:55:30,835 DEBUG epoch: 190, train_acc: 100.0, val_acc: 13.79, fidel_score: 13.91, acc_loss: 0.00042090927927347367, grad_loss: None
2022-05-03 19:55:32,705 DEBUG epoch: 191, train_acc: 100.0, val_acc: 13.22, fidel_score: 13.25, acc_loss: 0.00046066225695540197, grad_loss: None
2022-05-03 19:55:34,576 DEBUG epoch: 192, train_acc: 100.0, val_acc: 13.54, fidel_score: 13.78, acc_loss: 0.0007511121941206512, grad_loss: None
2022-05-03 19:55:36,461 DEBUG epoch: 193, train_acc: 100.0, val_acc: 13.83, fidel_score: 13.9, acc_loss: 0.0007711904618190601, grad_loss: None
2022-05-03 19:55:38,349 DEBUG epoch: 194, train_acc: 100.0, val_acc: 13.53, fidel_score: 13.6, acc_loss: 0.0004461945871298667, grad_loss: None
2022-05-03 19:55:40,228 DEBUG epoch: 195, train_acc: 100.0, val_acc: 13.79, fidel_score: 13.87, acc_loss: 0.0005678293375240174, grad_loss: None
2022-05-03 19:55:42,093 DEBUG epoch: 196, train_acc: 100.0, val_acc: 13.95, fidel_score: 13.91, acc_loss: 0.00046817494912829714, grad_loss: None
2022-05-03 19:55:43,947 DEBUG epoch: 197, train_acc: 100.0, val_acc: 13.21, fidel_score: 13.29, acc_loss: 0.00042061265048687346, grad_loss: None
2022-05-03 19:55:45,798 DEBUG epoch: 198, train_acc: 100.0, val_acc: 13.74, fidel_score: 13.79, acc_loss: 0.0005364401666156482, grad_loss: None
2022-05-03 19:55:47,681 DEBUG epoch: 199, train_acc: 100.0, val_acc: 13.77, fidel_score: 13.91, acc_loss: 0.0006718268661643379, grad_loss: None
2022-05-03 19:55:49,563 DEBUG epoch: 200, train_acc: 100.0, val_acc: 13.53, fidel_score: 13.78, acc_loss: 0.0005461442495288793, grad_loss: None
2022-05-03 19:55:51,441 DEBUG epoch: 201, train_acc: 100.0, val_acc: 13.41, fidel_score: 13.57, acc_loss: 0.0005711785561288707, grad_loss: None
2022-05-03 19:55:53,318 DEBUG epoch: 202, train_acc: 100.0, val_acc: 13.74, fidel_score: 13.8, acc_loss: 0.0004497229881962994, grad_loss: None
2022-05-03 19:55:55,187 DEBUG epoch: 203, train_acc: 100.0, val_acc: 13.32, fidel_score: 13.44, acc_loss: 0.0005637672002194449, grad_loss: None
2022-05-03 19:55:57,061 DEBUG epoch: 204, train_acc: 100.0, val_acc: 13.67, fidel_score: 13.79, acc_loss: 0.0007644168632396031, grad_loss: None
2022-05-03 19:55:58,942 DEBUG epoch: 205, train_acc: 100.0, val_acc: 13.89, fidel_score: 13.92, acc_loss: 0.0007781721167702926, grad_loss: None
2022-05-03 19:56:00,831 DEBUG epoch: 206, train_acc: 100.0, val_acc: 13.66, fidel_score: 13.7, acc_loss: 0.0005838686953211436, grad_loss: None
2022-05-03 19:56:02,712 DEBUG epoch: 207, train_acc: 100.0, val_acc: 13.77, fidel_score: 13.8, acc_loss: 0.00044137600998510606, grad_loss: None
2022-05-03 19:56:04,597 DEBUG epoch: 208, train_acc: 100.0, val_acc: 13.53, fidel_score: 13.65, acc_loss: 0.000543615837523248, grad_loss: None
2022-05-03 19:56:06,476 DEBUG epoch: 209, train_acc: 100.0, val_acc: 13.48, fidel_score: 13.56, acc_loss: 0.0005222591698839096, grad_loss: None
2022-05-03 19:56:08,362 DEBUG epoch: 210, train_acc: 100.0, val_acc: 13.71, fidel_score: 13.84, acc_loss: 0.0003696873674925882, grad_loss: None
2022-05-03 19:56:10,225 DEBUG epoch: 211, train_acc: 100.0, val_acc: 13.77, fidel_score: 13.84, acc_loss: 0.0006516212575661484, grad_loss: None
2022-05-03 19:56:12,099 DEBUG epoch: 212, train_acc: 100.0, val_acc: 13.79, fidel_score: 13.87, acc_loss: 0.0005486084759468213, grad_loss: None
2022-05-03 19:56:13,977 DEBUG epoch: 213, train_acc: 100.0, val_acc: 13.67, fidel_score: 13.88, acc_loss: 0.0005615518624836113, grad_loss: None
2022-05-03 19:56:15,855 DEBUG epoch: 214, train_acc: 100.0, val_acc: 13.65, fidel_score: 13.78, acc_loss: 0.0006357815371302422, grad_loss: None
2022-05-03 19:56:17,727 DEBUG epoch: 215, train_acc: 100.0, val_acc: 13.6, fidel_score: 13.78, acc_loss: 0.0005239478632574901, grad_loss: None
2022-05-03 19:56:19,596 DEBUG epoch: 216, train_acc: 100.0, val_acc: 13.69, fidel_score: 13.72, acc_loss: 0.000579465913324384, grad_loss: None
2022-05-03 19:56:21,474 DEBUG epoch: 217, train_acc: 100.0, val_acc: 13.44, fidel_score: 13.54, acc_loss: 0.000515577779879095, grad_loss: None
2022-05-03 19:56:23,350 DEBUG epoch: 218, train_acc: 100.0, val_acc: 13.52, fidel_score: 13.67, acc_loss: 0.0006063715769414557, grad_loss: None
2022-05-03 19:56:25,239 DEBUG epoch: 219, train_acc: 100.0, val_acc: 13.35, fidel_score: 13.55, acc_loss: 0.0008375123510631965, grad_loss: None
2022-05-03 19:56:27,125 DEBUG epoch: 220, train_acc: 100.0, val_acc: 13.82, fidel_score: 13.93, acc_loss: 0.000736407411750406, grad_loss: None
2022-05-03 19:56:29,008 DEBUG epoch: 221, train_acc: 100.0, val_acc: 13.58, fidel_score: 13.75, acc_loss: 0.0007400062550004805, grad_loss: None
2022-05-03 19:56:30,883 DEBUG epoch: 222, train_acc: 100.0, val_acc: 13.49, fidel_score: 13.55, acc_loss: 0.0005709571851184592, grad_loss: None
2022-05-03 19:56:32,766 DEBUG epoch: 223, train_acc: 100.0, val_acc: 13.7, fidel_score: 13.77, acc_loss: 0.0006947399531782139, grad_loss: None
2022-05-03 19:56:34,604 DEBUG epoch: 224, train_acc: 100.0, val_acc: 13.85, fidel_score: 13.89, acc_loss: 0.0011137142617371864, grad_loss: None
2022-05-03 19:56:36,479 DEBUG epoch: 225, train_acc: 100.0, val_acc: 13.26, fidel_score: 13.48, acc_loss: 0.00038567497904296033, grad_loss: None
2022-05-03 19:56:38,336 DEBUG epoch: 226, train_acc: 99.9609375, val_acc: 13.5, fidel_score: 13.59, acc_loss: 0.0012703597029030788, grad_loss: None
2022-05-03 19:56:40,205 DEBUG epoch: 227, train_acc: 100.0, val_acc: 13.57, fidel_score: 13.66, acc_loss: 0.000398836921522161, grad_loss: None
2022-05-03 19:56:42,077 DEBUG epoch: 228, train_acc: 100.0, val_acc: 13.63, fidel_score: 13.86, acc_loss: 0.000461260032170685, grad_loss: None
2022-05-03 19:56:43,938 DEBUG epoch: 229, train_acc: 100.0, val_acc: 13.57, fidel_score: 13.63, acc_loss: 0.0006792798878450413, grad_loss: None
2022-05-03 19:56:45,807 DEBUG epoch: 230, train_acc: 100.0, val_acc: 13.53, fidel_score: 13.78, acc_loss: 0.00042210585088469087, grad_loss: None
2022-05-03 19:56:47,689 DEBUG epoch: 231, train_acc: 100.0, val_acc: 13.59, fidel_score: 13.66, acc_loss: 0.0004414674032886978, grad_loss: None
2022-05-03 19:56:49,561 DEBUG epoch: 232, train_acc: 100.0, val_acc: 13.67, fidel_score: 13.78, acc_loss: 0.0006277084874454885, grad_loss: None
2022-05-03 19:56:51,450 DEBUG epoch: 233, train_acc: 100.0, val_acc: 13.73, fidel_score: 14.01, acc_loss: 0.0008564008188841399, grad_loss: None
2022-05-03 19:56:53,333 DEBUG epoch: 234, train_acc: 100.0, val_acc: 13.44, fidel_score: 13.59, acc_loss: 0.0005094442120025632, grad_loss: None
2022-05-03 19:56:55,202 DEBUG epoch: 235, train_acc: 100.0, val_acc: 13.34, fidel_score: 13.55, acc_loss: 0.0008507552665832918, grad_loss: None
2022-05-03 19:56:57,083 DEBUG epoch: 236, train_acc: 100.0, val_acc: 13.71, fidel_score: 13.78, acc_loss: 0.00043997181273880415, grad_loss: None
2022-05-03 19:56:58,952 DEBUG epoch: 237, train_acc: 100.0, val_acc: 13.74, fidel_score: 14.01, acc_loss: 0.0004765861747728195, grad_loss: None
2022-05-03 19:57:00,829 DEBUG epoch: 238, train_acc: 100.0, val_acc: 13.56, fidel_score: 13.54, acc_loss: 0.0006786238282074919, grad_loss: None
2022-05-03 19:57:02,701 DEBUG epoch: 239, train_acc: 100.0, val_acc: 13.95, fidel_score: 14.11, acc_loss: 0.00043194227982894516, grad_loss: None
2022-05-03 19:57:04,577 DEBUG epoch: 240, train_acc: 100.0, val_acc: 13.3, fidel_score: 13.49, acc_loss: 0.000536428923078347, grad_loss: None
2022-05-03 19:57:06,461 DEBUG epoch: 241, train_acc: 100.0, val_acc: 13.71, fidel_score: 13.82, acc_loss: 0.0003881134070979897, grad_loss: None
2022-05-03 19:57:08,329 DEBUG epoch: 242, train_acc: 100.0, val_acc: 13.7, fidel_score: 13.76, acc_loss: 0.0008063256391324103, grad_loss: None
2022-05-03 19:57:10,200 DEBUG epoch: 243, train_acc: 100.0, val_acc: 13.5, fidel_score: 13.54, acc_loss: 0.0005391289436374791, grad_loss: None
2022-05-03 19:57:12,063 DEBUG epoch: 244, train_acc: 100.0, val_acc: 13.55, fidel_score: 13.7, acc_loss: 0.000423499181488296, grad_loss: None
2022-05-03 19:57:13,943 DEBUG epoch: 245, train_acc: 100.0, val_acc: 13.63, fidel_score: 13.76, acc_loss: 0.00040864642069209366, grad_loss: None
2022-05-03 19:57:15,824 DEBUG epoch: 246, train_acc: 100.0, val_acc: 13.91, fidel_score: 13.92, acc_loss: 0.0009825435801758431, grad_loss: None
2022-05-03 19:57:17,704 DEBUG epoch: 247, train_acc: 100.0, val_acc: 13.39, fidel_score: 13.59, acc_loss: 0.0005135679988597985, grad_loss: None
2022-05-03 19:57:19,556 DEBUG epoch: 248, train_acc: 99.9609375, val_acc: 13.47, fidel_score: 13.62, acc_loss: 0.001676939792378107, grad_loss: None
2022-05-03 19:57:21,419 DEBUG epoch: 249, train_acc: 100.0, val_acc: 13.23, fidel_score: 13.31, acc_loss: 0.0005927438745857216, grad_loss: None
2022-05-03 19:57:23,302 DEBUG epoch: 250, train_acc: 100.0, val_acc: 13.66, fidel_score: 13.74, acc_loss: 0.0003850679022434633, grad_loss: None
2022-05-03 19:57:25,168 DEBUG epoch: 251, train_acc: 100.0, val_acc: 13.66, fidel_score: 13.76, acc_loss: 0.0005195971938519506, grad_loss: None
2022-05-03 19:57:27,036 DEBUG epoch: 252, train_acc: 100.0, val_acc: 13.32, fidel_score: 13.32, acc_loss: 0.0004929566181090195, grad_loss: None
2022-05-03 19:57:28,912 DEBUG epoch: 253, train_acc: 100.0, val_acc: 13.53, fidel_score: 13.69, acc_loss: 0.0005326625920133665, grad_loss: None
2022-05-03 19:57:30,774 DEBUG epoch: 254, train_acc: 100.0, val_acc: 13.52, fidel_score: 13.58, acc_loss: 0.0007486882139346562, grad_loss: None
2022-05-03 19:57:32,654 DEBUG epoch: 255, train_acc: 100.0, val_acc: 13.71, fidel_score: 13.82, acc_loss: 0.0009022492689837236, grad_loss: None
2022-05-03 19:57:34,536 DEBUG epoch: 256, train_acc: 100.0, val_acc: 13.88, fidel_score: 13.93, acc_loss: 0.0005065722747531254, grad_loss: None
2022-05-03 19:57:36,385 DEBUG epoch: 257, train_acc: 100.0, val_acc: 13.45, fidel_score: 13.59, acc_loss: 0.00042258794856024905, grad_loss: None
2022-05-03 19:57:38,244 DEBUG epoch: 258, train_acc: 100.0, val_acc: 13.44, fidel_score: 13.46, acc_loss: 0.00057903017004719, grad_loss: None
2022-05-03 19:57:40,135 DEBUG epoch: 259, train_acc: 100.0, val_acc: 13.81, fidel_score: 13.87, acc_loss: 0.00046992711795610374, grad_loss: None
2022-05-03 19:57:41,993 DEBUG epoch: 260, train_acc: 100.0, val_acc: 13.41, fidel_score: 13.5, acc_loss: 0.000577982409595279, grad_loss: None
2022-05-03 19:57:43,877 DEBUG epoch: 261, train_acc: 99.9609375, val_acc: 13.38, fidel_score: 13.47, acc_loss: 0.0010154368825169512, grad_loss: None
2022-05-03 19:57:45,761 DEBUG epoch: 262, train_acc: 100.0, val_acc: 13.62, fidel_score: 13.82, acc_loss: 0.0005221614286710974, grad_loss: None
2022-05-03 19:57:47,635 DEBUG epoch: 263, train_acc: 100.0, val_acc: 13.39, fidel_score: 13.52, acc_loss: 0.0008130793874443043, grad_loss: None
2022-05-03 19:57:49,493 DEBUG epoch: 264, train_acc: 100.0, val_acc: 13.59, fidel_score: 13.82, acc_loss: 0.0006761858785466757, grad_loss: None
2022-05-03 19:57:51,365 DEBUG epoch: 265, train_acc: 100.0, val_acc: 13.56, fidel_score: 13.86, acc_loss: 0.0006840538910182659, grad_loss: None
2022-05-03 19:57:53,243 DEBUG epoch: 266, train_acc: 100.0, val_acc: 13.47, fidel_score: 13.52, acc_loss: 0.0003880299729644321, grad_loss: None
2022-05-03 19:57:55,125 DEBUG epoch: 267, train_acc: 100.0, val_acc: 13.32, fidel_score: 13.46, acc_loss: 0.0005991072364849969, grad_loss: None
2022-05-03 19:57:56,999 DEBUG epoch: 268, train_acc: 100.0, val_acc: 13.94, fidel_score: 14.19, acc_loss: 0.0005356175352062564, grad_loss: None
2022-05-03 19:57:58,867 DEBUG epoch: 269, train_acc: 100.0, val_acc: 13.45, fidel_score: 13.57, acc_loss: 0.0005550446097913664, grad_loss: None
2022-05-03 19:58:00,760 DEBUG epoch: 270, train_acc: 100.0, val_acc: 13.62, fidel_score: 13.77, acc_loss: 0.000687078588816803, grad_loss: None
2022-05-03 19:58:02,641 DEBUG epoch: 271, train_acc: 100.0, val_acc: 13.5, fidel_score: 13.65, acc_loss: 0.0009501112115685828, grad_loss: None
2022-05-03 19:58:04,530 DEBUG epoch: 272, train_acc: 99.9609375, val_acc: 13.42, fidel_score: 13.5, acc_loss: 0.001655222420231439, grad_loss: None
2022-05-03 19:58:06,426 DEBUG epoch: 273, train_acc: 100.0, val_acc: 13.71, fidel_score: 13.66, acc_loss: 0.0006164297796203755, grad_loss: None
2022-05-03 19:58:08,305 DEBUG epoch: 274, train_acc: 100.0, val_acc: 13.28, fidel_score: 13.37, acc_loss: 0.0003796559074544348, grad_loss: None
2022-05-03 19:58:10,175 DEBUG epoch: 275, train_acc: 100.0, val_acc: 13.42, fidel_score: 13.62, acc_loss: 0.00046782483768765816, grad_loss: None
2022-05-03 19:58:12,056 DEBUG epoch: 276, train_acc: 100.0, val_acc: 13.64, fidel_score: 13.78, acc_loss: 0.0006408930141333258, grad_loss: None
2022-05-03 19:58:13,919 DEBUG epoch: 277, train_acc: 100.0, val_acc: 13.69, fidel_score: 13.88, acc_loss: 0.0007733648555586115, grad_loss: None
2022-05-03 19:58:15,785 DEBUG epoch: 278, train_acc: 100.0, val_acc: 13.61, fidel_score: 13.8, acc_loss: 0.0009014315277454443, grad_loss: None
2022-05-03 19:58:17,640 DEBUG epoch: 279, train_acc: 100.0, val_acc: 13.44, fidel_score: 13.47, acc_loss: 0.0006570470657607074, grad_loss: None
2022-05-03 19:58:19,517 DEBUG epoch: 280, train_acc: 100.0, val_acc: 13.47, fidel_score: 13.64, acc_loss: 0.0004768366656207945, grad_loss: None
2022-05-03 19:58:21,377 DEBUG epoch: 281, train_acc: 100.0, val_acc: 13.75, fidel_score: 13.75, acc_loss: 0.0005291020272125025, grad_loss: None
2022-05-03 19:58:23,252 DEBUG epoch: 282, train_acc: 100.0, val_acc: 13.68, fidel_score: 13.72, acc_loss: 0.0005773983990366105, grad_loss: None
2022-05-03 19:58:25,119 DEBUG epoch: 283, train_acc: 100.0, val_acc: 13.64, fidel_score: 13.67, acc_loss: 0.00048409745577373544, grad_loss: None
2022-05-03 19:58:26,982 DEBUG epoch: 284, train_acc: 100.0, val_acc: 13.4, fidel_score: 13.54, acc_loss: 0.00045213648227218075, grad_loss: None
2022-05-03 19:58:28,855 DEBUG epoch: 285, train_acc: 100.0, val_acc: 13.58, fidel_score: 13.7, acc_loss: 0.000562397824251093, grad_loss: None
2022-05-03 19:58:30,713 DEBUG epoch: 286, train_acc: 100.0, val_acc: 13.79, fidel_score: 13.79, acc_loss: 0.0005659778122208081, grad_loss: None
2022-05-03 19:58:32,570 DEBUG epoch: 287, train_acc: 100.0, val_acc: 13.34, fidel_score: 13.47, acc_loss: 0.0005162859371921514, grad_loss: None
2022-05-03 19:58:34,428 DEBUG epoch: 288, train_acc: 100.0, val_acc: 13.36, fidel_score: 13.41, acc_loss: 0.00047155734937405215, grad_loss: None
2022-05-03 19:58:36,299 DEBUG epoch: 289, train_acc: 100.0, val_acc: 13.78, fidel_score: 13.84, acc_loss: 0.0004412377322296379, grad_loss: None
2022-05-03 19:58:38,153 DEBUG epoch: 290, train_acc: 100.0, val_acc: 13.36, fidel_score: 13.59, acc_loss: 0.0005331891858077143, grad_loss: None
2022-05-03 19:58:40,031 DEBUG epoch: 291, train_acc: 100.0, val_acc: 13.7, fidel_score: 13.84, acc_loss: 0.0008416840923018753, grad_loss: None
2022-05-03 19:58:41,903 DEBUG epoch: 292, train_acc: 100.0, val_acc: 13.62, fidel_score: 13.75, acc_loss: 0.0005590099244727753, grad_loss: None
2022-05-03 19:58:43,773 DEBUG epoch: 293, train_acc: 100.0, val_acc: 13.41, fidel_score: 13.49, acc_loss: 0.0006254233798244968, grad_loss: None
2022-05-03 19:58:45,644 DEBUG epoch: 294, train_acc: 100.0, val_acc: 13.7, fidel_score: 13.85, acc_loss: 0.0004466178037546342, grad_loss: None
2022-05-03 19:58:47,515 DEBUG epoch: 295, train_acc: 100.0, val_acc: 13.19, fidel_score: 13.36, acc_loss: 0.0006070820512832142, grad_loss: None
2022-05-03 19:58:49,380 DEBUG epoch: 296, train_acc: 100.0, val_acc: 13.62, fidel_score: 13.68, acc_loss: 0.0008210959196730983, grad_loss: None
2022-05-03 19:58:51,239 DEBUG epoch: 297, train_acc: 100.0, val_acc: 13.5, fidel_score: 13.65, acc_loss: 0.00048187191132456066, grad_loss: None
2022-05-03 19:58:53,107 DEBUG epoch: 298, train_acc: 100.0, val_acc: 13.54, fidel_score: 13.81, acc_loss: 0.0004921571868180763, grad_loss: None
2022-05-03 19:58:54,994 DEBUG epoch: 299, train_acc: 100.0, val_acc: 13.78, fidel_score: 13.94, acc_loss: 0.000572961521538673, grad_loss: None
2022-05-03 19:58:56,888 DEBUG epoch: 300, train_acc: 100.0, val_acc: 13.46, fidel_score: 13.64, acc_loss: 0.0007654328685021028, grad_loss: None
2022-05-03 19:58:56,889 DEBUG load best stealed model.
2022-05-03 19:58:56,889 DEBUG Best perform model, val_acc: 14.12, fidel_score: 14.24, acc_loss: 0.000710395254282048
2022-05-03 19:58:56,890 DEBUG load cloest stealed model.
2022-05-03 19:58:56,890 DEBUG Closest perform model, val_acc: 14.12, fidel_score: 14.24, acc_loss: 0.000710395254282048
