2022-05-01 23:06:27,209 DEBUG Namespace(arch='resnet20', cutlayer=4, batch_size=128, filename='ace_V2_epoch_resnet20_cutlayer_4_client_1_seed125_dataset_cifar10_lr_0.05_200epoch', folder='saves/baseline', num_client=1, num_epochs='best', learning_rate=0.005, test_best=True, dataset='cifar10', random_seed=123, scheme='V2_epoch', bottleneck_option='None', regularization='None', regularization_strength=0.0, average_time=1, attack_client=0, attack_epochs=300, num_query=1, surrogate_arch='same', attack_style='TrainME_option', data_proportion=0.02, noniid_ratio=1.0, train_clas_layer=4.0)
2022-05-01 23:06:35,914 DEBUG Test (client-0):	Loss 0.1454 (0.2544)	Prec@1 93.750 (92.390)
2022-05-01 23:06:35,915 DEBUG  * Prec@1 92.390
2022-05-01 23:06:35,947 DEBUG 20
2022-05-01 23:06:35,947 DEBUG surrogate parameter has 20 trainable parameters!
2022-05-01 23:06:40,478 DEBUG epoch: 0, val_acc: 10.0, val_fidelity: 9.88
2022-05-01 23:06:42,738 DEBUG epoch: 1, train_acc: 10.64453125, val_acc: 19.62, fidel_score: 19.83, acc_loss: 2.8145880103111267, grad_loss: None
2022-05-01 23:06:45,073 DEBUG epoch: 2, train_acc: 24.849759578704834, val_acc: 30.3, fidel_score: 30.39, acc_loss: 2.189250200986862, grad_loss: None
2022-05-01 23:06:47,618 DEBUG epoch: 3, train_acc: 36.4633412361145, val_acc: 43.85, fidel_score: 44.45, acc_loss: 1.9328832030296326, grad_loss: None
2022-05-01 23:06:50,246 DEBUG epoch: 4, train_acc: 44.78665828704834, val_acc: 46.69, fidel_score: 47.19, acc_loss: 1.5949587374925613, grad_loss: None
2022-05-01 23:06:52,934 DEBUG epoch: 5, train_acc: 49.984975814819336, val_acc: 52.18, fidel_score: 52.72, acc_loss: 1.3998877257108688, grad_loss: None
2022-05-01 23:06:55,370 DEBUG epoch: 6, train_acc: 55.13070869445801, val_acc: 56.45, fidel_score: 57.2, acc_loss: 1.299979105591774, grad_loss: None
2022-05-01 23:06:57,854 DEBUG epoch: 7, train_acc: 57.504507064819336, val_acc: 58.46, fidel_score: 59.24, acc_loss: 1.1952287703752518, grad_loss: None
2022-05-01 23:07:00,285 DEBUG epoch: 8, train_acc: 61.47836494445801, val_acc: 60.45, fidel_score: 61.22, acc_loss: 1.1065811514854431, grad_loss: None
2022-05-01 23:07:02,654 DEBUG epoch: 9, train_acc: 65.21935081481934, val_acc: 61.89, fidel_score: 62.82, acc_loss: 1.023270808160305, grad_loss: None
2022-05-01 23:07:04,880 DEBUG epoch: 10, train_acc: 66.80438709259033, val_acc: 63.34, fidel_score: 64.41, acc_loss: 0.9960204735398293, grad_loss: None
2022-05-01 23:07:07,054 DEBUG epoch: 11, train_acc: 65.9555287361145, val_acc: 64.06, fidel_score: 65.27, acc_loss: 0.9617016837000847, grad_loss: None
2022-05-01 23:07:09,485 DEBUG epoch: 12, train_acc: 69.00540828704834, val_acc: 64.65, fidel_score: 65.96, acc_loss: 0.9128470495343208, grad_loss: None
2022-05-01 23:07:11,760 DEBUG epoch: 13, train_acc: 70.61298084259033, val_acc: 65.52, fidel_score: 66.73, acc_loss: 0.8694034889340401, grad_loss: None
2022-05-01 23:07:14,329 DEBUG epoch: 14, train_acc: 73.54266834259033, val_acc: 66.45, fidel_score: 67.56, acc_loss: 0.7976838201284409, grad_loss: None
2022-05-01 23:07:16,726 DEBUG epoch: 15, train_acc: 72.64873790740967, val_acc: 67.05, fidel_score: 68.11, acc_loss: 0.8105612099170685, grad_loss: None
2022-05-01 23:07:19,178 DEBUG epoch: 16, train_acc: 73.67788410186768, val_acc: 67.27, fidel_score: 68.64, acc_loss: 0.7798458486795425, grad_loss: None
2022-05-01 23:07:21,690 DEBUG epoch: 17, train_acc: 73.121994972229, val_acc: 68.38, fidel_score: 69.51, acc_loss: 0.7836729809641838, grad_loss: None
2022-05-01 23:07:24,426 DEBUG epoch: 18, train_acc: 76.26953125, val_acc: 68.56, fidel_score: 69.69, acc_loss: 0.7028642892837524, grad_loss: None
2022-05-01 23:07:27,127 DEBUG epoch: 19, train_acc: 74.57181453704834, val_acc: 69.21, fidel_score: 70.32, acc_loss: 0.7239239364862442, grad_loss: None
2022-05-01 23:07:29,514 DEBUG epoch: 20, train_acc: 75.92397785186768, val_acc: 69.09, fidel_score: 70.18, acc_loss: 0.702756829559803, grad_loss: None
2022-05-01 23:07:31,797 DEBUG epoch: 21, train_acc: 78.01983165740967, val_acc: 69.16, fidel_score: 70.47, acc_loss: 0.655655711889267, grad_loss: None
2022-05-01 23:07:34,203 DEBUG epoch: 22, train_acc: 76.18689918518066, val_acc: 69.9, fidel_score: 71.07, acc_loss: 0.648488000035286, grad_loss: None
2022-05-01 23:07:36,530 DEBUG epoch: 23, train_acc: 77.64423084259033, val_acc: 70.47, fidel_score: 71.6, acc_loss: 0.6448420733213425, grad_loss: None
2022-05-01 23:07:39,083 DEBUG epoch: 24, train_acc: 79.79266834259033, val_acc: 70.88, fidel_score: 72.0, acc_loss: 0.5893759429454803, grad_loss: None
2022-05-01 23:07:41,327 DEBUG epoch: 25, train_acc: 82.11388206481934, val_acc: 71.02, fidel_score: 72.25, acc_loss: 0.5926009565591812, grad_loss: None
2022-05-01 23:07:43,812 DEBUG epoch: 26, train_acc: 81.88852119445801, val_acc: 71.0, fidel_score: 72.28, acc_loss: 0.5527259409427643, grad_loss: None
2022-05-01 23:07:46,270 DEBUG epoch: 27, train_acc: 79.72505950927734, val_acc: 71.69, fidel_score: 72.73, acc_loss: 0.5860055536031723, grad_loss: None
2022-05-01 23:07:48,599 DEBUG epoch: 28, train_acc: 81.57301616668701, val_acc: 71.75, fidel_score: 72.86, acc_loss: 0.5561933480203152, grad_loss: None
2022-05-01 23:07:50,957 DEBUG epoch: 29, train_acc: 82.75240325927734, val_acc: 72.08, fidel_score: 73.2, acc_loss: 0.5077216476202011, grad_loss: None
2022-05-01 23:07:53,561 DEBUG epoch: 30, train_acc: 83.60126209259033, val_acc: 71.97, fidel_score: 73.23, acc_loss: 0.5108886547386646, grad_loss: None
2022-05-01 23:07:56,896 DEBUG epoch: 31, train_acc: 82.87259578704834, val_acc: 72.12, fidel_score: 73.22, acc_loss: 0.5007534436881542, grad_loss: None
2022-05-01 23:07:59,433 DEBUG epoch: 32, train_acc: 84.05198287963867, val_acc: 72.08, fidel_score: 73.26, acc_loss: 0.49058161303400993, grad_loss: None
2022-05-01 23:08:02,239 DEBUG epoch: 33, train_acc: 81.65564918518066, val_acc: 72.87, fidel_score: 73.92, acc_loss: 0.5291891917586327, grad_loss: None
2022-05-01 23:08:04,746 DEBUG epoch: 34, train_acc: 85.44921875, val_acc: 72.6, fidel_score: 73.5, acc_loss: 0.46264537051320076, grad_loss: None
2022-05-01 23:08:07,986 DEBUG epoch: 35, train_acc: 85.426682472229, val_acc: 72.78, fidel_score: 73.75, acc_loss: 0.4300760105252266, grad_loss: None
2022-05-01 23:08:11,227 DEBUG epoch: 36, train_acc: 83.45102119445801, val_acc: 72.53, fidel_score: 73.63, acc_loss: 0.4736931212246418, grad_loss: None
2022-05-01 23:08:14,130 DEBUG epoch: 37, train_acc: 86.48587703704834, val_acc: 73.15, fidel_score: 74.12, acc_loss: 0.4293556585907936, grad_loss: None
2022-05-01 23:08:16,659 DEBUG epoch: 38, train_acc: 86.28305244445801, val_acc: 72.95, fidel_score: 74.11, acc_loss: 0.41517744585871696, grad_loss: None
2022-05-01 23:08:19,291 DEBUG epoch: 39, train_acc: 88.73948287963867, val_acc: 73.02, fidel_score: 74.06, acc_loss: 0.3777786623686552, grad_loss: None
2022-05-01 23:08:21,915 DEBUG epoch: 40, train_acc: 86.88401412963867, val_acc: 73.49, fidel_score: 74.7, acc_loss: 0.3921716585755348, grad_loss: None
2022-05-01 23:08:24,505 DEBUG epoch: 41, train_acc: 88.0859375, val_acc: 73.73, fidel_score: 74.79, acc_loss: 0.3679118789732456, grad_loss: None
2022-05-01 23:08:26,994 DEBUG epoch: 42, train_acc: 88.82211494445801, val_acc: 73.33, fidel_score: 74.28, acc_loss: 0.3702233135700226, grad_loss: None
2022-05-01 23:08:29,463 DEBUG epoch: 43, train_acc: 88.4765625, val_acc: 72.84, fidel_score: 73.81, acc_loss: 0.3592576254159212, grad_loss: None
2022-05-01 23:08:31,966 DEBUG epoch: 44, train_acc: 88.85967540740967, val_acc: 72.74, fidel_score: 73.87, acc_loss: 0.3312164731323719, grad_loss: None
2022-05-01 23:08:34,620 DEBUG epoch: 45, train_acc: 89.42307662963867, val_acc: 73.6, fidel_score: 74.68, acc_loss: 0.3281747568398714, grad_loss: None
2022-05-01 23:08:38,045 DEBUG epoch: 46, train_acc: 89.81370162963867, val_acc: 73.97, fidel_score: 75.19, acc_loss: 0.30877995677292347, grad_loss: None
2022-05-01 23:08:40,225 DEBUG epoch: 47, train_acc: 91.15835285186768, val_acc: 73.9, fidel_score: 74.65, acc_loss: 0.2832649815827608, grad_loss: None
2022-05-01 23:08:42,497 DEBUG epoch: 48, train_acc: 89.00991535186768, val_acc: 73.61, fidel_score: 74.49, acc_loss: 0.3507295697927475, grad_loss: None
2022-05-01 23:08:44,811 DEBUG epoch: 49, train_acc: 88.65685081481934, val_acc: 73.54, fidel_score: 74.52, acc_loss: 0.3167333398014307, grad_loss: None
2022-05-01 23:08:47,292 DEBUG epoch: 50, train_acc: 92.36778831481934, val_acc: 73.53, fidel_score: 74.38, acc_loss: 0.2710391841828823, grad_loss: None
2022-05-01 23:08:49,889 DEBUG epoch: 51, train_acc: 90.34705543518066, val_acc: 73.86, fidel_score: 74.94, acc_loss: 0.3020275328308344, grad_loss: None
2022-05-01 23:08:52,411 DEBUG epoch: 52, train_acc: 90.58743953704834, val_acc: 73.83, fidel_score: 74.86, acc_loss: 0.29952098801732063, grad_loss: None
2022-05-01 23:08:55,058 DEBUG epoch: 53, train_acc: 91.39873790740967, val_acc: 73.74, fidel_score: 75.0, acc_loss: 0.2986314706504345, grad_loss: None
2022-05-01 23:08:57,566 DEBUG epoch: 54, train_acc: 91.88701915740967, val_acc: 74.32, fidel_score: 75.27, acc_loss: 0.26152534037828445, grad_loss: None
2022-05-01 23:09:00,196 DEBUG epoch: 55, train_acc: 92.88611793518066, val_acc: 74.33, fidel_score: 75.22, acc_loss: 0.2466258779168129, grad_loss: None
2022-05-01 23:09:02,456 DEBUG epoch: 56, train_acc: 92.12740325927734, val_acc: 73.53, fidel_score: 74.31, acc_loss: 0.255768658593297, grad_loss: None
2022-05-01 23:09:04,791 DEBUG epoch: 57, train_acc: 90.59495162963867, val_acc: 74.35, fidel_score: 75.33, acc_loss: 0.30055034533143044, grad_loss: None
2022-05-01 23:09:07,231 DEBUG epoch: 58, train_acc: 91.12079334259033, val_acc: 74.88, fidel_score: 75.79, acc_loss: 0.26661577820777893, grad_loss: None
2022-05-01 23:09:09,743 DEBUG epoch: 59, train_acc: 92.20252418518066, val_acc: 74.6, fidel_score: 75.64, acc_loss: 0.24869527481496334, grad_loss: None
2022-05-01 23:09:12,222 DEBUG epoch: 60, train_acc: 94.95192241668701, val_acc: 74.5, fidel_score: 75.62, acc_loss: 0.17878608591854572, grad_loss: None
2022-05-01 23:09:14,650 DEBUG epoch: 61, train_acc: 93.62229537963867, val_acc: 74.6, fidel_score: 75.63, acc_loss: 0.23532730713486671, grad_loss: None
2022-05-01 23:09:17,163 DEBUG epoch: 62, train_acc: 94.76412200927734, val_acc: 74.7, fidel_score: 75.77, acc_loss: 0.19534067995846272, grad_loss: None
2022-05-01 23:09:20,651 DEBUG epoch: 63, train_acc: 95.61298084259033, val_acc: 74.9, fidel_score: 76.01, acc_loss: 0.18151535093784332, grad_loss: None
2022-05-01 23:09:23,060 DEBUG epoch: 64, train_acc: 94.32091331481934, val_acc: 75.06, fidel_score: 76.14, acc_loss: 0.20441571064293385, grad_loss: None
2022-05-01 23:09:25,490 DEBUG epoch: 65, train_acc: 94.54627418518066, val_acc: 74.97, fidel_score: 76.14, acc_loss: 0.20681703090667725, grad_loss: None
2022-05-01 23:09:28,034 DEBUG epoch: 66, train_acc: 95.88341331481934, val_acc: 74.83, fidel_score: 76.03, acc_loss: 0.17490695044398308, grad_loss: None
2022-05-01 23:09:30,330 DEBUG epoch: 67, train_acc: 93.28425407409668, val_acc: 74.93, fidel_score: 76.03, acc_loss: 0.23358460795134306, grad_loss: None
2022-05-01 23:09:32,964 DEBUG epoch: 68, train_acc: 96.19891834259033, val_acc: 74.88, fidel_score: 76.07, acc_loss: 0.16955509781837463, grad_loss: None
2022-05-01 23:09:35,733 DEBUG epoch: 69, train_acc: 95.40264415740967, val_acc: 74.85, fidel_score: 75.97, acc_loss: 0.1812487654387951, grad_loss: None
2022-05-01 23:09:38,350 DEBUG epoch: 70, train_acc: 95.86087703704834, val_acc: 74.82, fidel_score: 75.88, acc_loss: 0.1648235134780407, grad_loss: None
2022-05-01 23:09:41,118 DEBUG epoch: 71, train_acc: 94.63641834259033, val_acc: 74.81, fidel_score: 75.9, acc_loss: 0.20989642199128866, grad_loss: None
2022-05-01 23:09:43,878 DEBUG epoch: 72, train_acc: 93.78004741668701, val_acc: 74.75, fidel_score: 75.92, acc_loss: 0.20644130185246468, grad_loss: None
2022-05-01 23:09:46,984 DEBUG epoch: 73, train_acc: 95.95853328704834, val_acc: 74.87, fidel_score: 75.95, acc_loss: 0.1887036506086588, grad_loss: None
2022-05-01 23:09:49,407 DEBUG epoch: 74, train_acc: 95.63551616668701, val_acc: 75.08, fidel_score: 76.1, acc_loss: 0.17086053267121315, grad_loss: None
2022-05-01 23:09:51,738 DEBUG epoch: 75, train_acc: 95.86087703704834, val_acc: 75.14, fidel_score: 76.15, acc_loss: 0.1642160164192319, grad_loss: None
2022-05-01 23:09:54,261 DEBUG epoch: 76, train_acc: 94.49368953704834, val_acc: 74.86, fidel_score: 75.93, acc_loss: 0.19713701400905848, grad_loss: None
2022-05-01 23:09:56,777 DEBUG epoch: 77, train_acc: 96.88251209259033, val_acc: 74.83, fidel_score: 75.97, acc_loss: 0.15258016623556614, grad_loss: None
2022-05-01 23:09:59,137 DEBUG epoch: 78, train_acc: 94.29837703704834, val_acc: 74.75, fidel_score: 75.84, acc_loss: 0.19999642297625542, grad_loss: None
2022-05-01 23:10:01,382 DEBUG epoch: 79, train_acc: 95.29747581481934, val_acc: 74.75, fidel_score: 75.93, acc_loss: 0.18355134688317776, grad_loss: None
2022-05-01 23:10:03,659 DEBUG epoch: 80, train_acc: 96.19140625, val_acc: 74.94, fidel_score: 76.02, acc_loss: 0.16368126776069403, grad_loss: None
2022-05-01 23:10:06,144 DEBUG epoch: 81, train_acc: 94.00540828704834, val_acc: 74.87, fidel_score: 75.95, acc_loss: 0.2091233991086483, grad_loss: None
2022-05-01 23:10:08,538 DEBUG epoch: 82, train_acc: 94.71153831481934, val_acc: 74.77, fidel_score: 75.81, acc_loss: 0.20272390358150005, grad_loss: None
2022-05-01 23:10:11,167 DEBUG epoch: 83, train_acc: 96.484375, val_acc: 75.07, fidel_score: 76.1, acc_loss: 0.1528042508289218, grad_loss: None
2022-05-01 23:10:13,467 DEBUG epoch: 84, train_acc: 96.24398994445801, val_acc: 75.15, fidel_score: 76.23, acc_loss: 0.15207287017256021, grad_loss: None
2022-05-01 23:10:15,866 DEBUG epoch: 85, train_acc: 94.58383369445801, val_acc: 75.03, fidel_score: 76.22, acc_loss: 0.20394507981836796, grad_loss: None
2022-05-01 23:10:18,342 DEBUG epoch: 86, train_acc: 95.68810081481934, val_acc: 74.68, fidel_score: 75.86, acc_loss: 0.16365077160298824, grad_loss: None
2022-05-01 23:10:20,831 DEBUG epoch: 87, train_acc: 96.22145366668701, val_acc: 74.79, fidel_score: 75.9, acc_loss: 0.169511160813272, grad_loss: None
2022-05-01 23:10:23,274 DEBUG epoch: 88, train_acc: 95.42518043518066, val_acc: 74.74, fidel_score: 75.82, acc_loss: 0.18194616120308638, grad_loss: None
2022-05-01 23:10:25,753 DEBUG epoch: 89, train_acc: 96.15384578704834, val_acc: 74.63, fidel_score: 75.74, acc_loss: 0.16758714616298676, grad_loss: None
2022-05-01 23:10:28,519 DEBUG epoch: 90, train_acc: 98.17457866668701, val_acc: 74.95, fidel_score: 76.11, acc_loss: 0.11257177498191595, grad_loss: None
2022-05-01 23:10:31,195 DEBUG epoch: 91, train_acc: 95.18479537963867, val_acc: 75.0, fidel_score: 76.19, acc_loss: 0.16839926410466433, grad_loss: None
2022-05-01 23:10:34,021 DEBUG epoch: 92, train_acc: 95.08713912963867, val_acc: 74.6, fidel_score: 75.79, acc_loss: 0.1882295487448573, grad_loss: None
2022-05-01 23:10:36,569 DEBUG epoch: 93, train_acc: 95.24489116668701, val_acc: 74.66, fidel_score: 75.84, acc_loss: 0.17295790184289217, grad_loss: None
2022-05-01 23:10:39,119 DEBUG epoch: 94, train_acc: 97.65625, val_acc: 74.72, fidel_score: 75.85, acc_loss: 0.12176376488059759, grad_loss: None
2022-05-01 23:10:42,565 DEBUG epoch: 95, train_acc: 97.61117744445801, val_acc: 74.8, fidel_score: 75.96, acc_loss: 0.11638571694493294, grad_loss: None
2022-05-01 23:10:45,014 DEBUG epoch: 96, train_acc: 96.49188709259033, val_acc: 74.97, fidel_score: 75.94, acc_loss: 0.15355433616787195, grad_loss: None
2022-05-01 23:10:47,363 DEBUG epoch: 97, train_acc: 97.243088722229, val_acc: 74.89, fidel_score: 75.83, acc_loss: 0.141435950063169, grad_loss: None
2022-05-01 23:10:49,769 DEBUG epoch: 98, train_acc: 96.95763206481934, val_acc: 74.94, fidel_score: 76.0, acc_loss: 0.14330801367759705, grad_loss: None
2022-05-01 23:10:52,716 DEBUG epoch: 99, train_acc: 96.78485584259033, val_acc: 74.76, fidel_score: 75.85, acc_loss: 0.14983608853071928, grad_loss: None
2022-05-01 23:10:55,612 DEBUG epoch: 100, train_acc: 97.70883369445801, val_acc: 74.81, fidel_score: 75.92, acc_loss: 0.12184099201112986, grad_loss: None
2022-05-01 23:10:58,212 DEBUG epoch: 101, train_acc: 96.66466331481934, val_acc: 74.92, fidel_score: 75.97, acc_loss: 0.14078836049884558, grad_loss: None
2022-05-01 23:11:01,715 DEBUG epoch: 102, train_acc: 97.829026222229, val_acc: 75.07, fidel_score: 76.06, acc_loss: 0.12568075582385063, grad_loss: None
2022-05-01 23:11:04,453 DEBUG epoch: 103, train_acc: 96.04867744445801, val_acc: 75.02, fidel_score: 76.18, acc_loss: 0.14892817474901676, grad_loss: None
2022-05-01 23:11:06,801 DEBUG epoch: 104, train_acc: 95.17728328704834, val_acc: 75.07, fidel_score: 76.18, acc_loss: 0.1830035950988531, grad_loss: None
2022-05-01 23:11:09,138 DEBUG epoch: 105, train_acc: 97.70883369445801, val_acc: 75.15, fidel_score: 76.18, acc_loss: 0.1228869752958417, grad_loss: None
2022-05-01 23:11:11,709 DEBUG epoch: 106, train_acc: 96.64963912963867, val_acc: 75.0, fidel_score: 75.99, acc_loss: 0.1378866108134389, grad_loss: None
2022-05-01 23:11:14,533 DEBUG epoch: 107, train_acc: 95.703125, val_acc: 74.75, fidel_score: 75.84, acc_loss: 0.16457530483603477, grad_loss: None
2022-05-01 23:11:17,540 DEBUG epoch: 108, train_acc: 97.340744972229, val_acc: 74.85, fidel_score: 75.93, acc_loss: 0.12057393882423639, grad_loss: None
2022-05-01 23:11:20,071 DEBUG epoch: 109, train_acc: 95.973557472229, val_acc: 74.82, fidel_score: 75.86, acc_loss: 0.1556171514093876, grad_loss: None
2022-05-01 23:11:22,648 DEBUG epoch: 110, train_acc: 98.53515625, val_acc: 74.88, fidel_score: 75.97, acc_loss: 0.10857794154435396, grad_loss: None
2022-05-01 23:11:25,109 DEBUG epoch: 111, train_acc: 97.536057472229, val_acc: 74.97, fidel_score: 76.05, acc_loss: 0.13864597491919994, grad_loss: None
2022-05-01 23:11:27,651 DEBUG epoch: 112, train_acc: 96.01111793518066, val_acc: 74.79, fidel_score: 75.98, acc_loss: 0.15515912882983685, grad_loss: None
2022-05-01 23:11:30,294 DEBUG epoch: 113, train_acc: 96.950119972229, val_acc: 74.84, fidel_score: 76.05, acc_loss: 0.13354397285729647, grad_loss: None
2022-05-01 23:11:32,732 DEBUG epoch: 114, train_acc: 95.49278831481934, val_acc: 74.8, fidel_score: 75.92, acc_loss: 0.16962719894945621, grad_loss: None
2022-05-01 23:11:35,072 DEBUG epoch: 115, train_acc: 96.40174293518066, val_acc: 74.85, fidel_score: 75.9, acc_loss: 0.14435472339391708, grad_loss: None
2022-05-01 23:11:37,419 DEBUG epoch: 116, train_acc: 96.82992744445801, val_acc: 74.74, fidel_score: 75.88, acc_loss: 0.1409519650042057, grad_loss: None
2022-05-01 23:11:39,914 DEBUG epoch: 117, train_acc: 96.70973491668701, val_acc: 74.95, fidel_score: 76.07, acc_loss: 0.1358153223991394, grad_loss: None
2022-05-01 23:11:42,380 DEBUG epoch: 118, train_acc: 94.63641834259033, val_acc: 74.95, fidel_score: 75.92, acc_loss: 0.17831832449883223, grad_loss: None
2022-05-01 23:11:44,580 DEBUG epoch: 119, train_acc: 96.950119972229, val_acc: 74.77, fidel_score: 75.75, acc_loss: 0.13243659678846598, grad_loss: None
2022-05-01 23:11:47,040 DEBUG epoch: 120, train_acc: 96.80739116668701, val_acc: 74.89, fidel_score: 75.84, acc_loss: 0.13319989014416933, grad_loss: None
2022-05-01 23:11:49,412 DEBUG epoch: 121, train_acc: 97.0703125, val_acc: 74.98, fidel_score: 75.98, acc_loss: 0.12609727308154106, grad_loss: None
2022-05-01 23:11:51,933 DEBUG epoch: 122, train_acc: 97.45342540740967, val_acc: 75.16, fidel_score: 76.26, acc_loss: 0.12183257518336177, grad_loss: None
2022-05-01 23:11:54,353 DEBUG epoch: 123, train_acc: 97.536057472229, val_acc: 75.07, fidel_score: 76.24, acc_loss: 0.11202168837189674, grad_loss: None
2022-05-01 23:11:56,575 DEBUG epoch: 124, train_acc: 98.29477119445801, val_acc: 75.11, fidel_score: 76.2, acc_loss: 0.09238221775740385, grad_loss: None
2022-05-01 23:11:58,933 DEBUG epoch: 125, train_acc: 96.559494972229, val_acc: 75.07, fidel_score: 76.18, acc_loss: 0.13493756484240294, grad_loss: None
2022-05-01 23:12:01,637 DEBUG epoch: 126, train_acc: 95.81580543518066, val_acc: 75.12, fidel_score: 76.25, acc_loss: 0.15819795615971088, grad_loss: None
2022-05-01 23:12:04,855 DEBUG epoch: 127, train_acc: 96.85997581481934, val_acc: 74.82, fidel_score: 75.91, acc_loss: 0.1145512331277132, grad_loss: None
2022-05-01 23:12:08,324 DEBUG epoch: 128, train_acc: 97.34825706481934, val_acc: 74.99, fidel_score: 76.08, acc_loss: 0.11533609498292208, grad_loss: None
2022-05-01 23:12:11,247 DEBUG epoch: 129, train_acc: 96.92758369445801, val_acc: 74.81, fidel_score: 75.88, acc_loss: 0.12936348095536232, grad_loss: None
2022-05-01 23:12:14,185 DEBUG epoch: 130, train_acc: 97.54356956481934, val_acc: 74.86, fidel_score: 75.98, acc_loss: 0.12374735157936811, grad_loss: None
2022-05-01 23:12:17,065 DEBUG epoch: 131, train_acc: 96.22145366668701, val_acc: 74.69, fidel_score: 75.92, acc_loss: 0.13574958965182304, grad_loss: None
2022-05-01 23:12:19,786 DEBUG epoch: 132, train_acc: 94.46364116668701, val_acc: 75.01, fidel_score: 76.18, acc_loss: 0.18499434739351273, grad_loss: None
2022-05-01 23:12:22,560 DEBUG epoch: 133, train_acc: 97.17548084259033, val_acc: 74.73, fidel_score: 75.87, acc_loss: 0.1350506655871868, grad_loss: None
2022-05-01 23:12:25,468 DEBUG epoch: 134, train_acc: 96.34164619445801, val_acc: 74.58, fidel_score: 75.66, acc_loss: 0.1316822050139308, grad_loss: None
2022-05-01 23:12:28,031 DEBUG epoch: 135, train_acc: 96.38671875, val_acc: 74.96, fidel_score: 76.11, acc_loss: 0.13424346968531609, grad_loss: None
2022-05-01 23:12:30,460 DEBUG epoch: 136, train_acc: 98.17457866668701, val_acc: 74.78, fidel_score: 75.91, acc_loss: 0.10211601573973894, grad_loss: None
2022-05-01 23:12:32,815 DEBUG epoch: 137, train_acc: 96.657151222229, val_acc: 74.51, fidel_score: 75.68, acc_loss: 0.13318084180355072, grad_loss: None
2022-05-01 23:12:35,223 DEBUG epoch: 138, train_acc: 96.461838722229, val_acc: 74.28, fidel_score: 75.38, acc_loss: 0.12583544477820396, grad_loss: None
2022-05-01 23:12:37,622 DEBUG epoch: 139, train_acc: 97.42337703704834, val_acc: 74.64, fidel_score: 75.79, acc_loss: 0.10341160651296377, grad_loss: None
2022-05-01 23:12:39,901 DEBUG epoch: 140, train_acc: 96.43930244445801, val_acc: 74.74, fidel_score: 75.85, acc_loss: 0.13514044182375073, grad_loss: None
2022-05-01 23:12:42,559 DEBUG epoch: 141, train_acc: 96.657151222229, val_acc: 74.66, fidel_score: 75.83, acc_loss: 0.13068283535540104, grad_loss: None
2022-05-01 23:12:44,918 DEBUG epoch: 142, train_acc: 96.82992744445801, val_acc: 74.72, fidel_score: 75.93, acc_loss: 0.1321167852729559, grad_loss: None
2022-05-01 23:12:47,314 DEBUG epoch: 143, train_acc: 96.754807472229, val_acc: 74.84, fidel_score: 76.07, acc_loss: 0.12187547143548727, grad_loss: None
2022-05-01 23:12:50,047 DEBUG epoch: 144, train_acc: 96.51442241668701, val_acc: 74.76, fidel_score: 75.92, acc_loss: 0.12841902393847704, grad_loss: None
2022-05-01 23:12:52,541 DEBUG epoch: 145, train_acc: 98.07692241668701, val_acc: 74.83, fidel_score: 76.04, acc_loss: 0.09809451596811414, grad_loss: None
2022-05-01 23:12:54,904 DEBUG epoch: 146, train_acc: 97.07782459259033, val_acc: 74.76, fidel_score: 75.94, acc_loss: 0.13050442188978195, grad_loss: None
2022-05-01 23:12:57,361 DEBUG epoch: 147, train_acc: 96.461838722229, val_acc: 74.57, fidel_score: 75.65, acc_loss: 0.12815093249082565, grad_loss: None
2022-05-01 23:12:59,822 DEBUG epoch: 148, train_acc: 95.14723491668701, val_acc: 74.59, fidel_score: 75.63, acc_loss: 0.16662519704550505, grad_loss: None
2022-05-01 23:13:02,090 DEBUG epoch: 149, train_acc: 97.29567241668701, val_acc: 74.67, fidel_score: 75.71, acc_loss: 0.12392069585621357, grad_loss: None
2022-05-01 23:13:04,643 DEBUG epoch: 150, train_acc: 98.414963722229, val_acc: 74.76, fidel_score: 75.78, acc_loss: 0.09586265869438648, grad_loss: None
2022-05-01 23:13:06,875 DEBUG epoch: 151, train_acc: 96.77734375, val_acc: 74.84, fidel_score: 75.84, acc_loss: 0.13378674164414406, grad_loss: None
2022-05-01 23:13:09,293 DEBUG epoch: 152, train_acc: 97.58864116668701, val_acc: 74.84, fidel_score: 75.91, acc_loss: 0.10431947465986013, grad_loss: None
2022-05-01 23:13:12,241 DEBUG epoch: 153, train_acc: 97.62620162963867, val_acc: 74.82, fidel_score: 75.91, acc_loss: 0.11095523461699486, grad_loss: None
2022-05-01 23:13:15,008 DEBUG epoch: 154, train_acc: 96.88251209259033, val_acc: 74.8, fidel_score: 75.89, acc_loss: 0.12187560927122831, grad_loss: None
2022-05-01 23:13:18,259 DEBUG epoch: 155, train_acc: 96.25150203704834, val_acc: 74.67, fidel_score: 75.8, acc_loss: 0.13184868963435292, grad_loss: None
2022-05-01 23:13:20,351 DEBUG epoch: 156, train_acc: 96.47686290740967, val_acc: 74.78, fidel_score: 75.93, acc_loss: 0.12456439808011055, grad_loss: None
2022-05-01 23:13:22,667 DEBUG epoch: 157, train_acc: 98.09945869445801, val_acc: 74.86, fidel_score: 75.97, acc_loss: 0.0885172919370234, grad_loss: None
2022-05-01 23:13:25,006 DEBUG epoch: 158, train_acc: 98.046875, val_acc: 74.97, fidel_score: 76.06, acc_loss: 0.10671473573893309, grad_loss: None
2022-05-01 23:13:27,585 DEBUG epoch: 159, train_acc: 96.14633369445801, val_acc: 74.86, fidel_score: 75.94, acc_loss: 0.15200737118721008, grad_loss: None
2022-05-01 23:13:30,166 DEBUG epoch: 160, train_acc: 96.950119972229, val_acc: 74.89, fidel_score: 75.97, acc_loss: 0.12103263242170215, grad_loss: None
2022-05-01 23:13:33,499 DEBUG epoch: 161, train_acc: 97.39332866668701, val_acc: 74.78, fidel_score: 75.87, acc_loss: 0.11669255373999476, grad_loss: None
2022-05-01 23:13:36,112 DEBUG epoch: 162, train_acc: 97.340744972229, val_acc: 74.79, fidel_score: 75.83, acc_loss: 0.1118910638615489, grad_loss: None
2022-05-01 23:13:38,857 DEBUG epoch: 163, train_acc: 97.49098491668701, val_acc: 74.84, fidel_score: 75.9, acc_loss: 0.1118065845221281, grad_loss: None
2022-05-01 23:13:41,407 DEBUG epoch: 164, train_acc: 96.49939918518066, val_acc: 74.78, fidel_score: 75.85, acc_loss: 0.14586353953927755, grad_loss: None
2022-05-01 23:13:44,131 DEBUG epoch: 165, train_acc: 97.36328125, val_acc: 74.78, fidel_score: 75.83, acc_loss: 0.11665000068023801, grad_loss: None
2022-05-01 23:13:46,674 DEBUG epoch: 166, train_acc: 98.121994972229, val_acc: 74.84, fidel_score: 75.93, acc_loss: 0.09743214631453156, grad_loss: None
2022-05-01 23:13:49,236 DEBUG epoch: 167, train_acc: 96.76231956481934, val_acc: 74.82, fidel_score: 75.93, acc_loss: 0.12186734843999147, grad_loss: None
2022-05-01 23:13:51,504 DEBUG epoch: 168, train_acc: 97.19801616668701, val_acc: 74.87, fidel_score: 75.93, acc_loss: 0.12176728527992964, grad_loss: None
2022-05-01 23:13:53,875 DEBUG epoch: 169, train_acc: 96.92758369445801, val_acc: 74.84, fidel_score: 75.97, acc_loss: 0.12163200974464417, grad_loss: None
2022-05-01 23:13:56,180 DEBUG epoch: 170, train_acc: 97.90414619445801, val_acc: 74.84, fidel_score: 75.95, acc_loss: 0.1085108183324337, grad_loss: None
2022-05-01 23:13:58,400 DEBUG epoch: 171, train_acc: 97.31820869445801, val_acc: 74.87, fidel_score: 75.99, acc_loss: 0.11098857037723064, grad_loss: None
2022-05-01 23:14:00,758 DEBUG epoch: 172, train_acc: 95.21484375, val_acc: 74.78, fidel_score: 75.94, acc_loss: 0.15929004084318876, grad_loss: None
2022-05-01 23:14:03,108 DEBUG epoch: 173, train_acc: 98.49008369445801, val_acc: 74.87, fidel_score: 76.01, acc_loss: 0.08676195843145251, grad_loss: None
2022-05-01 23:14:05,369 DEBUG epoch: 174, train_acc: 96.73227119445801, val_acc: 74.89, fidel_score: 75.97, acc_loss: 0.12405312992632389, grad_loss: None
2022-05-01 23:14:07,731 DEBUG epoch: 175, train_acc: 97.66376209259033, val_acc: 74.96, fidel_score: 76.04, acc_loss: 0.10349938459694386, grad_loss: None
2022-05-01 23:14:10,021 DEBUG epoch: 176, train_acc: 98.317307472229, val_acc: 75.04, fidel_score: 76.15, acc_loss: 0.10521397180855274, grad_loss: None
2022-05-01 23:14:12,347 DEBUG epoch: 177, train_acc: 97.54356956481934, val_acc: 74.96, fidel_score: 76.06, acc_loss: 0.12360092578455806, grad_loss: None
2022-05-01 23:14:14,536 DEBUG epoch: 178, train_acc: 98.414963722229, val_acc: 75.04, fidel_score: 76.14, acc_loss: 0.08917053369805217, grad_loss: None
2022-05-01 23:14:16,915 DEBUG epoch: 179, train_acc: 98.219651222229, val_acc: 74.83, fidel_score: 75.97, acc_loss: 0.10163173452019691, grad_loss: None
2022-05-01 23:14:19,220 DEBUG epoch: 180, train_acc: 97.37830543518066, val_acc: 74.91, fidel_score: 76.05, acc_loss: 0.09581490606069565, grad_loss: None
2022-05-01 23:14:21,652 DEBUG epoch: 181, train_acc: 97.8515625, val_acc: 74.87, fidel_score: 76.0, acc_loss: 0.09937056666240096, grad_loss: None
2022-05-01 23:14:23,939 DEBUG epoch: 182, train_acc: 96.58954334259033, val_acc: 74.88, fidel_score: 75.99, acc_loss: 0.1317061074078083, grad_loss: None
2022-05-01 23:14:26,349 DEBUG epoch: 183, train_acc: 97.08533668518066, val_acc: 74.83, fidel_score: 75.94, acc_loss: 0.11429629568010569, grad_loss: None
2022-05-01 23:14:28,642 DEBUG epoch: 184, train_acc: 99.07602119445801, val_acc: 74.76, fidel_score: 75.83, acc_loss: 0.07492434000596404, grad_loss: None
2022-05-01 23:14:31,166 DEBUG epoch: 185, train_acc: 97.80648994445801, val_acc: 74.88, fidel_score: 75.95, acc_loss: 0.10111762257292867, grad_loss: None
2022-05-01 23:14:33,791 DEBUG epoch: 186, train_acc: 96.73227119445801, val_acc: 74.92, fidel_score: 76.01, acc_loss: 0.10931860702112317, grad_loss: None
2022-05-01 23:14:36,260 DEBUG epoch: 187, train_acc: 96.93509578704834, val_acc: 75.01, fidel_score: 76.11, acc_loss: 0.12568797171115875, grad_loss: None
2022-05-01 23:14:38,669 DEBUG epoch: 188, train_acc: 98.68539619445801, val_acc: 75.0, fidel_score: 76.09, acc_loss: 0.09425885835662484, grad_loss: None
2022-05-01 23:14:40,992 DEBUG epoch: 189, train_acc: 98.4375, val_acc: 74.96, fidel_score: 76.06, acc_loss: 0.09519052039831877, grad_loss: None
2022-05-01 23:14:43,335 DEBUG epoch: 190, train_acc: 98.58773994445801, val_acc: 75.03, fidel_score: 76.12, acc_loss: 0.08807579195126891, grad_loss: None
2022-05-01 23:14:45,667 DEBUG epoch: 191, train_acc: 98.73046875, val_acc: 75.03, fidel_score: 76.11, acc_loss: 0.07547690952196717, grad_loss: None
2022-05-01 23:14:47,926 DEBUG epoch: 192, train_acc: 96.88251209259033, val_acc: 74.98, fidel_score: 76.11, acc_loss: 0.12660853657871485, grad_loss: None
2022-05-01 23:14:50,175 DEBUG epoch: 193, train_acc: 98.39242744445801, val_acc: 74.96, fidel_score: 76.07, acc_loss: 0.10853019542992115, grad_loss: None
2022-05-01 23:14:53,224 DEBUG epoch: 194, train_acc: 97.85907459259033, val_acc: 74.95, fidel_score: 76.04, acc_loss: 0.10588280530646443, grad_loss: None
2022-05-01 23:14:56,261 DEBUG epoch: 195, train_acc: 97.36328125, val_acc: 74.92, fidel_score: 76.03, acc_loss: 0.11369426315650344, grad_loss: None
2022-05-01 23:14:58,936 DEBUG epoch: 196, train_acc: 97.97926616668701, val_acc: 74.93, fidel_score: 76.04, acc_loss: 0.10206048982217908, grad_loss: None
2022-05-01 23:15:01,490 DEBUG epoch: 197, train_acc: 98.024338722229, val_acc: 74.91, fidel_score: 76.02, acc_loss: 0.0966013497672975, grad_loss: None
2022-05-01 23:15:04,218 DEBUG epoch: 198, train_acc: 97.8515625, val_acc: 74.92, fidel_score: 76.02, acc_loss: 0.10139416297897696, grad_loss: None
2022-05-01 23:15:07,070 DEBUG epoch: 199, train_acc: 97.926682472229, val_acc: 74.9, fidel_score: 76.07, acc_loss: 0.10071357665583491, grad_loss: None
2022-05-01 23:15:09,468 DEBUG epoch: 200, train_acc: 97.80648994445801, val_acc: 74.96, fidel_score: 76.11, acc_loss: 0.10836117202416062, grad_loss: None
2022-05-01 23:15:11,786 DEBUG epoch: 201, train_acc: 98.828125, val_acc: 74.97, fidel_score: 76.1, acc_loss: 0.07066427543759346, grad_loss: None
2022-05-01 23:15:14,383 DEBUG epoch: 202, train_acc: 97.59615325927734, val_acc: 75.0, fidel_score: 76.1, acc_loss: 0.10914348345249891, grad_loss: None
2022-05-01 23:15:17,132 DEBUG epoch: 203, train_acc: 97.633713722229, val_acc: 74.99, fidel_score: 76.07, acc_loss: 0.10132813174277544, grad_loss: None
2022-05-01 23:15:19,843 DEBUG epoch: 204, train_acc: 97.10035991668701, val_acc: 74.97, fidel_score: 76.07, acc_loss: 0.11403412697836757, grad_loss: None
2022-05-01 23:15:22,468 DEBUG epoch: 205, train_acc: 97.633713722229, val_acc: 74.83, fidel_score: 75.92, acc_loss: 0.10354682756587863, grad_loss: None
2022-05-01 23:15:24,842 DEBUG epoch: 206, train_acc: 97.19801616668701, val_acc: 74.72, fidel_score: 75.81, acc_loss: 0.12380589731037617, grad_loss: None
2022-05-01 23:15:27,088 DEBUG epoch: 207, train_acc: 98.29477119445801, val_acc: 74.7, fidel_score: 75.77, acc_loss: 0.08856328018009663, grad_loss: None
2022-05-01 23:15:29,472 DEBUG epoch: 208, train_acc: 98.97836494445801, val_acc: 74.72, fidel_score: 75.83, acc_loss: 0.07410614099353552, grad_loss: None
2022-05-01 23:15:31,871 DEBUG epoch: 209, train_acc: 98.14453125, val_acc: 74.7, fidel_score: 75.81, acc_loss: 0.09456142084673047, grad_loss: None
2022-05-01 23:15:34,209 DEBUG epoch: 210, train_acc: 97.68629741668701, val_acc: 74.75, fidel_score: 75.84, acc_loss: 0.09903218830004334, grad_loss: None
2022-05-01 23:15:36,652 DEBUG epoch: 211, train_acc: 98.29477119445801, val_acc: 74.84, fidel_score: 75.94, acc_loss: 0.08790659299120307, grad_loss: None
2022-05-01 23:15:39,226 DEBUG epoch: 212, train_acc: 97.926682472229, val_acc: 74.86, fidel_score: 75.96, acc_loss: 0.10329489270225167, grad_loss: None
2022-05-01 23:15:41,952 DEBUG epoch: 213, train_acc: 96.950119972229, val_acc: 74.82, fidel_score: 75.95, acc_loss: 0.12455838266760111, grad_loss: None
2022-05-01 23:15:45,095 DEBUG epoch: 214, train_acc: 97.97926616668701, val_acc: 74.76, fidel_score: 75.87, acc_loss: 0.08943405514582992, grad_loss: None
2022-05-01 23:15:47,381 DEBUG epoch: 215, train_acc: 97.94921875, val_acc: 74.81, fidel_score: 75.95, acc_loss: 0.09175712382420897, grad_loss: None
2022-05-01 23:15:49,724 DEBUG epoch: 216, train_acc: 98.903244972229, val_acc: 74.83, fidel_score: 75.96, acc_loss: 0.07993832556530833, grad_loss: None
2022-05-01 23:15:52,102 DEBUG epoch: 217, train_acc: 98.34735584259033, val_acc: 74.8, fidel_score: 75.93, acc_loss: 0.090847740881145, grad_loss: None
2022-05-01 23:15:54,334 DEBUG epoch: 218, train_acc: 97.731369972229, val_acc: 74.76, fidel_score: 75.9, acc_loss: 0.11083324067294598, grad_loss: None
2022-05-01 23:15:56,704 DEBUG epoch: 219, train_acc: 98.707932472229, val_acc: 74.81, fidel_score: 75.9, acc_loss: 0.08026264188811183, grad_loss: None
2022-05-01 23:15:59,219 DEBUG epoch: 220, train_acc: 98.05438709259033, val_acc: 74.75, fidel_score: 75.84, acc_loss: 0.10758154653012753, grad_loss: None
2022-05-01 23:16:01,889 DEBUG epoch: 221, train_acc: 97.49098491668701, val_acc: 74.86, fidel_score: 75.94, acc_loss: 0.11194060556590557, grad_loss: None
2022-05-01 23:16:04,810 DEBUG epoch: 222, train_acc: 98.39242744445801, val_acc: 74.82, fidel_score: 75.92, acc_loss: 0.09335253201425076, grad_loss: None
2022-05-01 23:16:07,721 DEBUG epoch: 223, train_acc: 98.024338722229, val_acc: 74.91, fidel_score: 76.0, acc_loss: 0.09639259753748775, grad_loss: None
2022-05-01 23:16:10,186 DEBUG epoch: 224, train_acc: 98.121994972229, val_acc: 74.86, fidel_score: 75.97, acc_loss: 0.10740752145648003, grad_loss: None
2022-05-01 23:16:12,677 DEBUG epoch: 225, train_acc: 96.89002418518066, val_acc: 74.85, fidel_score: 75.98, acc_loss: 0.13480772823095322, grad_loss: None
2022-05-01 23:16:15,280 DEBUG epoch: 226, train_acc: 98.07692241668701, val_acc: 74.83, fidel_score: 75.94, acc_loss: 0.09648091346025467, grad_loss: None
2022-05-01 23:16:19,004 DEBUG epoch: 227, train_acc: 97.73888206481934, val_acc: 74.86, fidel_score: 75.95, acc_loss: 0.10395643906667829, grad_loss: None
2022-05-01 23:16:21,457 DEBUG epoch: 228, train_acc: 98.09945869445801, val_acc: 74.8, fidel_score: 75.93, acc_loss: 0.09348031831905246, grad_loss: None
2022-05-01 23:16:24,128 DEBUG epoch: 229, train_acc: 96.68719959259033, val_acc: 74.88, fidel_score: 75.97, acc_loss: 0.11855930555611849, grad_loss: None
2022-05-01 23:16:26,733 DEBUG epoch: 230, train_acc: 97.22055244445801, val_acc: 74.92, fidel_score: 76.0, acc_loss: 0.12486306764185429, grad_loss: None
2022-05-01 23:16:29,091 DEBUG epoch: 231, train_acc: 98.00180244445801, val_acc: 74.84, fidel_score: 75.94, acc_loss: 0.09070135373622179, grad_loss: None
2022-05-01 23:16:31,378 DEBUG epoch: 232, train_acc: 97.91165828704834, val_acc: 74.87, fidel_score: 75.98, acc_loss: 0.10055262735113502, grad_loss: None
2022-05-01 23:16:33,661 DEBUG epoch: 233, train_acc: 98.512619972229, val_acc: 74.99, fidel_score: 76.04, acc_loss: 0.08094791183248162, grad_loss: None
2022-05-01 23:16:35,977 DEBUG epoch: 234, train_acc: 97.17548084259033, val_acc: 74.97, fidel_score: 76.08, acc_loss: 0.12848288100212812, grad_loss: None
2022-05-01 23:16:38,346 DEBUG epoch: 235, train_acc: 97.265625, val_acc: 74.98, fidel_score: 76.06, acc_loss: 0.10763523261994123, grad_loss: None
2022-05-01 23:16:40,813 DEBUG epoch: 236, train_acc: 97.633713722229, val_acc: 74.91, fidel_score: 76.01, acc_loss: 0.11137469857931137, grad_loss: None
2022-05-01 23:16:43,073 DEBUG epoch: 237, train_acc: 97.22055244445801, val_acc: 74.92, fidel_score: 76.03, acc_loss: 0.11001751944422722, grad_loss: None
2022-05-01 23:16:45,441 DEBUG epoch: 238, train_acc: 97.32572078704834, val_acc: 74.89, fidel_score: 75.97, acc_loss: 0.11453208420425653, grad_loss: None
2022-05-01 23:16:48,010 DEBUG epoch: 239, train_acc: 98.414963722229, val_acc: 74.81, fidel_score: 75.9, acc_loss: 0.09765271376818419, grad_loss: None
2022-05-01 23:16:50,504 DEBUG epoch: 240, train_acc: 97.340744972229, val_acc: 74.78, fidel_score: 75.88, acc_loss: 0.11051368620246649, grad_loss: None
2022-05-01 23:16:53,217 DEBUG epoch: 241, train_acc: 98.219651222229, val_acc: 74.8, fidel_score: 75.9, acc_loss: 0.08563122898340225, grad_loss: None
2022-05-01 23:16:55,651 DEBUG epoch: 242, train_acc: 97.926682472229, val_acc: 74.78, fidel_score: 75.88, acc_loss: 0.09700600989162922, grad_loss: None
2022-05-01 23:16:58,262 DEBUG epoch: 243, train_acc: 98.83563709259033, val_acc: 74.84, fidel_score: 75.93, acc_loss: 0.09222063329070807, grad_loss: None
2022-05-01 23:17:00,603 DEBUG epoch: 244, train_acc: 97.39332866668701, val_acc: 74.83, fidel_score: 75.91, acc_loss: 0.12584945932030678, grad_loss: None
2022-05-01 23:17:02,877 DEBUG epoch: 245, train_acc: 97.31820869445801, val_acc: 74.8, fidel_score: 75.9, acc_loss: 0.1263201590627432, grad_loss: None
2022-05-01 23:17:05,198 DEBUG epoch: 246, train_acc: 97.4609375, val_acc: 74.79, fidel_score: 75.89, acc_loss: 0.11498288158327341, grad_loss: None
2022-05-01 23:17:07,581 DEBUG epoch: 247, train_acc: 97.90414619445801, val_acc: 74.84, fidel_score: 75.9, acc_loss: 0.10443923063576221, grad_loss: None
2022-05-01 23:17:10,013 DEBUG epoch: 248, train_acc: 97.42337703704834, val_acc: 74.85, fidel_score: 75.92, acc_loss: 0.12256692815572023, grad_loss: None
2022-05-01 23:17:12,429 DEBUG epoch: 249, train_acc: 97.10035991668701, val_acc: 74.87, fidel_score: 75.97, acc_loss: 0.11723484983667731, grad_loss: None
2022-05-01 23:17:14,825 DEBUG epoch: 250, train_acc: 98.00931453704834, val_acc: 74.89, fidel_score: 76.01, acc_loss: 0.10258211940526962, grad_loss: None
2022-05-01 23:17:17,151 DEBUG epoch: 251, train_acc: 97.46844959259033, val_acc: 74.87, fidel_score: 75.96, acc_loss: 0.11296172440052032, grad_loss: None
2022-05-01 23:17:19,590 DEBUG epoch: 252, train_acc: 97.06280040740967, val_acc: 74.89, fidel_score: 75.99, acc_loss: 0.11893617361783981, grad_loss: None
2022-05-01 23:17:21,995 DEBUG epoch: 253, train_acc: 97.73888206481934, val_acc: 74.88, fidel_score: 75.98, acc_loss: 0.1091490751132369, grad_loss: None
2022-05-01 23:17:24,323 DEBUG epoch: 254, train_acc: 98.56520366668701, val_acc: 74.89, fidel_score: 76.01, acc_loss: 0.08575359405949712, grad_loss: None
2022-05-01 23:17:26,712 DEBUG epoch: 255, train_acc: 97.41586494445801, val_acc: 74.87, fidel_score: 75.98, acc_loss: 0.12022553477436304, grad_loss: None
2022-05-01 23:17:28,882 DEBUG epoch: 256, train_acc: 96.950119972229, val_acc: 74.85, fidel_score: 75.97, acc_loss: 0.12489069532603025, grad_loss: None
2022-05-01 23:17:31,285 DEBUG epoch: 257, train_acc: 97.83653831481934, val_acc: 74.86, fidel_score: 75.98, acc_loss: 0.1025354815647006, grad_loss: None
2022-05-01 23:17:33,692 DEBUG epoch: 258, train_acc: 98.92578125, val_acc: 74.84, fidel_score: 75.99, acc_loss: 0.06649045599624515, grad_loss: None
2022-05-01 23:17:36,245 DEBUG epoch: 259, train_acc: 97.61117744445801, val_acc: 74.85, fidel_score: 75.98, acc_loss: 0.1065429481677711, grad_loss: None
2022-05-01 23:17:38,972 DEBUG epoch: 260, train_acc: 97.31820869445801, val_acc: 74.83, fidel_score: 75.95, acc_loss: 0.10400334699079394, grad_loss: None
2022-05-01 23:17:42,725 DEBUG epoch: 261, train_acc: 97.633713722229, val_acc: 74.84, fidel_score: 75.91, acc_loss: 0.11491768062114716, grad_loss: None
2022-05-01 23:17:45,371 DEBUG epoch: 262, train_acc: 97.02523994445801, val_acc: 74.83, fidel_score: 75.92, acc_loss: 0.11001948826014996, grad_loss: None
2022-05-01 23:17:47,879 DEBUG epoch: 263, train_acc: 96.98768043518066, val_acc: 74.82, fidel_score: 75.9, acc_loss: 0.10926754539832473, grad_loss: None
2022-05-01 23:17:50,247 DEBUG epoch: 264, train_acc: 98.54266834259033, val_acc: 74.79, fidel_score: 75.88, acc_loss: 0.09502572938799858, grad_loss: None
2022-05-01 23:17:52,693 DEBUG epoch: 265, train_acc: 97.07782459259033, val_acc: 74.81, fidel_score: 75.88, acc_loss: 0.12157330010086298, grad_loss: None
2022-05-01 23:17:55,140 DEBUG epoch: 266, train_acc: 98.07692241668701, val_acc: 74.83, fidel_score: 75.9, acc_loss: 0.09046445414423943, grad_loss: None
2022-05-01 23:17:57,528 DEBUG epoch: 267, train_acc: 98.58773994445801, val_acc: 74.85, fidel_score: 75.92, acc_loss: 0.07626230642199516, grad_loss: None
2022-05-01 23:18:00,119 DEBUG epoch: 268, train_acc: 97.633713722229, val_acc: 74.88, fidel_score: 75.94, acc_loss: 0.10214326484128833, grad_loss: None
2022-05-01 23:18:03,147 DEBUG epoch: 269, train_acc: 98.07692241668701, val_acc: 74.88, fidel_score: 75.95, acc_loss: 0.09808718133717775, grad_loss: None
2022-05-01 23:18:05,356 DEBUG epoch: 270, train_acc: 97.58864116668701, val_acc: 74.83, fidel_score: 75.9, acc_loss: 0.11937383003532887, grad_loss: None
2022-05-01 23:18:07,831 DEBUG epoch: 271, train_acc: 98.08443450927734, val_acc: 74.83, fidel_score: 75.89, acc_loss: 0.09209220530465245, grad_loss: None
2022-05-01 23:18:10,121 DEBUG epoch: 272, train_acc: 97.70883369445801, val_acc: 74.82, fidel_score: 75.88, acc_loss: 0.10097495000809431, grad_loss: None
2022-05-01 23:18:12,445 DEBUG epoch: 273, train_acc: 97.61117744445801, val_acc: 74.81, fidel_score: 75.88, acc_loss: 0.09367942437529564, grad_loss: None
2022-05-01 23:18:14,786 DEBUG epoch: 274, train_acc: 98.2421875, val_acc: 74.84, fidel_score: 75.91, acc_loss: 0.09796791570261121, grad_loss: None
2022-05-01 23:18:17,146 DEBUG epoch: 275, train_acc: 97.90414619445801, val_acc: 74.85, fidel_score: 75.91, acc_loss: 0.08590604411438107, grad_loss: None
2022-05-01 23:18:19,625 DEBUG epoch: 276, train_acc: 97.85907459259033, val_acc: 74.83, fidel_score: 75.9, acc_loss: 0.10191412689164281, grad_loss: None
2022-05-01 23:18:22,130 DEBUG epoch: 277, train_acc: 98.53515625, val_acc: 74.86, fidel_score: 75.94, acc_loss: 0.08638148568570614, grad_loss: None
2022-05-01 23:18:24,528 DEBUG epoch: 278, train_acc: 97.00270366668701, val_acc: 74.84, fidel_score: 75.92, acc_loss: 0.1157903354614973, grad_loss: None
2022-05-01 23:18:27,016 DEBUG epoch: 279, train_acc: 97.15294456481934, val_acc: 74.79, fidel_score: 75.88, acc_loss: 0.12124794768169522, grad_loss: None
2022-05-01 23:18:29,529 DEBUG epoch: 280, train_acc: 97.94921875, val_acc: 74.77, fidel_score: 75.84, acc_loss: 0.08570098923519254, grad_loss: None
2022-05-01 23:18:32,307 DEBUG epoch: 281, train_acc: 96.25901412963867, val_acc: 74.77, fidel_score: 75.86, acc_loss: 0.12165974453091621, grad_loss: None
2022-05-01 23:18:34,749 DEBUG epoch: 282, train_acc: 98.03185081481934, val_acc: 74.78, fidel_score: 75.86, acc_loss: 0.09078668709844351, grad_loss: None
2022-05-01 23:18:37,020 DEBUG epoch: 283, train_acc: 96.96514415740967, val_acc: 74.79, fidel_score: 75.88, acc_loss: 0.11228542635217309, grad_loss: None
2022-05-01 23:18:39,306 DEBUG epoch: 284, train_acc: 98.6328125, val_acc: 74.82, fidel_score: 75.91, acc_loss: 0.08359326934441924, grad_loss: None
2022-05-01 23:18:41,800 DEBUG epoch: 285, train_acc: 97.68629741668701, val_acc: 74.81, fidel_score: 75.88, acc_loss: 0.11102495482191443, grad_loss: None
2022-05-01 23:18:44,279 DEBUG epoch: 286, train_acc: 98.19711494445801, val_acc: 74.83, fidel_score: 75.9, acc_loss: 0.10219596140086651, grad_loss: None
2022-05-01 23:18:46,566 DEBUG epoch: 287, train_acc: 97.51352119445801, val_acc: 74.82, fidel_score: 75.89, acc_loss: 0.09733697958290577, grad_loss: None
2022-05-01 23:18:48,786 DEBUG epoch: 288, train_acc: 97.83653831481934, val_acc: 74.81, fidel_score: 75.88, acc_loss: 0.1132888039574027, grad_loss: None
2022-05-01 23:18:51,205 DEBUG epoch: 289, train_acc: 97.94921875, val_acc: 74.8, fidel_score: 75.87, acc_loss: 0.10329014575108886, grad_loss: None
2022-05-01 23:18:53,613 DEBUG epoch: 290, train_acc: 98.19711494445801, val_acc: 74.79, fidel_score: 75.86, acc_loss: 0.09564210008829832, grad_loss: None
2022-05-01 23:18:55,948 DEBUG epoch: 291, train_acc: 96.78485584259033, val_acc: 74.78, fidel_score: 75.84, acc_loss: 0.11962703941389918, grad_loss: None
2022-05-01 23:18:58,228 DEBUG epoch: 292, train_acc: 97.56610584259033, val_acc: 74.74, fidel_score: 75.8, acc_loss: 0.10506857698783278, grad_loss: None
2022-05-01 23:19:00,644 DEBUG epoch: 293, train_acc: 98.121994972229, val_acc: 74.76, fidel_score: 75.82, acc_loss: 0.1039285184815526, grad_loss: None
2022-05-01 23:19:03,268 DEBUG epoch: 294, train_acc: 97.22055244445801, val_acc: 74.75, fidel_score: 75.82, acc_loss: 0.11609797040000558, grad_loss: None
2022-05-01 23:19:06,910 DEBUG epoch: 295, train_acc: 96.950119972229, val_acc: 74.72, fidel_score: 75.81, acc_loss: 0.12875695899128914, grad_loss: None
2022-05-01 23:19:09,306 DEBUG epoch: 296, train_acc: 98.73046875, val_acc: 74.75, fidel_score: 75.84, acc_loss: 0.07476417953148484, grad_loss: None
2022-05-01 23:19:12,132 DEBUG epoch: 297, train_acc: 97.80648994445801, val_acc: 74.77, fidel_score: 75.86, acc_loss: 0.10345120634883642, grad_loss: None
2022-05-01 23:19:14,609 DEBUG epoch: 298, train_acc: 97.25060081481934, val_acc: 74.81, fidel_score: 75.9, acc_loss: 0.11017525079660118, grad_loss: None
2022-05-01 23:19:17,275 DEBUG epoch: 299, train_acc: 97.71634578704834, val_acc: 74.84, fidel_score: 75.87, acc_loss: 0.09604796534404159, grad_loss: None
2022-05-01 23:19:19,667 DEBUG epoch: 300, train_acc: 96.98016834259033, val_acc: 74.86, fidel_score: 75.89, acc_loss: 0.12748620472848415, grad_loss: None
2022-05-01 23:19:19,667 DEBUG load best stealed model.
2022-05-01 23:19:19,667 DEBUG Best perform model, val_acc: 75.16, fidel_score: 76.26, acc_loss: 0.12183257518336177
2022-05-01 23:19:19,669 DEBUG load cloest stealed model.
2022-05-01 23:19:19,669 DEBUG Closest perform model, val_acc: 75.16, fidel_score: 76.26, acc_loss: 0.12183257518336177
2022-05-02 01:26:14,612 DEBUG Namespace(arch='resnet20', cutlayer=4, batch_size=128, filename='ace_V2_epoch_resnet20_cutlayer_4_client_1_seed125_dataset_cifar10_lr_0.05_200epoch', folder='saves/baseline', num_client=1, num_epochs='best', learning_rate=0.005, test_best=True, dataset='cifar10', random_seed=123, scheme='V2_epoch', bottleneck_option='None', regularization='None', regularization_strength=0.0, average_time=1, attack_client=0, attack_epochs=300, num_query=1, surrogate_arch='same', attack_style='TrainME_option', data_proportion=0.02, noniid_ratio=1.0, train_clas_layer=4.0)
2022-05-02 01:26:22,963 DEBUG Test (client-0):	Loss 0.1454 (0.2544)	Prec@1 93.750 (92.390)
2022-05-02 01:26:22,964 DEBUG  * Prec@1 92.390
2022-05-02 01:26:22,979 DEBUG 20
2022-05-02 01:26:22,979 DEBUG surrogate parameter has 20 trainable parameters!
2022-05-02 01:26:28,923 DEBUG epoch: 0, val_acc: 10.0, val_fidelity: 9.88
2022-05-02 01:26:33,491 DEBUG epoch: 1, train_acc: 10.64453125, val_acc: 19.62, fidel_score: 19.83, acc_loss: 2.8145886063575745, grad_loss: None
2022-05-02 01:26:37,741 DEBUG epoch: 2, train_acc: 24.849759578704834, val_acc: 30.31, fidel_score: 30.4, acc_loss: 2.189249813556671, grad_loss: None
2022-05-02 01:26:41,261 DEBUG epoch: 3, train_acc: 36.4633412361145, val_acc: 43.83, fidel_score: 44.43, acc_loss: 1.9328749626874924, grad_loss: None
2022-05-02 01:26:45,193 DEBUG epoch: 4, train_acc: 44.88431453704834, val_acc: 46.68, fidel_score: 47.18, acc_loss: 1.5949801206588745, grad_loss: None
2022-05-02 01:26:49,526 DEBUG epoch: 5, train_acc: 49.984975814819336, val_acc: 52.18, fidel_score: 52.73, acc_loss: 1.3999057412147522, grad_loss: None
2022-05-02 01:26:53,879 DEBUG epoch: 6, train_acc: 55.13070869445801, val_acc: 56.46, fidel_score: 57.23, acc_loss: 1.300027772784233, grad_loss: None
2022-05-02 01:26:58,306 DEBUG epoch: 7, train_acc: 57.504507064819336, val_acc: 58.46, fidel_score: 59.24, acc_loss: 1.1952646374702454, grad_loss: None
2022-05-02 01:27:01,876 DEBUG epoch: 8, train_acc: 61.47836494445801, val_acc: 60.45, fidel_score: 61.24, acc_loss: 1.1065255999565125, grad_loss: None
2022-05-02 01:27:06,349 DEBUG epoch: 9, train_acc: 65.21935081481934, val_acc: 61.89, fidel_score: 62.8, acc_loss: 1.0232597067952156, grad_loss: None
2022-05-02 01:27:10,564 DEBUG epoch: 10, train_acc: 66.70673084259033, val_acc: 63.31, fidel_score: 64.39, acc_loss: 0.9960120990872383, grad_loss: None
2022-05-02 01:27:15,039 DEBUG epoch: 11, train_acc: 65.9555287361145, val_acc: 64.05, fidel_score: 65.26, acc_loss: 0.9618883207440376, grad_loss: None
2022-05-02 01:27:19,192 DEBUG epoch: 12, train_acc: 69.00540828704834, val_acc: 64.63, fidel_score: 65.93, acc_loss: 0.912803128361702, grad_loss: None
2022-05-02 01:27:23,406 DEBUG epoch: 13, train_acc: 70.51532459259033, val_acc: 65.54, fidel_score: 66.75, acc_loss: 0.8695468530058861, grad_loss: None
2022-05-02 01:27:27,689 DEBUG epoch: 14, train_acc: 73.54266834259033, val_acc: 66.51, fidel_score: 67.61, acc_loss: 0.797693744301796, grad_loss: None
2022-05-02 01:27:32,069 DEBUG epoch: 15, train_acc: 72.84405040740967, val_acc: 67.06, fidel_score: 68.13, acc_loss: 0.8106228709220886, grad_loss: None
2022-05-02 01:27:36,332 DEBUG epoch: 16, train_acc: 73.58022785186768, val_acc: 67.26, fidel_score: 68.6, acc_loss: 0.7799422591924667, grad_loss: None
2022-05-02 01:27:39,747 DEBUG epoch: 17, train_acc: 73.219651222229, val_acc: 68.32, fidel_score: 69.44, acc_loss: 0.7837856113910675, grad_loss: None
2022-05-02 01:27:43,413 DEBUG epoch: 18, train_acc: 76.07421875, val_acc: 68.58, fidel_score: 69.71, acc_loss: 0.7027421295642853, grad_loss: None
2022-05-02 01:27:48,145 DEBUG epoch: 19, train_acc: 74.76712703704834, val_acc: 69.16, fidel_score: 70.29, acc_loss: 0.724033311009407, grad_loss: None
2022-05-02 01:27:52,098 DEBUG epoch: 20, train_acc: 75.72866535186768, val_acc: 69.11, fidel_score: 70.2, acc_loss: 0.7029424384236336, grad_loss: None
2022-05-02 01:27:56,047 DEBUG epoch: 21, train_acc: 78.01983165740967, val_acc: 69.12, fidel_score: 70.46, acc_loss: 0.6557338386774063, grad_loss: None
2022-05-02 01:28:00,313 DEBUG epoch: 22, train_acc: 76.47986793518066, val_acc: 69.9, fidel_score: 71.08, acc_loss: 0.6486490964889526, grad_loss: None
2022-05-02 01:28:05,523 DEBUG epoch: 23, train_acc: 77.74188709259033, val_acc: 70.53, fidel_score: 71.66, acc_loss: 0.6445262432098389, grad_loss: None
2022-05-02 01:28:09,312 DEBUG epoch: 24, train_acc: 79.69501209259033, val_acc: 70.81, fidel_score: 71.91, acc_loss: 0.5893826708197594, grad_loss: None
2022-05-02 01:28:13,398 DEBUG epoch: 25, train_acc: 81.82091331481934, val_acc: 71.01, fidel_score: 72.23, acc_loss: 0.5924928672611713, grad_loss: None
2022-05-02 01:28:17,787 DEBUG epoch: 26, train_acc: 81.88852119445801, val_acc: 71.03, fidel_score: 72.33, acc_loss: 0.5527115277945995, grad_loss: None
2022-05-02 01:28:21,995 DEBUG epoch: 27, train_acc: 79.92037200927734, val_acc: 71.71, fidel_score: 72.78, acc_loss: 0.5859719961881638, grad_loss: None
2022-05-02 01:28:26,268 DEBUG epoch: 28, train_acc: 81.67067241668701, val_acc: 71.74, fidel_score: 72.89, acc_loss: 0.5558847971260548, grad_loss: None
2022-05-02 01:28:29,604 DEBUG epoch: 29, train_acc: 82.75240325927734, val_acc: 72.0, fidel_score: 73.16, acc_loss: 0.5076070353388786, grad_loss: None
2022-05-02 01:28:33,132 DEBUG epoch: 30, train_acc: 83.69891834259033, val_acc: 71.91, fidel_score: 73.18, acc_loss: 0.5107589364051819, grad_loss: None
2022-05-02 01:28:36,718 DEBUG epoch: 31, train_acc: 83.09044456481934, val_acc: 72.1, fidel_score: 73.16, acc_loss: 0.5009585581719875, grad_loss: None
2022-05-02 01:28:39,409 DEBUG epoch: 32, train_acc: 83.95432662963867, val_acc: 72.08, fidel_score: 73.29, acc_loss: 0.490549735724926, grad_loss: None
2022-05-02 01:28:42,960 DEBUG epoch: 33, train_acc: 81.26502418518066, val_acc: 72.86, fidel_score: 73.86, acc_loss: 0.5286155343055725, grad_loss: None
2022-05-02 01:28:47,209 DEBUG epoch: 34, train_acc: 85.3515625, val_acc: 72.63, fidel_score: 73.48, acc_loss: 0.46396372839808464, grad_loss: None
2022-05-02 01:28:51,716 DEBUG epoch: 35, train_acc: 85.621994972229, val_acc: 72.78, fidel_score: 73.78, acc_loss: 0.4298458583652973, grad_loss: None
2022-05-02 01:28:55,765 DEBUG epoch: 36, train_acc: 83.45102119445801, val_acc: 72.55, fidel_score: 73.68, acc_loss: 0.4738313779234886, grad_loss: None
2022-05-02 01:28:58,907 DEBUG epoch: 37, train_acc: 86.19290828704834, val_acc: 73.21, fidel_score: 74.13, acc_loss: 0.42948178201913834, grad_loss: None
2022-05-02 01:29:03,338 DEBUG epoch: 38, train_acc: 86.18539619445801, val_acc: 72.96, fidel_score: 74.13, acc_loss: 0.4152645878493786, grad_loss: None
2022-05-02 01:29:07,879 DEBUG epoch: 39, train_acc: 88.64182662963867, val_acc: 72.9, fidel_score: 73.93, acc_loss: 0.3776277359575033, grad_loss: None
2022-05-02 01:29:12,236 DEBUG epoch: 40, train_acc: 86.56850910186768, val_acc: 73.56, fidel_score: 74.74, acc_loss: 0.3931879326701164, grad_loss: None
2022-05-02 01:29:16,512 DEBUG epoch: 41, train_acc: 88.28125, val_acc: 73.68, fidel_score: 74.81, acc_loss: 0.3684612177312374, grad_loss: None
2022-05-02 01:29:19,746 DEBUG epoch: 42, train_acc: 88.91977119445801, val_acc: 73.29, fidel_score: 74.21, acc_loss: 0.3695939853787422, grad_loss: None
2022-05-02 01:29:22,724 DEBUG epoch: 43, train_acc: 88.28125, val_acc: 72.83, fidel_score: 73.79, acc_loss: 0.3591843917965889, grad_loss: None
2022-05-02 01:29:25,885 DEBUG epoch: 44, train_acc: 89.25030040740967, val_acc: 72.74, fidel_score: 73.84, acc_loss: 0.3312934711575508, grad_loss: None
2022-05-02 01:29:29,036 DEBUG epoch: 45, train_acc: 89.20522785186768, val_acc: 73.57, fidel_score: 74.62, acc_loss: 0.3282814063131809, grad_loss: None
2022-05-02 01:29:32,113 DEBUG epoch: 46, train_acc: 89.81370162963867, val_acc: 73.91, fidel_score: 75.17, acc_loss: 0.30929977633059025, grad_loss: None
2022-05-02 01:29:34,516 DEBUG epoch: 47, train_acc: 91.35366535186768, val_acc: 73.83, fidel_score: 74.63, acc_loss: 0.28261389024555683, grad_loss: None
2022-05-02 01:29:39,329 DEBUG epoch: 48, train_acc: 88.79206657409668, val_acc: 73.62, fidel_score: 74.54, acc_loss: 0.3503914400935173, grad_loss: None
2022-05-02 01:29:43,395 DEBUG epoch: 49, train_acc: 88.85216331481934, val_acc: 73.76, fidel_score: 74.77, acc_loss: 0.31638437509536743, grad_loss: None
2022-05-02 01:29:46,470 DEBUG epoch: 50, train_acc: 92.46544456481934, val_acc: 73.64, fidel_score: 74.5, acc_loss: 0.2702032458037138, grad_loss: None
2022-05-02 01:29:49,335 DEBUG epoch: 51, train_acc: 90.22686290740967, val_acc: 73.73, fidel_score: 74.83, acc_loss: 0.30250909738242626, grad_loss: None
2022-05-02 01:29:53,737 DEBUG epoch: 52, train_acc: 90.48978328704834, val_acc: 73.74, fidel_score: 74.76, acc_loss: 0.3008792269974947, grad_loss: None
2022-05-02 01:29:58,028 DEBUG epoch: 53, train_acc: 90.98557662963867, val_acc: 73.73, fidel_score: 74.98, acc_loss: 0.298268036916852, grad_loss: None
2022-05-02 01:30:02,310 DEBUG epoch: 54, train_acc: 91.57151412963867, val_acc: 74.36, fidel_score: 75.31, acc_loss: 0.26305884309113026, grad_loss: None
2022-05-02 01:30:06,381 DEBUG epoch: 55, train_acc: 92.71334075927734, val_acc: 74.33, fidel_score: 75.24, acc_loss: 0.2463498990982771, grad_loss: None
2022-05-02 01:30:10,223 DEBUG epoch: 56, train_acc: 92.22505950927734, val_acc: 73.63, fidel_score: 74.4, acc_loss: 0.25546491146087646, grad_loss: None
2022-05-02 01:30:14,652 DEBUG epoch: 57, train_acc: 90.37710285186768, val_acc: 74.35, fidel_score: 75.41, acc_loss: 0.30185478925704956, grad_loss: None
2022-05-02 01:30:18,997 DEBUG epoch: 58, train_acc: 91.21844959259033, val_acc: 74.85, fidel_score: 75.76, acc_loss: 0.2672694753855467, grad_loss: None
2022-05-02 01:30:23,300 DEBUG epoch: 59, train_acc: 92.05979537963867, val_acc: 74.55, fidel_score: 75.57, acc_loss: 0.24947204813361168, grad_loss: None
2022-05-02 01:30:27,365 DEBUG epoch: 60, train_acc: 94.95192241668701, val_acc: 74.57, fidel_score: 75.66, acc_loss: 0.17975369282066822, grad_loss: None
2022-05-02 01:30:31,103 DEBUG epoch: 61, train_acc: 93.86268043518066, val_acc: 74.67, fidel_score: 75.74, acc_loss: 0.23575112782418728, grad_loss: None
2022-05-02 01:30:35,163 DEBUG epoch: 62, train_acc: 94.54627418518066, val_acc: 74.75, fidel_score: 75.87, acc_loss: 0.19510257802903652, grad_loss: None
2022-05-02 01:30:38,898 DEBUG epoch: 63, train_acc: 95.71063709259033, val_acc: 74.96, fidel_score: 76.0, acc_loss: 0.1810021921992302, grad_loss: None
2022-05-02 01:30:43,161 DEBUG epoch: 64, train_acc: 94.22325706481934, val_acc: 75.07, fidel_score: 76.12, acc_loss: 0.20438845828175545, grad_loss: None
2022-05-02 01:30:47,209 DEBUG epoch: 65, train_acc: 94.62139415740967, val_acc: 74.99, fidel_score: 76.16, acc_loss: 0.2059653475880623, grad_loss: None
2022-05-02 01:30:51,519 DEBUG epoch: 66, train_acc: 95.98106956481934, val_acc: 74.86, fidel_score: 76.03, acc_loss: 0.17531464248895645, grad_loss: None
2022-05-02 01:30:56,000 DEBUG epoch: 67, train_acc: 93.40444660186768, val_acc: 74.96, fidel_score: 76.03, acc_loss: 0.23397429566830397, grad_loss: None
2022-05-02 01:31:00,416 DEBUG epoch: 68, train_acc: 96.12379741668701, val_acc: 74.97, fidel_score: 76.09, acc_loss: 0.16940068267285824, grad_loss: None
2022-05-02 01:31:04,308 DEBUG epoch: 69, train_acc: 95.10967540740967, val_acc: 74.85, fidel_score: 75.92, acc_loss: 0.18180575966835022, grad_loss: None
2022-05-02 01:31:08,152 DEBUG epoch: 70, train_acc: 95.76322078704834, val_acc: 74.86, fidel_score: 75.91, acc_loss: 0.16495409421622753, grad_loss: None
2022-05-02 01:31:12,564 DEBUG epoch: 71, train_acc: 94.63641834259033, val_acc: 74.86, fidel_score: 75.88, acc_loss: 0.21046905126422644, grad_loss: None
2022-05-02 01:31:16,990 DEBUG epoch: 72, train_acc: 93.75751209259033, val_acc: 74.88, fidel_score: 75.95, acc_loss: 0.20712647959589958, grad_loss: None
2022-05-02 01:31:21,393 DEBUG epoch: 73, train_acc: 95.66556453704834, val_acc: 74.94, fidel_score: 76.07, acc_loss: 0.1893314989283681, grad_loss: None
2022-05-02 01:31:25,252 DEBUG epoch: 74, train_acc: 95.53785991668701, val_acc: 74.98, fidel_score: 76.02, acc_loss: 0.17144500091671944, grad_loss: None
2022-05-02 01:31:29,075 DEBUG epoch: 75, train_acc: 95.86087703704834, val_acc: 75.11, fidel_score: 76.14, acc_loss: 0.16419273242354393, grad_loss: None
2022-05-02 01:31:33,415 DEBUG epoch: 76, train_acc: 94.17818450927734, val_acc: 74.9, fidel_score: 75.93, acc_loss: 0.19716354366391897, grad_loss: None
2022-05-02 01:31:37,805 DEBUG epoch: 77, train_acc: 96.85997581481934, val_acc: 74.88, fidel_score: 75.98, acc_loss: 0.15271048992872238, grad_loss: None
2022-05-02 01:31:41,597 DEBUG epoch: 78, train_acc: 94.39603328704834, val_acc: 74.84, fidel_score: 75.97, acc_loss: 0.19933073222637177, grad_loss: None
2022-05-02 01:31:45,560 DEBUG epoch: 79, train_acc: 95.00450706481934, val_acc: 74.9, fidel_score: 76.01, acc_loss: 0.18250933848321438, grad_loss: None
2022-05-02 01:31:49,666 DEBUG epoch: 80, train_acc: 96.38671875, val_acc: 74.95, fidel_score: 75.98, acc_loss: 0.16359661053866148, grad_loss: None
2022-05-02 01:31:54,022 DEBUG epoch: 81, train_acc: 93.81009578704834, val_acc: 74.87, fidel_score: 75.95, acc_loss: 0.20958306267857552, grad_loss: None
2022-05-02 01:31:58,300 DEBUG epoch: 82, train_acc: 94.39603328704834, val_acc: 74.78, fidel_score: 75.82, acc_loss: 0.2031048834323883, grad_loss: None
2022-05-02 01:32:02,833 DEBUG epoch: 83, train_acc: 96.6796875, val_acc: 75.1, fidel_score: 76.17, acc_loss: 0.15354415588080883, grad_loss: None
2022-05-02 01:32:06,883 DEBUG epoch: 84, train_acc: 96.14633369445801, val_acc: 75.21, fidel_score: 76.31, acc_loss: 0.1509361881762743, grad_loss: None
2022-05-02 01:32:11,355 DEBUG epoch: 85, train_acc: 94.58383369445801, val_acc: 75.08, fidel_score: 76.21, acc_loss: 0.20424675289541483, grad_loss: None
2022-05-02 01:32:15,745 DEBUG epoch: 86, train_acc: 95.76322078704834, val_acc: 74.7, fidel_score: 75.83, acc_loss: 0.16387574840337038, grad_loss: None
2022-05-02 01:32:20,092 DEBUG epoch: 87, train_acc: 96.34164619445801, val_acc: 74.79, fidel_score: 75.83, acc_loss: 0.17011213954538107, grad_loss: None
2022-05-02 01:32:24,489 DEBUG epoch: 88, train_acc: 95.91346168518066, val_acc: 74.75, fidel_score: 75.78, acc_loss: 0.1815010504797101, grad_loss: None
2022-05-02 01:32:28,705 DEBUG epoch: 89, train_acc: 96.25150203704834, val_acc: 74.71, fidel_score: 75.79, acc_loss: 0.16784373484551907, grad_loss: None
2022-05-02 01:32:33,091 DEBUG epoch: 90, train_acc: 98.17457866668701, val_acc: 74.95, fidel_score: 76.08, acc_loss: 0.113238375633955, grad_loss: None
2022-05-02 01:32:37,403 DEBUG epoch: 91, train_acc: 95.06460285186768, val_acc: 75.01, fidel_score: 76.18, acc_loss: 0.16880381479859352, grad_loss: None
2022-05-02 01:32:41,821 DEBUG epoch: 92, train_acc: 95.08713912963867, val_acc: 74.74, fidel_score: 75.88, acc_loss: 0.18787869345396757, grad_loss: None
2022-05-02 01:32:45,016 DEBUG epoch: 93, train_acc: 95.14723491668701, val_acc: 74.67, fidel_score: 75.81, acc_loss: 0.1730870921164751, grad_loss: None
2022-05-02 01:32:48,905 DEBUG epoch: 94, train_acc: 97.55859375, val_acc: 74.83, fidel_score: 75.9, acc_loss: 0.1217492138966918, grad_loss: None
2022-05-02 01:32:53,047 DEBUG epoch: 95, train_acc: 97.61117744445801, val_acc: 74.83, fidel_score: 75.92, acc_loss: 0.1168504822999239, grad_loss: None
2022-05-02 01:32:57,561 DEBUG epoch: 96, train_acc: 96.39423084259033, val_acc: 74.96, fidel_score: 76.0, acc_loss: 0.1538946647197008, grad_loss: None
2022-05-02 01:33:01,803 DEBUG epoch: 97, train_acc: 97.243088722229, val_acc: 74.93, fidel_score: 75.91, acc_loss: 0.14121107198297977, grad_loss: None
2022-05-02 01:33:06,144 DEBUG epoch: 98, train_acc: 96.95763206481934, val_acc: 75.0, fidel_score: 76.06, acc_loss: 0.1434357538819313, grad_loss: None
2022-05-02 01:33:10,495 DEBUG epoch: 99, train_acc: 96.88251209259033, val_acc: 74.84, fidel_score: 75.93, acc_loss: 0.14989734161645174, grad_loss: None
2022-05-02 01:33:15,032 DEBUG epoch: 100, train_acc: 97.61117744445801, val_acc: 74.79, fidel_score: 75.91, acc_loss: 0.12196321412920952, grad_loss: None
2022-05-02 01:33:19,376 DEBUG epoch: 101, train_acc: 96.66466331481934, val_acc: 74.89, fidel_score: 75.92, acc_loss: 0.1405672561377287, grad_loss: None
2022-05-02 01:33:24,172 DEBUG epoch: 102, train_acc: 97.94921875, val_acc: 75.01, fidel_score: 75.93, acc_loss: 0.12615663465112448, grad_loss: None
2022-05-02 01:33:27,967 DEBUG epoch: 103, train_acc: 96.14633369445801, val_acc: 75.04, fidel_score: 76.18, acc_loss: 0.1480360571295023, grad_loss: None
2022-05-02 01:33:32,346 DEBUG epoch: 104, train_acc: 94.98197078704834, val_acc: 75.17, fidel_score: 76.23, acc_loss: 0.1825510673224926, grad_loss: None
2022-05-02 01:33:36,958 DEBUG epoch: 105, train_acc: 97.80648994445801, val_acc: 75.15, fidel_score: 76.14, acc_loss: 0.12272297032177448, grad_loss: None
2022-05-02 01:33:41,375 DEBUG epoch: 106, train_acc: 96.74729537963867, val_acc: 74.92, fidel_score: 75.94, acc_loss: 0.13800758961588144, grad_loss: None
2022-05-02 01:33:45,269 DEBUG epoch: 107, train_acc: 95.680588722229, val_acc: 74.81, fidel_score: 75.89, acc_loss: 0.16492047812789679, grad_loss: None
2022-05-02 01:33:48,391 DEBUG epoch: 108, train_acc: 97.145432472229, val_acc: 74.89, fidel_score: 75.92, acc_loss: 0.12067040055990219, grad_loss: None
2022-05-02 01:33:52,023 DEBUG epoch: 109, train_acc: 95.778244972229, val_acc: 74.92, fidel_score: 75.9, acc_loss: 0.15592292696237564, grad_loss: None
2022-05-02 01:33:56,381 DEBUG epoch: 110, train_acc: 98.53515625, val_acc: 74.94, fidel_score: 75.95, acc_loss: 0.10909703094512224, grad_loss: None
2022-05-02 01:34:00,580 DEBUG epoch: 111, train_acc: 97.536057472229, val_acc: 75.1, fidel_score: 76.21, acc_loss: 0.13890414219349623, grad_loss: None
2022-05-02 01:34:04,822 DEBUG epoch: 112, train_acc: 96.20643043518066, val_acc: 74.89, fidel_score: 76.08, acc_loss: 0.1553345648571849, grad_loss: None
2022-05-02 01:34:09,088 DEBUG epoch: 113, train_acc: 97.243088722229, val_acc: 74.75, fidel_score: 75.96, acc_loss: 0.13325514551252127, grad_loss: None
2022-05-02 01:34:13,557 DEBUG epoch: 114, train_acc: 95.59044456481934, val_acc: 74.76, fidel_score: 75.91, acc_loss: 0.16914485953748226, grad_loss: None
2022-05-02 01:34:17,975 DEBUG epoch: 115, train_acc: 96.40174293518066, val_acc: 74.82, fidel_score: 75.88, acc_loss: 0.14432115759700537, grad_loss: None
2022-05-02 01:34:22,151 DEBUG epoch: 116, train_acc: 96.950119972229, val_acc: 74.9, fidel_score: 76.0, acc_loss: 0.14102638140320778, grad_loss: None
2022-05-02 01:34:26,179 DEBUG epoch: 117, train_acc: 96.61207866668701, val_acc: 75.04, fidel_score: 76.17, acc_loss: 0.1355424001812935, grad_loss: None
2022-05-02 01:34:30,352 DEBUG epoch: 118, train_acc: 94.73407459259033, val_acc: 74.93, fidel_score: 75.9, acc_loss: 0.17842197511345148, grad_loss: None
2022-05-02 01:34:34,774 DEBUG epoch: 119, train_acc: 96.657151222229, val_acc: 74.95, fidel_score: 75.89, acc_loss: 0.13265338307246566, grad_loss: None
2022-05-02 01:34:39,074 DEBUG epoch: 120, train_acc: 96.68719959259033, val_acc: 74.87, fidel_score: 75.83, acc_loss: 0.13325129356235266, grad_loss: None
2022-05-02 01:34:43,344 DEBUG epoch: 121, train_acc: 96.97265625, val_acc: 74.94, fidel_score: 75.99, acc_loss: 0.12615418527275324, grad_loss: None
2022-05-02 01:34:47,647 DEBUG epoch: 122, train_acc: 97.35576915740967, val_acc: 75.08, fidel_score: 76.29, acc_loss: 0.12185615720227361, grad_loss: None
2022-05-02 01:34:51,390 DEBUG epoch: 123, train_acc: 97.438401222229, val_acc: 75.08, fidel_score: 76.22, acc_loss: 0.11177105363458395, grad_loss: None
2022-05-02 01:34:54,920 DEBUG epoch: 124, train_acc: 98.49008369445801, val_acc: 75.18, fidel_score: 76.22, acc_loss: 0.09242313541471958, grad_loss: None
2022-05-02 01:34:59,565 DEBUG epoch: 125, train_acc: 96.461838722229, val_acc: 75.12, fidel_score: 76.26, acc_loss: 0.13489753380417824, grad_loss: None
2022-05-02 01:35:03,711 DEBUG epoch: 126, train_acc: 96.27403831481934, val_acc: 75.11, fidel_score: 76.25, acc_loss: 0.15753907058387995, grad_loss: None
2022-05-02 01:35:08,161 DEBUG epoch: 127, train_acc: 96.95763206481934, val_acc: 74.96, fidel_score: 75.99, acc_loss: 0.1145136603154242, grad_loss: None
2022-05-02 01:35:12,585 DEBUG epoch: 128, train_acc: 97.54356956481934, val_acc: 75.08, fidel_score: 76.17, acc_loss: 0.11489399522542953, grad_loss: None
2022-05-02 01:35:16,883 DEBUG epoch: 129, train_acc: 96.92758369445801, val_acc: 74.86, fidel_score: 75.99, acc_loss: 0.1292753117159009, grad_loss: None
2022-05-02 01:35:21,206 DEBUG epoch: 130, train_acc: 97.54356956481934, val_acc: 74.84, fidel_score: 75.97, acc_loss: 0.12380396947264671, grad_loss: None
2022-05-02 01:35:25,402 DEBUG epoch: 131, train_acc: 96.41676616668701, val_acc: 74.63, fidel_score: 75.78, acc_loss: 0.13600213080644608, grad_loss: None
2022-05-02 01:35:29,958 DEBUG epoch: 132, train_acc: 94.36598491668701, val_acc: 74.92, fidel_score: 76.07, acc_loss: 0.18547949194908142, grad_loss: None
2022-05-02 01:35:34,191 DEBUG epoch: 133, train_acc: 97.22055244445801, val_acc: 74.65, fidel_score: 75.75, acc_loss: 0.1355343498289585, grad_loss: None
2022-05-02 01:35:38,539 DEBUG epoch: 134, train_acc: 96.43930244445801, val_acc: 74.5, fidel_score: 75.59, acc_loss: 0.13146207388490438, grad_loss: None
2022-05-02 01:35:42,904 DEBUG epoch: 135, train_acc: 96.6796875, val_acc: 74.79, fidel_score: 75.94, acc_loss: 0.13484673667699099, grad_loss: None
2022-05-02 01:35:47,228 DEBUG epoch: 136, train_acc: 98.15204334259033, val_acc: 74.78, fidel_score: 75.91, acc_loss: 0.10254669282585382, grad_loss: None
2022-05-02 01:35:51,673 DEBUG epoch: 137, train_acc: 96.754807472229, val_acc: 74.48, fidel_score: 75.68, acc_loss: 0.13311525573953986, grad_loss: None
2022-05-02 01:35:56,635 DEBUG epoch: 138, train_acc: 96.657151222229, val_acc: 74.36, fidel_score: 75.45, acc_loss: 0.12515839748084545, grad_loss: None
2022-05-02 01:36:00,348 DEBUG epoch: 139, train_acc: 97.32572078704834, val_acc: 74.56, fidel_score: 75.67, acc_loss: 0.1034204438328743, grad_loss: None
2022-05-02 01:36:04,418 DEBUG epoch: 140, train_acc: 96.34164619445801, val_acc: 74.73, fidel_score: 75.78, acc_loss: 0.13492625253275037, grad_loss: None
2022-05-02 01:36:08,864 DEBUG epoch: 141, train_acc: 96.559494972229, val_acc: 74.72, fidel_score: 75.86, acc_loss: 0.13120161835104227, grad_loss: None
2022-05-02 01:36:13,364 DEBUG epoch: 142, train_acc: 96.61207866668701, val_acc: 74.78, fidel_score: 75.94, acc_loss: 0.1327647240832448, grad_loss: None
2022-05-02 01:36:17,609 DEBUG epoch: 143, train_acc: 96.852463722229, val_acc: 74.94, fidel_score: 76.11, acc_loss: 0.12194613739848137, grad_loss: None
2022-05-02 01:36:21,680 DEBUG epoch: 144, train_acc: 96.70973491668701, val_acc: 74.76, fidel_score: 75.97, acc_loss: 0.12782000564038754, grad_loss: None
2022-05-02 01:36:25,720 DEBUG epoch: 145, train_acc: 98.07692241668701, val_acc: 74.83, fidel_score: 75.98, acc_loss: 0.09819515282288194, grad_loss: None
2022-05-02 01:36:30,204 DEBUG epoch: 146, train_acc: 96.88251209259033, val_acc: 74.73, fidel_score: 75.91, acc_loss: 0.13138708984479308, grad_loss: None
2022-05-02 01:36:34,759 DEBUG epoch: 147, train_acc: 96.461838722229, val_acc: 74.64, fidel_score: 75.73, acc_loss: 0.12786665558815002, grad_loss: None
2022-05-02 01:36:39,205 DEBUG epoch: 148, train_acc: 95.24489116668701, val_acc: 74.6, fidel_score: 75.63, acc_loss: 0.16707621328532696, grad_loss: None
2022-05-02 01:36:43,348 DEBUG epoch: 149, train_acc: 97.10035991668701, val_acc: 74.76, fidel_score: 75.77, acc_loss: 0.12438226118683815, grad_loss: None
2022-05-02 01:36:47,892 DEBUG epoch: 150, train_acc: 98.512619972229, val_acc: 74.77, fidel_score: 75.82, acc_loss: 0.096182263456285, grad_loss: None
2022-05-02 01:36:52,314 DEBUG epoch: 151, train_acc: 96.77734375, val_acc: 74.85, fidel_score: 75.91, acc_loss: 0.13417991902679205, grad_loss: None
2022-05-02 01:36:56,677 DEBUG epoch: 152, train_acc: 97.49098491668701, val_acc: 74.85, fidel_score: 75.9, acc_loss: 0.10497094411402941, grad_loss: None
2022-05-02 01:37:00,735 DEBUG epoch: 153, train_acc: 97.62620162963867, val_acc: 74.84, fidel_score: 75.91, acc_loss: 0.1108185462653637, grad_loss: None
2022-05-02 01:37:04,005 DEBUG epoch: 154, train_acc: 96.78485584259033, val_acc: 74.87, fidel_score: 75.95, acc_loss: 0.12186698615550995, grad_loss: None
2022-05-02 01:37:08,526 DEBUG epoch: 155, train_acc: 96.25150203704834, val_acc: 74.75, fidel_score: 75.87, acc_loss: 0.13111329451203346, grad_loss: None
2022-05-02 01:37:12,906 DEBUG epoch: 156, train_acc: 96.47686290740967, val_acc: 74.74, fidel_score: 75.85, acc_loss: 0.12484929990023375, grad_loss: None
2022-05-02 01:37:17,209 DEBUG epoch: 157, train_acc: 98.29477119445801, val_acc: 74.82, fidel_score: 75.93, acc_loss: 0.08856665948405862, grad_loss: None
2022-05-02 01:37:21,361 DEBUG epoch: 158, train_acc: 97.8515625, val_acc: 74.89, fidel_score: 75.97, acc_loss: 0.1068858141079545, grad_loss: None
2022-05-02 01:37:25,318 DEBUG epoch: 159, train_acc: 96.04867744445801, val_acc: 74.93, fidel_score: 76.02, acc_loss: 0.15268539916723967, grad_loss: None
2022-05-02 01:37:29,778 DEBUG epoch: 160, train_acc: 97.047776222229, val_acc: 74.86, fidel_score: 75.97, acc_loss: 0.12173210363835096, grad_loss: None
2022-05-02 01:37:34,149 DEBUG epoch: 161, train_acc: 97.68629741668701, val_acc: 74.86, fidel_score: 75.94, acc_loss: 0.11688486998900771, grad_loss: None
2022-05-02 01:37:38,459 DEBUG epoch: 162, train_acc: 97.4609375, val_acc: 74.76, fidel_score: 75.83, acc_loss: 0.11268422147259116, grad_loss: None
2022-05-02 01:37:42,461 DEBUG epoch: 163, train_acc: 97.90414619445801, val_acc: 74.76, fidel_score: 75.85, acc_loss: 0.11098341085016727, grad_loss: None
2022-05-02 01:37:46,183 DEBUG epoch: 164, train_acc: 96.83743953704834, val_acc: 74.76, fidel_score: 75.84, acc_loss: 0.1451330790296197, grad_loss: None
2022-05-02 01:37:50,805 DEBUG epoch: 165, train_acc: 97.36328125, val_acc: 74.75, fidel_score: 75.86, acc_loss: 0.11737680854275823, grad_loss: None
2022-05-02 01:37:55,059 DEBUG epoch: 166, train_acc: 98.219651222229, val_acc: 74.84, fidel_score: 75.95, acc_loss: 0.0978874433785677, grad_loss: None
2022-05-02 01:37:59,560 DEBUG epoch: 167, train_acc: 96.85997581481934, val_acc: 74.93, fidel_score: 76.03, acc_loss: 0.12171383202075958, grad_loss: None
2022-05-02 01:38:03,573 DEBUG epoch: 168, train_acc: 97.19801616668701, val_acc: 74.87, fidel_score: 75.97, acc_loss: 0.1217856714501977, grad_loss: None
2022-05-02 01:38:06,665 DEBUG epoch: 169, train_acc: 96.92758369445801, val_acc: 74.93, fidel_score: 76.08, acc_loss: 0.12075586803257465, grad_loss: None
2022-05-02 01:38:10,218 DEBUG epoch: 170, train_acc: 97.90414619445801, val_acc: 74.99, fidel_score: 76.06, acc_loss: 0.10864157835021615, grad_loss: None
2022-05-02 01:38:14,488 DEBUG epoch: 171, train_acc: 97.31820869445801, val_acc: 75.0, fidel_score: 76.1, acc_loss: 0.11134093534201384, grad_loss: None
2022-05-02 01:38:19,008 DEBUG epoch: 172, train_acc: 95.01953125, val_acc: 75.0, fidel_score: 76.09, acc_loss: 0.15885181818157434, grad_loss: None
2022-05-02 01:38:23,036 DEBUG epoch: 173, train_acc: 98.49008369445801, val_acc: 74.9, fidel_score: 76.06, acc_loss: 0.08680449100211263, grad_loss: None
2022-05-02 01:38:27,198 DEBUG epoch: 174, train_acc: 96.82992744445801, val_acc: 74.92, fidel_score: 76.0, acc_loss: 0.1239146152511239, grad_loss: None
2022-05-02 01:38:31,546 DEBUG epoch: 175, train_acc: 97.85907459259033, val_acc: 74.94, fidel_score: 76.08, acc_loss: 0.10391415376216173, grad_loss: None
2022-05-02 01:38:35,850 DEBUG epoch: 176, train_acc: 98.219651222229, val_acc: 75.03, fidel_score: 76.17, acc_loss: 0.10557646583765745, grad_loss: None
2022-05-02 01:38:40,220 DEBUG epoch: 177, train_acc: 97.34825706481934, val_acc: 75.03, fidel_score: 76.16, acc_loss: 0.12347309663891792, grad_loss: None
2022-05-02 01:38:44,236 DEBUG epoch: 178, train_acc: 98.610276222229, val_acc: 74.97, fidel_score: 76.08, acc_loss: 0.08907095016911626, grad_loss: None
2022-05-02 01:38:48,725 DEBUG epoch: 179, train_acc: 98.317307472229, val_acc: 74.94, fidel_score: 76.06, acc_loss: 0.10201716469600797, grad_loss: None
2022-05-02 01:38:53,326 DEBUG epoch: 180, train_acc: 97.37830543518066, val_acc: 74.98, fidel_score: 76.1, acc_loss: 0.09584944043308496, grad_loss: None
2022-05-02 01:38:57,813 DEBUG epoch: 181, train_acc: 97.94921875, val_acc: 74.98, fidel_score: 76.1, acc_loss: 0.09901527501642704, grad_loss: None
2022-05-02 01:39:02,015 DEBUG epoch: 182, train_acc: 96.78485584259033, val_acc: 74.94, fidel_score: 76.07, acc_loss: 0.13135694433003664, grad_loss: None
2022-05-02 01:39:05,785 DEBUG epoch: 183, train_acc: 96.74729537963867, val_acc: 74.97, fidel_score: 76.07, acc_loss: 0.1141900704242289, grad_loss: None
2022-05-02 01:39:09,571 DEBUG epoch: 184, train_acc: 99.07602119445801, val_acc: 75.0, fidel_score: 76.1, acc_loss: 0.0756076192483306, grad_loss: None
2022-05-02 01:39:13,537 DEBUG epoch: 185, train_acc: 97.70883369445801, val_acc: 74.98, fidel_score: 76.07, acc_loss: 0.10106869786977768, grad_loss: None
2022-05-02 01:39:17,569 DEBUG epoch: 186, train_acc: 96.82992744445801, val_acc: 74.98, fidel_score: 76.05, acc_loss: 0.10913180559873581, grad_loss: None
2022-05-02 01:39:21,762 DEBUG epoch: 187, train_acc: 96.83743953704834, val_acc: 75.02, fidel_score: 76.08, acc_loss: 0.12579372432082891, grad_loss: None
2022-05-02 01:39:26,215 DEBUG epoch: 188, train_acc: 98.68539619445801, val_acc: 75.05, fidel_score: 76.13, acc_loss: 0.09406822174787521, grad_loss: None
2022-05-02 01:39:30,683 DEBUG epoch: 189, train_acc: 98.4375, val_acc: 75.04, fidel_score: 76.1, acc_loss: 0.09480569558218122, grad_loss: None
2022-05-02 01:39:35,140 DEBUG epoch: 190, train_acc: 98.49008369445801, val_acc: 74.96, fidel_score: 76.02, acc_loss: 0.0880563254468143, grad_loss: None
2022-05-02 01:39:39,339 DEBUG epoch: 191, train_acc: 98.6328125, val_acc: 74.97, fidel_score: 76.08, acc_loss: 0.07597422786056995, grad_loss: None
2022-05-02 01:39:43,333 DEBUG epoch: 192, train_acc: 96.88251209259033, val_acc: 75.0, fidel_score: 76.13, acc_loss: 0.12687348015606403, grad_loss: None
2022-05-02 01:39:47,814 DEBUG epoch: 193, train_acc: 98.512619972229, val_acc: 75.04, fidel_score: 76.16, acc_loss: 0.10889115929603577, grad_loss: None
2022-05-02 01:39:52,245 DEBUG epoch: 194, train_acc: 98.17457866668701, val_acc: 75.04, fidel_score: 76.16, acc_loss: 0.10597998229786754, grad_loss: None
2022-05-02 01:39:56,562 DEBUG epoch: 195, train_acc: 97.265625, val_acc: 75.04, fidel_score: 76.15, acc_loss: 0.11340854270383716, grad_loss: None
2022-05-02 01:40:00,735 DEBUG epoch: 196, train_acc: 97.85907459259033, val_acc: 75.06, fidel_score: 76.19, acc_loss: 0.10145516647025943, grad_loss: None
2022-05-02 01:40:05,088 DEBUG epoch: 197, train_acc: 98.121994972229, val_acc: 74.99, fidel_score: 76.12, acc_loss: 0.09697776800021529, grad_loss: None
2022-05-02 01:40:09,659 DEBUG epoch: 198, train_acc: 97.8515625, val_acc: 74.91, fidel_score: 76.1, acc_loss: 0.10093553271144629, grad_loss: None
2022-05-02 01:40:13,348 DEBUG epoch: 199, train_acc: 97.829026222229, val_acc: 74.91, fidel_score: 76.1, acc_loss: 0.10093750106170774, grad_loss: None
2022-05-02 01:40:17,979 DEBUG epoch: 200, train_acc: 97.90414619445801, val_acc: 74.94, fidel_score: 76.08, acc_loss: 0.10815296694636345, grad_loss: None
2022-05-02 01:40:22,336 DEBUG epoch: 201, train_acc: 98.92578125, val_acc: 74.96, fidel_score: 76.11, acc_loss: 0.07082853885367513, grad_loss: None
2022-05-02 01:40:26,936 DEBUG epoch: 202, train_acc: 97.69380950927734, val_acc: 74.99, fidel_score: 76.13, acc_loss: 0.10897657554596663, grad_loss: None
2022-05-02 01:40:31,508 DEBUG epoch: 203, train_acc: 97.536057472229, val_acc: 74.98, fidel_score: 76.11, acc_loss: 0.1015155864879489, grad_loss: None
2022-05-02 01:40:35,965 DEBUG epoch: 204, train_acc: 97.10035991668701, val_acc: 74.99, fidel_score: 76.09, acc_loss: 0.1142584253102541, grad_loss: None
2022-05-02 01:40:40,300 DEBUG epoch: 205, train_acc: 97.731369972229, val_acc: 75.0, fidel_score: 76.05, acc_loss: 0.10327051114290953, grad_loss: None
2022-05-02 01:40:44,442 DEBUG epoch: 206, train_acc: 97.19801616668701, val_acc: 74.84, fidel_score: 75.9, acc_loss: 0.12376911519095302, grad_loss: None
2022-05-02 01:40:49,082 DEBUG epoch: 207, train_acc: 98.39242744445801, val_acc: 74.79, fidel_score: 75.89, acc_loss: 0.08815099205821753, grad_loss: None
2022-05-02 01:40:53,401 DEBUG epoch: 208, train_acc: 98.78305244445801, val_acc: 74.82, fidel_score: 75.92, acc_loss: 0.07433540979400277, grad_loss: None
2022-05-02 01:40:57,814 DEBUG epoch: 209, train_acc: 98.046875, val_acc: 74.75, fidel_score: 75.92, acc_loss: 0.09518111310899258, grad_loss: None
2022-05-02 01:41:02,473 DEBUG epoch: 210, train_acc: 97.78395366668701, val_acc: 74.79, fidel_score: 75.96, acc_loss: 0.09909388655796647, grad_loss: None
2022-05-02 01:41:07,179 DEBUG epoch: 211, train_acc: 98.29477119445801, val_acc: 74.85, fidel_score: 76.01, acc_loss: 0.08780695358291268, grad_loss: None
2022-05-02 01:41:11,517 DEBUG epoch: 212, train_acc: 97.926682472229, val_acc: 74.9, fidel_score: 76.09, acc_loss: 0.1030417219735682, grad_loss: None
2022-05-02 01:41:15,705 DEBUG epoch: 213, train_acc: 96.852463722229, val_acc: 74.83, fidel_score: 76.02, acc_loss: 0.12488510506227612, grad_loss: None
2022-05-02 01:41:19,358 DEBUG epoch: 214, train_acc: 98.00180244445801, val_acc: 74.85, fidel_score: 76.02, acc_loss: 0.08992321044206619, grad_loss: None
2022-05-02 01:41:22,580 DEBUG epoch: 215, train_acc: 97.94921875, val_acc: 74.8, fidel_score: 75.96, acc_loss: 0.09161328943446279, grad_loss: None
2022-05-02 01:41:26,799 DEBUG epoch: 216, train_acc: 98.805588722229, val_acc: 74.82, fidel_score: 75.95, acc_loss: 0.08036551531404257, grad_loss: None
2022-05-02 01:41:31,099 DEBUG epoch: 217, train_acc: 98.34735584259033, val_acc: 74.89, fidel_score: 76.01, acc_loss: 0.09067062707617879, grad_loss: None
2022-05-02 01:41:35,448 DEBUG epoch: 218, train_acc: 97.731369972229, val_acc: 74.92, fidel_score: 76.06, acc_loss: 0.1109239449724555, grad_loss: None
2022-05-02 01:41:39,366 DEBUG epoch: 219, train_acc: 98.707932472229, val_acc: 74.9, fidel_score: 76.02, acc_loss: 0.08003562036901712, grad_loss: None
2022-05-02 01:41:43,407 DEBUG epoch: 220, train_acc: 97.85907459259033, val_acc: 74.87, fidel_score: 76.01, acc_loss: 0.10775006050243974, grad_loss: None
2022-05-02 01:41:47,795 DEBUG epoch: 221, train_acc: 97.58864116668701, val_acc: 74.86, fidel_score: 75.99, acc_loss: 0.11152963619679213, grad_loss: None
2022-05-02 01:41:52,168 DEBUG epoch: 222, train_acc: 98.29477119445801, val_acc: 74.85, fidel_score: 76.02, acc_loss: 0.09308136394247413, grad_loss: None
2022-05-02 01:41:56,458 DEBUG epoch: 223, train_acc: 98.024338722229, val_acc: 74.88, fidel_score: 76.04, acc_loss: 0.09660738473758101, grad_loss: None
2022-05-02 01:42:00,332 DEBUG epoch: 224, train_acc: 97.926682472229, val_acc: 74.91, fidel_score: 76.1, acc_loss: 0.10751484334468842, grad_loss: None
2022-05-02 01:42:04,337 DEBUG epoch: 225, train_acc: 96.49939918518066, val_acc: 74.88, fidel_score: 76.03, acc_loss: 0.1346997143700719, grad_loss: None
2022-05-02 01:42:08,801 DEBUG epoch: 226, train_acc: 98.17457866668701, val_acc: 74.9, fidel_score: 76.0, acc_loss: 0.09614090900868177, grad_loss: None
2022-05-02 01:42:13,231 DEBUG epoch: 227, train_acc: 97.95673084259033, val_acc: 74.87, fidel_score: 75.98, acc_loss: 0.10414551896974444, grad_loss: None
2022-05-02 01:42:17,507 DEBUG epoch: 228, train_acc: 98.19711494445801, val_acc: 74.91, fidel_score: 76.03, acc_loss: 0.09325387375429273, grad_loss: None
2022-05-02 01:42:21,230 DEBUG epoch: 229, train_acc: 96.88251209259033, val_acc: 74.84, fidel_score: 76.02, acc_loss: 0.11836686730384827, grad_loss: None
2022-05-02 01:42:24,358 DEBUG epoch: 230, train_acc: 97.02523994445801, val_acc: 74.93, fidel_score: 76.11, acc_loss: 0.1252782056108117, grad_loss: None
2022-05-02 01:42:28,242 DEBUG epoch: 231, train_acc: 98.00180244445801, val_acc: 74.97, fidel_score: 76.11, acc_loss: 0.0906325364485383, grad_loss: None
2022-05-02 01:42:32,569 DEBUG epoch: 232, train_acc: 97.79146575927734, val_acc: 74.93, fidel_score: 76.08, acc_loss: 0.10066780913621187, grad_loss: None
2022-05-02 01:42:36,974 DEBUG epoch: 233, train_acc: 98.512619972229, val_acc: 75.03, fidel_score: 76.16, acc_loss: 0.08049689745530486, grad_loss: None
2022-05-02 01:42:40,781 DEBUG epoch: 234, train_acc: 97.39332866668701, val_acc: 75.01, fidel_score: 76.14, acc_loss: 0.1288125067949295, grad_loss: None
2022-05-02 01:42:45,901 DEBUG epoch: 235, train_acc: 97.0703125, val_acc: 74.95, fidel_score: 76.08, acc_loss: 0.10856615006923676, grad_loss: None
2022-05-02 01:42:50,227 DEBUG epoch: 236, train_acc: 97.731369972229, val_acc: 74.9, fidel_score: 76.03, acc_loss: 0.11170358583331108, grad_loss: None
2022-05-02 01:42:54,737 DEBUG epoch: 237, train_acc: 97.22055244445801, val_acc: 74.9, fidel_score: 76.06, acc_loss: 0.10986701399087906, grad_loss: None
2022-05-02 01:42:58,738 DEBUG epoch: 238, train_acc: 97.20552825927734, val_acc: 74.88, fidel_score: 76.02, acc_loss: 0.11381150176748633, grad_loss: None
2022-05-02 01:43:02,479 DEBUG epoch: 239, train_acc: 98.317307472229, val_acc: 74.84, fidel_score: 75.97, acc_loss: 0.09784369729459286, grad_loss: None
2022-05-02 01:43:06,930 DEBUG epoch: 240, train_acc: 97.340744972229, val_acc: 74.84, fidel_score: 75.96, acc_loss: 0.11009529512375593, grad_loss: None
2022-05-02 01:43:11,170 DEBUG epoch: 241, train_acc: 98.121994972229, val_acc: 74.87, fidel_score: 75.99, acc_loss: 0.08593141660094261, grad_loss: None
2022-05-02 01:43:15,600 DEBUG epoch: 242, train_acc: 97.926682472229, val_acc: 74.86, fidel_score: 75.98, acc_loss: 0.09681777190417051, grad_loss: None
2022-05-02 01:43:19,482 DEBUG epoch: 243, train_acc: 98.73798084259033, val_acc: 74.88, fidel_score: 76.0, acc_loss: 0.09230492264032364, grad_loss: None
2022-05-02 01:43:23,416 DEBUG epoch: 244, train_acc: 97.10035991668701, val_acc: 74.87, fidel_score: 76.01, acc_loss: 0.12614679615944624, grad_loss: None
2022-05-02 01:43:27,251 DEBUG epoch: 245, train_acc: 97.19801616668701, val_acc: 74.87, fidel_score: 75.99, acc_loss: 0.12662222189828753, grad_loss: None
2022-05-02 01:43:31,132 DEBUG epoch: 246, train_acc: 97.36328125, val_acc: 74.85, fidel_score: 75.99, acc_loss: 0.11495963903144002, grad_loss: None
2022-05-02 01:43:35,271 DEBUG epoch: 247, train_acc: 97.70883369445801, val_acc: 74.83, fidel_score: 75.97, acc_loss: 0.10471847653388977, grad_loss: None
2022-05-02 01:43:39,443 DEBUG epoch: 248, train_acc: 97.61868953704834, val_acc: 74.85, fidel_score: 75.99, acc_loss: 0.12271650787442923, grad_loss: None
2022-05-02 01:43:43,760 DEBUG epoch: 249, train_acc: 97.10035991668701, val_acc: 74.84, fidel_score: 76.0, acc_loss: 0.11760321026667953, grad_loss: None
2022-05-02 01:43:48,097 DEBUG epoch: 250, train_acc: 98.00931453704834, val_acc: 74.83, fidel_score: 75.98, acc_loss: 0.10340663697570562, grad_loss: None
2022-05-02 01:43:52,422 DEBUG epoch: 251, train_acc: 97.27313709259033, val_acc: 74.82, fidel_score: 75.99, acc_loss: 0.11260734591633081, grad_loss: None
2022-05-02 01:43:56,820 DEBUG epoch: 252, train_acc: 97.18299293518066, val_acc: 74.83, fidel_score: 76.0, acc_loss: 0.11982389213517308, grad_loss: None
2022-05-02 01:44:01,071 DEBUG epoch: 253, train_acc: 97.93419456481934, val_acc: 74.82, fidel_score: 75.99, acc_loss: 0.10946158459410071, grad_loss: None
2022-05-02 01:44:05,486 DEBUG epoch: 254, train_acc: 98.56520366668701, val_acc: 74.81, fidel_score: 75.97, acc_loss: 0.08582444721832871, grad_loss: None
2022-05-02 01:44:09,978 DEBUG epoch: 255, train_acc: 97.22055244445801, val_acc: 74.81, fidel_score: 75.97, acc_loss: 0.12044765148311853, grad_loss: None
2022-05-02 01:44:14,361 DEBUG epoch: 256, train_acc: 96.754807472229, val_acc: 74.81, fidel_score: 75.98, acc_loss: 0.12495805881917477, grad_loss: None
2022-05-02 01:44:18,505 DEBUG epoch: 257, train_acc: 97.93419456481934, val_acc: 74.81, fidel_score: 75.98, acc_loss: 0.10284294746816158, grad_loss: None
2022-05-02 01:44:22,536 DEBUG epoch: 258, train_acc: 98.828125, val_acc: 74.85, fidel_score: 76.01, acc_loss: 0.0662673762999475, grad_loss: None
2022-05-02 01:44:27,000 DEBUG epoch: 259, train_acc: 97.51352119445801, val_acc: 74.86, fidel_score: 76.03, acc_loss: 0.10596864204853773, grad_loss: None
2022-05-02 01:44:30,603 DEBUG epoch: 260, train_acc: 97.51352119445801, val_acc: 74.84, fidel_score: 75.99, acc_loss: 0.1036284388974309, grad_loss: None
2022-05-02 01:44:34,366 DEBUG epoch: 261, train_acc: 97.731369972229, val_acc: 74.85, fidel_score: 76.0, acc_loss: 0.11407444719225168, grad_loss: None
2022-05-02 01:44:37,953 DEBUG epoch: 262, train_acc: 97.12289619445801, val_acc: 74.86, fidel_score: 75.98, acc_loss: 0.11014304310083389, grad_loss: None
2022-05-02 01:44:42,353 DEBUG epoch: 263, train_acc: 96.91255950927734, val_acc: 74.83, fidel_score: 75.93, acc_loss: 0.11035957746207714, grad_loss: None
2022-05-02 01:44:46,635 DEBUG epoch: 264, train_acc: 98.54266834259033, val_acc: 74.84, fidel_score: 75.94, acc_loss: 0.09435270493850112, grad_loss: None
2022-05-02 01:44:51,342 DEBUG epoch: 265, train_acc: 97.39332866668701, val_acc: 74.82, fidel_score: 75.93, acc_loss: 0.1215215902775526, grad_loss: None
2022-05-02 01:44:55,878 DEBUG epoch: 266, train_acc: 98.07692241668701, val_acc: 74.82, fidel_score: 75.93, acc_loss: 0.09008478512987494, grad_loss: None
2022-05-02 01:45:00,055 DEBUG epoch: 267, train_acc: 98.49008369445801, val_acc: 74.81, fidel_score: 75.93, acc_loss: 0.07582780346274376, grad_loss: None
2022-05-02 01:45:04,584 DEBUG epoch: 268, train_acc: 97.731369972229, val_acc: 74.84, fidel_score: 75.95, acc_loss: 0.10220116982236505, grad_loss: None
2022-05-02 01:45:09,047 DEBUG epoch: 269, train_acc: 98.36989116668701, val_acc: 74.81, fidel_score: 75.92, acc_loss: 0.09773761918768287, grad_loss: None
2022-05-02 01:45:13,432 DEBUG epoch: 270, train_acc: 97.58864116668701, val_acc: 74.84, fidel_score: 75.94, acc_loss: 0.11891703866422176, grad_loss: None
2022-05-02 01:45:17,646 DEBUG epoch: 271, train_acc: 98.18209075927734, val_acc: 74.84, fidel_score: 75.94, acc_loss: 0.09216030081734061, grad_loss: None
2022-05-02 01:45:21,692 DEBUG epoch: 272, train_acc: 97.70883369445801, val_acc: 74.85, fidel_score: 75.95, acc_loss: 0.1017714636400342, grad_loss: None
2022-05-02 01:45:26,251 DEBUG epoch: 273, train_acc: 97.61117744445801, val_acc: 74.81, fidel_score: 75.93, acc_loss: 0.09339181100949645, grad_loss: None
2022-05-02 01:45:30,518 DEBUG epoch: 274, train_acc: 98.2421875, val_acc: 74.81, fidel_score: 75.92, acc_loss: 0.09779772441834211, grad_loss: None
2022-05-02 01:45:34,746 DEBUG epoch: 275, train_acc: 97.90414619445801, val_acc: 74.78, fidel_score: 75.89, acc_loss: 0.08631468843668699, grad_loss: None
2022-05-02 01:45:37,456 DEBUG epoch: 276, train_acc: 97.85907459259033, val_acc: 74.87, fidel_score: 75.98, acc_loss: 0.10248063551262021, grad_loss: None
2022-05-02 01:45:42,187 DEBUG epoch: 277, train_acc: 98.6328125, val_acc: 74.83, fidel_score: 75.97, acc_loss: 0.08642425667494535, grad_loss: None
2022-05-02 01:45:46,536 DEBUG epoch: 278, train_acc: 96.70973491668701, val_acc: 74.84, fidel_score: 75.98, acc_loss: 0.11578911077231169, grad_loss: None
2022-05-02 01:45:51,202 DEBUG epoch: 279, train_acc: 97.34825706481934, val_acc: 74.79, fidel_score: 75.93, acc_loss: 0.12147634895518422, grad_loss: None
2022-05-02 01:45:55,704 DEBUG epoch: 280, train_acc: 98.046875, val_acc: 74.83, fidel_score: 75.95, acc_loss: 0.08570900978520513, grad_loss: None
2022-05-02 01:45:59,913 DEBUG epoch: 281, train_acc: 96.45432662963867, val_acc: 74.82, fidel_score: 75.94, acc_loss: 0.12209534086287022, grad_loss: None
2022-05-02 01:46:04,424 DEBUG epoch: 282, train_acc: 98.24969959259033, val_acc: 74.85, fidel_score: 75.95, acc_loss: 0.09097943035885692, grad_loss: None
2022-05-02 01:46:09,054 DEBUG epoch: 283, train_acc: 97.28064918518066, val_acc: 74.85, fidel_score: 75.96, acc_loss: 0.11278795171529055, grad_loss: None
2022-05-02 01:46:13,577 DEBUG epoch: 284, train_acc: 98.53515625, val_acc: 74.82, fidel_score: 75.94, acc_loss: 0.08340250281617045, grad_loss: None
2022-05-02 01:46:17,592 DEBUG epoch: 285, train_acc: 97.68629741668701, val_acc: 74.83, fidel_score: 75.93, acc_loss: 0.11152028432115912, grad_loss: None
2022-05-02 01:46:21,400 DEBUG epoch: 286, train_acc: 98.19711494445801, val_acc: 74.82, fidel_score: 75.94, acc_loss: 0.10246510896831751, grad_loss: None
2022-05-02 01:46:25,755 DEBUG epoch: 287, train_acc: 97.51352119445801, val_acc: 74.84, fidel_score: 75.94, acc_loss: 0.09713321132585406, grad_loss: None
2022-05-02 01:46:30,310 DEBUG epoch: 288, train_acc: 97.93419456481934, val_acc: 74.83, fidel_score: 75.95, acc_loss: 0.11314202938228846, grad_loss: None
2022-05-02 01:46:34,965 DEBUG epoch: 289, train_acc: 97.94921875, val_acc: 74.85, fidel_score: 75.97, acc_loss: 0.10303214425221086, grad_loss: None
2022-05-02 01:46:38,761 DEBUG epoch: 290, train_acc: 98.19711494445801, val_acc: 74.83, fidel_score: 75.96, acc_loss: 0.09607676742598414, grad_loss: None
2022-05-02 01:46:41,996 DEBUG epoch: 291, train_acc: 96.88251209259033, val_acc: 74.81, fidel_score: 75.94, acc_loss: 0.11988374404609203, grad_loss: None
2022-05-02 01:46:46,455 DEBUG epoch: 292, train_acc: 97.66376209259033, val_acc: 74.84, fidel_score: 75.97, acc_loss: 0.104827381670475, grad_loss: None
2022-05-02 01:46:50,903 DEBUG epoch: 293, train_acc: 98.121994972229, val_acc: 74.86, fidel_score: 75.99, acc_loss: 0.10447671730071306, grad_loss: None
2022-05-02 01:46:54,803 DEBUG epoch: 294, train_acc: 97.22055244445801, val_acc: 74.83, fidel_score: 75.97, acc_loss: 0.11626558471471071, grad_loss: None
2022-05-02 01:46:58,516 DEBUG epoch: 295, train_acc: 96.852463722229, val_acc: 74.81, fidel_score: 75.93, acc_loss: 0.12859851401299238, grad_loss: None
2022-05-02 01:47:02,866 DEBUG epoch: 296, train_acc: 98.6328125, val_acc: 74.85, fidel_score: 75.97, acc_loss: 0.07497912552207708, grad_loss: None
2022-05-02 01:47:07,206 DEBUG epoch: 297, train_acc: 97.80648994445801, val_acc: 74.85, fidel_score: 75.97, acc_loss: 0.10337727097794414, grad_loss: None
2022-05-02 01:47:11,502 DEBUG epoch: 298, train_acc: 97.34825706481934, val_acc: 74.85, fidel_score: 75.97, acc_loss: 0.11067752703092992, grad_loss: None
2022-05-02 01:47:15,529 DEBUG epoch: 299, train_acc: 97.61868953704834, val_acc: 74.86, fidel_score: 75.98, acc_loss: 0.09642624948173761, grad_loss: None
2022-05-02 01:47:19,561 DEBUG epoch: 300, train_acc: 96.80739116668701, val_acc: 74.89, fidel_score: 76.01, acc_loss: 0.127549160271883, grad_loss: None
2022-05-02 01:47:19,561 DEBUG load best stealed model.
2022-05-02 01:47:19,561 DEBUG Best perform model, val_acc: 75.21, fidel_score: 76.31, acc_loss: 0.1509361881762743
2022-05-02 01:47:19,564 DEBUG load cloest stealed model.
2022-05-02 01:47:19,564 DEBUG Closest perform model, val_acc: 75.21, fidel_score: 76.31, acc_loss: 0.1509361881762743
