2022-04-30 21:55:42,461 DEBUG Namespace(arch='vgg11_bn', attack_client=0, attack_epochs=300, attack_style='TrainME_option', average_time=1, batch_size=128, bottleneck_option='None', cutlayer=4, data_proportion=0.02, dataset='svhn', filename='ace_V2_epoch_vgg11_bn_cutlayer_4_client_1_seed125_dataset_svhn_lr_0.05_200epoch', folder='saves/baseline', learning_rate=0.005, noniid_ratio=1.0, num_client=1, num_epochs='best', num_query=1, random_seed=123, regularization='None', regularization_strength=0.0, scheme='V2_epoch', surrogate_arch='same', test_best=True, train_clas_layer=2.0)
2022-04-30 21:55:46,638 DEBUG Test (client-0):	Loss 0.0372 (0.1713)	Prec@1 97.917 (95.267)
2022-04-30 21:55:46,638 DEBUG  * Prec@1 95.267
2022-04-30 21:55:46,743 DEBUG 4
2022-04-30 21:55:46,743 DEBUG surrogate parameter has 4 trainable parameters!
2022-04-30 21:55:53,125 DEBUG epoch: 0, val_acc: 12.661339887022313, val_fidelity: 12.553779961950001
2022-04-30 21:55:56,228 DEBUG epoch: 1, train_acc: 37.616502126057945, val_acc: 84.33850644421709, fidel_score: 86.00952673163528, acc_loss: 2.0692216952641806, grad_loss: None
2022-04-30 21:55:59,329 DEBUG epoch: 2, train_acc: 89.2269738515218, val_acc: 94.81407497525582, fidel_score: 97.4492931729383, acc_loss: 1.3115352193514507, grad_loss: None
2022-04-30 21:56:02,413 DEBUG epoch: 3, train_acc: 92.33484077453613, val_acc: 95.34803318523086, fidel_score: 98.67086662569146, acc_loss: 0.7958983778953552, grad_loss: None
2022-04-30 21:56:05,520 DEBUG epoch: 4, train_acc: 91.79801686604817, val_acc: 95.44791025960086, fidel_score: 98.99354640442532, acc_loss: 0.566041832168897, grad_loss: None
2022-04-30 21:56:08,633 DEBUG epoch: 5, train_acc: 94.7265625, val_acc: 95.40949600022779, fidel_score: 99.02811923786109, acc_loss: 0.3506237094600995, grad_loss: None
2022-04-30 21:56:11,706 DEBUG epoch: 6, train_acc: 92.59639994303386, val_acc: 95.4479102642901, fidel_score: 99.00891210348532, acc_loss: 0.382166750729084, grad_loss: None
2022-04-30 21:56:14,836 DEBUG epoch: 7, train_acc: 92.33484077453613, val_acc: 95.4479102642901, fidel_score: 98.92440073286454, acc_loss: 0.3686061625679334, grad_loss: None
2022-04-30 21:56:17,903 DEBUG epoch: 8, train_acc: 94.20687103271484, val_acc: 95.47095881991395, fidel_score: 98.84373078818108, acc_loss: 0.2918435310324033, grad_loss: None
2022-04-30 21:56:20,989 DEBUG epoch: 9, train_acc: 94.18973859151204, val_acc: 95.46327596803934, fidel_score: 98.87446219567954, acc_loss: 0.2602706663310528, grad_loss: None
2022-04-30 21:56:24,075 DEBUG epoch: 10, train_acc: 93.2622896830241, val_acc: 95.45943454210203, fidel_score: 98.82068223255723, acc_loss: 0.2886737907926242, grad_loss: None
2022-04-30 21:56:27,155 DEBUG epoch: 11, train_acc: 94.38505109151204, val_acc: 95.45175169022741, fidel_score: 98.82836508443184, acc_loss: 0.24060208598772684, grad_loss: None
2022-04-30 21:56:30,273 DEBUG epoch: 12, train_acc: 92.59639994303386, val_acc: 95.4402274124155, fidel_score: 98.87446219567954, acc_loss: 0.27893579999605816, grad_loss: None
2022-04-30 21:56:33,372 DEBUG epoch: 13, train_acc: 93.88135019938152, val_acc: 95.42870313460357, fidel_score: 98.9013521772407, acc_loss: 0.25003438505033654, grad_loss: None
2022-04-30 21:56:36,461 DEBUG epoch: 14, train_acc: 93.34338442484538, val_acc: 95.46327596803934, fidel_score: 98.84757221411839, acc_loss: 0.24680887224773565, grad_loss: None
2022-04-30 21:56:39,550 DEBUG epoch: 15, train_acc: 91.44051551818848, val_acc: 95.47480024585126, fidel_score: 98.72080515818722, acc_loss: 0.29387430225809413, grad_loss: None
2022-04-30 21:56:42,645 DEBUG epoch: 16, train_acc: 93.03499603271484, val_acc: 95.4940073755378, fidel_score: 98.67854947287684, acc_loss: 0.25412334129214287, grad_loss: None
2022-04-30 21:56:45,757 DEBUG epoch: 17, train_acc: 93.71801884969075, val_acc: 95.48632452366319, fidel_score: 98.67086662100222, acc_loss: 0.22478029442330202, grad_loss: None
2022-04-30 21:56:48,831 DEBUG epoch: 18, train_acc: 93.73400942484538, val_acc: 95.47480024585126, fidel_score: 98.70928088037529, acc_loss: 0.25376641129453975, grad_loss: None
2022-04-30 21:56:51,907 DEBUG epoch: 19, train_acc: 92.07556660970052, val_acc: 95.47864167178857, fidel_score: 98.69007375068875, acc_loss: 0.28260456149776775, grad_loss: None
2022-04-30 21:56:55,003 DEBUG epoch: 20, train_acc: 92.92077827453613, val_acc: 95.50169022741241, fidel_score: 98.64013521350375, acc_loss: 0.2559177490572135, grad_loss: None
2022-04-30 21:56:58,102 DEBUG epoch: 21, train_acc: 92.40108744303386, val_acc: 95.4901659496005, fidel_score: 98.62476950975451, acc_loss: 0.26404866948723793, grad_loss: None
2022-04-30 21:57:01,201 DEBUG epoch: 22, train_acc: 93.2143185933431, val_acc: 95.47480024585126, fidel_score: 98.60172095413067, acc_loss: 0.24660350382328033, grad_loss: None
2022-04-30 21:57:04,285 DEBUG epoch: 23, train_acc: 92.88879776000977, val_acc: 95.48248309772588, fidel_score: 98.54409956507105, acc_loss: 0.2406145203858614, grad_loss: None
2022-04-30 21:57:07,408 DEBUG epoch: 24, train_acc: 94.17374801635742, val_acc: 95.50937307928703, fidel_score: 98.5709895466322, acc_loss: 0.224607078358531, grad_loss: None
2022-04-30 21:57:10,531 DEBUG epoch: 25, train_acc: 93.44161160786946, val_acc: 95.4978488014751, fidel_score: 98.58251382444413, acc_loss: 0.2566920146346092, grad_loss: None
2022-04-30 21:57:13,601 DEBUG epoch: 26, train_acc: 93.50671577453613, val_acc: 95.48632452366319, fidel_score: 98.60940380600529, acc_loss: 0.23072661024828753, grad_loss: None
2022-04-30 21:57:16,749 DEBUG epoch: 27, train_acc: 92.61239051818848, val_acc: 95.4978488014751, fidel_score: 98.57867239850682, acc_loss: 0.2451746165752411, grad_loss: None
2022-04-30 21:57:19,842 DEBUG epoch: 28, train_acc: 92.18864186604817, val_acc: 95.48632452366319, fidel_score: 98.55562384288298, acc_loss: 0.24490290631850561, grad_loss: None
2022-04-30 21:57:22,964 DEBUG epoch: 29, train_acc: 93.4096310933431, val_acc: 95.50169022741241, fidel_score: 98.53257528725914, acc_loss: 0.24012242878476778, grad_loss: None
2022-04-30 21:57:26,069 DEBUG epoch: 30, train_acc: 94.1097863515218, val_acc: 95.47095881991395, fidel_score: 98.5172095835099, acc_loss: 0.2075763319929441, grad_loss: None
2022-04-30 21:57:29,172 DEBUG epoch: 31, train_acc: 93.75114186604817, val_acc: 95.47480024585126, fidel_score: 98.5172095835099, acc_loss: 0.217228123297294, grad_loss: None
2022-04-30 21:57:32,271 DEBUG epoch: 32, train_acc: 94.88989384969075, val_acc: 95.47095881991395, fidel_score: 98.58635525038144, acc_loss: 0.19743129735191664, grad_loss: None
2022-04-30 21:57:35,383 DEBUG epoch: 33, train_acc: 92.5472863515218, val_acc: 95.4940073755378, fidel_score: 98.5671481206949, acc_loss: 0.25308745975295704, grad_loss: None
2022-04-30 21:57:38,477 DEBUG epoch: 34, train_acc: 91.47249603271484, val_acc: 95.4940073755378, fidel_score: 98.48263675007412, acc_loss: 0.26117629930377007, grad_loss: None
2022-04-30 21:57:41,585 DEBUG epoch: 35, train_acc: 94.61348660786946, val_acc: 95.4978488014751, fidel_score: 98.4173325091399, acc_loss: 0.19731252236912647, grad_loss: None
2022-04-30 21:57:44,697 DEBUG epoch: 36, train_acc: 92.2548885345459, val_acc: 95.43254456054088, fidel_score: 98.37123539789219, acc_loss: 0.26742849809428054, grad_loss: None
2022-04-30 21:57:47,788 DEBUG epoch: 37, train_acc: 93.5718199412028, val_acc: 95.43638598647819, fidel_score: 98.37891824976681, acc_loss: 0.22386744556327662, grad_loss: None
2022-04-30 21:57:50,889 DEBUG epoch: 38, train_acc: 93.06811968485515, val_acc: 95.43254456054088, fidel_score: 98.40580823132797, acc_loss: 0.23758170132835707, grad_loss: None
2022-04-30 21:57:53,977 DEBUG epoch: 39, train_acc: 93.14921442667644, val_acc: 95.46711739397665, fidel_score: 98.44038106476374, acc_loss: 0.22984359972178936, grad_loss: None
2022-04-30 21:57:57,066 DEBUG epoch: 40, train_acc: 93.97843551635742, val_acc: 95.51321450522434, fidel_score: 98.48647817601143, acc_loss: 0.2155206116537253, grad_loss: None
2022-04-30 21:58:00,146 DEBUG epoch: 41, train_acc: 94.07666269938152, val_acc: 95.47095881991395, fidel_score: 98.52489243538452, acc_loss: 0.20904613782962164, grad_loss: None
2022-04-30 21:58:03,220 DEBUG epoch: 42, train_acc: 94.43530718485515, val_acc: 95.47095881991395, fidel_score: 98.53257528725914, acc_loss: 0.19468576274812222, grad_loss: None
2022-04-30 21:58:06,318 DEBUG epoch: 43, train_acc: 94.85677083333333, val_acc: 95.4978488014751, fidel_score: 98.5709895466322, acc_loss: 0.19881609889368215, grad_loss: None
2022-04-30 21:58:09,434 DEBUG epoch: 44, train_acc: 93.2622896830241, val_acc: 95.50937307928703, fidel_score: 98.49031960194874, acc_loss: 0.22688130599757036, grad_loss: None
2022-04-30 21:58:12,543 DEBUG epoch: 45, train_acc: 94.05953025817871, val_acc: 95.4940073755378, fidel_score: 98.49031960194874, acc_loss: 0.2056118299563726, grad_loss: None
2022-04-30 21:58:15,625 DEBUG epoch: 46, train_acc: 94.18973859151204, val_acc: 95.48632452366319, fidel_score: 98.44422249070105, acc_loss: 0.20739821096261343, grad_loss: None
2022-04-30 21:58:18,713 DEBUG epoch: 47, train_acc: 92.7425988515218, val_acc: 95.45175169022741, fidel_score: 98.36355254601759, acc_loss: 0.22968366059164205, grad_loss: None
2022-04-30 21:58:21,840 DEBUG epoch: 48, train_acc: 93.49072519938152, val_acc: 95.47480024585126, fidel_score: 98.44038106476374, acc_loss: 0.2107684618482987, grad_loss: None
2022-04-30 21:58:24,937 DEBUG epoch: 49, train_acc: 91.0658810933431, val_acc: 95.4978488014751, fidel_score: 98.43653963882643, acc_loss: 0.27345581104358035, grad_loss: None
2022-04-30 21:58:28,015 DEBUG epoch: 50, train_acc: 93.8482271830241, val_acc: 95.50937307928703, fidel_score: 98.41349108320259, acc_loss: 0.2094240995744864, grad_loss: None
2022-04-30 21:58:31,101 DEBUG epoch: 51, train_acc: 94.0435396830241, val_acc: 95.52473878303627, fidel_score: 98.41349108320259, acc_loss: 0.21926400562127432, grad_loss: None
2022-04-30 21:58:34,200 DEBUG epoch: 52, train_acc: 93.359375, val_acc: 95.50553165334972, fidel_score: 98.4672710463249, acc_loss: 0.22137275555481514, grad_loss: None
2022-04-30 21:58:37,317 DEBUG epoch: 53, train_acc: 93.4576021830241, val_acc: 95.4978488014751, fidel_score: 98.40580823132797, acc_loss: 0.20989000362654528, grad_loss: None
2022-04-30 21:58:40,391 DEBUG epoch: 54, train_acc: 92.96989186604817, val_acc: 95.4978488014751, fidel_score: 98.40580823132797, acc_loss: 0.2306151141722997, grad_loss: None
2022-04-30 21:58:43,476 DEBUG epoch: 55, train_acc: 94.48327827453613, val_acc: 95.4901659496005, fidel_score: 98.43653963882643, acc_loss: 0.1963092666119337, grad_loss: None
2022-04-30 21:58:46,569 DEBUG epoch: 56, train_acc: 94.14176686604817, val_acc: 95.50553165334972, fidel_score: 98.44422249070105, acc_loss: 0.20595556187132993, grad_loss: None
2022-04-30 21:58:49,670 DEBUG epoch: 57, train_acc: 93.3765074412028, val_acc: 95.52473878303627, fidel_score: 98.50184387976067, acc_loss: 0.21392092605431876, grad_loss: None
2022-04-30 21:58:52,745 DEBUG epoch: 58, train_acc: 94.40104166666667, val_acc: 95.53242163491088, fidel_score: 98.5671481206949, acc_loss: 0.18646157750238976, grad_loss: None
2022-04-30 21:58:55,822 DEBUG epoch: 59, train_acc: 92.7905699412028, val_acc: 95.53242163491088, fidel_score: 98.57867239850682, acc_loss: 0.23751686389247575, grad_loss: None
2022-04-30 21:58:58,929 DEBUG epoch: 60, train_acc: 92.02645301818848, val_acc: 95.53242163491088, fidel_score: 98.5633066947576, acc_loss: 0.2572921998798847, grad_loss: None
2022-04-30 21:59:02,028 DEBUG epoch: 61, train_acc: 93.24629910786946, val_acc: 95.53242163491088, fidel_score: 98.55562384288298, acc_loss: 0.2269121507803599, grad_loss: None
2022-04-30 21:59:05,101 DEBUG epoch: 62, train_acc: 94.64546775817871, val_acc: 95.53626306084819, fidel_score: 98.54409956507105, acc_loss: 0.19173268725474676, grad_loss: None
2022-04-30 21:59:08,211 DEBUG epoch: 63, train_acc: 94.58036359151204, val_acc: 95.52858020897357, fidel_score: 98.55178241694567, acc_loss: 0.18752861550698677, grad_loss: None
2022-04-30 21:59:11,319 DEBUG epoch: 64, train_acc: 92.57926686604817, val_acc: 95.53242163491088, fidel_score: 98.54409956507105, acc_loss: 0.23999867464105287, grad_loss: None
2022-04-30 21:59:14,411 DEBUG epoch: 65, train_acc: 93.24629910786946, val_acc: 95.52858020897357, fidel_score: 98.53641671319645, acc_loss: 0.22444086149334908, grad_loss: None
2022-04-30 21:59:17,513 DEBUG epoch: 66, train_acc: 92.64437103271484, val_acc: 95.53242163491088, fidel_score: 98.52873386132183, acc_loss: 0.22541896998882294, grad_loss: None
2022-04-30 21:59:20,599 DEBUG epoch: 67, train_acc: 93.5238488515218, val_acc: 95.53242163491088, fidel_score: 98.51336815757259, acc_loss: 0.222829503317674, grad_loss: None
2022-04-30 21:59:23,709 DEBUG epoch: 68, train_acc: 92.77457936604817, val_acc: 95.52858020897357, fidel_score: 98.49800245382336, acc_loss: 0.22477969278891882, grad_loss: None
2022-04-30 21:59:26,792 DEBUG epoch: 69, train_acc: 93.29541269938152, val_acc: 95.53626306084819, fidel_score: 98.50184387976067, acc_loss: 0.21393399002651373, grad_loss: None
2022-04-30 21:59:29,882 DEBUG epoch: 70, train_acc: 92.58040936787923, val_acc: 95.52858020897357, fidel_score: 98.50568530569798, acc_loss: 0.2266822432478269, grad_loss: None
2022-04-30 21:59:32,985 DEBUG epoch: 71, train_acc: 93.36051686604817, val_acc: 95.50937307928703, fidel_score: 98.51336815757259, acc_loss: 0.22311184803644815, grad_loss: None
2022-04-30 21:59:36,082 DEBUG epoch: 72, train_acc: 93.24629910786946, val_acc: 95.4901659496005, fidel_score: 98.49416102788605, acc_loss: 0.21515066052476564, grad_loss: None
2022-04-30 21:59:39,185 DEBUG epoch: 73, train_acc: 93.10124270121257, val_acc: 95.4978488014751, fidel_score: 98.50184387976067, acc_loss: 0.23256087427337965, grad_loss: None
2022-04-30 21:59:42,278 DEBUG epoch: 74, train_acc: 93.2143185933431, val_acc: 95.48248309772588, fidel_score: 98.48263675007412, acc_loss: 0.21907753124833107, grad_loss: None
2022-04-30 21:59:45,411 DEBUG epoch: 75, train_acc: 92.64437103271484, val_acc: 95.4901659496005, fidel_score: 98.4672710463249, acc_loss: 0.2423357709000508, grad_loss: None
2022-04-30 21:59:48,535 DEBUG epoch: 76, train_acc: 92.93676884969075, val_acc: 95.4978488014751, fidel_score: 98.48647817601143, acc_loss: 0.2429636319478353, grad_loss: None
2022-04-30 21:59:51,619 DEBUG epoch: 77, train_acc: 93.44161160786946, val_acc: 95.4940073755378, fidel_score: 98.48647817601143, acc_loss: 0.21156097948551178, grad_loss: None
2022-04-30 21:59:54,676 DEBUG epoch: 78, train_acc: 92.85681660970052, val_acc: 95.50553165334972, fidel_score: 98.49800245382336, acc_loss: 0.22480095674594244, grad_loss: None
2022-04-30 21:59:57,768 DEBUG epoch: 79, train_acc: 93.29541269938152, val_acc: 95.50937307928703, fidel_score: 98.48263675007412, acc_loss: 0.23001863931616148, grad_loss: None
2022-04-30 22:00:00,892 DEBUG epoch: 80, train_acc: 92.62723859151204, val_acc: 95.50937307928703, fidel_score: 98.47495389819952, acc_loss: 0.24784566586216292, grad_loss: None
2022-04-30 22:00:03,974 DEBUG epoch: 81, train_acc: 93.94759686787923, val_acc: 95.51321450522434, fidel_score: 98.47879532413683, acc_loss: 0.220709557334582, grad_loss: None
2022-04-30 22:00:07,086 DEBUG epoch: 82, train_acc: 92.69348526000977, val_acc: 95.51321450522434, fidel_score: 98.45190534257567, acc_loss: 0.24093101577212414, grad_loss: None
2022-04-30 22:00:10,192 DEBUG epoch: 83, train_acc: 93.40848859151204, val_acc: 95.50553165334972, fidel_score: 98.42885678695181, acc_loss: 0.2213116561373075, grad_loss: None
2022-04-30 22:00:13,304 DEBUG epoch: 84, train_acc: 93.27828025817871, val_acc: 95.4978488014751, fidel_score: 98.41349108320259, acc_loss: 0.21945442631840706, grad_loss: None
2022-04-30 22:00:16,417 DEBUG epoch: 85, train_acc: 93.47473526000977, val_acc: 95.4978488014751, fidel_score: 98.41349108320259, acc_loss: 0.2193449530750513, grad_loss: None
2022-04-30 22:00:19,496 DEBUG epoch: 86, train_acc: 93.27942276000977, val_acc: 95.50169022741241, fidel_score: 98.41349108320259, acc_loss: 0.21894768563409647, grad_loss: None
2022-04-30 22:00:22,589 DEBUG epoch: 87, train_acc: 93.73515192667644, val_acc: 95.50553165334972, fidel_score: 98.41349108320259, acc_loss: 0.22213365199665228, grad_loss: None
2022-04-30 22:00:25,670 DEBUG epoch: 88, train_acc: 92.46504910786946, val_acc: 95.48248309772588, fidel_score: 98.40196680539066, acc_loss: 0.23300429992377758, grad_loss: None
2022-04-30 22:00:28,753 DEBUG epoch: 89, train_acc: 93.81624603271484, val_acc: 95.47864167178857, fidel_score: 98.39812537945335, acc_loss: 0.21422718341151872, grad_loss: None
2022-04-30 22:00:31,871 DEBUG epoch: 90, train_acc: 92.62723859151204, val_acc: 95.48632452366319, fidel_score: 98.40964965726528, acc_loss: 0.2440260803947846, grad_loss: None
2022-04-30 22:00:34,990 DEBUG epoch: 91, train_acc: 93.68489583333333, val_acc: 95.48632452366319, fidel_score: 98.40580823132797, acc_loss: 0.2056843185176452, grad_loss: None
2022-04-30 22:00:38,090 DEBUG epoch: 92, train_acc: 94.01155853271484, val_acc: 95.4901659496005, fidel_score: 98.40196680539066, acc_loss: 0.19883302537103495, grad_loss: None
2022-04-30 22:00:41,216 DEBUG epoch: 93, train_acc: 93.7191613515218, val_acc: 95.50553165334972, fidel_score: 98.4250153610145, acc_loss: 0.2139895980556806, grad_loss: None
2022-04-30 22:00:44,306 DEBUG epoch: 94, train_acc: 93.23030853271484, val_acc: 95.4978488014751, fidel_score: 98.41349108320259, acc_loss: 0.23267878592014313, grad_loss: None
2022-04-30 22:00:47,393 DEBUG epoch: 95, train_acc: 93.79911359151204, val_acc: 95.4940073755378, fidel_score: 98.40964965726528, acc_loss: 0.2128388276323676, grad_loss: None
2022-04-30 22:00:50,511 DEBUG epoch: 96, train_acc: 93.68603769938152, val_acc: 95.50553165334972, fidel_score: 98.43653963882643, acc_loss: 0.2065650299191475, grad_loss: None
2022-04-30 22:00:53,619 DEBUG epoch: 97, train_acc: 92.48218218485515, val_acc: 95.50169022741241, fidel_score: 98.44038106476374, acc_loss: 0.23221266704301038, grad_loss: None
2022-04-30 22:00:56,717 DEBUG epoch: 98, train_acc: 92.96989186604817, val_acc: 95.50169022741241, fidel_score: 98.4211739350772, acc_loss: 0.24573425948619843, grad_loss: None
2022-04-30 22:00:59,813 DEBUG epoch: 99, train_acc: 94.07666269938152, val_acc: 95.50553165334972, fidel_score: 98.4250153610145, acc_loss: 0.19272205792367458, grad_loss: None
2022-04-30 22:01:02,912 DEBUG epoch: 100, train_acc: 93.13208134969075, val_acc: 95.50169022741241, fidel_score: 98.4250153610145, acc_loss: 0.22282244140903154, grad_loss: None
2022-04-30 22:01:06,008 DEBUG epoch: 101, train_acc: 93.62093353271484, val_acc: 95.4978488014751, fidel_score: 98.4250153610145, acc_loss: 0.20622335374355316, grad_loss: None
2022-04-30 22:01:09,116 DEBUG epoch: 102, train_acc: 93.63692410786946, val_acc: 95.4978488014751, fidel_score: 98.43269821288912, acc_loss: 0.21676199262340864, grad_loss: None
2022-04-30 22:01:12,191 DEBUG epoch: 103, train_acc: 93.4576021830241, val_acc: 95.50553165334972, fidel_score: 98.44806391663836, acc_loss: 0.20390976468722025, grad_loss: None
2022-04-30 22:01:15,298 DEBUG epoch: 104, train_acc: 93.39249801635742, val_acc: 95.4978488014751, fidel_score: 98.45190534257567, acc_loss: 0.2153102494776249, grad_loss: None
2022-04-30 22:01:18,396 DEBUG epoch: 105, train_acc: 93.08411026000977, val_acc: 95.4978488014751, fidel_score: 98.44806391663836, acc_loss: 0.21092448507746062, grad_loss: None
2022-04-30 22:01:21,472 DEBUG epoch: 106, train_acc: 93.78312301635742, val_acc: 95.4978488014751, fidel_score: 98.43653963882643, acc_loss: 0.20415420147279897, grad_loss: None
2022-04-30 22:01:24,551 DEBUG epoch: 107, train_acc: 92.92192077636719, val_acc: 95.51321450522434, fidel_score: 98.47879532413683, acc_loss: 0.22313521274675926, grad_loss: None
2022-04-30 22:01:27,666 DEBUG epoch: 108, train_acc: 93.39249801635742, val_acc: 95.50553165334972, fidel_score: 98.49416102788605, acc_loss: 0.202705147365729, grad_loss: None
2022-04-30 22:01:30,735 DEBUG epoch: 109, train_acc: 93.52270634969075, val_acc: 95.4978488014751, fidel_score: 98.51336815757259, acc_loss: 0.20498007163405418, grad_loss: None
2022-04-30 22:01:33,844 DEBUG epoch: 110, train_acc: 92.10754776000977, val_acc: 95.4901659496005, fidel_score: 98.5172095835099, acc_loss: 0.2417631143083175, grad_loss: None
2022-04-30 22:01:36,935 DEBUG epoch: 111, train_acc: 92.0595760345459, val_acc: 95.4940073755378, fidel_score: 98.5172095835099, acc_loss: 0.24499902004996935, grad_loss: None
2022-04-30 22:01:40,019 DEBUG epoch: 112, train_acc: 92.44905853271484, val_acc: 95.4978488014751, fidel_score: 98.5210510094472, acc_loss: 0.24100388462344804, grad_loss: None
2022-04-30 22:01:43,125 DEBUG epoch: 113, train_acc: 92.95390192667644, val_acc: 95.4940073755378, fidel_score: 98.50952673163528, acc_loss: 0.23620366863906384, grad_loss: None
2022-04-30 22:01:46,231 DEBUG epoch: 114, train_acc: 93.99442609151204, val_acc: 95.4978488014751, fidel_score: 98.49800245382336, acc_loss: 0.20793903494874635, grad_loss: None
2022-04-30 22:01:49,314 DEBUG epoch: 115, train_acc: 93.19718551635742, val_acc: 95.4940073755378, fidel_score: 98.49800245382336, acc_loss: 0.2071515955030918, grad_loss: None
2022-04-30 22:01:52,439 DEBUG epoch: 116, train_acc: 93.81624603271484, val_acc: 95.4978488014751, fidel_score: 98.48263675007412, acc_loss: 0.19911826153596243, grad_loss: None
2022-04-30 22:01:55,547 DEBUG epoch: 117, train_acc: 93.1811949412028, val_acc: 95.4978488014751, fidel_score: 98.49416102788605, acc_loss: 0.22275226563215256, grad_loss: None
2022-04-30 22:01:58,632 DEBUG epoch: 118, train_acc: 93.36051686604817, val_acc: 95.50553165334972, fidel_score: 98.49416102788605, acc_loss: 0.2069724661608537, grad_loss: None
2022-04-30 22:02:01,714 DEBUG epoch: 119, train_acc: 94.2388521830241, val_acc: 95.50553165334972, fidel_score: 98.49416102788605, acc_loss: 0.20416846623023352, grad_loss: None
2022-04-30 22:02:04,815 DEBUG epoch: 120, train_acc: 92.25374603271484, val_acc: 95.50169022741241, fidel_score: 98.48263675007412, acc_loss: 0.23912152027090391, grad_loss: None
2022-04-30 22:02:07,909 DEBUG epoch: 121, train_acc: 92.72546577453613, val_acc: 95.4978488014751, fidel_score: 98.45190534257567, acc_loss: 0.22908611223101616, grad_loss: None
2022-04-30 22:02:11,007 DEBUG epoch: 122, train_acc: 92.56441879272461, val_acc: 95.48632452366319, fidel_score: 98.44422249070105, acc_loss: 0.24557334805528322, grad_loss: None
2022-04-30 22:02:14,095 DEBUG epoch: 123, train_acc: 93.8482271830241, val_acc: 95.4940073755378, fidel_score: 98.44422249070105, acc_loss: 0.20884667709469795, grad_loss: None
2022-04-30 22:02:17,200 DEBUG epoch: 124, train_acc: 92.57926686604817, val_acc: 95.48632452366319, fidel_score: 98.4250153610145, acc_loss: 0.23350713650385538, grad_loss: None
2022-04-30 22:02:20,306 DEBUG epoch: 125, train_acc: 93.6529146830241, val_acc: 95.4901659496005, fidel_score: 98.40580823132797, acc_loss: 0.2319072261452675, grad_loss: None
2022-04-30 22:02:23,434 DEBUG epoch: 126, train_acc: 93.0361385345459, val_acc: 95.4940073755378, fidel_score: 98.40196680539066, acc_loss: 0.22251445924242338, grad_loss: None
2022-04-30 22:02:26,523 DEBUG epoch: 127, train_acc: 93.97843551635742, val_acc: 95.48248309772588, fidel_score: 98.39044252757874, acc_loss: 0.20459373171130815, grad_loss: None
2022-04-30 22:02:29,608 DEBUG epoch: 128, train_acc: 92.59639994303386, val_acc: 95.47864167178857, fidel_score: 98.37123539789219, acc_loss: 0.2344515509903431, grad_loss: None
2022-04-30 22:02:32,705 DEBUG epoch: 129, train_acc: 94.09379577636719, val_acc: 95.4940073755378, fidel_score: 98.39812537945335, acc_loss: 0.21273293221990267, grad_loss: None
2022-04-30 22:02:35,823 DEBUG epoch: 130, train_acc: 93.83223660786946, val_acc: 95.4901659496005, fidel_score: 98.39044252757874, acc_loss: 0.2152690558383862, grad_loss: None
2022-04-30 22:02:38,909 DEBUG epoch: 131, train_acc: 92.49703025817871, val_acc: 95.48248309772588, fidel_score: 98.41349108320259, acc_loss: 0.2351400706296166, grad_loss: None
2022-04-30 22:02:42,026 DEBUG epoch: 132, train_acc: 93.27942276000977, val_acc: 95.47480024585126, fidel_score: 98.4173325091399, acc_loss: 0.22851251934965452, grad_loss: None
2022-04-30 22:02:45,128 DEBUG epoch: 133, train_acc: 94.45015525817871, val_acc: 95.48632452366319, fidel_score: 98.44038106476374, acc_loss: 0.19797081624468169, grad_loss: None
2022-04-30 22:02:48,226 DEBUG epoch: 134, train_acc: 94.09265327453613, val_acc: 95.4901659496005, fidel_score: 98.45190534257567, acc_loss: 0.20873952470719814, grad_loss: None
2022-04-30 22:02:51,333 DEBUG epoch: 135, train_acc: 93.13208134969075, val_acc: 95.48632452366319, fidel_score: 98.46342962038759, acc_loss: 0.2085919970025619, grad_loss: None
2022-04-30 22:02:54,425 DEBUG epoch: 136, train_acc: 91.53760019938152, val_acc: 95.46711739397665, fidel_score: 98.4672710463249, acc_loss: 0.25287350080907345, grad_loss: None
2022-04-30 22:02:57,533 DEBUG epoch: 137, train_acc: 94.10864384969075, val_acc: 95.47095881991395, fidel_score: 98.4711124722622, acc_loss: 0.20220589451491833, grad_loss: None
2022-04-30 22:03:00,636 DEBUG epoch: 138, train_acc: 92.41707801818848, val_acc: 95.47095881991395, fidel_score: 98.47879532413683, acc_loss: 0.23133888468146324, grad_loss: None
2022-04-30 22:03:03,769 DEBUG epoch: 139, train_acc: 93.6529146830241, val_acc: 95.45559311616472, fidel_score: 98.49800245382336, acc_loss: 0.20165416287879148, grad_loss: None
2022-04-30 22:03:06,893 DEBUG epoch: 140, train_acc: 92.31885019938152, val_acc: 95.46327596803934, fidel_score: 98.49031960194874, acc_loss: 0.23938892781734467, grad_loss: None
2022-04-30 22:03:09,987 DEBUG epoch: 141, train_acc: 92.38395436604817, val_acc: 95.47480024585126, fidel_score: 98.48263675007412, acc_loss: 0.23867295434077582, grad_loss: None
2022-04-30 22:03:13,114 DEBUG epoch: 142, train_acc: 93.31140327453613, val_acc: 95.47095881991395, fidel_score: 98.44806391663836, acc_loss: 0.21661344294746718, grad_loss: None
2022-04-30 22:03:16,237 DEBUG epoch: 143, train_acc: 93.03499603271484, val_acc: 95.47480024585126, fidel_score: 98.43269821288912, acc_loss: 0.23472068086266518, grad_loss: None
2022-04-30 22:03:19,370 DEBUG epoch: 144, train_acc: 92.33484077453613, val_acc: 95.46711739397665, fidel_score: 98.4173325091399, acc_loss: 0.2506762444972992, grad_loss: None
2022-04-30 22:03:22,451 DEBUG epoch: 145, train_acc: 94.12577692667644, val_acc: 95.46711739397665, fidel_score: 98.4211739350772, acc_loss: 0.19103989067176977, grad_loss: None
2022-04-30 22:03:25,560 DEBUG epoch: 146, train_acc: 92.44905853271484, val_acc: 95.47480024585126, fidel_score: 98.40196680539066, acc_loss: 0.24036397909124693, grad_loss: None
2022-04-30 22:03:28,649 DEBUG epoch: 147, train_acc: 94.07552083333333, val_acc: 95.47480024585126, fidel_score: 98.37891824976681, acc_loss: 0.20637100096791983, grad_loss: None
2022-04-30 22:03:31,736 DEBUG epoch: 148, train_acc: 93.32739384969075, val_acc: 95.47864167178857, fidel_score: 98.39428395351605, acc_loss: 0.21879337107141814, grad_loss: None
2022-04-30 22:03:34,802 DEBUG epoch: 149, train_acc: 92.4330685933431, val_acc: 95.4901659496005, fidel_score: 98.40196680539066, acc_loss: 0.22213683649897575, grad_loss: None
2022-04-30 22:03:37,895 DEBUG epoch: 150, train_acc: 92.56441879272461, val_acc: 95.4940073755378, fidel_score: 98.39812537945335, acc_loss: 0.23857876658439636, grad_loss: None
2022-04-30 22:03:40,961 DEBUG epoch: 151, train_acc: 93.4576021830241, val_acc: 95.4978488014751, fidel_score: 98.39428395351605, acc_loss: 0.20951558525363603, grad_loss: None
2022-04-30 22:03:44,077 DEBUG epoch: 152, train_acc: 93.27828025817871, val_acc: 95.4901659496005, fidel_score: 98.38660110164143, acc_loss: 0.20837065453330675, grad_loss: None
2022-04-30 22:03:47,156 DEBUG epoch: 153, train_acc: 93.78312301635742, val_acc: 95.4940073755378, fidel_score: 98.39428395351605, acc_loss: 0.22233520882825056, grad_loss: None
2022-04-30 22:03:50,252 DEBUG epoch: 154, train_acc: 93.11723327636719, val_acc: 95.4940073755378, fidel_score: 98.39044252757874, acc_loss: 0.22084398008883, grad_loss: None
2022-04-30 22:03:53,348 DEBUG epoch: 155, train_acc: 93.53983942667644, val_acc: 95.48632452366319, fidel_score: 98.39428395351605, acc_loss: 0.21878737459580103, grad_loss: None
2022-04-30 22:03:56,459 DEBUG epoch: 156, train_acc: 93.97843551635742, val_acc: 95.48248309772588, fidel_score: 98.39812537945335, acc_loss: 0.21410007712741694, grad_loss: None
2022-04-30 22:03:59,573 DEBUG epoch: 157, train_acc: 92.5952574412028, val_acc: 95.47480024585126, fidel_score: 98.40580823132797, acc_loss: 0.24829763546586037, grad_loss: None
2022-04-30 22:04:02,695 DEBUG epoch: 158, train_acc: 93.53983942667644, val_acc: 95.47864167178857, fidel_score: 98.40196680539066, acc_loss: 0.21244171572228274, grad_loss: None
2022-04-30 22:04:05,794 DEBUG epoch: 159, train_acc: 93.34338442484538, val_acc: 95.47864167178857, fidel_score: 98.40580823132797, acc_loss: 0.21908715491493544, grad_loss: None
2022-04-30 22:04:08,925 DEBUG epoch: 160, train_acc: 93.62093353271484, val_acc: 95.47864167178857, fidel_score: 98.40580823132797, acc_loss: 0.19525648963948092, grad_loss: None
2022-04-30 22:04:12,021 DEBUG epoch: 161, train_acc: 92.93676884969075, val_acc: 95.47864167178857, fidel_score: 98.40580823132797, acc_loss: 0.2317258963982264, grad_loss: None
2022-04-30 22:04:15,129 DEBUG epoch: 162, train_acc: 93.08296775817871, val_acc: 95.47864167178857, fidel_score: 98.40580823132797, acc_loss: 0.2334555871784687, grad_loss: None
2022-04-30 22:04:18,213 DEBUG epoch: 163, train_acc: 94.28910827636719, val_acc: 95.48248309772588, fidel_score: 98.40580823132797, acc_loss: 0.1947669554501772, grad_loss: None
2022-04-30 22:04:21,321 DEBUG epoch: 164, train_acc: 93.39364051818848, val_acc: 95.48248309772588, fidel_score: 98.40580823132797, acc_loss: 0.21503309595088163, grad_loss: None
2022-04-30 22:04:24,430 DEBUG epoch: 165, train_acc: 93.81624603271484, val_acc: 95.47864167178857, fidel_score: 98.40196680539066, acc_loss: 0.21722707649072012, grad_loss: None
2022-04-30 22:04:27,562 DEBUG epoch: 166, train_acc: 93.45874468485515, val_acc: 95.48632452366319, fidel_score: 98.39812537945335, acc_loss: 0.22730861293772855, grad_loss: None
2022-04-30 22:04:30,702 DEBUG epoch: 167, train_acc: 93.06811968485515, val_acc: 95.48632452366319, fidel_score: 98.39812537945335, acc_loss: 0.22847581841051579, grad_loss: None
2022-04-30 22:04:33,813 DEBUG epoch: 168, train_acc: 93.6529146830241, val_acc: 95.4940073755378, fidel_score: 98.40196680539066, acc_loss: 0.20603298023343086, grad_loss: None
2022-04-30 22:04:36,932 DEBUG epoch: 169, train_acc: 93.58781051635742, val_acc: 95.4940073755378, fidel_score: 98.40196680539066, acc_loss: 0.20677726715803146, grad_loss: None
2022-04-30 22:04:40,028 DEBUG epoch: 170, train_acc: 93.5546875, val_acc: 95.4940073755378, fidel_score: 98.40580823132797, acc_loss: 0.2085748209307591, grad_loss: None
2022-04-30 22:04:43,126 DEBUG epoch: 171, train_acc: 94.20687103271484, val_acc: 95.4901659496005, fidel_score: 98.40964965726528, acc_loss: 0.2035907544195652, grad_loss: None
2022-04-30 22:04:46,221 DEBUG epoch: 172, train_acc: 93.00301551818848, val_acc: 95.4901659496005, fidel_score: 98.40964965726528, acc_loss: 0.21804111637175083, grad_loss: None
2022-04-30 22:04:49,333 DEBUG epoch: 173, train_acc: 93.52270634969075, val_acc: 95.4901659496005, fidel_score: 98.41349108320259, acc_loss: 0.20749803694585958, grad_loss: None
2022-04-30 22:04:52,428 DEBUG epoch: 174, train_acc: 95.08520634969075, val_acc: 95.4940073755378, fidel_score: 98.41349108320259, acc_loss: 0.17278436943888664, grad_loss: None
2022-04-30 22:04:55,527 DEBUG epoch: 175, train_acc: 92.3999449412028, val_acc: 95.4940073755378, fidel_score: 98.41349108320259, acc_loss: 0.24643987976014614, grad_loss: None
2022-04-30 22:04:58,637 DEBUG epoch: 176, train_acc: 93.34338442484538, val_acc: 95.48632452366319, fidel_score: 98.41349108320259, acc_loss: 0.20399923560520014, grad_loss: None
2022-04-30 22:05:01,758 DEBUG epoch: 177, train_acc: 92.1566613515218, val_acc: 95.4901659496005, fidel_score: 98.4173325091399, acc_loss: 0.2524976146717866, grad_loss: None
2022-04-30 22:05:04,841 DEBUG epoch: 178, train_acc: 93.23030853271484, val_acc: 95.48632452366319, fidel_score: 98.4173325091399, acc_loss: 0.2133180983364582, grad_loss: None
2022-04-30 22:05:07,937 DEBUG epoch: 179, train_acc: 92.53015327453613, val_acc: 95.48248309772588, fidel_score: 98.41349108320259, acc_loss: 0.23872756958007812, grad_loss: None
2022-04-30 22:05:11,016 DEBUG epoch: 180, train_acc: 93.06811968485515, val_acc: 95.48632452366319, fidel_score: 98.4173325091399, acc_loss: 0.23460210673511028, grad_loss: None
2022-04-30 22:05:14,107 DEBUG epoch: 181, train_acc: 94.17374801635742, val_acc: 95.48632452366319, fidel_score: 98.4173325091399, acc_loss: 0.1975626622637113, grad_loss: None
2022-04-30 22:05:17,207 DEBUG epoch: 182, train_acc: 94.3530699412028, val_acc: 95.48248309772588, fidel_score: 98.41349108320259, acc_loss: 0.18896671881278357, grad_loss: None
2022-04-30 22:05:20,322 DEBUG epoch: 183, train_acc: 93.92932192484538, val_acc: 95.47864167178857, fidel_score: 98.4173325091399, acc_loss: 0.19679119189580283, grad_loss: None
2022-04-30 22:05:23,390 DEBUG epoch: 184, train_acc: 94.71171442667644, val_acc: 95.48632452366319, fidel_score: 98.4250153610145, acc_loss: 0.1762455590069294, grad_loss: None
2022-04-30 22:05:26,512 DEBUG epoch: 185, train_acc: 92.46504910786946, val_acc: 95.4901659496005, fidel_score: 98.42885678695181, acc_loss: 0.23666132365663847, grad_loss: None
2022-04-30 22:05:29,613 DEBUG epoch: 186, train_acc: 93.94645436604817, val_acc: 95.4901659496005, fidel_score: 98.4211739350772, acc_loss: 0.19721203918258348, grad_loss: None
2022-04-30 22:05:32,715 DEBUG epoch: 187, train_acc: 94.4341646830241, val_acc: 95.4901659496005, fidel_score: 98.4211739350772, acc_loss: 0.20291666314005852, grad_loss: None
2022-04-30 22:05:35,825 DEBUG epoch: 188, train_acc: 93.62093353271484, val_acc: 95.4901659496005, fidel_score: 98.4211739350772, acc_loss: 0.21454627191027006, grad_loss: None
2022-04-30 22:05:38,904 DEBUG epoch: 189, train_acc: 94.40218353271484, val_acc: 95.4901659496005, fidel_score: 98.4211739350772, acc_loss: 0.1907393385966619, grad_loss: None
2022-04-30 22:05:41,987 DEBUG epoch: 190, train_acc: 93.67118962605794, val_acc: 95.48632452366319, fidel_score: 98.4250153610145, acc_loss: 0.19361964178582033, grad_loss: None
2022-04-30 22:05:45,084 DEBUG epoch: 191, train_acc: 93.0669771830241, val_acc: 95.48248309772588, fidel_score: 98.43269821288912, acc_loss: 0.2353644079218308, grad_loss: None
2022-04-30 22:05:48,195 DEBUG epoch: 192, train_acc: 92.61124801635742, val_acc: 95.48632452366319, fidel_score: 98.4250153610145, acc_loss: 0.2384114811817805, grad_loss: None
2022-04-30 22:05:51,285 DEBUG epoch: 193, train_acc: 92.17265192667644, val_acc: 95.48632452366319, fidel_score: 98.41349108320259, acc_loss: 0.25342293456196785, grad_loss: None
2022-04-30 22:05:54,408 DEBUG epoch: 194, train_acc: 92.17150942484538, val_acc: 95.4901659496005, fidel_score: 98.40196680539066, acc_loss: 0.240560216208299, grad_loss: None
2022-04-30 22:05:57,503 DEBUG epoch: 195, train_acc: 93.00187301635742, val_acc: 95.4901659496005, fidel_score: 98.39812537945335, acc_loss: 0.2243811134248972, grad_loss: None
2022-04-30 22:06:00,593 DEBUG epoch: 196, train_acc: 93.70202827453613, val_acc: 95.48248309772588, fidel_score: 98.39812537945335, acc_loss: 0.2056671188523372, grad_loss: None
2022-04-30 22:06:03,696 DEBUG epoch: 197, train_acc: 94.1097863515218, val_acc: 95.48632452366319, fidel_score: 98.40196680539066, acc_loss: 0.2047499716281891, grad_loss: None
2022-04-30 22:06:06,803 DEBUG epoch: 198, train_acc: 93.49072519938152, val_acc: 95.48632452366319, fidel_score: 98.40196680539066, acc_loss: 0.2189965546131134, grad_loss: None
2022-04-30 22:06:09,917 DEBUG epoch: 199, train_acc: 92.88879776000977, val_acc: 95.48632452366319, fidel_score: 98.40196680539066, acc_loss: 0.22728760913014412, grad_loss: None
2022-04-30 22:06:13,008 DEBUG epoch: 200, train_acc: 93.0669771830241, val_acc: 95.48632452366319, fidel_score: 98.40196680539066, acc_loss: 0.22551125598450503, grad_loss: None
2022-04-30 22:06:16,092 DEBUG epoch: 201, train_acc: 94.25484275817871, val_acc: 95.48632452366319, fidel_score: 98.4173325091399, acc_loss: 0.20384305405120054, grad_loss: None
2022-04-30 22:06:19,196 DEBUG epoch: 202, train_acc: 92.59639994303386, val_acc: 95.48632452366319, fidel_score: 98.4211739350772, acc_loss: 0.23679697389403978, grad_loss: None
2022-04-30 22:06:22,297 DEBUG epoch: 203, train_acc: 93.6220760345459, val_acc: 95.48632452366319, fidel_score: 98.4173325091399, acc_loss: 0.21655861412485441, grad_loss: None
2022-04-30 22:06:25,389 DEBUG epoch: 204, train_acc: 94.17374801635742, val_acc: 95.48632452366319, fidel_score: 98.4173325091399, acc_loss: 0.20109488566716513, grad_loss: None
2022-04-30 22:06:28,477 DEBUG epoch: 205, train_acc: 92.28686968485515, val_acc: 95.48632452366319, fidel_score: 98.4173325091399, acc_loss: 0.23372977785766125, grad_loss: None
2022-04-30 22:06:31,591 DEBUG epoch: 206, train_acc: 93.24629910786946, val_acc: 95.48632452366319, fidel_score: 98.4211739350772, acc_loss: 0.2262374572455883, grad_loss: None
2022-04-30 22:06:34,712 DEBUG epoch: 207, train_acc: 93.66890525817871, val_acc: 95.48632452366319, fidel_score: 98.4211739350772, acc_loss: 0.21321646062036356, grad_loss: None
2022-04-30 22:06:37,817 DEBUG epoch: 208, train_acc: 93.2143185933431, val_acc: 95.47864167178857, fidel_score: 98.4211739350772, acc_loss: 0.23486665450036526, grad_loss: None
2022-04-30 22:06:40,902 DEBUG epoch: 209, train_acc: 93.13208134969075, val_acc: 95.48248309772588, fidel_score: 98.4211739350772, acc_loss: 0.22622480367620787, grad_loss: None
2022-04-30 22:06:44,009 DEBUG epoch: 210, train_acc: 93.32967821756999, val_acc: 95.48632452366319, fidel_score: 98.4173325091399, acc_loss: 0.22238722071051598, grad_loss: None
2022-04-30 22:06:47,120 DEBUG epoch: 211, train_acc: 93.54098129272461, val_acc: 95.48632452366319, fidel_score: 98.4173325091399, acc_loss: 0.2096105640133222, grad_loss: None
2022-04-30 22:06:50,209 DEBUG epoch: 212, train_acc: 93.60380109151204, val_acc: 95.48632452366319, fidel_score: 98.4173325091399, acc_loss: 0.21478085654477277, grad_loss: None
2022-04-30 22:06:53,293 DEBUG epoch: 213, train_acc: 93.62093353271484, val_acc: 95.48248309772588, fidel_score: 98.4211739350772, acc_loss: 0.22185332452257475, grad_loss: None
2022-04-30 22:06:56,391 DEBUG epoch: 214, train_acc: 92.69348526000977, val_acc: 95.48248309772588, fidel_score: 98.4211739350772, acc_loss: 0.22369319448868433, grad_loss: None
2022-04-30 22:06:59,513 DEBUG epoch: 215, train_acc: 93.36165936787923, val_acc: 95.48248309772588, fidel_score: 98.4211739350772, acc_loss: 0.21280519478023052, grad_loss: None
2022-04-30 22:07:02,624 DEBUG epoch: 216, train_acc: 92.3519738515218, val_acc: 95.48248309772588, fidel_score: 98.4211739350772, acc_loss: 0.24733390534917513, grad_loss: None
2022-04-30 22:07:05,737 DEBUG epoch: 217, train_acc: 93.24744160970052, val_acc: 95.48248309772588, fidel_score: 98.4211739350772, acc_loss: 0.2164669514944156, grad_loss: None
2022-04-30 22:07:08,837 DEBUG epoch: 218, train_acc: 93.5546875, val_acc: 95.47480024585126, fidel_score: 98.42885678695181, acc_loss: 0.22432315784196058, grad_loss: None
2022-04-30 22:07:11,943 DEBUG epoch: 219, train_acc: 93.93046442667644, val_acc: 95.46711739397665, fidel_score: 98.42885678695181, acc_loss: 0.20152310406168303, grad_loss: None
2022-04-30 22:07:15,020 DEBUG epoch: 220, train_acc: 93.39249801635742, val_acc: 95.46711739397665, fidel_score: 98.42885678695181, acc_loss: 0.23025056223074594, grad_loss: None
2022-04-30 22:07:18,103 DEBUG epoch: 221, train_acc: 92.77457936604817, val_acc: 95.46711739397665, fidel_score: 98.42885678695181, acc_loss: 0.23157090321183205, grad_loss: None
2022-04-30 22:07:21,219 DEBUG epoch: 222, train_acc: 92.5472863515218, val_acc: 95.46711739397665, fidel_score: 98.4211739350772, acc_loss: 0.25122250368197757, grad_loss: None
2022-04-30 22:07:24,314 DEBUG epoch: 223, train_acc: 94.48327827453613, val_acc: 95.46711739397665, fidel_score: 98.4211739350772, acc_loss: 0.20418160098294416, grad_loss: None
2022-04-30 22:07:27,438 DEBUG epoch: 224, train_acc: 93.3765074412028, val_acc: 95.47095881991395, fidel_score: 98.4250153610145, acc_loss: 0.22621100768446922, grad_loss: None
2022-04-30 22:07:30,539 DEBUG epoch: 225, train_acc: 93.40848859151204, val_acc: 95.46711739397665, fidel_score: 98.43269821288912, acc_loss: 0.2194802531351646, grad_loss: None
2022-04-30 22:07:33,627 DEBUG epoch: 226, train_acc: 94.0435396830241, val_acc: 95.47095881991395, fidel_score: 98.44422249070105, acc_loss: 0.19795144287248453, grad_loss: None
2022-04-30 22:07:36,769 DEBUG epoch: 227, train_acc: 94.69458134969075, val_acc: 95.47095881991395, fidel_score: 98.44422249070105, acc_loss: 0.19212907242278257, grad_loss: None
2022-04-30 22:07:39,875 DEBUG epoch: 228, train_acc: 93.57296244303386, val_acc: 95.47095881991395, fidel_score: 98.44422249070105, acc_loss: 0.21243978974719843, grad_loss: None
2022-04-30 22:07:42,984 DEBUG epoch: 229, train_acc: 93.34338442484538, val_acc: 95.47095881991395, fidel_score: 98.44422249070105, acc_loss: 0.22645432005325952, grad_loss: None
2022-04-30 22:07:46,081 DEBUG epoch: 230, train_acc: 92.90478769938152, val_acc: 95.46711739397665, fidel_score: 98.44038106476374, acc_loss: 0.23173989852269491, grad_loss: None
2022-04-30 22:07:49,169 DEBUG epoch: 231, train_acc: 91.5044771830241, val_acc: 95.46327596803934, fidel_score: 98.4250153610145, acc_loss: 0.26916481740772724, grad_loss: None
2022-04-30 22:07:52,277 DEBUG epoch: 232, train_acc: 93.19718551635742, val_acc: 95.46711739397665, fidel_score: 98.4211739350772, acc_loss: 0.21702364521721998, grad_loss: None
2022-04-30 22:07:55,405 DEBUG epoch: 233, train_acc: 92.8236935933431, val_acc: 95.46711739397665, fidel_score: 98.4211739350772, acc_loss: 0.23783564567565918, grad_loss: None
2022-04-30 22:07:58,490 DEBUG epoch: 234, train_acc: 94.53239186604817, val_acc: 95.47095881991395, fidel_score: 98.4211739350772, acc_loss: 0.18739913714428744, grad_loss: None
2022-04-30 22:08:01,591 DEBUG epoch: 235, train_acc: 93.10010019938152, val_acc: 95.46711739397665, fidel_score: 98.4250153610145, acc_loss: 0.2053939693917831, grad_loss: None
2022-04-30 22:08:04,689 DEBUG epoch: 236, train_acc: 92.67749468485515, val_acc: 95.46711739397665, fidel_score: 98.4211739350772, acc_loss: 0.243413674334685, grad_loss: None
2022-04-30 22:08:07,813 DEBUG epoch: 237, train_acc: 93.19718551635742, val_acc: 95.45943454210203, fidel_score: 98.4211739350772, acc_loss: 0.2270992702494065, grad_loss: None
2022-04-30 22:08:10,918 DEBUG epoch: 238, train_acc: 93.00301551818848, val_acc: 95.45943454210203, fidel_score: 98.4211739350772, acc_loss: 0.2258234185477098, grad_loss: None
2022-04-30 22:08:14,010 DEBUG epoch: 239, train_acc: 93.32739384969075, val_acc: 95.45943454210203, fidel_score: 98.4250153610145, acc_loss: 0.21625815456112227, grad_loss: None
2022-04-30 22:08:17,091 DEBUG epoch: 240, train_acc: 93.79911359151204, val_acc: 95.45943454210203, fidel_score: 98.4250153610145, acc_loss: 0.20088410874207815, grad_loss: None
2022-04-30 22:08:20,186 DEBUG epoch: 241, train_acc: 93.86536026000977, val_acc: 95.45943454210203, fidel_score: 98.4250153610145, acc_loss: 0.20293286691109338, grad_loss: None
2022-04-30 22:08:23,289 DEBUG epoch: 242, train_acc: 93.06811968485515, val_acc: 95.45943454210203, fidel_score: 98.4250153610145, acc_loss: 0.22316099951664606, grad_loss: None
2022-04-30 22:08:26,396 DEBUG epoch: 243, train_acc: 92.71061770121257, val_acc: 95.45943454210203, fidel_score: 98.43269821288912, acc_loss: 0.22622279853870472, grad_loss: None
2022-04-30 22:08:29,489 DEBUG epoch: 244, train_acc: 93.0190060933431, val_acc: 95.45943454210203, fidel_score: 98.43269821288912, acc_loss: 0.23172179299096266, grad_loss: None
2022-04-30 22:08:32,604 DEBUG epoch: 245, train_acc: 93.03499603271484, val_acc: 95.45943454210203, fidel_score: 98.43269821288912, acc_loss: 0.2324590440839529, grad_loss: None
2022-04-30 22:08:35,732 DEBUG epoch: 246, train_acc: 94.31994692484538, val_acc: 95.45943454210203, fidel_score: 98.43269821288912, acc_loss: 0.2093993971745173, grad_loss: None
2022-04-30 22:08:38,821 DEBUG epoch: 247, train_acc: 94.09265327453613, val_acc: 95.45943454210203, fidel_score: 98.43269821288912, acc_loss: 0.19207253369192281, grad_loss: None
2022-04-30 22:08:41,935 DEBUG epoch: 248, train_acc: 92.64322916666667, val_acc: 95.45943454210203, fidel_score: 98.43269821288912, acc_loss: 0.2249922395373384, grad_loss: None
2022-04-30 22:08:45,021 DEBUG epoch: 249, train_acc: 93.7671324412028, val_acc: 95.45943454210203, fidel_score: 98.43269821288912, acc_loss: 0.21131348485747972, grad_loss: None
2022-04-30 22:08:48,093 DEBUG epoch: 250, train_acc: 93.58781051635742, val_acc: 95.45943454210203, fidel_score: 98.4211739350772, acc_loss: 0.20448149926960468, grad_loss: None
2022-04-30 22:08:51,190 DEBUG epoch: 251, train_acc: 93.60380109151204, val_acc: 95.45943454210203, fidel_score: 98.4211739350772, acc_loss: 0.2124081819007794, grad_loss: None
2022-04-30 22:08:54,309 DEBUG epoch: 252, train_acc: 93.63806660970052, val_acc: 95.45943454210203, fidel_score: 98.4211739350772, acc_loss: 0.19608384060362974, grad_loss: None
2022-04-30 22:08:57,437 DEBUG epoch: 253, train_acc: 93.10010019938152, val_acc: 95.45943454210203, fidel_score: 98.4250153610145, acc_loss: 0.22350898726532856, grad_loss: None
2022-04-30 22:09:00,552 DEBUG epoch: 254, train_acc: 94.56551551818848, val_acc: 95.45559311616472, fidel_score: 98.42885678695181, acc_loss: 0.1896463626374801, grad_loss: None
2022-04-30 22:09:03,654 DEBUG epoch: 255, train_acc: 92.87280718485515, val_acc: 95.45559311616472, fidel_score: 98.4250153610145, acc_loss: 0.21809540409594774, grad_loss: None
2022-04-30 22:09:06,775 DEBUG epoch: 256, train_acc: 93.49072519938152, val_acc: 95.45559311616472, fidel_score: 98.4250153610145, acc_loss: 0.20291206985712051, grad_loss: None
2022-04-30 22:09:09,859 DEBUG epoch: 257, train_acc: 93.63692410786946, val_acc: 95.45943454210203, fidel_score: 98.42885678695181, acc_loss: 0.2169938969115416, grad_loss: None
2022-04-30 22:09:12,957 DEBUG epoch: 258, train_acc: 92.87280718485515, val_acc: 95.46327596803934, fidel_score: 98.4250153610145, acc_loss: 0.21058734009663263, grad_loss: None
2022-04-30 22:09:16,078 DEBUG epoch: 259, train_acc: 92.70947519938152, val_acc: 95.45943454210203, fidel_score: 98.4211739350772, acc_loss: 0.23066642104337612, grad_loss: None
2022-04-30 22:09:19,190 DEBUG epoch: 260, train_acc: 94.14176686604817, val_acc: 95.45559311616472, fidel_score: 98.4250153610145, acc_loss: 0.19380209719141325, grad_loss: None
2022-04-30 22:09:22,285 DEBUG epoch: 261, train_acc: 92.74145634969075, val_acc: 95.45559311616472, fidel_score: 98.4250153610145, acc_loss: 0.2265846859663725, grad_loss: None
2022-04-30 22:09:25,424 DEBUG epoch: 262, train_acc: 93.52270634969075, val_acc: 95.45559311616472, fidel_score: 98.4250153610145, acc_loss: 0.22201474073032537, grad_loss: None
2022-04-30 22:09:28,515 DEBUG epoch: 263, train_acc: 94.8247896830241, val_acc: 95.45943454210203, fidel_score: 98.43269821288912, acc_loss: 0.19098707661032677, grad_loss: None
2022-04-30 22:09:31,624 DEBUG epoch: 264, train_acc: 93.58781051635742, val_acc: 95.45943454210203, fidel_score: 98.43269821288912, acc_loss: 0.23115465914209685, grad_loss: None
2022-04-30 22:09:34,750 DEBUG epoch: 265, train_acc: 93.4096310933431, val_acc: 95.45943454210203, fidel_score: 98.43269821288912, acc_loss: 0.21139455524583659, grad_loss: None
2022-04-30 22:09:37,859 DEBUG epoch: 266, train_acc: 93.34452692667644, val_acc: 95.45943454210203, fidel_score: 98.43269821288912, acc_loss: 0.21718357875943184, grad_loss: None
2022-04-30 22:09:40,982 DEBUG epoch: 267, train_acc: 92.6283810933431, val_acc: 95.46327596803934, fidel_score: 98.43653963882643, acc_loss: 0.24512031426032385, grad_loss: None
2022-04-30 22:09:44,073 DEBUG epoch: 268, train_acc: 93.2622896830241, val_acc: 95.46327596803934, fidel_score: 98.43653963882643, acc_loss: 0.21081674098968506, grad_loss: None
2022-04-30 22:09:47,174 DEBUG epoch: 269, train_acc: 93.7671324412028, val_acc: 95.46327596803934, fidel_score: 98.43269821288912, acc_loss: 0.21726861596107483, grad_loss: None
2022-04-30 22:09:50,255 DEBUG epoch: 270, train_acc: 94.14176686604817, val_acc: 95.46327596803934, fidel_score: 98.43269821288912, acc_loss: 0.20866051067908606, grad_loss: None
2022-04-30 22:09:53,355 DEBUG epoch: 271, train_acc: 93.83223660786946, val_acc: 95.46327596803934, fidel_score: 98.43269821288912, acc_loss: 0.20282906666398048, grad_loss: None
2022-04-30 22:09:56,444 DEBUG epoch: 272, train_acc: 94.31994692484538, val_acc: 95.46327596803934, fidel_score: 98.43269821288912, acc_loss: 0.19615984335541725, grad_loss: None
2022-04-30 22:09:59,525 DEBUG epoch: 273, train_acc: 93.40848859151204, val_acc: 95.45943454210203, fidel_score: 98.42885678695181, acc_loss: 0.20800952411567172, grad_loss: None
2022-04-30 22:10:02,613 DEBUG epoch: 274, train_acc: 93.23030853271484, val_acc: 95.46327596803934, fidel_score: 98.43269821288912, acc_loss: 0.2227891981601715, grad_loss: None
2022-04-30 22:10:05,698 DEBUG epoch: 275, train_acc: 92.8236935933431, val_acc: 95.46327596803934, fidel_score: 98.43653963882643, acc_loss: 0.23554041733344397, grad_loss: None
2022-04-30 22:10:08,828 DEBUG epoch: 276, train_acc: 92.25374603271484, val_acc: 95.46327596803934, fidel_score: 98.43653963882643, acc_loss: 0.23925874754786491, grad_loss: None
2022-04-30 22:10:11,906 DEBUG epoch: 277, train_acc: 92.28686968485515, val_acc: 95.46327596803934, fidel_score: 98.43269821288912, acc_loss: 0.24810556694865227, grad_loss: None
2022-04-30 22:10:15,010 DEBUG epoch: 278, train_acc: 93.6049435933431, val_acc: 95.45943454210203, fidel_score: 98.43269821288912, acc_loss: 0.21695098653435707, grad_loss: None
2022-04-30 22:10:18,124 DEBUG epoch: 279, train_acc: 93.2314510345459, val_acc: 95.45943454210203, fidel_score: 98.43269821288912, acc_loss: 0.20178301756580672, grad_loss: None
2022-04-30 22:10:21,245 DEBUG epoch: 280, train_acc: 93.88135019938152, val_acc: 95.45943454210203, fidel_score: 98.43269821288912, acc_loss: 0.2126005937655767, grad_loss: None
2022-04-30 22:10:24,315 DEBUG epoch: 281, train_acc: 93.75228436787923, val_acc: 95.45943454210203, fidel_score: 98.43269821288912, acc_loss: 0.2070167421673735, grad_loss: None
2022-04-30 22:10:27,408 DEBUG epoch: 282, train_acc: 93.2143185933431, val_acc: 95.45943454210203, fidel_score: 98.43269821288912, acc_loss: 0.2128872194637855, grad_loss: None
2022-04-30 22:10:30,530 DEBUG epoch: 283, train_acc: 92.80770301818848, val_acc: 95.45943454210203, fidel_score: 98.43269821288912, acc_loss: 0.22696377088626227, grad_loss: None
2022-04-30 22:10:33,652 DEBUG epoch: 284, train_acc: 92.7905699412028, val_acc: 95.45943454210203, fidel_score: 98.43269821288912, acc_loss: 0.22089199721813202, grad_loss: None
2022-04-30 22:10:36,740 DEBUG epoch: 285, train_acc: 92.2548885345459, val_acc: 95.45943454210203, fidel_score: 98.43269821288912, acc_loss: 0.24187994624177614, grad_loss: None
2022-04-30 22:10:39,805 DEBUG epoch: 286, train_acc: 94.17489051818848, val_acc: 95.45943454210203, fidel_score: 98.43269821288912, acc_loss: 0.2007875107228756, grad_loss: None
2022-04-30 22:10:42,896 DEBUG epoch: 287, train_acc: 92.79171244303386, val_acc: 95.45943454210203, fidel_score: 98.43269821288912, acc_loss: 0.2273026673744122, grad_loss: None
2022-04-30 22:10:45,987 DEBUG epoch: 288, train_acc: 92.10754776000977, val_acc: 95.45943454210203, fidel_score: 98.43269821288912, acc_loss: 0.2355196475982666, grad_loss: None
2022-04-30 22:10:49,093 DEBUG epoch: 289, train_acc: 92.83968353271484, val_acc: 95.45943454210203, fidel_score: 98.43269821288912, acc_loss: 0.22533017148574194, grad_loss: None
2022-04-30 22:10:52,161 DEBUG epoch: 290, train_acc: 93.88135019938152, val_acc: 95.45943454210203, fidel_score: 98.43269821288912, acc_loss: 0.19450318130354086, grad_loss: None
2022-04-30 22:10:55,265 DEBUG epoch: 291, train_acc: 92.56327692667644, val_acc: 95.46327596803934, fidel_score: 98.42885678695181, acc_loss: 0.22557124495506287, grad_loss: None
2022-04-30 22:10:58,360 DEBUG epoch: 292, train_acc: 93.58781051635742, val_acc: 95.46711739397665, fidel_score: 98.43269821288912, acc_loss: 0.22731308794269958, grad_loss: None
2022-04-30 22:11:01,493 DEBUG epoch: 293, train_acc: 92.44905853271484, val_acc: 95.46711739397665, fidel_score: 98.43269821288912, acc_loss: 0.23917496763169765, grad_loss: None
2022-04-30 22:11:04,583 DEBUG epoch: 294, train_acc: 93.73515192667644, val_acc: 95.46711739397665, fidel_score: 98.43269821288912, acc_loss: 0.20825539839764437, grad_loss: None
2022-04-30 22:11:07,673 DEBUG epoch: 295, train_acc: 92.8236935933431, val_acc: 95.46711739397665, fidel_score: 98.43269821288912, acc_loss: 0.23345019792517027, grad_loss: None
2022-04-30 22:11:10,769 DEBUG epoch: 296, train_acc: 93.23030853271484, val_acc: 95.46711739397665, fidel_score: 98.43269821288912, acc_loss: 0.2090139047553142, grad_loss: None
2022-04-30 22:11:13,880 DEBUG epoch: 297, train_acc: 93.88135019938152, val_acc: 95.46711739397665, fidel_score: 98.43269821288912, acc_loss: 0.20925803668797016, grad_loss: None
2022-04-30 22:11:16,975 DEBUG epoch: 298, train_acc: 93.19718551635742, val_acc: 95.46711739397665, fidel_score: 98.43269821288912, acc_loss: 0.20928206853568554, grad_loss: None
2022-04-30 22:11:20,076 DEBUG epoch: 299, train_acc: 93.78312301635742, val_acc: 95.46711739397665, fidel_score: 98.43269821288912, acc_loss: 0.2085507238904635, grad_loss: None
2022-04-30 22:11:23,183 DEBUG epoch: 300, train_acc: 92.77457936604817, val_acc: 95.46711739397665, fidel_score: 98.43269821288912, acc_loss: 0.24758015386760235, grad_loss: None
2022-04-30 22:11:23,184 DEBUG load best stealed model.
2022-04-30 22:11:23,184 DEBUG Best perform model, val_acc: 95.53626306084819, fidel_score: 98.54409956507105, acc_loss: 0.19173268725474676
2022-04-30 22:11:23,185 DEBUG load cloest stealed model.
2022-04-30 22:11:23,186 DEBUG Closest perform model, val_acc: 95.40949600022779, fidel_score: 99.02811923786109, acc_loss: 0.19173268725474676
