2022-04-27 03:57:17,181 DEBUG Namespace(arch='vgg11_bn', attack_client=0, attack_epochs=300, attack_style='Craft_option_step50', average_time=1, batch_size=128, bottleneck_option='None', cutlayer=4, data_proportion=0.0, dataset='cifar10', filename='ace_V2_epoch_vgg11_bn_cutlayer_4_client_1_seed125_dataset_cifar10_lr_0.05_200epoch', folder='saves/baseline', learning_rate=0.05, noniid_ratio=1.0, num_client=1, num_epochs='best', num_query=10000, random_seed=123, regularization='None', regularization_strength=0.0, scheme='V2_epoch', surrogate_arch='same', test_best=True, train_clas_layer=8.0)
2022-04-27 03:57:22,230 DEBUG Test (client-0):	Loss 0.6165 (0.3623)	Prec@1 81.250 (91.890)
2022-04-27 03:57:22,230 DEBUG  * Prec@1 91.890
2022-04-27 03:57:22,419 DEBUG 26
2022-04-27 03:57:22,419 DEBUG surrogate parameter has 26 trainable parameters!
2022-04-27 03:57:22,651 DEBUG Image 0 class 0 - Iter 50 Feature loss: 0.0003499372396618128 TVLoss: 1.3019793033599854 l2Loss: 0.6835546493530273
2022-04-27 03:57:22,821 DEBUG Image 1 class 0 - Iter 50 Feature loss: 0.00023314618738368154 TVLoss: 1.3189048767089844 l2Loss: 0.6932895183563232
2022-04-27 03:57:23,013 DEBUG Image 2 class 0 - Iter 50 Feature loss: 0.0007211944903247058 TVLoss: 1.3506503105163574 l2Loss: 0.688757061958313
2022-04-27 03:57:23,205 DEBUG Image 3 class 0 - Iter 50 Feature loss: 4.768370445162873e-07 TVLoss: 1.2791074514389038 l2Loss: 0.7399052381515503
2022-04-27 03:57:23,381 DEBUG Image 4 class 0 - Iter 50 Feature loss: 0.0006239851354621351 TVLoss: 1.3864116668701172 l2Loss: 0.6911587715148926
2022-04-27 03:57:23,594 DEBUG Image 5 class 0 - Iter 50 Feature loss: 0.0008627030183561146 TVLoss: 1.450920820236206 l2Loss: 0.7151284217834473
2022-04-27 03:57:23,776 DEBUG Image 6 class 0 - Iter 50 Feature loss: 0.0008334023877978325 TVLoss: 1.3922531604766846 l2Loss: 0.6996831893920898
2022-04-27 03:57:23,971 DEBUG Image 7 class 0 - Iter 50 Feature loss: 0.0005417786305770278 TVLoss: 1.3822191953659058 l2Loss: 0.6778755187988281
2022-04-27 03:57:24,141 DEBUG Image 8 class 0 - Iter 50 Feature loss: 0.0010174104245379567 TVLoss: 1.4058257341384888 l2Loss: 0.698989748954773
2022-04-27 03:57:24,306 DEBUG Image 9 class 0 - Iter 50 Feature loss: 0.000631848000921309 TVLoss: 1.2712552547454834 l2Loss: 0.6686744093894958
2022-04-27 03:57:24,509 DEBUG Image 10 class 0 - Iter 50 Feature loss: 0.0005718026659451425 TVLoss: 1.300940752029419 l2Loss: 0.6832398772239685
2022-04-27 03:57:24,687 DEBUG Image 11 class 0 - Iter 50 Feature loss: 0.000940714729949832 TVLoss: 1.4088242053985596 l2Loss: 0.7171446681022644
2022-04-27 03:57:24,860 DEBUG Image 12 class 0 - Iter 50 Feature loss: 4.935142715112306e-05 TVLoss: 1.3526663780212402 l2Loss: 0.7049460411071777
2022-04-27 03:57:25,024 DEBUG Image 13 class 0 - Iter 50 Feature loss: 0.001714071026071906 TVLoss: 1.4507683515548706 l2Loss: 0.7216970324516296
2022-04-27 03:57:25,223 DEBUG Image 14 class 0 - Iter 50 Feature loss: 5.352353764465079e-05 TVLoss: 1.359520435333252 l2Loss: 0.6917049288749695
2022-04-27 03:57:25,410 DEBUG Image 15 class 0 - Iter 50 Feature loss: 0.0005497612874023616 TVLoss: 1.3272234201431274 l2Loss: 0.7134412527084351
2022-04-27 03:57:25,577 DEBUG Image 16 class 0 - Iter 50 Feature loss: 0.0005253365379758179 TVLoss: 1.396474838256836 l2Loss: 0.6995135545730591
2022-04-27 03:57:25,761 DEBUG Image 17 class 0 - Iter 50 Feature loss: 0.000700466800481081 TVLoss: 1.4450342655181885 l2Loss: 0.6990326642990112
2022-04-27 03:57:25,929 DEBUG Image 18 class 0 - Iter 50 Feature loss: 0.000532008707523346 TVLoss: 1.2842248678207397 l2Loss: 0.6794717311859131
2022-04-27 03:57:26,117 DEBUG Image 19 class 0 - Iter 50 Feature loss: 0.0001752223033690825 TVLoss: 1.4557414054870605 l2Loss: 0.7345633506774902
2022-04-27 03:57:26,280 DEBUG Image 0 class 1 - Iter 50 Feature loss: 4.7801782784517854e-05 TVLoss: 1.3975220918655396 l2Loss: 0.7119318842887878
2022-04-27 03:57:26,463 DEBUG Image 1 class 1 - Iter 50 Feature loss: 0.0005357022164389491 TVLoss: 1.321908950805664 l2Loss: 0.6765742301940918
2022-04-27 03:57:26,653 DEBUG Image 2 class 1 - Iter 50 Feature loss: 0.0004969792207702994 TVLoss: 1.5998225212097168 l2Loss: 0.7331086993217468
2022-04-27 03:57:26,833 DEBUG Image 3 class 1 - Iter 50 Feature loss: 0.00033861625706776977 TVLoss: 1.6165070533752441 l2Loss: 0.7908069491386414
2022-04-27 03:57:27,028 DEBUG Image 4 class 1 - Iter 50 Feature loss: 0.0 TVLoss: 1.4772472381591797 l2Loss: 0.7525572776794434
2022-04-27 03:57:27,227 DEBUG Image 5 class 1 - Iter 50 Feature loss: 8.4638240878121e-06 TVLoss: 1.2939633131027222 l2Loss: 0.7320748567581177
2022-04-27 03:57:27,411 DEBUG Image 6 class 1 - Iter 50 Feature loss: 3.790783375734463e-05 TVLoss: 1.5109204053878784 l2Loss: 0.7407349348068237
2022-04-27 03:57:27,627 DEBUG Image 7 class 1 - Iter 50 Feature loss: 0.00012599628826137632 TVLoss: 1.3568058013916016 l2Loss: 0.708728015422821
2022-04-27 03:57:27,850 DEBUG Image 8 class 1 - Iter 50 Feature loss: 0.0004236992390360683 TVLoss: 1.3509578704833984 l2Loss: 0.6833195090293884
2022-04-27 03:57:28,106 DEBUG Image 9 class 1 - Iter 50 Feature loss: 0.00015925093612167984 TVLoss: 1.3814702033996582 l2Loss: 0.7384368777275085
2022-04-27 03:57:28,305 DEBUG Image 10 class 1 - Iter 50 Feature loss: 0.00016234986833296716 TVLoss: 1.4382433891296387 l2Loss: 0.7436304092407227
2022-04-27 03:57:28,504 DEBUG Image 11 class 1 - Iter 50 Feature loss: 0.0005634627304971218 TVLoss: 1.5286438465118408 l2Loss: 0.7335543632507324
2022-04-27 03:57:28,703 DEBUG Image 12 class 1 - Iter 50 Feature loss: 1.7404405298293568e-05 TVLoss: 1.2634503841400146 l2Loss: 0.6613816618919373
2022-04-27 03:57:28,901 DEBUG Image 13 class 1 - Iter 50 Feature loss: 0.0005184260080568492 TVLoss: 1.3096662759780884 l2Loss: 0.6773782968521118
2022-04-27 03:57:29,087 DEBUG Image 14 class 1 - Iter 50 Feature loss: 0.00013267113536130637 TVLoss: 1.3644815683364868 l2Loss: 0.7245060801506042
2022-04-27 03:57:29,271 DEBUG Image 15 class 1 - Iter 50 Feature loss: 3.373566141817719e-05 TVLoss: 1.591547966003418 l2Loss: 0.7746986150741577
2022-04-27 03:57:29,470 DEBUG Image 16 class 1 - Iter 50 Feature loss: 0.00026174934464506805 TVLoss: 1.3213727474212646 l2Loss: 0.6874594688415527
2022-04-27 03:57:29,644 DEBUG Image 17 class 1 - Iter 50 Feature loss: 0.000196556793525815 TVLoss: 1.3194520473480225 l2Loss: 0.7109740972518921
2022-04-27 03:57:29,817 DEBUG Image 18 class 1 - Iter 50 Feature loss: 7.867782187531702e-06 TVLoss: 1.53155517578125 l2Loss: 0.7531346082687378
2022-04-27 03:57:29,998 DEBUG Image 19 class 1 - Iter 50 Feature loss: 9.417489309271332e-06 TVLoss: 1.3361222743988037 l2Loss: 0.6990146636962891
2022-04-27 03:57:30,179 DEBUG Image 0 class 2 - Iter 50 Feature loss: 4.7205765440594405e-05 TVLoss: 0.9777260422706604 l2Loss: 0.5414766073226929
2022-04-27 03:57:30,353 DEBUG Image 1 class 2 - Iter 50 Feature loss: 0.0001262346631847322 TVLoss: 1.2208611965179443 l2Loss: 0.6363661289215088
2022-04-27 03:57:30,515 DEBUG Image 2 class 2 - Iter 50 Feature loss: 0.00034231049357913435 TVLoss: 1.3155437707901 l2Loss: 0.6547569632530212
2022-04-27 03:57:30,709 DEBUG Image 3 class 2 - Iter 50 Feature loss: 3.933898824470816e-06 TVLoss: 0.5796201229095459 l2Loss: 0.4297583997249603
2022-04-27 03:57:30,893 DEBUG Image 4 class 2 - Iter 50 Feature loss: 0.0003137096355203539 TVLoss: 1.3069813251495361 l2Loss: 0.6362491846084595
2022-04-27 03:57:31,072 DEBUG Image 5 class 2 - Iter 50 Feature loss: 0.00018940561858471483 TVLoss: 1.3911998271942139 l2Loss: 0.6727465987205505
2022-04-27 03:57:31,243 DEBUG Image 6 class 2 - Iter 50 Feature loss: 0.00026246439665555954 TVLoss: 1.3430168628692627 l2Loss: 0.644608199596405
2022-04-27 03:57:31,453 DEBUG Image 7 class 2 - Iter 50 Feature loss: 0.00010406429646536708 TVLoss: 1.1894400119781494 l2Loss: 0.6379748582839966
2022-04-27 03:57:31,658 DEBUG Image 8 class 2 - Iter 50 Feature loss: 0.00026663561584427953 TVLoss: 1.3482722043991089 l2Loss: 0.6471239328384399
2022-04-27 03:57:31,882 DEBUG Image 9 class 2 - Iter 50 Feature loss: 0.00019500737835187465 TVLoss: 1.2425861358642578 l2Loss: 0.624144971370697
2022-04-27 03:57:32,065 DEBUG Image 10 class 2 - Iter 50 Feature loss: 0.0002553137019276619 TVLoss: 1.3156530857086182 l2Loss: 0.6509875059127808
2022-04-27 03:57:32,246 DEBUG Image 11 class 2 - Iter 50 Feature loss: 0.00025376438861712813 TVLoss: 1.3726412057876587 l2Loss: 0.6441798806190491
2022-04-27 03:57:32,459 DEBUG Image 12 class 2 - Iter 50 Feature loss: 0.00027640812913887203 TVLoss: 1.371325969696045 l2Loss: 0.6605699062347412
2022-04-27 03:57:32,652 DEBUG Image 13 class 2 - Iter 50 Feature loss: 0.00024101213784888387 TVLoss: 1.261528491973877 l2Loss: 0.6505484580993652
2022-04-27 03:57:32,857 DEBUG Image 14 class 2 - Iter 50 Feature loss: 0.0003323002893012017 TVLoss: 1.2990317344665527 l2Loss: 0.6479029655456543
2022-04-27 03:57:33,085 DEBUG Image 15 class 2 - Iter 50 Feature loss: 5.173549288883805e-05 TVLoss: 0.9552652835845947 l2Loss: 0.5470170974731445
2022-04-27 03:57:33,305 DEBUG Image 16 class 2 - Iter 50 Feature loss: 7.259582343976945e-05 TVLoss: 1.0833137035369873 l2Loss: 0.6070840358734131
2022-04-27 03:57:33,531 DEBUG Image 17 class 2 - Iter 50 Feature loss: 0.0001618731184862554 TVLoss: 1.312326192855835 l2Loss: 0.6464803814888
2022-04-27 03:57:33,754 DEBUG Image 18 class 2 - Iter 50 Feature loss: 0.00032026408007368445 TVLoss: 1.3575258255004883 l2Loss: 0.648949921131134
2022-04-27 03:57:33,980 DEBUG Image 19 class 2 - Iter 50 Feature loss: 0.0003002431185450405 TVLoss: 1.3231847286224365 l2Loss: 0.6533918976783752
2022-04-27 03:57:34,210 DEBUG Image 0 class 3 - Iter 50 Feature loss: 0.00047017011092975736 TVLoss: 1.331384539604187 l2Loss: 0.6778860092163086
2022-04-27 03:57:34,438 DEBUG Image 1 class 3 - Iter 50 Feature loss: 0.00043358939001336694 TVLoss: 1.3420283794403076 l2Loss: 0.6571747064590454
2022-04-27 03:57:34,666 DEBUG Image 2 class 3 - Iter 50 Feature loss: 0.0002728328399825841 TVLoss: 1.3180593252182007 l2Loss: 0.6562789678573608
2022-04-27 03:57:34,890 DEBUG Image 3 class 3 - Iter 50 Feature loss: 0.000806602300144732 TVLoss: 1.3479663133621216 l2Loss: 0.6850508451461792
2022-04-27 03:57:35,117 DEBUG Image 4 class 3 - Iter 50 Feature loss: 0.0005022218101657927 TVLoss: 1.3587026596069336 l2Loss: 0.6738111972808838
2022-04-27 03:57:35,303 DEBUG Image 5 class 3 - Iter 50 Feature loss: 0.0006200536736287177 TVLoss: 1.3687903881072998 l2Loss: 0.6568841934204102
2022-04-27 03:57:35,482 DEBUG Image 6 class 3 - Iter 50 Feature loss: 0.00063744728686288 TVLoss: 1.322314977645874 l2Loss: 0.6530759334564209
2022-04-27 03:57:35,687 DEBUG Image 7 class 3 - Iter 50 Feature loss: 0.0007577646756544709 TVLoss: 1.3577442169189453 l2Loss: 0.6963086128234863
2022-04-27 03:57:35,905 DEBUG Image 8 class 3 - Iter 50 Feature loss: 0.0003700763627421111 TVLoss: 1.3254680633544922 l2Loss: 0.6928004622459412
2022-04-27 03:57:36,121 DEBUG Image 9 class 3 - Iter 50 Feature loss: 0.0011288706446066499 TVLoss: 1.2994277477264404 l2Loss: 0.673324465751648
2022-04-27 03:57:36,335 DEBUG Image 10 class 3 - Iter 50 Feature loss: 0.00016199229867197573 TVLoss: 1.2848882675170898 l2Loss: 0.6609259247779846
2022-04-27 03:57:36,554 DEBUG Image 11 class 3 - Iter 50 Feature loss: 0.0002411313180346042 TVLoss: 1.3932042121887207 l2Loss: 0.6696999073028564
2022-04-27 03:57:36,767 DEBUG Image 12 class 3 - Iter 50 Feature loss: 3.707340147229843e-05 TVLoss: 1.3433468341827393 l2Loss: 0.6790251135826111
2022-04-27 03:57:36,985 DEBUG Image 13 class 3 - Iter 50 Feature loss: 0.0008147019543685019 TVLoss: 1.3126349449157715 l2Loss: 0.6644302606582642
2022-04-27 03:57:37,166 DEBUG Image 14 class 3 - Iter 50 Feature loss: 0.0005739472107961774 TVLoss: 1.2940723896026611 l2Loss: 0.6829840540885925
2022-04-27 03:57:37,327 DEBUG Image 15 class 3 - Iter 50 Feature loss: 0.00043871314846910536 TVLoss: 1.3138372898101807 l2Loss: 0.6792927980422974
2022-04-27 03:57:37,549 DEBUG Image 16 class 3 - Iter 50 Feature loss: 0.0002488780301064253 TVLoss: 1.2557704448699951 l2Loss: 0.6626996994018555
2022-04-27 03:57:37,771 DEBUG Image 17 class 3 - Iter 50 Feature loss: 0.00023135847004596144 TVLoss: 1.2801684141159058 l2Loss: 0.6667940020561218
2022-04-27 03:57:37,995 DEBUG Image 18 class 3 - Iter 50 Feature loss: 0.00034445550409145653 TVLoss: 1.3113048076629639 l2Loss: 0.6522775292396545
2022-04-27 03:57:38,217 DEBUG Image 19 class 3 - Iter 50 Feature loss: 0.00030501006403937936 TVLoss: 1.2696847915649414 l2Loss: 0.6466206312179565
2022-04-27 03:57:38,448 DEBUG Image 0 class 4 - Iter 50 Feature loss: 0.0006958208978176117 TVLoss: 1.2741039991378784 l2Loss: 0.6413715481758118
2022-04-27 03:57:38,677 DEBUG Image 1 class 4 - Iter 50 Feature loss: 0.0005920564290136099 TVLoss: 1.269538402557373 l2Loss: 0.6556441187858582
2022-04-27 03:57:38,906 DEBUG Image 2 class 4 - Iter 50 Feature loss: 0.0005698964232578874 TVLoss: 1.356719970703125 l2Loss: 0.6825547218322754
2022-04-27 03:57:39,133 DEBUG Image 3 class 4 - Iter 50 Feature loss: 0.0006825978052802384 TVLoss: 1.2990554571151733 l2Loss: 0.6957219839096069
2022-04-27 03:57:39,356 DEBUG Image 4 class 4 - Iter 50 Feature loss: 0.0002983363519888371 TVLoss: 1.185011863708496 l2Loss: 0.6515350341796875
2022-04-27 03:57:39,582 DEBUG Image 5 class 4 - Iter 50 Feature loss: 0.00046135272714309394 TVLoss: 1.271761178970337 l2Loss: 0.6756645441055298
2022-04-27 03:57:39,811 DEBUG Image 6 class 4 - Iter 50 Feature loss: 0.00039295581518672407 TVLoss: 1.3576252460479736 l2Loss: 0.6698876619338989
2022-04-27 03:57:39,974 DEBUG Image 7 class 4 - Iter 50 Feature loss: 0.0005560758872888982 TVLoss: 1.3102558851242065 l2Loss: 0.6670438647270203
2022-04-27 03:57:40,134 DEBUG Image 8 class 4 - Iter 50 Feature loss: 0.000439428084064275 TVLoss: 1.3375499248504639 l2Loss: 0.6670190095901489
2022-04-27 03:57:40,355 DEBUG Image 9 class 4 - Iter 50 Feature loss: 0.0006752118351869285 TVLoss: 1.346831202507019 l2Loss: 0.6814801096916199
2022-04-27 03:57:40,571 DEBUG Image 10 class 4 - Iter 50 Feature loss: 0.0003554189461283386 TVLoss: 1.2135674953460693 l2Loss: 0.6477761268615723
2022-04-27 03:57:40,788 DEBUG Image 11 class 4 - Iter 50 Feature loss: 0.0008644896443001926 TVLoss: 1.2517075538635254 l2Loss: 0.682745635509491
2022-04-27 03:57:41,004 DEBUG Image 12 class 4 - Iter 50 Feature loss: 0.0006003961316309869 TVLoss: 1.3076763153076172 l2Loss: 0.6942107677459717
2022-04-27 03:57:41,216 DEBUG Image 13 class 4 - Iter 50 Feature loss: 0.00015793983766343445 TVLoss: 1.2011091709136963 l2Loss: 0.6423372030258179
2022-04-27 03:57:41,436 DEBUG Image 14 class 4 - Iter 50 Feature loss: 0.0003327769518364221 TVLoss: 1.3037015199661255 l2Loss: 0.6541287899017334
2022-04-27 03:57:41,651 DEBUG Image 15 class 4 - Iter 50 Feature loss: 0.0001461399078834802 TVLoss: 1.3111989498138428 l2Loss: 0.6476230025291443
2022-04-27 03:57:41,822 DEBUG Image 16 class 4 - Iter 50 Feature loss: 0.00021181246847845614 TVLoss: 1.150354027748108 l2Loss: 0.6385838389396667
2022-04-27 03:57:42,007 DEBUG Image 17 class 4 - Iter 50 Feature loss: 0.0005740663618780673 TVLoss: 1.2630481719970703 l2Loss: 0.6745859980583191
2022-04-27 03:57:42,233 DEBUG Image 18 class 4 - Iter 50 Feature loss: 0.0008206575294025242 TVLoss: 1.2000935077667236 l2Loss: 0.6627339124679565
2022-04-27 03:57:42,453 DEBUG Image 19 class 4 - Iter 50 Feature loss: 0.0005721600609831512 TVLoss: 1.2098798751831055 l2Loss: 0.6729978322982788
2022-04-27 03:57:42,684 DEBUG Image 0 class 5 - Iter 50 Feature loss: 0.0004301338049117476 TVLoss: 1.184654951095581 l2Loss: 0.6208513975143433
2022-04-27 03:57:42,912 DEBUG Image 1 class 5 - Iter 50 Feature loss: 0.000568228424526751 TVLoss: 1.1929271221160889 l2Loss: 0.6191503405570984
2022-04-27 03:57:43,137 DEBUG Image 2 class 5 - Iter 50 Feature loss: 0.0005198557628318667 TVLoss: 1.2625731229782104 l2Loss: 0.656228244304657
2022-04-27 03:57:43,363 DEBUG Image 3 class 5 - Iter 50 Feature loss: 0.002303091809153557 TVLoss: 1.2542222738265991 l2Loss: 0.695093035697937
2022-04-27 03:57:43,591 DEBUG Image 4 class 5 - Iter 50 Feature loss: 0.0006468587671406567 TVLoss: 1.2222659587860107 l2Loss: 0.6373059749603271
2022-04-27 03:57:43,818 DEBUG Image 5 class 5 - Iter 50 Feature loss: 0.001025627483613789 TVLoss: 1.230952501296997 l2Loss: 0.6334807276725769
2022-04-27 03:57:44,044 DEBUG Image 6 class 5 - Iter 50 Feature loss: 0.0005881248507648706 TVLoss: 1.2004010677337646 l2Loss: 0.6375457048416138
2022-04-27 03:57:44,268 DEBUG Image 7 class 5 - Iter 50 Feature loss: 0.0008649660157971084 TVLoss: 1.2066537141799927 l2Loss: 0.643558144569397
2022-04-27 03:57:44,481 DEBUG Image 8 class 5 - Iter 50 Feature loss: 0.0005673944251611829 TVLoss: 1.139351725578308 l2Loss: 0.5985192656517029
2022-04-27 03:57:44,643 DEBUG Image 9 class 5 - Iter 50 Feature loss: 0.000532008707523346 TVLoss: 1.2104629278182983 l2Loss: 0.6651231646537781
2022-04-27 03:57:44,841 DEBUG Image 10 class 5 - Iter 50 Feature loss: 0.0018154582940042019 TVLoss: 1.2636083364486694 l2Loss: 0.6464641094207764
2022-04-27 03:57:45,056 DEBUG Image 11 class 5 - Iter 50 Feature loss: 0.0005924138822592795 TVLoss: 1.2604429721832275 l2Loss: 0.630668044090271
2022-04-27 03:57:45,215 DEBUG Image 12 class 5 - Iter 50 Feature loss: 0.00033480284037068486 TVLoss: 1.2138960361480713 l2Loss: 0.6605134010314941
2022-04-27 03:57:45,398 DEBUG Image 13 class 5 - Iter 50 Feature loss: 0.0006640136707574129 TVLoss: 1.170175313949585 l2Loss: 0.6252135634422302
2022-04-27 03:57:45,556 DEBUG Image 14 class 5 - Iter 50 Feature loss: 0.0004906642716377974 TVLoss: 1.2495144605636597 l2Loss: 0.6377063989639282
2022-04-27 03:57:45,725 DEBUG Image 15 class 5 - Iter 50 Feature loss: 0.0005601267330348492 TVLoss: 1.2293269634246826 l2Loss: 0.6386203169822693
2022-04-27 03:57:45,892 DEBUG Image 16 class 5 - Iter 50 Feature loss: 0.000692961853928864 TVLoss: 1.2096219062805176 l2Loss: 0.6346744298934937
2022-04-27 03:57:46,056 DEBUG Image 17 class 5 - Iter 50 Feature loss: 0.0007976687629707158 TVLoss: 1.212396502494812 l2Loss: 0.6263965964317322
2022-04-27 03:57:46,270 DEBUG Image 18 class 5 - Iter 50 Feature loss: 0.0007717015105299652 TVLoss: 1.2075767517089844 l2Loss: 0.6171656847000122
2022-04-27 03:57:46,430 DEBUG Image 19 class 5 - Iter 50 Feature loss: 0.0005115154199302197 TVLoss: 1.266784906387329 l2Loss: 0.6355229616165161
2022-04-27 03:57:46,619 DEBUG Image 0 class 6 - Iter 50 Feature loss: 4.9828242481453344e-05 TVLoss: 1.1983308792114258 l2Loss: 0.6304142475128174
2022-04-27 03:57:46,794 DEBUG Image 1 class 6 - Iter 50 Feature loss: 3.731181277544238e-05 TVLoss: 1.1090567111968994 l2Loss: 0.6064205169677734
2022-04-27 03:57:46,967 DEBUG Image 2 class 6 - Iter 50 Feature loss: 0.00018940561858471483 TVLoss: 1.357081413269043 l2Loss: 0.6839046478271484
2022-04-27 03:57:47,153 DEBUG Image 3 class 6 - Iter 50 Feature loss: 7.748573807475623e-06 TVLoss: 0.48975875973701477 l2Loss: 0.3858616352081299
2022-04-27 03:57:47,317 DEBUG Image 4 class 6 - Iter 50 Feature loss: 0.0001209901092806831 TVLoss: 1.2945451736450195 l2Loss: 0.6795833110809326
2022-04-27 03:57:47,506 DEBUG Image 5 class 6 - Iter 50 Feature loss: 8.4638240878121e-06 TVLoss: 0.4610113501548767 l2Loss: 0.38718968629837036
2022-04-27 03:57:47,684 DEBUG Image 6 class 6 - Iter 50 Feature loss: 0.00017987063620239496 TVLoss: 1.3998215198516846 l2Loss: 0.6810383796691895
2022-04-27 03:57:47,856 DEBUG Image 7 class 6 - Iter 50 Feature loss: 2.8729025871143676e-05 TVLoss: 0.8791899085044861 l2Loss: 0.5501989126205444
2022-04-27 03:57:48,025 DEBUG Image 8 class 6 - Iter 50 Feature loss: 0.00022075122979003936 TVLoss: 1.3745908737182617 l2Loss: 0.6808618903160095
2022-04-27 03:57:48,189 DEBUG Image 9 class 6 - Iter 50 Feature loss: 0.00025650550378486514 TVLoss: 1.370185375213623 l2Loss: 0.6671895980834961
2022-04-27 03:57:48,380 DEBUG Image 10 class 6 - Iter 50 Feature loss: 0.0001998939987970516 TVLoss: 1.3452239036560059 l2Loss: 0.6653211116790771
2022-04-27 03:57:48,546 DEBUG Image 11 class 6 - Iter 50 Feature loss: 7.867782187531702e-06 TVLoss: 0.5496177673339844 l2Loss: 0.4183589220046997
2022-04-27 03:57:48,706 DEBUG Image 12 class 6 - Iter 50 Feature loss: 0.00025149996508844197 TVLoss: 1.3549387454986572 l2Loss: 0.6884798407554626
2022-04-27 03:57:48,885 DEBUG Image 13 class 6 - Iter 50 Feature loss: 0.00012659224739763886 TVLoss: 1.268944501876831 l2Loss: 0.6466538906097412
2022-04-27 03:57:49,046 DEBUG Image 14 class 6 - Iter 50 Feature loss: 2.1576648578047752e-05 TVLoss: 0.8982338905334473 l2Loss: 0.5257617831230164
2022-04-27 03:57:49,206 DEBUG Image 15 class 6 - Iter 50 Feature loss: 0.0001567479339428246 TVLoss: 1.261805772781372 l2Loss: 0.6600813269615173
2022-04-27 03:57:49,349 DEBUG Image 16 class 6 - Iter 50 Feature loss: 9.703165414975956e-05 TVLoss: 1.2814819812774658 l2Loss: 0.6436213850975037
2022-04-27 03:57:49,540 DEBUG Image 17 class 6 - Iter 50 Feature loss: 0.0001174142598756589 TVLoss: 1.2219109535217285 l2Loss: 0.6386522054672241
2022-04-27 03:57:49,716 DEBUG Image 18 class 6 - Iter 50 Feature loss: 5.5549986427649856e-05 TVLoss: 1.0750088691711426 l2Loss: 0.630215585231781
2022-04-27 03:57:49,896 DEBUG Image 19 class 6 - Iter 50 Feature loss: 0.000409161759307608 TVLoss: 1.3170592784881592 l2Loss: 0.676120936870575
2022-04-27 03:57:50,083 DEBUG Image 0 class 7 - Iter 50 Feature loss: 0.0011794761521741748 TVLoss: 1.3476595878601074 l2Loss: 0.7042033076286316
2022-04-27 03:57:50,269 DEBUG Image 1 class 7 - Iter 50 Feature loss: 0.0012380562257021666 TVLoss: 1.297454833984375 l2Loss: 0.690811812877655
2022-04-27 03:57:50,461 DEBUG Image 2 class 7 - Iter 50 Feature loss: 0.0010313435923308134 TVLoss: 1.3270825147628784 l2Loss: 0.6995164752006531
2022-04-27 03:57:50,647 DEBUG Image 3 class 7 - Iter 50 Feature loss: 0.000754786713514477 TVLoss: 1.2088725566864014 l2Loss: 0.6554775238037109
2022-04-27 03:57:50,831 DEBUG Image 4 class 7 - Iter 50 Feature loss: 0.0002571013756096363 TVLoss: 1.1152944564819336 l2Loss: 0.6333948969841003
2022-04-27 03:57:51,014 DEBUG Image 5 class 7 - Iter 50 Feature loss: 0.001257224939763546 TVLoss: 1.3814587593078613 l2Loss: 0.7129278182983398
2022-04-27 03:57:51,202 DEBUG Image 6 class 7 - Iter 50 Feature loss: 0.0010126468259841204 TVLoss: 1.3017334938049316 l2Loss: 0.6731898188591003
2022-04-27 03:57:51,398 DEBUG Image 7 class 7 - Iter 50 Feature loss: 0.0003232433518860489 TVLoss: 1.3212370872497559 l2Loss: 0.714621901512146
2022-04-27 03:57:51,588 DEBUG Image 8 class 7 - Iter 50 Feature loss: 0.0008415018673986197 TVLoss: 1.1991803646087646 l2Loss: 0.6436654329299927
2022-04-27 03:57:51,792 DEBUG Image 9 class 7 - Iter 50 Feature loss: 0.00039152585668489337 TVLoss: 1.2549779415130615 l2Loss: 0.6879081726074219
2022-04-27 03:57:51,972 DEBUG Image 10 class 7 - Iter 50 Feature loss: 0.0010350352386012673 TVLoss: 1.2492389678955078 l2Loss: 0.6615452766418457
2022-04-27 03:57:52,152 DEBUG Image 11 class 7 - Iter 50 Feature loss: 0.0006621075444854796 TVLoss: 1.2485988140106201 l2Loss: 0.6964530944824219
2022-04-27 03:57:52,322 DEBUG Image 12 class 7 - Iter 50 Feature loss: 0.0004605186404660344 TVLoss: 1.2794893980026245 l2Loss: 0.6953026652336121
2022-04-27 03:57:52,492 DEBUG Image 13 class 7 - Iter 50 Feature loss: 0.0007273888913914561 TVLoss: 1.3249588012695312 l2Loss: 0.709575355052948
2022-04-27 03:57:52,656 DEBUG Image 14 class 7 - Iter 50 Feature loss: 0.0006298227235674858 TVLoss: 1.2468420267105103 l2Loss: 0.6654694080352783
2022-04-27 03:57:52,832 DEBUG Image 15 class 7 - Iter 50 Feature loss: 0.0004366874636616558 TVLoss: 1.2450153827667236 l2Loss: 0.6735679507255554
2022-04-27 03:57:52,997 DEBUG Image 16 class 7 - Iter 50 Feature loss: 0.00040570611599832773 TVLoss: 1.2203354835510254 l2Loss: 0.6664998531341553
2022-04-27 03:57:53,165 DEBUG Image 17 class 7 - Iter 50 Feature loss: 0.0007753941463306546 TVLoss: 1.1781145334243774 l2Loss: 0.6764965057373047
2022-04-27 03:57:53,333 DEBUG Image 18 class 7 - Iter 50 Feature loss: 0.0007123793475329876 TVLoss: 1.3235373497009277 l2Loss: 0.7237703800201416
2022-04-27 03:57:53,507 DEBUG Image 19 class 7 - Iter 50 Feature loss: 0.0006149308173917234 TVLoss: 1.3510515689849854 l2Loss: 0.6879791021347046
2022-04-27 03:57:53,683 DEBUG Image 0 class 8 - Iter 50 Feature loss: 0.0008897398365661502 TVLoss: 1.232973337173462 l2Loss: 0.6612944602966309
2022-04-27 03:57:53,852 DEBUG Image 1 class 8 - Iter 50 Feature loss: 0.0009648911654949188 TVLoss: 1.3146601915359497 l2Loss: 0.6744596362113953
2022-04-27 03:57:54,025 DEBUG Image 2 class 8 - Iter 50 Feature loss: 0.0014432977186515927 TVLoss: 1.2772331237792969 l2Loss: 0.6610570549964905
2022-04-27 03:57:54,211 DEBUG Image 3 class 8 - Iter 50 Feature loss: 0.0018283093813806772 TVLoss: 1.4706721305847168 l2Loss: 0.7283543944358826
2022-04-27 03:57:54,388 DEBUG Image 4 class 8 - Iter 50 Feature loss: 0.0011458981316536665 TVLoss: 1.3705899715423584 l2Loss: 0.7212046384811401
2022-04-27 03:57:54,548 DEBUG Image 5 class 8 - Iter 50 Feature loss: 0.001046348363161087 TVLoss: 1.3213757276535034 l2Loss: 0.673607587814331
2022-04-27 03:57:54,728 DEBUG Image 6 class 8 - Iter 50 Feature loss: 0.0022386270575225353 TVLoss: 1.4759033918380737 l2Loss: 0.7450766563415527
2022-04-27 03:57:54,907 DEBUG Image 7 class 8 - Iter 50 Feature loss: 0.0019743014127016068 TVLoss: 1.2806658744812012 l2Loss: 0.6811633110046387
2022-04-27 03:57:55,099 DEBUG Image 8 class 8 - Iter 50 Feature loss: 0.0012474621180444956 TVLoss: 1.3901138305664062 l2Loss: 0.7015271186828613
2022-04-27 03:57:55,320 DEBUG Image 9 class 8 - Iter 50 Feature loss: 0.0005727558163926005 TVLoss: 1.3681190013885498 l2Loss: 0.6939250826835632
2022-04-27 03:57:55,535 DEBUG Image 10 class 8 - Iter 50 Feature loss: 0.002291793003678322 TVLoss: 1.2780425548553467 l2Loss: 0.6898611783981323
2022-04-27 03:57:55,753 DEBUG Image 11 class 8 - Iter 50 Feature loss: 0.0006696127820760012 TVLoss: 1.2837300300598145 l2Loss: 0.6816062927246094
2022-04-27 03:57:55,968 DEBUG Image 12 class 8 - Iter 50 Feature loss: 0.0007353700930252671 TVLoss: 1.2886247634887695 l2Loss: 0.6882604956626892
2022-04-27 03:57:56,181 DEBUG Image 13 class 8 - Iter 50 Feature loss: 0.00134222989436239 TVLoss: 1.3685534000396729 l2Loss: 0.7077126502990723
2022-04-27 03:57:56,401 DEBUG Image 14 class 8 - Iter 50 Feature loss: 0.0013615157222375274 TVLoss: 1.3553071022033691 l2Loss: 0.6979680061340332
2022-04-27 03:57:56,616 DEBUG Image 15 class 8 - Iter 50 Feature loss: 0.0010112178279086947 TVLoss: 1.2991151809692383 l2Loss: 0.6867226362228394
2022-04-27 03:57:56,792 DEBUG Image 16 class 8 - Iter 50 Feature loss: 0.0012882990995422006 TVLoss: 1.3077893257141113 l2Loss: 0.6825064420700073
2022-04-27 03:57:56,977 DEBUG Image 17 class 8 - Iter 50 Feature loss: 0.0008007657015696168 TVLoss: 1.358654260635376 l2Loss: 0.6929342150688171
2022-04-27 03:57:57,205 DEBUG Image 18 class 8 - Iter 50 Feature loss: 0.0015531631652265787 TVLoss: 1.3048979043960571 l2Loss: 0.6706363558769226
2022-04-27 03:57:57,433 DEBUG Image 19 class 8 - Iter 50 Feature loss: 0.0009565545478835702 TVLoss: 1.371051549911499 l2Loss: 0.703406035900116
2022-04-27 03:57:57,662 DEBUG Image 0 class 9 - Iter 50 Feature loss: 0.0004913791781291366 TVLoss: 1.2269902229309082 l2Loss: 0.6961996555328369
2022-04-27 03:57:57,888 DEBUG Image 1 class 9 - Iter 50 Feature loss: 5.8053239627042785e-05 TVLoss: 1.2795805931091309 l2Loss: 0.6875333189964294
2022-04-27 03:57:58,113 DEBUG Image 2 class 9 - Iter 50 Feature loss: 0.0003904534096363932 TVLoss: 1.2605440616607666 l2Loss: 0.6910170316696167
2022-04-27 03:57:58,343 DEBUG Image 3 class 9 - Iter 50 Feature loss: 0.000653411028906703 TVLoss: 1.2990748882293701 l2Loss: 0.69127357006073
2022-04-27 03:57:58,573 DEBUG Image 4 class 9 - Iter 50 Feature loss: 0.0003634030872490257 TVLoss: 1.3972346782684326 l2Loss: 0.7156766653060913
2022-04-27 03:57:58,800 DEBUG Image 5 class 9 - Iter 50 Feature loss: 0.0005498804384842515 TVLoss: 1.2532672882080078 l2Loss: 0.7066965103149414
2022-04-27 03:57:59,027 DEBUG Image 6 class 9 - Iter 50 Feature loss: 0.0012860370334237814 TVLoss: 1.2528387308120728 l2Loss: 0.6743437051773071
2022-04-27 03:57:59,249 DEBUG Image 7 class 9 - Iter 50 Feature loss: 0.0006107610533945262 TVLoss: 1.2614212036132812 l2Loss: 0.6907573938369751
2022-04-27 03:57:59,460 DEBUG Image 8 class 9 - Iter 50 Feature loss: 0.00012492353562265635 TVLoss: 1.2738451957702637 l2Loss: 0.6817411184310913
2022-04-27 03:57:59,636 DEBUG Image 9 class 9 - Iter 50 Feature loss: 0.0008880723617039621 TVLoss: 1.209155559539795 l2Loss: 0.6652030944824219
2022-04-27 03:57:59,835 DEBUG Image 10 class 9 - Iter 50 Feature loss: 0.0007213136414065957 TVLoss: 1.2272472381591797 l2Loss: 0.6744782328605652
2022-04-27 03:58:00,049 DEBUG Image 11 class 9 - Iter 50 Feature loss: 0.0001294529065489769 TVLoss: 1.3500332832336426 l2Loss: 0.7080267667770386
2022-04-27 03:58:00,269 DEBUG Image 12 class 9 - Iter 50 Feature loss: 0.001013361383229494 TVLoss: 1.3185384273529053 l2Loss: 0.7094355821609497
2022-04-27 03:58:00,485 DEBUG Image 13 class 9 - Iter 50 Feature loss: 9.321732068201527e-05 TVLoss: 1.4019144773483276 l2Loss: 0.71808922290802
2022-04-27 03:58:00,702 DEBUG Image 14 class 9 - Iter 50 Feature loss: 0.00045372682507149875 TVLoss: 1.230316162109375 l2Loss: 0.6564582586288452
2022-04-27 03:58:00,917 DEBUG Image 15 class 9 - Iter 50 Feature loss: 9.417090768693015e-05 TVLoss: 1.3007761240005493 l2Loss: 0.7043439745903015
2022-04-27 03:58:01,134 DEBUG Image 16 class 9 - Iter 50 Feature loss: 0.0006144542712718248 TVLoss: 1.2382659912109375 l2Loss: 0.6731967926025391
2022-04-27 03:58:01,328 DEBUG Image 17 class 9 - Iter 50 Feature loss: 0.0008397151832468808 TVLoss: 1.2987005710601807 l2Loss: 0.6902861595153809
2022-04-27 03:58:01,499 DEBUG Image 18 class 9 - Iter 50 Feature loss: 0.0004931663861498237 TVLoss: 1.1232264041900635 l2Loss: 0.6604093909263611
2022-04-27 03:58:01,701 DEBUG Image 19 class 9 - Iter 50 Feature loss: 0.0008232779800891876 TVLoss: 1.2663096189498901 l2Loss: 0.6853785514831543
2022-04-27 03:58:03,406 DEBUG epoch: 0, val_acc: 9.78, val_fidelity: 9.78
2022-04-27 03:58:05,341 DEBUG epoch: 1, train_acc: 10.546875, val_acc: 10.77, fidel_score: 10.69, acc_loss: 4.203599572181702, grad_loss: None
2022-04-27 03:58:07,272 DEBUG epoch: 2, train_acc: 11.80555534362793, val_acc: 10.04, fidel_score: 9.73, acc_loss: 5.327219247817993, grad_loss: None
2022-04-27 03:58:08,850 DEBUG epoch: 3, train_acc: 10.503472089767456, val_acc: 9.97, fidel_score: 10.09, acc_loss: 3.267434239387512, grad_loss: None
2022-04-27 03:58:10,505 DEBUG epoch: 4, train_acc: 11.328125, val_acc: 10.57, fidel_score: 10.47, acc_loss: 2.5415269136428833, grad_loss: None
2022-04-27 03:58:11,811 DEBUG epoch: 5, train_acc: 7.465277671813965, val_acc: 10.76, fidel_score: 10.92, acc_loss: 2.4995611906051636, grad_loss: None
2022-04-27 03:58:13,357 DEBUG epoch: 6, train_acc: 10.503472089767456, val_acc: 11.11, fidel_score: 10.98, acc_loss: 2.4282881021499634, grad_loss: None
2022-04-27 03:58:14,935 DEBUG epoch: 7, train_acc: 11.50173568725586, val_acc: 10.38, fidel_score: 10.48, acc_loss: 2.327072501182556, grad_loss: None
2022-04-27 03:58:16,460 DEBUG epoch: 8, train_acc: 13.888888359069824, val_acc: 10.39, fidel_score: 10.83, acc_loss: 2.3166199922561646, grad_loss: None
2022-04-27 03:58:17,846 DEBUG epoch: 9, train_acc: 11.588541507720947, val_acc: 11.01, fidel_score: 11.17, acc_loss: 2.280209541320801, grad_loss: None
2022-04-27 03:58:19,843 DEBUG epoch: 10, train_acc: 15.060763359069824, val_acc: 12.91, fidel_score: 12.79, acc_loss: 2.206449508666992, grad_loss: None
2022-04-27 03:58:21,676 DEBUG epoch: 11, train_acc: 17.53472137451172, val_acc: 12.56, fidel_score: 12.52, acc_loss: 2.117348790168762, grad_loss: None
2022-04-27 03:58:23,650 DEBUG epoch: 12, train_acc: 17.708333015441895, val_acc: 12.86, fidel_score: 12.76, acc_loss: 2.0777519941329956, grad_loss: None
2022-04-27 03:58:25,510 DEBUG epoch: 13, train_acc: 17.44791603088379, val_acc: 13.0, fidel_score: 13.08, acc_loss: 2.0029688477516174, grad_loss: None
2022-04-27 03:58:27,470 DEBUG epoch: 14, train_acc: 17.96875, val_acc: 12.41, fidel_score: 12.58, acc_loss: 1.9113271832466125, grad_loss: None
2022-04-27 03:58:29,300 DEBUG epoch: 15, train_acc: 20.920138359069824, val_acc: 15.15, fidel_score: 14.95, acc_loss: 1.9048079252243042, grad_loss: None
2022-04-27 03:58:30,844 DEBUG epoch: 16, train_acc: 27.560763359069824, val_acc: 13.84, fidel_score: 13.79, acc_loss: 1.819334089756012, grad_loss: None
2022-04-27 03:58:32,231 DEBUG epoch: 17, train_acc: 22.13541603088379, val_acc: 14.61, fidel_score: 14.45, acc_loss: 1.814313530921936, grad_loss: None
2022-04-27 03:58:33,614 DEBUG epoch: 18, train_acc: 21.137152671813965, val_acc: 14.37, fidel_score: 14.55, acc_loss: 1.895204484462738, grad_loss: None
2022-04-27 03:58:35,007 DEBUG epoch: 19, train_acc: 24.95659637451172, val_acc: 13.08, fidel_score: 13.32, acc_loss: 1.8644326329231262, grad_loss: None
2022-04-27 03:58:36,682 DEBUG epoch: 20, train_acc: 25.217013359069824, val_acc: 16.36, fidel_score: 16.5, acc_loss: 1.7902697920799255, grad_loss: None
2022-04-27 03:58:38,111 DEBUG epoch: 21, train_acc: 24.56597137451172, val_acc: 15.44, fidel_score: 15.59, acc_loss: 1.8113144636154175, grad_loss: None
2022-04-27 03:58:39,502 DEBUG epoch: 22, train_acc: 28.16840171813965, val_acc: 16.02, fidel_score: 16.41, acc_loss: 1.7019144296646118, grad_loss: None
2022-04-27 03:58:41,401 DEBUG epoch: 23, train_acc: 28.90625, val_acc: 15.89, fidel_score: 16.11, acc_loss: 1.7794371247291565, grad_loss: None
2022-04-27 03:58:43,204 DEBUG epoch: 24, train_acc: 25.47743034362793, val_acc: 15.73, fidel_score: 15.63, acc_loss: 1.7030239701271057, grad_loss: None
2022-04-27 03:58:45,157 DEBUG epoch: 25, train_acc: 24.131943702697754, val_acc: 16.75, fidel_score: 17.05, acc_loss: 1.7137392163276672, grad_loss: None
2022-04-27 03:58:46,862 DEBUG epoch: 26, train_acc: 31.076388359069824, val_acc: 16.31, fidel_score: 16.45, acc_loss: 1.6481845378875732, grad_loss: None
2022-04-27 03:58:48,777 DEBUG epoch: 27, train_acc: 27.12673568725586, val_acc: 16.19, fidel_score: 16.1, acc_loss: 1.6754674911499023, grad_loss: None
2022-04-27 03:58:50,545 DEBUG epoch: 28, train_acc: 38.23784637451172, val_acc: 16.41, fidel_score: 16.28, acc_loss: 1.510973572731018, grad_loss: None
2022-04-27 03:58:52,235 DEBUG epoch: 29, train_acc: 26.73611068725586, val_acc: 15.55, fidel_score: 15.41, acc_loss: 1.5398527383804321, grad_loss: None
2022-04-27 03:58:53,668 DEBUG epoch: 30, train_acc: 36.63194274902344, val_acc: 15.73, fidel_score: 15.56, acc_loss: 1.5708963871002197, grad_loss: None
2022-04-27 03:58:55,291 DEBUG epoch: 31, train_acc: 27.51736068725586, val_acc: 17.51, fidel_score: 17.85, acc_loss: 1.566891610622406, grad_loss: None
2022-04-27 03:58:56,743 DEBUG epoch: 32, train_acc: 31.20659637451172, val_acc: 16.06, fidel_score: 15.9, acc_loss: 1.4594746232032776, grad_loss: None
2022-04-27 03:58:58,677 DEBUG epoch: 33, train_acc: 35.85069274902344, val_acc: 16.99, fidel_score: 17.05, acc_loss: 1.443236529827118, grad_loss: None
2022-04-27 03:59:00,008 DEBUG epoch: 34, train_acc: 42.40451240539551, val_acc: 17.41, fidel_score: 17.33, acc_loss: 1.3218054175376892, grad_loss: None
2022-04-27 03:59:01,536 DEBUG epoch: 35, train_acc: 37.67361068725586, val_acc: 17.64, fidel_score: 17.72, acc_loss: 1.3320080041885376, grad_loss: None
2022-04-27 03:59:03,279 DEBUG epoch: 36, train_acc: 33.63715171813965, val_acc: 18.72, fidel_score: 18.56, acc_loss: 1.4492412209510803, grad_loss: None
2022-04-27 03:59:05,067 DEBUG epoch: 37, train_acc: 43.22916603088379, val_acc: 16.22, fidel_score: 16.15, acc_loss: 1.3399633765220642, grad_loss: None
2022-04-27 03:59:06,851 DEBUG epoch: 38, train_acc: 34.93923568725586, val_acc: 17.92, fidel_score: 17.9, acc_loss: 1.4435282349586487, grad_loss: None
2022-04-27 03:59:08,610 DEBUG epoch: 39, train_acc: 41.53645706176758, val_acc: 19.1, fidel_score: 19.2, acc_loss: 1.4531927108764648, grad_loss: None
2022-04-27 03:59:10,346 DEBUG epoch: 40, train_acc: 35.15625, val_acc: 17.5, fidel_score: 17.44, acc_loss: 1.480709433555603, grad_loss: None
2022-04-27 03:59:12,201 DEBUG epoch: 41, train_acc: 46.484375, val_acc: 16.03, fidel_score: 16.09, acc_loss: 1.2755637764930725, grad_loss: None
2022-04-27 03:59:13,698 DEBUG epoch: 42, train_acc: 42.10069274902344, val_acc: 17.42, fidel_score: 17.5, acc_loss: 1.2634171843528748, grad_loss: None
2022-04-27 03:59:15,157 DEBUG epoch: 43, train_acc: 37.45659637451172, val_acc: 16.54, fidel_score: 16.48, acc_loss: 1.3381321430206299, grad_loss: None
2022-04-27 03:59:16,546 DEBUG epoch: 44, train_acc: 40.234375, val_acc: 16.86, fidel_score: 17.02, acc_loss: 1.2051971554756165, grad_loss: None
2022-04-27 03:59:17,834 DEBUG epoch: 45, train_acc: 43.48958206176758, val_acc: 17.86, fidel_score: 18.12, acc_loss: 1.277665913105011, grad_loss: None
2022-04-27 03:59:19,279 DEBUG epoch: 46, train_acc: 39.71354103088379, val_acc: 19.7, fidel_score: 19.72, acc_loss: 1.241152822971344, grad_loss: None
2022-04-27 03:59:21,130 DEBUG epoch: 47, train_acc: 36.67534637451172, val_acc: 17.48, fidel_score: 17.41, acc_loss: 1.335256576538086, grad_loss: None
2022-04-27 03:59:22,731 DEBUG epoch: 48, train_acc: 42.10069274902344, val_acc: 17.72, fidel_score: 18.09, acc_loss: 1.2666613459587097, grad_loss: None
2022-04-27 03:59:24,265 DEBUG epoch: 49, train_acc: 42.49131774902344, val_acc: 19.95, fidel_score: 19.9, acc_loss: 1.2121213674545288, grad_loss: None
2022-04-27 03:59:26,265 DEBUG epoch: 50, train_acc: 41.10243034362793, val_acc: 19.3, fidel_score: 19.31, acc_loss: 1.3117541670799255, grad_loss: None
2022-04-27 03:59:28,179 DEBUG epoch: 51, train_acc: 32.37847137451172, val_acc: 16.89, fidel_score: 16.93, acc_loss: 1.6655687093734741, grad_loss: None
2022-04-27 03:59:30,185 DEBUG epoch: 52, train_acc: 48.828125, val_acc: 17.82, fidel_score: 17.68, acc_loss: 1.2028347849845886, grad_loss: None
2022-04-27 03:59:32,039 DEBUG epoch: 53, train_acc: 45.703125, val_acc: 18.26, fidel_score: 18.32, acc_loss: 1.317805528640747, grad_loss: None
2022-04-27 03:59:34,060 DEBUG epoch: 54, train_acc: 40.97222137451172, val_acc: 18.73, fidel_score: 18.36, acc_loss: 1.3125303983688354, grad_loss: None
2022-04-27 03:59:35,795 DEBUG epoch: 55, train_acc: 38.36805534362793, val_acc: 16.66, fidel_score: 16.85, acc_loss: 1.3106560707092285, grad_loss: None
2022-04-27 03:59:37,405 DEBUG epoch: 56, train_acc: 41.66666603088379, val_acc: 17.58, fidel_score: 17.59, acc_loss: 1.2667586207389832, grad_loss: None
2022-04-27 03:59:38,968 DEBUG epoch: 57, train_acc: 48.046875, val_acc: 18.69, fidel_score: 18.89, acc_loss: 1.1601813435554504, grad_loss: None
2022-04-27 03:59:40,476 DEBUG epoch: 58, train_acc: 45.65972137451172, val_acc: 19.93, fidel_score: 20.12, acc_loss: 1.2187319993972778, grad_loss: None
2022-04-27 03:59:41,993 DEBUG epoch: 59, train_acc: 48.09027671813965, val_acc: 19.17, fidel_score: 19.3, acc_loss: 1.2938746213912964, grad_loss: None
2022-04-27 03:59:43,616 DEBUG epoch: 60, train_acc: 42.96875, val_acc: 18.8, fidel_score: 18.7, acc_loss: 1.3317012786865234, grad_loss: None
2022-04-27 03:59:45,187 DEBUG epoch: 61, train_acc: 51.953125, val_acc: 17.92, fidel_score: 17.9, acc_loss: 1.0682255029678345, grad_loss: None
2022-04-27 03:59:47,029 DEBUG epoch: 62, train_acc: 44.66145706176758, val_acc: 18.41, fidel_score: 18.18, acc_loss: 1.3347854614257812, grad_loss: None
2022-04-27 03:59:48,804 DEBUG epoch: 63, train_acc: 48.91493034362793, val_acc: 17.57, fidel_score: 17.71, acc_loss: 1.1224112510681152, grad_loss: None
2022-04-27 03:59:50,770 DEBUG epoch: 64, train_acc: 49.609375, val_acc: 18.73, fidel_score: 18.59, acc_loss: 1.0715602040290833, grad_loss: None
2022-04-27 03:59:52,583 DEBUG epoch: 65, train_acc: 41.796875, val_acc: 19.37, fidel_score: 19.29, acc_loss: 1.2162083387374878, grad_loss: None
2022-04-27 03:59:54,543 DEBUG epoch: 66, train_acc: 54.6875, val_acc: 19.51, fidel_score: 19.55, acc_loss: 1.0045467615127563, grad_loss: None
2022-04-27 03:59:56,379 DEBUG epoch: 67, train_acc: 48.828125, val_acc: 20.02, fidel_score: 20.06, acc_loss: 1.0431180000305176, grad_loss: None
2022-04-27 03:59:58,027 DEBUG epoch: 68, train_acc: 54.90451240539551, val_acc: 19.19, fidel_score: 19.34, acc_loss: 1.0051995515823364, grad_loss: None
2022-04-27 03:59:59,468 DEBUG epoch: 69, train_acc: 47.22222137451172, val_acc: 18.95, fidel_score: 19.3, acc_loss: 1.085753083229065, grad_loss: None
2022-04-27 04:00:01,034 DEBUG epoch: 70, train_acc: 51.5625, val_acc: 19.58, fidel_score: 19.56, acc_loss: 0.9322850406169891, grad_loss: None
2022-04-27 04:00:02,351 DEBUG epoch: 71, train_acc: 56.20659637451172, val_acc: 19.45, fidel_score: 19.36, acc_loss: 0.9163695871829987, grad_loss: None
2022-04-27 04:00:03,941 DEBUG epoch: 72, train_acc: 56.3368034362793, val_acc: 19.57, fidel_score: 19.56, acc_loss: 0.8762188255786896, grad_loss: None
2022-04-27 04:00:05,334 DEBUG epoch: 73, train_acc: 51.43229103088379, val_acc: 19.25, fidel_score: 19.24, acc_loss: 0.9042903482913971, grad_loss: None
2022-04-27 04:00:06,878 DEBUG epoch: 74, train_acc: 42.27430534362793, val_acc: 18.9, fidel_score: 18.81, acc_loss: 1.180738240480423, grad_loss: None
2022-04-27 04:00:08,479 DEBUG epoch: 75, train_acc: 53.38541603088379, val_acc: 19.13, fidel_score: 19.13, acc_loss: 0.8634006083011627, grad_loss: None
2022-04-27 04:00:10,328 DEBUG epoch: 76, train_acc: 46.26736068725586, val_acc: 19.13, fidel_score: 18.94, acc_loss: 1.0861530900001526, grad_loss: None
2022-04-27 04:00:12,050 DEBUG epoch: 77, train_acc: 53.73263740539551, val_acc: 19.08, fidel_score: 19.01, acc_loss: 0.9392216205596924, grad_loss: None
2022-04-27 04:00:13,920 DEBUG epoch: 78, train_acc: 46.26736068725586, val_acc: 19.17, fidel_score: 19.33, acc_loss: 1.1587175726890564, grad_loss: None
2022-04-27 04:00:15,617 DEBUG epoch: 79, train_acc: 57.46527671813965, val_acc: 19.39, fidel_score: 19.55, acc_loss: 0.8417327702045441, grad_loss: None
2022-04-27 04:00:17,517 DEBUG epoch: 80, train_acc: 48.30729103088379, val_acc: 19.39, fidel_score: 19.62, acc_loss: 1.0507583916187286, grad_loss: None
2022-04-27 04:00:19,230 DEBUG epoch: 81, train_acc: 52.17013740539551, val_acc: 19.36, fidel_score: 19.62, acc_loss: 0.9605063796043396, grad_loss: None
2022-04-27 04:00:20,703 DEBUG epoch: 82, train_acc: 47.30902671813965, val_acc: 19.25, fidel_score: 19.16, acc_loss: 1.0861437916755676, grad_loss: None
2022-04-27 04:00:22,069 DEBUG epoch: 83, train_acc: 55.38194274902344, val_acc: 18.72, fidel_score: 18.92, acc_loss: 0.8452590703964233, grad_loss: None
2022-04-27 04:00:23,396 DEBUG epoch: 84, train_acc: 59.72222137451172, val_acc: 19.64, fidel_score: 19.61, acc_loss: 0.8321783542633057, grad_loss: None
2022-04-27 04:00:24,837 DEBUG epoch: 85, train_acc: 56.29340171813965, val_acc: 19.36, fidel_score: 19.34, acc_loss: 0.9042499959468842, grad_loss: None
2022-04-27 04:00:26,519 DEBUG epoch: 86, train_acc: 53.55902671813965, val_acc: 19.59, fidel_score: 19.57, acc_loss: 0.8609375655651093, grad_loss: None
2022-04-27 04:00:27,935 DEBUG epoch: 87, train_acc: 51.86631774902344, val_acc: 19.03, fidel_score: 18.83, acc_loss: 0.8484408855438232, grad_loss: None
2022-04-27 04:00:29,232 DEBUG epoch: 88, train_acc: 44.01041603088379, val_acc: 18.51, fidel_score: 18.36, acc_loss: 1.1654548645019531, grad_loss: None
2022-04-27 04:00:30,873 DEBUG epoch: 89, train_acc: 57.20486068725586, val_acc: 19.85, fidel_score: 19.75, acc_loss: 0.8207911252975464, grad_loss: None
2022-04-27 04:00:32,579 DEBUG epoch: 90, train_acc: 59.28819274902344, val_acc: 20.31, fidel_score: 20.44, acc_loss: 0.8208091557025909, grad_loss: None
2022-04-27 04:00:34,381 DEBUG epoch: 91, train_acc: 51.34548568725586, val_acc: 20.38, fidel_score: 20.4, acc_loss: 1.0344590246677399, grad_loss: None
2022-04-27 04:00:36,095 DEBUG epoch: 92, train_acc: 59.33159637451172, val_acc: 19.35, fidel_score: 19.41, acc_loss: 0.7996673583984375, grad_loss: None
2022-04-27 04:00:37,880 DEBUG epoch: 93, train_acc: 55.90277671813965, val_acc: 18.22, fidel_score: 18.04, acc_loss: 0.8389540612697601, grad_loss: None
2022-04-27 04:00:39,577 DEBUG epoch: 94, train_acc: 63.41145706176758, val_acc: 18.09, fidel_score: 18.1, acc_loss: 0.7519017457962036, grad_loss: None
2022-04-27 04:00:41,306 DEBUG epoch: 95, train_acc: 61.19791603088379, val_acc: 20.42, fidel_score: 20.57, acc_loss: 0.7725700736045837, grad_loss: None
2022-04-27 04:00:42,667 DEBUG epoch: 96, train_acc: 41.710068702697754, val_acc: 20.32, fidel_score: 20.25, acc_loss: 1.2557138800621033, grad_loss: None
2022-04-27 04:00:44,086 DEBUG epoch: 97, train_acc: 66.36284637451172, val_acc: 19.16, fidel_score: 19.14, acc_loss: 0.7701064348220825, grad_loss: None
2022-04-27 04:00:45,363 DEBUG epoch: 98, train_acc: 50.30381774902344, val_acc: 17.72, fidel_score: 17.91, acc_loss: 1.1520738303661346, grad_loss: None
2022-04-27 04:00:46,811 DEBUG epoch: 99, train_acc: 52.56076240539551, val_acc: 19.4, fidel_score: 19.18, acc_loss: 0.9163045585155487, grad_loss: None
2022-04-27 04:00:48,278 DEBUG epoch: 100, train_acc: 61.06770706176758, val_acc: 20.96, fidel_score: 21.19, acc_loss: 0.8026794493198395, grad_loss: None
2022-04-27 04:00:49,922 DEBUG epoch: 101, train_acc: 62.36979103088379, val_acc: 20.54, fidel_score: 20.79, acc_loss: 0.8260162770748138, grad_loss: None
2022-04-27 04:00:51,421 DEBUG epoch: 102, train_acc: 45.833333015441895, val_acc: 20.01, fidel_score: 20.04, acc_loss: 1.1903036236763, grad_loss: None
2022-04-27 04:00:53,249 DEBUG epoch: 103, train_acc: 56.11979103088379, val_acc: 19.17, fidel_score: 19.11, acc_loss: 0.7908883988857269, grad_loss: None
2022-04-27 04:00:55,112 DEBUG epoch: 104, train_acc: 52.60416603088379, val_acc: 18.81, fidel_score: 18.81, acc_loss: 0.8682262897491455, grad_loss: None
2022-04-27 04:00:57,086 DEBUG epoch: 105, train_acc: 51.86631774902344, val_acc: 18.81, fidel_score: 18.77, acc_loss: 0.9218182563781738, grad_loss: None
2022-04-27 04:00:58,867 DEBUG epoch: 106, train_acc: 58.02951240539551, val_acc: 19.75, fidel_score: 19.95, acc_loss: 0.8115664422512054, grad_loss: None
2022-04-27 04:01:00,859 DEBUG epoch: 107, train_acc: 59.4618034362793, val_acc: 19.58, fidel_score: 19.7, acc_loss: 0.7703312039375305, grad_loss: None
2022-04-27 04:01:02,574 DEBUG epoch: 108, train_acc: 60.06944274902344, val_acc: 19.12, fidel_score: 19.29, acc_loss: 0.787678986787796, grad_loss: None
2022-04-27 04:01:04,299 DEBUG epoch: 109, train_acc: 58.81076240539551, val_acc: 20.01, fidel_score: 20.15, acc_loss: 0.8553898334503174, grad_loss: None
2022-04-27 04:01:05,815 DEBUG epoch: 110, train_acc: 49.86979103088379, val_acc: 20.38, fidel_score: 20.52, acc_loss: 1.1295261681079865, grad_loss: None
2022-04-27 04:01:07,440 DEBUG epoch: 111, train_acc: 57.76909637451172, val_acc: 20.66, fidel_score: 20.63, acc_loss: 0.7464695274829865, grad_loss: None
2022-04-27 04:01:08,955 DEBUG epoch: 112, train_acc: 61.63194274902344, val_acc: 20.78, fidel_score: 20.69, acc_loss: 0.7971264123916626, grad_loss: None
2022-04-27 04:01:10,477 DEBUG epoch: 113, train_acc: 54.99131774902344, val_acc: 20.31, fidel_score: 20.41, acc_loss: 0.7839838564395905, grad_loss: None
2022-04-27 04:01:11,959 DEBUG epoch: 114, train_acc: 64.23611068725586, val_acc: 20.11, fidel_score: 19.98, acc_loss: 0.7299231886863708, grad_loss: None
2022-04-27 04:01:13,579 DEBUG epoch: 115, train_acc: 64.45312309265137, val_acc: 21.1, fidel_score: 20.93, acc_loss: 0.7378682792186737, grad_loss: None
2022-04-27 04:01:15,345 DEBUG epoch: 116, train_acc: 61.0243034362793, val_acc: 20.01, fidel_score: 20.18, acc_loss: 0.7628555595874786, grad_loss: None
2022-04-27 04:01:17,316 DEBUG epoch: 117, train_acc: 56.77083206176758, val_acc: 20.59, fidel_score: 20.65, acc_loss: 0.8519670367240906, grad_loss: None
2022-04-27 04:01:19,150 DEBUG epoch: 118, train_acc: 60.98090171813965, val_acc: 20.23, fidel_score: 20.24, acc_loss: 0.7689381837844849, grad_loss: None
2022-04-27 04:01:21,130 DEBUG epoch: 119, train_acc: 61.8055534362793, val_acc: 20.36, fidel_score: 20.42, acc_loss: 0.8195412456989288, grad_loss: None
2022-04-27 04:01:22,961 DEBUG epoch: 120, train_acc: 64.62673568725586, val_acc: 20.46, fidel_score: 20.38, acc_loss: 0.7653758525848389, grad_loss: None
2022-04-27 04:01:24,935 DEBUG epoch: 121, train_acc: 67.23089981079102, val_acc: 20.12, fidel_score: 20.04, acc_loss: 0.6851690709590912, grad_loss: None
2022-04-27 04:01:26,430 DEBUG epoch: 122, train_acc: 64.67013931274414, val_acc: 19.86, fidel_score: 19.65, acc_loss: 0.661148726940155, grad_loss: None
2022-04-27 04:01:28,043 DEBUG epoch: 123, train_acc: 58.63715171813965, val_acc: 20.2, fidel_score: 20.12, acc_loss: 0.8237002491950989, grad_loss: None
2022-04-27 04:01:29,365 DEBUG epoch: 124, train_acc: 57.03125, val_acc: 20.09, fidel_score: 19.92, acc_loss: 0.8776131272315979, grad_loss: None
2022-04-27 04:01:30,729 DEBUG epoch: 125, train_acc: 62.76041603088379, val_acc: 19.91, fidel_score: 19.89, acc_loss: 0.7575206160545349, grad_loss: None
2022-04-27 04:01:32,285 DEBUG epoch: 126, train_acc: 60.46006774902344, val_acc: 20.47, fidel_score: 20.53, acc_loss: 0.7540989816188812, grad_loss: None
2022-04-27 04:01:33,712 DEBUG epoch: 127, train_acc: 54.73090171813965, val_acc: 19.88, fidel_score: 19.72, acc_loss: 0.8779047131538391, grad_loss: None
2022-04-27 04:01:35,060 DEBUG epoch: 128, train_acc: 62.93402671813965, val_acc: 18.99, fidel_score: 18.97, acc_loss: 0.7145090699195862, grad_loss: None
2022-04-27 04:01:36,626 DEBUG epoch: 129, train_acc: 65.88541412353516, val_acc: 19.64, fidel_score: 19.6, acc_loss: 0.6678754985332489, grad_loss: None
2022-04-27 04:01:38,402 DEBUG epoch: 130, train_acc: 54.51388740539551, val_acc: 19.89, fidel_score: 20.03, acc_loss: 1.0261231660842896, grad_loss: None
2022-04-27 04:01:40,276 DEBUG epoch: 131, train_acc: 69.96527481079102, val_acc: 21.01, fidel_score: 21.15, acc_loss: 0.6382755935192108, grad_loss: None
2022-04-27 04:01:42,024 DEBUG epoch: 132, train_acc: 69.48784637451172, val_acc: 20.98, fidel_score: 20.95, acc_loss: 0.6876841187477112, grad_loss: None
2022-04-27 04:01:43,897 DEBUG epoch: 133, train_acc: 63.71527671813965, val_acc: 20.23, fidel_score: 20.21, acc_loss: 0.6912046074867249, grad_loss: None
2022-04-27 04:01:45,632 DEBUG epoch: 134, train_acc: 65.36458206176758, val_acc: 20.12, fidel_score: 20.09, acc_loss: 0.7178068161010742, grad_loss: None
2022-04-27 04:01:47,498 DEBUG epoch: 135, train_acc: 73.69791412353516, val_acc: 20.47, fidel_score: 20.36, acc_loss: 0.6017387509346008, grad_loss: None
2022-04-27 04:01:48,878 DEBUG epoch: 136, train_acc: 67.23089981079102, val_acc: 21.14, fidel_score: 21.41, acc_loss: 0.7145333886146545, grad_loss: None
2022-04-27 04:01:50,326 DEBUG epoch: 137, train_acc: 72.22222137451172, val_acc: 20.52, fidel_score: 20.64, acc_loss: 0.6610045433044434, grad_loss: None
2022-04-27 04:01:51,647 DEBUG epoch: 138, train_acc: 67.18749809265137, val_acc: 20.15, fidel_score: 20.12, acc_loss: 0.6691391468048096, grad_loss: None
2022-04-27 04:01:52,997 DEBUG epoch: 139, train_acc: 63.45486068725586, val_acc: 20.21, fidel_score: 20.04, acc_loss: 0.7764154970645905, grad_loss: None
2022-04-27 04:01:54,663 DEBUG epoch: 140, train_acc: 69.6180534362793, val_acc: 21.12, fidel_score: 21.07, acc_loss: 0.6216321289539337, grad_loss: None
2022-04-27 04:01:56,058 DEBUG epoch: 141, train_acc: 61.15451431274414, val_acc: 20.78, fidel_score: 20.66, acc_loss: 0.7653548121452332, grad_loss: None
2022-04-27 04:01:57,370 DEBUG epoch: 142, train_acc: 67.14409637451172, val_acc: 19.55, fidel_score: 19.5, acc_loss: 0.6503465473651886, grad_loss: None
2022-04-27 04:01:58,958 DEBUG epoch: 143, train_acc: 64.06249809265137, val_acc: 19.85, fidel_score: 20.09, acc_loss: 0.6851757168769836, grad_loss: None
2022-04-27 04:02:00,684 DEBUG epoch: 144, train_acc: 71.91839981079102, val_acc: 21.52, fidel_score: 21.56, acc_loss: 0.6217759549617767, grad_loss: None
2022-04-27 04:02:02,472 DEBUG epoch: 145, train_acc: 67.40451431274414, val_acc: 20.5, fidel_score: 20.67, acc_loss: 0.6577716767787933, grad_loss: None
2022-04-27 04:02:04,239 DEBUG epoch: 146, train_acc: 69.40103912353516, val_acc: 20.02, fidel_score: 19.9, acc_loss: 0.6229090988636017, grad_loss: None
2022-04-27 04:02:06,076 DEBUG epoch: 147, train_acc: 62.49999809265137, val_acc: 19.51, fidel_score: 19.5, acc_loss: 0.7455765306949615, grad_loss: None
2022-04-27 04:02:07,826 DEBUG epoch: 148, train_acc: 75.73784637451172, val_acc: 19.88, fidel_score: 20.03, acc_loss: 0.5484980344772339, grad_loss: None
2022-04-27 04:02:09,675 DEBUG epoch: 149, train_acc: 68.48958206176758, val_acc: 20.06, fidel_score: 20.42, acc_loss: 0.6077708601951599, grad_loss: None
2022-04-27 04:02:11,007 DEBUG epoch: 150, train_acc: 65.79861068725586, val_acc: 20.46, fidel_score: 20.53, acc_loss: 0.6442960798740387, grad_loss: None
2022-04-27 04:02:12,431 DEBUG epoch: 151, train_acc: 64.1493034362793, val_acc: 20.13, fidel_score: 20.13, acc_loss: 0.8433814644813538, grad_loss: None
2022-04-27 04:02:13,749 DEBUG epoch: 152, train_acc: 66.53645706176758, val_acc: 19.58, fidel_score: 19.48, acc_loss: 0.71593376994133, grad_loss: None
2022-04-27 04:02:15,044 DEBUG epoch: 153, train_acc: 74.91319274902344, val_acc: 20.23, fidel_score: 20.1, acc_loss: 0.6316557228565216, grad_loss: None
2022-04-27 04:02:16,682 DEBUG epoch: 154, train_acc: 68.18576431274414, val_acc: 20.62, fidel_score: 20.43, acc_loss: 0.6587270200252533, grad_loss: None
2022-04-27 04:02:18,005 DEBUG epoch: 155, train_acc: 72.78645706176758, val_acc: 20.32, fidel_score: 20.27, acc_loss: 0.5591196417808533, grad_loss: None
2022-04-27 04:02:19,377 DEBUG epoch: 156, train_acc: 59.72222137451172, val_acc: 20.87, fidel_score: 20.76, acc_loss: 0.7508253157138824, grad_loss: None
2022-04-27 04:02:20,976 DEBUG epoch: 157, train_acc: 65.3211784362793, val_acc: 20.64, fidel_score: 20.67, acc_loss: 0.675476998090744, grad_loss: None
2022-04-27 04:02:22,780 DEBUG epoch: 158, train_acc: 73.35069274902344, val_acc: 20.49, fidel_score: 20.57, acc_loss: 0.571198046207428, grad_loss: None
2022-04-27 04:02:24,522 DEBUG epoch: 159, train_acc: 70.83333206176758, val_acc: 20.99, fidel_score: 21.04, acc_loss: 0.5771358609199524, grad_loss: None
2022-04-27 04:02:26,012 DEBUG epoch: 160, train_acc: 67.44791412353516, val_acc: 20.76, fidel_score: 20.77, acc_loss: 0.5670005679130554, grad_loss: None
2022-04-27 04:02:27,472 DEBUG epoch: 161, train_acc: 76.77951049804688, val_acc: 20.55, fidel_score: 20.51, acc_loss: 0.5588431358337402, grad_loss: None
2022-04-27 04:02:28,932 DEBUG epoch: 162, train_acc: 75.8680534362793, val_acc: 20.56, fidel_score: 20.51, acc_loss: 0.5646150410175323, grad_loss: None
2022-04-27 04:02:30,109 DEBUG epoch: 163, train_acc: 71.9618034362793, val_acc: 20.88, fidel_score: 20.69, acc_loss: 0.560683012008667, grad_loss: None
2022-04-27 04:02:31,324 DEBUG epoch: 164, train_acc: 73.4375, val_acc: 20.13, fidel_score: 20.21, acc_loss: 0.5512009561061859, grad_loss: None
2022-04-27 04:02:32,549 DEBUG epoch: 165, train_acc: 74.39236068725586, val_acc: 20.16, fidel_score: 20.1, acc_loss: 0.5635079741477966, grad_loss: None
2022-04-27 04:02:33,725 DEBUG epoch: 166, train_acc: 65.97222137451172, val_acc: 20.68, fidel_score: 20.53, acc_loss: 0.8424349129199982, grad_loss: None
2022-04-27 04:02:34,951 DEBUG epoch: 167, train_acc: 67.23089981079102, val_acc: 20.55, fidel_score: 20.59, acc_loss: 0.6581920981407166, grad_loss: None
2022-04-27 04:02:36,618 DEBUG epoch: 168, train_acc: 71.09375, val_acc: 20.93, fidel_score: 20.92, acc_loss: 0.6237901747226715, grad_loss: None
2022-04-27 04:02:38,184 DEBUG epoch: 169, train_acc: 61.11111068725586, val_acc: 20.56, fidel_score: 20.58, acc_loss: 0.7588756680488586, grad_loss: None
2022-04-27 04:02:39,356 DEBUG epoch: 170, train_acc: 74.13194274902344, val_acc: 20.92, fidel_score: 20.94, acc_loss: 0.5297524333000183, grad_loss: None
2022-04-27 04:02:40,495 DEBUG epoch: 171, train_acc: 68.35937309265137, val_acc: 21.12, fidel_score: 21.11, acc_loss: 0.6234363317489624, grad_loss: None
2022-04-27 04:02:41,590 DEBUG epoch: 172, train_acc: 70.74652481079102, val_acc: 20.94, fidel_score: 20.95, acc_loss: 0.5781776905059814, grad_loss: None
2022-04-27 04:02:43,518 DEBUG epoch: 173, train_acc: 77.47395706176758, val_acc: 20.55, fidel_score: 20.68, acc_loss: 0.49258729815483093, grad_loss: None
2022-04-27 04:02:45,167 DEBUG epoch: 174, train_acc: 78.25520706176758, val_acc: 20.45, fidel_score: 20.41, acc_loss: 0.5106464326381683, grad_loss: None
2022-04-27 04:02:46,924 DEBUG epoch: 175, train_acc: 63.71527671813965, val_acc: 20.96, fidel_score: 21.05, acc_loss: 0.7227665185928345, grad_loss: None
2022-04-27 04:02:48,547 DEBUG epoch: 176, train_acc: 77.17013549804688, val_acc: 20.71, fidel_score: 20.84, acc_loss: 0.5306503474712372, grad_loss: None
2022-04-27 04:02:50,176 DEBUG epoch: 177, train_acc: 65.49479103088379, val_acc: 21.01, fidel_score: 21.0, acc_loss: 0.6864348948001862, grad_loss: None
2022-04-27 04:02:51,938 DEBUG epoch: 178, train_acc: 59.54861068725586, val_acc: 20.43, fidel_score: 20.42, acc_loss: 0.7557324469089508, grad_loss: None
2022-04-27 04:02:53,673 DEBUG epoch: 179, train_acc: 78.81944274902344, val_acc: 20.76, fidel_score: 20.7, acc_loss: 0.5113999247550964, grad_loss: None
2022-04-27 04:02:55,034 DEBUG epoch: 180, train_acc: 78.515625, val_acc: 20.17, fidel_score: 20.12, acc_loss: 0.5038597136735916, grad_loss: None
2022-04-27 04:02:56,406 DEBUG epoch: 181, train_acc: 70.87673568725586, val_acc: 20.64, fidel_score: 20.57, acc_loss: 0.5587791502475739, grad_loss: None
2022-04-27 04:02:57,693 DEBUG epoch: 182, train_acc: 80.72916412353516, val_acc: 20.58, fidel_score: 20.69, acc_loss: 0.5256295502185822, grad_loss: None
2022-04-27 04:02:58,958 DEBUG epoch: 183, train_acc: 76.04166412353516, val_acc: 20.24, fidel_score: 20.14, acc_loss: 0.5560427457094193, grad_loss: None
2022-04-27 04:03:00,474 DEBUG epoch: 184, train_acc: 77.47395706176758, val_acc: 20.85, fidel_score: 20.86, acc_loss: 0.5192879289388657, grad_loss: None
2022-04-27 04:03:01,718 DEBUG epoch: 185, train_acc: 70.52951431274414, val_acc: 20.54, fidel_score: 20.69, acc_loss: 0.6380427181720734, grad_loss: None
2022-04-27 04:03:03,131 DEBUG epoch: 186, train_acc: 73.78472137451172, val_acc: 20.31, fidel_score: 20.09, acc_loss: 0.508636474609375, grad_loss: None
2022-04-27 04:03:04,424 DEBUG epoch: 187, train_acc: 80.12152481079102, val_acc: 20.34, fidel_score: 20.3, acc_loss: 0.49008333683013916, grad_loss: None
2022-04-27 04:03:06,304 DEBUG epoch: 188, train_acc: 77.30034637451172, val_acc: 20.68, fidel_score: 20.39, acc_loss: 0.5037950128316879, grad_loss: None
2022-04-27 04:03:08,043 DEBUG epoch: 189, train_acc: 67.36111068725586, val_acc: 20.9, fidel_score: 20.91, acc_loss: 0.6862240135669708, grad_loss: None
2022-04-27 04:03:09,980 DEBUG epoch: 190, train_acc: 77.12673568725586, val_acc: 20.51, fidel_score: 20.52, acc_loss: 0.5804018527269363, grad_loss: None
2022-04-27 04:03:11,714 DEBUG epoch: 191, train_acc: 80.59895706176758, val_acc: 20.48, fidel_score: 20.36, acc_loss: 0.46370936930179596, grad_loss: None
2022-04-27 04:03:13,622 DEBUG epoch: 192, train_acc: 79.73089981079102, val_acc: 20.87, fidel_score: 21.0, acc_loss: 0.5059733092784882, grad_loss: None
2022-04-27 04:03:15,467 DEBUG epoch: 193, train_acc: 81.94444274902344, val_acc: 20.18, fidel_score: 20.19, acc_loss: 0.5102973133325577, grad_loss: None
2022-04-27 04:03:16,875 DEBUG epoch: 194, train_acc: 70.57291412353516, val_acc: 20.79, fidel_score: 20.69, acc_loss: 0.5593464374542236, grad_loss: None
2022-04-27 04:03:18,182 DEBUG epoch: 195, train_acc: 80.51214981079102, val_acc: 21.1, fidel_score: 21.11, acc_loss: 0.48398981988430023, grad_loss: None
2022-04-27 04:03:19,602 DEBUG epoch: 196, train_acc: 69.05381774902344, val_acc: 20.59, fidel_score: 20.48, acc_loss: 0.5820278525352478, grad_loss: None
2022-04-27 04:03:20,835 DEBUG epoch: 197, train_acc: 74.3055534362793, val_acc: 20.48, fidel_score: 20.58, acc_loss: 0.546724408864975, grad_loss: None
2022-04-27 04:03:22,574 DEBUG epoch: 198, train_acc: 71.91839981079102, val_acc: 20.42, fidel_score: 20.55, acc_loss: 0.6480323076248169, grad_loss: None
2022-04-27 04:03:23,839 DEBUG epoch: 199, train_acc: 72.96006774902344, val_acc: 20.59, fidel_score: 20.4, acc_loss: 0.5361252725124359, grad_loss: None
2022-04-27 04:03:25,240 DEBUG epoch: 200, train_acc: 79.42708206176758, val_acc: 20.3, fidel_score: 20.44, acc_loss: 0.48944641649723053, grad_loss: None
2022-04-27 04:03:26,756 DEBUG epoch: 201, train_acc: 80.078125, val_acc: 20.74, fidel_score: 20.8, acc_loss: 0.5344837307929993, grad_loss: None
2022-04-27 04:03:28,501 DEBUG epoch: 202, train_acc: 72.09201431274414, val_acc: 20.93, fidel_score: 20.87, acc_loss: 0.5689802020788193, grad_loss: None
2022-04-27 04:03:30,322 DEBUG epoch: 203, train_acc: 77.734375, val_acc: 21.23, fidel_score: 21.16, acc_loss: 0.4943733215332031, grad_loss: None
2022-04-27 04:03:32,075 DEBUG epoch: 204, train_acc: 60.546875, val_acc: 20.75, fidel_score: 20.69, acc_loss: 0.9026297330856323, grad_loss: None
2022-04-27 04:03:33,845 DEBUG epoch: 205, train_acc: 78.81944274902344, val_acc: 20.19, fidel_score: 20.01, acc_loss: 0.4925628900527954, grad_loss: None
2022-04-27 04:03:35,596 DEBUG epoch: 206, train_acc: 77.30034637451172, val_acc: 20.58, fidel_score: 20.54, acc_loss: 0.5413105934858322, grad_loss: None
2022-04-27 04:03:37,380 DEBUG epoch: 207, train_acc: 72.82986068725586, val_acc: 20.64, fidel_score: 20.65, acc_loss: 0.6197720170021057, grad_loss: None
2022-04-27 04:03:38,715 DEBUG epoch: 208, train_acc: 72.87326049804688, val_acc: 20.63, fidel_score: 20.6, acc_loss: 0.5347765684127808, grad_loss: None
2022-04-27 04:03:40,204 DEBUG epoch: 209, train_acc: 71.09375, val_acc: 20.79, fidel_score: 20.75, acc_loss: 0.6533389687538147, grad_loss: None
2022-04-27 04:03:41,535 DEBUG epoch: 210, train_acc: 71.39756774902344, val_acc: 20.86, fidel_score: 20.97, acc_loss: 0.5791173875331879, grad_loss: None
2022-04-27 04:03:43,055 DEBUG epoch: 211, train_acc: 73.95833206176758, val_acc: 20.78, fidel_score: 20.64, acc_loss: 0.5593787431716919, grad_loss: None
2022-04-27 04:03:44,653 DEBUG epoch: 212, train_acc: 72.265625, val_acc: 20.86, fidel_score: 20.84, acc_loss: 0.6454582214355469, grad_loss: None
2022-04-27 04:03:46,091 DEBUG epoch: 213, train_acc: 71.87499809265137, val_acc: 20.87, fidel_score: 20.6, acc_loss: 0.5464146435260773, grad_loss: None
2022-04-27 04:03:47,451 DEBUG epoch: 214, train_acc: 80.20833206176758, val_acc: 20.39, fidel_score: 20.29, acc_loss: 0.493180975317955, grad_loss: None
2022-04-27 04:03:49,249 DEBUG epoch: 215, train_acc: 75.26041412353516, val_acc: 19.99, fidel_score: 19.85, acc_loss: 0.5250391066074371, grad_loss: None
2022-04-27 04:03:51,003 DEBUG epoch: 216, train_acc: 85.2430534362793, val_acc: 20.29, fidel_score: 20.28, acc_loss: 0.4371269941329956, grad_loss: None
2022-04-27 04:03:52,892 DEBUG epoch: 217, train_acc: 73.17708206176758, val_acc: 20.16, fidel_score: 20.16, acc_loss: 0.555348128080368, grad_loss: None
2022-04-27 04:03:54,675 DEBUG epoch: 218, train_acc: 79.25347137451172, val_acc: 20.68, fidel_score: 20.46, acc_loss: 0.5136836171150208, grad_loss: None
2022-04-27 04:03:56,376 DEBUG epoch: 219, train_acc: 78.2118034362793, val_acc: 20.64, fidel_score: 20.59, acc_loss: 0.5016357153654099, grad_loss: None
2022-04-27 04:03:58,134 DEBUG epoch: 220, train_acc: 77.47395706176758, val_acc: 20.88, fidel_score: 20.83, acc_loss: 0.4838949143886566, grad_loss: None
2022-04-27 04:03:59,804 DEBUG epoch: 221, train_acc: 74.3055534362793, val_acc: 20.71, fidel_score: 20.69, acc_loss: 0.5301876962184906, grad_loss: None
2022-04-27 04:04:01,045 DEBUG epoch: 222, train_acc: 71.61458206176758, val_acc: 20.54, fidel_score: 20.6, acc_loss: 0.5535771548748016, grad_loss: None
2022-04-27 04:04:02,572 DEBUG epoch: 223, train_acc: 71.26736068725586, val_acc: 20.72, fidel_score: 20.84, acc_loss: 0.5836438238620758, grad_loss: None
2022-04-27 04:04:03,871 DEBUG epoch: 224, train_acc: 71.48437309265137, val_acc: 20.19, fidel_score: 20.36, acc_loss: 0.6048706322908401, grad_loss: None
2022-04-27 04:04:05,317 DEBUG epoch: 225, train_acc: 82.16145706176758, val_acc: 20.64, fidel_score: 20.67, acc_loss: 0.46654370427131653, grad_loss: None
2022-04-27 04:04:07,048 DEBUG epoch: 226, train_acc: 71.61458206176758, val_acc: 20.93, fidel_score: 21.1, acc_loss: 0.605662614107132, grad_loss: None
2022-04-27 04:04:08,628 DEBUG epoch: 227, train_acc: 83.46353912353516, val_acc: 20.91, fidel_score: 20.91, acc_loss: 0.43698522448539734, grad_loss: None
2022-04-27 04:04:10,072 DEBUG epoch: 228, train_acc: 77.8211784362793, val_acc: 20.32, fidel_score: 20.17, acc_loss: 0.4866369217634201, grad_loss: None
2022-04-27 04:04:12,085 DEBUG epoch: 229, train_acc: 76.5625, val_acc: 20.7, fidel_score: 20.53, acc_loss: 0.49929164350032806, grad_loss: None
2022-04-27 04:04:13,887 DEBUG epoch: 230, train_acc: 73.35069274902344, val_acc: 20.03, fidel_score: 19.93, acc_loss: 0.5998383611440659, grad_loss: None
2022-04-27 04:04:15,864 DEBUG epoch: 231, train_acc: 81.3368034362793, val_acc: 20.24, fidel_score: 20.1, acc_loss: 0.435716912150383, grad_loss: None
2022-04-27 04:04:17,608 DEBUG epoch: 232, train_acc: 75.8680534362793, val_acc: 20.62, fidel_score: 20.63, acc_loss: 0.5803325176239014, grad_loss: None
2022-04-27 04:04:19,542 DEBUG epoch: 233, train_acc: 74.56597137451172, val_acc: 20.7, fidel_score: 20.63, acc_loss: 0.5599944144487381, grad_loss: None
2022-04-27 04:04:21,253 DEBUG epoch: 234, train_acc: 74.00173568725586, val_acc: 20.41, fidel_score: 20.51, acc_loss: 0.5545720756053925, grad_loss: None
2022-04-27 04:04:22,698 DEBUG epoch: 235, train_acc: 76.47569274902344, val_acc: 20.17, fidel_score: 20.17, acc_loss: 0.5989744067192078, grad_loss: None
2022-04-27 04:04:24,064 DEBUG epoch: 236, train_acc: 77.734375, val_acc: 20.58, fidel_score: 20.67, acc_loss: 0.5222840160131454, grad_loss: None
2022-04-27 04:04:25,624 DEBUG epoch: 237, train_acc: 75.8680534362793, val_acc: 20.55, fidel_score: 20.62, acc_loss: 0.5151319205760956, grad_loss: None
2022-04-27 04:04:27,007 DEBUG epoch: 238, train_acc: 83.07291412353516, val_acc: 20.55, fidel_score: 20.48, acc_loss: 0.4331442564725876, grad_loss: None
2022-04-27 04:04:28,999 DEBUG epoch: 239, train_acc: 80.03472137451172, val_acc: 20.72, fidel_score: 20.71, acc_loss: 0.5043589621782303, grad_loss: None
2022-04-27 04:04:30,513 DEBUG epoch: 240, train_acc: 64.23611068725586, val_acc: 20.67, fidel_score: 20.77, acc_loss: 0.7099281847476959, grad_loss: None
2022-04-27 04:04:32,114 DEBUG epoch: 241, train_acc: 77.734375, val_acc: 20.62, fidel_score: 20.81, acc_loss: 0.4532829225063324, grad_loss: None
2022-04-27 04:04:34,077 DEBUG epoch: 242, train_acc: 69.40104103088379, val_acc: 20.26, fidel_score: 20.19, acc_loss: 0.6550346314907074, grad_loss: None
2022-04-27 04:04:36,093 DEBUG epoch: 243, train_acc: 73.22048568725586, val_acc: 20.69, fidel_score: 20.62, acc_loss: 0.6113408207893372, grad_loss: None
2022-04-27 04:04:38,031 DEBUG epoch: 244, train_acc: 76.5625, val_acc: 20.71, fidel_score: 20.7, acc_loss: 0.4902537912130356, grad_loss: None
2022-04-27 04:04:40,032 DEBUG epoch: 245, train_acc: 78.125, val_acc: 20.71, fidel_score: 20.5, acc_loss: 0.4449591785669327, grad_loss: None
2022-04-27 04:04:42,000 DEBUG epoch: 246, train_acc: 82.94270706176758, val_acc: 20.34, fidel_score: 20.41, acc_loss: 0.4467758685350418, grad_loss: None
2022-04-27 04:04:43,982 DEBUG epoch: 247, train_acc: 78.08159637451172, val_acc: 20.89, fidel_score: 20.92, acc_loss: 0.4914816915988922, grad_loss: None
2022-04-27 04:04:45,598 DEBUG epoch: 248, train_acc: 69.48784637451172, val_acc: 20.44, fidel_score: 20.43, acc_loss: 0.5643840730190277, grad_loss: None
2022-04-27 04:04:47,222 DEBUG epoch: 249, train_acc: 75.17361068725586, val_acc: 20.59, fidel_score: 20.64, acc_loss: 0.5457946956157684, grad_loss: None
2022-04-27 04:04:48,693 DEBUG epoch: 250, train_acc: 83.203125, val_acc: 20.74, fidel_score: 20.62, acc_loss: 0.44057779014110565, grad_loss: None
2022-04-27 04:04:50,265 DEBUG epoch: 251, train_acc: 76.47569274902344, val_acc: 21.11, fidel_score: 21.06, acc_loss: 0.5065369158983231, grad_loss: None
2022-04-27 04:04:51,814 DEBUG epoch: 252, train_acc: 77.8211784362793, val_acc: 20.97, fidel_score: 21.08, acc_loss: 0.5155465602874756, grad_loss: None
2022-04-27 04:04:53,419 DEBUG epoch: 253, train_acc: 77.56076049804688, val_acc: 20.67, fidel_score: 20.66, acc_loss: 0.5439141988754272, grad_loss: None
2022-04-27 04:04:54,884 DEBUG epoch: 254, train_acc: 78.6024284362793, val_acc: 20.67, fidel_score: 20.59, acc_loss: 0.5019882917404175, grad_loss: None
2022-04-27 04:04:56,826 DEBUG epoch: 255, train_acc: 77.12673568725586, val_acc: 20.71, fidel_score: 20.6, acc_loss: 0.5026552826166153, grad_loss: None
2022-04-27 04:04:58,608 DEBUG epoch: 256, train_acc: 77.90798568725586, val_acc: 20.86, fidel_score: 20.76, acc_loss: 0.4873046278953552, grad_loss: None
2022-04-27 04:05:00,583 DEBUG epoch: 257, train_acc: 71.31076431274414, val_acc: 20.51, fidel_score: 20.48, acc_loss: 0.6025189459323883, grad_loss: None
2022-04-27 04:05:02,430 DEBUG epoch: 258, train_acc: 76.86631774902344, val_acc: 20.63, fidel_score: 20.58, acc_loss: 0.4922388195991516, grad_loss: None
2022-04-27 04:05:04,400 DEBUG epoch: 259, train_acc: 81.77083206176758, val_acc: 20.66, fidel_score: 20.69, acc_loss: 0.45943397283554077, grad_loss: None
2022-04-27 04:05:06,127 DEBUG epoch: 260, train_acc: 75.56423568725586, val_acc: 20.48, fidel_score: 20.46, acc_loss: 0.5395404398441315, grad_loss: None
2022-04-27 04:05:07,773 DEBUG epoch: 261, train_acc: 73.1336784362793, val_acc: 20.33, fidel_score: 20.53, acc_loss: 0.5257453620433807, grad_loss: None
2022-04-27 04:05:09,196 DEBUG epoch: 262, train_acc: 82.29166412353516, val_acc: 20.5, fidel_score: 20.56, acc_loss: 0.49982860684394836, grad_loss: None
2022-04-27 04:05:10,643 DEBUG epoch: 263, train_acc: 77.69097137451172, val_acc: 20.73, fidel_score: 20.74, acc_loss: 0.46760375797748566, grad_loss: None
2022-04-27 04:05:12,005 DEBUG epoch: 264, train_acc: 82.68228912353516, val_acc: 20.85, fidel_score: 20.85, acc_loss: 0.42356742918491364, grad_loss: None
2022-04-27 04:05:13,715 DEBUG epoch: 265, train_acc: 66.40624809265137, val_acc: 20.39, fidel_score: 20.64, acc_loss: 0.7108225524425507, grad_loss: None
2022-04-27 04:05:14,997 DEBUG epoch: 266, train_acc: 81.46701049804688, val_acc: 20.17, fidel_score: 20.29, acc_loss: 0.46588999032974243, grad_loss: None
2022-04-27 04:05:16,390 DEBUG epoch: 267, train_acc: 52.77777671813965, val_acc: 21.0, fidel_score: 21.0, acc_loss: 1.0995660424232483, grad_loss: None
2022-04-27 04:05:18,170 DEBUG epoch: 268, train_acc: 81.85763549804688, val_acc: 20.84, fidel_score: 20.63, acc_loss: 0.49396802484989166, grad_loss: None
2022-04-27 04:05:19,918 DEBUG epoch: 269, train_acc: 79.99131774902344, val_acc: 20.73, fidel_score: 20.61, acc_loss: 0.4575440585613251, grad_loss: None
2022-04-27 04:05:21,692 DEBUG epoch: 270, train_acc: 83.59375, val_acc: 21.05, fidel_score: 20.84, acc_loss: 0.4080597907304764, grad_loss: None
2022-04-27 04:05:23,458 DEBUG epoch: 271, train_acc: 78.16839981079102, val_acc: 20.78, fidel_score: 20.53, acc_loss: 0.5038294047117233, grad_loss: None
2022-04-27 04:05:25,274 DEBUG epoch: 272, train_acc: 82.98611068725586, val_acc: 20.26, fidel_score: 20.4, acc_loss: 0.4382752776145935, grad_loss: None
2022-04-27 04:05:27,018 DEBUG epoch: 273, train_acc: 78.125, val_acc: 20.43, fidel_score: 20.34, acc_loss: 0.5048675537109375, grad_loss: None
2022-04-27 04:05:28,608 DEBUG epoch: 274, train_acc: 70.92013931274414, val_acc: 20.68, fidel_score: 20.69, acc_loss: 0.5726443827152252, grad_loss: None
2022-04-27 04:05:29,934 DEBUG epoch: 275, train_acc: 72.48263931274414, val_acc: 20.45, fidel_score: 20.29, acc_loss: 0.5809256136417389, grad_loss: None
2022-04-27 04:05:31,277 DEBUG epoch: 276, train_acc: 79.03645706176758, val_acc: 20.27, fidel_score: 20.27, acc_loss: 0.49436943233013153, grad_loss: None
2022-04-27 04:05:32,491 DEBUG epoch: 277, train_acc: 82.46527481079102, val_acc: 20.22, fidel_score: 20.18, acc_loss: 0.48306289315223694, grad_loss: None
2022-04-27 04:05:33,827 DEBUG epoch: 278, train_acc: 81.77083206176758, val_acc: 20.44, fidel_score: 20.45, acc_loss: 0.467248871922493, grad_loss: None
2022-04-27 04:05:35,554 DEBUG epoch: 279, train_acc: 78.34201049804688, val_acc: 20.31, fidel_score: 20.32, acc_loss: 0.4463004618883133, grad_loss: None
2022-04-27 04:05:37,009 DEBUG epoch: 280, train_acc: 81.81423568725586, val_acc: 20.57, fidel_score: 20.56, acc_loss: 0.4726412445306778, grad_loss: None
2022-04-27 04:05:38,429 DEBUG epoch: 281, train_acc: 75.34722137451172, val_acc: 20.25, fidel_score: 20.14, acc_loss: 0.6059119403362274, grad_loss: None
2022-04-27 04:05:40,407 DEBUG epoch: 282, train_acc: 72.87326431274414, val_acc: 20.93, fidel_score: 20.78, acc_loss: 0.5392490476369858, grad_loss: None
2022-04-27 04:05:42,188 DEBUG epoch: 283, train_acc: 84.0711784362793, val_acc: 20.64, fidel_score: 20.73, acc_loss: 0.4487888962030411, grad_loss: None
2022-04-27 04:05:44,170 DEBUG epoch: 284, train_acc: 75.52083206176758, val_acc: 21.21, fidel_score: 21.29, acc_loss: 0.5210307240486145, grad_loss: None
2022-04-27 04:05:45,917 DEBUG epoch: 285, train_acc: 82.76909637451172, val_acc: 20.99, fidel_score: 20.93, acc_loss: 0.4563320726156235, grad_loss: None
2022-04-27 04:05:47,876 DEBUG epoch: 286, train_acc: 78.73263549804688, val_acc: 20.75, fidel_score: 20.65, acc_loss: 0.4704316705465317, grad_loss: None
2022-04-27 04:05:49,589 DEBUG epoch: 287, train_acc: 83.46353912353516, val_acc: 20.94, fidel_score: 20.8, acc_loss: 0.4264693558216095, grad_loss: None
2022-04-27 04:05:51,230 DEBUG epoch: 288, train_acc: 69.79166603088379, val_acc: 20.93, fidel_score: 20.87, acc_loss: 0.6710636019706726, grad_loss: None
2022-04-27 04:05:52,609 DEBUG epoch: 289, train_acc: 81.90103912353516, val_acc: 20.28, fidel_score: 20.38, acc_loss: 0.46227000653743744, grad_loss: None
2022-04-27 04:05:54,137 DEBUG epoch: 290, train_acc: 80.12152481079102, val_acc: 20.62, fidel_score: 20.57, acc_loss: 0.48090505599975586, grad_loss: None
2022-04-27 04:05:55,515 DEBUG epoch: 291, train_acc: 76.08506774902344, val_acc: 21.0, fidel_score: 20.98, acc_loss: 0.5491203665733337, grad_loss: None
2022-04-27 04:05:57,361 DEBUG epoch: 292, train_acc: 75.99826049804688, val_acc: 20.68, fidel_score: 20.71, acc_loss: 0.4667288064956665, grad_loss: None
2022-04-27 04:05:58,804 DEBUG epoch: 293, train_acc: 70.44270706176758, val_acc: 20.57, fidel_score: 20.67, acc_loss: 0.6258804202079773, grad_loss: None
2022-04-27 04:06:00,411 DEBUG epoch: 294, train_acc: 84.28819274902344, val_acc: 20.48, fidel_score: 20.4, acc_loss: 0.41664889454841614, grad_loss: None
2022-04-27 04:06:02,114 DEBUG epoch: 295, train_acc: 77.12673568725586, val_acc: 20.28, fidel_score: 20.07, acc_loss: 0.5076459646224976, grad_loss: None
2022-04-27 04:06:04,114 DEBUG epoch: 296, train_acc: 79.90451049804688, val_acc: 20.49, fidel_score: 20.38, acc_loss: 0.4965130090713501, grad_loss: None
2022-04-27 04:06:05,972 DEBUG epoch: 297, train_acc: 77.12673568725586, val_acc: 21.11, fidel_score: 20.92, acc_loss: 0.5132922381162643, grad_loss: None
2022-04-27 04:06:07,989 DEBUG epoch: 298, train_acc: 77.25694274902344, val_acc: 20.98, fidel_score: 20.99, acc_loss: 0.5257797539234161, grad_loss: None
2022-04-27 04:06:09,929 DEBUG epoch: 299, train_acc: 80.29513549804688, val_acc: 20.5, fidel_score: 20.39, acc_loss: 0.4636068493127823, grad_loss: None
2022-04-27 04:06:11,926 DEBUG epoch: 300, train_acc: 74.34895706176758, val_acc: 20.48, fidel_score: 20.51, acc_loss: 0.5808955729007721, grad_loss: None
2022-04-27 04:06:11,926 DEBUG load best stealed model.
2022-04-27 04:06:11,926 DEBUG Best perform model, val_acc: 21.52, fidel_score: 21.56, acc_loss: 0.6217759549617767
2022-04-27 04:06:11,927 DEBUG load cloest stealed model.
2022-04-27 04:06:11,927 DEBUG Closest perform model, val_acc: 21.52, fidel_score: 21.56, acc_loss: 0.6217759549617767
