2022-04-27 06:41:42,382 DEBUG Namespace(arch='vgg11_bn', attack_client=0, attack_epochs=300, attack_style='GM_option_CIFAR10', average_time=1, batch_size=128, bottleneck_option='None', cutlayer=4, data_proportion=1.0, dataset='cifar100', filename='ace_V2_epoch_vgg11_bn_cutlayer_4_client_1_seed125_dataset_cifar100_lr_0.05_200epoch', folder='saves/baseline', learning_rate=0.005, noniid_ratio=1.0, num_client=1, num_epochs='best', num_query=1000, random_seed=123, regularization='None', regularization_strength=0.0, scheme='V2_epoch', surrogate_arch='same', test_best=True, train_clas_layer=3.0)
2022-04-27 06:41:47,777 DEBUG Test (client-0):	Loss 1.2311 (1.7817)	Prec@1 75.000 (68.630)
2022-04-27 06:41:47,777 DEBUG  * Prec@1 68.630
2022-04-27 06:41:47,874 DEBUG 6
2022-04-27 06:41:47,874 DEBUG surrogate parameter has 6 trainable parameters!
2022-04-27 06:41:54,642 DEBUG epoch: 0, val_acc: 0.98, val_fidelity: 1.05
2022-04-27 06:41:58,938 DEBUG epoch: 1, train_acc: 0.0, val_acc: 1.22, fidel_score: 1.13, acc_loss: 0.0, grad_loss: 1.0225308673291267
2022-04-27 06:42:03,068 DEBUG epoch: 2, train_acc: 0.0, val_acc: 1.12, fidel_score: 1.06, acc_loss: 0.0, grad_loss: 1.0214622035811218
2022-04-27 06:42:06,721 DEBUG epoch: 3, train_acc: 0.0, val_acc: 1.31, fidel_score: 1.31, acc_loss: 0.0, grad_loss: 1.0209537306918373
2022-04-27 06:42:09,924 DEBUG epoch: 4, train_acc: 0.0, val_acc: 1.48, fidel_score: 1.43, acc_loss: 0.0, grad_loss: 1.020169493518298
2022-04-27 06:42:13,470 DEBUG epoch: 5, train_acc: 0.0, val_acc: 1.47, fidel_score: 1.45, acc_loss: 0.0, grad_loss: 1.0192889503285856
2022-04-27 06:42:17,139 DEBUG epoch: 6, train_acc: 0.0, val_acc: 1.72, fidel_score: 1.69, acc_loss: 0.0, grad_loss: 1.0186316348329376
2022-04-27 06:42:21,427 DEBUG epoch: 7, train_acc: 0.0, val_acc: 1.42, fidel_score: 1.48, acc_loss: 0.0, grad_loss: 1.0183583445186857
2022-04-27 06:42:25,551 DEBUG epoch: 8, train_acc: 0.0, val_acc: 1.6, fidel_score: 1.66, acc_loss: 0.0, grad_loss: 1.0172251342218133
2022-04-27 06:42:29,232 DEBUG epoch: 9, train_acc: 0.0, val_acc: 1.59, fidel_score: 1.61, acc_loss: 0.0, grad_loss: 1.0170404254635679
2022-04-27 06:42:32,242 DEBUG epoch: 10, train_acc: 0.0, val_acc: 1.78, fidel_score: 1.86, acc_loss: 0.0, grad_loss: 1.0165671955181073
2022-04-27 06:42:35,585 DEBUG epoch: 11, train_acc: 0.0, val_acc: 1.75, fidel_score: 1.71, acc_loss: 0.0, grad_loss: 1.015129319474667
2022-04-27 06:42:39,062 DEBUG epoch: 12, train_acc: 0.0, val_acc: 1.79, fidel_score: 1.88, acc_loss: 0.0, grad_loss: 1.0150473608246333
2022-04-27 06:42:43,319 DEBUG epoch: 13, train_acc: 0.0, val_acc: 1.78, fidel_score: 1.83, acc_loss: 0.0, grad_loss: 1.014528271518176
2022-04-27 06:42:47,254 DEBUG epoch: 14, train_acc: 0.0, val_acc: 1.77, fidel_score: 1.8, acc_loss: 0.0, grad_loss: 1.0135950657385815
2022-04-27 06:42:51,119 DEBUG epoch: 15, train_acc: 0.0, val_acc: 1.67, fidel_score: 1.79, acc_loss: 0.0, grad_loss: 1.0128948017011714
2022-04-27 06:42:54,084 DEBUG epoch: 16, train_acc: 0.0, val_acc: 1.75, fidel_score: 1.76, acc_loss: 0.0, grad_loss: 1.0120178672331799
2022-04-27 06:42:57,600 DEBUG epoch: 17, train_acc: 0.0, val_acc: 1.76, fidel_score: 1.86, acc_loss: 0.0, grad_loss: 1.0109096071388148
2022-04-27 06:43:00,823 DEBUG epoch: 18, train_acc: 0.0, val_acc: 1.71, fidel_score: 1.77, acc_loss: 0.0, grad_loss: 1.0115897097165072
2022-04-27 06:43:05,145 DEBUG epoch: 19, train_acc: 0.0, val_acc: 1.45, fidel_score: 1.47, acc_loss: 0.0, grad_loss: 1.009796233116826
2022-04-27 06:43:09,269 DEBUG epoch: 20, train_acc: 0.0, val_acc: 1.46, fidel_score: 1.5, acc_loss: 0.0, grad_loss: 1.0096463259262374
2022-04-27 06:43:13,361 DEBUG epoch: 21, train_acc: 0.0, val_acc: 1.35, fidel_score: 1.38, acc_loss: 0.0, grad_loss: 1.0088821061049835
2022-04-27 06:43:16,447 DEBUG epoch: 22, train_acc: 0.0, val_acc: 1.25, fidel_score: 1.2, acc_loss: 0.0, grad_loss: 1.0081410143948808
2022-04-27 06:43:19,960 DEBUG epoch: 23, train_acc: 0.0, val_acc: 1.31, fidel_score: 1.25, acc_loss: 0.0, grad_loss: 1.0069162521181227
2022-04-27 06:43:23,218 DEBUG epoch: 24, train_acc: 0.0, val_acc: 1.08, fidel_score: 1.05, acc_loss: 0.0, grad_loss: 1.0072413381141951
2022-04-27 06:43:27,411 DEBUG epoch: 25, train_acc: 0.0, val_acc: 1.05, fidel_score: 1.02, acc_loss: 0.0, grad_loss: 1.0061737072618702
2022-04-27 06:43:31,630 DEBUG epoch: 26, train_acc: 0.0, val_acc: 1.06, fidel_score: 1.02, acc_loss: 0.0, grad_loss: 1.0061681874190704
2022-04-27 06:43:35,894 DEBUG epoch: 27, train_acc: 0.0, val_acc: 1.0, fidel_score: 0.97, acc_loss: 0.0, grad_loss: 1.005197221719766
2022-04-27 06:43:39,058 DEBUG epoch: 28, train_acc: 0.0, val_acc: 1.0, fidel_score: 0.97, acc_loss: 0.0, grad_loss: 1.0043190408356582
2022-04-27 06:43:42,416 DEBUG epoch: 29, train_acc: 0.0, val_acc: 1.0, fidel_score: 0.97, acc_loss: 0.0, grad_loss: 1.0032327476936052
2022-04-27 06:43:45,833 DEBUG epoch: 30, train_acc: 0.0, val_acc: 1.0, fidel_score: 0.97, acc_loss: 0.0, grad_loss: 1.0024255582048922
2022-04-27 06:43:49,713 DEBUG epoch: 31, train_acc: 0.0, val_acc: 1.0, fidel_score: 0.97, acc_loss: 0.0, grad_loss: 1.000967674617526
2022-04-27 06:43:53,895 DEBUG epoch: 32, train_acc: 0.0, val_acc: 1.0, fidel_score: 0.97, acc_loss: 0.0, grad_loss: 0.9994898710069777
2022-04-27 06:43:58,177 DEBUG epoch: 33, train_acc: 0.0, val_acc: 1.0, fidel_score: 0.97, acc_loss: 0.0, grad_loss: 0.9982699035089228
2022-04-27 06:44:01,964 DEBUG epoch: 34, train_acc: 0.0, val_acc: 1.0, fidel_score: 0.97, acc_loss: 0.0, grad_loss: 0.9955124477796917
2022-04-27 06:44:05,270 DEBUG epoch: 35, train_acc: 0.0, val_acc: 1.0, fidel_score: 0.97, acc_loss: 0.0, grad_loss: 0.9960586443732057
2022-04-27 06:44:08,812 DEBUG epoch: 36, train_acc: 0.0, val_acc: 1.0, fidel_score: 0.97, acc_loss: 0.0, grad_loss: 0.9942380801031862
2022-04-27 06:44:12,044 DEBUG epoch: 37, train_acc: 0.0, val_acc: 1.0, fidel_score: 0.97, acc_loss: 0.0, grad_loss: 0.9918927912470661
2022-04-27 06:44:16,278 DEBUG epoch: 38, train_acc: 0.0, val_acc: 1.0, fidel_score: 0.97, acc_loss: 0.0, grad_loss: 0.9895169983936262
2022-04-27 06:44:20,219 DEBUG epoch: 39, train_acc: 0.0, val_acc: 1.0, fidel_score: 0.97, acc_loss: 0.0, grad_loss: 0.9874085037014152
2022-04-27 06:44:24,431 DEBUG epoch: 40, train_acc: 0.0, val_acc: 1.0, fidel_score: 0.97, acc_loss: 0.0, grad_loss: 0.989820122718811
2022-04-27 06:44:27,815 DEBUG epoch: 41, train_acc: 0.0, val_acc: 1.0, fidel_score: 0.97, acc_loss: 0.0, grad_loss: 0.987174058262306
2022-04-27 06:44:31,081 DEBUG epoch: 42, train_acc: 0.0, val_acc: 1.0, fidel_score: 0.97, acc_loss: 0.0, grad_loss: 0.9829591014717198
2022-04-27 06:44:34,630 DEBUG epoch: 43, train_acc: 0.0, val_acc: 1.0, fidel_score: 0.97, acc_loss: 0.0, grad_loss: 0.9820225404787667
2022-04-27 06:44:38,380 DEBUG epoch: 44, train_acc: 0.0, val_acc: 1.0, fidel_score: 0.97, acc_loss: 0.0, grad_loss: 0.9802497323555283
2022-04-27 06:44:42,661 DEBUG epoch: 45, train_acc: 0.0, val_acc: 1.0, fidel_score: 0.97, acc_loss: 0.0, grad_loss: 0.9798659546465813
2022-04-27 06:44:46,928 DEBUG epoch: 46, train_acc: 0.0, val_acc: 1.0, fidel_score: 0.97, acc_loss: 0.0, grad_loss: 0.977927210964734
2022-04-27 06:44:50,751 DEBUG epoch: 47, train_acc: 0.0, val_acc: 1.0, fidel_score: 0.97, acc_loss: 0.0, grad_loss: 0.9736532946176166
2022-04-27 06:44:54,077 DEBUG epoch: 48, train_acc: 0.0, val_acc: 1.0, fidel_score: 0.97, acc_loss: 0.0, grad_loss: 0.9746123205257368
2022-04-27 06:44:57,502 DEBUG epoch: 49, train_acc: 0.0, val_acc: 1.0, fidel_score: 0.97, acc_loss: 0.0, grad_loss: 0.9726462869704524
2022-04-27 06:45:00,783 DEBUG epoch: 50, train_acc: 0.0, val_acc: 1.0, fidel_score: 0.97, acc_loss: 0.0, grad_loss: 0.968241793445394
2022-04-27 06:45:05,034 DEBUG epoch: 51, train_acc: 0.0, val_acc: 1.0, fidel_score: 0.97, acc_loss: 0.0, grad_loss: 0.9692089625551731
2022-04-27 06:45:09,278 DEBUG epoch: 52, train_acc: 0.0, val_acc: 1.0, fidel_score: 0.97, acc_loss: 0.0, grad_loss: 0.967427913146683
2022-04-27 06:45:13,385 DEBUG epoch: 53, train_acc: 0.0, val_acc: 1.0, fidel_score: 0.97, acc_loss: 0.0, grad_loss: 0.9655376635020292
2022-04-27 06:45:16,831 DEBUG epoch: 54, train_acc: 0.0, val_acc: 1.0, fidel_score: 0.97, acc_loss: 0.0, grad_loss: 0.9643894094455091
2022-04-27 06:45:20,062 DEBUG epoch: 55, train_acc: 0.0, val_acc: 1.0, fidel_score: 0.97, acc_loss: 0.0, grad_loss: 0.9633839288844338
2022-04-27 06:45:23,550 DEBUG epoch: 56, train_acc: 0.0, val_acc: 1.0, fidel_score: 0.97, acc_loss: 0.0, grad_loss: 0.9625635086735592
2022-04-27 06:45:27,424 DEBUG epoch: 57, train_acc: 0.0, val_acc: 1.0, fidel_score: 0.97, acc_loss: 0.0, grad_loss: 0.9575820738756204
2022-04-27 06:45:31,646 DEBUG epoch: 58, train_acc: 0.0, val_acc: 1.0, fidel_score: 0.97, acc_loss: 0.0, grad_loss: 0.9591096979153307
2022-04-27 06:45:35,943 DEBUG epoch: 59, train_acc: 0.0, val_acc: 1.0, fidel_score: 0.97, acc_loss: 0.0, grad_loss: 0.9550649621818639
2022-04-27 06:45:39,896 DEBUG epoch: 60, train_acc: 0.0, val_acc: 1.0, fidel_score: 0.97, acc_loss: 0.0, grad_loss: 0.9513204082658019
2022-04-27 06:45:43,133 DEBUG epoch: 61, train_acc: 0.0, val_acc: 1.0, fidel_score: 0.97, acc_loss: 0.0, grad_loss: 0.9528378746177577
2022-04-27 06:45:46,401 DEBUG epoch: 62, train_acc: 0.0, val_acc: 1.0, fidel_score: 0.97, acc_loss: 0.0, grad_loss: 0.954364611378199
2022-04-27 06:45:49,968 DEBUG epoch: 63, train_acc: 0.0, val_acc: 1.0, fidel_score: 0.97, acc_loss: 0.0, grad_loss: 0.953988124298144
2022-04-27 06:45:54,195 DEBUG epoch: 64, train_acc: 0.0, val_acc: 1.0, fidel_score: 0.97, acc_loss: 0.0, grad_loss: 0.9524914509133448
2022-04-27 06:45:58,287 DEBUG epoch: 65, train_acc: 0.0, val_acc: 1.0, fidel_score: 0.97, acc_loss: 0.0, grad_loss: 0.950083894820153
2022-04-27 06:46:02,559 DEBUG epoch: 66, train_acc: 0.0, val_acc: 1.0, fidel_score: 0.97, acc_loss: 0.0, grad_loss: 0.9501069452189193
2022-04-27 06:46:05,745 DEBUG epoch: 67, train_acc: 0.0, val_acc: 1.0, fidel_score: 0.97, acc_loss: 0.0, grad_loss: 0.9514589060710955
2022-04-27 06:46:09,077 DEBUG epoch: 68, train_acc: 0.0, val_acc: 1.0, fidel_score: 0.97, acc_loss: 0.0, grad_loss: 0.9529737407648111
2022-04-27 06:46:12,496 DEBUG epoch: 69, train_acc: 0.0, val_acc: 1.0, fidel_score: 0.97, acc_loss: 0.0, grad_loss: 0.9496161756636221
2022-04-27 06:46:16,578 DEBUG epoch: 70, train_acc: 0.0, val_acc: 1.0, fidel_score: 0.97, acc_loss: 0.0, grad_loss: 0.95136958360672
2022-04-27 06:46:20,723 DEBUG epoch: 71, train_acc: 0.0, val_acc: 1.0, fidel_score: 0.97, acc_loss: 0.0, grad_loss: 0.9487136911742294
2022-04-27 06:46:24,980 DEBUG epoch: 72, train_acc: 0.0, val_acc: 1.0, fidel_score: 0.97, acc_loss: 0.0, grad_loss: 0.950959745087201
2022-04-27 06:46:28,583 DEBUG epoch: 73, train_acc: 0.0, val_acc: 1.0, fidel_score: 0.97, acc_loss: 0.0, grad_loss: 0.9517860420142548
2022-04-27 06:46:31,919 DEBUG epoch: 74, train_acc: 0.0, val_acc: 1.0, fidel_score: 0.97, acc_loss: 0.0, grad_loss: 0.9485262836082072
2022-04-27 06:46:35,303 DEBUG epoch: 75, train_acc: 0.0, val_acc: 1.0, fidel_score: 0.97, acc_loss: 0.0, grad_loss: 0.9495368637616122
2022-04-27 06:46:39,009 DEBUG epoch: 76, train_acc: 0.0, val_acc: 1.0, fidel_score: 0.97, acc_loss: 0.0, grad_loss: 0.9468422102022774
2022-04-27 06:46:43,105 DEBUG epoch: 77, train_acc: 0.0, val_acc: 1.0, fidel_score: 0.97, acc_loss: 0.0, grad_loss: 0.9489512896235985
2022-04-27 06:46:47,354 DEBUG epoch: 78, train_acc: 0.0, val_acc: 1.0, fidel_score: 0.97, acc_loss: 0.0, grad_loss: 0.947838501085209
2022-04-27 06:46:51,285 DEBUG epoch: 79, train_acc: 0.0, val_acc: 1.0, fidel_score: 0.97, acc_loss: 0.0, grad_loss: 0.9478202628183968
2022-04-27 06:46:54,625 DEBUG epoch: 80, train_acc: 0.0, val_acc: 1.0, fidel_score: 0.97, acc_loss: 0.0, grad_loss: 0.9478390744969815
2022-04-27 06:46:57,819 DEBUG epoch: 81, train_acc: 0.0, val_acc: 1.0, fidel_score: 0.97, acc_loss: 0.0, grad_loss: 0.9481592321697669
2022-04-27 06:47:01,244 DEBUG epoch: 82, train_acc: 0.0, val_acc: 1.0, fidel_score: 0.97, acc_loss: 0.0, grad_loss: 0.9471258219284348
2022-04-27 06:47:05,208 DEBUG epoch: 83, train_acc: 0.0, val_acc: 1.0, fidel_score: 0.97, acc_loss: 0.0, grad_loss: 0.9444778953926473
2022-04-27 06:47:09,512 DEBUG epoch: 84, train_acc: 0.0, val_acc: 1.0, fidel_score: 0.97, acc_loss: 0.0, grad_loss: 0.9434310522260545
2022-04-27 06:47:13,643 DEBUG epoch: 85, train_acc: 0.0, val_acc: 1.0, fidel_score: 0.97, acc_loss: 0.0, grad_loss: 0.9449245386485812
2022-04-27 06:47:17,330 DEBUG epoch: 86, train_acc: 0.0, val_acc: 1.0, fidel_score: 0.97, acc_loss: 0.0, grad_loss: 0.9433910212939298
2022-04-27 06:47:20,354 DEBUG epoch: 87, train_acc: 0.0, val_acc: 1.0, fidel_score: 0.97, acc_loss: 0.0, grad_loss: 0.9439441207089002
2022-04-27 06:47:23,748 DEBUG epoch: 88, train_acc: 0.0, val_acc: 1.0, fidel_score: 0.97, acc_loss: 0.0, grad_loss: 0.9435123831410951
2022-04-27 06:47:26,951 DEBUG epoch: 89, train_acc: 0.0, val_acc: 1.0, fidel_score: 0.97, acc_loss: 0.0, grad_loss: 0.944234670717505
2022-04-27 06:47:31,294 DEBUG epoch: 90, train_acc: 0.0, val_acc: 1.0, fidel_score: 0.97, acc_loss: 0.0, grad_loss: 0.9444516225706173
2022-04-27 06:47:35,254 DEBUG epoch: 91, train_acc: 0.0, val_acc: 1.0, fidel_score: 0.97, acc_loss: 0.0, grad_loss: 0.9416021493416799
2022-04-27 06:47:39,451 DEBUG epoch: 92, train_acc: 0.0, val_acc: 1.0, fidel_score: 0.97, acc_loss: 0.0, grad_loss: 0.9422734002523785
2022-04-27 06:47:42,527 DEBUG epoch: 93, train_acc: 0.0, val_acc: 1.0, fidel_score: 0.97, acc_loss: 0.0, grad_loss: 0.9446176765840265
2022-04-27 06:47:45,795 DEBUG epoch: 94, train_acc: 0.0, val_acc: 1.0, fidel_score: 0.97, acc_loss: 0.0, grad_loss: 0.9393459528307372
2022-04-27 06:47:49,082 DEBUG epoch: 95, train_acc: 0.0, val_acc: 1.0, fidel_score: 0.97, acc_loss: 0.0, grad_loss: 0.9403369766247424
2022-04-27 06:47:52,798 DEBUG epoch: 96, train_acc: 0.0, val_acc: 1.0, fidel_score: 0.97, acc_loss: 0.0, grad_loss: 0.9424910650977606
2022-04-27 06:47:56,743 DEBUG epoch: 97, train_acc: 0.0, val_acc: 1.0, fidel_score: 0.97, acc_loss: 0.0, grad_loss: 0.9423824209201185
2022-04-27 06:48:00,939 DEBUG epoch: 98, train_acc: 0.0, val_acc: 1.0, fidel_score: 0.97, acc_loss: 0.0, grad_loss: 0.9411555272114428
2022-04-27 06:48:04,756 DEBUG epoch: 99, train_acc: 0.0, val_acc: 1.0, fidel_score: 0.97, acc_loss: 0.0, grad_loss: 0.9358583349215833
2022-04-27 06:48:08,065 DEBUG epoch: 100, train_acc: 0.0, val_acc: 1.0, fidel_score: 0.97, acc_loss: 0.0, grad_loss: 0.9392427251308779
2022-04-27 06:48:11,311 DEBUG epoch: 101, train_acc: 0.0, val_acc: 1.0, fidel_score: 0.97, acc_loss: 0.0, grad_loss: 0.9346539740321003
2022-04-27 06:48:14,598 DEBUG epoch: 102, train_acc: 0.0, val_acc: 1.0, fidel_score: 0.97, acc_loss: 0.0, grad_loss: 0.9399011157735994
2022-04-27 06:48:18,460 DEBUG epoch: 103, train_acc: 0.0, val_acc: 1.0, fidel_score: 0.97, acc_loss: 0.0, grad_loss: 0.939468533177919
2022-04-27 06:48:22,640 DEBUG epoch: 104, train_acc: 0.0, val_acc: 1.0, fidel_score: 0.97, acc_loss: 0.0, grad_loss: 0.9376734381989588
2022-04-27 06:48:26,707 DEBUG epoch: 105, train_acc: 0.0, val_acc: 1.0, fidel_score: 0.97, acc_loss: 0.0, grad_loss: 0.9376071450076525
2022-04-27 06:48:30,367 DEBUG epoch: 106, train_acc: 0.0, val_acc: 1.0, fidel_score: 0.97, acc_loss: 0.0, grad_loss: 0.9351898001719124
2022-04-27 06:48:33,530 DEBUG epoch: 107, train_acc: 0.0, val_acc: 1.0, fidel_score: 0.97, acc_loss: 0.0, grad_loss: 0.9358594055417218
2022-04-27 06:48:36,836 DEBUG epoch: 108, train_acc: 0.0, val_acc: 1.0, fidel_score: 0.97, acc_loss: 0.0, grad_loss: 0.9399186169044881
2022-04-27 06:48:40,146 DEBUG epoch: 109, train_acc: 0.0, val_acc: 1.0, fidel_score: 0.97, acc_loss: 0.0, grad_loss: 0.933985022049916
2022-04-27 06:48:44,376 DEBUG epoch: 110, train_acc: 0.0, val_acc: 1.0, fidel_score: 0.97, acc_loss: 0.0, grad_loss: 0.935527572903452
2022-04-27 06:48:48,375 DEBUG epoch: 111, train_acc: 0.0, val_acc: 1.0, fidel_score: 0.97, acc_loss: 0.0, grad_loss: 0.9378592296491696
2022-04-27 06:48:52,561 DEBUG epoch: 112, train_acc: 0.0, val_acc: 1.0, fidel_score: 0.97, acc_loss: 0.0, grad_loss: 0.9388121162788777
2022-04-27 06:48:55,664 DEBUG epoch: 113, train_acc: 0.0, val_acc: 1.0, fidel_score: 0.97, acc_loss: 0.0, grad_loss: 0.9334084580216226
2022-04-27 06:48:58,902 DEBUG epoch: 114, train_acc: 0.0, val_acc: 1.0, fidel_score: 0.97, acc_loss: 0.0, grad_loss: 0.9335776341112354
2022-04-27 06:49:02,045 DEBUG epoch: 115, train_acc: 0.0, val_acc: 1.0, fidel_score: 0.97, acc_loss: 0.0, grad_loss: 0.9353295904171618
2022-04-27 06:49:05,973 DEBUG epoch: 116, train_acc: 0.0, val_acc: 1.0, fidel_score: 0.97, acc_loss: 0.0, grad_loss: 0.9327695060379898
2022-04-27 06:49:09,949 DEBUG epoch: 117, train_acc: 0.0, val_acc: 1.0, fidel_score: 0.97, acc_loss: 0.0, grad_loss: 0.9320609411106834
2022-04-27 06:49:14,137 DEBUG epoch: 118, train_acc: 0.0, val_acc: 1.0, fidel_score: 0.97, acc_loss: 0.0, grad_loss: 0.9334855962403213
2022-04-27 06:49:17,721 DEBUG epoch: 119, train_acc: 0.0, val_acc: 1.0, fidel_score: 0.97, acc_loss: 0.0, grad_loss: 0.9307460158686095
2022-04-27 06:49:21,076 DEBUG epoch: 120, train_acc: 0.0, val_acc: 1.0, fidel_score: 0.97, acc_loss: 0.0, grad_loss: 0.932504999486706
2022-04-27 06:49:24,370 DEBUG epoch: 121, train_acc: 0.0, val_acc: 1.0, fidel_score: 0.97, acc_loss: 0.0, grad_loss: 0.9314536535287206
2022-04-27 06:49:27,627 DEBUG epoch: 122, train_acc: 0.0, val_acc: 1.0, fidel_score: 0.97, acc_loss: 0.0, grad_loss: 0.9296883103213732
2022-04-27 06:49:31,687 DEBUG epoch: 123, train_acc: 0.0, val_acc: 1.0, fidel_score: 0.97, acc_loss: 0.0, grad_loss: 0.9289528199389011
2022-04-27 06:49:35,876 DEBUG epoch: 124, train_acc: 0.0, val_acc: 1.0, fidel_score: 0.97, acc_loss: 0.0, grad_loss: 0.9299664323842978
2022-04-27 06:49:39,786 DEBUG epoch: 125, train_acc: 0.0, val_acc: 1.0, fidel_score: 0.97, acc_loss: 0.0, grad_loss: 0.9307067092460922
2022-04-27 06:49:43,310 DEBUG epoch: 126, train_acc: 0.0, val_acc: 1.0, fidel_score: 0.97, acc_loss: 0.0, grad_loss: 0.930795565436158
2022-04-27 06:49:46,254 DEBUG epoch: 127, train_acc: 0.0, val_acc: 1.0, fidel_score: 0.97, acc_loss: 0.0, grad_loss: 0.9288109729561624
2022-04-27 06:49:49,824 DEBUG epoch: 128, train_acc: 0.0, val_acc: 1.0, fidel_score: 0.97, acc_loss: 0.0, grad_loss: 0.9293002486228943
2022-04-27 06:49:53,301 DEBUG epoch: 129, train_acc: 0.0, val_acc: 1.0, fidel_score: 0.97, acc_loss: 0.0, grad_loss: 0.9325898402853857
2022-04-27 06:49:57,499 DEBUG epoch: 130, train_acc: 0.0, val_acc: 1.0, fidel_score: 0.97, acc_loss: 0.0, grad_loss: 0.9261959768548796
2022-04-27 06:50:01,511 DEBUG epoch: 131, train_acc: 0.0, val_acc: 1.0, fidel_score: 0.97, acc_loss: 0.0, grad_loss: 0.9245327265956734
2022-04-27 06:50:05,460 DEBUG epoch: 132, train_acc: 0.0, val_acc: 1.0, fidel_score: 0.97, acc_loss: 0.0, grad_loss: 0.9275573590133763
2022-04-27 06:50:08,453 DEBUG epoch: 133, train_acc: 0.0, val_acc: 1.0, fidel_score: 0.97, acc_loss: 0.0, grad_loss: 0.9299456348902062
2022-04-27 06:50:11,732 DEBUG epoch: 134, train_acc: 0.0, val_acc: 1.0, fidel_score: 0.97, acc_loss: 0.0, grad_loss: 0.925177038470401
2022-04-27 06:50:14,797 DEBUG epoch: 135, train_acc: 0.0, val_acc: 1.0, fidel_score: 0.97, acc_loss: 0.0, grad_loss: 0.9264151303074027
2022-04-27 06:50:18,789 DEBUG epoch: 136, train_acc: 0.0, val_acc: 1.0, fidel_score: 0.97, acc_loss: 0.0, grad_loss: 0.9233040854900698
2022-04-27 06:50:22,703 DEBUG epoch: 137, train_acc: 0.0, val_acc: 1.0, fidel_score: 0.97, acc_loss: 0.0, grad_loss: 0.9270303724687311
2022-04-27 06:50:26,917 DEBUG epoch: 138, train_acc: 0.0, val_acc: 1.0, fidel_score: 0.97, acc_loss: 0.0, grad_loss: 0.9247576511358913
2022-04-27 06:50:30,601 DEBUG epoch: 139, train_acc: 0.0, val_acc: 1.0, fidel_score: 0.97, acc_loss: 0.0, grad_loss: 0.9237964402271223
2022-04-27 06:50:33,878 DEBUG epoch: 140, train_acc: 0.0, val_acc: 1.0, fidel_score: 0.97, acc_loss: 0.0, grad_loss: 0.9229992552648617
2022-04-27 06:50:37,069 DEBUG epoch: 141, train_acc: 0.0, val_acc: 1.0, fidel_score: 0.97, acc_loss: 0.0, grad_loss: 0.9222892341734488
2022-04-27 06:50:39,384 DEBUG epoch: 142, train_acc: 0.0, val_acc: 1.0, fidel_score: 0.97, acc_loss: 0.0, grad_loss: 0.9245907332323775
2022-04-27 06:50:42,040 DEBUG epoch: 143, train_acc: 0.0, val_acc: 1.0, fidel_score: 0.97, acc_loss: 0.0, grad_loss: 0.9237285452552989
2022-04-27 06:50:45,006 DEBUG epoch: 144, train_acc: 0.0, val_acc: 1.0, fidel_score: 0.97, acc_loss: 0.0, grad_loss: 0.921514465839048
2022-04-27 06:50:48,023 DEBUG epoch: 145, train_acc: 0.0, val_acc: 1.0, fidel_score: 0.97, acc_loss: 0.0, grad_loss: 0.9219418801838839
2022-04-27 06:50:51,411 DEBUG epoch: 146, train_acc: 0.0, val_acc: 1.0, fidel_score: 0.97, acc_loss: 0.0, grad_loss: 0.9185794984238057
2022-04-27 06:50:55,112 DEBUG epoch: 147, train_acc: 0.0, val_acc: 1.0, fidel_score: 0.97, acc_loss: 0.0, grad_loss: 0.9228033370609525
2022-04-27 06:50:58,312 DEBUG epoch: 148, train_acc: 0.0, val_acc: 1.0, fidel_score: 0.97, acc_loss: 0.0, grad_loss: 0.9210513226593597
2022-04-27 06:51:02,059 DEBUG epoch: 149, train_acc: 0.0, val_acc: 1.0, fidel_score: 0.97, acc_loss: 0.0, grad_loss: 0.9206984148749823
2022-04-27 06:51:05,717 DEBUG epoch: 150, train_acc: 0.0, val_acc: 1.0, fidel_score: 0.97, acc_loss: 0.0, grad_loss: 0.9186635786973978
2022-04-27 06:51:10,008 DEBUG epoch: 151, train_acc: 0.0, val_acc: 1.0, fidel_score: 0.97, acc_loss: 0.0, grad_loss: 0.9187415883510928
2022-04-27 06:51:14,181 DEBUG epoch: 152, train_acc: 0.0, val_acc: 1.0, fidel_score: 0.97, acc_loss: 0.0, grad_loss: 0.9198064298569402
2022-04-27 06:51:18,387 DEBUG epoch: 153, train_acc: 0.0, val_acc: 1.0, fidel_score: 0.97, acc_loss: 0.0, grad_loss: 0.9167979827410058
2022-04-27 06:51:21,809 DEBUG epoch: 154, train_acc: 0.0, val_acc: 1.0, fidel_score: 0.97, acc_loss: 0.0, grad_loss: 0.9185870319982118
2022-04-27 06:51:25,219 DEBUG epoch: 155, train_acc: 0.0, val_acc: 1.0, fidel_score: 0.97, acc_loss: 0.0, grad_loss: 0.9171609078781514
2022-04-27 06:51:28,650 DEBUG epoch: 156, train_acc: 0.0, val_acc: 1.0, fidel_score: 0.97, acc_loss: 0.0, grad_loss: 0.9185863250418554
2022-04-27 06:51:32,970 DEBUG epoch: 157, train_acc: 0.0, val_acc: 1.0, fidel_score: 0.97, acc_loss: 0.0, grad_loss: 0.9216738411142856
2022-04-27 06:51:37,242 DEBUG epoch: 158, train_acc: 0.0, val_acc: 1.0, fidel_score: 0.97, acc_loss: 0.0, grad_loss: 0.9170816540718079
2022-04-27 06:51:41,554 DEBUG epoch: 159, train_acc: 0.0, val_acc: 1.0, fidel_score: 0.97, acc_loss: 0.0, grad_loss: 0.9209517285793642
2022-04-27 06:51:44,871 DEBUG epoch: 160, train_acc: 0.0, val_acc: 1.0, fidel_score: 0.97, acc_loss: 0.0, grad_loss: 0.9170787953123262
2022-04-27 06:51:48,302 DEBUG epoch: 161, train_acc: 0.0, val_acc: 1.0, fidel_score: 0.97, acc_loss: 0.0, grad_loss: 0.9177120961720431
2022-04-27 06:51:51,773 DEBUG epoch: 162, train_acc: 0.0, val_acc: 1.0, fidel_score: 0.97, acc_loss: 0.0, grad_loss: 0.9176792758929578
2022-04-27 06:51:55,771 DEBUG epoch: 163, train_acc: 0.0, val_acc: 1.0, fidel_score: 0.97, acc_loss: 0.0, grad_loss: 0.9182968267911598
2022-04-27 06:52:00,064 DEBUG epoch: 164, train_acc: 0.0, val_acc: 1.0, fidel_score: 0.97, acc_loss: 0.0, grad_loss: 0.9187771051744872
2022-04-27 06:52:04,268 DEBUG epoch: 165, train_acc: 0.0, val_acc: 1.0, fidel_score: 0.97, acc_loss: 0.0, grad_loss: 0.9140212513223479
2022-04-27 06:52:08,140 DEBUG epoch: 166, train_acc: 0.0, val_acc: 1.0, fidel_score: 0.97, acc_loss: 0.0, grad_loss: 0.9199381606488288
2022-04-27 06:52:11,271 DEBUG epoch: 167, train_acc: 0.0, val_acc: 1.0, fidel_score: 0.97, acc_loss: 0.0, grad_loss: 0.9185614661325382
2022-04-27 06:52:14,922 DEBUG epoch: 168, train_acc: 0.0, val_acc: 1.0, fidel_score: 0.97, acc_loss: 0.0, grad_loss: 0.9169449066813988
2022-04-27 06:52:18,733 DEBUG epoch: 169, train_acc: 0.0, val_acc: 1.0, fidel_score: 0.97, acc_loss: 0.0, grad_loss: 0.9150337644770176
2022-04-27 06:52:22,940 DEBUG epoch: 170, train_acc: 0.0, val_acc: 1.0, fidel_score: 0.97, acc_loss: 0.0, grad_loss: 0.9195109598244293
2022-04-27 06:52:27,263 DEBUG epoch: 171, train_acc: 0.0, val_acc: 1.0, fidel_score: 0.97, acc_loss: 0.0, grad_loss: 0.9207676332208174
2022-04-27 06:52:31,202 DEBUG epoch: 172, train_acc: 0.0, val_acc: 1.0, fidel_score: 0.97, acc_loss: 0.0, grad_loss: 0.9144148637976828
2022-04-27 06:52:34,640 DEBUG epoch: 173, train_acc: 0.0, val_acc: 1.0, fidel_score: 0.97, acc_loss: 0.0, grad_loss: 0.9160267823859106
2022-04-27 06:52:37,964 DEBUG epoch: 174, train_acc: 0.0, val_acc: 1.0, fidel_score: 0.97, acc_loss: 0.0, grad_loss: 0.9146347068533113
2022-04-27 06:52:41,329 DEBUG epoch: 175, train_acc: 0.0, val_acc: 1.0, fidel_score: 0.97, acc_loss: 0.0, grad_loss: 0.9176665446426295
2022-04-27 06:52:45,737 DEBUG epoch: 176, train_acc: 0.0, val_acc: 1.0, fidel_score: 0.97, acc_loss: 0.0, grad_loss: 0.9161252960374083
2022-04-27 06:52:49,899 DEBUG epoch: 177, train_acc: 0.0, val_acc: 1.0, fidel_score: 0.97, acc_loss: 0.0, grad_loss: 0.9153063576432723
2022-04-27 06:52:54,279 DEBUG epoch: 178, train_acc: 0.0, val_acc: 1.0, fidel_score: 0.97, acc_loss: 0.0, grad_loss: 0.918439849268032
2022-04-27 06:52:57,692 DEBUG epoch: 179, train_acc: 0.0, val_acc: 1.0, fidel_score: 0.97, acc_loss: 0.0, grad_loss: 0.9138707601571385
2022-04-27 06:53:00,944 DEBUG epoch: 180, train_acc: 0.0, val_acc: 1.0, fidel_score: 0.97, acc_loss: 0.0, grad_loss: 0.9169326379329343
2022-04-27 06:53:04,443 DEBUG epoch: 181, train_acc: 0.0, val_acc: 1.0, fidel_score: 0.97, acc_loss: 0.0, grad_loss: 0.9149535139904746
2022-04-27 06:53:08,186 DEBUG epoch: 182, train_acc: 0.0, val_acc: 1.0, fidel_score: 0.97, acc_loss: 0.0, grad_loss: 0.9152061199840111
2022-04-27 06:53:12,453 DEBUG epoch: 183, train_acc: 0.0, val_acc: 1.0, fidel_score: 0.97, acc_loss: 0.0, grad_loss: 0.9212388305724422
2022-04-27 06:53:16,759 DEBUG epoch: 184, train_acc: 0.0, val_acc: 1.0, fidel_score: 0.97, acc_loss: 0.0, grad_loss: 0.9198404867437822
2022-04-27 06:53:20,689 DEBUG epoch: 185, train_acc: 0.0, val_acc: 1.0, fidel_score: 0.97, acc_loss: 0.0, grad_loss: 0.9160123905049095
2022-04-27 06:53:23,981 DEBUG epoch: 186, train_acc: 0.0, val_acc: 1.0, fidel_score: 0.97, acc_loss: 0.0, grad_loss: 0.9173015665404404
2022-04-27 06:53:27,632 DEBUG epoch: 187, train_acc: 0.0, val_acc: 1.0, fidel_score: 0.97, acc_loss: 0.0, grad_loss: 0.9168812210046793
2022-04-27 06:53:30,941 DEBUG epoch: 188, train_acc: 0.0, val_acc: 1.0, fidel_score: 0.97, acc_loss: 0.0, grad_loss: 0.9169040556195416
2022-04-27 06:53:35,319 DEBUG epoch: 189, train_acc: 0.0, val_acc: 1.0, fidel_score: 0.97, acc_loss: 0.0, grad_loss: 0.9170111447949952
2022-04-27 06:53:39,556 DEBUG epoch: 190, train_acc: 0.0, val_acc: 1.0, fidel_score: 0.97, acc_loss: 0.0, grad_loss: 0.9183054415485526
2022-04-27 06:53:43,856 DEBUG epoch: 191, train_acc: 0.0, val_acc: 1.0, fidel_score: 0.97, acc_loss: 0.0, grad_loss: 0.9160476153409933
2022-04-27 06:53:47,281 DEBUG epoch: 192, train_acc: 0.0, val_acc: 1.0, fidel_score: 0.97, acc_loss: 0.0, grad_loss: 0.9164845852912227
2022-04-27 06:53:50,531 DEBUG epoch: 193, train_acc: 0.0, val_acc: 1.0, fidel_score: 0.97, acc_loss: 0.0, grad_loss: 0.9166693876061258
2022-04-27 06:53:54,143 DEBUG epoch: 194, train_acc: 0.0, val_acc: 1.0, fidel_score: 0.97, acc_loss: 0.0, grad_loss: 0.9155400817907309
2022-04-27 06:53:57,836 DEBUG epoch: 195, train_acc: 0.0, val_acc: 1.0, fidel_score: 0.97, acc_loss: 0.0, grad_loss: 0.9181480747234972
2022-04-27 06:54:02,139 DEBUG epoch: 196, train_acc: 0.0, val_acc: 1.0, fidel_score: 0.97, acc_loss: 0.0, grad_loss: 0.9173325526563427
2022-04-27 06:54:06,157 DEBUG epoch: 197, train_acc: 0.0, val_acc: 1.0, fidel_score: 0.97, acc_loss: 0.0, grad_loss: 0.9167162179946899
2022-04-27 06:54:09,982 DEBUG epoch: 198, train_acc: 0.0, val_acc: 1.0, fidel_score: 0.97, acc_loss: 0.0, grad_loss: 0.9177124455005308
2022-04-27 06:54:13,066 DEBUG epoch: 199, train_acc: 0.0, val_acc: 1.0, fidel_score: 0.97, acc_loss: 0.0, grad_loss: 0.9141776637185978
2022-04-27 06:54:16,810 DEBUG epoch: 200, train_acc: 0.0, val_acc: 1.0, fidel_score: 0.97, acc_loss: 0.0, grad_loss: 0.9165415794034547
2022-04-27 06:54:20,034 DEBUG epoch: 201, train_acc: 0.0, val_acc: 1.0, fidel_score: 0.97, acc_loss: 0.0, grad_loss: 0.9182274930084808
2022-04-27 06:54:24,117 DEBUG epoch: 202, train_acc: 0.0, val_acc: 1.0, fidel_score: 0.97, acc_loss: 0.0, grad_loss: 0.9122870768172832
2022-04-27 06:54:28,424 DEBUG epoch: 203, train_acc: 0.0, val_acc: 1.0, fidel_score: 0.97, acc_loss: 0.0, grad_loss: 0.9168885418131382
2022-04-27 06:54:32,485 DEBUG epoch: 204, train_acc: 0.0, val_acc: 1.0, fidel_score: 0.97, acc_loss: 0.0, grad_loss: 0.9104645991627174
2022-04-27 06:54:36,034 DEBUG epoch: 205, train_acc: 0.0, val_acc: 1.0, fidel_score: 0.97, acc_loss: 0.0, grad_loss: 0.9170591076718101
2022-04-27 06:54:39,324 DEBUG epoch: 206, train_acc: 0.0, val_acc: 1.0, fidel_score: 0.97, acc_loss: 0.0, grad_loss: 0.9158290126655675
2022-04-27 06:54:42,837 DEBUG epoch: 207, train_acc: 0.0, val_acc: 1.0, fidel_score: 0.97, acc_loss: 0.0, grad_loss: 0.9149147128757043
2022-04-27 06:54:46,710 DEBUG epoch: 208, train_acc: 0.0, val_acc: 1.0, fidel_score: 0.97, acc_loss: 0.0, grad_loss: 0.9141453791268265
2022-04-27 06:54:50,681 DEBUG epoch: 209, train_acc: 0.0, val_acc: 1.0, fidel_score: 0.97, acc_loss: 0.0, grad_loss: 0.914849163610724
2022-04-27 06:54:54,941 DEBUG epoch: 210, train_acc: 0.0, val_acc: 1.0, fidel_score: 0.97, acc_loss: 0.0, grad_loss: 0.9137973800490174
2022-04-27 06:54:58,665 DEBUG epoch: 211, train_acc: 0.0, val_acc: 1.0, fidel_score: 0.97, acc_loss: 0.0, grad_loss: 0.9115567312964911
2022-04-27 06:55:01,998 DEBUG epoch: 212, train_acc: 0.0, val_acc: 1.0, fidel_score: 0.97, acc_loss: 0.0, grad_loss: 0.9129607805722877
2022-04-27 06:55:05,472 DEBUG epoch: 213, train_acc: 0.0, val_acc: 1.0, fidel_score: 0.97, acc_loss: 0.0, grad_loss: 0.9127416580538207
2022-04-27 06:55:08,862 DEBUG epoch: 214, train_acc: 0.0, val_acc: 1.0, fidel_score: 0.97, acc_loss: 0.0, grad_loss: 0.9166400885280175
2022-04-27 06:55:13,216 DEBUG epoch: 215, train_acc: 0.0, val_acc: 1.0, fidel_score: 0.97, acc_loss: 0.0, grad_loss: 0.9119943365266051
2022-04-27 06:55:17,390 DEBUG epoch: 216, train_acc: 0.0, val_acc: 1.0, fidel_score: 0.97, acc_loss: 0.0, grad_loss: 0.9153645589381834
2022-04-27 06:55:21,721 DEBUG epoch: 217, train_acc: 0.0, val_acc: 1.0, fidel_score: 0.97, acc_loss: 0.0, grad_loss: 0.9148429488833947
2022-04-27 06:55:25,151 DEBUG epoch: 218, train_acc: 0.0, val_acc: 1.0, fidel_score: 0.97, acc_loss: 0.0, grad_loss: 0.9173609984071949
2022-04-27 06:55:28,438 DEBUG epoch: 219, train_acc: 0.0, val_acc: 1.0, fidel_score: 0.97, acc_loss: 0.0, grad_loss: 0.914915058431746
2022-04-27 06:55:31,995 DEBUG epoch: 220, train_acc: 0.0, val_acc: 1.0, fidel_score: 0.97, acc_loss: 0.0, grad_loss: 0.9116735194302812
2022-04-27 06:55:35,589 DEBUG epoch: 221, train_acc: 0.0, val_acc: 1.0, fidel_score: 0.97, acc_loss: 0.0, grad_loss: 0.9140387698064877
2022-04-27 06:55:39,913 DEBUG epoch: 222, train_acc: 0.0, val_acc: 1.0, fidel_score: 0.97, acc_loss: 0.0, grad_loss: 0.9129986227313175
2022-04-27 06:55:44,132 DEBUG epoch: 223, train_acc: 0.0, val_acc: 1.0, fidel_score: 0.97, acc_loss: 0.0, grad_loss: 0.9127262219598021
2022-04-27 06:55:48,138 DEBUG epoch: 224, train_acc: 0.0, val_acc: 1.0, fidel_score: 0.97, acc_loss: 0.0, grad_loss: 0.9161564066440244
2022-04-27 06:55:51,350 DEBUG epoch: 225, train_acc: 0.0, val_acc: 1.0, fidel_score: 0.97, acc_loss: 0.0, grad_loss: 0.9148407933078234
2022-04-27 06:55:54,843 DEBUG epoch: 226, train_acc: 0.0, val_acc: 1.0, fidel_score: 0.97, acc_loss: 0.0, grad_loss: 0.9142355270023588
2022-04-27 06:55:57,945 DEBUG epoch: 227, train_acc: 0.0, val_acc: 1.0, fidel_score: 0.97, acc_loss: 0.0, grad_loss: 0.9117523160161851
2022-04-27 06:56:02,267 DEBUG epoch: 228, train_acc: 0.0, val_acc: 1.0, fidel_score: 0.97, acc_loss: 0.0, grad_loss: 0.9135976041419597
2022-04-27 06:56:06,385 DEBUG epoch: 229, train_acc: 0.0, val_acc: 1.0, fidel_score: 0.97, acc_loss: 0.0, grad_loss: 0.9137724743613714
2022-04-27 06:56:10,741 DEBUG epoch: 230, train_acc: 0.0, val_acc: 1.0, fidel_score: 0.97, acc_loss: 0.0, grad_loss: 0.9168406657025784
2022-04-27 06:56:14,318 DEBUG epoch: 231, train_acc: 0.0, val_acc: 1.0, fidel_score: 0.97, acc_loss: 0.0, grad_loss: 0.9136541432972196
2022-04-27 06:56:17,611 DEBUG epoch: 232, train_acc: 0.0, val_acc: 1.0, fidel_score: 0.97, acc_loss: 0.0, grad_loss: 0.9116291169878803
2022-04-27 06:56:21,138 DEBUG epoch: 233, train_acc: 0.0, val_acc: 1.0, fidel_score: 0.97, acc_loss: 0.0, grad_loss: 0.9156712497336955
2022-04-27 06:56:24,789 DEBUG epoch: 234, train_acc: 0.0, val_acc: 1.0, fidel_score: 0.97, acc_loss: 0.0, grad_loss: 0.9145314535008201
2022-04-27 06:56:29,128 DEBUG epoch: 235, train_acc: 0.0, val_acc: 1.0, fidel_score: 0.97, acc_loss: 0.0, grad_loss: 0.9134290195718596
2022-04-27 06:56:33,301 DEBUG epoch: 236, train_acc: 0.0, val_acc: 1.0, fidel_score: 0.97, acc_loss: 0.0, grad_loss: 0.9088087564782251
2022-04-27 06:56:37,306 DEBUG epoch: 237, train_acc: 0.0, val_acc: 1.0, fidel_score: 0.97, acc_loss: 0.0, grad_loss: 0.9120198827755602
2022-04-27 06:56:40,636 DEBUG epoch: 238, train_acc: 0.0, val_acc: 1.0, fidel_score: 0.97, acc_loss: 0.0, grad_loss: 0.9111764076389844
2022-04-27 06:56:44,141 DEBUG epoch: 239, train_acc: 0.0, val_acc: 1.0, fidel_score: 0.97, acc_loss: 0.0, grad_loss: 0.91584279114687
2022-04-27 06:56:47,753 DEBUG epoch: 240, train_acc: 0.0, val_acc: 1.0, fidel_score: 0.97, acc_loss: 0.0, grad_loss: 0.9107881143123289
2022-04-27 06:56:52,035 DEBUG epoch: 241, train_acc: 0.0, val_acc: 1.0, fidel_score: 0.97, acc_loss: 0.0, grad_loss: 0.9117807761023317
2022-04-27 06:56:56,395 DEBUG epoch: 242, train_acc: 0.0, val_acc: 1.0, fidel_score: 0.97, acc_loss: 0.0, grad_loss: 0.912302623066721
2022-04-27 06:57:00,709 DEBUG epoch: 243, train_acc: 0.0, val_acc: 1.0, fidel_score: 0.97, acc_loss: 0.0, grad_loss: 0.9094803423821172
2022-04-27 06:57:03,972 DEBUG epoch: 244, train_acc: 0.0, val_acc: 1.0, fidel_score: 0.97, acc_loss: 0.0, grad_loss: 0.9122160190268408
2022-04-27 06:57:07,373 DEBUG epoch: 245, train_acc: 0.0, val_acc: 1.0, fidel_score: 0.97, acc_loss: 0.0, grad_loss: 0.9146016187305692
2022-04-27 06:57:10,838 DEBUG epoch: 246, train_acc: 0.0, val_acc: 1.0, fidel_score: 0.97, acc_loss: 0.0, grad_loss: 0.9124608454825003
2022-04-27 06:57:14,886 DEBUG epoch: 247, train_acc: 0.0, val_acc: 1.0, fidel_score: 0.97, acc_loss: 0.0, grad_loss: 0.9125871545151819
2022-04-27 06:57:19,221 DEBUG epoch: 248, train_acc: 0.0, val_acc: 1.0, fidel_score: 0.97, acc_loss: 0.0, grad_loss: 0.9094143721121776
2022-04-27 06:57:23,415 DEBUG epoch: 249, train_acc: 0.0, val_acc: 1.0, fidel_score: 0.97, acc_loss: 0.0, grad_loss: 0.9137992911700961
2022-04-27 06:57:27,255 DEBUG epoch: 250, train_acc: 0.0, val_acc: 1.0, fidel_score: 0.97, acc_loss: 0.0, grad_loss: 0.9117508794687972
2022-04-27 06:57:30,252 DEBUG epoch: 251, train_acc: 0.0, val_acc: 1.0, fidel_score: 0.97, acc_loss: 0.0, grad_loss: 0.9154108340227152
2022-04-27 06:57:33,656 DEBUG epoch: 252, train_acc: 0.0, val_acc: 1.0, fidel_score: 0.97, acc_loss: 0.0, grad_loss: 0.9137453708467604
2022-04-27 06:57:37,307 DEBUG epoch: 253, train_acc: 0.0, val_acc: 1.0, fidel_score: 0.97, acc_loss: 0.0, grad_loss: 0.9105636085136027
2022-04-27 06:57:41,729 DEBUG epoch: 254, train_acc: 0.0, val_acc: 1.0, fidel_score: 0.97, acc_loss: 0.0, grad_loss: 0.914637868917441
2022-04-27 06:57:46,035 DEBUG epoch: 255, train_acc: 0.0, val_acc: 1.0, fidel_score: 0.97, acc_loss: 0.0, grad_loss: 0.9090104095543488
2022-04-27 06:57:50,222 DEBUG epoch: 256, train_acc: 0.0, val_acc: 1.0, fidel_score: 0.97, acc_loss: 0.0, grad_loss: 0.9106560470182684
2022-04-27 06:57:53,651 DEBUG epoch: 257, train_acc: 0.0, val_acc: 1.0, fidel_score: 0.97, acc_loss: 0.0, grad_loss: 0.9102553566799888
2022-04-27 06:57:57,041 DEBUG epoch: 258, train_acc: 0.0, val_acc: 1.0, fidel_score: 0.97, acc_loss: 0.0, grad_loss: 0.9097646059869211
2022-04-27 06:58:00,417 DEBUG epoch: 259, train_acc: 0.0, val_acc: 1.0, fidel_score: 0.97, acc_loss: 0.0, grad_loss: 0.9127352237701416
2022-04-27 06:58:04,721 DEBUG epoch: 260, train_acc: 0.0, val_acc: 1.0, fidel_score: 0.97, acc_loss: 0.0, grad_loss: 0.9078622279287893
2022-04-27 06:58:08,940 DEBUG epoch: 261, train_acc: 0.0, val_acc: 1.0, fidel_score: 0.97, acc_loss: 0.0, grad_loss: 0.912062765676764
2022-04-27 06:58:13,207 DEBUG epoch: 262, train_acc: 0.0, val_acc: 1.0, fidel_score: 0.97, acc_loss: 0.0, grad_loss: 0.9102025401743152
2022-04-27 06:58:16,604 DEBUG epoch: 263, train_acc: 0.0, val_acc: 1.0, fidel_score: 0.97, acc_loss: 0.0, grad_loss: 0.9107903219476531
2022-04-27 06:58:19,976 DEBUG epoch: 264, train_acc: 0.0, val_acc: 1.0, fidel_score: 0.97, acc_loss: 0.0, grad_loss: 0.9135430228861072
2022-04-27 06:58:23,479 DEBUG epoch: 265, train_acc: 0.0, val_acc: 1.0, fidel_score: 0.97, acc_loss: 0.0, grad_loss: 0.9105261081381689
2022-04-27 06:58:27,280 DEBUG epoch: 266, train_acc: 0.0, val_acc: 1.0, fidel_score: 0.97, acc_loss: 0.0, grad_loss: 0.9113121689120426
2022-04-27 06:58:31,574 DEBUG epoch: 267, train_acc: 0.0, val_acc: 1.0, fidel_score: 0.97, acc_loss: 0.0, grad_loss: 0.9095008320446256
2022-04-27 06:58:35,833 DEBUG epoch: 268, train_acc: 0.0, val_acc: 1.0, fidel_score: 0.97, acc_loss: 0.0, grad_loss: 0.9120594632776478
2022-04-27 06:58:39,716 DEBUG epoch: 269, train_acc: 0.0, val_acc: 1.0, fidel_score: 0.97, acc_loss: 0.0, grad_loss: 0.9126633066165296
2022-04-27 06:58:43,068 DEBUG epoch: 270, train_acc: 0.0, val_acc: 1.0, fidel_score: 0.97, acc_loss: 0.0, grad_loss: 0.9075882457479646
2022-04-27 06:58:46,590 DEBUG epoch: 271, train_acc: 0.0, val_acc: 1.0, fidel_score: 0.97, acc_loss: 0.0, grad_loss: 0.9117848661881459
2022-04-27 06:58:49,813 DEBUG epoch: 272, train_acc: 0.0, val_acc: 1.0, fidel_score: 0.97, acc_loss: 0.0, grad_loss: 0.9102920965303348
2022-04-27 06:58:54,132 DEBUG epoch: 273, train_acc: 0.0, val_acc: 1.0, fidel_score: 0.97, acc_loss: 0.0, grad_loss: 0.9130108220667779
2022-04-27 06:58:58,307 DEBUG epoch: 274, train_acc: 0.0, val_acc: 1.0, fidel_score: 0.97, acc_loss: 0.0, grad_loss: 0.9140294533741625
2022-04-27 06:59:02,624 DEBUG epoch: 275, train_acc: 0.0, val_acc: 1.0, fidel_score: 0.97, acc_loss: 0.0, grad_loss: 0.915257453918457
2022-04-27 06:59:06,092 DEBUG epoch: 276, train_acc: 0.0, val_acc: 1.0, fidel_score: 0.97, acc_loss: 0.0, grad_loss: 0.9107702412182772
2022-04-27 06:59:09,325 DEBUG epoch: 277, train_acc: 0.0, val_acc: 1.0, fidel_score: 0.97, acc_loss: 0.0, grad_loss: 0.9141151075121723
2022-04-27 06:59:12,843 DEBUG epoch: 278, train_acc: 0.0, val_acc: 1.0, fidel_score: 0.97, acc_loss: 0.0, grad_loss: 0.9108803898473329
2022-04-27 06:59:16,523 DEBUG epoch: 279, train_acc: 0.0, val_acc: 1.0, fidel_score: 0.97, acc_loss: 0.0, grad_loss: 0.9088156012040151
2022-04-27 06:59:20,810 DEBUG epoch: 280, train_acc: 0.0, val_acc: 1.0, fidel_score: 0.97, acc_loss: 0.0, grad_loss: 0.9112432757510415
2022-04-27 06:59:24,853 DEBUG epoch: 281, train_acc: 0.0, val_acc: 1.0, fidel_score: 0.97, acc_loss: 0.0, grad_loss: 0.9149218224271943
2022-04-27 06:59:28,823 DEBUG epoch: 282, train_acc: 0.0, val_acc: 1.0, fidel_score: 0.97, acc_loss: 0.0, grad_loss: 0.9108605958238433
2022-04-27 06:59:32,057 DEBUG epoch: 283, train_acc: 0.0, val_acc: 1.0, fidel_score: 0.97, acc_loss: 0.0, grad_loss: 0.9091023765032804
2022-04-27 06:59:35,614 DEBUG epoch: 284, train_acc: 0.0, val_acc: 1.0, fidel_score: 0.97, acc_loss: 0.0, grad_loss: 0.9134859819955463
2022-04-27 06:59:38,982 DEBUG epoch: 285, train_acc: 0.0, val_acc: 1.0, fidel_score: 0.97, acc_loss: 0.0, grad_loss: 0.9135583978665026
2022-04-27 06:59:43,115 DEBUG epoch: 286, train_acc: 0.0, val_acc: 1.0, fidel_score: 0.97, acc_loss: 0.0, grad_loss: 0.9117919855479952
2022-04-27 06:59:47,407 DEBUG epoch: 287, train_acc: 0.0, val_acc: 1.0, fidel_score: 0.97, acc_loss: 0.0, grad_loss: 0.9119376615632938
2022-04-27 06:59:51,571 DEBUG epoch: 288, train_acc: 0.0, val_acc: 1.0, fidel_score: 0.97, acc_loss: 0.0, grad_loss: 0.9112716286997252
2022-04-27 06:59:55,077 DEBUG epoch: 289, train_acc: 0.0, val_acc: 1.0, fidel_score: 0.97, acc_loss: 0.0, grad_loss: 0.9122273129752919
2022-04-27 06:59:58,442 DEBUG epoch: 290, train_acc: 0.0, val_acc: 1.0, fidel_score: 0.97, acc_loss: 0.0, grad_loss: 0.9123570926581757
2022-04-27 07:00:01,844 DEBUG epoch: 291, train_acc: 0.0, val_acc: 1.0, fidel_score: 0.97, acc_loss: 0.0, grad_loss: 0.9091001960295665
2022-04-27 07:00:05,894 DEBUG epoch: 292, train_acc: 0.0, val_acc: 1.0, fidel_score: 0.97, acc_loss: 0.0, grad_loss: 0.9090409173241144
2022-04-27 07:00:10,064 DEBUG epoch: 293, train_acc: 0.0, val_acc: 1.0, fidel_score: 0.97, acc_loss: 0.0, grad_loss: 0.9138344526290894
2022-04-27 07:00:14,400 DEBUG epoch: 294, train_acc: 0.0, val_acc: 1.0, fidel_score: 0.97, acc_loss: 0.0, grad_loss: 0.9121895598459847
2022-04-27 07:00:18,240 DEBUG epoch: 295, train_acc: 0.0, val_acc: 1.0, fidel_score: 0.97, acc_loss: 0.0, grad_loss: 0.9091427296022826
2022-04-27 07:00:21,472 DEBUG epoch: 296, train_acc: 0.0, val_acc: 1.0, fidel_score: 0.97, acc_loss: 0.0, grad_loss: 0.9129624200772636
2022-04-27 07:00:24,952 DEBUG epoch: 297, train_acc: 0.0, val_acc: 1.0, fidel_score: 0.97, acc_loss: 0.0, grad_loss: 0.9143056462082682
2022-04-27 07:00:28,709 DEBUG epoch: 298, train_acc: 0.0, val_acc: 1.0, fidel_score: 0.97, acc_loss: 0.0, grad_loss: 0.9100156003915811
2022-04-27 07:00:33,081 DEBUG epoch: 299, train_acc: 0.0, val_acc: 1.0, fidel_score: 0.97, acc_loss: 0.0, grad_loss: 0.9135851294179506
2022-04-27 07:00:37,412 DEBUG epoch: 300, train_acc: 0.0, val_acc: 1.0, fidel_score: 0.97, acc_loss: 0.0, grad_loss: 0.9125495055053807
2022-04-27 07:00:37,413 DEBUG load best stealed model.
2022-04-27 07:00:37,413 DEBUG Best perform model, val_acc: 1.79, fidel_score: 1.88, acc_loss: 0.0, grad_loss: 1.0150473608246333
2022-04-27 07:00:37,414 DEBUG load cloest stealed model.
2022-04-27 07:00:37,414 DEBUG Cloest perform model, val_acc: 1.79, fidel_score: 1.88, acc_loss: 0.0, grad_loss: 1.0150473608246333
