2022-04-22 14:53:34,011 DEBUG Namespace(arch='vgg11_bn', attack_client=0, attack_epochs=300, attack_style='Generator_option', average_time=1, batch_size=128, bottleneck_option='None', cutlayer=4, data_proportion=0.0, dataset='cifar100', filename='ace_V2_epoch_vgg11_bn_cutlayer_4_client_1_seed125_dataset_cifar100_lr_0.05_200epoch', folder='saves/baseline', learning_rate=0.05, noniid_ratio=1.0, num_client=1, num_epochs='best', num_query=10000, random_seed=123, regularization='None', regularization_strength=0.0, scheme='V2_epoch', surrogate_arch='same', test_best=True, train_clas_layer=8.0)
2022-04-22 14:53:37,546 DEBUG Test (client-0):	Loss 1.2311 (1.7817)	Prec@1 75.000 (68.630)
2022-04-22 14:53:37,547 DEBUG  * Prec@1 68.630
2022-04-22 14:53:37,551 DEBUG load 0.weight to surrogate
2022-04-22 14:53:37,551 DEBUG load 0.bias to surrogate
2022-04-22 14:53:37,552 DEBUG load 1.weight to surrogate
2022-04-22 14:53:37,552 DEBUG load 1.bias to surrogate
2022-04-22 14:53:37,552 DEBUG load 1.running_mean to surrogate
2022-04-22 14:53:37,552 DEBUG load 1.running_var to surrogate
2022-04-22 14:53:37,552 DEBUG load 1.num_batches_tracked to surrogate
2022-04-22 14:53:37,556 DEBUG 20
2022-04-22 14:53:37,557 DEBUG 26
2022-04-22 14:53:37,557 DEBUG surrogate parameter has 26 trainable parameters!
2022-04-22 14:53:37,818 DEBUG Train step: 10	 CE_Loss: 7.3072843552 diversity_Loss: 0.7181643248 bc_losses (G):  0.0000000000  bc_losses (D)):  0.0000000000
2022-04-22 14:53:38,054 DEBUG Train step: 20	 CE_Loss: 7.2219395638 diversity_Loss: 0.7215458751 bc_losses (G):  0.0000000000  bc_losses (D)):  0.0000000000
2022-04-22 14:53:38,290 DEBUG Train step: 30	 CE_Loss: 5.6879901886 diversity_Loss: 0.7185871601 bc_losses (G):  0.0000000000  bc_losses (D)):  0.0000000000
2022-04-22 14:53:38,528 DEBUG Train step: 40	 CE_Loss: 5.7953767776 diversity_Loss: 0.7076359391 bc_losses (G):  0.0000000000  bc_losses (D)):  0.0000000000
2022-04-22 14:53:38,766 DEBUG Train step: 50	 CE_Loss: 5.5424594879 diversity_Loss: 0.6971870065 bc_losses (G):  0.0000000000  bc_losses (D)):  0.0000000000
2022-04-22 14:53:39,002 DEBUG Train step: 60	 CE_Loss: 5.6303381920 diversity_Loss: 0.7075406313 bc_losses (G):  0.0000000000  bc_losses (D)):  0.0000000000
2022-04-22 14:53:39,238 DEBUG Train step: 70	 CE_Loss: 5.4092044830 diversity_Loss: 0.7097781301 bc_losses (G):  0.0000000000  bc_losses (D)):  0.0000000000
2022-04-22 14:53:39,476 DEBUG Train step: 80	 CE_Loss: 5.7843947411 diversity_Loss: 0.7119964957 bc_losses (G):  0.0000000000  bc_losses (D)):  0.0000000000
2022-04-22 14:53:39,714 DEBUG Train step: 90	 CE_Loss: 5.7436547279 diversity_Loss: 0.7145109177 bc_losses (G):  0.0000000000  bc_losses (D)):  0.0000000000
2022-04-22 14:53:39,950 DEBUG Train step: 100	 CE_Loss: 5.7205924988 diversity_Loss: 0.7152616978 bc_losses (G):  0.0000000000  bc_losses (D)):  0.0000000000
2022-04-22 14:53:39,950 DEBUG End of Training: 100	 CE_Loss: 5.7205924988 diversity_Loss: 0.7152616978 bc_losses (G):  0.0000000000  bc_losses (D)):  0.0000000000
2022-04-22 14:53:40,916 DEBUG epoch: 0, val_acc: 1.0, val_fidelity: 1.02
2022-04-22 14:53:42,250 DEBUG epoch: 1, train_acc: 1.5234375, val_acc: 1.0, fidel_score: 1.03, acc_loss: 4.60410053730011, grad_loss: None
2022-04-22 14:53:43,536 DEBUG epoch: 2, train_acc: 1.1328125, val_acc: 1.0, fidel_score: 1.13, acc_loss: 4.601929759979248, grad_loss: None
2022-04-22 14:53:44,835 DEBUG epoch: 3, train_acc: 1.2109375, val_acc: 1.0, fidel_score: 1.03, acc_loss: 4.599406623840332, grad_loss: None
2022-04-22 14:53:46,128 DEBUG epoch: 4, train_acc: 1.09375, val_acc: 0.8, fidel_score: 0.8, acc_loss: 4.591444206237793, grad_loss: None
2022-04-22 14:53:47,404 DEBUG epoch: 5, train_acc: 2.8515625, val_acc: 1.0, fidel_score: 0.96, acc_loss: 4.572865462303161, grad_loss: None
2022-04-22 14:53:48,692 DEBUG epoch: 6, train_acc: 4.4140625, val_acc: 0.92, fidel_score: 0.91, acc_loss: 4.50160403251648, grad_loss: None
2022-04-22 14:53:49,985 DEBUG epoch: 7, train_acc: 4.21875, val_acc: 0.97, fidel_score: 0.88, acc_loss: 4.237606930732727, grad_loss: None
2022-04-22 14:53:51,269 DEBUG epoch: 8, train_acc: 9.375, val_acc: 0.86, fidel_score: 0.91, acc_loss: 3.853917622566223, grad_loss: None
2022-04-22 14:53:52,561 DEBUG epoch: 9, train_acc: 15.15625, val_acc: 1.07, fidel_score: 0.97, acc_loss: 3.541677188873291, grad_loss: None
2022-04-22 14:53:53,846 DEBUG epoch: 10, train_acc: 26.3671875, val_acc: 1.09, fidel_score: 1.07, acc_loss: 2.8504204392433166, grad_loss: None
2022-04-22 14:53:55,156 DEBUG epoch: 11, train_acc: 39.453125, val_acc: 0.87, fidel_score: 0.84, acc_loss: 2.1415008306503296, grad_loss: None
2022-04-22 14:53:56,438 DEBUG epoch: 12, train_acc: 51.875, val_acc: 0.92, fidel_score: 0.72, acc_loss: 1.606900703907013, grad_loss: None
2022-04-22 14:53:57,727 DEBUG epoch: 13, train_acc: 63.828125, val_acc: 0.93, fidel_score: 0.81, acc_loss: 1.2057601273059846, grad_loss: None
2022-04-22 14:53:59,011 DEBUG epoch: 14, train_acc: 74.5703125, val_acc: 0.76, fidel_score: 0.72, acc_loss: 0.8473905444145202, grad_loss: None
2022-04-22 14:54:00,310 DEBUG epoch: 15, train_acc: 79.84375, val_acc: 0.98, fidel_score: 0.92, acc_loss: 0.6359073102474213, grad_loss: None
2022-04-22 14:54:01,593 DEBUG epoch: 16, train_acc: 83.9453125, val_acc: 1.12, fidel_score: 1.09, acc_loss: 0.5142621114850044, grad_loss: None
2022-04-22 14:54:02,887 DEBUG epoch: 17, train_acc: 88.28125, val_acc: 1.15, fidel_score: 1.13, acc_loss: 0.3942266471683979, grad_loss: None
2022-04-22 14:54:04,177 DEBUG epoch: 18, train_acc: 91.328125, val_acc: 0.93, fidel_score: 0.92, acc_loss: 0.26781853623688223, grad_loss: None
2022-04-22 14:54:05,475 DEBUG epoch: 19, train_acc: 92.65625, val_acc: 0.94, fidel_score: 0.96, acc_loss: 0.22361945323646068, grad_loss: None
2022-04-22 14:54:06,776 DEBUG epoch: 20, train_acc: 93.4375, val_acc: 1.18, fidel_score: 1.3, acc_loss: 0.18899190835654736, grad_loss: None
2022-04-22 14:54:08,068 DEBUG epoch: 21, train_acc: 94.6875, val_acc: 1.0, fidel_score: 1.0, acc_loss: 0.16701626852154733, grad_loss: None
2022-04-22 14:54:09,359 DEBUG epoch: 22, train_acc: 96.1328125, val_acc: 1.0, fidel_score: 1.1, acc_loss: 0.12694221585989, grad_loss: None
2022-04-22 14:54:10,637 DEBUG epoch: 23, train_acc: 96.6796875, val_acc: 0.98, fidel_score: 1.11, acc_loss: 0.10010457132011652, grad_loss: None
2022-04-22 14:54:11,928 DEBUG epoch: 24, train_acc: 96.5234375, val_acc: 1.02, fidel_score: 1.09, acc_loss: 0.1064765291288495, grad_loss: None
2022-04-22 14:54:13,205 DEBUG epoch: 25, train_acc: 97.0703125, val_acc: 1.17, fidel_score: 1.1, acc_loss: 0.10748345404863358, grad_loss: None
2022-04-22 14:54:14,502 DEBUG epoch: 26, train_acc: 97.578125, val_acc: 1.07, fidel_score: 1.05, acc_loss: 0.07886741058900952, grad_loss: None
2022-04-22 14:54:15,780 DEBUG epoch: 27, train_acc: 96.953125, val_acc: 1.14, fidel_score: 1.08, acc_loss: 0.09274281337857246, grad_loss: None
2022-04-22 14:54:17,077 DEBUG epoch: 28, train_acc: 97.7734375, val_acc: 1.05, fidel_score: 0.97, acc_loss: 0.07444374384358525, grad_loss: None
2022-04-22 14:54:18,360 DEBUG epoch: 29, train_acc: 98.2421875, val_acc: 0.9, fidel_score: 0.9, acc_loss: 0.061061848793178795, grad_loss: None
2022-04-22 14:54:19,645 DEBUG epoch: 30, train_acc: 97.734375, val_acc: 1.18, fidel_score: 1.19, acc_loss: 0.07295172391459345, grad_loss: None
2022-04-22 14:54:20,941 DEBUG epoch: 31, train_acc: 98.59375, val_acc: 1.22, fidel_score: 1.15, acc_loss: 0.054867961723357436, grad_loss: None
2022-04-22 14:54:22,230 DEBUG epoch: 32, train_acc: 98.828125, val_acc: 1.27, fidel_score: 1.27, acc_loss: 0.03327835381496698, grad_loss: None
2022-04-22 14:54:23,534 DEBUG epoch: 33, train_acc: 99.3359375, val_acc: 1.07, fidel_score: 1.04, acc_loss: 0.03077239521080628, grad_loss: None
2022-04-22 14:54:24,818 DEBUG epoch: 34, train_acc: 98.6328125, val_acc: 1.27, fidel_score: 1.26, acc_loss: 0.04271250725723803, grad_loss: None
2022-04-22 14:54:26,113 DEBUG epoch: 35, train_acc: 99.4921875, val_acc: 1.03, fidel_score: 1.09, acc_loss: 0.020363800518680364, grad_loss: None
2022-04-22 14:54:27,402 DEBUG epoch: 36, train_acc: 99.4921875, val_acc: 1.15, fidel_score: 1.14, acc_loss: 0.019691406059428117, grad_loss: None
2022-04-22 14:54:28,690 DEBUG epoch: 37, train_acc: 99.375, val_acc: 1.05, fidel_score: 1.02, acc_loss: 0.01683852148707956, grad_loss: None
2022-04-22 14:54:29,989 DEBUG epoch: 38, train_acc: 99.453125, val_acc: 1.18, fidel_score: 1.11, acc_loss: 0.01868927273899317, grad_loss: None
2022-04-22 14:54:31,281 DEBUG epoch: 39, train_acc: 98.4765625, val_acc: 1.18, fidel_score: 1.16, acc_loss: 0.047465471073519436, grad_loss: None
2022-04-22 14:54:32,570 DEBUG epoch: 40, train_acc: 99.0625, val_acc: 1.03, fidel_score: 1.06, acc_loss: 0.03144508209079504, grad_loss: None
2022-04-22 14:54:33,851 DEBUG epoch: 41, train_acc: 98.7890625, val_acc: 1.09, fidel_score: 1.11, acc_loss: 0.03792056911624968, grad_loss: None
2022-04-22 14:54:35,131 DEBUG epoch: 42, train_acc: 99.1015625, val_acc: 1.05, fidel_score: 1.03, acc_loss: 0.026968482625670732, grad_loss: None
2022-04-22 14:54:36,432 DEBUG epoch: 43, train_acc: 99.5703125, val_acc: 1.01, fidel_score: 0.96, acc_loss: 0.020361017796676605, grad_loss: None
2022-04-22 14:54:37,720 DEBUG epoch: 44, train_acc: 99.375, val_acc: 1.1, fidel_score: 1.06, acc_loss: 0.02043900637072511, grad_loss: None
2022-04-22 14:54:39,017 DEBUG epoch: 45, train_acc: 99.453125, val_acc: 1.17, fidel_score: 1.1, acc_loss: 0.018291458464227618, grad_loss: None
2022-04-22 14:54:40,304 DEBUG epoch: 46, train_acc: 99.5703125, val_acc: 1.08, fidel_score: 0.9, acc_loss: 0.018658646987751125, grad_loss: None
2022-04-22 14:54:41,603 DEBUG epoch: 47, train_acc: 99.4921875, val_acc: 1.15, fidel_score: 1.05, acc_loss: 0.01974462125217542, grad_loss: None
2022-04-22 14:54:42,892 DEBUG epoch: 48, train_acc: 98.984375, val_acc: 0.92, fidel_score: 1.0, acc_loss: 0.03319578000809997, grad_loss: None
2022-04-22 14:54:44,172 DEBUG epoch: 49, train_acc: 99.140625, val_acc: 0.97, fidel_score: 0.97, acc_loss: 0.029338929802179337, grad_loss: None
2022-04-22 14:54:45,454 DEBUG epoch: 50, train_acc: 99.3359375, val_acc: 0.96, fidel_score: 0.94, acc_loss: 0.02145657209912315, grad_loss: None
2022-04-22 14:54:46,755 DEBUG epoch: 51, train_acc: 99.5703125, val_acc: 1.15, fidel_score: 1.18, acc_loss: 0.018275231984443963, grad_loss: None
2022-04-22 14:54:48,044 DEBUG epoch: 52, train_acc: 99.453125, val_acc: 1.07, fidel_score: 0.91, acc_loss: 0.019465778139419854, grad_loss: None
2022-04-22 14:54:49,346 DEBUG epoch: 53, train_acc: 99.5703125, val_acc: 0.98, fidel_score: 1.09, acc_loss: 0.014382632460910826, grad_loss: None
2022-04-22 14:54:50,634 DEBUG epoch: 54, train_acc: 99.7265625, val_acc: 0.98, fidel_score: 1.01, acc_loss: 0.011781775270355866, grad_loss: None
2022-04-22 14:54:51,932 DEBUG epoch: 55, train_acc: 99.4140625, val_acc: 0.93, fidel_score: 0.96, acc_loss: 0.017755534721072764, grad_loss: None
2022-04-22 14:54:53,223 DEBUG epoch: 56, train_acc: 99.375, val_acc: 1.07, fidel_score: 1.15, acc_loss: 0.02227085051126778, grad_loss: None
2022-04-22 14:54:54,514 DEBUG epoch: 57, train_acc: 99.6875, val_acc: 1.06, fidel_score: 1.12, acc_loss: 0.01214009477989748, grad_loss: None
2022-04-22 14:54:55,806 DEBUG epoch: 58, train_acc: 99.84375, val_acc: 1.17, fidel_score: 1.17, acc_loss: 0.007623086005332879, grad_loss: None
2022-04-22 14:54:57,087 DEBUG epoch: 59, train_acc: 99.765625, val_acc: 1.09, fidel_score: 1.17, acc_loss: 0.010128786141285673, grad_loss: None
2022-04-22 14:54:58,384 DEBUG epoch: 60, train_acc: 99.765625, val_acc: 1.16, fidel_score: 1.24, acc_loss: 0.008454213029472158, grad_loss: None
2022-04-22 14:54:59,669 DEBUG epoch: 61, train_acc: 99.84375, val_acc: 1.06, fidel_score: 1.15, acc_loss: 0.006639157954487019, grad_loss: None
2022-04-22 14:55:00,953 DEBUG epoch: 62, train_acc: 99.8828125, val_acc: 0.96, fidel_score: 0.97, acc_loss: 0.005708923161728307, grad_loss: None
2022-04-22 14:55:02,234 DEBUG epoch: 63, train_acc: 99.84375, val_acc: 1.06, fidel_score: 1.06, acc_loss: 0.00569017514353618, grad_loss: None
2022-04-22 14:55:03,525 DEBUG epoch: 64, train_acc: 99.8828125, val_acc: 1.08, fidel_score: 1.1, acc_loss: 0.004393241112120449, grad_loss: None
2022-04-22 14:55:04,814 DEBUG epoch: 65, train_acc: 99.8828125, val_acc: 0.99, fidel_score: 1.04, acc_loss: 0.005780834796314594, grad_loss: None
2022-04-22 14:55:06,094 DEBUG epoch: 66, train_acc: 99.921875, val_acc: 1.0, fidel_score: 1.02, acc_loss: 0.0058187829839880575, grad_loss: None
2022-04-22 14:55:07,388 DEBUG epoch: 67, train_acc: 99.921875, val_acc: 1.01, fidel_score: 1.06, acc_loss: 0.0030651604407466947, grad_loss: None
2022-04-22 14:55:08,673 DEBUG epoch: 68, train_acc: 99.921875, val_acc: 1.06, fidel_score: 1.08, acc_loss: 0.0041666384262498465, grad_loss: None
2022-04-22 14:55:09,977 DEBUG epoch: 69, train_acc: 99.84375, val_acc: 1.0, fidel_score: 0.97, acc_loss: 0.004020228226727341, grad_loss: None
2022-04-22 14:55:11,274 DEBUG epoch: 70, train_acc: 99.9609375, val_acc: 0.97, fidel_score: 1.01, acc_loss: 0.003225767546973657, grad_loss: None
2022-04-22 14:55:12,557 DEBUG epoch: 71, train_acc: 99.9609375, val_acc: 1.02, fidel_score: 1.07, acc_loss: 0.0028374346467899157, grad_loss: None
2022-04-22 14:55:13,844 DEBUG epoch: 72, train_acc: 99.9609375, val_acc: 0.99, fidel_score: 1.02, acc_loss: 0.00360991480993107, grad_loss: None
2022-04-22 14:55:15,143 DEBUG epoch: 73, train_acc: 99.9609375, val_acc: 1.08, fidel_score: 1.14, acc_loss: 0.0038515740365255625, grad_loss: None
2022-04-22 14:55:16,438 DEBUG epoch: 74, train_acc: 99.8828125, val_acc: 1.07, fidel_score: 1.1, acc_loss: 0.003934250948077533, grad_loss: None
2022-04-22 14:55:17,742 DEBUG epoch: 75, train_acc: 99.84375, val_acc: 0.94, fidel_score: 1.01, acc_loss: 0.004641377342341002, grad_loss: None
2022-04-22 14:55:19,037 DEBUG epoch: 76, train_acc: 99.921875, val_acc: 0.96, fidel_score: 0.99, acc_loss: 0.004394918950856664, grad_loss: None
2022-04-22 14:55:20,341 DEBUG epoch: 77, train_acc: 99.9609375, val_acc: 1.02, fidel_score: 1.02, acc_loss: 0.0023863064532633873, grad_loss: None
2022-04-22 14:55:21,627 DEBUG epoch: 78, train_acc: 99.8046875, val_acc: 1.02, fidel_score: 1.01, acc_loss: 0.007024244716740213, grad_loss: None
2022-04-22 14:55:22,914 DEBUG epoch: 79, train_acc: 99.8828125, val_acc: 0.98, fidel_score: 1.01, acc_loss: 0.005193838820559904, grad_loss: None
2022-04-22 14:55:24,210 DEBUG epoch: 80, train_acc: 99.8828125, val_acc: 1.03, fidel_score: 1.06, acc_loss: 0.00410105686460156, grad_loss: None
2022-04-22 14:55:25,504 DEBUG epoch: 81, train_acc: 99.9609375, val_acc: 1.06, fidel_score: 1.03, acc_loss: 0.002579704363597557, grad_loss: None
2022-04-22 14:55:26,790 DEBUG epoch: 82, train_acc: 99.9609375, val_acc: 1.04, fidel_score: 1.02, acc_loss: 0.003381055299541913, grad_loss: None
2022-04-22 14:55:28,081 DEBUG epoch: 83, train_acc: 99.84375, val_acc: 0.93, fidel_score: 1.02, acc_loss: 0.006929861643584445, grad_loss: None
2022-04-22 14:55:29,373 DEBUG epoch: 84, train_acc: 99.921875, val_acc: 1.06, fidel_score: 1.03, acc_loss: 0.004351350493379869, grad_loss: None
2022-04-22 14:55:30,657 DEBUG epoch: 85, train_acc: 99.84375, val_acc: 1.01, fidel_score: 0.98, acc_loss: 0.005837954579328652, grad_loss: None
2022-04-22 14:55:31,953 DEBUG epoch: 86, train_acc: 99.8828125, val_acc: 1.04, fidel_score: 1.04, acc_loss: 0.004272951564053074, grad_loss: None
2022-04-22 14:55:33,238 DEBUG epoch: 87, train_acc: 99.921875, val_acc: 1.06, fidel_score: 1.05, acc_loss: 0.00402041862544138, grad_loss: None
2022-04-22 14:55:34,537 DEBUG epoch: 88, train_acc: 99.8046875, val_acc: 0.96, fidel_score: 0.99, acc_loss: 0.005121013456664514, grad_loss: None
2022-04-22 14:55:35,840 DEBUG epoch: 89, train_acc: 99.84375, val_acc: 0.99, fidel_score: 1.03, acc_loss: 0.005116295538027771, grad_loss: None
2022-04-22 14:55:37,132 DEBUG epoch: 90, train_acc: 99.921875, val_acc: 1.03, fidel_score: 1.04, acc_loss: 0.003989059035666287, grad_loss: None
2022-04-22 14:55:38,417 DEBUG epoch: 91, train_acc: 99.921875, val_acc: 0.96, fidel_score: 1.04, acc_loss: 0.0036935148062184455, grad_loss: None
2022-04-22 14:55:39,701 DEBUG epoch: 92, train_acc: 99.8828125, val_acc: 1.02, fidel_score: 1.01, acc_loss: 0.005564704118296504, grad_loss: None
2022-04-22 14:55:40,998 DEBUG epoch: 93, train_acc: 99.921875, val_acc: 1.01, fidel_score: 1.01, acc_loss: 0.003966008752468042, grad_loss: None
2022-04-22 14:55:42,288 DEBUG epoch: 94, train_acc: 99.8828125, val_acc: 1.03, fidel_score: 1.04, acc_loss: 0.004688960366183892, grad_loss: None
2022-04-22 14:55:43,581 DEBUG epoch: 95, train_acc: 99.8046875, val_acc: 0.98, fidel_score: 0.99, acc_loss: 0.005194834075518883, grad_loss: None
2022-04-22 14:55:44,869 DEBUG epoch: 96, train_acc: 99.921875, val_acc: 1.01, fidel_score: 0.98, acc_loss: 0.003629351867130026, grad_loss: None
2022-04-22 14:55:46,161 DEBUG epoch: 97, train_acc: 99.84375, val_acc: 1.04, fidel_score: 1.0, acc_loss: 0.005341086338739842, grad_loss: None
2022-04-22 14:55:47,450 DEBUG epoch: 98, train_acc: 99.8828125, val_acc: 0.99, fidel_score: 0.98, acc_loss: 0.004225118077010847, grad_loss: None
2022-04-22 14:55:48,736 DEBUG epoch: 99, train_acc: 99.765625, val_acc: 1.05, fidel_score: 1.02, acc_loss: 0.0061519315058831125, grad_loss: None
2022-04-22 14:55:50,030 DEBUG epoch: 100, train_acc: 99.9609375, val_acc: 1.06, fidel_score: 1.04, acc_loss: 0.003934444289188832, grad_loss: None
2022-04-22 14:55:51,327 DEBUG epoch: 101, train_acc: 100.0, val_acc: 1.05, fidel_score: 1.02, acc_loss: 0.002815453603398055, grad_loss: None
2022-04-22 14:55:52,620 DEBUG epoch: 102, train_acc: 99.921875, val_acc: 1.06, fidel_score: 1.02, acc_loss: 0.00468142734025605, grad_loss: None
2022-04-22 14:55:53,914 DEBUG epoch: 103, train_acc: 99.921875, val_acc: 1.07, fidel_score: 1.06, acc_loss: 0.003292620467254892, grad_loss: None
2022-04-22 14:55:55,209 DEBUG epoch: 104, train_acc: 99.921875, val_acc: 1.14, fidel_score: 1.14, acc_loss: 0.004490383141092025, grad_loss: None
2022-04-22 14:55:56,495 DEBUG epoch: 105, train_acc: 99.765625, val_acc: 1.03, fidel_score: 0.98, acc_loss: 0.0069125341542530805, grad_loss: None
2022-04-22 14:55:57,786 DEBUG epoch: 106, train_acc: 99.921875, val_acc: 1.01, fidel_score: 1.0, acc_loss: 0.0039344337419606745, grad_loss: None
2022-04-22 14:55:59,087 DEBUG epoch: 107, train_acc: 99.9609375, val_acc: 1.0, fidel_score: 0.94, acc_loss: 0.0031286300014471634, grad_loss: None
2022-04-22 14:56:00,382 DEBUG epoch: 108, train_acc: 99.84375, val_acc: 0.99, fidel_score: 0.95, acc_loss: 0.005937986867502331, grad_loss: None
2022-04-22 14:56:01,665 DEBUG epoch: 109, train_acc: 99.8828125, val_acc: 1.01, fidel_score: 1.04, acc_loss: 0.005132693477207795, grad_loss: None
2022-04-22 14:56:02,952 DEBUG epoch: 110, train_acc: 99.921875, val_acc: 0.95, fidel_score: 0.98, acc_loss: 0.004108081158483401, grad_loss: None
2022-04-22 14:56:04,253 DEBUG epoch: 111, train_acc: 99.9609375, val_acc: 1.04, fidel_score: 1.05, acc_loss: 0.004744533737539314, grad_loss: None
2022-04-22 14:56:05,552 DEBUG epoch: 112, train_acc: 99.765625, val_acc: 1.0, fidel_score: 0.99, acc_loss: 0.006937808566726744, grad_loss: None
2022-04-22 14:56:06,850 DEBUG epoch: 113, train_acc: 99.9609375, val_acc: 1.02, fidel_score: 1.07, acc_loss: 0.004736231395509094, grad_loss: None
2022-04-22 14:56:08,136 DEBUG epoch: 114, train_acc: 99.9609375, val_acc: 1.1, fidel_score: 1.08, acc_loss: 0.004911148617975414, grad_loss: None
2022-04-22 14:56:09,435 DEBUG epoch: 115, train_acc: 99.8828125, val_acc: 1.04, fidel_score: 1.05, acc_loss: 0.005458223284222186, grad_loss: None
2022-04-22 14:56:10,719 DEBUG epoch: 116, train_acc: 99.921875, val_acc: 1.1, fidel_score: 1.08, acc_loss: 0.004120078345295042, grad_loss: None
2022-04-22 14:56:12,007 DEBUG epoch: 117, train_acc: 99.9609375, val_acc: 1.03, fidel_score: 0.99, acc_loss: 0.003551156457979232, grad_loss: None
2022-04-22 14:56:13,299 DEBUG epoch: 118, train_acc: 99.921875, val_acc: 1.03, fidel_score: 1.01, acc_loss: 0.004017879965249449, grad_loss: None
2022-04-22 14:56:14,588 DEBUG epoch: 119, train_acc: 99.9609375, val_acc: 1.03, fidel_score: 1.03, acc_loss: 0.003938740378362127, grad_loss: None
2022-04-22 14:56:15,881 DEBUG epoch: 120, train_acc: 99.921875, val_acc: 1.01, fidel_score: 1.02, acc_loss: 0.0038728827057639137, grad_loss: None
2022-04-22 14:56:17,171 DEBUG epoch: 121, train_acc: 99.84375, val_acc: 1.09, fidel_score: 1.06, acc_loss: 0.007129954476840794, grad_loss: None
2022-04-22 14:56:18,453 DEBUG epoch: 122, train_acc: 99.8828125, val_acc: 1.12, fidel_score: 1.06, acc_loss: 0.003591333661461249, grad_loss: None
2022-04-22 14:56:19,744 DEBUG epoch: 123, train_acc: 99.921875, val_acc: 0.94, fidel_score: 0.91, acc_loss: 0.003426454882719554, grad_loss: None
2022-04-22 14:56:21,038 DEBUG epoch: 124, train_acc: 99.765625, val_acc: 1.04, fidel_score: 1.01, acc_loss: 0.006414463790133595, grad_loss: None
2022-04-22 14:56:22,342 DEBUG epoch: 125, train_acc: 99.84375, val_acc: 1.1, fidel_score: 1.05, acc_loss: 0.00552094581653364, grad_loss: None
2022-04-22 14:56:23,632 DEBUG epoch: 126, train_acc: 99.84375, val_acc: 1.01, fidel_score: 0.95, acc_loss: 0.006079666395089589, grad_loss: None
2022-04-22 14:56:24,924 DEBUG epoch: 127, train_acc: 99.8828125, val_acc: 0.96, fidel_score: 0.94, acc_loss: 0.005094013389316388, grad_loss: None
2022-04-22 14:56:26,223 DEBUG epoch: 128, train_acc: 99.9609375, val_acc: 1.06, fidel_score: 1.02, acc_loss: 0.004890830250224099, grad_loss: None
2022-04-22 14:56:27,506 DEBUG epoch: 129, train_acc: 99.84375, val_acc: 1.08, fidel_score: 1.01, acc_loss: 0.006897712362115271, grad_loss: None
2022-04-22 14:56:28,799 DEBUG epoch: 130, train_acc: 99.84375, val_acc: 1.12, fidel_score: 1.04, acc_loss: 0.006968662329018116, grad_loss: None
2022-04-22 14:56:30,087 DEBUG epoch: 131, train_acc: 99.9609375, val_acc: 1.1, fidel_score: 1.05, acc_loss: 0.004286493809195236, grad_loss: None
2022-04-22 14:56:31,373 DEBUG epoch: 132, train_acc: 99.8828125, val_acc: 1.0, fidel_score: 0.95, acc_loss: 0.00644041687482968, grad_loss: None
2022-04-22 14:56:32,667 DEBUG epoch: 133, train_acc: 99.9609375, val_acc: 0.96, fidel_score: 0.94, acc_loss: 0.004362967639463022, grad_loss: None
2022-04-22 14:56:33,954 DEBUG epoch: 134, train_acc: 99.9609375, val_acc: 0.94, fidel_score: 0.95, acc_loss: 0.004408720223000273, grad_loss: None
2022-04-22 14:56:35,240 DEBUG epoch: 135, train_acc: 99.8828125, val_acc: 0.97, fidel_score: 0.96, acc_loss: 0.004919051157776267, grad_loss: None
2022-04-22 14:56:36,528 DEBUG epoch: 136, train_acc: 99.84375, val_acc: 0.97, fidel_score: 0.96, acc_loss: 0.005632213788339868, grad_loss: None
2022-04-22 14:56:37,819 DEBUG epoch: 137, train_acc: 99.921875, val_acc: 0.98, fidel_score: 0.93, acc_loss: 0.005404403782449663, grad_loss: None
2022-04-22 14:56:39,122 DEBUG epoch: 138, train_acc: 99.8828125, val_acc: 1.03, fidel_score: 0.94, acc_loss: 0.006154493999201804, grad_loss: None
2022-04-22 14:56:40,408 DEBUG epoch: 139, train_acc: 99.84375, val_acc: 1.05, fidel_score: 0.99, acc_loss: 0.006098644493613392, grad_loss: None
2022-04-22 14:56:41,704 DEBUG epoch: 140, train_acc: 99.8828125, val_acc: 1.04, fidel_score: 0.95, acc_loss: 0.0053615699638612565, grad_loss: None
2022-04-22 14:56:42,992 DEBUG epoch: 141, train_acc: 99.9609375, val_acc: 1.08, fidel_score: 0.98, acc_loss: 0.004812770197167993, grad_loss: None
2022-04-22 14:56:44,285 DEBUG epoch: 142, train_acc: 99.84375, val_acc: 1.0, fidel_score: 0.95, acc_loss: 0.006775585690047592, grad_loss: None
2022-04-22 14:56:45,574 DEBUG epoch: 143, train_acc: 99.8828125, val_acc: 1.13, fidel_score: 1.06, acc_loss: 0.005979114602087066, grad_loss: None
2022-04-22 14:56:46,862 DEBUG epoch: 144, train_acc: 99.921875, val_acc: 1.04, fidel_score: 1.0, acc_loss: 0.006088527868269011, grad_loss: None
2022-04-22 14:56:48,148 DEBUG epoch: 145, train_acc: 99.9609375, val_acc: 1.01, fidel_score: 0.98, acc_loss: 0.003745641082059592, grad_loss: None
2022-04-22 14:56:49,441 DEBUG epoch: 146, train_acc: 99.921875, val_acc: 0.96, fidel_score: 0.89, acc_loss: 0.004894063185201958, grad_loss: None
2022-04-22 14:56:50,724 DEBUG epoch: 147, train_acc: 99.9609375, val_acc: 0.97, fidel_score: 0.91, acc_loss: 0.004685638484079391, grad_loss: None
2022-04-22 14:56:52,011 DEBUG epoch: 148, train_acc: 99.921875, val_acc: 0.99, fidel_score: 0.92, acc_loss: 0.004801598039921373, grad_loss: None
2022-04-22 14:56:53,298 DEBUG epoch: 149, train_acc: 99.921875, val_acc: 1.04, fidel_score: 1.0, acc_loss: 0.004464751289924606, grad_loss: None
2022-04-22 14:56:54,581 DEBUG epoch: 150, train_acc: 99.9609375, val_acc: 1.11, fidel_score: 1.06, acc_loss: 0.003813852363964543, grad_loss: None
2022-04-22 14:56:55,885 DEBUG epoch: 151, train_acc: 99.6875, val_acc: 1.05, fidel_score: 1.03, acc_loss: 0.007082614247337915, grad_loss: None
2022-04-22 14:56:57,180 DEBUG epoch: 152, train_acc: 99.84375, val_acc: 0.99, fidel_score: 0.99, acc_loss: 0.005738894292153418, grad_loss: None
2022-04-22 14:56:58,483 DEBUG epoch: 153, train_acc: 99.9609375, val_acc: 0.98, fidel_score: 0.96, acc_loss: 0.0039920747105497865, grad_loss: None
2022-04-22 14:56:59,770 DEBUG epoch: 154, train_acc: 99.6484375, val_acc: 0.98, fidel_score: 0.96, acc_loss: 0.008052349922945724, grad_loss: None
2022-04-22 14:57:01,066 DEBUG epoch: 155, train_acc: 99.8828125, val_acc: 0.98, fidel_score: 0.93, acc_loss: 0.004470912943361327, grad_loss: None
2022-04-22 14:57:02,368 DEBUG epoch: 156, train_acc: 99.8828125, val_acc: 0.98, fidel_score: 0.93, acc_loss: 0.005151522619416937, grad_loss: None
2022-04-22 14:57:03,655 DEBUG epoch: 157, train_acc: 99.921875, val_acc: 0.95, fidel_score: 0.92, acc_loss: 0.004423135431716218, grad_loss: None
2022-04-22 14:57:04,945 DEBUG epoch: 158, train_acc: 99.9609375, val_acc: 0.96, fidel_score: 0.94, acc_loss: 0.0035844072932377457, grad_loss: None
2022-04-22 14:57:06,238 DEBUG epoch: 159, train_acc: 99.84375, val_acc: 1.01, fidel_score: 0.98, acc_loss: 0.00513391389104072, grad_loss: None
2022-04-22 14:57:07,529 DEBUG epoch: 160, train_acc: 99.921875, val_acc: 1.02, fidel_score: 0.99, acc_loss: 0.004391046025557443, grad_loss: None
2022-04-22 14:57:08,822 DEBUG epoch: 161, train_acc: 99.921875, val_acc: 1.0, fidel_score: 0.95, acc_loss: 0.004531154167489148, grad_loss: None
2022-04-22 14:57:10,117 DEBUG epoch: 162, train_acc: 99.8828125, val_acc: 1.03, fidel_score: 0.98, acc_loss: 0.006748695793794468, grad_loss: None
2022-04-22 14:57:11,426 DEBUG epoch: 163, train_acc: 99.9609375, val_acc: 1.0, fidel_score: 1.0, acc_loss: 0.0037431479839142414, grad_loss: None
2022-04-22 14:57:12,711 DEBUG epoch: 164, train_acc: 99.84375, val_acc: 1.03, fidel_score: 0.99, acc_loss: 0.005930786771932617, grad_loss: None
2022-04-22 14:57:13,996 DEBUG epoch: 165, train_acc: 99.8828125, val_acc: 1.02, fidel_score: 1.0, acc_loss: 0.005077640363015235, grad_loss: None
2022-04-22 14:57:15,292 DEBUG epoch: 166, train_acc: 99.8828125, val_acc: 1.02, fidel_score: 1.06, acc_loss: 0.005187043314799666, grad_loss: None
2022-04-22 14:57:16,585 DEBUG epoch: 167, train_acc: 99.9609375, val_acc: 1.01, fidel_score: 1.01, acc_loss: 0.004504072474082932, grad_loss: None
2022-04-22 14:57:17,894 DEBUG epoch: 168, train_acc: 99.8828125, val_acc: 1.05, fidel_score: 1.01, acc_loss: 0.00410868463513907, grad_loss: None
2022-04-22 14:57:19,189 DEBUG epoch: 169, train_acc: 99.921875, val_acc: 1.02, fidel_score: 1.01, acc_loss: 0.00446934953215532, grad_loss: None
2022-04-22 14:57:20,485 DEBUG epoch: 170, train_acc: 99.84375, val_acc: 1.01, fidel_score: 0.97, acc_loss: 0.005904814368113876, grad_loss: None
2022-04-22 14:57:21,790 DEBUG epoch: 171, train_acc: 99.921875, val_acc: 0.99, fidel_score: 0.96, acc_loss: 0.00623125035490375, grad_loss: None
2022-04-22 14:57:23,094 DEBUG epoch: 172, train_acc: 99.921875, val_acc: 1.03, fidel_score: 1.0, acc_loss: 0.005196167068788782, grad_loss: None
2022-04-22 14:57:24,391 DEBUG epoch: 173, train_acc: 100.0, val_acc: 1.06, fidel_score: 0.97, acc_loss: 0.002687151759164408, grad_loss: None
2022-04-22 14:57:25,676 DEBUG epoch: 174, train_acc: 99.7265625, val_acc: 1.04, fidel_score: 1.01, acc_loss: 0.006714719865703956, grad_loss: None
2022-04-22 14:57:26,973 DEBUG epoch: 175, train_acc: 99.9609375, val_acc: 1.05, fidel_score: 1.05, acc_loss: 0.003889002272626385, grad_loss: None
2022-04-22 14:57:28,269 DEBUG epoch: 176, train_acc: 99.921875, val_acc: 1.04, fidel_score: 1.03, acc_loss: 0.006213165808003396, grad_loss: None
2022-04-22 14:57:29,548 DEBUG epoch: 177, train_acc: 99.921875, val_acc: 1.05, fidel_score: 1.04, acc_loss: 0.0046372071374207735, grad_loss: None
2022-04-22 14:57:30,844 DEBUG epoch: 178, train_acc: 99.921875, val_acc: 1.07, fidel_score: 1.04, acc_loss: 0.005323759763268754, grad_loss: None
2022-04-22 14:57:32,141 DEBUG epoch: 179, train_acc: 99.9609375, val_acc: 1.06, fidel_score: 1.02, acc_loss: 0.00396964811370708, grad_loss: None
2022-04-22 14:57:33,423 DEBUG epoch: 180, train_acc: 99.921875, val_acc: 1.05, fidel_score: 1.03, acc_loss: 0.0032764276023954154, grad_loss: None
2022-04-22 14:57:34,716 DEBUG epoch: 181, train_acc: 99.7265625, val_acc: 0.95, fidel_score: 0.94, acc_loss: 0.008302492392249405, grad_loss: None
2022-04-22 14:57:36,020 DEBUG epoch: 182, train_acc: 99.84375, val_acc: 0.95, fidel_score: 0.94, acc_loss: 0.0058841761143412444, grad_loss: None
2022-04-22 14:57:37,329 DEBUG epoch: 183, train_acc: 100.0, val_acc: 0.98, fidel_score: 0.94, acc_loss: 0.004257491510361433, grad_loss: None
2022-04-22 14:57:38,616 DEBUG epoch: 184, train_acc: 99.921875, val_acc: 0.98, fidel_score: 0.93, acc_loss: 0.005370886478340253, grad_loss: None
2022-04-22 14:57:39,904 DEBUG epoch: 185, train_acc: 99.84375, val_acc: 0.98, fidel_score: 0.94, acc_loss: 0.0060044972924515605, grad_loss: None
2022-04-22 14:57:41,184 DEBUG epoch: 186, train_acc: 99.8828125, val_acc: 1.01, fidel_score: 0.95, acc_loss: 0.006843990425113589, grad_loss: None
2022-04-22 14:57:42,487 DEBUG epoch: 187, train_acc: 99.8828125, val_acc: 1.0, fidel_score: 0.96, acc_loss: 0.006348283321131021, grad_loss: None
2022-04-22 14:57:43,779 DEBUG epoch: 188, train_acc: 99.84375, val_acc: 0.99, fidel_score: 0.95, acc_loss: 0.0062925683509092774, grad_loss: None
2022-04-22 14:57:45,064 DEBUG epoch: 189, train_acc: 99.8828125, val_acc: 1.0, fidel_score: 0.97, acc_loss: 0.0052479079604381695, grad_loss: None
2022-04-22 14:57:46,367 DEBUG epoch: 190, train_acc: 99.9609375, val_acc: 1.0, fidel_score: 0.97, acc_loss: 0.004171276913257316, grad_loss: None
2022-04-22 14:57:47,657 DEBUG epoch: 191, train_acc: 99.9609375, val_acc: 1.02, fidel_score: 0.98, acc_loss: 0.004273914877558127, grad_loss: None
2022-04-22 14:57:48,945 DEBUG epoch: 192, train_acc: 99.9609375, val_acc: 1.02, fidel_score: 0.98, acc_loss: 0.004017803832539357, grad_loss: None
2022-04-22 14:57:50,245 DEBUG epoch: 193, train_acc: 100.0, val_acc: 1.0, fidel_score: 0.95, acc_loss: 0.003229873371310532, grad_loss: None
2022-04-22 14:57:51,528 DEBUG epoch: 194, train_acc: 99.921875, val_acc: 1.02, fidel_score: 0.99, acc_loss: 0.004852234138525091, grad_loss: None
2022-04-22 14:57:52,835 DEBUG epoch: 195, train_acc: 99.9609375, val_acc: 1.05, fidel_score: 1.06, acc_loss: 0.0036086815234739333, grad_loss: None
2022-04-22 14:57:54,135 DEBUG epoch: 196, train_acc: 99.7265625, val_acc: 1.07, fidel_score: 1.03, acc_loss: 0.007012615469284356, grad_loss: None
2022-04-22 14:57:55,417 DEBUG epoch: 197, train_acc: 99.8046875, val_acc: 1.05, fidel_score: 1.04, acc_loss: 0.007167147661675699, grad_loss: None
2022-04-22 14:57:56,710 DEBUG epoch: 198, train_acc: 99.9609375, val_acc: 1.05, fidel_score: 1.04, acc_loss: 0.003808016300899908, grad_loss: None
2022-04-22 14:57:57,998 DEBUG epoch: 199, train_acc: 99.9609375, val_acc: 1.0, fidel_score: 0.97, acc_loss: 0.0034572851320262997, grad_loss: None
2022-04-22 14:57:59,289 DEBUG epoch: 200, train_acc: 99.84375, val_acc: 0.96, fidel_score: 0.92, acc_loss: 0.005602534249192104, grad_loss: None
2022-04-22 14:58:00,578 DEBUG epoch: 201, train_acc: 99.84375, val_acc: 0.96, fidel_score: 0.96, acc_loss: 0.004905828181654215, grad_loss: None
2022-04-22 14:58:01,864 DEBUG epoch: 202, train_acc: 99.8828125, val_acc: 1.04, fidel_score: 0.99, acc_loss: 0.005068311368813738, grad_loss: None
2022-04-22 14:58:03,154 DEBUG epoch: 203, train_acc: 99.921875, val_acc: 1.04, fidel_score: 0.97, acc_loss: 0.004111643048236147, grad_loss: None
2022-04-22 14:58:04,441 DEBUG epoch: 204, train_acc: 99.9609375, val_acc: 1.05, fidel_score: 1.0, acc_loss: 0.004373743437463417, grad_loss: None
2022-04-22 14:58:05,737 DEBUG epoch: 205, train_acc: 99.9609375, val_acc: 1.07, fidel_score: 1.01, acc_loss: 0.004739678441546857, grad_loss: None
2022-04-22 14:58:07,019 DEBUG epoch: 206, train_acc: 99.8828125, val_acc: 1.06, fidel_score: 1.02, acc_loss: 0.004570815473562107, grad_loss: None
2022-04-22 14:58:08,301 DEBUG epoch: 207, train_acc: 99.8828125, val_acc: 1.06, fidel_score: 1.02, acc_loss: 0.005014096916420385, grad_loss: None
2022-04-22 14:58:09,591 DEBUG epoch: 208, train_acc: 99.8828125, val_acc: 1.03, fidel_score: 1.03, acc_loss: 0.005905445001553744, grad_loss: None
2022-04-22 14:58:10,877 DEBUG epoch: 209, train_acc: 100.0, val_acc: 1.01, fidel_score: 1.01, acc_loss: 0.0034432046086294577, grad_loss: None
2022-04-22 14:58:12,157 DEBUG epoch: 210, train_acc: 99.9609375, val_acc: 1.0, fidel_score: 0.97, acc_loss: 0.003520193524309434, grad_loss: None
2022-04-22 14:58:13,447 DEBUG epoch: 211, train_acc: 99.921875, val_acc: 1.02, fidel_score: 0.97, acc_loss: 0.005190305667929352, grad_loss: None
2022-04-22 14:58:14,734 DEBUG epoch: 212, train_acc: 99.8828125, val_acc: 0.96, fidel_score: 0.94, acc_loss: 0.00769149896223098, grad_loss: None
2022-04-22 14:58:16,022 DEBUG epoch: 213, train_acc: 99.8828125, val_acc: 1.0, fidel_score: 0.92, acc_loss: 0.006727932929061353, grad_loss: None
2022-04-22 14:58:17,304 DEBUG epoch: 214, train_acc: 99.84375, val_acc: 1.0, fidel_score: 0.93, acc_loss: 0.005540816480061039, grad_loss: None
2022-04-22 14:58:18,587 DEBUG epoch: 215, train_acc: 99.921875, val_acc: 1.05, fidel_score: 0.99, acc_loss: 0.005279721552506089, grad_loss: None
2022-04-22 14:58:19,869 DEBUG epoch: 216, train_acc: 99.9609375, val_acc: 1.07, fidel_score: 1.02, acc_loss: 0.004707881566719152, grad_loss: None
2022-04-22 14:58:21,160 DEBUG epoch: 217, train_acc: 99.8828125, val_acc: 1.06, fidel_score: 1.01, acc_loss: 0.006694591353880242, grad_loss: None
2022-04-22 14:58:22,449 DEBUG epoch: 218, train_acc: 99.9609375, val_acc: 1.03, fidel_score: 1.0, acc_loss: 0.004613599024014548, grad_loss: None
2022-04-22 14:58:23,737 DEBUG epoch: 219, train_acc: 99.8828125, val_acc: 1.08, fidel_score: 1.03, acc_loss: 0.0044249567901715635, grad_loss: None
2022-04-22 14:58:25,017 DEBUG epoch: 220, train_acc: 99.9609375, val_acc: 1.05, fidel_score: 1.02, acc_loss: 0.0047811903234105555, grad_loss: None
2022-04-22 14:58:26,314 DEBUG epoch: 221, train_acc: 100.0, val_acc: 1.08, fidel_score: 1.02, acc_loss: 0.004389226384228095, grad_loss: None
2022-04-22 14:58:27,612 DEBUG epoch: 222, train_acc: 100.0, val_acc: 1.03, fidel_score: 0.97, acc_loss: 0.004358475538901984, grad_loss: None
2022-04-22 14:58:28,910 DEBUG epoch: 223, train_acc: 99.921875, val_acc: 1.04, fidel_score: 1.02, acc_loss: 0.005414921944611706, grad_loss: None
2022-04-22 14:58:30,196 DEBUG epoch: 224, train_acc: 99.921875, val_acc: 1.04, fidel_score: 1.02, acc_loss: 0.006561680437880568, grad_loss: None
2022-04-22 14:58:31,491 DEBUG epoch: 225, train_acc: 99.921875, val_acc: 1.06, fidel_score: 1.05, acc_loss: 0.0036729244544403627, grad_loss: None
2022-04-22 14:58:32,775 DEBUG epoch: 226, train_acc: 100.0, val_acc: 1.04, fidel_score: 1.06, acc_loss: 0.003535083940369077, grad_loss: None
2022-04-22 14:58:34,062 DEBUG epoch: 227, train_acc: 99.921875, val_acc: 1.0, fidel_score: 1.02, acc_loss: 0.0041334276698762554, grad_loss: None
2022-04-22 14:58:35,355 DEBUG epoch: 228, train_acc: 99.9609375, val_acc: 0.99, fidel_score: 0.94, acc_loss: 0.004045543243410066, grad_loss: None
2022-04-22 14:58:36,638 DEBUG epoch: 229, train_acc: 99.84375, val_acc: 1.0, fidel_score: 1.0, acc_loss: 0.006049427151447162, grad_loss: None
2022-04-22 14:58:37,930 DEBUG epoch: 230, train_acc: 99.9609375, val_acc: 0.96, fidel_score: 0.96, acc_loss: 0.004367828764952719, grad_loss: None
2022-04-22 14:58:39,218 DEBUG epoch: 231, train_acc: 100.0, val_acc: 0.97, fidel_score: 0.96, acc_loss: 0.003664378490066156, grad_loss: None
2022-04-22 14:58:40,518 DEBUG epoch: 232, train_acc: 99.9609375, val_acc: 1.03, fidel_score: 0.98, acc_loss: 0.004708787437994033, grad_loss: None
2022-04-22 14:58:41,814 DEBUG epoch: 233, train_acc: 99.921875, val_acc: 1.05, fidel_score: 0.99, acc_loss: 0.005401758514926769, grad_loss: None
2022-04-22 14:58:43,098 DEBUG epoch: 234, train_acc: 99.9609375, val_acc: 1.09, fidel_score: 1.05, acc_loss: 0.0033569096005521713, grad_loss: None
2022-04-22 14:58:44,388 DEBUG epoch: 235, train_acc: 99.8828125, val_acc: 1.05, fidel_score: 1.02, acc_loss: 0.0053221094829496, grad_loss: None
2022-04-22 14:58:45,679 DEBUG epoch: 236, train_acc: 99.921875, val_acc: 1.03, fidel_score: 1.05, acc_loss: 0.004936488933162763, grad_loss: None
2022-04-22 14:58:46,959 DEBUG epoch: 237, train_acc: 99.84375, val_acc: 0.97, fidel_score: 0.99, acc_loss: 0.0062714599829632785, grad_loss: None
2022-04-22 14:58:48,248 DEBUG epoch: 238, train_acc: 99.921875, val_acc: 1.02, fidel_score: 1.03, acc_loss: 0.005138652806635946, grad_loss: None
2022-04-22 14:58:49,530 DEBUG epoch: 239, train_acc: 99.921875, val_acc: 0.99, fidel_score: 1.0, acc_loss: 0.004386212344979867, grad_loss: None
2022-04-22 14:58:50,818 DEBUG epoch: 240, train_acc: 99.8828125, val_acc: 1.0, fidel_score: 1.0, acc_loss: 0.006526496773585677, grad_loss: None
2022-04-22 14:58:52,108 DEBUG epoch: 241, train_acc: 99.8828125, val_acc: 0.99, fidel_score: 0.99, acc_loss: 0.005565729964291677, grad_loss: None
2022-04-22 14:58:53,395 DEBUG epoch: 242, train_acc: 100.0, val_acc: 0.98, fidel_score: 0.98, acc_loss: 0.0044728103734087196, grad_loss: None
2022-04-22 14:58:54,696 DEBUG epoch: 243, train_acc: 99.84375, val_acc: 0.95, fidel_score: 0.95, acc_loss: 0.006395119591616094, grad_loss: None
2022-04-22 14:58:55,995 DEBUG epoch: 244, train_acc: 99.8828125, val_acc: 0.97, fidel_score: 0.97, acc_loss: 0.004730324968113564, grad_loss: None
2022-04-22 14:58:57,284 DEBUG epoch: 245, train_acc: 99.84375, val_acc: 1.0, fidel_score: 0.98, acc_loss: 0.0051950897555798296, grad_loss: None
2022-04-22 14:58:58,573 DEBUG epoch: 246, train_acc: 99.765625, val_acc: 1.0, fidel_score: 0.99, acc_loss: 0.007779252633918076, grad_loss: None
2022-04-22 14:58:59,868 DEBUG epoch: 247, train_acc: 99.8828125, val_acc: 1.01, fidel_score: 0.98, acc_loss: 0.006208667386090383, grad_loss: None
2022-04-22 14:59:01,153 DEBUG epoch: 248, train_acc: 99.8828125, val_acc: 1.02, fidel_score: 0.98, acc_loss: 0.006137375801336021, grad_loss: None
2022-04-22 14:59:02,439 DEBUG epoch: 249, train_acc: 99.84375, val_acc: 1.01, fidel_score: 0.97, acc_loss: 0.006207699823426083, grad_loss: None
2022-04-22 14:59:03,738 DEBUG epoch: 250, train_acc: 99.921875, val_acc: 1.02, fidel_score: 0.98, acc_loss: 0.0042125238716835154, grad_loss: None
2022-04-22 14:59:05,040 DEBUG epoch: 251, train_acc: 99.84375, val_acc: 1.01, fidel_score: 0.99, acc_loss: 0.006540459964890033, grad_loss: None
2022-04-22 14:59:06,333 DEBUG epoch: 252, train_acc: 99.8828125, val_acc: 1.04, fidel_score: 1.0, acc_loss: 0.0051685190584976224, grad_loss: None
2022-04-22 14:59:07,617 DEBUG epoch: 253, train_acc: 100.0, val_acc: 1.03, fidel_score: 0.99, acc_loss: 0.002890019677579403, grad_loss: None
2022-04-22 14:59:08,906 DEBUG epoch: 254, train_acc: 99.9609375, val_acc: 1.04, fidel_score: 1.0, acc_loss: 0.0034064603562001137, grad_loss: None
2022-04-22 14:59:10,200 DEBUG epoch: 255, train_acc: 99.84375, val_acc: 1.04, fidel_score: 1.01, acc_loss: 0.005079434203798883, grad_loss: None
2022-04-22 14:59:11,483 DEBUG epoch: 256, train_acc: 100.0, val_acc: 1.04, fidel_score: 1.01, acc_loss: 0.0037351831299019976, grad_loss: None
2022-04-22 14:59:12,771 DEBUG epoch: 257, train_acc: 100.0, val_acc: 1.05, fidel_score: 1.01, acc_loss: 0.0037729933916125446, grad_loss: None
2022-04-22 14:59:14,056 DEBUG epoch: 258, train_acc: 99.9609375, val_acc: 1.05, fidel_score: 1.01, acc_loss: 0.005229830835014581, grad_loss: None
2022-04-22 14:59:15,351 DEBUG epoch: 259, train_acc: 99.84375, val_acc: 1.04, fidel_score: 1.01, acc_loss: 0.006852534614154138, grad_loss: None
2022-04-22 14:59:16,643 DEBUG epoch: 260, train_acc: 99.8828125, val_acc: 1.02, fidel_score: 1.0, acc_loss: 0.006163260177709162, grad_loss: None
2022-04-22 14:59:17,939 DEBUG epoch: 261, train_acc: 99.921875, val_acc: 1.02, fidel_score: 1.0, acc_loss: 0.004445114906411618, grad_loss: None
2022-04-22 14:59:19,230 DEBUG epoch: 262, train_acc: 99.921875, val_acc: 1.02, fidel_score: 1.0, acc_loss: 0.004295080777956173, grad_loss: None
2022-04-22 14:59:20,522 DEBUG epoch: 263, train_acc: 100.0, val_acc: 1.04, fidel_score: 1.0, acc_loss: 0.0027510278741829097, grad_loss: None
2022-04-22 14:59:21,809 DEBUG epoch: 264, train_acc: 99.8828125, val_acc: 1.05, fidel_score: 1.02, acc_loss: 0.005622712871991098, grad_loss: None
2022-04-22 14:59:23,098 DEBUG epoch: 265, train_acc: 100.0, val_acc: 1.04, fidel_score: 1.02, acc_loss: 0.0035616535227745772, grad_loss: None
2022-04-22 14:59:24,387 DEBUG epoch: 266, train_acc: 99.8828125, val_acc: 1.05, fidel_score: 1.03, acc_loss: 0.006061596103245392, grad_loss: None
2022-04-22 14:59:25,681 DEBUG epoch: 267, train_acc: 99.8046875, val_acc: 1.02, fidel_score: 1.01, acc_loss: 0.0067303140764124695, grad_loss: None
2022-04-22 14:59:26,971 DEBUG epoch: 268, train_acc: 99.84375, val_acc: 1.0, fidel_score: 0.99, acc_loss: 0.008174553798744455, grad_loss: None
2022-04-22 14:59:28,263 DEBUG epoch: 269, train_acc: 100.0, val_acc: 1.01, fidel_score: 1.0, acc_loss: 0.005114973313175142, grad_loss: None
2022-04-22 14:59:29,556 DEBUG epoch: 270, train_acc: 99.8828125, val_acc: 1.01, fidel_score: 1.0, acc_loss: 0.006883583957096562, grad_loss: None
2022-04-22 14:59:30,837 DEBUG epoch: 271, train_acc: 99.9609375, val_acc: 1.04, fidel_score: 1.02, acc_loss: 0.003797853153082542, grad_loss: None
2022-04-22 14:59:32,128 DEBUG epoch: 272, train_acc: 99.8828125, val_acc: 1.01, fidel_score: 1.0, acc_loss: 0.005223589634988457, grad_loss: None
2022-04-22 14:59:33,420 DEBUG epoch: 273, train_acc: 99.9609375, val_acc: 1.01, fidel_score: 0.99, acc_loss: 0.005356857884908095, grad_loss: None
2022-04-22 14:59:34,710 DEBUG epoch: 274, train_acc: 99.9609375, val_acc: 1.0, fidel_score: 0.98, acc_loss: 0.004652634327067062, grad_loss: None
2022-04-22 14:59:35,999 DEBUG epoch: 275, train_acc: 99.921875, val_acc: 1.03, fidel_score: 1.0, acc_loss: 0.004782992252148688, grad_loss: None
2022-04-22 14:59:37,291 DEBUG epoch: 276, train_acc: 99.921875, val_acc: 1.03, fidel_score: 1.0, acc_loss: 0.003966375987511128, grad_loss: None
2022-04-22 14:59:38,574 DEBUG epoch: 277, train_acc: 99.8828125, val_acc: 1.05, fidel_score: 1.02, acc_loss: 0.005000336986267939, grad_loss: None
2022-04-22 14:59:39,876 DEBUG epoch: 278, train_acc: 99.921875, val_acc: 1.06, fidel_score: 1.03, acc_loss: 0.004684193391585723, grad_loss: None
2022-04-22 14:59:41,170 DEBUG epoch: 279, train_acc: 99.8046875, val_acc: 1.05, fidel_score: 1.02, acc_loss: 0.006721904658479616, grad_loss: None
2022-04-22 14:59:42,458 DEBUG epoch: 280, train_acc: 100.0, val_acc: 1.05, fidel_score: 1.01, acc_loss: 0.0037589807470794767, grad_loss: None
2022-04-22 14:59:43,746 DEBUG epoch: 281, train_acc: 99.765625, val_acc: 1.05, fidel_score: 1.01, acc_loss: 0.007928116881521419, grad_loss: None
2022-04-22 14:59:45,031 DEBUG epoch: 282, train_acc: 99.8828125, val_acc: 1.06, fidel_score: 1.05, acc_loss: 0.004721596126910299, grad_loss: None
2022-04-22 14:59:46,320 DEBUG epoch: 283, train_acc: 99.921875, val_acc: 1.06, fidel_score: 1.04, acc_loss: 0.006930293823825195, grad_loss: None
2022-04-22 14:59:47,608 DEBUG epoch: 284, train_acc: 99.8046875, val_acc: 1.03, fidel_score: 1.01, acc_loss: 0.008179706300143152, grad_loss: None
2022-04-22 14:59:48,893 DEBUG epoch: 285, train_acc: 99.921875, val_acc: 1.01, fidel_score: 0.99, acc_loss: 0.006297115527559072, grad_loss: None
2022-04-22 14:59:50,182 DEBUG epoch: 286, train_acc: 99.921875, val_acc: 1.03, fidel_score: 1.01, acc_loss: 0.00485738908755593, grad_loss: None
2022-04-22 14:59:51,478 DEBUG epoch: 287, train_acc: 99.921875, val_acc: 1.03, fidel_score: 1.0, acc_loss: 0.0044635194994043555, grad_loss: None
2022-04-22 14:59:52,763 DEBUG epoch: 288, train_acc: 99.8046875, val_acc: 1.03, fidel_score: 0.99, acc_loss: 0.008067578868940472, grad_loss: None
2022-04-22 14:59:54,053 DEBUG epoch: 289, train_acc: 99.8828125, val_acc: 1.03, fidel_score: 0.99, acc_loss: 0.005208421038696542, grad_loss: None
2022-04-22 14:59:55,347 DEBUG epoch: 290, train_acc: 99.84375, val_acc: 1.06, fidel_score: 0.98, acc_loss: 0.0065323692164383825, grad_loss: None
2022-04-22 14:59:56,642 DEBUG epoch: 291, train_acc: 99.7265625, val_acc: 1.05, fidel_score: 0.98, acc_loss: 0.007612340210471302, grad_loss: None
2022-04-22 14:59:57,943 DEBUG epoch: 292, train_acc: 99.84375, val_acc: 1.03, fidel_score: 0.97, acc_loss: 0.007027849782025442, grad_loss: None
2022-04-22 14:59:59,235 DEBUG epoch: 293, train_acc: 99.8828125, val_acc: 1.03, fidel_score: 0.98, acc_loss: 0.00578163045574911, grad_loss: None
2022-04-22 15:00:00,529 DEBUG epoch: 294, train_acc: 99.9609375, val_acc: 1.03, fidel_score: 0.98, acc_loss: 0.0036770420207176357, grad_loss: None
2022-04-22 15:00:01,825 DEBUG epoch: 295, train_acc: 99.9609375, val_acc: 1.03, fidel_score: 1.0, acc_loss: 0.004288821166846901, grad_loss: None
2022-04-22 15:00:03,118 DEBUG epoch: 296, train_acc: 99.84375, val_acc: 1.05, fidel_score: 1.01, acc_loss: 0.005696352152153849, grad_loss: None
2022-04-22 15:00:04,405 DEBUG epoch: 297, train_acc: 99.765625, val_acc: 1.05, fidel_score: 1.01, acc_loss: 0.006762897924636491, grad_loss: None
2022-04-22 15:00:05,707 DEBUG epoch: 298, train_acc: 99.921875, val_acc: 1.06, fidel_score: 1.01, acc_loss: 0.004830407584086061, grad_loss: None
2022-04-22 15:00:06,992 DEBUG epoch: 299, train_acc: 99.84375, val_acc: 1.06, fidel_score: 1.02, acc_loss: 0.006241092400159687, grad_loss: None
2022-04-22 15:00:08,282 DEBUG epoch: 300, train_acc: 100.0, val_acc: 1.04, fidel_score: 1.0, acc_loss: 0.003137386526213959, grad_loss: None
2022-04-22 15:00:08,282 DEBUG load best stealed model.
2022-04-22 15:00:08,282 DEBUG Best perform model, val_acc: 1.27, fidel_score: 1.27, acc_loss: 0.03327835381496698
2022-04-22 15:00:08,282 DEBUG load cloest stealed model.
2022-04-22 15:00:08,282 DEBUG Closest perform model, val_acc: 1.18, fidel_score: 1.3, acc_loss: 0.03327835381496698
