2022-05-03 13:46:10,900 DEBUG Namespace(adversairal_attack=False, arch='vgg11_bn', attack_client=0, attack_epochs=300, attack_style='Generator_option_nz512_noisew1.0', average_time=1, batch_size=128, bottleneck_option='None', cutlayer=4, data_proportion=0.0, dataset='cifar10', filename='ace_V2_epoch_vgg11_bn_cutlayer_4_client_1_seed125_dataset_cifar10_lr_0.05_200epoch', folder='saves/baseline', learning_rate=0.05, noniid_ratio=1.0, num_client=1, num_epochs='best', num_query=10000, random_seed=123, regularization='None', regularization_strength=0.0, scheme='V2_epoch', surrogate_arch='same', test_best=True, train_clas_layer=6.0)
2022-05-03 13:46:14,536 DEBUG Test (client-0):	Loss 0.6164 (0.3623)	Prec@1 81.250 (91.890)
2022-05-03 13:46:14,537 DEBUG  * Prec@1 91.890
2022-05-03 13:46:14,731 DEBUG 18
2022-05-03 13:46:14,731 DEBUG surrogate parameter has 18 trainable parameters!
2022-05-03 20:08:35,992 DEBUG Namespace(adversairal_attack=False, arch='vgg11_bn', attack_client=0, attack_epochs=300, attack_style='Generator_option_nz512_noisew1.0', average_time=1, batch_size=128, bottleneck_option='None', cutlayer=4, data_proportion=0.0, dataset='cifar10', filename='ace_V2_epoch_vgg11_bn_cutlayer_4_client_1_seed125_dataset_cifar10_lr_0.05_200epoch', folder='saves/baseline', learning_rate=0.05, noniid_ratio=1.0, num_client=1, num_epochs='best', num_query=10000, random_seed=123, regularization='None', regularization_strength=0.0, scheme='V2_epoch', surrogate_arch='same', test_best=True, train_clas_layer=6.0)
2022-05-03 20:08:39,484 DEBUG Test (client-0):	Loss 0.6164 (0.3623)	Prec@1 81.250 (91.890)
2022-05-03 20:08:39,484 DEBUG  * Prec@1 91.890
2022-05-03 20:08:39,657 DEBUG 18
2022-05-03 20:08:39,658 DEBUG surrogate parameter has 18 trainable parameters!
2022-05-03 20:08:40,089 DEBUG Train step: 10	 CE_Loss: 1.3767423630 diversity_Loss: 0.5665079951 bc_losses (G):  0.0000000000  bc_losses (D)):  0.0000000000
2022-05-03 20:08:40,493 DEBUG Train step: 20	 CE_Loss: 0.1078096777 diversity_Loss: 0.5204818845 bc_losses (G):  0.0000000000  bc_losses (D)):  0.0000000000
2022-05-03 20:08:40,900 DEBUG Train step: 30	 CE_Loss: 0.0084845573 diversity_Loss: 0.5150402188 bc_losses (G):  0.0000000000  bc_losses (D)):  0.0000000000
2022-05-03 20:08:41,306 DEBUG Train step: 40	 CE_Loss: 0.0036362547 diversity_Loss: 0.5212743878 bc_losses (G):  0.0000000000  bc_losses (D)):  0.0000000000
2022-05-03 20:08:41,713 DEBUG Train step: 50	 CE_Loss: 0.0047288467 diversity_Loss: 0.5231554508 bc_losses (G):  0.0000000000  bc_losses (D)):  0.0000000000
2022-05-03 20:08:42,121 DEBUG Train step: 60	 CE_Loss: 0.0035109262 diversity_Loss: 0.5307405591 bc_losses (G):  0.0000000000  bc_losses (D)):  0.0000000000
2022-05-03 20:08:42,530 DEBUG Train step: 70	 CE_Loss: 0.0027171802 diversity_Loss: 0.5106225610 bc_losses (G):  0.0000000000  bc_losses (D)):  0.0000000000
2022-05-03 20:08:42,937 DEBUG Train step: 80	 CE_Loss: 0.0021293266 diversity_Loss: 0.5168046355 bc_losses (G):  0.0000000000  bc_losses (D)):  0.0000000000
2022-05-03 20:08:43,343 DEBUG Train step: 90	 CE_Loss: 0.0017786983 diversity_Loss: 0.5316147804 bc_losses (G):  0.0000000000  bc_losses (D)):  0.0000000000
2022-05-03 20:08:43,751 DEBUG Train step: 100	 CE_Loss: 0.0031325973 diversity_Loss: 0.5160190463 bc_losses (G):  0.0000000000  bc_losses (D)):  0.0000000000
2022-05-03 20:08:43,751 DEBUG End of Training: 	 CE_Loss: 0.0031325973 diversity_Loss: 0.5160190463 bc_losses (G):  0.0000000000  bc_losses (D)):  0.0000000000
2022-05-03 20:08:44,898 DEBUG epoch: 0, val_acc: 9.92, val_fidelity: 9.98
2022-05-03 20:08:47,011 DEBUG epoch: 1, train_acc: 71.9140625, val_acc: 32.53, fidel_score: 32.9, acc_loss: 1.1581320110708475, grad_loss: None
2022-05-03 20:08:48,926 DEBUG epoch: 2, train_acc: 99.4140625, val_acc: 32.54, fidel_score: 32.96, acc_loss: 0.01808279266770114, grad_loss: None
2022-05-03 20:08:50,804 DEBUG epoch: 3, train_acc: 99.8828125, val_acc: 35.98, fidel_score: 36.62, acc_loss: 0.0052588478796678825, grad_loss: None
2022-05-03 20:08:52,681 DEBUG epoch: 4, train_acc: 99.9609375, val_acc: 36.66, fidel_score: 37.35, acc_loss: 0.0009588794242517906, grad_loss: None
2022-05-03 20:08:54,546 DEBUG epoch: 5, train_acc: 99.921875, val_acc: 37.47, fidel_score: 38.02, acc_loss: 0.0011353072051633716, grad_loss: None
2022-05-03 20:08:56,427 DEBUG epoch: 6, train_acc: 100.0, val_acc: 36.78, fidel_score: 37.46, acc_loss: 0.0007042992362698896, grad_loss: None
2022-05-03 20:08:58,288 DEBUG epoch: 7, train_acc: 99.921875, val_acc: 38.98, fidel_score: 39.42, acc_loss: 0.0016514765004103538, grad_loss: None
2022-05-03 20:09:00,152 DEBUG epoch: 8, train_acc: 99.921875, val_acc: 37.69, fidel_score: 38.29, acc_loss: 0.0012999148199014598, grad_loss: None
2022-05-03 20:09:02,018 DEBUG epoch: 9, train_acc: 100.0, val_acc: 38.41, fidel_score: 39.14, acc_loss: 0.0008625730961284717, grad_loss: None
2022-05-03 20:09:03,892 DEBUG epoch: 10, train_acc: 100.0, val_acc: 38.29, fidel_score: 38.89, acc_loss: 0.00021757190279458882, grad_loss: None
2022-05-03 20:09:05,766 DEBUG epoch: 11, train_acc: 99.9609375, val_acc: 37.58, fidel_score: 38.34, acc_loss: 0.0009264707926377013, grad_loss: None
2022-05-03 20:09:07,628 DEBUG epoch: 12, train_acc: 100.0, val_acc: 38.31, fidel_score: 39.09, acc_loss: 0.000257844395491702, grad_loss: None
2022-05-03 20:09:09,512 DEBUG epoch: 13, train_acc: 100.0, val_acc: 38.08, fidel_score: 38.75, acc_loss: 0.00037679266033592286, grad_loss: None
2022-05-03 20:09:11,377 DEBUG epoch: 14, train_acc: 100.0, val_acc: 38.59, fidel_score: 39.24, acc_loss: 0.00016658900440233993, grad_loss: None
2022-05-03 20:09:13,255 DEBUG epoch: 15, train_acc: 99.921875, val_acc: 39.58, fidel_score: 40.45, acc_loss: 0.002071198867315616, grad_loss: None
2022-05-03 20:09:15,113 DEBUG epoch: 16, train_acc: 100.0, val_acc: 38.88, fidel_score: 39.72, acc_loss: 0.00015138524911435526, grad_loss: None
2022-05-03 20:09:16,984 DEBUG epoch: 17, train_acc: 99.9609375, val_acc: 39.12, fidel_score: 39.72, acc_loss: 0.001246073252559654, grad_loss: None
2022-05-03 20:09:18,865 DEBUG epoch: 18, train_acc: 99.9609375, val_acc: 39.44, fidel_score: 40.12, acc_loss: 0.000648721783363726, grad_loss: None
2022-05-03 20:09:20,735 DEBUG epoch: 19, train_acc: 100.0, val_acc: 38.89, fidel_score: 39.44, acc_loss: 0.00020866008439952567, grad_loss: None
2022-05-03 20:09:22,609 DEBUG epoch: 20, train_acc: 100.0, val_acc: 39.6, fidel_score: 40.34, acc_loss: 0.00048610547601128927, grad_loss: None
2022-05-03 20:09:24,469 DEBUG epoch: 21, train_acc: 100.0, val_acc: 39.13, fidel_score: 39.75, acc_loss: 0.00023159268030212843, grad_loss: None
2022-05-03 20:09:26,343 DEBUG epoch: 22, train_acc: 100.0, val_acc: 39.32, fidel_score: 39.92, acc_loss: 0.0004026928212624625, grad_loss: None
2022-05-03 20:09:28,211 DEBUG epoch: 23, train_acc: 100.0, val_acc: 39.19, fidel_score: 40.05, acc_loss: 0.00014137300231595873, grad_loss: None
2022-05-03 20:09:30,089 DEBUG epoch: 24, train_acc: 100.0, val_acc: 39.62, fidel_score: 40.02, acc_loss: 0.0003207471915629867, grad_loss: None
2022-05-03 20:09:31,951 DEBUG epoch: 25, train_acc: 100.0, val_acc: 39.46, fidel_score: 40.26, acc_loss: 0.00010260078706778586, grad_loss: None
2022-05-03 20:09:33,836 DEBUG epoch: 26, train_acc: 100.0, val_acc: 39.18, fidel_score: 39.88, acc_loss: 0.00025063739662982697, grad_loss: None
2022-05-03 20:09:35,702 DEBUG epoch: 27, train_acc: 100.0, val_acc: 40.43, fidel_score: 41.17, acc_loss: 0.00040015578251768603, grad_loss: None
2022-05-03 20:09:37,575 DEBUG epoch: 28, train_acc: 100.0, val_acc: 39.87, fidel_score: 40.72, acc_loss: 0.00027640332591545304, grad_loss: None
2022-05-03 20:09:39,437 DEBUG epoch: 29, train_acc: 100.0, val_acc: 40.18, fidel_score: 41.09, acc_loss: 0.00019074414885835722, grad_loss: None
2022-05-03 20:09:41,311 DEBUG epoch: 30, train_acc: 100.0, val_acc: 40.22, fidel_score: 40.96, acc_loss: 0.0004494835344303283, grad_loss: None
2022-05-03 20:09:43,188 DEBUG epoch: 31, train_acc: 100.0, val_acc: 40.19, fidel_score: 40.57, acc_loss: 0.0003226201530196704, grad_loss: None
2022-05-03 20:09:45,053 DEBUG epoch: 32, train_acc: 100.0, val_acc: 40.56, fidel_score: 41.36, acc_loss: 0.00015379807746285223, grad_loss: None
2022-05-03 20:09:46,937 DEBUG epoch: 33, train_acc: 100.0, val_acc: 40.55, fidel_score: 41.04, acc_loss: 0.0003094803940257407, grad_loss: None
2022-05-03 20:09:48,792 DEBUG epoch: 34, train_acc: 100.0, val_acc: 40.36, fidel_score: 41.07, acc_loss: 0.0003470761354037677, grad_loss: None
2022-05-03 20:09:50,664 DEBUG epoch: 35, train_acc: 99.9609375, val_acc: 40.54, fidel_score: 41.22, acc_loss: 0.0010055183197437145, grad_loss: None
2022-05-03 20:09:52,512 DEBUG epoch: 36, train_acc: 100.0, val_acc: 39.93, fidel_score: 40.67, acc_loss: 0.0005087545567221241, grad_loss: None
2022-05-03 20:09:54,391 DEBUG epoch: 37, train_acc: 100.0, val_acc: 40.5, fidel_score: 41.23, acc_loss: 0.0003123082155070733, grad_loss: None
2022-05-03 20:09:56,259 DEBUG epoch: 38, train_acc: 100.0, val_acc: 40.13, fidel_score: 40.87, acc_loss: 0.0003610204119468108, grad_loss: None
2022-05-03 20:09:58,143 DEBUG epoch: 39, train_acc: 100.0, val_acc: 40.81, fidel_score: 41.68, acc_loss: 0.0002503951518519898, grad_loss: None
2022-05-03 20:10:00,000 DEBUG epoch: 40, train_acc: 100.0, val_acc: 40.94, fidel_score: 41.58, acc_loss: 0.0002894696062867297, grad_loss: None
2022-05-03 20:10:01,877 DEBUG epoch: 41, train_acc: 100.0, val_acc: 41.14, fidel_score: 41.74, acc_loss: 0.0002577318571638898, grad_loss: None
2022-05-03 20:10:03,740 DEBUG epoch: 42, train_acc: 100.0, val_acc: 40.81, fidel_score: 41.73, acc_loss: 0.00038865344613441265, grad_loss: None
2022-05-03 20:10:05,615 DEBUG epoch: 43, train_acc: 100.0, val_acc: 41.31, fidel_score: 42.11, acc_loss: 0.00025468709300184854, grad_loss: None
2022-05-03 20:10:07,481 DEBUG epoch: 44, train_acc: 100.0, val_acc: 41.48, fidel_score: 42.17, acc_loss: 0.0003480989276795299, grad_loss: None
2022-05-03 20:10:09,348 DEBUG epoch: 45, train_acc: 100.0, val_acc: 41.24, fidel_score: 41.97, acc_loss: 0.00034441462339600547, grad_loss: None
2022-05-03 20:10:11,233 DEBUG epoch: 46, train_acc: 100.0, val_acc: 40.95, fidel_score: 41.92, acc_loss: 0.00027696040560840627, grad_loss: None
2022-05-03 20:10:13,109 DEBUG epoch: 47, train_acc: 100.0, val_acc: 40.99, fidel_score: 41.94, acc_loss: 0.00024999246634251906, grad_loss: None
2022-05-03 20:10:14,988 DEBUG epoch: 48, train_acc: 100.0, val_acc: 41.64, fidel_score: 42.42, acc_loss: 0.0002803499988658587, grad_loss: None
2022-05-03 20:10:16,860 DEBUG epoch: 49, train_acc: 100.0, val_acc: 41.37, fidel_score: 41.85, acc_loss: 0.0004047409260238055, grad_loss: None
2022-05-03 20:10:18,746 DEBUG epoch: 50, train_acc: 100.0, val_acc: 41.55, fidel_score: 42.46, acc_loss: 0.0004092797167686513, grad_loss: None
2022-05-03 20:10:20,620 DEBUG epoch: 51, train_acc: 100.0, val_acc: 41.31, fidel_score: 42.15, acc_loss: 0.00026356465969001874, grad_loss: None
2022-05-03 20:10:22,502 DEBUG epoch: 52, train_acc: 100.0, val_acc: 41.11, fidel_score: 41.88, acc_loss: 0.0003581011886126362, grad_loss: None
2022-05-03 20:10:24,382 DEBUG epoch: 53, train_acc: 100.0, val_acc: 41.01, fidel_score: 41.93, acc_loss: 0.0003785678116400959, grad_loss: None
2022-05-03 20:10:26,257 DEBUG epoch: 54, train_acc: 100.0, val_acc: 41.43, fidel_score: 42.45, acc_loss: 0.0003738358922419138, grad_loss: None
2022-05-03 20:10:28,140 DEBUG epoch: 55, train_acc: 100.0, val_acc: 41.55, fidel_score: 42.38, acc_loss: 0.0003513140920404112, grad_loss: None
2022-05-03 20:10:30,013 DEBUG epoch: 56, train_acc: 100.0, val_acc: 41.35, fidel_score: 42.21, acc_loss: 0.000359507978282636, grad_loss: None
2022-05-03 20:10:31,893 DEBUG epoch: 57, train_acc: 100.0, val_acc: 41.43, fidel_score: 42.22, acc_loss: 0.000322836818304495, grad_loss: None
2022-05-03 20:10:33,758 DEBUG epoch: 58, train_acc: 100.0, val_acc: 41.49, fidel_score: 42.44, acc_loss: 0.0003589767416997347, grad_loss: None
2022-05-03 20:10:35,635 DEBUG epoch: 59, train_acc: 100.0, val_acc: 41.46, fidel_score: 42.28, acc_loss: 0.00027264767995802683, grad_loss: None
2022-05-03 20:10:37,521 DEBUG epoch: 60, train_acc: 100.0, val_acc: 41.42, fidel_score: 42.26, acc_loss: 0.0006720199802657589, grad_loss: None
2022-05-03 20:10:39,396 DEBUG epoch: 61, train_acc: 100.0, val_acc: 41.46, fidel_score: 42.2, acc_loss: 0.00039022759956424123, grad_loss: None
2022-05-03 20:10:41,269 DEBUG epoch: 62, train_acc: 100.0, val_acc: 41.31, fidel_score: 42.2, acc_loss: 0.0005972773680696264, grad_loss: None
2022-05-03 20:10:43,121 DEBUG epoch: 63, train_acc: 100.0, val_acc: 41.41, fidel_score: 42.18, acc_loss: 0.0004682069960836088, grad_loss: None
2022-05-03 20:10:45,003 DEBUG epoch: 64, train_acc: 100.0, val_acc: 41.49, fidel_score: 42.3, acc_loss: 0.000401529720693361, grad_loss: None
2022-05-03 20:10:46,873 DEBUG epoch: 65, train_acc: 100.0, val_acc: 41.67, fidel_score: 42.52, acc_loss: 0.0005887711224204395, grad_loss: None
2022-05-03 20:10:48,746 DEBUG epoch: 66, train_acc: 100.0, val_acc: 41.73, fidel_score: 42.55, acc_loss: 0.0003278693919128273, grad_loss: None
2022-05-03 20:10:50,641 DEBUG epoch: 67, train_acc: 100.0, val_acc: 41.83, fidel_score: 42.61, acc_loss: 0.0003955990498070605, grad_loss: None
2022-05-03 20:10:52,520 DEBUG epoch: 68, train_acc: 100.0, val_acc: 41.01, fidel_score: 41.93, acc_loss: 0.0005211506180785363, grad_loss: None
2022-05-03 20:10:54,392 DEBUG epoch: 69, train_acc: 100.0, val_acc: 41.04, fidel_score: 41.74, acc_loss: 0.00042095633543794977, grad_loss: None
2022-05-03 20:10:56,271 DEBUG epoch: 70, train_acc: 100.0, val_acc: 41.8, fidel_score: 42.44, acc_loss: 0.0005331693151674699, grad_loss: None
2022-05-03 20:10:58,160 DEBUG epoch: 71, train_acc: 100.0, val_acc: 41.43, fidel_score: 42.14, acc_loss: 0.0004844115181185771, grad_loss: None
2022-05-03 20:11:00,020 DEBUG epoch: 72, train_acc: 100.0, val_acc: 41.93, fidel_score: 42.46, acc_loss: 0.0005911806252697716, grad_loss: None
2022-05-03 20:11:01,899 DEBUG epoch: 73, train_acc: 100.0, val_acc: 42.01, fidel_score: 42.97, acc_loss: 0.0004923187338135903, grad_loss: None
2022-05-03 20:11:03,780 DEBUG epoch: 74, train_acc: 100.0, val_acc: 41.6, fidel_score: 42.42, acc_loss: 0.0005530580958293286, grad_loss: None
2022-05-03 20:11:05,642 DEBUG epoch: 75, train_acc: 100.0, val_acc: 41.86, fidel_score: 42.67, acc_loss: 0.0006160770200949628, grad_loss: None
2022-05-03 20:11:07,524 DEBUG epoch: 76, train_acc: 100.0, val_acc: 42.2, fidel_score: 42.98, acc_loss: 0.0003788364687352441, grad_loss: None
2022-05-03 20:11:09,394 DEBUG epoch: 77, train_acc: 100.0, val_acc: 41.58, fidel_score: 42.77, acc_loss: 0.0005937172791163903, grad_loss: None
2022-05-03 20:11:11,252 DEBUG epoch: 78, train_acc: 100.0, val_acc: 41.98, fidel_score: 42.73, acc_loss: 0.0008663664317282383, grad_loss: None
2022-05-03 20:11:13,130 DEBUG epoch: 79, train_acc: 100.0, val_acc: 41.84, fidel_score: 42.5, acc_loss: 0.0004059191513078986, grad_loss: None
2022-05-03 20:11:15,003 DEBUG epoch: 80, train_acc: 100.0, val_acc: 41.8, fidel_score: 42.48, acc_loss: 0.0003599700110498816, grad_loss: None
2022-05-03 20:11:16,858 DEBUG epoch: 81, train_acc: 100.0, val_acc: 41.82, fidel_score: 42.74, acc_loss: 0.0004141686717048287, grad_loss: None
2022-05-03 20:11:18,733 DEBUG epoch: 82, train_acc: 100.0, val_acc: 42.29, fidel_score: 43.18, acc_loss: 0.00047455671156058086, grad_loss: None
2022-05-03 20:11:20,620 DEBUG epoch: 83, train_acc: 100.0, val_acc: 41.7, fidel_score: 42.67, acc_loss: 0.0003614340334024746, grad_loss: None
2022-05-03 20:11:22,483 DEBUG epoch: 84, train_acc: 100.0, val_acc: 41.8, fidel_score: 42.58, acc_loss: 0.0006688076005957555, grad_loss: None
2022-05-03 20:11:24,351 DEBUG epoch: 85, train_acc: 100.0, val_acc: 41.68, fidel_score: 42.48, acc_loss: 0.0004520512080489425, grad_loss: None
2022-05-03 20:11:26,216 DEBUG epoch: 86, train_acc: 100.0, val_acc: 41.88, fidel_score: 42.47, acc_loss: 0.0005051746436947723, grad_loss: None
2022-05-03 20:11:28,084 DEBUG epoch: 87, train_acc: 100.0, val_acc: 41.79, fidel_score: 42.72, acc_loss: 0.00046300781250465663, grad_loss: None
2022-05-03 20:11:29,957 DEBUG epoch: 88, train_acc: 100.0, val_acc: 42.11, fidel_score: 42.9, acc_loss: 0.0004218056506942958, grad_loss: None
2022-05-03 20:11:31,844 DEBUG epoch: 89, train_acc: 100.0, val_acc: 41.76, fidel_score: 42.62, acc_loss: 0.00034041664985124954, grad_loss: None
2022-05-03 20:11:33,716 DEBUG epoch: 90, train_acc: 100.0, val_acc: 41.89, fidel_score: 42.75, acc_loss: 0.000572773161547957, grad_loss: None
2022-05-03 20:11:35,606 DEBUG epoch: 91, train_acc: 100.0, val_acc: 41.91, fidel_score: 42.73, acc_loss: 0.0004202593619993422, grad_loss: None
2022-05-03 20:11:37,497 DEBUG epoch: 92, train_acc: 100.0, val_acc: 41.95, fidel_score: 42.81, acc_loss: 0.00043548450994421726, grad_loss: None
2022-05-03 20:11:39,349 DEBUG epoch: 93, train_acc: 100.0, val_acc: 41.95, fidel_score: 42.75, acc_loss: 0.0004249573190463707, grad_loss: None
2022-05-03 20:11:41,228 DEBUG epoch: 94, train_acc: 100.0, val_acc: 41.72, fidel_score: 42.44, acc_loss: 0.00038306380301946776, grad_loss: None
2022-05-03 20:11:43,097 DEBUG epoch: 95, train_acc: 100.0, val_acc: 42.09, fidel_score: 42.89, acc_loss: 0.0007912305380159523, grad_loss: None
2022-05-03 20:11:44,972 DEBUG epoch: 96, train_acc: 100.0, val_acc: 41.9, fidel_score: 42.71, acc_loss: 0.0003959412577387411, grad_loss: None
2022-05-03 20:11:46,845 DEBUG epoch: 97, train_acc: 100.0, val_acc: 42.24, fidel_score: 43.28, acc_loss: 0.00047860994200163984, grad_loss: None
2022-05-03 20:11:48,725 DEBUG epoch: 98, train_acc: 100.0, val_acc: 42.04, fidel_score: 42.88, acc_loss: 0.00038244530078372917, grad_loss: None
2022-05-03 20:11:50,614 DEBUG epoch: 99, train_acc: 100.0, val_acc: 41.51, fidel_score: 42.28, acc_loss: 0.0004629626408132026, grad_loss: None
2022-05-03 20:11:52,498 DEBUG epoch: 100, train_acc: 100.0, val_acc: 42.27, fidel_score: 42.99, acc_loss: 0.0005041484870162094, grad_loss: None
2022-05-03 20:11:54,380 DEBUG epoch: 101, train_acc: 100.0, val_acc: 41.93, fidel_score: 42.75, acc_loss: 0.0004372519972093869, grad_loss: None
2022-05-03 20:11:56,256 DEBUG epoch: 102, train_acc: 100.0, val_acc: 41.88, fidel_score: 42.65, acc_loss: 0.0004362757284980034, grad_loss: None
2022-05-03 20:11:58,122 DEBUG epoch: 103, train_acc: 100.0, val_acc: 42.44, fidel_score: 43.12, acc_loss: 0.00035762412953772583, grad_loss: None
2022-05-03 20:11:59,994 DEBUG epoch: 104, train_acc: 100.0, val_acc: 42.02, fidel_score: 42.78, acc_loss: 0.00042784222823684105, grad_loss: None
2022-05-03 20:12:01,877 DEBUG epoch: 105, train_acc: 100.0, val_acc: 41.79, fidel_score: 42.55, acc_loss: 0.000508568846998969, grad_loss: None
2022-05-03 20:12:03,749 DEBUG epoch: 106, train_acc: 100.0, val_acc: 41.92, fidel_score: 42.81, acc_loss: 0.00042903018329525365, grad_loss: None
2022-05-03 20:12:05,627 DEBUG epoch: 107, train_acc: 100.0, val_acc: 41.65, fidel_score: 42.36, acc_loss: 0.0006422682505217381, grad_loss: None
2022-05-03 20:12:07,507 DEBUG epoch: 108, train_acc: 100.0, val_acc: 42.33, fidel_score: 43.12, acc_loss: 0.0005579052573011723, grad_loss: None
2022-05-03 20:12:09,380 DEBUG epoch: 109, train_acc: 100.0, val_acc: 42.25, fidel_score: 43.15, acc_loss: 0.0005855870054801926, grad_loss: None
2022-05-03 20:12:11,273 DEBUG epoch: 110, train_acc: 100.0, val_acc: 42.29, fidel_score: 43.05, acc_loss: 0.0004388381406897679, grad_loss: None
2022-05-03 20:12:13,147 DEBUG epoch: 111, train_acc: 100.0, val_acc: 42.11, fidel_score: 43.2, acc_loss: 0.00046651984521304255, grad_loss: None
2022-05-03 20:12:15,016 DEBUG epoch: 112, train_acc: 100.0, val_acc: 42.44, fidel_score: 43.3, acc_loss: 0.0003729834781552199, grad_loss: None
2022-05-03 20:12:16,906 DEBUG epoch: 113, train_acc: 100.0, val_acc: 42.01, fidel_score: 42.82, acc_loss: 0.00043976761735393667, grad_loss: None
2022-05-03 20:12:18,787 DEBUG epoch: 114, train_acc: 100.0, val_acc: 42.03, fidel_score: 42.77, acc_loss: 0.0003723237743542995, grad_loss: None
2022-05-03 20:12:20,678 DEBUG epoch: 115, train_acc: 100.0, val_acc: 42.13, fidel_score: 43.05, acc_loss: 0.0004083865169377532, grad_loss: None
2022-05-03 20:12:22,560 DEBUG epoch: 116, train_acc: 100.0, val_acc: 42.15, fidel_score: 42.82, acc_loss: 0.000520975397375878, grad_loss: None
2022-05-03 20:12:24,437 DEBUG epoch: 117, train_acc: 100.0, val_acc: 41.84, fidel_score: 42.85, acc_loss: 0.0003945121050492162, grad_loss: None
2022-05-03 20:12:26,326 DEBUG epoch: 118, train_acc: 100.0, val_acc: 41.59, fidel_score: 42.59, acc_loss: 0.000405225862050429, grad_loss: None
2022-05-03 20:12:28,201 DEBUG epoch: 119, train_acc: 100.0, val_acc: 42.31, fidel_score: 43.17, acc_loss: 0.00038361081897164695, grad_loss: None
2022-05-03 20:12:30,081 DEBUG epoch: 120, train_acc: 100.0, val_acc: 42.46, fidel_score: 43.14, acc_loss: 0.0004549888857582118, grad_loss: None
2022-05-03 20:12:31,954 DEBUG epoch: 121, train_acc: 100.0, val_acc: 41.87, fidel_score: 42.67, acc_loss: 0.0004378367357276147, grad_loss: None
2022-05-03 20:12:33,833 DEBUG epoch: 122, train_acc: 100.0, val_acc: 41.72, fidel_score: 42.52, acc_loss: 0.0005187609702261397, grad_loss: None
2022-05-03 20:12:35,699 DEBUG epoch: 123, train_acc: 100.0, val_acc: 42.06, fidel_score: 42.91, acc_loss: 0.000529489108157577, grad_loss: None
2022-05-03 20:12:37,582 DEBUG epoch: 124, train_acc: 100.0, val_acc: 41.91, fidel_score: 42.67, acc_loss: 0.0006363567736116238, grad_loss: None
2022-05-03 20:12:39,450 DEBUG epoch: 125, train_acc: 100.0, val_acc: 42.09, fidel_score: 43.14, acc_loss: 0.0005806833010865376, grad_loss: None
2022-05-03 20:12:41,325 DEBUG epoch: 126, train_acc: 100.0, val_acc: 41.92, fidel_score: 42.72, acc_loss: 0.00037201298619038425, grad_loss: None
2022-05-03 20:12:43,196 DEBUG epoch: 127, train_acc: 100.0, val_acc: 42.58, fidel_score: 43.29, acc_loss: 0.0005737668063375168, grad_loss: None
2022-05-03 20:12:45,077 DEBUG epoch: 128, train_acc: 100.0, val_acc: 41.89, fidel_score: 42.52, acc_loss: 0.0006445514754886972, grad_loss: None
2022-05-03 20:12:46,937 DEBUG epoch: 129, train_acc: 100.0, val_acc: 42.59, fidel_score: 43.33, acc_loss: 0.0005041445030656178, grad_loss: None
2022-05-03 20:12:48,820 DEBUG epoch: 130, train_acc: 100.0, val_acc: 41.93, fidel_score: 42.85, acc_loss: 0.00037060301801830067, grad_loss: None
2022-05-03 20:12:50,681 DEBUG epoch: 131, train_acc: 100.0, val_acc: 41.85, fidel_score: 42.75, acc_loss: 0.0004489672945055645, grad_loss: None
2022-05-03 20:12:52,553 DEBUG epoch: 132, train_acc: 100.0, val_acc: 42.04, fidel_score: 42.87, acc_loss: 0.0003854394766676705, grad_loss: None
2022-05-03 20:12:54,412 DEBUG epoch: 133, train_acc: 100.0, val_acc: 42.66, fidel_score: 43.42, acc_loss: 0.0004936335746606347, grad_loss: None
2022-05-03 20:12:56,280 DEBUG epoch: 134, train_acc: 100.0, val_acc: 41.77, fidel_score: 42.53, acc_loss: 0.0004236021624819841, grad_loss: None
2022-05-03 20:12:58,160 DEBUG epoch: 135, train_acc: 100.0, val_acc: 42.65, fidel_score: 43.48, acc_loss: 0.0006256666361878161, grad_loss: None
2022-05-03 20:13:00,041 DEBUG epoch: 136, train_acc: 100.0, val_acc: 41.79, fidel_score: 42.59, acc_loss: 0.0005348833081370685, grad_loss: None
2022-05-03 20:13:01,935 DEBUG epoch: 137, train_acc: 100.0, val_acc: 41.76, fidel_score: 42.38, acc_loss: 0.00041241128783440215, grad_loss: None
2022-05-03 20:13:03,809 DEBUG epoch: 138, train_acc: 100.0, val_acc: 42.4, fidel_score: 43.14, acc_loss: 0.0004382461185741704, grad_loss: None
2022-05-03 20:13:05,679 DEBUG epoch: 139, train_acc: 100.0, val_acc: 41.89, fidel_score: 42.69, acc_loss: 0.00043512223564903254, grad_loss: None
2022-05-03 20:13:07,558 DEBUG epoch: 140, train_acc: 100.0, val_acc: 41.88, fidel_score: 42.69, acc_loss: 0.0004491140032769181, grad_loss: None
2022-05-03 20:13:09,482 DEBUG epoch: 141, train_acc: 100.0, val_acc: 41.96, fidel_score: 42.86, acc_loss: 0.0003894754991051741, grad_loss: None
2022-05-03 20:13:11,357 DEBUG epoch: 142, train_acc: 100.0, val_acc: 42.38, fidel_score: 43.32, acc_loss: 0.0005156205486855469, grad_loss: None
2022-05-03 20:13:13,225 DEBUG epoch: 143, train_acc: 100.0, val_acc: 42.38, fidel_score: 43.16, acc_loss: 0.0005062782831373625, grad_loss: None
2022-05-03 20:13:15,080 DEBUG epoch: 144, train_acc: 100.0, val_acc: 41.9, fidel_score: 42.71, acc_loss: 0.00048302500508725645, grad_loss: None
2022-05-03 20:13:16,962 DEBUG epoch: 145, train_acc: 100.0, val_acc: 41.96, fidel_score: 42.81, acc_loss: 0.00046021268717595377, grad_loss: None
2022-05-03 20:13:18,850 DEBUG epoch: 146, train_acc: 100.0, val_acc: 42.06, fidel_score: 42.85, acc_loss: 0.0005389702550019137, grad_loss: None
2022-05-03 20:13:20,713 DEBUG epoch: 147, train_acc: 100.0, val_acc: 42.03, fidel_score: 43.05, acc_loss: 0.0004124499420868233, grad_loss: None
2022-05-03 20:13:22,585 DEBUG epoch: 148, train_acc: 100.0, val_acc: 42.5, fidel_score: 43.4, acc_loss: 0.0004270370984158944, grad_loss: None
2022-05-03 20:13:24,460 DEBUG epoch: 149, train_acc: 100.0, val_acc: 42.15, fidel_score: 42.96, acc_loss: 0.0005297583047649823, grad_loss: None
2022-05-03 20:13:26,337 DEBUG epoch: 150, train_acc: 100.0, val_acc: 41.98, fidel_score: 42.84, acc_loss: 0.0005710649718821514, grad_loss: None
2022-05-03 20:13:28,232 DEBUG epoch: 151, train_acc: 100.0, val_acc: 41.95, fidel_score: 42.84, acc_loss: 0.0004144761878706049, grad_loss: None
2022-05-03 20:13:30,101 DEBUG epoch: 152, train_acc: 100.0, val_acc: 42.07, fidel_score: 42.88, acc_loss: 0.0005652498766721692, grad_loss: None
2022-05-03 20:13:31,979 DEBUG epoch: 153, train_acc: 100.0, val_acc: 42.08, fidel_score: 42.96, acc_loss: 0.0004901821157545783, grad_loss: None
2022-05-03 20:13:33,856 DEBUG epoch: 154, train_acc: 100.0, val_acc: 42.07, fidel_score: 42.87, acc_loss: 0.00044835588269052094, grad_loss: None
2022-05-03 20:13:35,718 DEBUG epoch: 155, train_acc: 100.0, val_acc: 42.53, fidel_score: 43.37, acc_loss: 0.0003427695650316309, grad_loss: None
2022-05-03 20:13:37,598 DEBUG epoch: 156, train_acc: 100.0, val_acc: 42.09, fidel_score: 42.81, acc_loss: 0.0005596724440692924, grad_loss: None
2022-05-03 20:13:39,466 DEBUG epoch: 157, train_acc: 100.0, val_acc: 42.2, fidel_score: 42.94, acc_loss: 0.00045312398142414165, grad_loss: None
2022-05-03 20:13:41,349 DEBUG epoch: 158, train_acc: 100.0, val_acc: 42.46, fidel_score: 43.11, acc_loss: 0.0005429554024885874, grad_loss: None
2022-05-03 20:13:43,214 DEBUG epoch: 159, train_acc: 100.0, val_acc: 42.26, fidel_score: 42.96, acc_loss: 0.000681599069503136, grad_loss: None
2022-05-03 20:13:45,082 DEBUG epoch: 160, train_acc: 100.0, val_acc: 42.03, fidel_score: 42.88, acc_loss: 0.00042070895287906753, grad_loss: None
2022-05-03 20:13:46,961 DEBUG epoch: 161, train_acc: 100.0, val_acc: 42.3, fidel_score: 43.0, acc_loss: 0.0005194110482989345, grad_loss: None
2022-05-03 20:13:48,829 DEBUG epoch: 162, train_acc: 100.0, val_acc: 41.96, fidel_score: 42.67, acc_loss: 0.00041590127075323834, grad_loss: None
2022-05-03 20:13:50,701 DEBUG epoch: 163, train_acc: 100.0, val_acc: 42.54, fidel_score: 43.43, acc_loss: 0.000571398893953301, grad_loss: None
2022-05-03 20:13:52,573 DEBUG epoch: 164, train_acc: 100.0, val_acc: 42.15, fidel_score: 43.04, acc_loss: 0.000435183837544173, grad_loss: None
2022-05-03 20:13:54,449 DEBUG epoch: 165, train_acc: 100.0, val_acc: 42.04, fidel_score: 42.65, acc_loss: 0.0005402051006967668, grad_loss: None
2022-05-03 20:13:56,318 DEBUG epoch: 166, train_acc: 100.0, val_acc: 42.38, fidel_score: 43.06, acc_loss: 0.00038066245542722754, grad_loss: None
2022-05-03 20:13:58,195 DEBUG epoch: 167, train_acc: 100.0, val_acc: 41.59, fidel_score: 42.41, acc_loss: 0.0004618546008714475, grad_loss: None
2022-05-03 20:14:00,071 DEBUG epoch: 168, train_acc: 100.0, val_acc: 42.15, fidel_score: 43.16, acc_loss: 0.0003887052909703925, grad_loss: None
2022-05-03 20:14:01,933 DEBUG epoch: 169, train_acc: 100.0, val_acc: 42.63, fidel_score: 43.43, acc_loss: 0.0004305028371163644, grad_loss: None
2022-05-03 20:14:03,796 DEBUG epoch: 170, train_acc: 100.0, val_acc: 41.91, fidel_score: 42.78, acc_loss: 0.00043332426284905525, grad_loss: None
2022-05-03 20:14:05,697 DEBUG epoch: 171, train_acc: 100.0, val_acc: 41.94, fidel_score: 42.76, acc_loss: 0.0004147683648625389, grad_loss: None
2022-05-03 20:14:07,571 DEBUG epoch: 172, train_acc: 100.0, val_acc: 42.0, fidel_score: 42.94, acc_loss: 0.00047858554316917437, grad_loss: None
2022-05-03 20:14:09,447 DEBUG epoch: 173, train_acc: 100.0, val_acc: 42.31, fidel_score: 43.28, acc_loss: 0.0005165951559320092, grad_loss: None
2022-05-03 20:14:11,332 DEBUG epoch: 174, train_acc: 100.0, val_acc: 42.37, fidel_score: 43.32, acc_loss: 0.0004857102001551539, grad_loss: None
2022-05-03 20:14:13,224 DEBUG epoch: 175, train_acc: 100.0, val_acc: 41.99, fidel_score: 42.74, acc_loss: 0.0003564926151739201, grad_loss: None
2022-05-03 20:14:15,089 DEBUG epoch: 176, train_acc: 99.9609375, val_acc: 42.12, fidel_score: 42.84, acc_loss: 0.0010433935320179443, grad_loss: None
2022-05-03 20:14:16,957 DEBUG epoch: 177, train_acc: 99.9609375, val_acc: 41.96, fidel_score: 42.68, acc_loss: 0.000958743840601528, grad_loss: None
2022-05-03 20:14:18,843 DEBUG epoch: 178, train_acc: 100.0, val_acc: 41.91, fidel_score: 42.6, acc_loss: 0.0005575812108872924, grad_loss: None
2022-05-03 20:14:20,714 DEBUG epoch: 179, train_acc: 100.0, val_acc: 41.9, fidel_score: 42.97, acc_loss: 0.0004612120108504314, grad_loss: None
2022-05-03 20:14:22,599 DEBUG epoch: 180, train_acc: 100.0, val_acc: 42.41, fidel_score: 43.35, acc_loss: 0.0003613379281887319, grad_loss: None
2022-05-03 20:14:24,465 DEBUG epoch: 181, train_acc: 100.0, val_acc: 41.97, fidel_score: 42.7, acc_loss: 0.0005038305396737996, grad_loss: None
2022-05-03 20:14:26,329 DEBUG epoch: 182, train_acc: 100.0, val_acc: 42.42, fidel_score: 43.02, acc_loss: 0.0005224782580626197, grad_loss: None
2022-05-03 20:14:28,208 DEBUG epoch: 183, train_acc: 100.0, val_acc: 41.83, fidel_score: 42.57, acc_loss: 0.0004674196672567632, grad_loss: None
2022-05-03 20:14:30,059 DEBUG epoch: 184, train_acc: 100.0, val_acc: 42.08, fidel_score: 42.98, acc_loss: 0.00043390076971263627, grad_loss: None
2022-05-03 20:14:31,935 DEBUG epoch: 185, train_acc: 100.0, val_acc: 42.41, fidel_score: 43.16, acc_loss: 0.0004461015996639617, grad_loss: None
2022-05-03 20:14:33,795 DEBUG epoch: 186, train_acc: 100.0, val_acc: 42.0, fidel_score: 42.75, acc_loss: 0.0005598930481937713, grad_loss: None
2022-05-03 20:14:35,674 DEBUG epoch: 187, train_acc: 100.0, val_acc: 41.99, fidel_score: 42.83, acc_loss: 0.00038357259109034203, grad_loss: None
2022-05-03 20:14:37,561 DEBUG epoch: 188, train_acc: 100.0, val_acc: 41.65, fidel_score: 42.53, acc_loss: 0.00046696744902874343, grad_loss: None
2022-05-03 20:14:39,422 DEBUG epoch: 189, train_acc: 100.0, val_acc: 42.16, fidel_score: 42.84, acc_loss: 0.00048307867473340593, grad_loss: None
2022-05-03 20:14:41,307 DEBUG epoch: 190, train_acc: 100.0, val_acc: 42.01, fidel_score: 42.76, acc_loss: 0.00045843829575460405, grad_loss: None
2022-05-03 20:14:43,168 DEBUG epoch: 191, train_acc: 100.0, val_acc: 42.3, fidel_score: 43.04, acc_loss: 0.000488528081405093, grad_loss: None
2022-05-03 20:14:45,033 DEBUG epoch: 192, train_acc: 100.0, val_acc: 41.92, fidel_score: 42.85, acc_loss: 0.00037229776062304155, grad_loss: None
2022-05-03 20:14:46,899 DEBUG epoch: 193, train_acc: 100.0, val_acc: 42.33, fidel_score: 43.15, acc_loss: 0.00043984810181427745, grad_loss: None
2022-05-03 20:14:48,763 DEBUG epoch: 194, train_acc: 100.0, val_acc: 41.87, fidel_score: 42.98, acc_loss: 0.0004908686976705212, grad_loss: None
2022-05-03 20:14:50,647 DEBUG epoch: 195, train_acc: 100.0, val_acc: 42.16, fidel_score: 42.85, acc_loss: 0.0005111924052471295, grad_loss: None
2022-05-03 20:14:52,529 DEBUG epoch: 196, train_acc: 100.0, val_acc: 42.42, fidel_score: 43.13, acc_loss: 0.0004813969637325499, grad_loss: None
2022-05-03 20:14:54,412 DEBUG epoch: 197, train_acc: 100.0, val_acc: 42.28, fidel_score: 43.08, acc_loss: 0.0005049230916483793, grad_loss: None
2022-05-03 20:14:56,297 DEBUG epoch: 198, train_acc: 100.0, val_acc: 42.1, fidel_score: 43.13, acc_loss: 0.0005278049684420694, grad_loss: None
2022-05-03 20:14:58,171 DEBUG epoch: 199, train_acc: 100.0, val_acc: 42.3, fidel_score: 43.14, acc_loss: 0.0005143331356521231, grad_loss: None
2022-05-03 20:15:00,051 DEBUG epoch: 200, train_acc: 100.0, val_acc: 41.84, fidel_score: 42.9, acc_loss: 0.0005623535143968184, grad_loss: None
2022-05-03 20:15:01,943 DEBUG epoch: 201, train_acc: 100.0, val_acc: 42.68, fidel_score: 43.41, acc_loss: 0.00045250971816130915, grad_loss: None
2022-05-03 20:15:03,817 DEBUG epoch: 202, train_acc: 100.0, val_acc: 41.74, fidel_score: 42.7, acc_loss: 0.0005312711247825064, grad_loss: None
2022-05-03 20:15:05,685 DEBUG epoch: 203, train_acc: 100.0, val_acc: 41.89, fidel_score: 42.65, acc_loss: 0.0005431604076875374, grad_loss: None
2022-05-03 20:15:07,580 DEBUG epoch: 204, train_acc: 100.0, val_acc: 42.38, fidel_score: 43.38, acc_loss: 0.000439676007226808, grad_loss: None
2022-05-03 20:15:09,448 DEBUG epoch: 205, train_acc: 100.0, val_acc: 41.42, fidel_score: 42.08, acc_loss: 0.00046667395363328976, grad_loss: None
2022-05-03 20:15:11,339 DEBUG epoch: 206, train_acc: 100.0, val_acc: 42.22, fidel_score: 43.05, acc_loss: 0.00048291730927303435, grad_loss: None
2022-05-03 20:15:13,218 DEBUG epoch: 207, train_acc: 100.0, val_acc: 42.63, fidel_score: 43.36, acc_loss: 0.00039920654853631277, grad_loss: None
2022-05-03 20:15:15,093 DEBUG epoch: 208, train_acc: 100.0, val_acc: 41.95, fidel_score: 42.8, acc_loss: 0.0005621614829578903, grad_loss: None
2022-05-03 20:15:16,965 DEBUG epoch: 209, train_acc: 100.0, val_acc: 41.98, fidel_score: 42.72, acc_loss: 0.0004967706234310753, grad_loss: None
2022-05-03 20:15:18,835 DEBUG epoch: 210, train_acc: 100.0, val_acc: 41.74, fidel_score: 42.6, acc_loss: 0.000467590778862359, grad_loss: None
2022-05-03 20:15:20,715 DEBUG epoch: 211, train_acc: 100.0, val_acc: 42.18, fidel_score: 42.9, acc_loss: 0.0005475077450682875, grad_loss: None
2022-05-03 20:15:22,581 DEBUG epoch: 212, train_acc: 100.0, val_acc: 42.28, fidel_score: 43.02, acc_loss: 0.00045892431371612473, grad_loss: None
2022-05-03 20:15:24,444 DEBUG epoch: 213, train_acc: 100.0, val_acc: 42.04, fidel_score: 42.84, acc_loss: 0.00033968962379731237, grad_loss: None
2022-05-03 20:15:26,313 DEBUG epoch: 214, train_acc: 100.0, val_acc: 42.4, fidel_score: 43.04, acc_loss: 0.0004926964393234812, grad_loss: None
2022-05-03 20:15:28,192 DEBUG epoch: 215, train_acc: 100.0, val_acc: 42.43, fidel_score: 43.08, acc_loss: 0.00048053663776954637, grad_loss: None
2022-05-03 20:15:30,057 DEBUG epoch: 216, train_acc: 100.0, val_acc: 41.75, fidel_score: 42.77, acc_loss: 0.0005510888455319219, grad_loss: None
2022-05-03 20:15:31,932 DEBUG epoch: 217, train_acc: 100.0, val_acc: 42.52, fidel_score: 43.08, acc_loss: 0.00048594534237054174, grad_loss: None
2022-05-03 20:15:33,805 DEBUG epoch: 218, train_acc: 100.0, val_acc: 41.92, fidel_score: 42.61, acc_loss: 0.0004133512251428328, grad_loss: None
2022-05-03 20:15:35,686 DEBUG epoch: 219, train_acc: 100.0, val_acc: 42.36, fidel_score: 43.02, acc_loss: 0.00035920799200539477, grad_loss: None
2022-05-03 20:15:37,563 DEBUG epoch: 220, train_acc: 100.0, val_acc: 42.41, fidel_score: 43.09, acc_loss: 0.00047282008963520636, grad_loss: None
2022-05-03 20:15:39,457 DEBUG epoch: 221, train_acc: 100.0, val_acc: 42.48, fidel_score: 43.18, acc_loss: 0.0005856115218193736, grad_loss: None
2022-05-03 20:15:41,345 DEBUG epoch: 222, train_acc: 100.0, val_acc: 42.17, fidel_score: 42.88, acc_loss: 0.0006375682511134073, grad_loss: None
2022-05-03 20:15:43,217 DEBUG epoch: 223, train_acc: 100.0, val_acc: 42.43, fidel_score: 43.27, acc_loss: 0.0005732932695536874, grad_loss: None
2022-05-03 20:15:45,081 DEBUG epoch: 224, train_acc: 100.0, val_acc: 42.45, fidel_score: 43.28, acc_loss: 0.0004763319273479283, grad_loss: None
2022-05-03 20:15:46,945 DEBUG epoch: 225, train_acc: 100.0, val_acc: 41.96, fidel_score: 42.74, acc_loss: 0.0005271298530715284, grad_loss: None
2022-05-03 20:15:48,829 DEBUG epoch: 226, train_acc: 100.0, val_acc: 42.67, fidel_score: 43.38, acc_loss: 0.0004201874507998582, grad_loss: None
2022-05-03 20:15:50,697 DEBUG epoch: 227, train_acc: 100.0, val_acc: 42.11, fidel_score: 42.85, acc_loss: 0.0004391922215290833, grad_loss: None
2022-05-03 20:15:52,586 DEBUG epoch: 228, train_acc: 100.0, val_acc: 41.95, fidel_score: 42.79, acc_loss: 0.000563035949744517, grad_loss: None
2022-05-03 20:15:54,468 DEBUG epoch: 229, train_acc: 100.0, val_acc: 42.07, fidel_score: 42.82, acc_loss: 0.0004981291909643915, grad_loss: None
2022-05-03 20:15:56,343 DEBUG epoch: 230, train_acc: 100.0, val_acc: 42.07, fidel_score: 42.99, acc_loss: 0.0004863197034865152, grad_loss: None
2022-05-03 20:15:58,226 DEBUG epoch: 231, train_acc: 100.0, val_acc: 41.97, fidel_score: 42.85, acc_loss: 0.0004437351701199077, grad_loss: None
2022-05-03 20:16:00,092 DEBUG epoch: 232, train_acc: 100.0, val_acc: 41.83, fidel_score: 42.47, acc_loss: 0.000589419444440864, grad_loss: None
2022-05-03 20:16:01,975 DEBUG epoch: 233, train_acc: 100.0, val_acc: 42.04, fidel_score: 42.61, acc_loss: 0.000479549725423567, grad_loss: None
2022-05-03 20:16:03,842 DEBUG epoch: 234, train_acc: 100.0, val_acc: 42.2, fidel_score: 43.13, acc_loss: 0.0004546196141745895, grad_loss: None
2022-05-03 20:16:05,723 DEBUG epoch: 235, train_acc: 100.0, val_acc: 42.01, fidel_score: 42.76, acc_loss: 0.00040999108459800483, grad_loss: None
2022-05-03 20:16:07,611 DEBUG epoch: 236, train_acc: 100.0, val_acc: 41.85, fidel_score: 42.64, acc_loss: 0.0006156746771011967, grad_loss: None
2022-05-03 20:16:09,484 DEBUG epoch: 237, train_acc: 100.0, val_acc: 42.08, fidel_score: 42.8, acc_loss: 0.0004398372650030069, grad_loss: None
2022-05-03 20:16:11,378 DEBUG epoch: 238, train_acc: 100.0, val_acc: 42.58, fidel_score: 43.26, acc_loss: 0.0004497580215684138, grad_loss: None
2022-05-03 20:16:13,249 DEBUG epoch: 239, train_acc: 100.0, val_acc: 41.9, fidel_score: 42.59, acc_loss: 0.0004537340202659834, grad_loss: None
2022-05-03 20:16:15,109 DEBUG epoch: 240, train_acc: 100.0, val_acc: 41.84, fidel_score: 42.78, acc_loss: 0.0005337925096682739, grad_loss: None
2022-05-03 20:16:16,981 DEBUG epoch: 241, train_acc: 100.0, val_acc: 41.77, fidel_score: 42.49, acc_loss: 0.0005429193181043957, grad_loss: None
2022-05-03 20:16:18,848 DEBUG epoch: 242, train_acc: 100.0, val_acc: 42.1, fidel_score: 42.83, acc_loss: 0.0006912869932421018, grad_loss: None
2022-05-03 20:16:20,723 DEBUG epoch: 243, train_acc: 100.0, val_acc: 41.98, fidel_score: 43.06, acc_loss: 0.00048580116126686337, grad_loss: None
2022-05-03 20:16:22,603 DEBUG epoch: 244, train_acc: 100.0, val_acc: 42.03, fidel_score: 42.96, acc_loss: 0.0005254383017017972, grad_loss: None
2022-05-03 20:16:24,488 DEBUG epoch: 245, train_acc: 100.0, val_acc: 42.12, fidel_score: 42.82, acc_loss: 0.0004739796531794127, grad_loss: None
2022-05-03 20:16:26,352 DEBUG epoch: 246, train_acc: 100.0, val_acc: 42.1, fidel_score: 42.88, acc_loss: 0.0006718568634823896, grad_loss: None
2022-05-03 20:16:28,236 DEBUG epoch: 247, train_acc: 100.0, val_acc: 42.59, fidel_score: 43.28, acc_loss: 0.00039788001668057406, grad_loss: None
2022-05-03 20:16:30,106 DEBUG epoch: 248, train_acc: 100.0, val_acc: 42.52, fidel_score: 43.4, acc_loss: 0.000491842269548215, grad_loss: None
2022-05-03 20:16:31,977 DEBUG epoch: 249, train_acc: 100.0, val_acc: 42.27, fidel_score: 43.13, acc_loss: 0.0003532597460434772, grad_loss: None
2022-05-03 20:16:33,837 DEBUG epoch: 250, train_acc: 100.0, val_acc: 42.3, fidel_score: 42.99, acc_loss: 0.00046689904265804214, grad_loss: None
2022-05-03 20:16:35,708 DEBUG epoch: 251, train_acc: 100.0, val_acc: 42.07, fidel_score: 42.85, acc_loss: 0.0004005979812063742, grad_loss: None
2022-05-03 20:16:37,587 DEBUG epoch: 252, train_acc: 100.0, val_acc: 42.06, fidel_score: 42.78, acc_loss: 0.0004571721903630532, grad_loss: None
2022-05-03 20:16:39,476 DEBUG epoch: 253, train_acc: 100.0, val_acc: 42.18, fidel_score: 43.16, acc_loss: 0.0004498211892496329, grad_loss: None
2022-05-03 20:16:41,356 DEBUG epoch: 254, train_acc: 100.0, val_acc: 42.49, fidel_score: 43.21, acc_loss: 0.0005937510228250176, grad_loss: None
2022-05-03 20:16:43,245 DEBUG epoch: 255, train_acc: 100.0, val_acc: 42.84, fidel_score: 43.6, acc_loss: 0.00040439099720970264, grad_loss: None
2022-05-03 20:16:45,110 DEBUG epoch: 256, train_acc: 100.0, val_acc: 41.95, fidel_score: 42.76, acc_loss: 0.0006213441083673388, grad_loss: None
2022-05-03 20:16:46,995 DEBUG epoch: 257, train_acc: 100.0, val_acc: 41.91, fidel_score: 42.69, acc_loss: 0.00048088154653669335, grad_loss: None
2022-05-03 20:16:48,876 DEBUG epoch: 258, train_acc: 99.9609375, val_acc: 42.32, fidel_score: 43.26, acc_loss: 0.0011242260283324868, grad_loss: None
2022-05-03 20:16:50,748 DEBUG epoch: 259, train_acc: 100.0, val_acc: 42.07, fidel_score: 42.86, acc_loss: 0.00042163806647295133, grad_loss: None
2022-05-03 20:16:52,625 DEBUG epoch: 260, train_acc: 100.0, val_acc: 42.41, fidel_score: 43.02, acc_loss: 0.0005130131990881637, grad_loss: None
2022-05-03 20:16:54,507 DEBUG epoch: 261, train_acc: 100.0, val_acc: 42.13, fidel_score: 43.0, acc_loss: 0.0005828813154948875, grad_loss: None
2022-05-03 20:16:56,389 DEBUG epoch: 262, train_acc: 100.0, val_acc: 42.04, fidel_score: 42.87, acc_loss: 0.0005330974388925824, grad_loss: None
2022-05-03 20:16:58,261 DEBUG epoch: 263, train_acc: 100.0, val_acc: 42.08, fidel_score: 42.97, acc_loss: 0.0004341490759543376, grad_loss: None
2022-05-03 20:17:00,140 DEBUG epoch: 264, train_acc: 100.0, val_acc: 42.32, fidel_score: 43.04, acc_loss: 0.0005592078228801256, grad_loss: None
2022-05-03 20:17:02,018 DEBUG epoch: 265, train_acc: 100.0, val_acc: 42.44, fidel_score: 43.21, acc_loss: 0.0005026015394832938, grad_loss: None
2022-05-03 20:17:03,892 DEBUG epoch: 266, train_acc: 99.9609375, val_acc: 42.01, fidel_score: 43.13, acc_loss: 0.0009165366551314946, grad_loss: None
2022-05-03 20:17:05,755 DEBUG epoch: 267, train_acc: 100.0, val_acc: 42.21, fidel_score: 43.01, acc_loss: 0.0004987463664292591, grad_loss: None
2022-05-03 20:17:07,636 DEBUG epoch: 268, train_acc: 100.0, val_acc: 42.32, fidel_score: 43.04, acc_loss: 0.0005158869804290589, grad_loss: None
2022-05-03 20:17:09,503 DEBUG epoch: 269, train_acc: 100.0, val_acc: 42.47, fidel_score: 43.09, acc_loss: 0.000405069743283093, grad_loss: None
2022-05-03 20:17:11,369 DEBUG epoch: 270, train_acc: 100.0, val_acc: 42.57, fidel_score: 43.15, acc_loss: 0.00043615373651846313, grad_loss: None
2022-05-03 20:17:13,235 DEBUG epoch: 271, train_acc: 100.0, val_acc: 41.89, fidel_score: 42.63, acc_loss: 0.0004792432177055161, grad_loss: None
2022-05-03 20:17:15,107 DEBUG epoch: 272, train_acc: 100.0, val_acc: 41.94, fidel_score: 42.74, acc_loss: 0.00046612846927018836, grad_loss: None
2022-05-03 20:17:16,983 DEBUG epoch: 273, train_acc: 100.0, val_acc: 41.9, fidel_score: 42.68, acc_loss: 0.0005516474382602609, grad_loss: None
2022-05-03 20:17:18,868 DEBUG epoch: 274, train_acc: 100.0, val_acc: 42.35, fidel_score: 43.23, acc_loss: 0.0005391959348344244, grad_loss: None
2022-05-03 20:17:20,747 DEBUG epoch: 275, train_acc: 100.0, val_acc: 41.94, fidel_score: 42.66, acc_loss: 0.0005206469999393448, grad_loss: None
2022-05-03 20:17:22,635 DEBUG epoch: 276, train_acc: 100.0, val_acc: 42.61, fidel_score: 43.33, acc_loss: 0.0005605986858427059, grad_loss: None
2022-05-03 20:17:24,523 DEBUG epoch: 277, train_acc: 100.0, val_acc: 42.5, fidel_score: 43.31, acc_loss: 0.0004823589137231465, grad_loss: None
2022-05-03 20:17:26,401 DEBUG epoch: 278, train_acc: 100.0, val_acc: 41.8, fidel_score: 42.78, acc_loss: 0.0005183709596167319, grad_loss: None
2022-05-03 20:17:28,264 DEBUG epoch: 279, train_acc: 100.0, val_acc: 42.22, fidel_score: 42.92, acc_loss: 0.00046660055450047365, grad_loss: None
2022-05-03 20:17:30,147 DEBUG epoch: 280, train_acc: 100.0, val_acc: 42.35, fidel_score: 43.05, acc_loss: 0.0006363500666338951, grad_loss: None
2022-05-03 20:17:32,019 DEBUG epoch: 281, train_acc: 100.0, val_acc: 42.05, fidel_score: 42.8, acc_loss: 0.00047210197226377204, grad_loss: None
2022-05-03 20:17:33,904 DEBUG epoch: 282, train_acc: 100.0, val_acc: 42.7, fidel_score: 43.59, acc_loss: 0.00045323916056076995, grad_loss: None
2022-05-03 20:17:35,781 DEBUG epoch: 283, train_acc: 100.0, val_acc: 41.97, fidel_score: 42.76, acc_loss: 0.0004032614051538985, grad_loss: None
2022-05-03 20:17:37,655 DEBUG epoch: 284, train_acc: 100.0, val_acc: 42.29, fidel_score: 42.99, acc_loss: 0.00044364515488268805, grad_loss: None
2022-05-03 20:17:39,536 DEBUG epoch: 285, train_acc: 100.0, val_acc: 42.15, fidel_score: 43.0, acc_loss: 0.00043462253743200565, grad_loss: None
2022-05-03 20:17:41,399 DEBUG epoch: 286, train_acc: 100.0, val_acc: 42.39, fidel_score: 43.18, acc_loss: 0.0005991950783936772, grad_loss: None
2022-05-03 20:17:43,260 DEBUG epoch: 287, train_acc: 100.0, val_acc: 42.1, fidel_score: 42.98, acc_loss: 0.0005177680352062453, grad_loss: None
2022-05-03 20:17:45,140 DEBUG epoch: 288, train_acc: 100.0, val_acc: 42.66, fidel_score: 43.49, acc_loss: 0.00044989131711190564, grad_loss: None
2022-05-03 20:17:47,025 DEBUG epoch: 289, train_acc: 100.0, val_acc: 42.33, fidel_score: 43.0, acc_loss: 0.0004418790813360829, grad_loss: None
2022-05-03 20:17:48,891 DEBUG epoch: 290, train_acc: 100.0, val_acc: 42.28, fidel_score: 43.17, acc_loss: 0.0005417051987024024, grad_loss: None
2022-05-03 20:17:50,768 DEBUG epoch: 291, train_acc: 100.0, val_acc: 42.18, fidel_score: 43.12, acc_loss: 0.00043146005846210754, grad_loss: None
2022-05-03 20:17:52,651 DEBUG epoch: 292, train_acc: 100.0, val_acc: 42.23, fidel_score: 43.26, acc_loss: 0.0005139318876899779, grad_loss: None
2022-05-03 20:17:54,508 DEBUG epoch: 293, train_acc: 100.0, val_acc: 42.09, fidel_score: 43.09, acc_loss: 0.0005230951988778543, grad_loss: None
2022-05-03 20:17:56,379 DEBUG epoch: 294, train_acc: 100.0, val_acc: 42.32, fidel_score: 43.0, acc_loss: 0.0004408444161526859, grad_loss: None
2022-05-03 20:17:58,242 DEBUG epoch: 295, train_acc: 100.0, val_acc: 42.53, fidel_score: 43.31, acc_loss: 0.0004319141386076808, grad_loss: None
2022-05-03 20:18:00,105 DEBUG epoch: 296, train_acc: 100.0, val_acc: 42.17, fidel_score: 42.88, acc_loss: 0.0004939612852467689, grad_loss: None
2022-05-03 20:18:01,969 DEBUG epoch: 297, train_acc: 100.0, val_acc: 42.28, fidel_score: 43.04, acc_loss: 0.0004521292583376635, grad_loss: None
2022-05-03 20:18:03,834 DEBUG epoch: 298, train_acc: 100.0, val_acc: 42.52, fidel_score: 43.42, acc_loss: 0.0004918045371596236, grad_loss: None
2022-05-03 20:18:05,717 DEBUG epoch: 299, train_acc: 100.0, val_acc: 41.84, fidel_score: 42.71, acc_loss: 0.00035642052389448506, grad_loss: None
2022-05-03 20:18:07,588 DEBUG epoch: 300, train_acc: 100.0, val_acc: 42.46, fidel_score: 43.16, acc_loss: 0.0004843222886847798, grad_loss: None
2022-05-03 20:18:07,589 DEBUG load best stealed model.
2022-05-03 20:18:07,589 DEBUG Best perform model, val_acc: 42.84, fidel_score: 43.6, acc_loss: 0.00040439099720970264
2022-05-03 20:18:07,590 DEBUG load cloest stealed model.
2022-05-03 20:18:07,590 DEBUG Closest perform model, val_acc: 42.84, fidel_score: 43.6, acc_loss: 0.00040439099720970264
