2022-05-01 00:41:16,239 DEBUG Namespace(arch='vgg11_bn', attack_client=0, attack_epochs=300, attack_style='TrainME_option', average_time=1, batch_size=128, bottleneck_option='None', cutlayer=4, data_proportion=0.02, dataset='svhn', filename='ace_V2_epoch_vgg11_bn_cutlayer_4_client_1_seed125_dataset_svhn_lr_0.05_200epoch', folder='saves/baseline', learning_rate=0.05, noniid_ratio=1.0, num_client=1, num_epochs='best', num_query=1, random_seed=123, regularization='None', regularization_strength=0.0, scheme='V2_epoch', surrogate_arch='same', test_best=True, train_clas_layer=7.0)
2022-05-01 00:41:20,533 DEBUG Test (client-0):	Loss 0.0372 (0.1713)	Prec@1 97.917 (95.267)
2022-05-01 00:41:20,533 DEBUG  * Prec@1 95.267
2022-05-01 00:41:20,618 DEBUG 22
2022-05-01 00:41:20,618 DEBUG surrogate parameter has 22 trainable parameters!
2022-05-01 00:41:27,153 DEBUG epoch: 0, val_acc: 10.168254454881778, val_fidelity: 10.110633065822158
2022-05-01 00:41:30,248 DEBUG epoch: 1, train_acc: 15.082465171813965, val_acc: 29.905500918425293, fidel_score: 30.12446219802416, acc_loss: 3.0847539703051248, grad_loss: None
2022-05-01 00:41:33,308 DEBUG epoch: 2, train_acc: 29.713769912719727, val_acc: 33.109250151312416, fidel_score: 33.32437000145704, acc_loss: 2.0761632124582925, grad_loss: None
2022-05-01 00:41:36,409 DEBUG epoch: 3, train_acc: 32.51439142227173, val_acc: 36.91226182690264, fidel_score: 37.07360172095882, acc_loss: 1.9347452421983082, grad_loss: None
2022-05-01 00:41:39,521 DEBUG epoch: 4, train_acc: 34.71080048878988, val_acc: 38.84834049930584, fidel_score: 39.109557467732024, acc_loss: 1.8318402667840321, grad_loss: None
2022-05-01 00:41:42,593 DEBUG epoch: 5, train_acc: 36.97231356302897, val_acc: 39.68577135598359, fidel_score: 39.8932083542536, acc_loss: 1.7598884006341298, grad_loss: None
2022-05-01 00:41:45,721 DEBUG epoch: 6, train_acc: 36.87637058893839, val_acc: 40.28119237626632, fidel_score: 40.58850644890634, acc_loss: 1.788253555695216, grad_loss: None
2022-05-01 00:41:48,785 DEBUG epoch: 7, train_acc: 37.30011876424154, val_acc: 42.36708666256914, fidel_score: 42.4515980308453, acc_loss: 1.7380620539188385, grad_loss: None
2022-05-01 00:41:51,843 DEBUG epoch: 8, train_acc: 36.66392548878988, val_acc: 44.49523662949312, fidel_score: 44.66041794245274, acc_loss: 1.6764075458049774, grad_loss: None
2022-05-01 00:41:54,950 DEBUG epoch: 9, train_acc: 40.682108879089355, val_acc: 45.006146279155075, fidel_score: 45.052243388058145, acc_loss: 1.5724258323510487, grad_loss: None
2022-05-01 00:41:58,030 DEBUG epoch: 10, train_acc: 43.58095741271973, val_acc: 46.96911493311942, fidel_score: 47.19960048701328, acc_loss: 1.5173226495583851, grad_loss: None
2022-05-01 00:42:01,114 DEBUG epoch: 11, train_acc: 44.052677154541016, val_acc: 48.325138291333744, fidel_score: 48.38275967804874, acc_loss: 1.4386699696381886, grad_loss: None
2022-05-01 00:42:04,203 DEBUG epoch: 12, train_acc: 47.713358879089355, val_acc: 52.289489856290906, fidel_score: 52.400891208472835, acc_loss: 1.4111845791339874, grad_loss: None
2022-05-01 00:42:07,297 DEBUG epoch: 13, train_acc: 50.138203620910645, val_acc: 57.03365088417696, fidel_score: 57.18346649573196, acc_loss: 1.2938710749149323, grad_loss: None
2022-05-01 00:42:10,372 DEBUG epoch: 14, train_acc: 51.228983879089355, val_acc: 55.6007990095611, fidel_score: 56.00799016360498, acc_loss: 1.2914775013923645, grad_loss: None
2022-05-01 00:42:13,455 DEBUG epoch: 15, train_acc: 52.823464711507164, val_acc: 58.66241548394014, fidel_score: 59.077289489858636, acc_loss: 1.2268139620621998, grad_loss: None
2022-05-01 00:42:16,564 DEBUG epoch: 16, train_acc: 57.901589711507164, val_acc: 62.304087272508056, fidel_score: 62.39244006906614, acc_loss: 1.1433206349611282, grad_loss: None
2022-05-01 00:42:19,637 DEBUG epoch: 17, train_acc: 59.35215632120768, val_acc: 64.54748002458513, fidel_score: 64.7241856177013, acc_loss: 1.103234887123108, grad_loss: None
2022-05-01 00:42:22,737 DEBUG epoch: 18, train_acc: 56.38706143697103, val_acc: 65.67301781483786, fidel_score: 65.57314074046786, acc_loss: 1.1886017173528671, grad_loss: None
2022-05-01 00:42:25,825 DEBUG epoch: 19, train_acc: 62.34237925211588, val_acc: 65.2043638504863, fidel_score: 65.52320220328286, acc_loss: 1.0866922785838444, grad_loss: None
2022-05-01 00:42:28,925 DEBUG epoch: 20, train_acc: 66.03618431091309, val_acc: 65.45405653641131, fidel_score: 65.73448063452403, acc_loss: 0.9234921981890997, grad_loss: None
2022-05-01 00:42:32,004 DEBUG epoch: 21, train_acc: 65.84201367696126, val_acc: 71.30454823893129, fidel_score: 71.81545789328248, acc_loss: 0.9273870686690012, grad_loss: None
2022-05-01 00:42:35,073 DEBUG epoch: 22, train_acc: 69.47185643513997, val_acc: 72.70282728011138, fidel_score: 73.3481868375791, acc_loss: 0.8377067496379217, grad_loss: None
2022-05-01 00:42:38,136 DEBUG epoch: 23, train_acc: 71.87842623392741, val_acc: 72.16118622295096, fidel_score: 72.87953287791679, acc_loss: 0.8064298629760742, grad_loss: None
2022-05-01 00:42:41,229 DEBUG epoch: 24, train_acc: 71.57118034362793, val_acc: 73.17148124915218, fidel_score: 73.76306084349761, acc_loss: 0.7923127661148707, grad_loss: None
2022-05-01 00:42:44,351 DEBUG epoch: 25, train_acc: 72.46664810180664, val_acc: 73.87062077443147, fidel_score: 74.28549477566072, acc_loss: 0.7527330815792084, grad_loss: None
2022-05-01 00:42:47,461 DEBUG epoch: 26, train_acc: 72.46550623575847, val_acc: 75.59157958965618, fidel_score: 76.47894898117431, acc_loss: 0.761963332692782, grad_loss: None
2022-05-01 00:42:50,577 DEBUG epoch: 27, train_acc: 76.25753847757976, val_acc: 77.61985248924401, fidel_score: 78.76459741856176, acc_loss: 0.6678356230258942, grad_loss: None
2022-05-01 00:42:53,690 DEBUG epoch: 28, train_acc: 76.72811571756999, val_acc: 77.66979102642901, fidel_score: 78.74923171481254, acc_loss: 0.706702341636022, grad_loss: None
2022-05-01 00:42:56,810 DEBUG epoch: 29, train_acc: 78.6001459757487, val_acc: 78.09618930547019, fidel_score: 78.76843884449907, acc_loss: 0.6146767809987068, grad_loss: None
2022-05-01 00:42:59,910 DEBUG epoch: 30, train_acc: 79.7720209757487, val_acc: 81.4459127228027, fidel_score: 82.36401351244082, acc_loss: 0.5491703401009241, grad_loss: None
2022-05-01 00:43:03,015 DEBUG epoch: 31, train_acc: 80.97701899210612, val_acc: 78.54179470950866, fidel_score: 79.5520897357099, acc_loss: 0.5926817531387011, grad_loss: None
2022-05-01 00:43:06,127 DEBUG epoch: 32, train_acc: 80.7006123860677, val_acc: 81.14628149031421, fidel_score: 81.97987091871002, acc_loss: 0.5949470375974973, grad_loss: None
2022-05-01 00:43:09,241 DEBUG epoch: 33, train_acc: 80.27686373392741, val_acc: 79.70574676851297, fidel_score: 80.73524892440074, acc_loss: 0.5954527209202448, grad_loss: None
2022-05-01 00:43:12,336 DEBUG epoch: 34, train_acc: 82.11462910970052, val_acc: 80.0591579547453, fidel_score: 81.46127842655194, acc_loss: 0.5373977149526278, grad_loss: None
2022-05-01 00:43:15,413 DEBUG epoch: 35, train_acc: 86.16821988423665, val_acc: 82.5944990686793, fidel_score: 83.7661339795582, acc_loss: 0.424414058526357, grad_loss: None
2022-05-01 00:43:18,509 DEBUG epoch: 36, train_acc: 85.27389399210612, val_acc: 82.13352796558083, fidel_score: 83.18223724646589, acc_loss: 0.4787972445289294, grad_loss: None
2022-05-01 00:43:21,622 DEBUG epoch: 37, train_acc: 88.18530718485515, val_acc: 83.8660110633067, fidel_score: 84.86478179762828, acc_loss: 0.3680058146516482, grad_loss: None
2022-05-01 00:43:24,737 DEBUG epoch: 38, train_acc: 86.44348526000977, val_acc: 86.16318376443836, fidel_score: 87.19268591563689, acc_loss: 0.4114021112521489, grad_loss: None
2022-05-01 00:43:27,817 DEBUG epoch: 39, train_acc: 88.51082801818848, val_acc: 86.05562384757222, fidel_score: 87.15043023970497, acc_loss: 0.4045388636489709, grad_loss: None
2022-05-01 00:43:30,916 DEBUG epoch: 40, train_acc: 89.94311968485515, val_acc: 86.28995082505877, fidel_score: 87.12738167939189, acc_loss: 0.32637564092874527, grad_loss: None
2022-05-01 00:43:34,043 DEBUG epoch: 41, train_acc: 87.1596310933431, val_acc: 84.24631222172171, fidel_score: 84.94929316824906, acc_loss: 0.42531158526738483, grad_loss: None
2022-05-01 00:43:37,129 DEBUG epoch: 42, train_acc: 88.5747896830241, val_acc: 86.62799630754186, fidel_score: 87.65365703280308, acc_loss: 0.3580479584634304, grad_loss: None
2022-05-01 00:43:40,224 DEBUG epoch: 43, train_acc: 89.3080685933431, val_acc: 85.73678549008642, fidel_score: 86.57421634441955, acc_loss: 0.3610103751222293, grad_loss: None
2022-05-01 00:43:43,333 DEBUG epoch: 44, train_acc: 89.37317276000977, val_acc: 85.195144432926, fidel_score: 86.36677934849416, acc_loss: 0.33794335027535755, grad_loss: None
2022-05-01 00:43:46,406 DEBUG epoch: 45, train_acc: 89.68270301818848, val_acc: 87.54993853249576, fidel_score: 88.46035647963774, acc_loss: 0.31912878155708313, grad_loss: None
2022-05-01 00:43:49,465 DEBUG epoch: 46, train_acc: 89.48739051818848, val_acc: 88.11462814528002, fidel_score: 88.8713890549297, acc_loss: 0.3460201136767864, grad_loss: None
2022-05-01 00:43:52,545 DEBUG epoch: 47, train_acc: 91.9613488515218, val_acc: 86.89689612315341, fidel_score: 87.81883834810732, acc_loss: 0.25619196767608327, grad_loss: None
2022-05-01 00:43:55,649 DEBUG epoch: 48, train_acc: 91.11499468485515, val_acc: 86.98140749377419, fidel_score: 87.84188690373117, acc_loss: 0.3252585877974828, grad_loss: None
2022-05-01 00:43:58,773 DEBUG epoch: 49, train_acc: 88.23442077636719, val_acc: 87.2964044159442, fidel_score: 88.29901659496005, acc_loss: 0.39023984347780544, grad_loss: None
2022-05-01 00:44:01,876 DEBUG epoch: 50, train_acc: 92.10754776000977, val_acc: 87.15427166095304, fidel_score: 88.37200368307965, acc_loss: 0.2948514682551225, grad_loss: None
2022-05-01 00:44:04,974 DEBUG epoch: 51, train_acc: 92.26973660786946, val_acc: 87.2771972909469, fidel_score: 88.32590656714272, acc_loss: 0.2554391647378604, grad_loss: None
2022-05-01 00:44:08,055 DEBUG epoch: 52, train_acc: 91.35827827453613, val_acc: 87.27719729563614, fidel_score: 88.01090964966195, acc_loss: 0.2841256447136402, grad_loss: None
2022-05-01 00:44:11,156 DEBUG epoch: 53, train_acc: 90.2515074412028, val_acc: 88.97894898586355, fidel_score: 89.92393976644131, acc_loss: 0.3325190184017022, grad_loss: None
2022-05-01 00:44:14,232 DEBUG epoch: 54, train_acc: 92.80656051635742, val_acc: 89.63967424708052, fidel_score: 90.38491087891825, acc_loss: 0.2825111423929532, grad_loss: None
2022-05-01 00:44:17,299 DEBUG epoch: 55, train_acc: 93.47473526000977, val_acc: 89.00583896742471, fidel_score: 89.97387829424783, acc_loss: 0.21964237093925476, grad_loss: None
2022-05-01 00:44:20,401 DEBUG epoch: 56, train_acc: 92.56327692667644, val_acc: 88.61017209119275, fidel_score: 89.46681007521242, acc_loss: 0.23271561476091543, grad_loss: None
2022-05-01 00:44:23,481 DEBUG epoch: 57, train_acc: 91.97733942667644, val_acc: 89.25553164397124, fidel_score: 90.38875230016632, acc_loss: 0.25799407189091045, grad_loss: None
2022-05-01 00:44:26,601 DEBUG epoch: 58, train_acc: 93.61979166666667, val_acc: 88.97894897648507, fidel_score: 89.79333127519435, acc_loss: 0.22507033124566078, grad_loss: None
2022-05-01 00:44:29,693 DEBUG epoch: 59, train_acc: 93.89734077453613, val_acc: 88.5871235355689, fidel_score: 89.52443146427204, acc_loss: 0.19800499081611633, grad_loss: None
2022-05-01 00:44:32,785 DEBUG epoch: 60, train_acc: 93.88135019938152, val_acc: 88.65242778119237, fidel_score: 89.78180700676091, acc_loss: 0.21753361448645592, grad_loss: None
2022-05-01 00:44:35,861 DEBUG epoch: 61, train_acc: 92.7905699412028, val_acc: 89.40534726021549, fidel_score: 90.47326367078709, acc_loss: 0.24563579137126604, grad_loss: None
2022-05-01 00:44:38,908 DEBUG epoch: 62, train_acc: 95.98067410786946, val_acc: 90.05838967424708, fidel_score: 91.10709895513214, acc_loss: 0.13155758505066237, grad_loss: None
2022-05-01 00:44:42,003 DEBUG epoch: 63, train_acc: 96.14286359151204, val_acc: 90.26582666548323, fidel_score: 91.24539028887523, acc_loss: 0.16171352720508972, grad_loss: None
2022-05-01 00:44:45,113 DEBUG epoch: 64, train_acc: 94.5004113515218, val_acc: 90.13137675767744, fidel_score: 91.14167177918944, acc_loss: 0.18484282307326794, grad_loss: None
2022-05-01 00:44:48,194 DEBUG epoch: 65, train_acc: 95.47583134969075, val_acc: 90.25430239704978, fidel_score: 91.279963122311, acc_loss: 0.15234313470621905, grad_loss: None
2022-05-01 00:44:51,290 DEBUG epoch: 66, train_acc: 95.76822916666667, val_acc: 90.5500921942225, fidel_score: 91.57959434542101, acc_loss: 0.16505497926846147, grad_loss: None
2022-05-01 00:44:54,366 DEBUG epoch: 67, train_acc: 96.48551686604817, val_acc: 90.40411799922632, fidel_score: 91.33758450199214, acc_loss: 0.1270140971367558, grad_loss: None
2022-05-01 00:44:57,457 DEBUG epoch: 68, train_acc: 95.81734275817871, val_acc: 89.91625690987745, fidel_score: 90.82667485701943, acc_loss: 0.14539936743676662, grad_loss: None
2022-05-01 00:45:00,534 DEBUG epoch: 69, train_acc: 96.06176884969075, val_acc: 89.78564842800898, fidel_score: 90.98417332044905, acc_loss: 0.1395992481460174, grad_loss: None
2022-05-01 00:45:03,629 DEBUG epoch: 70, train_acc: 95.88358942667644, val_acc: 89.98156115550093, fidel_score: 90.94960049170253, acc_loss: 0.14664249494671822, grad_loss: None
2022-05-01 00:45:06,735 DEBUG epoch: 71, train_acc: 96.64770634969075, val_acc: 90.05838966955784, fidel_score: 91.11862322825483, acc_loss: 0.11650577404846747, grad_loss: None
2022-05-01 00:45:09,851 DEBUG epoch: 72, train_acc: 96.15999603271484, val_acc: 90.1659496004917, fidel_score: 91.05716041794714, acc_loss: 0.12992331882317862, grad_loss: None
2022-05-01 00:45:12,954 DEBUG epoch: 73, train_acc: 96.66369692484538, val_acc: 90.07759679924438, fidel_score: 91.2530731360606, acc_loss: 0.12867500446736813, grad_loss: None
2022-05-01 00:45:16,055 DEBUG epoch: 74, train_acc: 96.33817609151204, val_acc: 89.88552550237898, fidel_score: 90.88429624607905, acc_loss: 0.12216285429894924, grad_loss: None
2022-05-01 00:45:19,179 DEBUG epoch: 75, train_acc: 96.25708134969075, val_acc: 89.71266133988937, fidel_score: 90.78441917639827, acc_loss: 0.1489199964950482, grad_loss: None
2022-05-01 00:45:22,242 DEBUG epoch: 76, train_acc: 96.7779146830241, val_acc: 89.70497847863626, fidel_score: 90.90350337107634, acc_loss: 0.10791653239478667, grad_loss: None
2022-05-01 00:45:25,333 DEBUG epoch: 77, train_acc: 96.66369692484538, val_acc: 89.80485556238476, fidel_score: 90.88045482483098, acc_loss: 0.10384324969102939, grad_loss: None
2022-05-01 00:45:28,410 DEBUG epoch: 78, train_acc: 95.49296442667644, val_acc: 89.93930546550129, fidel_score: 90.99953902419828, acc_loss: 0.15486024599522352, grad_loss: None
2022-05-01 00:45:31,532 DEBUG epoch: 79, train_acc: 97.23364384969075, val_acc: 89.8740012292563, fidel_score: 90.9918561770129, acc_loss: 0.11312583430359761, grad_loss: None
2022-05-01 00:45:34,632 DEBUG epoch: 80, train_acc: 95.3125, val_acc: 90.085279651119, fidel_score: 91.18392746918906, acc_loss: 0.16140587775347134, grad_loss: None
2022-05-01 00:45:37,733 DEBUG epoch: 81, train_acc: 96.64770634969075, val_acc: 90.09296249830437, fidel_score: 91.21850029793559, acc_loss: 0.11529209433744352, grad_loss: None
2022-05-01 00:45:40,839 DEBUG epoch: 82, train_acc: 96.25708134969075, val_acc: 90.18899814673706, fidel_score: 91.40673016886369, acc_loss: 0.10673245725532372, grad_loss: None
2022-05-01 00:45:43,942 DEBUG epoch: 83, train_acc: 96.63171577453613, val_acc: 90.06223109549515, fidel_score: 91.26843883980983, acc_loss: 0.1288495877136787, grad_loss: None
2022-05-01 00:45:47,055 DEBUG epoch: 84, train_acc: 96.45239384969075, val_acc: 89.74723417332514, fidel_score: 90.89966195451751, acc_loss: 0.11236166891952355, grad_loss: None
2022-05-01 00:45:50,157 DEBUG epoch: 85, train_acc: 97.44494692484538, val_acc: 89.88936693300553, fidel_score: 91.08020897357099, acc_loss: 0.10211762910087903, grad_loss: None
2022-05-01 00:45:53,253 DEBUG epoch: 86, train_acc: 97.05432192484538, val_acc: 89.97387830362631, fidel_score: 91.13014751075599, acc_loss: 0.11061345506459475, grad_loss: None
2022-05-01 00:45:56,350 DEBUG epoch: 87, train_acc: 96.94124603271484, val_acc: 90.08912107236706, fidel_score: 91.23770742762213, acc_loss: 0.11558598124732573, grad_loss: None
2022-05-01 00:45:59,465 DEBUG epoch: 88, train_acc: 97.18453025817871, val_acc: 89.87015979862976, fidel_score: 91.02642900575944, acc_loss: 0.09973801486194134, grad_loss: None
2022-05-01 00:46:02,564 DEBUG epoch: 89, train_acc: 97.31473859151204, val_acc: 90.350338036104, fidel_score: 91.35295020574137, acc_loss: 0.09518774102131526, grad_loss: None
2022-05-01 00:46:05,672 DEBUG epoch: 90, train_acc: 97.7544771830241, val_acc: 90.29271665642287, fidel_score: 91.39520590043024, acc_loss: 0.08562339004129171, grad_loss: None
2022-05-01 00:46:08,756 DEBUG epoch: 91, train_acc: 97.91666666666667, val_acc: 90.33497234173325, fidel_score: 91.46819299323909, acc_loss: 0.08136122782404225, grad_loss: None
2022-05-01 00:46:11,855 DEBUG epoch: 92, train_acc: 97.49406051635742, val_acc: 90.6000307314075, fidel_score: 91.68715427166565, acc_loss: 0.08706905832514167, grad_loss: None
2022-05-01 00:46:14,977 DEBUG epoch: 93, train_acc: 97.77046775817871, val_acc: 90.43484940672478, fidel_score: 91.510448669171, acc_loss: 0.08296986483037472, grad_loss: None
2022-05-01 00:46:18,076 DEBUG epoch: 94, train_acc: 97.24963442484538, val_acc: 90.14674247080517, fidel_score: 91.279963122311, acc_loss: 0.09203056618571281, grad_loss: None
2022-05-01 00:46:21,191 DEBUG epoch: 95, train_acc: 98.4375, val_acc: 90.2312538367367, fidel_score: 91.37599876605447, acc_loss: 0.061792052583768964, grad_loss: None
2022-05-01 00:46:24,244 DEBUG epoch: 96, train_acc: 97.0874449412028, val_acc: 90.28503379985901, fidel_score: 91.41825445136485, acc_loss: 0.0955542903393507, grad_loss: None
2022-05-01 00:46:27,372 DEBUG epoch: 97, train_acc: 97.5111935933431, val_acc: 90.28503379985901, fidel_score: 91.32990165480676, acc_loss: 0.09056152496486902, grad_loss: None
2022-05-01 00:46:30,461 DEBUG epoch: 98, train_acc: 97.00635019938152, val_acc: 90.1160110633067, fidel_score: 90.99953902888753, acc_loss: 0.10674486573164661, grad_loss: None
2022-05-01 00:46:33,563 DEBUG epoch: 99, train_acc: 98.37239583333333, val_acc: 90.57314074046786, fidel_score: 91.42977872448753, acc_loss: 0.06295413368692, grad_loss: None
2022-05-01 00:46:36,685 DEBUG epoch: 100, train_acc: 98.11197916666667, val_acc: 90.40411799922632, fidel_score: 91.28764596480714, acc_loss: 0.07437718275468796, grad_loss: None
2022-05-01 00:46:39,817 DEBUG epoch: 101, train_acc: 97.93379910786946, val_acc: 90.22357098017284, fidel_score: 91.08020896419251, acc_loss: 0.07446223217993975, grad_loss: None
2022-05-01 00:46:42,917 DEBUG epoch: 102, train_acc: 97.52604166666667, val_acc: 90.33113091579594, fidel_score: 91.21465888137676, acc_loss: 0.10103511282553275, grad_loss: None
2022-05-01 00:46:46,003 DEBUG epoch: 103, train_acc: 97.265625, val_acc: 90.37722802704364, fidel_score: 91.24539028887523, acc_loss: 0.08846534478167693, grad_loss: None
2022-05-01 00:46:49,101 DEBUG epoch: 104, train_acc: 98.37239583333333, val_acc: 90.25046097111247, fidel_score: 91.23770743700061, acc_loss: 0.05933133140206337, grad_loss: None
2022-05-01 00:46:52,219 DEBUG epoch: 105, train_acc: 97.91666666666667, val_acc: 90.68454209264979, fidel_score: 91.59496003979177, acc_loss: 0.0827854194988807, grad_loss: None
2022-05-01 00:46:55,331 DEBUG epoch: 106, train_acc: 97.31473859151204, val_acc: 90.66533496296326, fidel_score: 91.65258142885139, acc_loss: 0.07422788363570969, grad_loss: None
2022-05-01 00:46:58,423 DEBUG epoch: 107, train_acc: 97.37984275817871, val_acc: 90.72679777796017, fidel_score: 91.74861707728408, acc_loss: 0.10488755224893491, grad_loss: None
2022-05-01 00:47:01,535 DEBUG epoch: 108, train_acc: 98.09598859151204, val_acc: 90.68070066671248, fidel_score: 91.65258142885139, acc_loss: 0.0606205432365338, grad_loss: None
2022-05-01 00:47:04,647 DEBUG epoch: 109, train_acc: 97.31473859151204, val_acc: 90.47710509203516, fidel_score: 91.3644744835533, acc_loss: 0.0998588449632128, grad_loss: None
2022-05-01 00:47:07,753 DEBUG epoch: 110, train_acc: 96.76192410786946, val_acc: 90.48862937922557, fidel_score: 91.34142593730793, acc_loss: 0.09457021206617355, grad_loss: None
2022-05-01 00:47:10,837 DEBUG epoch: 111, train_acc: 97.83557192484538, val_acc: 90.450215110474, fidel_score: 91.40288874292638, acc_loss: 0.07590543587381642, grad_loss: None
2022-05-01 00:47:13,920 DEBUG epoch: 112, train_acc: 97.98177083333333, val_acc: 90.47326367078709, fidel_score: 91.40288874761562, acc_loss: 0.06852937117218971, grad_loss: None
2022-05-01 00:47:17,039 DEBUG epoch: 113, train_acc: 97.73848660786946, val_acc: 90.44253226328863, fidel_score: 91.48355869229908, acc_loss: 0.08390201341050367, grad_loss: None
2022-05-01 00:47:20,128 DEBUG epoch: 114, train_acc: 98.11197916666667, val_acc: 90.55393361078133, fidel_score: 91.59111861385446, acc_loss: 0.07770079141482711, grad_loss: None
2022-05-01 00:47:23,199 DEBUG epoch: 115, train_acc: 98.046875, val_acc: 90.68070067609096, fidel_score: 91.74093423478796, acc_loss: 0.05940480871746937, grad_loss: None
2022-05-01 00:47:26,320 DEBUG epoch: 116, train_acc: 97.73848660786946, val_acc: 90.65765212046712, fidel_score: 91.73325138291334, acc_loss: 0.06869538361206651, grad_loss: None
2022-05-01 00:47:29,418 DEBUG epoch: 117, train_acc: 98.09598859151204, val_acc: 90.45405654110056, fidel_score: 91.495082970111, acc_loss: 0.07913135054210822, grad_loss: None
2022-05-01 00:47:32,498 DEBUG epoch: 118, train_acc: 98.50260416666667, val_acc: 90.46173939297518, fidel_score: 91.50276582198562, acc_loss: 0.05904861392142872, grad_loss: None
2022-05-01 00:47:35,610 DEBUG epoch: 119, train_acc: 97.83557192484538, val_acc: 90.47326366609785, fidel_score: 91.3145359463683, acc_loss: 0.07850264323254426, grad_loss: None
2022-05-01 00:47:38,699 DEBUG epoch: 120, train_acc: 97.88468551635742, val_acc: 90.36186231391592, fidel_score: 91.24154885355944, acc_loss: 0.08732211232806246, grad_loss: None
2022-05-01 00:47:41,798 DEBUG epoch: 121, train_acc: 97.42895634969075, val_acc: 90.11601105861746, fidel_score: 90.98801474638636, acc_loss: 0.07346261913577716, grad_loss: None
2022-05-01 00:47:44,890 DEBUG epoch: 122, train_acc: 97.29874801635742, val_acc: 90.400276573289, fidel_score: 91.37599876136522, acc_loss: 0.08491885025675099, grad_loss: None
2022-05-01 00:47:47,946 DEBUG epoch: 123, train_acc: 98.50260416666667, val_acc: 90.34265518891863, fidel_score: 91.32990165480676, acc_loss: 0.061032997289051615, grad_loss: None
2022-05-01 00:47:51,009 DEBUG epoch: 124, train_acc: 96.484375, val_acc: 90.36570373985323, fidel_score: 91.39904731698907, acc_loss: 0.09591549813436966, grad_loss: None
2022-05-01 00:47:54,104 DEBUG epoch: 125, train_acc: 97.23364384969075, val_acc: 90.035341113934, fidel_score: 91.06100183919521, acc_loss: 0.09887049316118161, grad_loss: None
2022-05-01 00:47:57,200 DEBUG epoch: 126, train_acc: 96.61572519938152, val_acc: 89.6704056452005, fidel_score: 90.65381068515133, acc_loss: 0.09060490845392148, grad_loss: None
2022-05-01 00:48:00,286 DEBUG epoch: 127, train_acc: 98.1451021830241, val_acc: 90.15442531799054, fidel_score: 91.18776889512637, acc_loss: 0.0656067601715525, grad_loss: None
2022-05-01 00:48:03,371 DEBUG epoch: 128, train_acc: 98.74703025817871, val_acc: 90.37338660110633, fidel_score: 91.329901659496, acc_loss: 0.050228583781669535, grad_loss: None
2022-05-01 00:48:06,433 DEBUG epoch: 129, train_acc: 97.33187103271484, val_acc: 90.51167793016018, fidel_score: 91.47203440979791, acc_loss: 0.08725710182140271, grad_loss: None
2022-05-01 00:48:09,537 DEBUG epoch: 130, train_acc: 97.81958134969075, val_acc: 90.27350951735784, fidel_score: 91.26075598324599, acc_loss: 0.06372643650198977, grad_loss: None
2022-05-01 00:48:12,614 DEBUG epoch: 131, train_acc: 97.8515625, val_acc: 90.4694222448498, fidel_score: 91.49892439604831, acc_loss: 0.0681738374599566, grad_loss: None
2022-05-01 00:48:15,703 DEBUG epoch: 132, train_acc: 98.01489384969075, val_acc: 90.65381068515133, fidel_score: 91.560387206356, acc_loss: 0.0704536132204036, grad_loss: None
2022-05-01 00:48:18,787 DEBUG epoch: 133, train_acc: 98.56770833333333, val_acc: 90.33497234173325, fidel_score: 91.19929317762754, acc_loss: 0.048948616410295166, grad_loss: None
2022-05-01 00:48:21,870 DEBUG epoch: 134, train_acc: 98.19421577453613, val_acc: 90.76137061608519, fidel_score: 91.65258143354063, acc_loss: 0.05960263591259718, grad_loss: None
2022-05-01 00:48:24,978 DEBUG epoch: 135, train_acc: 98.55171775817871, val_acc: 90.49631222172171, fidel_score: 91.40673016886369, acc_loss: 0.05338226705013464, grad_loss: None
2022-05-01 00:48:28,044 DEBUG epoch: 136, train_acc: 98.11197916666667, val_acc: 90.69222494452441, fidel_score: 91.62953287322755, acc_loss: 0.05662092613056302, grad_loss: None
2022-05-01 00:48:31,149 DEBUG epoch: 137, train_acc: 98.69791666666667, val_acc: 90.59618929609171, fidel_score: 91.53349722479484, acc_loss: 0.05743328086100519, grad_loss: None
2022-05-01 00:48:34,229 DEBUG epoch: 138, train_acc: 98.35640525817871, val_acc: 90.8842962413898, fidel_score: 91.8062384663437, acc_loss: 0.04927370014290015, grad_loss: None
2022-05-01 00:48:37,302 DEBUG epoch: 139, train_acc: 99.0234375, val_acc: 90.8189920051448, fidel_score: 91.89459126759103, acc_loss: 0.040284255131458245, grad_loss: None
2022-05-01 00:48:40,423 DEBUG epoch: 140, train_acc: 98.4375, val_acc: 90.53472648109478, fidel_score: 91.56422863229331, acc_loss: 0.049097988211239375, grad_loss: None
2022-05-01 00:48:43,512 DEBUG epoch: 141, train_acc: 98.22619692484538, val_acc: 90.51167792547093, fidel_score: 91.47203440979791, acc_loss: 0.06814053615865608, grad_loss: None
2022-05-01 00:48:46,649 DEBUG epoch: 142, train_acc: 98.76302083333333, val_acc: 90.56929931453055, fidel_score: 91.33758450199214, acc_loss: 0.04259424978711953, grad_loss: None
2022-05-01 00:48:49,779 DEBUG epoch: 143, train_acc: 97.81958134969075, val_acc: 90.43484940672478, fidel_score: 91.4144130207383, acc_loss: 0.06614097463898361, grad_loss: None
2022-05-01 00:48:52,885 DEBUG epoch: 144, train_acc: 97.5591646830241, val_acc: 90.32344806392133, fidel_score: 91.27228027043638, acc_loss: 0.08999790639306109, grad_loss: None
2022-05-01 00:48:55,988 DEBUG epoch: 145, train_acc: 98.35640525817871, val_acc: 90.76137062077443, fidel_score: 91.66410571604179, acc_loss: 0.04609408524508277, grad_loss: None
2022-05-01 00:48:59,061 DEBUG epoch: 146, train_acc: 98.2421875, val_acc: 90.30424093423478, fidel_score: 91.24923171481254, acc_loss: 0.07923202752135694, grad_loss: None
2022-05-01 00:49:02,182 DEBUG epoch: 147, train_acc: 98.17708333333333, val_acc: 90.57698217578366, fidel_score: 91.56422864167179, acc_loss: 0.06262896054734786, grad_loss: None
2022-05-01 00:49:05,269 DEBUG epoch: 148, train_acc: 98.94234275817871, val_acc: 90.58082360172097, fidel_score: 91.51044867854948, acc_loss: 0.045312206726521254, grad_loss: None
2022-05-01 00:49:08,344 DEBUG epoch: 149, train_acc: 98.74703025817871, val_acc: 90.56545789797173, fidel_score: 91.46435156730178, acc_loss: 0.045508254785090685, grad_loss: None
2022-05-01 00:49:11,436 DEBUG epoch: 150, train_acc: 98.22619692484538, val_acc: 90.62692070359017, fidel_score: 91.52197294698291, acc_loss: 0.05344027699902654, grad_loss: None
2022-05-01 00:49:14,561 DEBUG epoch: 151, train_acc: 98.35640525817871, val_acc: 90.75368775952134, fidel_score: 91.61032575291948, acc_loss: 0.06403599931703259, grad_loss: None
2022-05-01 00:49:17,701 DEBUG epoch: 152, train_acc: 98.35640525817871, val_acc: 90.69606637515096, fidel_score: 91.57191148885717, acc_loss: 0.047039779679228864, grad_loss: None
2022-05-01 00:49:20,824 DEBUG epoch: 153, train_acc: 98.48661359151204, val_acc: 90.84972340795403, fidel_score: 91.74477565134679, acc_loss: 0.04546081026395162, grad_loss: None
2022-05-01 00:49:23,905 DEBUG epoch: 154, train_acc: 98.74703025817871, val_acc: 90.82283342639288, fidel_score: 91.76398278103332, acc_loss: 0.04375842349448552, grad_loss: None
2022-05-01 00:49:26,976 DEBUG epoch: 155, train_acc: 98.6328125, val_acc: 90.76137061608519, fidel_score: 91.55270435448138, acc_loss: 0.044829425984062254, grad_loss: None
2022-05-01 00:49:30,078 DEBUG epoch: 156, train_acc: 98.94234275817871, val_acc: 90.93807620451211, fidel_score: 91.87154270727794, acc_loss: 0.03800229918366919, grad_loss: None
2022-05-01 00:49:33,193 DEBUG epoch: 157, train_acc: 98.89322916666667, val_acc: 90.90734480170289, fidel_score: 91.77166563759718, acc_loss: 0.04554007466261586, grad_loss: None
2022-05-01 00:49:36,261 DEBUG epoch: 158, train_acc: 98.47062301635742, val_acc: 90.85740625982865, fidel_score: 91.7562999291587, acc_loss: 0.05080163028712074, grad_loss: None
2022-05-01 00:49:39,351 DEBUG epoch: 159, train_acc: 98.55171775817871, val_acc: 90.8151505792075, fidel_score: 91.71788567447487, acc_loss: 0.046615997018913426, grad_loss: None
2022-05-01 00:49:42,449 DEBUG epoch: 160, train_acc: 98.42150942484538, val_acc: 90.8189920051448, fidel_score: 91.81776274884487, acc_loss: 0.05235458204212288, grad_loss: None
2022-05-01 00:49:45,542 DEBUG epoch: 161, train_acc: 97.78760019938152, val_acc: 90.85740626451789, fidel_score: 91.81776274884487, acc_loss: 0.05915101668021331, grad_loss: None
2022-05-01 00:49:48,645 DEBUG epoch: 162, train_acc: 97.96578025817871, val_acc: 90.88813767201636, fidel_score: 91.82544560071949, acc_loss: 0.07384691596962512, grad_loss: None
2022-05-01 00:49:51,746 DEBUG epoch: 163, train_acc: 98.87723859151204, val_acc: 90.9764904638852, fidel_score: 91.88690841102718, acc_loss: 0.03615810345703115, grad_loss: None
2022-05-01 00:49:54,837 DEBUG epoch: 164, train_acc: 98.94234275817871, val_acc: 90.9611247648252, fidel_score: 91.88690841571642, acc_loss: 0.03415747231338173, grad_loss: None
2022-05-01 00:49:57,941 DEBUG epoch: 165, train_acc: 99.39807192484538, val_acc: 90.99569759826097, fidel_score: 91.86770128602987, acc_loss: 0.03356437128968537, grad_loss: None
2022-05-01 00:50:01,027 DEBUG epoch: 166, train_acc: 98.68192609151204, val_acc: 90.92271050076289, fidel_score: 91.8484941516541, acc_loss: 0.040949284991559885, grad_loss: None
2022-05-01 00:50:04,141 DEBUG epoch: 167, train_acc: 98.30729166666667, val_acc: 90.91118622295096, fidel_score: 91.88690841102718, acc_loss: 0.05204433408410599, grad_loss: None
2022-05-01 00:50:07,229 DEBUG epoch: 168, train_acc: 98.17708333333333, val_acc: 90.99569759826097, fidel_score: 91.84465273040603, acc_loss: 0.04840784222081614, grad_loss: None
2022-05-01 00:50:10,293 DEBUG epoch: 169, train_acc: 99.07255109151204, val_acc: 90.8842962413898, fidel_score: 91.81392131821832, acc_loss: 0.031231374596245587, grad_loss: None
2022-05-01 00:50:13,406 DEBUG epoch: 170, train_acc: 98.828125, val_acc: 91.09941609856828, fidel_score: 91.99062691602373, acc_loss: 0.03791645991926392, grad_loss: None
2022-05-01 00:50:16,515 DEBUG epoch: 171, train_acc: 98.56770833333333, val_acc: 90.97649046857444, fidel_score: 91.83312844790487, acc_loss: 0.05158857849892229, grad_loss: None
2022-05-01 00:50:19,595 DEBUG epoch: 172, train_acc: 99.13765525817871, val_acc: 90.9342347785748, fidel_score: 91.8023970404064, acc_loss: 0.0368170621804893, grad_loss: None
2022-05-01 00:50:22,711 DEBUG epoch: 173, train_acc: 99.0234375, val_acc: 90.82283343108212, fidel_score: 91.69867854478832, acc_loss: 0.030175878520822152, grad_loss: None
2022-05-01 00:50:25,778 DEBUG epoch: 174, train_acc: 99.609375, val_acc: 90.84204055607941, fidel_score: 91.73325137353486, acc_loss: 0.02093288628384471, grad_loss: None
2022-05-01 00:50:28,878 DEBUG epoch: 175, train_acc: 98.76302083333333, val_acc: 91.03027042700751, fidel_score: 91.87922555915256, acc_loss: 0.04392708531425645, grad_loss: None
2022-05-01 00:50:31,988 DEBUG epoch: 176, train_acc: 98.6328125, val_acc: 90.95728334357713, fidel_score: 91.92532267508949, acc_loss: 0.050782694520118334, grad_loss: None
2022-05-01 00:50:35,104 DEBUG epoch: 177, train_acc: 99.25187301635742, val_acc: 90.94191763044942, fidel_score: 91.84465272571678, acc_loss: 0.03621464405053606, grad_loss: None
2022-05-01 00:50:38,208 DEBUG epoch: 178, train_acc: 99.07255109151204, val_acc: 90.97264904732637, fidel_score: 91.89459126759103, acc_loss: 0.028098467310580116, grad_loss: None
2022-05-01 00:50:41,297 DEBUG epoch: 179, train_acc: 98.48661359151204, val_acc: 90.92655193138943, fidel_score: 91.77166563759718, acc_loss: 0.04763447512717297, grad_loss: None
2022-05-01 00:50:44,401 DEBUG epoch: 180, train_acc: 98.2421875, val_acc: 90.95344191295058, fidel_score: 91.75245850791063, acc_loss: 0.04564696893794462, grad_loss: None
2022-05-01 00:50:47,519 DEBUG epoch: 181, train_acc: 99.08854166666667, val_acc: 90.89966195451751, fidel_score: 91.75629993384794, acc_loss: 0.0370633186151584, grad_loss: None
2022-05-01 00:50:50,601 DEBUG epoch: 182, train_acc: 99.28385416666667, val_acc: 90.99953901950904, fidel_score: 91.88306698508987, acc_loss: 0.021883431104167055, grad_loss: None
2022-05-01 00:50:53,696 DEBUG epoch: 183, train_acc: 99.15364583333333, val_acc: 91.01874615388482, fidel_score: 91.96373693446257, acc_loss: 0.026089759388317663, grad_loss: None
2022-05-01 00:50:56,772 DEBUG epoch: 184, train_acc: 98.48661359151204, val_acc: 91.20313459418637, fidel_score: 92.15964965257604, acc_loss: 0.04477805745167037, grad_loss: None
2022-05-01 00:50:59,867 DEBUG epoch: 185, train_acc: 98.69791666666667, val_acc: 91.08789182075637, fidel_score: 91.9791026382118, acc_loss: 0.0595347632576401, grad_loss: None
2022-05-01 00:51:02,959 DEBUG epoch: 186, train_acc: 98.87723859151204, val_acc: 90.92271051014137, fidel_score: 91.77166563759718, acc_loss: 0.04344709923801323, grad_loss: None
2022-05-01 00:51:06,069 DEBUG epoch: 187, train_acc: 98.87723859151204, val_acc: 90.8804548154525, fidel_score: 91.69867854009908, acc_loss: 0.03004472788112859, grad_loss: None
2022-05-01 00:51:09,185 DEBUG epoch: 188, train_acc: 99.00744692484538, val_acc: 90.98801474638636, fidel_score: 91.84081130446872, acc_loss: 0.03432681873285522, grad_loss: None
2022-05-01 00:51:12,273 DEBUG epoch: 189, train_acc: 98.95833333333333, val_acc: 90.96496619076251, fidel_score: 91.96757836039988, acc_loss: 0.032059893012046814, grad_loss: None
2022-05-01 00:51:15,365 DEBUG epoch: 190, train_acc: 99.34895833333333, val_acc: 91.07252611700713, fidel_score: 91.99062691602373, acc_loss: 0.02324492788951223, grad_loss: None
2022-05-01 00:51:18,430 DEBUG epoch: 191, train_acc: 98.68192609151204, val_acc: 91.09173325138292, fidel_score: 92.04824830508335, acc_loss: 0.04247890505939722, grad_loss: None
2022-05-01 00:51:21,548 DEBUG epoch: 192, train_acc: 98.2421875, val_acc: 91.06100183450597, fidel_score: 92.06361400414333, acc_loss: 0.057888994187427066, grad_loss: None
2022-05-01 00:51:24,649 DEBUG epoch: 193, train_acc: 98.55171775817871, val_acc: 91.06100183450597, fidel_score: 91.97526120758526, acc_loss: 0.05657678396285822, grad_loss: None
2022-05-01 00:51:27,735 DEBUG epoch: 194, train_acc: 99.08854166666667, val_acc: 91.13014751075599, fidel_score: 91.94837123071333, acc_loss: 0.03139722739191105, grad_loss: None
2022-05-01 00:51:30,813 DEBUG epoch: 195, train_acc: 99.21875, val_acc: 91.0033804501356, fidel_score: 91.9445298000868, acc_loss: 0.029696654334353905, grad_loss: None
2022-05-01 00:51:33,910 DEBUG epoch: 196, train_acc: 99.21875, val_acc: 90.9611247648252, fidel_score: 91.86001843415526, acc_loss: 0.030842631317985553, grad_loss: None
2022-05-01 00:51:37,019 DEBUG epoch: 197, train_acc: 99.33296775817871, val_acc: 90.95344190826134, fidel_score: 91.81007989228101, acc_loss: 0.028493333064640563, grad_loss: None
2022-05-01 00:51:40,143 DEBUG epoch: 198, train_acc: 99.47916666666667, val_acc: 91.1032575245056, fidel_score: 91.93684694821218, acc_loss: 0.0218133539504682, grad_loss: None
2022-05-01 00:51:43,273 DEBUG epoch: 199, train_acc: 99.13765525817871, val_acc: 91.03795328357135, fidel_score: 91.9791026382118, acc_loss: 0.02611729719986518, grad_loss: None
2022-05-01 00:51:46,374 DEBUG epoch: 200, train_acc: 98.50260416666667, val_acc: 90.96880761201058, fidel_score: 91.8484941516541, acc_loss: 0.05235529625012229, grad_loss: None
2022-05-01 00:51:49,488 DEBUG epoch: 201, train_acc: 98.95833333333333, val_acc: 90.90734480170289, fidel_score: 91.8369698785314, acc_loss: 0.02955288308051725, grad_loss: None
2022-05-01 00:51:52,554 DEBUG epoch: 202, train_acc: 98.828125, val_acc: 91.01106330669944, fidel_score: 91.87538414259373, acc_loss: 0.043405646341852844, grad_loss: None
2022-05-01 00:51:55,662 DEBUG epoch: 203, train_acc: 98.74703025817871, val_acc: 90.92655192670018, fidel_score: 91.75245850322139, acc_loss: 0.03503216110402718, grad_loss: None
2022-05-01 00:51:58,769 DEBUG epoch: 204, train_acc: 99.28385416666667, val_acc: 91.03795328357135, fidel_score: 91.93684695290142, acc_loss: 0.028831227410895128, grad_loss: None
2022-05-01 00:52:01,840 DEBUG epoch: 205, train_acc: 98.76302083333333, val_acc: 90.89582051920173, fidel_score: 91.8484941516541, acc_loss: 0.037048858571021505, grad_loss: None
2022-05-01 00:52:04,953 DEBUG epoch: 206, train_acc: 99.00744692484538, val_acc: 90.63844499078058, fidel_score: 91.55270436385986, acc_loss: 0.03994036310662826, grad_loss: None
2022-05-01 00:52:08,081 DEBUG epoch: 207, train_acc: 98.76302083333333, val_acc: 90.9303933526375, fidel_score: 91.81776274415563, acc_loss: 0.04364167146074275, grad_loss: None
2022-05-01 00:52:11,167 DEBUG epoch: 208, train_acc: 98.99145634969075, val_acc: 90.75752919014788, fidel_score: 91.69867854478832, acc_loss: 0.04114849430819353, grad_loss: None
2022-05-01 00:52:14,282 DEBUG epoch: 209, train_acc: 98.89322916666667, val_acc: 90.88429624607905, fidel_score: 91.7831899154091, acc_loss: 0.04486471600830555, grad_loss: None
2022-05-01 00:52:17,373 DEBUG epoch: 210, train_acc: 99.10567410786946, val_acc: 90.75752918545864, fidel_score: 91.68331283634986, acc_loss: 0.02292658887260283, grad_loss: None
2022-05-01 00:52:20,473 DEBUG epoch: 211, train_acc: 98.828125, val_acc: 90.77289488920788, fidel_score: 91.74093422540948, acc_loss: 0.04521473244919131, grad_loss: None
2022-05-01 00:52:23,578 DEBUG epoch: 212, train_acc: 99.00744692484538, val_acc: 90.76905346795981, fidel_score: 91.7870313413464, acc_loss: 0.04273245910493036, grad_loss: None
2022-05-01 00:52:26,695 DEBUG epoch: 213, train_acc: 99.20275942484538, val_acc: 90.76137061139595, fidel_score: 91.69867854009908, acc_loss: 0.030481496282542746, grad_loss: None
2022-05-01 00:52:29,783 DEBUG epoch: 214, train_acc: 98.828125, val_acc: 90.79210202358365, fidel_score: 91.76398278572256, acc_loss: 0.03714468279698243, grad_loss: None
2022-05-01 00:52:32,876 DEBUG epoch: 215, train_acc: 99.07255109151204, val_acc: 90.76905346795981, fidel_score: 91.71404424853756, acc_loss: 0.023425535822752863, grad_loss: None
2022-05-01 00:52:35,981 DEBUG epoch: 216, train_acc: 99.08854166666667, val_acc: 90.76905346327057, fidel_score: 91.76014135509601, acc_loss: 0.032834310084581375, grad_loss: None
2022-05-01 00:52:39,098 DEBUG epoch: 217, train_acc: 98.87723859151204, val_acc: 90.70759065296288, fidel_score: 91.71788567447487, acc_loss: 0.03227095325322201, grad_loss: None
2022-05-01 00:52:42,189 DEBUG epoch: 218, train_acc: 98.94234275817871, val_acc: 90.7152735048375, fidel_score: 91.77166563759718, acc_loss: 0.030234255051861208, grad_loss: None
2022-05-01 00:52:45,284 DEBUG epoch: 219, train_acc: 99.10567410786946, val_acc: 90.72679778264941, fidel_score: 91.64874000760332, acc_loss: 0.036526944662909955, grad_loss: None
2022-05-01 00:52:48,373 DEBUG epoch: 220, train_acc: 98.94234275817871, val_acc: 90.7652120420225, fidel_score: 91.74861708197332, acc_loss: 0.033376745375183724, grad_loss: None
2022-05-01 00:52:51,489 DEBUG epoch: 221, train_acc: 98.76302083333333, val_acc: 90.89582052389096, fidel_score: 91.80239704509565, acc_loss: 0.046488173538818955, grad_loss: None
2022-05-01 00:52:54,621 DEBUG epoch: 222, train_acc: 99.08854166666667, val_acc: 90.8151505792075, fidel_score: 91.84465273040603, acc_loss: 0.033828251296654344, grad_loss: None
2022-05-01 00:52:57,709 DEBUG epoch: 223, train_acc: 99.08854166666667, val_acc: 90.81130914858095, fidel_score: 91.82544559603025, acc_loss: 0.03540309039332593, grad_loss: None
2022-05-01 00:53:00,801 DEBUG epoch: 224, train_acc: 99.54427083333333, val_acc: 90.75368776421057, fidel_score: 91.76782421165987, acc_loss: 0.020693005217860144, grad_loss: None
2022-05-01 00:53:03,884 DEBUG epoch: 225, train_acc: 98.89322916666667, val_acc: 90.7882605929571, fidel_score: 91.81007989228101, acc_loss: 0.030626173693841945, grad_loss: None
2022-05-01 00:53:06,986 DEBUG epoch: 226, train_acc: 99.21875, val_acc: 90.73063920858672, fidel_score: 91.76014135978525, acc_loss: 0.032619452802464366, grad_loss: None
2022-05-01 00:53:10,085 DEBUG epoch: 227, train_acc: 99.20275942484538, val_acc: 90.79978487076903, fidel_score: 91.7985556144691, acc_loss: 0.026217668162037928, grad_loss: None
2022-05-01 00:53:13,188 DEBUG epoch: 228, train_acc: 98.87723859151204, val_acc: 90.85740626920713, fidel_score: 91.77550706822373, acc_loss: 0.039463611882335194, grad_loss: None
2022-05-01 00:53:16,261 DEBUG epoch: 229, train_acc: 99.08854166666667, val_acc: 90.82283343108212, fidel_score: 91.70636139666294, acc_loss: 0.030670961442713935, grad_loss: None
2022-05-01 00:53:19,361 DEBUG epoch: 230, train_acc: 99.20275942484538, val_acc: 90.73063921327596, fidel_score: 91.68331284572834, acc_loss: 0.025679320329800248, grad_loss: None
2022-05-01 00:53:22,441 DEBUG epoch: 231, train_acc: 98.69791666666667, val_acc: 90.82667486170867, fidel_score: 91.76782421634911, acc_loss: 0.050144336031128965, grad_loss: None
2022-05-01 00:53:25,545 DEBUG epoch: 232, train_acc: 98.76302083333333, val_acc: 90.8919791026429, fidel_score: 91.81776275353411, acc_loss: 0.03459383508500954, grad_loss: None
2022-05-01 00:53:28,611 DEBUG epoch: 233, train_acc: 99.33296775817871, val_acc: 90.79978488014751, fidel_score: 91.7870313413464, acc_loss: 0.024357552465517074, grad_loss: None
2022-05-01 00:53:31,681 DEBUG epoch: 234, train_acc: 99.07255109151204, val_acc: 90.77289488920788, fidel_score: 91.69099568822448, acc_loss: 0.02438001590780914, grad_loss: None
2022-05-01 00:53:34,772 DEBUG epoch: 235, train_acc: 99.47916666666667, val_acc: 90.76521204671174, fidel_score: 91.56422864167179, acc_loss: 0.020455567399039865, grad_loss: None
2022-05-01 00:53:37,865 DEBUG epoch: 236, train_acc: 99.21875, val_acc: 90.78057775046098, fidel_score: 91.67178856791641, acc_loss: 0.030375046810756128, grad_loss: None
2022-05-01 00:53:40,969 DEBUG epoch: 237, train_acc: 98.87723859151204, val_acc: 90.76905346327057, fidel_score: 91.67947141041255, acc_loss: 0.03517603792715818, grad_loss: None
2022-05-01 00:53:44,077 DEBUG epoch: 238, train_acc: 99.21875, val_acc: 90.68454209264979, fidel_score: 91.62185002135293, acc_loss: 0.02462576818652451, grad_loss: None
2022-05-01 00:53:47,165 DEBUG epoch: 239, train_acc: 99.15364583333333, val_acc: 90.8305162782675, fidel_score: 91.69867854009908, acc_loss: 0.025651146580154698, grad_loss: None
2022-05-01 00:53:50,255 DEBUG epoch: 240, train_acc: 98.95833333333333, val_acc: 90.79978487545827, fidel_score: 91.74861708197332, acc_loss: 0.02860934743269657, grad_loss: None
2022-05-01 00:53:53,355 DEBUG epoch: 241, train_acc: 98.86124801635742, val_acc: 90.68070066671248, fidel_score: 91.72940994759755, acc_loss: 0.031326739389138915, grad_loss: None
2022-05-01 00:53:56,462 DEBUG epoch: 242, train_acc: 98.22619692484538, val_acc: 90.81130915327019, fidel_score: 91.70251997072563, acc_loss: 0.05536337945765505, grad_loss: None
2022-05-01 00:53:59,551 DEBUG epoch: 243, train_acc: 98.86124801635742, val_acc: 90.77289488920788, fidel_score: 91.67947141041255, acc_loss: 0.0384723837293374, grad_loss: None
2022-05-01 00:54:02,656 DEBUG epoch: 244, train_acc: 98.95833333333333, val_acc: 90.84588198670596, fidel_score: 91.75629993384794, acc_loss: 0.03916717840669056, grad_loss: None
2022-05-01 00:54:05,757 DEBUG epoch: 245, train_acc: 98.79614384969075, val_acc: 90.69222494921365, fidel_score: 91.69099569291372, acc_loss: 0.036958062827276685, grad_loss: None
2022-05-01 00:54:08,847 DEBUG epoch: 246, train_acc: 99.21875, val_acc: 90.73448063921327, fidel_score: 91.62185003073141, acc_loss: 0.025802620919421315, grad_loss: None
2022-05-01 00:54:11,912 DEBUG epoch: 247, train_acc: 98.87723859151204, val_acc: 90.73063920389748, fidel_score: 91.62185002135293, acc_loss: 0.038410596161459885, grad_loss: None
2022-05-01 00:54:14,977 DEBUG epoch: 248, train_acc: 98.95833333333333, val_acc: 90.73832206046134, fidel_score: 91.6410571557287, acc_loss: 0.031535511215527855, grad_loss: None
2022-05-01 00:54:18,057 DEBUG epoch: 249, train_acc: 99.26786359151204, val_acc: 90.70374922702557, fidel_score: 91.6871542669764, acc_loss: 0.01941427825173984, grad_loss: None
2022-05-01 00:54:21,147 DEBUG epoch: 250, train_acc: 98.95833333333333, val_acc: 90.7652120420225, fidel_score: 91.71788567447487, acc_loss: 0.035340914303863734, grad_loss: None
2022-05-01 00:54:24,234 DEBUG epoch: 251, train_acc: 99.4140625, val_acc: 90.85740626451789, fidel_score: 91.81392132290756, acc_loss: 0.015060866055137012, grad_loss: None
2022-05-01 00:54:27,327 DEBUG epoch: 252, train_acc: 99.54427083333333, val_acc: 90.89582052389096, fidel_score: 91.77166563759718, acc_loss: 0.01781278202543035, grad_loss: None
2022-05-01 00:54:30,427 DEBUG epoch: 253, train_acc: 99.46317609151204, val_acc: 90.68838352327634, fidel_score: 91.61416717416755, acc_loss: 0.019722425650494795, grad_loss: None
2022-05-01 00:54:33,509 DEBUG epoch: 254, train_acc: 98.7310396830241, val_acc: 90.8612476904552, fidel_score: 91.75245850791063, acc_loss: 0.03719480987638235, grad_loss: None
2022-05-01 00:54:36,627 DEBUG epoch: 255, train_acc: 98.8452574412028, val_acc: 90.8689305423298, fidel_score: 91.79471419322103, acc_loss: 0.028461421141400933, grad_loss: None
2022-05-01 00:54:39,717 DEBUG epoch: 256, train_acc: 99.21875, val_acc: 90.82283343108212, fidel_score: 91.6410571557287, acc_loss: 0.024075185783052195, grad_loss: None
2022-05-01 00:54:42,820 DEBUG epoch: 257, train_acc: 99.34895833333333, val_acc: 90.94575906107598, fidel_score: 91.87922555915256, acc_loss: 0.025039526478697855, grad_loss: None
2022-05-01 00:54:45,919 DEBUG epoch: 258, train_acc: 99.28385416666667, val_acc: 90.75368776421057, fidel_score: 91.74477565603603, acc_loss: 0.028146927574804675, grad_loss: None
2022-05-01 00:54:48,997 DEBUG epoch: 259, train_acc: 98.91036160786946, val_acc: 90.73063920389748, fidel_score: 91.66410571604179, acc_loss: 0.047302152340610824, grad_loss: None
2022-05-01 00:54:52,081 DEBUG epoch: 260, train_acc: 99.0234375, val_acc: 90.87277197295636, fidel_score: 91.82928703134604, acc_loss: 0.02708930060422669, grad_loss: None
2022-05-01 00:54:55,173 DEBUG epoch: 261, train_acc: 98.74703025817871, val_acc: 90.77289489389712, fidel_score: 91.72556852634948, acc_loss: 0.034833378662976124, grad_loss: None
2022-05-01 00:54:58,277 DEBUG epoch: 262, train_acc: 99.0234375, val_acc: 90.75752919014788, fidel_score: 91.71020282260025, acc_loss: 0.032222524750977755, grad_loss: None
2022-05-01 00:55:01,347 DEBUG epoch: 263, train_acc: 99.54427083333333, val_acc: 90.9380762138906, fidel_score: 91.88690842040566, acc_loss: 0.017926709668245167, grad_loss: None
2022-05-01 00:55:04,453 DEBUG epoch: 264, train_acc: 99.00744692484538, val_acc: 90.84972340795403, fidel_score: 91.82928702196756, acc_loss: 0.026257843516456585, grad_loss: None
2022-05-01 00:55:07,553 DEBUG epoch: 265, train_acc: 99.21875, val_acc: 90.7921020282729, fidel_score: 91.78703134603565, acc_loss: 0.022272739404191572, grad_loss: None
2022-05-01 00:55:10,651 DEBUG epoch: 266, train_acc: 99.07255109151204, val_acc: 90.7959434542102, fidel_score: 91.69867854947756, acc_loss: 0.02651717292610556, grad_loss: None
2022-05-01 00:55:13,757 DEBUG epoch: 267, train_acc: 98.89322916666667, val_acc: 90.78441916701979, fidel_score: 91.72940994759755, acc_loss: 0.03293848557708164, grad_loss: None
2022-05-01 00:55:16,843 DEBUG epoch: 268, train_acc: 98.74703025817871, val_acc: 90.83819913483136, fidel_score: 91.69867854478832, acc_loss: 0.04093902234065657, grad_loss: None
2022-05-01 00:55:19,955 DEBUG epoch: 269, train_acc: 99.609375, val_acc: 90.87277196826712, fidel_score: 91.8369698785314, acc_loss: 0.021623279938163858, grad_loss: None
2022-05-01 00:55:23,042 DEBUG epoch: 270, train_acc: 98.99145634969075, val_acc: 90.7383220557721, fidel_score: 91.74093422540948, acc_loss: 0.03339528292417526, grad_loss: None
2022-05-01 00:55:26,163 DEBUG epoch: 271, train_acc: 99.609375, val_acc: 90.77673631983443, fidel_score: 91.71020282260025, acc_loss: 0.01978585389830793, grad_loss: None
2022-05-01 00:55:29,268 DEBUG epoch: 272, train_acc: 99.13765525817871, val_acc: 90.78826060233558, fidel_score: 91.58343577135832, acc_loss: 0.028636293524565797, grad_loss: None
2022-05-01 00:55:32,328 DEBUG epoch: 273, train_acc: 99.54427083333333, val_acc: 90.79978487545827, fidel_score: 91.72172710041217, acc_loss: 0.014960315650872266, grad_loss: None
2022-05-01 00:55:35,417 DEBUG epoch: 274, train_acc: 99.47916666666667, val_acc: 90.76521204671174, fidel_score: 91.7140442532268, acc_loss: 0.016653185380467523, grad_loss: None
2022-05-01 00:55:38,529 DEBUG epoch: 275, train_acc: 99.39807192484538, val_acc: 90.7805777410825, fidel_score: 91.76398278103332, acc_loss: 0.024964162381365895, grad_loss: None
2022-05-01 00:55:41,612 DEBUG epoch: 276, train_acc: 98.74703025817871, val_acc: 90.82667486170867, fidel_score: 91.70251997541487, acc_loss: 0.038393853891951345, grad_loss: None
2022-05-01 00:55:44,700 DEBUG epoch: 277, train_acc: 99.34895833333333, val_acc: 90.75752918545864, fidel_score: 91.71404424384832, acc_loss: 0.02961018537947287, grad_loss: None
2022-05-01 00:55:47,805 DEBUG epoch: 278, train_acc: 98.74703025817871, val_acc: 90.87661339889367, fidel_score: 91.76398278572256, acc_loss: 0.046382937813177705, grad_loss: None
2022-05-01 00:55:50,893 DEBUG epoch: 279, train_acc: 98.74703025817871, val_acc: 90.77289488920788, fidel_score: 91.67562998447524, acc_loss: 0.02737458609044552, grad_loss: None
2022-05-01 00:55:53,981 DEBUG epoch: 280, train_acc: 99.73958333333333, val_acc: 90.68838352327634, fidel_score: 91.6372157297914, acc_loss: 0.015667921494847786, grad_loss: None
2022-05-01 00:55:57,056 DEBUG epoch: 281, train_acc: 99.8046875, val_acc: 90.76521204671174, fidel_score: 91.72172710510141, acc_loss: 0.014845626797371855, grad_loss: None
2022-05-01 00:56:00,142 DEBUG epoch: 282, train_acc: 99.28385416666667, val_acc: 90.90350337576558, fidel_score: 91.74477565603603, acc_loss: 0.029431986932953198, grad_loss: None
2022-05-01 00:56:03,265 DEBUG epoch: 283, train_acc: 99.15364583333333, val_acc: 90.76137061608519, fidel_score: 91.74861708197332, acc_loss: 0.03152632024527217, grad_loss: None
2022-05-01 00:56:06,363 DEBUG epoch: 284, train_acc: 99.26786359151204, val_acc: 90.83819913014212, fidel_score: 91.75245850322139, acc_loss: 0.02491775492671877, grad_loss: None
2022-05-01 00:56:09,461 DEBUG epoch: 285, train_acc: 99.26786359151204, val_acc: 90.84204055607941, fidel_score: 91.74477565134679, acc_loss: 0.01815337681910023, grad_loss: None
2022-05-01 00:56:12,540 DEBUG epoch: 286, train_acc: 99.20275942484538, val_acc: 90.70374923171481, fidel_score: 91.72556853103872, acc_loss: 0.028246543971666444, grad_loss: None
2022-05-01 00:56:15,647 DEBUG epoch: 287, train_acc: 99.34895833333333, val_acc: 90.88429625076829, fidel_score: 91.78318992009834, acc_loss: 0.018410004520167906, grad_loss: None
2022-05-01 00:56:18,729 DEBUG epoch: 288, train_acc: 99.4140625, val_acc: 90.85740626920713, fidel_score: 91.74861708666256, acc_loss: 0.02052992714258532, grad_loss: None
2022-05-01 00:56:21,835 DEBUG epoch: 289, train_acc: 99.44718551635742, val_acc: 90.81130914858095, fidel_score: 91.68331283634986, acc_loss: 0.02439179791448017, grad_loss: None
2022-05-01 00:56:24,935 DEBUG epoch: 290, train_acc: 99.47916666666667, val_acc: 90.82667485233019, fidel_score: 91.72556852166024, acc_loss: 0.017301352248371888, grad_loss: None
2022-05-01 00:56:28,064 DEBUG epoch: 291, train_acc: 99.34895833333333, val_acc: 90.95344191763982, fidel_score: 91.87154271665642, acc_loss: 0.018554138058486085, grad_loss: None
2022-05-01 00:56:31,158 DEBUG epoch: 292, train_acc: 99.20275942484538, val_acc: 90.8343577042048, fidel_score: 91.76014135509601, acc_loss: 0.02814766993590941, grad_loss: None
2022-05-01 00:56:34,271 DEBUG epoch: 293, train_acc: 99.47916666666667, val_acc: 90.72295635202288, fidel_score: 91.64874000291408, acc_loss: 0.02329197380458936, grad_loss: None
2022-05-01 00:56:37,345 DEBUG epoch: 294, train_acc: 99.47916666666667, val_acc: 90.77673631514519, fidel_score: 91.72556852166024, acc_loss: 0.018393410738402356, grad_loss: None
2022-05-01 00:56:40,442 DEBUG epoch: 295, train_acc: 98.87723859151204, val_acc: 90.79978488014751, fidel_score: 91.73709280885065, acc_loss: 0.03324099445793157, grad_loss: None
2022-05-01 00:56:43,521 DEBUG epoch: 296, train_acc: 98.40551884969075, val_acc: 90.88045482014174, fidel_score: 91.76782420697063, acc_loss: 0.04710485925897956, grad_loss: None
2022-05-01 00:56:46,607 DEBUG epoch: 297, train_acc: 99.33296775817871, val_acc: 90.96112476013596, fidel_score: 91.88306698508987, acc_loss: 0.028772222353533532, grad_loss: None
2022-05-01 00:56:49,690 DEBUG epoch: 298, train_acc: 99.54427083333333, val_acc: 90.77673632452367, fidel_score: 91.73709280885065, acc_loss: 0.02246080688200891, grad_loss: None
2022-05-01 00:56:52,774 DEBUG epoch: 299, train_acc: 99.47916666666667, val_acc: 90.73448063921327, fidel_score: 91.64874001229256, acc_loss: 0.022458844740564626, grad_loss: None
2022-05-01 00:56:55,883 DEBUG epoch: 300, train_acc: 99.28385416666667, val_acc: 90.80362630608482, fidel_score: 91.70251997541487, acc_loss: 0.023798757058102638, grad_loss: None
2022-05-01 00:56:55,884 DEBUG load best stealed model.
2022-05-01 00:56:55,884 DEBUG Best perform model, val_acc: 91.20313459418637, fidel_score: 92.15964965257604, acc_loss: 0.04477805745167037
2022-05-01 00:56:55,885 DEBUG load cloest stealed model.
2022-05-01 00:56:55,885 DEBUG Closest perform model, val_acc: 91.20313459418637, fidel_score: 92.15964965257604, acc_loss: 0.04477805745167037
