2022-04-27 00:43:07,551 DEBUG Namespace(arch='vgg11_bn', attack_client=0, attack_epochs=300, attack_style='Craft_option_step50', average_time=1, batch_size=128, bottleneck_option='None', cutlayer=4, data_proportion=0.0, dataset='cifar10', filename='ace_V2_epoch_vgg11_bn_cutlayer_4_client_1_seed125_dataset_cifar10_lr_0.05_200epoch', folder='saves/baseline', learning_rate=0.005, noniid_ratio=1.0, num_client=1, num_epochs='best', num_query=10000, random_seed=123, regularization='None', regularization_strength=0.0, scheme='V2_epoch', surrogate_arch='longer', test_best=True, train_clas_layer=2.0)
2022-04-27 00:43:11,594 DEBUG Test (client-0):	Loss 0.6164 (0.3623)	Prec@1 81.250 (91.890)
2022-04-27 00:43:11,594 DEBUG  * Prec@1 91.890
2022-04-27 00:43:11,696 DEBUG 6
2022-04-27 00:43:11,696 DEBUG surrogate parameter has 6 trainable parameters!
2022-04-27 00:43:12,167 DEBUG Image 0 class 0 - Iter 50 Feature loss: 0.00027056847466155887 TVLoss: 1.315361738204956 l2Loss: 0.685433030128479
2022-04-27 00:43:12,579 DEBUG Image 1 class 0 - Iter 50 Feature loss: 0.00022492263815365732 TVLoss: 1.301264762878418 l2Loss: 0.689900279045105
2022-04-27 00:43:13,014 DEBUG Image 2 class 0 - Iter 50 Feature loss: 0.0007285801111720502 TVLoss: 1.3509629964828491 l2Loss: 0.6888157725334167
2022-04-27 00:43:13,455 DEBUG Image 3 class 0 - Iter 50 Feature loss: 1.7881377516459906e-06 TVLoss: 1.2877871990203857 l2Loss: 0.7397522926330566
2022-04-27 00:43:13,877 DEBUG Image 4 class 0 - Iter 50 Feature loss: 0.0006252956227399409 TVLoss: 1.386409878730774 l2Loss: 0.6911616325378418
2022-04-27 00:43:14,294 DEBUG Image 5 class 0 - Iter 50 Feature loss: 0.0007370378007180989 TVLoss: 1.4469234943389893 l2Loss: 0.7177639007568359
2022-04-27 00:43:14,760 DEBUG Image 6 class 0 - Iter 50 Feature loss: 0.0008721124031580985 TVLoss: 1.3899052143096924 l2Loss: 0.700201153755188
2022-04-27 00:43:15,163 DEBUG Image 7 class 0 - Iter 50 Feature loss: 0.0005422552349045873 TVLoss: 1.3821356296539307 l2Loss: 0.6778786182403564
2022-04-27 00:43:15,601 DEBUG Image 8 class 0 - Iter 50 Feature loss: 0.001033010776154697 TVLoss: 1.4043540954589844 l2Loss: 0.6993441581726074
2022-04-27 00:43:16,031 DEBUG Image 9 class 0 - Iter 50 Feature loss: 0.000726316764485091 TVLoss: 1.266083836555481 l2Loss: 0.6693369746208191
2022-04-27 00:43:16,452 DEBUG Image 10 class 0 - Iter 50 Feature loss: 0.0005227153305895627 TVLoss: 1.307448387145996 l2Loss: 0.6813880801200867
2022-04-27 00:43:16,879 DEBUG Image 11 class 0 - Iter 50 Feature loss: 0.0012546057114377618 TVLoss: 1.4073604345321655 l2Loss: 0.7185294032096863
2022-04-27 00:43:17,310 DEBUG Image 12 class 0 - Iter 50 Feature loss: 5.0424259825376794e-05 TVLoss: 1.368496060371399 l2Loss: 0.7096297144889832
2022-04-27 00:43:17,777 DEBUG Image 13 class 0 - Iter 50 Feature loss: 0.001613387605175376 TVLoss: 1.4577012062072754 l2Loss: 0.7222170829772949
2022-04-27 00:43:18,086 DEBUG Image 14 class 0 - Iter 50 Feature loss: 4.672895011026412e-05 TVLoss: 1.3587689399719238 l2Loss: 0.6927639842033386
2022-04-27 00:43:18,503 DEBUG Image 15 class 0 - Iter 50 Feature loss: 0.0005505952867679298 TVLoss: 1.3272252082824707 l2Loss: 0.7134491205215454
2022-04-27 00:43:18,920 DEBUG Image 16 class 0 - Iter 50 Feature loss: 0.0006405447493307292 TVLoss: 1.4001367092132568 l2Loss: 0.6992102861404419
2022-04-27 00:43:19,306 DEBUG Image 17 class 0 - Iter 50 Feature loss: 0.0007426364463753998 TVLoss: 1.4493579864501953 l2Loss: 0.6997928619384766
2022-04-27 00:43:19,699 DEBUG Image 18 class 0 - Iter 50 Feature loss: 0.0005090133054181933 TVLoss: 1.290581226348877 l2Loss: 0.6820715665817261
2022-04-27 00:43:20,131 DEBUG Image 19 class 0 - Iter 50 Feature loss: 0.0005613181856460869 TVLoss: 1.456892728805542 l2Loss: 0.7337285876274109
2022-04-27 00:43:20,584 DEBUG Image 0 class 1 - Iter 50 Feature loss: 6.842378934379667e-05 TVLoss: 1.3886001110076904 l2Loss: 0.7096685767173767
2022-04-27 00:43:21,006 DEBUG Image 1 class 1 - Iter 50 Feature loss: 0.0006658005877397954 TVLoss: 1.3667207956314087 l2Loss: 0.6858819723129272
2022-04-27 00:43:21,426 DEBUG Image 2 class 1 - Iter 50 Feature loss: 0.0006831934442743659 TVLoss: 1.5997353792190552 l2Loss: 0.7360743284225464
2022-04-27 00:43:21,879 DEBUG Image 3 class 1 - Iter 50 Feature loss: 0.00043585337698459625 TVLoss: 1.6161346435546875 l2Loss: 0.7907702326774597
2022-04-27 00:43:22,285 DEBUG Image 4 class 1 - Iter 50 Feature loss: 0.0 TVLoss: 1.4923584461212158 l2Loss: 0.7564191818237305
2022-04-27 00:43:22,733 DEBUG Image 5 class 1 - Iter 50 Feature loss: 6.437280717364047e-06 TVLoss: 1.292649269104004 l2Loss: 0.7336589694023132
2022-04-27 00:43:23,172 DEBUG Image 6 class 1 - Iter 50 Feature loss: 6.210611172718927e-05 TVLoss: 1.5046353340148926 l2Loss: 0.7372086048126221
2022-04-27 00:43:23,627 DEBUG Image 7 class 1 - Iter 50 Feature loss: 0.0004677870310842991 TVLoss: 1.3686423301696777 l2Loss: 0.70048588514328
2022-04-27 00:43:24,073 DEBUG Image 8 class 1 - Iter 50 Feature loss: 0.00037889453233219683 TVLoss: 1.3697081804275513 l2Loss: 0.6899473071098328
2022-04-27 00:43:24,515 DEBUG Image 9 class 1 - Iter 50 Feature loss: 0.00021336186910048127 TVLoss: 1.3859055042266846 l2Loss: 0.7396988868713379
2022-04-27 00:43:24,947 DEBUG Image 10 class 1 - Iter 50 Feature loss: 0.00023278864682652056 TVLoss: 1.4467881917953491 l2Loss: 0.7436318397521973
2022-04-27 00:43:25,382 DEBUG Image 11 class 1 - Iter 50 Feature loss: 0.0005645350320264697 TVLoss: 1.528603196144104 l2Loss: 0.7334305644035339
2022-04-27 00:43:25,797 DEBUG Image 12 class 1 - Iter 50 Feature loss: 4.887569048150908e-06 TVLoss: 1.2764524221420288 l2Loss: 0.6694873571395874
2022-04-27 00:43:26,224 DEBUG Image 13 class 1 - Iter 50 Feature loss: 0.00043466180795803666 TVLoss: 1.2949235439300537 l2Loss: 0.6714601516723633
2022-04-27 00:43:26,633 DEBUG Image 14 class 1 - Iter 50 Feature loss: 0.00025197668583132327 TVLoss: 1.3646776676177979 l2Loss: 0.7234517931938171
2022-04-27 00:43:27,012 DEBUG Image 15 class 1 - Iter 50 Feature loss: 2.8371408916427754e-05 TVLoss: 1.5900423526763916 l2Loss: 0.7745406627655029
2022-04-27 00:43:27,437 DEBUG Image 16 class 1 - Iter 50 Feature loss: 0.00023934361524879932 TVLoss: 1.3248910903930664 l2Loss: 0.6959346532821655
2022-04-27 00:43:27,799 DEBUG Image 17 class 1 - Iter 50 Feature loss: 5.435795901576057e-05 TVLoss: 1.307335615158081 l2Loss: 0.7022699117660522
2022-04-27 00:43:28,248 DEBUG Image 18 class 1 - Iter 50 Feature loss: 1.811964830267243e-05 TVLoss: 1.5297561883926392 l2Loss: 0.7518431544303894
2022-04-27 00:43:28,617 DEBUG Image 19 class 1 - Iter 50 Feature loss: 2.47952248173533e-05 TVLoss: 1.3576364517211914 l2Loss: 0.7063703536987305
2022-04-27 00:43:29,055 DEBUG Image 0 class 2 - Iter 50 Feature loss: 4.7205765440594405e-05 TVLoss: 0.977676510810852 l2Loss: 0.5414601564407349
2022-04-27 00:43:29,488 DEBUG Image 1 class 2 - Iter 50 Feature loss: 0.00012599628826137632 TVLoss: 1.2208495140075684 l2Loss: 0.6363581418991089
2022-04-27 00:43:29,930 DEBUG Image 2 class 2 - Iter 50 Feature loss: 0.000342191313393414 TVLoss: 1.315530776977539 l2Loss: 0.6547592878341675
2022-04-27 00:43:30,358 DEBUG Image 3 class 2 - Iter 50 Feature loss: 3.933898824470816e-06 TVLoss: 0.5796574354171753 l2Loss: 0.42977142333984375
2022-04-27 00:43:30,792 DEBUG Image 4 class 2 - Iter 50 Feature loss: 0.0003133521240670234 TVLoss: 1.306969404220581 l2Loss: 0.6362453699111938
2022-04-27 00:43:31,227 DEBUG Image 5 class 2 - Iter 50 Feature loss: 0.00018904806347563863 TVLoss: 1.3912081718444824 l2Loss: 0.6727488040924072
2022-04-27 00:43:31,678 DEBUG Image 6 class 2 - Iter 50 Feature loss: 0.00026222606538794935 TVLoss: 1.3430373668670654 l2Loss: 0.6446163058280945
2022-04-27 00:43:32,104 DEBUG Image 7 class 2 - Iter 50 Feature loss: 0.00010406429646536708 TVLoss: 1.1893677711486816 l2Loss: 0.637952446937561
2022-04-27 00:43:32,554 DEBUG Image 8 class 2 - Iter 50 Feature loss: 0.0002661589242052287 TVLoss: 1.3482334613800049 l2Loss: 0.6471265554428101
2022-04-27 00:43:32,990 DEBUG Image 9 class 2 - Iter 50 Feature loss: 0.00019453064305707812 TVLoss: 1.2424986362457275 l2Loss: 0.6241183280944824
2022-04-27 00:43:33,427 DEBUG Image 10 class 2 - Iter 50 Feature loss: 0.0002553137019276619 TVLoss: 1.315653920173645 l2Loss: 0.6509808897972107
2022-04-27 00:43:33,894 DEBUG Image 11 class 2 - Iter 50 Feature loss: 0.00025376438861712813 TVLoss: 1.3726634979248047 l2Loss: 0.6441788077354431
2022-04-27 00:43:34,318 DEBUG Image 12 class 2 - Iter 50 Feature loss: 0.0002762889489531517 TVLoss: 1.37131929397583 l2Loss: 0.6605675220489502
2022-04-27 00:43:34,771 DEBUG Image 13 class 2 - Iter 50 Feature loss: 0.0002406545972917229 TVLoss: 1.2615644931793213 l2Loss: 0.6505519151687622
2022-04-27 00:43:35,219 DEBUG Image 14 class 2 - Iter 50 Feature loss: 0.0003327769518364221 TVLoss: 1.2990458011627197 l2Loss: 0.6479024291038513
2022-04-27 00:43:35,677 DEBUG Image 15 class 2 - Iter 50 Feature loss: 5.173549288883805e-05 TVLoss: 0.9550989866256714 l2Loss: 0.5469619035720825
2022-04-27 00:43:36,007 DEBUG Image 16 class 2 - Iter 50 Feature loss: 7.247662142617628e-05 TVLoss: 1.0832111835479736 l2Loss: 0.607052743434906
2022-04-27 00:43:36,415 DEBUG Image 17 class 2 - Iter 50 Feature loss: 0.0001616347290109843 TVLoss: 1.312330722808838 l2Loss: 0.6464793682098389
2022-04-27 00:43:36,805 DEBUG Image 18 class 2 - Iter 50 Feature loss: 0.0003200257197022438 TVLoss: 1.3575390577316284 l2Loss: 0.6489524841308594
2022-04-27 00:43:37,237 DEBUG Image 19 class 2 - Iter 50 Feature loss: 0.0002996472467202693 TVLoss: 1.3231617212295532 l2Loss: 0.6533986330032349
2022-04-27 00:43:37,542 DEBUG Image 0 class 3 - Iter 50 Feature loss: 0.0004686211177613586 TVLoss: 1.3330190181732178 l2Loss: 0.6783474683761597
2022-04-27 00:43:37,974 DEBUG Image 1 class 3 - Iter 50 Feature loss: 0.0004343043256085366 TVLoss: 1.3419253826141357 l2Loss: 0.6570746898651123
2022-04-27 00:43:38,423 DEBUG Image 2 class 3 - Iter 50 Feature loss: 0.0002731903805397451 TVLoss: 1.318009853363037 l2Loss: 0.6562590003013611
2022-04-27 00:43:38,857 DEBUG Image 3 class 3 - Iter 50 Feature loss: 0.000806721393018961 TVLoss: 1.3479783535003662 l2Loss: 0.6850532293319702
2022-04-27 00:43:39,312 DEBUG Image 4 class 3 - Iter 50 Feature loss: 0.000502817565575242 TVLoss: 1.3587026596069336 l2Loss: 0.6738101243972778
2022-04-27 00:43:39,745 DEBUG Image 5 class 3 - Iter 50 Feature loss: 0.0006198153714649379 TVLoss: 1.3687834739685059 l2Loss: 0.6568835973739624
2022-04-27 00:43:40,190 DEBUG Image 6 class 3 - Iter 50 Feature loss: 0.000641974329482764 TVLoss: 1.3218648433685303 l2Loss: 0.6529330015182495
2022-04-27 00:43:40,608 DEBUG Image 7 class 3 - Iter 50 Feature loss: 0.0007578838267363608 TVLoss: 1.3577585220336914 l2Loss: 0.6963042616844177
2022-04-27 00:43:41,019 DEBUG Image 8 class 3 - Iter 50 Feature loss: 0.0003703146940097213 TVLoss: 1.325575351715088 l2Loss: 0.692773699760437
2022-04-27 00:43:41,451 DEBUG Image 9 class 3 - Iter 50 Feature loss: 0.001122797722928226 TVLoss: 1.2996442317962646 l2Loss: 0.6732907295227051
2022-04-27 00:43:41,902 DEBUG Image 10 class 3 - Iter 50 Feature loss: 0.00015937011630740017 TVLoss: 1.2851510047912598 l2Loss: 0.6608644723892212
2022-04-27 00:43:42,334 DEBUG Image 11 class 3 - Iter 50 Feature loss: 0.00024136967840604484 TVLoss: 1.3932608366012573 l2Loss: 0.6697220802307129
2022-04-27 00:43:42,719 DEBUG Image 12 class 3 - Iter 50 Feature loss: 4.088794958079234e-05 TVLoss: 1.3427140712738037 l2Loss: 0.6791223883628845
2022-04-27 00:43:43,128 DEBUG Image 13 class 3 - Iter 50 Feature loss: 0.0008138681878335774 TVLoss: 1.3126120567321777 l2Loss: 0.6644388437271118
2022-04-27 00:43:43,553 DEBUG Image 14 class 3 - Iter 50 Feature loss: 0.0005476167425513268 TVLoss: 1.2954357862472534 l2Loss: 0.683830738067627
2022-04-27 00:43:44,006 DEBUG Image 15 class 3 - Iter 50 Feature loss: 0.0004259632551111281 TVLoss: 1.3131732940673828 l2Loss: 0.6791783571243286
2022-04-27 00:43:44,432 DEBUG Image 16 class 3 - Iter 50 Feature loss: 0.00025138078490272164 TVLoss: 1.2559151649475098 l2Loss: 0.6627012491226196
2022-04-27 00:43:44,829 DEBUG Image 17 class 3 - Iter 50 Feature loss: 0.00022420754248742014 TVLoss: 1.280191421508789 l2Loss: 0.6667472720146179
2022-04-27 00:43:45,219 DEBUG Image 18 class 3 - Iter 50 Feature loss: 0.00034338299883529544 TVLoss: 1.3119148015975952 l2Loss: 0.6526592373847961
2022-04-27 00:43:45,650 DEBUG Image 19 class 3 - Iter 50 Feature loss: 0.0003097769513260573 TVLoss: 1.269963264465332 l2Loss: 0.646929144859314
2022-04-27 00:43:46,100 DEBUG Image 0 class 4 - Iter 50 Feature loss: 0.000700466800481081 TVLoss: 1.2740674018859863 l2Loss: 0.6413456201553345
2022-04-27 00:43:46,415 DEBUG Image 1 class 4 - Iter 50 Feature loss: 0.0005913416389375925 TVLoss: 1.2694770097732544 l2Loss: 0.6556384563446045
2022-04-27 00:43:46,845 DEBUG Image 2 class 4 - Iter 50 Feature loss: 0.0005712069687433541 TVLoss: 1.356748104095459 l2Loss: 0.6826252937316895
2022-04-27 00:43:47,289 DEBUG Image 3 class 4 - Iter 50 Feature loss: 0.0006593675934709609 TVLoss: 1.304220199584961 l2Loss: 0.6976444125175476
2022-04-27 00:43:47,729 DEBUG Image 4 class 4 - Iter 50 Feature loss: 0.0003438596613705158 TVLoss: 1.1867409944534302 l2Loss: 0.6531752347946167
2022-04-27 00:43:48,161 DEBUG Image 5 class 4 - Iter 50 Feature loss: 0.00048101297579705715 TVLoss: 1.270402431488037 l2Loss: 0.6753439903259277
2022-04-27 00:43:48,606 DEBUG Image 6 class 4 - Iter 50 Feature loss: 0.00039641151670366526 TVLoss: 1.3584003448486328 l2Loss: 0.6700013875961304
2022-04-27 00:43:49,044 DEBUG Image 7 class 4 - Iter 50 Feature loss: 0.0005472592893056571 TVLoss: 1.3097662925720215 l2Loss: 0.6664547920227051
2022-04-27 00:43:49,479 DEBUG Image 8 class 4 - Iter 50 Feature loss: 0.000444551813416183 TVLoss: 1.3380513191223145 l2Loss: 0.6660059690475464
2022-04-27 00:43:49,950 DEBUG Image 9 class 4 - Iter 50 Feature loss: 0.0006441186997108161 TVLoss: 1.347062587738037 l2Loss: 0.6803140640258789
2022-04-27 00:43:50,376 DEBUG Image 10 class 4 - Iter 50 Feature loss: 0.000418575422372669 TVLoss: 1.211830735206604 l2Loss: 0.6468186974525452
2022-04-27 00:43:50,807 DEBUG Image 11 class 4 - Iter 50 Feature loss: 0.0008885487914085388 TVLoss: 1.2518527507781982 l2Loss: 0.6826561689376831
2022-04-27 00:43:51,268 DEBUG Image 12 class 4 - Iter 50 Feature loss: 0.0006062338361516595 TVLoss: 1.3078055381774902 l2Loss: 0.6941118240356445
2022-04-27 00:43:51,708 DEBUG Image 13 class 4 - Iter 50 Feature loss: 0.00016985881666187197 TVLoss: 1.2041985988616943 l2Loss: 0.6429320573806763
2022-04-27 00:43:52,156 DEBUG Image 14 class 4 - Iter 50 Feature loss: 0.0003123987407889217 TVLoss: 1.2986009120941162 l2Loss: 0.653270423412323
2022-04-27 00:43:52,581 DEBUG Image 15 class 4 - Iter 50 Feature loss: 0.0001472126314183697 TVLoss: 1.3110809326171875 l2Loss: 0.6475842595100403
2022-04-27 00:43:53,032 DEBUG Image 16 class 4 - Iter 50 Feature loss: 0.00019810620869975537 TVLoss: 1.150816559791565 l2Loss: 0.6386913657188416
2022-04-27 00:43:53,449 DEBUG Image 17 class 4 - Iter 50 Feature loss: 0.0006075443816371262 TVLoss: 1.262655258178711 l2Loss: 0.673466682434082
2022-04-27 00:43:53,833 DEBUG Image 18 class 4 - Iter 50 Feature loss: 0.0008172033121809363 TVLoss: 1.2055333852767944 l2Loss: 0.6612491011619568
2022-04-27 00:43:54,227 DEBUG Image 19 class 4 - Iter 50 Feature loss: 0.0005687049706466496 TVLoss: 1.2093011140823364 l2Loss: 0.6728816032409668
2022-04-27 00:43:54,676 DEBUG Image 0 class 5 - Iter 50 Feature loss: 0.0003812778159044683 TVLoss: 1.1823601722717285 l2Loss: 0.6212764382362366
2022-04-27 00:43:55,077 DEBUG Image 1 class 5 - Iter 50 Feature loss: 0.0004805363714694977 TVLoss: 1.1804215908050537 l2Loss: 0.6121808290481567
2022-04-27 00:43:55,414 DEBUG Image 2 class 5 - Iter 50 Feature loss: 0.0005327236140146852 TVLoss: 1.2616946697235107 l2Loss: 0.6567673683166504
2022-04-27 00:43:55,877 DEBUG Image 3 class 5 - Iter 50 Feature loss: 0.001583989942446351 TVLoss: 1.2471907138824463 l2Loss: 0.696047306060791
2022-04-27 00:43:56,347 DEBUG Image 4 class 5 - Iter 50 Feature loss: 0.0007200032705441117 TVLoss: 1.2189877033233643 l2Loss: 0.6385592222213745
2022-04-27 00:43:56,825 DEBUG Image 5 class 5 - Iter 50 Feature loss: 0.0009832315845414996 TVLoss: 1.2178137302398682 l2Loss: 0.6275765895843506
2022-04-27 00:43:57,289 DEBUG Image 6 class 5 - Iter 50 Feature loss: 0.0006957017467357218 TVLoss: 1.2017375230789185 l2Loss: 0.638211190700531
2022-04-27 00:43:57,750 DEBUG Image 7 class 5 - Iter 50 Feature loss: 0.0008459088858217001 TVLoss: 1.202757477760315 l2Loss: 0.6432569622993469
2022-04-27 00:43:58,175 DEBUG Image 8 class 5 - Iter 50 Feature loss: 0.0006012300727888942 TVLoss: 1.1382896900177002 l2Loss: 0.6032031774520874
2022-04-27 00:43:58,647 DEBUG Image 9 class 5 - Iter 50 Feature loss: 0.0005840741214342415 TVLoss: 1.205060601234436 l2Loss: 0.6624886393547058
2022-04-27 00:43:59,095 DEBUG Image 10 class 5 - Iter 50 Feature loss: 0.0017648849170655012 TVLoss: 1.270570993423462 l2Loss: 0.6507513523101807
2022-04-27 00:43:59,548 DEBUG Image 11 class 5 - Iter 50 Feature loss: 0.0007185738068073988 TVLoss: 1.2582039833068848 l2Loss: 0.6320440769195557
2022-04-27 00:44:00,003 DEBUG Image 12 class 5 - Iter 50 Feature loss: 0.0003323002893012017 TVLoss: 1.2136316299438477 l2Loss: 0.6604301929473877
2022-04-27 00:44:00,465 DEBUG Image 13 class 5 - Iter 50 Feature loss: 0.0007875440060161054 TVLoss: 1.1640183925628662 l2Loss: 0.6240410804748535
2022-04-27 00:44:00,931 DEBUG Image 14 class 5 - Iter 50 Feature loss: 0.0004893536097370088 TVLoss: 1.2398260831832886 l2Loss: 0.6367735266685486
2022-04-27 00:44:01,375 DEBUG Image 15 class 5 - Iter 50 Feature loss: 0.0006012300727888942 TVLoss: 1.2317321300506592 l2Loss: 0.6388034820556641
2022-04-27 00:44:01,830 DEBUG Image 16 class 5 - Iter 50 Feature loss: 0.0006358985556289554 TVLoss: 1.2130417823791504 l2Loss: 0.6353994607925415
2022-04-27 00:44:02,284 DEBUG Image 17 class 5 - Iter 50 Feature loss: 0.0006444760947488248 TVLoss: 1.216430425643921 l2Loss: 0.6257320642471313
2022-04-27 00:44:02,643 DEBUG Image 18 class 5 - Iter 50 Feature loss: 0.0007151191821321845 TVLoss: 1.2093229293823242 l2Loss: 0.6172909736633301
2022-04-27 00:44:03,046 DEBUG Image 19 class 5 - Iter 50 Feature loss: 0.0005199749139137566 TVLoss: 1.26790189743042 l2Loss: 0.6356086730957031
2022-04-27 00:44:03,470 DEBUG Image 0 class 6 - Iter 50 Feature loss: 4.994744449504651e-05 TVLoss: 1.1982882022857666 l2Loss: 0.6303931474685669
2022-04-27 00:44:03,861 DEBUG Image 1 class 6 - Iter 50 Feature loss: 3.71926071238704e-05 TVLoss: 1.109137773513794 l2Loss: 0.6064401268959045
2022-04-27 00:44:04,271 DEBUG Image 2 class 6 - Iter 50 Feature loss: 0.00018976318824570626 TVLoss: 1.3569773435592651 l2Loss: 0.6839010119438171
2022-04-27 00:44:04,696 DEBUG Image 3 class 6 - Iter 50 Feature loss: 7.748573807475623e-06 TVLoss: 0.4897603392601013 l2Loss: 0.3858625292778015
2022-04-27 00:44:05,120 DEBUG Image 4 class 6 - Iter 50 Feature loss: 0.0001212284987559542 TVLoss: 1.2945635318756104 l2Loss: 0.6795867681503296
2022-04-27 00:44:05,550 DEBUG Image 5 class 6 - Iter 50 Feature loss: 8.4638240878121e-06 TVLoss: 0.4611153304576874 l2Loss: 0.3872315585613251
2022-04-27 00:44:06,007 DEBUG Image 6 class 6 - Iter 50 Feature loss: 0.00017951308109331876 TVLoss: 1.3997385501861572 l2Loss: 0.6810317039489746
2022-04-27 00:44:06,444 DEBUG Image 7 class 6 - Iter 50 Feature loss: 2.8729025871143676e-05 TVLoss: 0.8791632652282715 l2Loss: 0.550203800201416
2022-04-27 00:44:06,917 DEBUG Image 8 class 6 - Iter 50 Feature loss: 0.00022110878489911556 TVLoss: 1.3746432065963745 l2Loss: 0.6808778643608093
2022-04-27 00:44:07,404 DEBUG Image 9 class 6 - Iter 50 Feature loss: 0.00025650550378486514 TVLoss: 1.3702514171600342 l2Loss: 0.6672102808952332
2022-04-27 00:44:07,857 DEBUG Image 10 class 6 - Iter 50 Feature loss: 0.0001991788885788992 TVLoss: 1.3449513912200928 l2Loss: 0.6653041839599609
2022-04-27 00:44:08,305 DEBUG Image 11 class 6 - Iter 50 Feature loss: 7.867782187531702e-06 TVLoss: 0.5495641231536865 l2Loss: 0.41833817958831787
2022-04-27 00:44:08,739 DEBUG Image 12 class 6 - Iter 50 Feature loss: 0.0002698534226510674 TVLoss: 1.3517457246780396 l2Loss: 0.6879477500915527
2022-04-27 00:44:09,125 DEBUG Image 13 class 6 - Iter 50 Feature loss: 0.0001267114421352744 TVLoss: 1.2689779996871948 l2Loss: 0.64666748046875
2022-04-27 00:44:09,629 DEBUG Image 14 class 6 - Iter 50 Feature loss: 2.1934269170742482e-05 TVLoss: 0.8982565402984619 l2Loss: 0.5256679058074951
2022-04-27 00:44:10,112 DEBUG Image 15 class 6 - Iter 50 Feature loss: 0.0001567479339428246 TVLoss: 1.2617993354797363 l2Loss: 0.6600821614265442
2022-04-27 00:44:10,581 DEBUG Image 16 class 6 - Iter 50 Feature loss: 9.679325739853084e-05 TVLoss: 1.2818372249603271 l2Loss: 0.6436344385147095
2022-04-27 00:44:11,031 DEBUG Image 17 class 6 - Iter 50 Feature loss: 0.0001174142598756589 TVLoss: 1.2218908071517944 l2Loss: 0.6386465430259705
2022-04-27 00:44:11,396 DEBUG Image 18 class 6 - Iter 50 Feature loss: 5.566918844124302e-05 TVLoss: 1.0751745700836182 l2Loss: 0.6302705407142639
2022-04-27 00:44:11,867 DEBUG Image 19 class 6 - Iter 50 Feature loss: 0.0004107108688913286 TVLoss: 1.3170905113220215 l2Loss: 0.6761064529418945
2022-04-27 00:44:12,329 DEBUG Image 0 class 7 - Iter 50 Feature loss: 0.0011503038695082068 TVLoss: 1.3436880111694336 l2Loss: 0.7039704322814941
2022-04-27 00:44:12,674 DEBUG Image 1 class 7 - Iter 50 Feature loss: 0.0013233008794486523 TVLoss: 1.299910068511963 l2Loss: 0.6917694807052612
2022-04-27 00:44:13,138 DEBUG Image 2 class 7 - Iter 50 Feature loss: 0.001053731539286673 TVLoss: 1.3311617374420166 l2Loss: 0.7004764080047607
2022-04-27 00:44:13,615 DEBUG Image 3 class 7 - Iter 50 Feature loss: 0.0007406114018522203 TVLoss: 1.2096970081329346 l2Loss: 0.6560866236686707
2022-04-27 00:44:14,097 DEBUG Image 4 class 7 - Iter 50 Feature loss: 0.00024732868769206107 TVLoss: 1.1172592639923096 l2Loss: 0.6340158581733704
2022-04-27 00:44:14,565 DEBUG Image 5 class 7 - Iter 50 Feature loss: 0.0012280549854040146 TVLoss: 1.3825156688690186 l2Loss: 0.7130300998687744
2022-04-27 00:44:15,008 DEBUG Image 6 class 7 - Iter 50 Feature loss: 0.0010315817780792713 TVLoss: 1.3012149333953857 l2Loss: 0.6730170249938965
2022-04-27 00:44:15,457 DEBUG Image 7 class 7 - Iter 50 Feature loss: 0.00030310326837934554 TVLoss: 1.3141248226165771 l2Loss: 0.7131894826889038
2022-04-27 00:44:15,910 DEBUG Image 8 class 7 - Iter 50 Feature loss: 0.0006461439770646393 TVLoss: 1.195058822631836 l2Loss: 0.6404892206192017
2022-04-27 00:44:16,351 DEBUG Image 9 class 7 - Iter 50 Feature loss: 0.0004433602443896234 TVLoss: 1.2581732273101807 l2Loss: 0.6883565783500671
2022-04-27 00:44:16,806 DEBUG Image 10 class 7 - Iter 50 Feature loss: 0.0008935510995797813 TVLoss: 1.2537412643432617 l2Loss: 0.66245037317276
2022-04-27 00:44:17,263 DEBUG Image 11 class 7 - Iter 50 Feature loss: 0.0005578630371019244 TVLoss: 1.2527140378952026 l2Loss: 0.6986977458000183
2022-04-27 00:44:17,721 DEBUG Image 12 class 7 - Iter 50 Feature loss: 0.00039569655200466514 TVLoss: 1.277286410331726 l2Loss: 0.6919703483581543
2022-04-27 00:44:18,189 DEBUG Image 13 class 7 - Iter 50 Feature loss: 0.0007452571298927069 TVLoss: 1.302907943725586 l2Loss: 0.7012944221496582
2022-04-27 00:44:18,603 DEBUG Image 14 class 7 - Iter 50 Feature loss: 0.0006785474251955748 TVLoss: 1.2414202690124512 l2Loss: 0.667946994304657
2022-04-27 00:44:19,089 DEBUG Image 15 class 7 - Iter 50 Feature loss: 0.00043525759247131646 TVLoss: 1.2449536323547363 l2Loss: 0.6735543012619019
2022-04-27 00:44:19,491 DEBUG Image 16 class 7 - Iter 50 Feature loss: 0.000454799213912338 TVLoss: 1.2145371437072754 l2Loss: 0.664304256439209
2022-04-27 00:44:19,754 DEBUG Image 17 class 7 - Iter 50 Feature loss: 0.000774798565544188 TVLoss: 1.1777381896972656 l2Loss: 0.6762256622314453
2022-04-27 00:44:20,164 DEBUG Image 18 class 7 - Iter 50 Feature loss: 0.0009288049186579883 TVLoss: 1.3195825815200806 l2Loss: 0.7230553030967712
2022-04-27 00:44:20,592 DEBUG Image 19 class 7 - Iter 50 Feature loss: 0.0006310140597634017 TVLoss: 1.3513808250427246 l2Loss: 0.6880439519882202
2022-04-27 00:44:21,000 DEBUG Image 0 class 8 - Iter 50 Feature loss: 0.000783613184466958 TVLoss: 1.2402855157852173 l2Loss: 0.6628515124320984
2022-04-27 00:44:21,341 DEBUG Image 1 class 8 - Iter 50 Feature loss: 0.0009470268851146102 TVLoss: 1.3171324729919434 l2Loss: 0.6755971312522888
2022-04-27 00:44:21,776 DEBUG Image 2 class 8 - Iter 50 Feature loss: 0.0013222293928265572 TVLoss: 1.290992021560669 l2Loss: 0.6666046380996704
2022-04-27 00:44:22,216 DEBUG Image 3 class 8 - Iter 50 Feature loss: 0.0018386616138741374 TVLoss: 1.470557451248169 l2Loss: 0.7285508513450623
2022-04-27 00:44:22,668 DEBUG Image 4 class 8 - Iter 50 Feature loss: 0.0011201781453564763 TVLoss: 1.368759036064148 l2Loss: 0.7209850549697876
2022-04-27 00:44:23,101 DEBUG Image 5 class 8 - Iter 50 Feature loss: 0.0010420613689348102 TVLoss: 1.3187519311904907 l2Loss: 0.6727949380874634
2022-04-27 00:44:23,530 DEBUG Image 6 class 8 - Iter 50 Feature loss: 0.0027513764798641205 TVLoss: 1.4794857501983643 l2Loss: 0.7451152205467224
2022-04-27 00:44:23,962 DEBUG Image 7 class 8 - Iter 50 Feature loss: 0.0019585967529565096 TVLoss: 1.2833447456359863 l2Loss: 0.681006669998169
2022-04-27 00:44:24,424 DEBUG Image 8 class 8 - Iter 50 Feature loss: 0.0012653210433200002 TVLoss: 1.3916850090026855 l2Loss: 0.7015175223350525
2022-04-27 00:44:24,832 DEBUG Image 9 class 8 - Iter 50 Feature loss: 0.0007568117580376565 TVLoss: 1.3685369491577148 l2Loss: 0.6914467215538025
2022-04-27 00:44:25,275 DEBUG Image 10 class 8 - Iter 50 Feature loss: 0.002159646013751626 TVLoss: 1.2724487781524658 l2Loss: 0.6904048323631287
2022-04-27 00:44:25,704 DEBUG Image 11 class 8 - Iter 50 Feature loss: 0.0006693744799122214 TVLoss: 1.284013032913208 l2Loss: 0.681731104850769
2022-04-27 00:44:26,132 DEBUG Image 12 class 8 - Iter 50 Feature loss: 0.0007823029300197959 TVLoss: 1.2865113019943237 l2Loss: 0.688037633895874
2022-04-27 00:44:26,556 DEBUG Image 13 class 8 - Iter 50 Feature loss: 0.001327943871729076 TVLoss: 1.3627490997314453 l2Loss: 0.7076830863952637
2022-04-27 00:44:26,992 DEBUG Image 14 class 8 - Iter 50 Feature loss: 0.001450797077268362 TVLoss: 1.3465056419372559 l2Loss: 0.7005590796470642
2022-04-27 00:44:27,431 DEBUG Image 15 class 8 - Iter 50 Feature loss: 0.0010080024367198348 TVLoss: 1.30052649974823 l2Loss: 0.6865500807762146
2022-04-27 00:44:27,873 DEBUG Image 16 class 8 - Iter 50 Feature loss: 0.0012210302520543337 TVLoss: 1.3082449436187744 l2Loss: 0.6819933652877808
2022-04-27 00:44:28,307 DEBUG Image 17 class 8 - Iter 50 Feature loss: 0.000904032145626843 TVLoss: 1.3478224277496338 l2Loss: 0.6892907023429871
2022-04-27 00:44:28,578 DEBUG Image 18 class 8 - Iter 50 Feature loss: 0.0017268045339733362 TVLoss: 1.313150405883789 l2Loss: 0.6755234599113464
2022-04-27 00:44:28,994 DEBUG Image 19 class 8 - Iter 50 Feature loss: 0.0009597701136954129 TVLoss: 1.3713271617889404 l2Loss: 0.7033655047416687
2022-04-27 00:44:29,400 DEBUG Image 0 class 9 - Iter 50 Feature loss: 0.000494715350214392 TVLoss: 1.226001501083374 l2Loss: 0.6954653263092041
2022-04-27 00:44:29,839 DEBUG Image 1 class 9 - Iter 50 Feature loss: 6.425174069590867e-05 TVLoss: 1.2672779560089111 l2Loss: 0.6854888200759888
2022-04-27 00:44:30,206 DEBUG Image 2 class 9 - Iter 50 Feature loss: 0.0003763920976780355 TVLoss: 1.2595773935317993 l2Loss: 0.6914160251617432
2022-04-27 00:44:30,655 DEBUG Image 3 class 9 - Iter 50 Feature loss: 0.0005318895564414561 TVLoss: 1.309495210647583 l2Loss: 0.6920650005340576
2022-04-27 00:44:31,075 DEBUG Image 4 class 9 - Iter 50 Feature loss: 0.0003746046277228743 TVLoss: 1.4052438735961914 l2Loss: 0.7169596552848816
2022-04-27 00:44:31,511 DEBUG Image 5 class 9 - Iter 50 Feature loss: 0.0005062728887423873 TVLoss: 1.2472467422485352 l2Loss: 0.7051934003829956
2022-04-27 00:44:31,934 DEBUG Image 6 class 9 - Iter 50 Feature loss: 0.0013084192760288715 TVLoss: 1.2524864673614502 l2Loss: 0.6742290258407593
2022-04-27 00:44:32,365 DEBUG Image 7 class 9 - Iter 50 Feature loss: 0.0006124289939180017 TVLoss: 1.2614452838897705 l2Loss: 0.6907862424850464
2022-04-27 00:44:32,813 DEBUG Image 8 class 9 - Iter 50 Feature loss: 9.524368942948058e-05 TVLoss: 1.2714464664459229 l2Loss: 0.6817091703414917
2022-04-27 00:44:33,255 DEBUG Image 9 class 9 - Iter 50 Feature loss: 0.0009495278936810791 TVLoss: 1.2085527181625366 l2Loss: 0.6641179323196411
2022-04-27 00:44:33,691 DEBUG Image 10 class 9 - Iter 50 Feature loss: 0.0007545484695583582 TVLoss: 1.225902795791626 l2Loss: 0.6745683550834656
2022-04-27 00:44:34,140 DEBUG Image 11 class 9 - Iter 50 Feature loss: 0.00011383838864276186 TVLoss: 1.3576887845993042 l2Loss: 0.7087712287902832
2022-04-27 00:44:34,587 DEBUG Image 12 class 9 - Iter 50 Feature loss: 0.0009762050467543304 TVLoss: 1.3190866708755493 l2Loss: 0.7098596096038818
2022-04-27 00:44:35,042 DEBUG Image 13 class 9 - Iter 50 Feature loss: 9.63164638960734e-05 TVLoss: 1.4068167209625244 l2Loss: 0.7190771102905273
2022-04-27 00:44:35,486 DEBUG Image 14 class 9 - Iter 50 Feature loss: 0.00045253525604493916 TVLoss: 1.2304776906967163 l2Loss: 0.6565172076225281
2022-04-27 00:44:35,956 DEBUG Image 15 class 9 - Iter 50 Feature loss: 0.00014780859055463225 TVLoss: 1.295555591583252 l2Loss: 0.7013227343559265
2022-04-27 00:44:36,420 DEBUG Image 16 class 9 - Iter 50 Feature loss: 0.0006700892699882388 TVLoss: 1.2368309497833252 l2Loss: 0.6703199744224548
2022-04-27 00:44:36,868 DEBUG Image 17 class 9 - Iter 50 Feature loss: 0.0008928364841267467 TVLoss: 1.2880325317382812 l2Loss: 0.6921367645263672
2022-04-27 00:44:37,250 DEBUG Image 18 class 9 - Iter 50 Feature loss: 0.00047541281674057245 TVLoss: 1.1218740940093994 l2Loss: 0.6601641178131104
2022-04-27 00:44:37,575 DEBUG Image 19 class 9 - Iter 50 Feature loss: 0.000860201776959002 TVLoss: 1.262618064880371 l2Loss: 0.6841298341751099
2022-04-27 00:44:39,098 DEBUG epoch: 0, val_acc: 8.41, val_fidelity: 8.56
2022-04-27 00:44:41,165 DEBUG epoch: 1, train_acc: 9.765625, val_acc: 10.7, fidel_score: 10.76, acc_loss: 2.3936482667922974, grad_loss: None
2022-04-27 00:44:43,159 DEBUG epoch: 2, train_acc: 10.72048568725586, val_acc: 15.25, fidel_score: 15.42, acc_loss: 2.34801185131073, grad_loss: None
2022-04-27 00:44:45,146 DEBUG epoch: 3, train_acc: 13.36805534362793, val_acc: 23.24, fidel_score: 24.28, acc_loss: 2.2683794498443604, grad_loss: None
2022-04-27 00:44:47,124 DEBUG epoch: 4, train_acc: 30.81597137451172, val_acc: 38.89, fidel_score: 40.64, acc_loss: 2.1217026710510254, grad_loss: None
2022-04-27 00:44:49,094 DEBUG epoch: 5, train_acc: 47.74305534362793, val_acc: 57.04, fidel_score: 59.6, acc_loss: 1.9796820282936096, grad_loss: None
2022-04-27 00:44:51,099 DEBUG epoch: 6, train_acc: 67.01388931274414, val_acc: 73.64, fidel_score: 77.3, acc_loss: 1.8360899686813354, grad_loss: None
2022-04-27 00:44:53,085 DEBUG epoch: 7, train_acc: 82.29166412353516, val_acc: 84.08, fidel_score: 88.07, acc_loss: 1.6802095174789429, grad_loss: None
2022-04-27 00:44:55,090 DEBUG epoch: 8, train_acc: 96.9618034362793, val_acc: 87.66, fidel_score: 92.39, acc_loss: 1.503454864025116, grad_loss: None
2022-04-27 00:44:57,066 DEBUG epoch: 9, train_acc: 97.65625, val_acc: 89.54, fidel_score: 94.27, acc_loss: 1.363888919353485, grad_loss: None
2022-04-27 00:44:59,078 DEBUG epoch: 10, train_acc: 100.0, val_acc: 90.69, fidel_score: 95.8, acc_loss: 1.215625822544098, grad_loss: None
2022-04-27 00:45:01,115 DEBUG epoch: 11, train_acc: 99.21875, val_acc: 90.88, fidel_score: 96.24, acc_loss: 1.0918653011322021, grad_loss: None
2022-04-27 00:45:03,137 DEBUG epoch: 12, train_acc: 100.0, val_acc: 91.25, fidel_score: 96.99, acc_loss: 0.9286080896854401, grad_loss: None
2022-04-27 00:45:05,150 DEBUG epoch: 13, train_acc: 100.0, val_acc: 91.55, fidel_score: 97.24, acc_loss: 0.8150368928909302, grad_loss: None
2022-04-27 00:45:07,120 DEBUG epoch: 14, train_acc: 100.0, val_acc: 91.54, fidel_score: 97.45, acc_loss: 0.6539243757724762, grad_loss: None
2022-04-27 00:45:09,041 DEBUG epoch: 15, train_acc: 100.0, val_acc: 91.21, fidel_score: 97.48, acc_loss: 0.5612461566925049, grad_loss: None
2022-04-27 00:45:11,083 DEBUG epoch: 16, train_acc: 100.0, val_acc: 91.24, fidel_score: 97.6, acc_loss: 0.4775798171758652, grad_loss: None
2022-04-27 00:45:13,076 DEBUG epoch: 17, train_acc: 100.0, val_acc: 91.52, fidel_score: 97.79, acc_loss: 0.3876206576824188, grad_loss: None
2022-04-27 00:45:15,072 DEBUG epoch: 18, train_acc: 100.0, val_acc: 91.4, fidel_score: 97.83, acc_loss: 0.3304233103990555, grad_loss: None
2022-04-27 00:45:17,097 DEBUG epoch: 19, train_acc: 100.0, val_acc: 91.36, fidel_score: 97.91, acc_loss: 0.2742762118577957, grad_loss: None
2022-04-27 00:45:18,940 DEBUG epoch: 20, train_acc: 100.0, val_acc: 91.44, fidel_score: 97.87, acc_loss: 0.24368001520633698, grad_loss: None
2022-04-27 00:45:20,741 DEBUG epoch: 21, train_acc: 100.0, val_acc: 91.33, fidel_score: 97.74, acc_loss: 0.20385101437568665, grad_loss: None
2022-04-27 00:45:22,717 DEBUG epoch: 22, train_acc: 100.0, val_acc: 91.48, fidel_score: 97.67, acc_loss: 0.16608338803052902, grad_loss: None
2022-04-27 00:45:24,720 DEBUG epoch: 23, train_acc: 100.0, val_acc: 91.52, fidel_score: 97.79, acc_loss: 0.1341569870710373, grad_loss: None
2022-04-27 00:45:26,764 DEBUG epoch: 24, train_acc: 100.0, val_acc: 91.57, fidel_score: 97.88, acc_loss: 0.1234106682240963, grad_loss: None
2022-04-27 00:45:28,546 DEBUG epoch: 25, train_acc: 100.0, val_acc: 91.41, fidel_score: 97.72, acc_loss: 0.11197556555271149, grad_loss: None
2022-04-27 00:45:30,319 DEBUG epoch: 26, train_acc: 100.0, val_acc: 91.54, fidel_score: 97.95, acc_loss: 0.09217505156993866, grad_loss: None
2022-04-27 00:45:32,320 DEBUG epoch: 27, train_acc: 100.0, val_acc: 91.62, fidel_score: 97.79, acc_loss: 0.09125935286283493, grad_loss: None
2022-04-27 00:45:34,298 DEBUG epoch: 28, train_acc: 100.0, val_acc: 91.27, fidel_score: 97.64, acc_loss: 0.08259032666683197, grad_loss: None
2022-04-27 00:45:36,325 DEBUG epoch: 29, train_acc: 100.0, val_acc: 91.5, fidel_score: 97.87, acc_loss: 0.06873386725783348, grad_loss: None
2022-04-27 00:45:38,197 DEBUG epoch: 30, train_acc: 100.0, val_acc: 91.4, fidel_score: 97.82, acc_loss: 0.06064002960920334, grad_loss: None
2022-04-27 00:45:40,045 DEBUG epoch: 31, train_acc: 100.0, val_acc: 91.44, fidel_score: 97.87, acc_loss: 0.05863242223858833, grad_loss: None
2022-04-27 00:45:42,039 DEBUG epoch: 32, train_acc: 100.0, val_acc: 91.55, fidel_score: 97.91, acc_loss: 0.05595804192125797, grad_loss: None
2022-04-27 00:45:44,085 DEBUG epoch: 33, train_acc: 100.0, val_acc: 91.59, fidel_score: 97.86, acc_loss: 0.049346404150128365, grad_loss: None
2022-04-27 00:45:46,091 DEBUG epoch: 34, train_acc: 100.0, val_acc: 91.25, fidel_score: 97.96, acc_loss: 0.045866552740335464, grad_loss: None
2022-04-27 00:45:48,051 DEBUG epoch: 35, train_acc: 100.0, val_acc: 91.47, fidel_score: 97.94, acc_loss: 0.043495604768395424, grad_loss: None
2022-04-27 00:45:49,950 DEBUG epoch: 36, train_acc: 100.0, val_acc: 91.53, fidel_score: 97.75, acc_loss: 0.044829126447439194, grad_loss: None
2022-04-27 00:45:51,962 DEBUG epoch: 37, train_acc: 100.0, val_acc: 91.5, fidel_score: 97.88, acc_loss: 0.04076780751347542, grad_loss: None
2022-04-27 00:45:53,966 DEBUG epoch: 38, train_acc: 100.0, val_acc: 91.46, fidel_score: 97.83, acc_loss: 0.0349320862442255, grad_loss: None
2022-04-27 00:45:55,964 DEBUG epoch: 39, train_acc: 100.0, val_acc: 91.4, fidel_score: 98.0, acc_loss: 0.038934558629989624, grad_loss: None
2022-04-27 00:45:57,941 DEBUG epoch: 40, train_acc: 100.0, val_acc: 91.47, fidel_score: 97.9, acc_loss: 0.03280680999159813, grad_loss: None
2022-04-27 00:45:59,997 DEBUG epoch: 41, train_acc: 100.0, val_acc: 91.28, fidel_score: 97.75, acc_loss: 0.03461142256855965, grad_loss: None
2022-04-27 00:46:02,016 DEBUG epoch: 42, train_acc: 100.0, val_acc: 91.39, fidel_score: 97.79, acc_loss: 0.031027596443891525, grad_loss: None
2022-04-27 00:46:04,019 DEBUG epoch: 43, train_acc: 100.0, val_acc: 91.51, fidel_score: 98.04, acc_loss: 0.02997245453298092, grad_loss: None
2022-04-27 00:46:06,025 DEBUG epoch: 44, train_acc: 100.0, val_acc: 91.56, fidel_score: 98.04, acc_loss: 0.030145191587507725, grad_loss: None
2022-04-27 00:46:08,003 DEBUG epoch: 45, train_acc: 100.0, val_acc: 91.62, fidel_score: 98.02, acc_loss: 0.02621394209563732, grad_loss: None
2022-04-27 00:46:09,799 DEBUG epoch: 46, train_acc: 100.0, val_acc: 91.36, fidel_score: 97.79, acc_loss: 0.027859997935593128, grad_loss: None
2022-04-27 00:46:11,733 DEBUG epoch: 47, train_acc: 100.0, val_acc: 91.34, fidel_score: 97.85, acc_loss: 0.028370480053126812, grad_loss: None
2022-04-27 00:46:13,726 DEBUG epoch: 48, train_acc: 100.0, val_acc: 91.52, fidel_score: 98.1, acc_loss: 0.024910220876336098, grad_loss: None
2022-04-27 00:46:15,747 DEBUG epoch: 49, train_acc: 100.0, val_acc: 91.52, fidel_score: 97.8, acc_loss: 0.024546867236495018, grad_loss: None
2022-04-27 00:46:17,752 DEBUG epoch: 50, train_acc: 100.0, val_acc: 91.52, fidel_score: 97.95, acc_loss: 0.024173308163881302, grad_loss: None
2022-04-27 00:46:19,571 DEBUG epoch: 51, train_acc: 100.0, val_acc: 91.35, fidel_score: 98.13, acc_loss: 0.02419073972851038, grad_loss: None
2022-04-27 00:46:21,339 DEBUG epoch: 52, train_acc: 100.0, val_acc: 91.36, fidel_score: 97.99, acc_loss: 0.025215262547135353, grad_loss: None
2022-04-27 00:46:23,357 DEBUG epoch: 53, train_acc: 100.0, val_acc: 91.52, fidel_score: 98.16, acc_loss: 0.026830830611288548, grad_loss: None
2022-04-27 00:46:25,330 DEBUG epoch: 54, train_acc: 100.0, val_acc: 91.37, fidel_score: 98.18, acc_loss: 0.020880969241261482, grad_loss: None
2022-04-27 00:46:27,358 DEBUG epoch: 55, train_acc: 100.0, val_acc: 91.47, fidel_score: 98.02, acc_loss: 0.02330088336020708, grad_loss: None
2022-04-27 00:46:29,133 DEBUG epoch: 56, train_acc: 100.0, val_acc: 91.46, fidel_score: 98.16, acc_loss: 0.020662568509578705, grad_loss: None
2022-04-27 00:46:30,957 DEBUG epoch: 57, train_acc: 100.0, val_acc: 91.42, fidel_score: 97.89, acc_loss: 0.02324290294200182, grad_loss: None
2022-04-27 00:46:32,959 DEBUG epoch: 58, train_acc: 100.0, val_acc: 91.67, fidel_score: 98.04, acc_loss: 0.016571429558098316, grad_loss: None
2022-04-27 00:46:34,951 DEBUG epoch: 59, train_acc: 100.0, val_acc: 91.3, fidel_score: 97.94, acc_loss: 0.01866410067304969, grad_loss: None
2022-04-27 00:46:36,971 DEBUG epoch: 60, train_acc: 100.0, val_acc: 91.4, fidel_score: 98.01, acc_loss: 0.022711770609021187, grad_loss: None
2022-04-27 00:46:38,897 DEBUG epoch: 61, train_acc: 100.0, val_acc: 91.39, fidel_score: 97.96, acc_loss: 0.018201357685029507, grad_loss: None
2022-04-27 00:46:40,783 DEBUG epoch: 62, train_acc: 100.0, val_acc: 91.55, fidel_score: 98.18, acc_loss: 0.02199638355523348, grad_loss: None
2022-04-27 00:46:42,792 DEBUG epoch: 63, train_acc: 100.0, val_acc: 91.47, fidel_score: 97.98, acc_loss: 0.02088596299290657, grad_loss: None
2022-04-27 00:46:44,789 DEBUG epoch: 64, train_acc: 100.0, val_acc: 91.34, fidel_score: 98.01, acc_loss: 0.01997414045035839, grad_loss: None
2022-04-27 00:46:46,824 DEBUG epoch: 65, train_acc: 100.0, val_acc: 91.5, fidel_score: 97.99, acc_loss: 0.021287724375724792, grad_loss: None
2022-04-27 00:46:48,817 DEBUG epoch: 66, train_acc: 100.0, val_acc: 91.45, fidel_score: 97.95, acc_loss: 0.019987578503787518, grad_loss: None
2022-04-27 00:46:50,918 DEBUG epoch: 67, train_acc: 100.0, val_acc: 91.56, fidel_score: 97.9, acc_loss: 0.016071700491011143, grad_loss: None
2022-04-27 00:46:52,923 DEBUG epoch: 68, train_acc: 100.0, val_acc: 91.52, fidel_score: 97.97, acc_loss: 0.019316543824970722, grad_loss: None
2022-04-27 00:46:54,885 DEBUG epoch: 69, train_acc: 100.0, val_acc: 91.47, fidel_score: 98.02, acc_loss: 0.01748309563845396, grad_loss: None
2022-04-27 00:46:56,894 DEBUG epoch: 70, train_acc: 100.0, val_acc: 91.32, fidel_score: 97.86, acc_loss: 0.019710690714418888, grad_loss: None
2022-04-27 00:46:58,893 DEBUG epoch: 71, train_acc: 100.0, val_acc: 91.42, fidel_score: 98.07, acc_loss: 0.017217294313013554, grad_loss: None
2022-04-27 00:47:00,761 DEBUG epoch: 72, train_acc: 100.0, val_acc: 91.62, fidel_score: 98.17, acc_loss: 0.017070621717721224, grad_loss: None
2022-04-27 00:47:02,771 DEBUG epoch: 73, train_acc: 100.0, val_acc: 91.51, fidel_score: 98.0, acc_loss: 0.01591977523639798, grad_loss: None
2022-04-27 00:47:04,753 DEBUG epoch: 74, train_acc: 100.0, val_acc: 91.52, fidel_score: 98.01, acc_loss: 0.017200136557221413, grad_loss: None
2022-04-27 00:47:06,734 DEBUG epoch: 75, train_acc: 100.0, val_acc: 91.54, fidel_score: 97.95, acc_loss: 0.02055047918111086, grad_loss: None
2022-04-27 00:47:08,699 DEBUG epoch: 76, train_acc: 100.0, val_acc: 91.41, fidel_score: 98.12, acc_loss: 0.019197301007807255, grad_loss: None
2022-04-27 00:47:10,510 DEBUG epoch: 77, train_acc: 100.0, val_acc: 91.63, fidel_score: 97.92, acc_loss: 0.01918105036020279, grad_loss: None
2022-04-27 00:47:12,367 DEBUG epoch: 78, train_acc: 100.0, val_acc: 91.39, fidel_score: 97.95, acc_loss: 0.021687595173716545, grad_loss: None
2022-04-27 00:47:14,328 DEBUG epoch: 79, train_acc: 100.0, val_acc: 91.59, fidel_score: 98.0, acc_loss: 0.0168248750269413, grad_loss: None
2022-04-27 00:47:16,308 DEBUG epoch: 80, train_acc: 100.0, val_acc: 91.67, fidel_score: 98.15, acc_loss: 0.01779995020478964, grad_loss: None
2022-04-27 00:47:18,283 DEBUG epoch: 81, train_acc: 100.0, val_acc: 91.62, fidel_score: 97.92, acc_loss: 0.021621092222630978, grad_loss: None
2022-04-27 00:47:20,050 DEBUG epoch: 82, train_acc: 100.0, val_acc: 91.39, fidel_score: 98.05, acc_loss: 0.016497507691383362, grad_loss: None
2022-04-27 00:47:21,845 DEBUG epoch: 83, train_acc: 100.0, val_acc: 91.34, fidel_score: 97.99, acc_loss: 0.02005537413060665, grad_loss: None
2022-04-27 00:47:23,857 DEBUG epoch: 84, train_acc: 100.0, val_acc: 91.48, fidel_score: 98.09, acc_loss: 0.0181967681273818, grad_loss: None
2022-04-27 00:47:25,861 DEBUG epoch: 85, train_acc: 100.0, val_acc: 91.6, fidel_score: 98.2, acc_loss: 0.019788019359111786, grad_loss: None
2022-04-27 00:47:27,877 DEBUG epoch: 86, train_acc: 100.0, val_acc: 91.42, fidel_score: 97.98, acc_loss: 0.015469995327293873, grad_loss: None
2022-04-27 00:47:29,800 DEBUG epoch: 87, train_acc: 100.0, val_acc: 91.57, fidel_score: 98.01, acc_loss: 0.017578577622771263, grad_loss: None
2022-04-27 00:47:31,628 DEBUG epoch: 88, train_acc: 100.0, val_acc: 91.46, fidel_score: 97.86, acc_loss: 0.015214872546494007, grad_loss: None
2022-04-27 00:47:33,604 DEBUG epoch: 89, train_acc: 100.0, val_acc: 91.47, fidel_score: 97.91, acc_loss: 0.01599333994090557, grad_loss: None
2022-04-27 00:47:35,623 DEBUG epoch: 90, train_acc: 100.0, val_acc: 91.44, fidel_score: 98.04, acc_loss: 0.01762712374329567, grad_loss: None
2022-04-27 00:47:37,634 DEBUG epoch: 91, train_acc: 100.0, val_acc: 91.36, fidel_score: 97.82, acc_loss: 0.017941229976713657, grad_loss: None
2022-04-27 00:47:39,657 DEBUG epoch: 92, train_acc: 100.0, val_acc: 91.59, fidel_score: 97.78, acc_loss: 0.017138229683041573, grad_loss: None
2022-04-27 00:47:41,669 DEBUG epoch: 93, train_acc: 100.0, val_acc: 91.47, fidel_score: 98.14, acc_loss: 0.018165632151067257, grad_loss: None
2022-04-27 00:47:43,701 DEBUG epoch: 94, train_acc: 100.0, val_acc: 91.46, fidel_score: 97.97, acc_loss: 0.02071492187678814, grad_loss: None
2022-04-27 00:47:45,680 DEBUG epoch: 95, train_acc: 100.0, val_acc: 91.51, fidel_score: 97.88, acc_loss: 0.017095829360187054, grad_loss: None
2022-04-27 00:47:47,686 DEBUG epoch: 96, train_acc: 100.0, val_acc: 91.36, fidel_score: 97.98, acc_loss: 0.016950768418610096, grad_loss: None
2022-04-27 00:47:49,701 DEBUG epoch: 97, train_acc: 100.0, val_acc: 91.57, fidel_score: 98.0, acc_loss: 0.017831974662840366, grad_loss: None
2022-04-27 00:47:51,699 DEBUG epoch: 98, train_acc: 100.0, val_acc: 91.53, fidel_score: 97.95, acc_loss: 0.015837819315493107, grad_loss: None
2022-04-27 00:47:53,719 DEBUG epoch: 99, train_acc: 100.0, val_acc: 91.25, fidel_score: 97.99, acc_loss: 0.015137518756091595, grad_loss: None
2022-04-27 00:47:55,710 DEBUG epoch: 100, train_acc: 100.0, val_acc: 91.59, fidel_score: 97.88, acc_loss: 0.016956018283963203, grad_loss: None
2022-04-27 00:47:57,739 DEBUG epoch: 101, train_acc: 100.0, val_acc: 91.5, fidel_score: 97.97, acc_loss: 0.013068211264908314, grad_loss: None
2022-04-27 00:47:59,752 DEBUG epoch: 102, train_acc: 100.0, val_acc: 91.52, fidel_score: 98.1, acc_loss: 0.01777240727096796, grad_loss: None
2022-04-27 00:48:01,552 DEBUG epoch: 103, train_acc: 100.0, val_acc: 91.49, fidel_score: 97.95, acc_loss: 0.014490351546555758, grad_loss: None
2022-04-27 00:48:03,452 DEBUG epoch: 104, train_acc: 100.0, val_acc: 91.64, fidel_score: 97.92, acc_loss: 0.014752746094018221, grad_loss: None
2022-04-27 00:48:05,469 DEBUG epoch: 105, train_acc: 100.0, val_acc: 91.59, fidel_score: 97.97, acc_loss: 0.01864718832075596, grad_loss: None
2022-04-27 00:48:07,482 DEBUG epoch: 106, train_acc: 100.0, val_acc: 91.44, fidel_score: 98.13, acc_loss: 0.015757060144096613, grad_loss: None
2022-04-27 00:48:09,507 DEBUG epoch: 107, train_acc: 100.0, val_acc: 91.4, fidel_score: 97.83, acc_loss: 0.0176333487033844, grad_loss: None
2022-04-27 00:48:11,309 DEBUG epoch: 108, train_acc: 100.0, val_acc: 91.41, fidel_score: 98.05, acc_loss: 0.013692372478544712, grad_loss: None
2022-04-27 00:48:13,057 DEBUG epoch: 109, train_acc: 100.0, val_acc: 91.43, fidel_score: 97.97, acc_loss: 0.015877872705459595, grad_loss: None
2022-04-27 00:48:15,077 DEBUG epoch: 110, train_acc: 100.0, val_acc: 91.5, fidel_score: 97.93, acc_loss: 0.0177610507234931, grad_loss: None
2022-04-27 00:48:17,091 DEBUG epoch: 111, train_acc: 100.0, val_acc: 91.4, fidel_score: 97.85, acc_loss: 0.015546701848506927, grad_loss: None
2022-04-27 00:48:19,113 DEBUG epoch: 112, train_acc: 100.0, val_acc: 91.46, fidel_score: 97.8, acc_loss: 0.01793761644512415, grad_loss: None
2022-04-27 00:48:20,855 DEBUG epoch: 113, train_acc: 100.0, val_acc: 91.29, fidel_score: 97.88, acc_loss: 0.016192639712244272, grad_loss: None
2022-04-27 00:48:22,697 DEBUG epoch: 114, train_acc: 100.0, val_acc: 91.45, fidel_score: 97.71, acc_loss: 0.013257990591228008, grad_loss: None
2022-04-27 00:48:24,732 DEBUG epoch: 115, train_acc: 100.0, val_acc: 91.47, fidel_score: 98.17, acc_loss: 0.017864298541098833, grad_loss: None
2022-04-27 00:48:26,734 DEBUG epoch: 116, train_acc: 100.0, val_acc: 91.55, fidel_score: 97.98, acc_loss: 0.016654333099722862, grad_loss: None
2022-04-27 00:48:28,746 DEBUG epoch: 117, train_acc: 100.0, val_acc: 91.61, fidel_score: 98.11, acc_loss: 0.01837863400578499, grad_loss: None
2022-04-27 00:48:30,663 DEBUG epoch: 118, train_acc: 100.0, val_acc: 91.38, fidel_score: 98.02, acc_loss: 0.016556960996240377, grad_loss: None
2022-04-27 00:48:32,513 DEBUG epoch: 119, train_acc: 100.0, val_acc: 91.54, fidel_score: 98.0, acc_loss: 0.015717198606580496, grad_loss: None
2022-04-27 00:48:34,512 DEBUG epoch: 120, train_acc: 100.0, val_acc: 91.36, fidel_score: 98.23, acc_loss: 0.01598392426967621, grad_loss: None
2022-04-27 00:48:36,516 DEBUG epoch: 121, train_acc: 100.0, val_acc: 91.22, fidel_score: 97.87, acc_loss: 0.016832351684570312, grad_loss: None
2022-04-27 00:48:38,525 DEBUG epoch: 122, train_acc: 100.0, val_acc: 91.38, fidel_score: 97.92, acc_loss: 0.014290918596088886, grad_loss: None
2022-04-27 00:48:40,533 DEBUG epoch: 123, train_acc: 100.0, val_acc: 91.6, fidel_score: 98.03, acc_loss: 0.015332833398133516, grad_loss: None
2022-04-27 00:48:42,590 DEBUG epoch: 124, train_acc: 100.0, val_acc: 91.35, fidel_score: 97.7, acc_loss: 0.01667011994868517, grad_loss: None
2022-04-27 00:48:44,600 DEBUG epoch: 125, train_acc: 100.0, val_acc: 91.27, fidel_score: 98.01, acc_loss: 0.01579159265384078, grad_loss: None
2022-04-27 00:48:46,661 DEBUG epoch: 126, train_acc: 100.0, val_acc: 91.43, fidel_score: 98.12, acc_loss: 0.01606567669659853, grad_loss: None
2022-04-27 00:48:48,677 DEBUG epoch: 127, train_acc: 100.0, val_acc: 91.46, fidel_score: 97.92, acc_loss: 0.017802709247916937, grad_loss: None
2022-04-27 00:48:50,716 DEBUG epoch: 128, train_acc: 100.0, val_acc: 91.51, fidel_score: 98.22, acc_loss: 0.013928943313658237, grad_loss: None
2022-04-27 00:48:52,713 DEBUG epoch: 129, train_acc: 100.0, val_acc: 91.54, fidel_score: 98.05, acc_loss: 0.016495862044394016, grad_loss: None
2022-04-27 00:48:54,716 DEBUG epoch: 130, train_acc: 100.0, val_acc: 91.53, fidel_score: 98.02, acc_loss: 0.012391280848532915, grad_loss: None
2022-04-27 00:48:56,749 DEBUG epoch: 131, train_acc: 100.0, val_acc: 91.66, fidel_score: 98.05, acc_loss: 0.01566469995304942, grad_loss: None
2022-04-27 00:48:58,766 DEBUG epoch: 132, train_acc: 100.0, val_acc: 91.41, fidel_score: 97.96, acc_loss: 0.013848517090082169, grad_loss: None
2022-04-27 00:49:00,781 DEBUG epoch: 133, train_acc: 100.0, val_acc: 91.53, fidel_score: 97.8, acc_loss: 0.015581122599542141, grad_loss: None
2022-04-27 00:49:02,598 DEBUG epoch: 134, train_acc: 100.0, val_acc: 91.58, fidel_score: 97.9, acc_loss: 0.014028520323336124, grad_loss: None
2022-04-27 00:49:04,524 DEBUG epoch: 135, train_acc: 100.0, val_acc: 91.38, fidel_score: 98.03, acc_loss: 0.017136599868535995, grad_loss: None
2022-04-27 00:49:06,511 DEBUG epoch: 136, train_acc: 100.0, val_acc: 91.63, fidel_score: 97.9, acc_loss: 0.0142651223577559, grad_loss: None
2022-04-27 00:49:08,538 DEBUG epoch: 137, train_acc: 100.0, val_acc: 91.63, fidel_score: 98.03, acc_loss: 0.01495318440720439, grad_loss: None
2022-04-27 00:49:10,549 DEBUG epoch: 138, train_acc: 100.0, val_acc: 91.48, fidel_score: 98.0, acc_loss: 0.015908557921648026, grad_loss: None
2022-04-27 00:49:12,322 DEBUG epoch: 139, train_acc: 100.0, val_acc: 91.32, fidel_score: 97.96, acc_loss: 0.018624862655997276, grad_loss: None
2022-04-27 00:49:14,146 DEBUG epoch: 140, train_acc: 100.0, val_acc: 91.64, fidel_score: 98.13, acc_loss: 0.012424675282090902, grad_loss: None
2022-04-27 00:49:16,163 DEBUG epoch: 141, train_acc: 100.0, val_acc: 91.38, fidel_score: 98.13, acc_loss: 0.017046642489731312, grad_loss: None
2022-04-27 00:49:18,178 DEBUG epoch: 142, train_acc: 100.0, val_acc: 91.41, fidel_score: 97.94, acc_loss: 0.01306596864014864, grad_loss: None
2022-04-27 00:49:20,185 DEBUG epoch: 143, train_acc: 100.0, val_acc: 91.74, fidel_score: 97.99, acc_loss: 0.015427997335791588, grad_loss: None
2022-04-27 00:49:21,997 DEBUG epoch: 144, train_acc: 100.0, val_acc: 91.53, fidel_score: 98.03, acc_loss: 0.013331902213394642, grad_loss: None
2022-04-27 00:49:23,794 DEBUG epoch: 145, train_acc: 100.0, val_acc: 91.6, fidel_score: 98.13, acc_loss: 0.013653759844601154, grad_loss: None
2022-04-27 00:49:25,815 DEBUG epoch: 146, train_acc: 100.0, val_acc: 91.56, fidel_score: 97.81, acc_loss: 0.015511141624301672, grad_loss: None
2022-04-27 00:49:27,834 DEBUG epoch: 147, train_acc: 100.0, val_acc: 91.49, fidel_score: 97.94, acc_loss: 0.013618109282106161, grad_loss: None
2022-04-27 00:49:29,853 DEBUG epoch: 148, train_acc: 100.0, val_acc: 91.49, fidel_score: 97.93, acc_loss: 0.014594840817153454, grad_loss: None
2022-04-27 00:49:31,816 DEBUG epoch: 149, train_acc: 100.0, val_acc: 91.61, fidel_score: 98.01, acc_loss: 0.016887212172150612, grad_loss: None
2022-04-27 00:49:33,711 DEBUG epoch: 150, train_acc: 100.0, val_acc: 91.41, fidel_score: 97.92, acc_loss: 0.013876686803996563, grad_loss: None
2022-04-27 00:49:35,701 DEBUG epoch: 151, train_acc: 100.0, val_acc: 91.47, fidel_score: 97.89, acc_loss: 0.014457222539931536, grad_loss: None
2022-04-27 00:49:37,722 DEBUG epoch: 152, train_acc: 100.0, val_acc: 91.47, fidel_score: 98.0, acc_loss: 0.014555121306329966, grad_loss: None
2022-04-27 00:49:39,748 DEBUG epoch: 153, train_acc: 100.0, val_acc: 91.52, fidel_score: 98.13, acc_loss: 0.013112612534314394, grad_loss: None
2022-04-27 00:49:41,765 DEBUG epoch: 154, train_acc: 100.0, val_acc: 91.5, fidel_score: 97.92, acc_loss: 0.013785199262201786, grad_loss: None
2022-04-27 00:49:43,890 DEBUG epoch: 155, train_acc: 100.0, val_acc: 91.5, fidel_score: 97.94, acc_loss: 0.015158162452280521, grad_loss: None
2022-04-27 00:49:45,877 DEBUG epoch: 156, train_acc: 100.0, val_acc: 91.55, fidel_score: 97.98, acc_loss: 0.014652046374976635, grad_loss: None
2022-04-27 00:49:47,930 DEBUG epoch: 157, train_acc: 100.0, val_acc: 91.57, fidel_score: 97.83, acc_loss: 0.01493517542257905, grad_loss: None
2022-04-27 00:49:49,966 DEBUG epoch: 158, train_acc: 100.0, val_acc: 91.45, fidel_score: 98.27, acc_loss: 0.013853267766535282, grad_loss: None
2022-04-27 00:49:51,986 DEBUG epoch: 159, train_acc: 100.0, val_acc: 91.54, fidel_score: 97.98, acc_loss: 0.011923959944397211, grad_loss: None
2022-04-27 00:49:53,882 DEBUG epoch: 160, train_acc: 100.0, val_acc: 91.33, fidel_score: 98.17, acc_loss: 0.012425570283085108, grad_loss: None
2022-04-27 00:49:55,871 DEBUG epoch: 161, train_acc: 100.0, val_acc: 91.57, fidel_score: 98.1, acc_loss: 0.015605140943080187, grad_loss: None
2022-04-27 00:49:57,913 DEBUG epoch: 162, train_acc: 100.0, val_acc: 91.34, fidel_score: 97.95, acc_loss: 0.016081712674349546, grad_loss: None
2022-04-27 00:49:59,919 DEBUG epoch: 163, train_acc: 100.0, val_acc: 91.33, fidel_score: 98.1, acc_loss: 0.013034486211836338, grad_loss: None
2022-04-27 00:50:01,915 DEBUG epoch: 164, train_acc: 100.0, val_acc: 91.49, fidel_score: 98.0, acc_loss: 0.013429977931082249, grad_loss: None
2022-04-27 00:50:03,740 DEBUG epoch: 165, train_acc: 100.0, val_acc: 91.5, fidel_score: 97.96, acc_loss: 0.015036440920084715, grad_loss: None
2022-04-27 00:50:05,570 DEBUG epoch: 166, train_acc: 100.0, val_acc: 91.41, fidel_score: 98.0, acc_loss: 0.015491132624447346, grad_loss: None
2022-04-27 00:50:07,582 DEBUG epoch: 167, train_acc: 100.0, val_acc: 91.53, fidel_score: 98.09, acc_loss: 0.01772119477391243, grad_loss: None
2022-04-27 00:50:09,631 DEBUG epoch: 168, train_acc: 100.0, val_acc: 91.43, fidel_score: 98.09, acc_loss: 0.014156664721667767, grad_loss: None
2022-04-27 00:50:11,665 DEBUG epoch: 169, train_acc: 100.0, val_acc: 91.45, fidel_score: 98.0, acc_loss: 0.013551309239119291, grad_loss: None
2022-04-27 00:50:13,464 DEBUG epoch: 170, train_acc: 100.0, val_acc: 91.58, fidel_score: 97.89, acc_loss: 0.013099960517138243, grad_loss: None
2022-04-27 00:50:15,340 DEBUG epoch: 171, train_acc: 100.0, val_acc: 91.54, fidel_score: 97.9, acc_loss: 0.012596140149980783, grad_loss: None
2022-04-27 00:50:17,365 DEBUG epoch: 172, train_acc: 100.0, val_acc: 91.58, fidel_score: 97.88, acc_loss: 0.013550042174756527, grad_loss: None
2022-04-27 00:50:19,361 DEBUG epoch: 173, train_acc: 100.0, val_acc: 91.54, fidel_score: 97.85, acc_loss: 0.015436946880072355, grad_loss: None
2022-04-27 00:50:21,341 DEBUG epoch: 174, train_acc: 100.0, val_acc: 91.6, fidel_score: 97.97, acc_loss: 0.015307174064218998, grad_loss: None
2022-04-27 00:50:23,143 DEBUG epoch: 175, train_acc: 100.0, val_acc: 91.55, fidel_score: 97.91, acc_loss: 0.012974275276064873, grad_loss: None
2022-04-27 00:50:24,964 DEBUG epoch: 176, train_acc: 100.0, val_acc: 91.32, fidel_score: 97.81, acc_loss: 0.014419803395867348, grad_loss: None
2022-04-27 00:50:26,972 DEBUG epoch: 177, train_acc: 100.0, val_acc: 91.3, fidel_score: 97.99, acc_loss: 0.013024381827563047, grad_loss: None
2022-04-27 00:50:28,967 DEBUG epoch: 178, train_acc: 100.0, val_acc: 91.5, fidel_score: 98.11, acc_loss: 0.012152752373367548, grad_loss: None
2022-04-27 00:50:30,944 DEBUG epoch: 179, train_acc: 100.0, val_acc: 91.58, fidel_score: 98.09, acc_loss: 0.010527194011956453, grad_loss: None
2022-04-27 00:50:32,941 DEBUG epoch: 180, train_acc: 100.0, val_acc: 91.63, fidel_score: 98.05, acc_loss: 0.012759636621922255, grad_loss: None
2022-04-27 00:50:34,905 DEBUG epoch: 181, train_acc: 100.0, val_acc: 91.49, fidel_score: 98.05, acc_loss: 0.013580967672169209, grad_loss: None
2022-04-27 00:50:36,925 DEBUG epoch: 182, train_acc: 100.0, val_acc: 91.71, fidel_score: 98.01, acc_loss: 0.013956552837044, grad_loss: None
2022-04-27 00:50:38,947 DEBUG epoch: 183, train_acc: 100.0, val_acc: 91.44, fidel_score: 97.87, acc_loss: 0.013670243322849274, grad_loss: None
2022-04-27 00:50:40,959 DEBUG epoch: 184, train_acc: 100.0, val_acc: 91.33, fidel_score: 97.88, acc_loss: 0.017204202711582184, grad_loss: None
2022-04-27 00:50:42,977 DEBUG epoch: 185, train_acc: 100.0, val_acc: 91.54, fidel_score: 97.85, acc_loss: 0.011675822082906961, grad_loss: None
2022-04-27 00:50:44,989 DEBUG epoch: 186, train_acc: 100.0, val_acc: 91.43, fidel_score: 97.94, acc_loss: 0.01185619505122304, grad_loss: None
2022-04-27 00:50:46,992 DEBUG epoch: 187, train_acc: 100.0, val_acc: 91.4, fidel_score: 98.16, acc_loss: 0.012372069526463747, grad_loss: None
2022-04-27 00:50:49,020 DEBUG epoch: 188, train_acc: 100.0, val_acc: 91.55, fidel_score: 98.03, acc_loss: 0.014042152091860771, grad_loss: None
2022-04-27 00:50:51,049 DEBUG epoch: 189, train_acc: 100.0, val_acc: 91.47, fidel_score: 98.14, acc_loss: 0.013395520392805338, grad_loss: None
2022-04-27 00:50:53,030 DEBUG epoch: 190, train_acc: 100.0, val_acc: 91.39, fidel_score: 97.86, acc_loss: 0.012229036539793015, grad_loss: None
2022-04-27 00:50:54,823 DEBUG epoch: 191, train_acc: 100.0, val_acc: 91.3, fidel_score: 98.01, acc_loss: 0.01289347792044282, grad_loss: None
2022-04-27 00:50:56,709 DEBUG epoch: 192, train_acc: 100.0, val_acc: 91.53, fidel_score: 98.17, acc_loss: 0.013756707310676575, grad_loss: None
2022-04-27 00:50:58,711 DEBUG epoch: 193, train_acc: 100.0, val_acc: 91.4, fidel_score: 97.91, acc_loss: 0.013485962990671396, grad_loss: None
2022-04-27 00:51:00,728 DEBUG epoch: 194, train_acc: 100.0, val_acc: 91.59, fidel_score: 97.92, acc_loss: 0.0129062426276505, grad_loss: None
2022-04-27 00:51:02,725 DEBUG epoch: 195, train_acc: 100.0, val_acc: 91.35, fidel_score: 98.01, acc_loss: 0.012311564292758703, grad_loss: None
2022-04-27 00:51:04,505 DEBUG epoch: 196, train_acc: 100.0, val_acc: 91.34, fidel_score: 98.09, acc_loss: 0.012428227812051773, grad_loss: None
2022-04-27 00:51:06,304 DEBUG epoch: 197, train_acc: 100.0, val_acc: 91.53, fidel_score: 98.17, acc_loss: 0.01327035017311573, grad_loss: None
2022-04-27 00:51:08,329 DEBUG epoch: 198, train_acc: 100.0, val_acc: 91.64, fidel_score: 97.92, acc_loss: 0.014439314603805542, grad_loss: None
2022-04-27 00:51:10,333 DEBUG epoch: 199, train_acc: 100.0, val_acc: 91.63, fidel_score: 98.11, acc_loss: 0.013215804006904364, grad_loss: None
2022-04-27 00:51:12,359 DEBUG epoch: 200, train_acc: 100.0, val_acc: 91.3, fidel_score: 98.02, acc_loss: 0.012358478270471096, grad_loss: None
2022-04-27 00:51:14,175 DEBUG epoch: 201, train_acc: 100.0, val_acc: 91.45, fidel_score: 98.18, acc_loss: 0.01478387275710702, grad_loss: None
2022-04-27 00:51:16,010 DEBUG epoch: 202, train_acc: 100.0, val_acc: 91.52, fidel_score: 97.83, acc_loss: 0.011957148090004921, grad_loss: None
2022-04-27 00:51:18,036 DEBUG epoch: 203, train_acc: 100.0, val_acc: 91.42, fidel_score: 97.99, acc_loss: 0.013887155801057816, grad_loss: None
2022-04-27 00:51:20,051 DEBUG epoch: 204, train_acc: 100.0, val_acc: 91.35, fidel_score: 97.88, acc_loss: 0.013095228932797909, grad_loss: None
2022-04-27 00:51:22,081 DEBUG epoch: 205, train_acc: 100.0, val_acc: 91.43, fidel_score: 97.97, acc_loss: 0.014776389114558697, grad_loss: None
2022-04-27 00:51:24,121 DEBUG epoch: 206, train_acc: 100.0, val_acc: 91.63, fidel_score: 97.97, acc_loss: 0.015131676569581032, grad_loss: None
2022-04-27 00:51:26,057 DEBUG epoch: 207, train_acc: 100.0, val_acc: 91.45, fidel_score: 98.06, acc_loss: 0.01587999565526843, grad_loss: None
2022-04-27 00:51:28,066 DEBUG epoch: 208, train_acc: 100.0, val_acc: 91.56, fidel_score: 98.09, acc_loss: 0.013836757279932499, grad_loss: None
2022-04-27 00:51:30,115 DEBUG epoch: 209, train_acc: 100.0, val_acc: 91.32, fidel_score: 98.07, acc_loss: 0.014580897521227598, grad_loss: None
2022-04-27 00:51:32,132 DEBUG epoch: 210, train_acc: 100.0, val_acc: 91.45, fidel_score: 98.0, acc_loss: 0.012783592101186514, grad_loss: None
2022-04-27 00:51:34,135 DEBUG epoch: 211, train_acc: 100.0, val_acc: 91.51, fidel_score: 97.73, acc_loss: 0.015097616240382195, grad_loss: None
2022-04-27 00:51:36,273 DEBUG epoch: 212, train_acc: 100.0, val_acc: 91.43, fidel_score: 97.99, acc_loss: 0.013536655809730291, grad_loss: None
2022-04-27 00:51:38,281 DEBUG epoch: 213, train_acc: 100.0, val_acc: 91.4, fidel_score: 97.87, acc_loss: 0.014703152235597372, grad_loss: None
2022-04-27 00:51:40,276 DEBUG epoch: 214, train_acc: 100.0, val_acc: 91.5, fidel_score: 98.06, acc_loss: 0.01178405387327075, grad_loss: None
2022-04-27 00:51:42,302 DEBUG epoch: 215, train_acc: 100.0, val_acc: 91.44, fidel_score: 98.08, acc_loss: 0.012730009853839874, grad_loss: None
2022-04-27 00:51:44,282 DEBUG epoch: 216, train_acc: 100.0, val_acc: 91.54, fidel_score: 97.97, acc_loss: 0.012567198369652033, grad_loss: None
2022-04-27 00:51:46,203 DEBUG epoch: 217, train_acc: 100.0, val_acc: 91.6, fidel_score: 98.11, acc_loss: 0.01643438870087266, grad_loss: None
2022-04-27 00:51:48,189 DEBUG epoch: 218, train_acc: 100.0, val_acc: 91.54, fidel_score: 97.97, acc_loss: 0.014738605823367834, grad_loss: None
2022-04-27 00:51:50,195 DEBUG epoch: 219, train_acc: 100.0, val_acc: 91.33, fidel_score: 97.96, acc_loss: 0.011552843265235424, grad_loss: None
2022-04-27 00:51:52,216 DEBUG epoch: 220, train_acc: 100.0, val_acc: 91.55, fidel_score: 98.01, acc_loss: 0.013745849952101707, grad_loss: None
2022-04-27 00:51:54,225 DEBUG epoch: 221, train_acc: 100.0, val_acc: 91.5, fidel_score: 98.0, acc_loss: 0.014201191253960133, grad_loss: None
2022-04-27 00:51:56,030 DEBUG epoch: 222, train_acc: 100.0, val_acc: 91.64, fidel_score: 97.92, acc_loss: 0.013383553363382816, grad_loss: None
2022-04-27 00:51:57,801 DEBUG epoch: 223, train_acc: 100.0, val_acc: 91.46, fidel_score: 98.09, acc_loss: 0.01591263059526682, grad_loss: None
2022-04-27 00:51:59,821 DEBUG epoch: 224, train_acc: 100.0, val_acc: 91.52, fidel_score: 97.97, acc_loss: 0.01607735315337777, grad_loss: None
2022-04-27 00:52:01,791 DEBUG epoch: 225, train_acc: 100.0, val_acc: 91.4, fidel_score: 98.04, acc_loss: 0.014341892674565315, grad_loss: None
2022-04-27 00:52:03,783 DEBUG epoch: 226, train_acc: 100.0, val_acc: 91.45, fidel_score: 98.03, acc_loss: 0.015204438008368015, grad_loss: None
2022-04-27 00:52:05,571 DEBUG epoch: 227, train_acc: 100.0, val_acc: 91.26, fidel_score: 97.89, acc_loss: 0.013204909861087799, grad_loss: None
2022-04-27 00:52:07,417 DEBUG epoch: 228, train_acc: 100.0, val_acc: 91.6, fidel_score: 98.11, acc_loss: 0.013300314079970121, grad_loss: None
2022-04-27 00:52:09,440 DEBUG epoch: 229, train_acc: 100.0, val_acc: 91.5, fidel_score: 97.97, acc_loss: 0.013348964974284172, grad_loss: None
2022-04-27 00:52:11,462 DEBUG epoch: 230, train_acc: 100.0, val_acc: 91.44, fidel_score: 97.99, acc_loss: 0.012706259731203318, grad_loss: None
2022-04-27 00:52:13,475 DEBUG epoch: 231, train_acc: 100.0, val_acc: 91.47, fidel_score: 97.94, acc_loss: 0.015247596427798271, grad_loss: None
2022-04-27 00:52:15,423 DEBUG epoch: 232, train_acc: 100.0, val_acc: 91.53, fidel_score: 97.97, acc_loss: 0.013261821120977402, grad_loss: None
2022-04-27 00:52:17,275 DEBUG epoch: 233, train_acc: 100.0, val_acc: 91.46, fidel_score: 98.07, acc_loss: 0.013914202805608511, grad_loss: None
2022-04-27 00:52:19,292 DEBUG epoch: 234, train_acc: 100.0, val_acc: 91.45, fidel_score: 98.04, acc_loss: 0.01794353686273098, grad_loss: None
2022-04-27 00:52:21,277 DEBUG epoch: 235, train_acc: 100.0, val_acc: 91.4, fidel_score: 97.9, acc_loss: 0.015741205774247646, grad_loss: None
2022-04-27 00:52:23,284 DEBUG epoch: 236, train_acc: 100.0, val_acc: 91.41, fidel_score: 97.91, acc_loss: 0.014274784829467535, grad_loss: None
2022-04-27 00:52:25,272 DEBUG epoch: 237, train_acc: 100.0, val_acc: 91.43, fidel_score: 98.0, acc_loss: 0.012146865483373404, grad_loss: None
2022-04-27 00:52:27,311 DEBUG epoch: 238, train_acc: 100.0, val_acc: 91.61, fidel_score: 98.12, acc_loss: 0.012899783439934254, grad_loss: None
2022-04-27 00:52:29,298 DEBUG epoch: 239, train_acc: 100.0, val_acc: 91.61, fidel_score: 97.91, acc_loss: 0.01340402476489544, grad_loss: None
2022-04-27 00:52:31,287 DEBUG epoch: 240, train_acc: 100.0, val_acc: 91.57, fidel_score: 98.05, acc_loss: 0.012238912750035524, grad_loss: None
2022-04-27 00:52:33,261 DEBUG epoch: 241, train_acc: 100.0, val_acc: 91.43, fidel_score: 97.97, acc_loss: 0.011957720387727022, grad_loss: None
2022-04-27 00:52:35,254 DEBUG epoch: 242, train_acc: 100.0, val_acc: 91.54, fidel_score: 98.12, acc_loss: 0.013532702811062336, grad_loss: None
2022-04-27 00:52:37,047 DEBUG epoch: 243, train_acc: 100.0, val_acc: 91.43, fidel_score: 97.74, acc_loss: 0.011931279208511114, grad_loss: None
2022-04-27 00:52:38,911 DEBUG epoch: 244, train_acc: 100.0, val_acc: 91.34, fidel_score: 98.0, acc_loss: 0.013296517543494701, grad_loss: None
2022-04-27 00:52:40,897 DEBUG epoch: 245, train_acc: 100.0, val_acc: 91.59, fidel_score: 97.86, acc_loss: 0.013978991657495499, grad_loss: None
2022-04-27 00:52:42,903 DEBUG epoch: 246, train_acc: 100.0, val_acc: 91.37, fidel_score: 97.88, acc_loss: 0.012158607598394156, grad_loss: None
2022-04-27 00:52:44,911 DEBUG epoch: 247, train_acc: 100.0, val_acc: 91.37, fidel_score: 97.99, acc_loss: 0.013227392919361591, grad_loss: None
2022-04-27 00:52:46,721 DEBUG epoch: 248, train_acc: 100.0, val_acc: 91.46, fidel_score: 97.85, acc_loss: 0.013231206219643354, grad_loss: None
2022-04-27 00:52:48,510 DEBUG epoch: 249, train_acc: 100.0, val_acc: 91.43, fidel_score: 98.02, acc_loss: 0.01162295462563634, grad_loss: None
2022-04-27 00:52:50,544 DEBUG epoch: 250, train_acc: 100.0, val_acc: 91.62, fidel_score: 98.14, acc_loss: 0.01207614503800869, grad_loss: None
2022-04-27 00:52:52,555 DEBUG epoch: 251, train_acc: 100.0, val_acc: 91.57, fidel_score: 98.0, acc_loss: 0.015972352121025324, grad_loss: None
2022-04-27 00:52:54,551 DEBUG epoch: 252, train_acc: 100.0, val_acc: 91.43, fidel_score: 97.96, acc_loss: 0.013868877198547125, grad_loss: None
2022-04-27 00:52:56,385 DEBUG epoch: 253, train_acc: 100.0, val_acc: 91.64, fidel_score: 98.25, acc_loss: 0.013428347650915384, grad_loss: None
2022-04-27 00:52:58,214 DEBUG epoch: 254, train_acc: 100.0, val_acc: 91.57, fidel_score: 98.06, acc_loss: 0.012501280754804611, grad_loss: None
2022-04-27 00:53:00,250 DEBUG epoch: 255, train_acc: 100.0, val_acc: 91.56, fidel_score: 97.95, acc_loss: 0.012723867781460285, grad_loss: None
2022-04-27 00:53:02,270 DEBUG epoch: 256, train_acc: 100.0, val_acc: 91.47, fidel_score: 97.9, acc_loss: 0.013685017824172974, grad_loss: None
2022-04-27 00:53:04,265 DEBUG epoch: 257, train_acc: 100.0, val_acc: 91.56, fidel_score: 97.99, acc_loss: 0.01072881044819951, grad_loss: None
2022-04-27 00:53:06,255 DEBUG epoch: 258, train_acc: 100.0, val_acc: 91.55, fidel_score: 97.91, acc_loss: 0.015257295686751604, grad_loss: None
2022-04-27 00:53:08,163 DEBUG epoch: 259, train_acc: 100.0, val_acc: 91.59, fidel_score: 98.11, acc_loss: 0.014095829799771309, grad_loss: None
2022-04-27 00:53:10,167 DEBUG epoch: 260, train_acc: 100.0, val_acc: 91.36, fidel_score: 97.98, acc_loss: 0.013493309263139963, grad_loss: None
2022-04-27 00:53:12,187 DEBUG epoch: 261, train_acc: 100.0, val_acc: 91.41, fidel_score: 97.95, acc_loss: 0.013933855574578047, grad_loss: None
2022-04-27 00:53:14,182 DEBUG epoch: 262, train_acc: 100.0, val_acc: 91.56, fidel_score: 98.03, acc_loss: 0.011384535115212202, grad_loss: None
2022-04-27 00:53:16,201 DEBUG epoch: 263, train_acc: 100.0, val_acc: 91.47, fidel_score: 97.93, acc_loss: 0.013022379484027624, grad_loss: None
2022-04-27 00:53:18,288 DEBUG epoch: 264, train_acc: 100.0, val_acc: 91.33, fidel_score: 98.08, acc_loss: 0.013526016846299171, grad_loss: None
2022-04-27 00:53:20,292 DEBUG epoch: 265, train_acc: 100.0, val_acc: 91.57, fidel_score: 98.07, acc_loss: 0.012524467892944813, grad_loss: None
2022-04-27 00:53:22,305 DEBUG epoch: 266, train_acc: 100.0, val_acc: 91.57, fidel_score: 98.01, acc_loss: 0.014424016699194908, grad_loss: None
2022-04-27 00:53:24,273 DEBUG epoch: 267, train_acc: 100.0, val_acc: 91.6, fidel_score: 98.04, acc_loss: 0.01354371290653944, grad_loss: None
2022-04-27 00:53:26,292 DEBUG epoch: 268, train_acc: 100.0, val_acc: 91.59, fidel_score: 98.19, acc_loss: 0.015023048501461744, grad_loss: None
2022-04-27 00:53:28,237 DEBUG epoch: 269, train_acc: 100.0, val_acc: 91.4, fidel_score: 98.06, acc_loss: 0.015562734566628933, grad_loss: None
2022-04-27 00:53:30,264 DEBUG epoch: 270, train_acc: 100.0, val_acc: 91.37, fidel_score: 97.91, acc_loss: 0.015859320294111967, grad_loss: None
2022-04-27 00:53:32,255 DEBUG epoch: 271, train_acc: 100.0, val_acc: 91.56, fidel_score: 98.1, acc_loss: 0.01439987076446414, grad_loss: None
2022-04-27 00:53:34,259 DEBUG epoch: 272, train_acc: 100.0, val_acc: 91.47, fidel_score: 97.83, acc_loss: 0.014096423052251339, grad_loss: None
2022-04-27 00:53:36,280 DEBUG epoch: 273, train_acc: 100.0, val_acc: 91.41, fidel_score: 97.85, acc_loss: 0.014095313381403685, grad_loss: None
2022-04-27 00:53:38,046 DEBUG epoch: 274, train_acc: 100.0, val_acc: 91.53, fidel_score: 98.08, acc_loss: 0.013610046822577715, grad_loss: None
2022-04-27 00:53:39,849 DEBUG epoch: 275, train_acc: 100.0, val_acc: 91.39, fidel_score: 97.83, acc_loss: 0.01198052242398262, grad_loss: None
2022-04-27 00:53:41,890 DEBUG epoch: 276, train_acc: 100.0, val_acc: 91.63, fidel_score: 97.97, acc_loss: 0.01302156550809741, grad_loss: None
2022-04-27 00:53:43,877 DEBUG epoch: 277, train_acc: 100.0, val_acc: 91.55, fidel_score: 98.02, acc_loss: 0.012634819373488426, grad_loss: None
2022-04-27 00:53:45,889 DEBUG epoch: 278, train_acc: 100.0, val_acc: 91.6, fidel_score: 97.95, acc_loss: 0.01348224189132452, grad_loss: None
2022-04-27 00:53:47,665 DEBUG epoch: 279, train_acc: 100.0, val_acc: 91.55, fidel_score: 97.93, acc_loss: 0.013679200317710638, grad_loss: None
2022-04-27 00:53:49,491 DEBUG epoch: 280, train_acc: 100.0, val_acc: 91.43, fidel_score: 98.14, acc_loss: 0.014237422496080399, grad_loss: None
2022-04-27 00:53:51,515 DEBUG epoch: 281, train_acc: 100.0, val_acc: 91.37, fidel_score: 97.84, acc_loss: 0.013867010828107595, grad_loss: None
2022-04-27 00:53:53,540 DEBUG epoch: 282, train_acc: 100.0, val_acc: 91.5, fidel_score: 98.03, acc_loss: 0.014972212724387646, grad_loss: None
2022-04-27 00:53:55,542 DEBUG epoch: 283, train_acc: 100.0, val_acc: 91.4, fidel_score: 97.94, acc_loss: 0.012215896975249052, grad_loss: None
2022-04-27 00:53:57,393 DEBUG epoch: 284, train_acc: 100.0, val_acc: 91.51, fidel_score: 97.91, acc_loss: 0.011121067684143782, grad_loss: None
2022-04-27 00:53:59,232 DEBUG epoch: 285, train_acc: 100.0, val_acc: 91.31, fidel_score: 97.85, acc_loss: 0.017679914832115173, grad_loss: None
2022-04-27 00:54:01,251 DEBUG epoch: 286, train_acc: 100.0, val_acc: 91.42, fidel_score: 97.89, acc_loss: 0.012874909676611423, grad_loss: None
2022-04-27 00:54:03,224 DEBUG epoch: 287, train_acc: 100.0, val_acc: 91.51, fidel_score: 97.89, acc_loss: 0.01393072446808219, grad_loss: None
2022-04-27 00:54:05,243 DEBUG epoch: 288, train_acc: 100.0, val_acc: 91.52, fidel_score: 98.18, acc_loss: 0.01189061626791954, grad_loss: None
2022-04-27 00:54:07,236 DEBUG epoch: 289, train_acc: 100.0, val_acc: 91.52, fidel_score: 97.9, acc_loss: 0.012291728053241968, grad_loss: None
2022-04-27 00:54:09,146 DEBUG epoch: 290, train_acc: 100.0, val_acc: 91.6, fidel_score: 98.01, acc_loss: 0.014536017086356878, grad_loss: None
2022-04-27 00:54:11,162 DEBUG epoch: 291, train_acc: 100.0, val_acc: 91.67, fidel_score: 98.18, acc_loss: 0.0113047338090837, grad_loss: None
2022-04-27 00:54:13,177 DEBUG epoch: 292, train_acc: 100.0, val_acc: 91.39, fidel_score: 98.02, acc_loss: 0.012841806747019291, grad_loss: None
2022-04-27 00:54:15,181 DEBUG epoch: 293, train_acc: 100.0, val_acc: 91.63, fidel_score: 98.09, acc_loss: 0.012020423542708158, grad_loss: None
2022-04-27 00:54:17,192 DEBUG epoch: 294, train_acc: 100.0, val_acc: 91.68, fidel_score: 97.92, acc_loss: 0.01326263789087534, grad_loss: None
2022-04-27 00:54:19,264 DEBUG epoch: 295, train_acc: 100.0, val_acc: 91.44, fidel_score: 97.97, acc_loss: 0.011287246830761433, grad_loss: None
2022-04-27 00:54:21,271 DEBUG epoch: 296, train_acc: 100.0, val_acc: 91.62, fidel_score: 98.04, acc_loss: 0.01249094121158123, grad_loss: None
2022-04-27 00:54:23,250 DEBUG epoch: 297, train_acc: 100.0, val_acc: 91.54, fidel_score: 98.23, acc_loss: 0.013572756201028824, grad_loss: None
2022-04-27 00:54:25,264 DEBUG epoch: 298, train_acc: 100.0, val_acc: 91.48, fidel_score: 97.84, acc_loss: 0.013915530405938625, grad_loss: None
2022-04-27 00:54:27,280 DEBUG epoch: 299, train_acc: 100.0, val_acc: 91.38, fidel_score: 97.98, acc_loss: 0.012499585282057524, grad_loss: None
2022-04-27 00:54:29,087 DEBUG epoch: 300, train_acc: 100.0, val_acc: 91.52, fidel_score: 98.17, acc_loss: 0.011413395870476961, grad_loss: None
2022-04-27 00:54:29,087 DEBUG load best stealed model.
2022-04-27 00:54:29,087 DEBUG Best perform model, val_acc: 91.74, fidel_score: 97.99, acc_loss: 0.013853267766535282
2022-04-27 00:54:29,089 DEBUG load cloest stealed model.
2022-04-27 00:54:29,089 DEBUG Closest perform model, val_acc: 91.45, fidel_score: 98.27, acc_loss: 0.013853267766535282
