2022-04-22 00:50:51,896 DEBUG Namespace(arch='vgg11_bn', attack_client=0, attack_epochs=300, attack_style='SoftTrain_option', average_time=1, batch_size=128, bottleneck_option='None', cutlayer=4, data_proportion=0.02, dataset='cifar10', filename='ace_V2_epoch_vgg11_bn_cutlayer_4_client_1_seed125_dataset_cifar10_lr_0.05_200epoch', folder='saves/baseline', learning_rate=0.05, noniid_ratio=1.0, num_client=1, num_epochs='best', num_query=1000, random_seed=123, regularization='None', regularization_strength=0.0, scheme='V2_epoch', surrogate_arch='same', test_best=True, train_clas_layer=7.0)
2022-04-22 00:50:55,328 DEBUG Test (client-0):	Loss 0.6165 (0.3623)	Prec@1 81.250 (91.890)
2022-04-22 00:50:55,328 DEBUG  * Prec@1 91.890
2022-04-22 00:50:55,333 DEBUG load 0.weight to surrogate
2022-04-22 00:50:55,334 DEBUG load 0.bias to surrogate
2022-04-22 00:50:55,334 DEBUG load 1.weight to surrogate
2022-04-22 00:50:55,334 DEBUG load 1.bias to surrogate
2022-04-22 00:50:55,334 DEBUG load 1.running_mean to surrogate
2022-04-22 00:50:55,334 DEBUG load 1.running_var to surrogate
2022-04-22 00:50:55,334 DEBUG load 1.num_batches_tracked to surrogate
2022-04-22 00:50:55,335 DEBUG load 3.weight to surrogate
2022-04-22 00:50:55,335 DEBUG load 3.bias to surrogate
2022-04-22 00:50:55,335 DEBUG load 4.weight to surrogate
2022-04-22 00:50:55,335 DEBUG load 4.bias to surrogate
2022-04-22 00:50:55,335 DEBUG load 4.running_mean to surrogate
2022-04-22 00:50:55,335 DEBUG load 4.running_var to surrogate
2022-04-22 00:50:55,335 DEBUG load 4.num_batches_tracked to surrogate
2022-04-22 00:50:55,340 DEBUG 16
2022-04-22 00:50:55,340 DEBUG 22
2022-04-22 00:50:55,341 DEBUG surrogate parameter has 22 trainable parameters!
2022-04-22 00:50:57,684 DEBUG epoch: 0, val_acc: 8.82, val_fidelity: 8.82
2022-04-22 00:50:58,812 DEBUG epoch: 1, train_acc: 9.825721144676208, val_acc: 10.79, fidel_score: 10.58, acc_loss: 2.3019495010375977, grad_loss: None
2022-04-22 00:50:59,950 DEBUG epoch: 2, train_acc: 11.74879801273346, val_acc: 13.55, fidel_score: 13.32, acc_loss: 2.295962005853653, grad_loss: None
2022-04-22 00:51:01,073 DEBUG epoch: 3, train_acc: 13.296273946762085, val_acc: 18.36, fidel_score: 18.33, acc_loss: 2.2892683148384094, grad_loss: None
2022-04-22 00:51:02,198 DEBUG epoch: 4, train_acc: 15.144230723381042, val_acc: 11.35, fidel_score: 11.6, acc_loss: 2.2787854373455048, grad_loss: None
2022-04-22 00:51:03,334 DEBUG epoch: 5, train_acc: 24.586838722229004, val_acc: 42.48, fidel_score: 42.73, acc_loss: 2.2518627643585205, grad_loss: None
2022-04-22 00:51:04,463 DEBUG epoch: 6, train_acc: 34.43509602546692, val_acc: 29.43, fidel_score: 29.75, acc_loss: 2.1326675713062286, grad_loss: None
2022-04-22 00:51:05,604 DEBUG epoch: 7, train_acc: 22.03275227546692, val_acc: 11.52, fidel_score: 11.49, acc_loss: 2.2052405327558517, grad_loss: None
2022-04-22 00:51:06,728 DEBUG epoch: 8, train_acc: 12.672776460647583, val_acc: 12.16, fidel_score: 11.9, acc_loss: 2.3653563857078552, grad_loss: None
2022-04-22 00:51:07,858 DEBUG epoch: 9, train_acc: 13.491586446762085, val_acc: 20.53, fidel_score: 20.6, acc_loss: 2.253332495689392, grad_loss: None
2022-04-22 00:51:08,966 DEBUG epoch: 10, train_acc: 18.479567289352417, val_acc: 21.22, fidel_score: 21.29, acc_loss: 2.109321415424347, grad_loss: None
2022-04-22 00:51:10,097 DEBUG epoch: 11, train_acc: 23.219651460647583, val_acc: 21.33, fidel_score: 21.87, acc_loss: 1.898673266172409, grad_loss: None
2022-04-22 00:51:11,223 DEBUG epoch: 12, train_acc: 13.889723539352417, val_acc: 15.52, fidel_score: 15.6, acc_loss: 2.5246019065380096, grad_loss: None
2022-04-22 00:51:12,335 DEBUG epoch: 13, train_acc: 20.297475814819336, val_acc: 20.91, fidel_score: 20.67, acc_loss: 2.262031227350235, grad_loss: None
2022-04-22 00:51:13,482 DEBUG epoch: 14, train_acc: 19.861778736114502, val_acc: 20.3, fidel_score: 20.08, acc_loss: 2.1291087865829468, grad_loss: None
2022-04-22 00:51:14,602 DEBUG epoch: 15, train_acc: 19.69651436805725, val_acc: 21.13, fidel_score: 21.22, acc_loss: 2.0003010779619217, grad_loss: None
2022-04-22 00:51:15,729 DEBUG epoch: 16, train_acc: 21.25150227546692, val_acc: 20.39, fidel_score: 20.2, acc_loss: 1.9176608175039291, grad_loss: None
2022-04-22 00:51:16,857 DEBUG epoch: 17, train_acc: 20.77073311805725, val_acc: 21.42, fidel_score: 21.65, acc_loss: 1.8676289916038513, grad_loss: None
2022-04-22 00:51:17,991 DEBUG epoch: 18, train_acc: 21.70973539352417, val_acc: 20.57, fidel_score: 20.41, acc_loss: 1.8187205344438553, grad_loss: None
2022-04-22 00:51:19,125 DEBUG epoch: 19, train_acc: 20.492788314819336, val_acc: 22.15, fidel_score: 22.37, acc_loss: 1.7718948721885681, grad_loss: None
2022-04-22 00:51:20,267 DEBUG epoch: 20, train_acc: 23.20462727546692, val_acc: 22.74, fidel_score: 22.94, acc_loss: 1.731379672884941, grad_loss: None
2022-04-22 00:51:21,419 DEBUG epoch: 21, train_acc: 24.233773946762085, val_acc: 23.27, fidel_score: 23.11, acc_loss: 1.7242003679275513, grad_loss: None
2022-04-22 00:51:22,549 DEBUG epoch: 22, train_acc: 24.076021671295166, val_acc: 21.23, fidel_score: 21.52, acc_loss: 1.7395591735839844, grad_loss: None
2022-04-22 00:51:23,690 DEBUG epoch: 23, train_acc: 22.964242696762085, val_acc: 24.17, fidel_score: 24.69, acc_loss: 1.788849115371704, grad_loss: None
2022-04-22 00:51:24,829 DEBUG epoch: 24, train_acc: 25.270432710647583, val_acc: 27.31, fidel_score: 27.54, acc_loss: 1.699598640203476, grad_loss: None
2022-04-22 00:51:25,963 DEBUG epoch: 25, train_acc: 28.87620186805725, val_acc: 26.34, fidel_score: 26.89, acc_loss: 1.6578245759010315, grad_loss: None
2022-04-22 00:51:27,096 DEBUG epoch: 26, train_acc: 29.402043342590332, val_acc: 27.57, fidel_score: 27.62, acc_loss: 1.650030329823494, grad_loss: None
2022-04-22 00:51:28,243 DEBUG epoch: 27, train_acc: 30.43118977546692, val_acc: 24.37, fidel_score: 24.92, acc_loss: 1.6188690513372421, grad_loss: None
2022-04-22 00:51:29,381 DEBUG epoch: 28, train_acc: 31.775841236114502, val_acc: 31.98, fidel_score: 32.06, acc_loss: 1.6000327318906784, grad_loss: None
2022-04-22 00:51:30,506 DEBUG epoch: 29, train_acc: 30.33353352546692, val_acc: 32.16, fidel_score: 32.74, acc_loss: 1.6014918088912964, grad_loss: None
2022-04-22 00:51:31,637 DEBUG epoch: 30, train_acc: 29.22926664352417, val_acc: 35.81, fidel_score: 35.7, acc_loss: 1.6131103187799454, grad_loss: None
2022-04-22 00:51:32,778 DEBUG epoch: 31, train_acc: 33.68389415740967, val_acc: 31.17, fidel_score: 31.43, acc_loss: 1.5761373490095139, grad_loss: None
2022-04-22 00:51:33,908 DEBUG epoch: 32, train_acc: 33.78155040740967, val_acc: 33.13, fidel_score: 33.86, acc_loss: 1.5274444818496704, grad_loss: None
2022-04-22 00:51:35,038 DEBUG epoch: 33, train_acc: 36.478365421295166, val_acc: 31.09, fidel_score: 31.52, acc_loss: 1.459486037492752, grad_loss: None
2022-04-22 00:51:36,171 DEBUG epoch: 34, train_acc: 37.50751209259033, val_acc: 37.72, fidel_score: 38.34, acc_loss: 1.4277159124612808, grad_loss: None
2022-04-22 00:51:37,300 DEBUG epoch: 35, train_acc: 39.0024037361145, val_acc: 42.82, fidel_score: 43.25, acc_loss: 1.4005995690822601, grad_loss: None
2022-04-22 00:51:38,435 DEBUG epoch: 36, train_acc: 44.809194564819336, val_acc: 44.84, fidel_score: 45.11, acc_loss: 1.3039111942052841, grad_loss: None
2022-04-22 00:51:39,567 DEBUG epoch: 37, train_acc: 46.461838722229004, val_acc: 45.25, fidel_score: 46.12, acc_loss: 1.240396872162819, grad_loss: None
2022-04-22 00:51:40,702 DEBUG epoch: 38, train_acc: 48.001802921295166, val_acc: 48.09, fidel_score: 48.5, acc_loss: 1.142822965979576, grad_loss: None
2022-04-22 00:51:41,823 DEBUG epoch: 39, train_acc: 50.68359375, val_acc: 48.22, fidel_score: 48.4, acc_loss: 1.1703175902366638, grad_loss: None
2022-04-22 00:51:42,949 DEBUG epoch: 40, train_acc: 51.14182662963867, val_acc: 45.94, fidel_score: 45.98, acc_loss: 1.136966735124588, grad_loss: None
2022-04-22 00:51:44,078 DEBUG epoch: 41, train_acc: 41.909554958343506, val_acc: 40.19, fidel_score: 40.41, acc_loss: 1.3806178122758865, grad_loss: None
2022-04-22 00:51:45,208 DEBUG epoch: 42, train_acc: 46.364182472229004, val_acc: 44.09, fidel_score: 44.71, acc_loss: 1.2465640902519226, grad_loss: None
2022-04-22 00:51:46,339 DEBUG epoch: 43, train_acc: 53.132511615753174, val_acc: 48.59, fidel_score: 49.02, acc_loss: 1.0865432173013687, grad_loss: None
2022-04-22 00:51:47,482 DEBUG epoch: 44, train_acc: 56.452824115753174, val_acc: 53.07, fidel_score: 53.93, acc_loss: 1.0045986324548721, grad_loss: None
2022-04-22 00:51:48,625 DEBUG epoch: 45, train_acc: 60.73467540740967, val_acc: 55.55, fidel_score: 56.23, acc_loss: 0.9465496391057968, grad_loss: None
2022-04-22 00:51:49,778 DEBUG epoch: 46, train_acc: 61.929086208343506, val_acc: 52.64, fidel_score: 53.38, acc_loss: 0.9024043381214142, grad_loss: None
2022-04-22 00:51:50,918 DEBUG epoch: 47, train_acc: 57.662259578704834, val_acc: 49.6, fidel_score: 50.2, acc_loss: 1.0663142204284668, grad_loss: None
2022-04-22 00:51:52,054 DEBUG epoch: 48, train_acc: 61.147836685180664, val_acc: 56.9, fidel_score: 57.73, acc_loss: 0.9420128017663956, grad_loss: None
2022-04-22 00:51:53,187 DEBUG epoch: 49, train_acc: 65.36959075927734, val_acc: 58.35, fidel_score: 59.24, acc_loss: 0.8732918426394463, grad_loss: None
2022-04-22 00:51:54,331 DEBUG epoch: 50, train_acc: 73.78305244445801, val_acc: 58.24, fidel_score: 59.29, acc_loss: 0.7391925677657127, grad_loss: None
2022-04-22 00:51:55,480 DEBUG epoch: 51, train_acc: 73.77554035186768, val_acc: 61.65, fidel_score: 62.5, acc_loss: 0.7417828366160393, grad_loss: None
2022-04-22 00:51:56,617 DEBUG epoch: 52, train_acc: 74.03094959259033, val_acc: 61.43, fidel_score: 62.55, acc_loss: 0.6988656669855118, grad_loss: None
2022-04-22 00:51:57,745 DEBUG epoch: 53, train_acc: 74.24879741668701, val_acc: 63.38, fidel_score: 64.18, acc_loss: 0.6935631558299065, grad_loss: None
2022-04-22 00:51:58,865 DEBUG epoch: 54, train_acc: 75.89393043518066, val_acc: 55.79, fidel_score: 56.45, acc_loss: 0.685579814016819, grad_loss: None
2022-04-22 00:52:00,011 DEBUG epoch: 55, train_acc: 71.86748790740967, val_acc: 64.21, fidel_score: 65.37, acc_loss: 0.7433962672948837, grad_loss: None
2022-04-22 00:52:01,144 DEBUG epoch: 56, train_acc: 70.77073287963867, val_acc: 58.39, fidel_score: 59.96, acc_loss: 0.7746068388223648, grad_loss: None
2022-04-22 00:52:02,284 DEBUG epoch: 57, train_acc: 68.91526412963867, val_acc: 64.32, fidel_score: 65.25, acc_loss: 0.8576253280043602, grad_loss: None
2022-04-22 00:52:03,418 DEBUG epoch: 58, train_acc: 75.57091331481934, val_acc: 64.63, fidel_score: 65.73, acc_loss: 0.6990684606134892, grad_loss: None
2022-04-22 00:52:04,540 DEBUG epoch: 59, train_acc: 78.03485584259033, val_acc: 66.52, fidel_score: 67.36, acc_loss: 0.6416576504707336, grad_loss: None
2022-04-22 00:52:05,672 DEBUG epoch: 60, train_acc: 76.31460285186768, val_acc: 69.13, fidel_score: 70.72, acc_loss: 0.6829798370599747, grad_loss: None
2022-04-22 00:52:06,797 DEBUG epoch: 61, train_acc: 85.47926616668701, val_acc: 69.77, fidel_score: 71.11, acc_loss: 0.4630909711122513, grad_loss: None
2022-04-22 00:52:07,933 DEBUG epoch: 62, train_acc: 84.14963912963867, val_acc: 70.65, fidel_score: 71.83, acc_loss: 0.4530852362513542, grad_loss: None
2022-04-22 00:52:09,069 DEBUG epoch: 63, train_acc: 86.67367744445801, val_acc: 71.61, fidel_score: 72.83, acc_loss: 0.3970506004989147, grad_loss: None
2022-04-22 00:52:10,197 DEBUG epoch: 64, train_acc: 87.94320869445801, val_acc: 71.87, fidel_score: 73.14, acc_loss: 0.3812158424407244, grad_loss: None
2022-04-22 00:52:11,329 DEBUG epoch: 65, train_acc: 89.11508369445801, val_acc: 71.4, fidel_score: 72.71, acc_loss: 0.33701537549495697, grad_loss: None
2022-04-22 00:52:12,456 DEBUG epoch: 66, train_acc: 88.90474700927734, val_acc: 72.0, fidel_score: 73.35, acc_loss: 0.37280538119375706, grad_loss: None
2022-04-22 00:52:13,582 DEBUG epoch: 67, train_acc: 89.28034782409668, val_acc: 72.21, fidel_score: 73.61, acc_loss: 0.3367832116782665, grad_loss: None
2022-04-22 00:52:14,714 DEBUG epoch: 68, train_acc: 90.12920665740967, val_acc: 72.1, fidel_score: 73.58, acc_loss: 0.31104401871562004, grad_loss: None
2022-04-22 00:52:15,844 DEBUG epoch: 69, train_acc: 90.61748790740967, val_acc: 72.13, fidel_score: 73.66, acc_loss: 0.3049359079450369, grad_loss: None
2022-04-22 00:52:16,970 DEBUG epoch: 70, train_acc: 87.90564918518066, val_acc: 71.77, fidel_score: 73.09, acc_loss: 0.3720700964331627, grad_loss: None
2022-04-22 00:52:18,090 DEBUG epoch: 71, train_acc: 92.69080543518066, val_acc: 72.25, fidel_score: 73.79, acc_loss: 0.262038042768836, grad_loss: None
2022-04-22 00:52:19,230 DEBUG epoch: 72, train_acc: 92.00721168518066, val_acc: 72.98, fidel_score: 74.29, acc_loss: 0.25788823515176773, grad_loss: None
2022-04-22 00:52:20,379 DEBUG epoch: 73, train_acc: 91.88701915740967, val_acc: 72.7, fidel_score: 74.08, acc_loss: 0.26205470226705074, grad_loss: None
2022-04-22 00:52:21,512 DEBUG epoch: 74, train_acc: 91.90204334259033, val_acc: 72.6, fidel_score: 74.16, acc_loss: 0.2640069853514433, grad_loss: None
2022-04-22 00:52:22,646 DEBUG epoch: 75, train_acc: 91.676682472229, val_acc: 73.1, fidel_score: 74.39, acc_loss: 0.27127244509756565, grad_loss: None
2022-04-22 00:52:23,784 DEBUG epoch: 76, train_acc: 93.81009578704834, val_acc: 72.41, fidel_score: 73.68, acc_loss: 0.21830814145505428, grad_loss: None
2022-04-22 00:52:24,927 DEBUG epoch: 77, train_acc: 92.067307472229, val_acc: 73.14, fidel_score: 74.53, acc_loss: 0.2600403316318989, grad_loss: None
2022-04-22 00:52:26,059 DEBUG epoch: 78, train_acc: 92.58563709259033, val_acc: 72.86, fidel_score: 74.39, acc_loss: 0.25698352605104446, grad_loss: None
2022-04-22 00:52:27,185 DEBUG epoch: 79, train_acc: 91.71424293518066, val_acc: 73.45, fidel_score: 74.86, acc_loss: 0.23217600025236607, grad_loss: None
2022-04-22 00:52:28,318 DEBUG epoch: 80, train_acc: 94.12560081481934, val_acc: 73.59, fidel_score: 75.05, acc_loss: 0.2191192088648677, grad_loss: None
2022-04-22 00:52:29,470 DEBUG epoch: 81, train_acc: 93.29176616668701, val_acc: 73.12, fidel_score: 74.41, acc_loss: 0.23480594530701637, grad_loss: None
2022-04-22 00:52:30,593 DEBUG epoch: 82, train_acc: 92.83353328704834, val_acc: 73.91, fidel_score: 75.46, acc_loss: 0.23086783196777105, grad_loss: None
2022-04-22 00:52:31,737 DEBUG epoch: 83, train_acc: 93.05889415740967, val_acc: 73.92, fidel_score: 75.51, acc_loss: 0.25101638957858086, grad_loss: None
2022-04-22 00:52:32,866 DEBUG epoch: 84, train_acc: 92.69080543518066, val_acc: 73.3, fidel_score: 74.65, acc_loss: 0.25446548871695995, grad_loss: None
2022-04-22 00:52:34,021 DEBUG epoch: 85, train_acc: 95.51532459259033, val_acc: 73.52, fidel_score: 74.97, acc_loss: 0.17344094440340996, grad_loss: None
2022-04-22 00:52:35,155 DEBUG epoch: 86, train_acc: 93.60727119445801, val_acc: 74.03, fidel_score: 75.67, acc_loss: 0.21668287087231874, grad_loss: None
2022-04-22 00:52:36,308 DEBUG epoch: 87, train_acc: 94.801682472229, val_acc: 74.19, fidel_score: 75.72, acc_loss: 0.18881404493004084, grad_loss: None
2022-04-22 00:52:37,430 DEBUG epoch: 88, train_acc: 94.01292037963867, val_acc: 73.23, fidel_score: 74.69, acc_loss: 0.18242892622947693, grad_loss: None
2022-04-22 00:52:38,572 DEBUG epoch: 89, train_acc: 95.90594959259033, val_acc: 73.76, fidel_score: 75.57, acc_loss: 0.15485776402056217, grad_loss: None
2022-04-22 00:52:39,702 DEBUG epoch: 90, train_acc: 95.875901222229, val_acc: 74.61, fidel_score: 76.4, acc_loss: 0.15117968805134296, grad_loss: None
2022-04-22 00:52:40,837 DEBUG epoch: 91, train_acc: 95.15474700927734, val_acc: 74.23, fidel_score: 76.01, acc_loss: 0.17997182346880436, grad_loss: None
2022-04-22 00:52:41,979 DEBUG epoch: 92, train_acc: 95.65805244445801, val_acc: 73.84, fidel_score: 75.64, acc_loss: 0.1765453740954399, grad_loss: None
2022-04-22 00:52:43,114 DEBUG epoch: 93, train_acc: 94.704026222229, val_acc: 74.15, fidel_score: 75.8, acc_loss: 0.16793274506926537, grad_loss: None
2022-04-22 00:52:44,253 DEBUG epoch: 94, train_acc: 95.17728328704834, val_acc: 74.17, fidel_score: 75.71, acc_loss: 0.16571004316210747, grad_loss: None
2022-04-22 00:52:45,386 DEBUG epoch: 95, train_acc: 96.02614116668701, val_acc: 73.53, fidel_score: 75.14, acc_loss: 0.1482081413269043, grad_loss: None
2022-04-22 00:52:46,513 DEBUG epoch: 96, train_acc: 96.14633369445801, val_acc: 74.47, fidel_score: 75.99, acc_loss: 0.14764555543661118, grad_loss: None
2022-04-22 00:52:47,633 DEBUG epoch: 97, train_acc: 96.10126209259033, val_acc: 73.85, fidel_score: 75.37, acc_loss: 0.14732084330171347, grad_loss: None
2022-04-22 00:52:48,783 DEBUG epoch: 98, train_acc: 95.34254741668701, val_acc: 74.5, fidel_score: 76.21, acc_loss: 0.16481588128954172, grad_loss: None
2022-04-22 00:52:49,923 DEBUG epoch: 99, train_acc: 95.16977119445801, val_acc: 73.62, fidel_score: 75.12, acc_loss: 0.17992614582180977, grad_loss: None
2022-04-22 00:52:51,053 DEBUG epoch: 100, train_acc: 96.852463722229, val_acc: 74.8, fidel_score: 76.42, acc_loss: 0.12181216664612293, grad_loss: None
2022-04-22 00:52:52,195 DEBUG epoch: 101, train_acc: 95.32752418518066, val_acc: 73.77, fidel_score: 75.44, acc_loss: 0.15948061738163233, grad_loss: None
2022-04-22 00:52:53,326 DEBUG epoch: 102, train_acc: 97.0703125, val_acc: 74.55, fidel_score: 76.22, acc_loss: 0.11323136370629072, grad_loss: None
2022-04-22 00:52:54,453 DEBUG epoch: 103, train_acc: 96.09375, val_acc: 74.54, fidel_score: 76.19, acc_loss: 0.12328074779361486, grad_loss: None
2022-04-22 00:52:55,600 DEBUG epoch: 104, train_acc: 95.07211494445801, val_acc: 74.0, fidel_score: 75.82, acc_loss: 0.17424734868109226, grad_loss: None
2022-04-22 00:52:56,736 DEBUG epoch: 105, train_acc: 97.0703125, val_acc: 73.71, fidel_score: 75.12, acc_loss: 0.12318413192406297, grad_loss: None
2022-04-22 00:52:57,868 DEBUG epoch: 106, train_acc: 95.680588722229, val_acc: 73.84, fidel_score: 75.58, acc_loss: 0.1431440133601427, grad_loss: None
2022-04-22 00:52:59,003 DEBUG epoch: 107, train_acc: 96.49939918518066, val_acc: 74.47, fidel_score: 76.1, acc_loss: 0.1246784282848239, grad_loss: None
2022-04-22 00:53:00,146 DEBUG epoch: 108, train_acc: 96.461838722229, val_acc: 73.5, fidel_score: 75.34, acc_loss: 0.12452244851738214, grad_loss: None
2022-04-22 00:53:01,269 DEBUG epoch: 109, train_acc: 96.22145366668701, val_acc: 74.41, fidel_score: 76.13, acc_loss: 0.14051262708380818, grad_loss: None
2022-04-22 00:53:02,407 DEBUG epoch: 110, train_acc: 97.265625, val_acc: 75.0, fidel_score: 76.57, acc_loss: 0.1125523392111063, grad_loss: None
2022-04-22 00:53:03,533 DEBUG epoch: 111, train_acc: 97.93419456481934, val_acc: 74.3, fidel_score: 75.95, acc_loss: 0.0938590569421649, grad_loss: None
2022-04-22 00:53:04,653 DEBUG epoch: 112, train_acc: 96.73227119445801, val_acc: 74.51, fidel_score: 76.16, acc_loss: 0.14380807802081108, grad_loss: None
2022-04-22 00:53:05,775 DEBUG epoch: 113, train_acc: 96.73978328704834, val_acc: 74.45, fidel_score: 75.98, acc_loss: 0.13417989574372768, grad_loss: None
2022-04-22 00:53:06,895 DEBUG epoch: 114, train_acc: 95.95853328704834, val_acc: 75.17, fidel_score: 76.68, acc_loss: 0.1463431240990758, grad_loss: None
2022-04-22 00:53:08,026 DEBUG epoch: 115, train_acc: 97.71634578704834, val_acc: 75.08, fidel_score: 76.67, acc_loss: 0.09948850516229868, grad_loss: None
2022-04-22 00:53:09,160 DEBUG epoch: 116, train_acc: 98.219651222229, val_acc: 74.71, fidel_score: 76.3, acc_loss: 0.08988829795271158, grad_loss: None
2022-04-22 00:53:10,301 DEBUG epoch: 117, train_acc: 97.02523994445801, val_acc: 74.71, fidel_score: 76.43, acc_loss: 0.11707655061036348, grad_loss: None
2022-04-22 00:53:11,432 DEBUG epoch: 118, train_acc: 98.05438709259033, val_acc: 74.74, fidel_score: 76.3, acc_loss: 0.10244321590289474, grad_loss: None
2022-04-22 00:53:12,565 DEBUG epoch: 119, train_acc: 98.219651222229, val_acc: 74.75, fidel_score: 76.44, acc_loss: 0.09728236496448517, grad_loss: None
2022-04-22 00:53:13,708 DEBUG epoch: 120, train_acc: 97.75390625, val_acc: 74.72, fidel_score: 76.32, acc_loss: 0.0889115477912128, grad_loss: None
2022-04-22 00:53:14,844 DEBUG epoch: 121, train_acc: 98.17457866668701, val_acc: 74.9, fidel_score: 76.6, acc_loss: 0.08805007953196764, grad_loss: None
2022-04-22 00:53:15,997 DEBUG epoch: 122, train_acc: 98.512619972229, val_acc: 74.59, fidel_score: 76.16, acc_loss: 0.08206510357558727, grad_loss: None
2022-04-22 00:53:17,130 DEBUG epoch: 123, train_acc: 98.121994972229, val_acc: 74.86, fidel_score: 76.61, acc_loss: 0.09175026835873723, grad_loss: None
2022-04-22 00:53:18,278 DEBUG epoch: 124, train_acc: 98.33984375, val_acc: 75.54, fidel_score: 77.27, acc_loss: 0.08367555122822523, grad_loss: None
2022-04-22 00:53:19,409 DEBUG epoch: 125, train_acc: 97.10035991668701, val_acc: 74.61, fidel_score: 76.24, acc_loss: 0.11146640498191118, grad_loss: None
2022-04-22 00:53:20,540 DEBUG epoch: 126, train_acc: 97.75390625, val_acc: 74.87, fidel_score: 76.72, acc_loss: 0.09343723021447659, grad_loss: None
2022-04-22 00:53:21,674 DEBUG epoch: 127, train_acc: 98.00180244445801, val_acc: 75.01, fidel_score: 76.53, acc_loss: 0.095297961961478, grad_loss: None
2022-04-22 00:53:22,812 DEBUG epoch: 128, train_acc: 99.0234375, val_acc: 74.81, fidel_score: 76.38, acc_loss: 0.0777971250936389, grad_loss: None
2022-04-22 00:53:23,940 DEBUG epoch: 129, train_acc: 97.438401222229, val_acc: 74.67, fidel_score: 76.12, acc_loss: 0.11109893675893545, grad_loss: None
2022-04-22 00:53:25,070 DEBUG epoch: 130, train_acc: 97.91165828704834, val_acc: 75.52, fidel_score: 77.15, acc_loss: 0.09935223683714867, grad_loss: None
2022-04-22 00:53:26,198 DEBUG epoch: 131, train_acc: 98.805588722229, val_acc: 74.94, fidel_score: 76.61, acc_loss: 0.07578429765999317, grad_loss: None
2022-04-22 00:53:27,339 DEBUG epoch: 132, train_acc: 96.754807472229, val_acc: 75.07, fidel_score: 76.76, acc_loss: 0.13357884576544166, grad_loss: None
2022-04-22 00:53:28,477 DEBUG epoch: 133, train_acc: 97.68629741668701, val_acc: 75.44, fidel_score: 77.15, acc_loss: 0.10481387469917536, grad_loss: None
2022-04-22 00:53:29,613 DEBUG epoch: 134, train_acc: 97.93419456481934, val_acc: 75.03, fidel_score: 76.72, acc_loss: 0.09675646270625293, grad_loss: None
2022-04-22 00:53:30,764 DEBUG epoch: 135, train_acc: 97.243088722229, val_acc: 73.16, fidel_score: 74.64, acc_loss: 0.11193710379302502, grad_loss: None
2022-04-22 00:53:31,900 DEBUG epoch: 136, train_acc: 97.243088722229, val_acc: 75.6, fidel_score: 77.27, acc_loss: 0.11572495568543673, grad_loss: None
2022-04-22 00:53:33,020 DEBUG epoch: 137, train_acc: 97.70883369445801, val_acc: 75.12, fidel_score: 76.76, acc_loss: 0.0960912392474711, grad_loss: None
2022-04-22 00:53:34,148 DEBUG epoch: 138, train_acc: 98.024338722229, val_acc: 75.0, fidel_score: 76.44, acc_loss: 0.08253483660519123, grad_loss: None
2022-04-22 00:53:35,280 DEBUG epoch: 139, train_acc: 98.121994972229, val_acc: 75.54, fidel_score: 77.14, acc_loss: 0.08348417608067393, grad_loss: None
2022-04-22 00:53:36,406 DEBUG epoch: 140, train_acc: 99.000901222229, val_acc: 75.1, fidel_score: 76.72, acc_loss: 0.06765859108418226, grad_loss: None
2022-04-22 00:53:37,541 DEBUG epoch: 141, train_acc: 97.65625, val_acc: 76.05, fidel_score: 77.84, acc_loss: 0.10478365700691938, grad_loss: None
2022-04-22 00:53:38,664 DEBUG epoch: 142, train_acc: 98.2421875, val_acc: 74.48, fidel_score: 76.1, acc_loss: 0.0805029789917171, grad_loss: None
2022-04-22 00:53:39,793 DEBUG epoch: 143, train_acc: 98.046875, val_acc: 74.97, fidel_score: 76.86, acc_loss: 0.08517508860677481, grad_loss: None
2022-04-22 00:53:40,922 DEBUG epoch: 144, train_acc: 98.00180244445801, val_acc: 73.81, fidel_score: 75.23, acc_loss: 0.08516456233337522, grad_loss: None
2022-04-22 00:53:42,075 DEBUG epoch: 145, train_acc: 98.29477119445801, val_acc: 75.01, fidel_score: 76.92, acc_loss: 0.08295353874564171, grad_loss: None
2022-04-22 00:53:43,215 DEBUG epoch: 146, train_acc: 97.51352119445801, val_acc: 75.35, fidel_score: 77.1, acc_loss: 0.09514693450182676, grad_loss: None
2022-04-22 00:53:44,347 DEBUG epoch: 147, train_acc: 98.00180244445801, val_acc: 74.31, fidel_score: 76.01, acc_loss: 0.09104668302461505, grad_loss: None
2022-04-22 00:53:45,472 DEBUG epoch: 148, train_acc: 98.58773994445801, val_acc: 75.45, fidel_score: 77.34, acc_loss: 0.07901091035455465, grad_loss: None
2022-04-22 00:53:46,604 DEBUG epoch: 149, train_acc: 98.828125, val_acc: 75.32, fidel_score: 77.04, acc_loss: 0.07502607116475701, grad_loss: None
2022-04-22 00:53:47,741 DEBUG epoch: 150, train_acc: 98.828125, val_acc: 75.48, fidel_score: 77.2, acc_loss: 0.06779689993709326, grad_loss: None
2022-04-22 00:53:48,873 DEBUG epoch: 151, train_acc: 98.6328125, val_acc: 75.71, fidel_score: 77.51, acc_loss: 0.06739413226023316, grad_loss: None
2022-04-22 00:53:50,001 DEBUG epoch: 152, train_acc: 98.828125, val_acc: 75.77, fidel_score: 77.59, acc_loss: 0.0648571066558361, grad_loss: None
2022-04-22 00:53:51,126 DEBUG epoch: 153, train_acc: 99.03094959259033, val_acc: 75.69, fidel_score: 77.43, acc_loss: 0.06705106655135751, grad_loss: None
2022-04-22 00:53:52,264 DEBUG epoch: 154, train_acc: 99.07602119445801, val_acc: 75.73, fidel_score: 77.49, acc_loss: 0.07341355876997113, grad_loss: None
2022-04-22 00:53:53,379 DEBUG epoch: 155, train_acc: 98.19711494445801, val_acc: 75.75, fidel_score: 77.49, acc_loss: 0.08371626306325197, grad_loss: None
2022-04-22 00:53:54,506 DEBUG epoch: 156, train_acc: 99.31640625, val_acc: 75.79, fidel_score: 77.52, acc_loss: 0.059344019275158644, grad_loss: None
2022-04-22 00:53:55,639 DEBUG epoch: 157, train_acc: 99.4140625, val_acc: 75.68, fidel_score: 77.41, acc_loss: 0.05166123388335109, grad_loss: None
2022-04-22 00:53:56,789 DEBUG epoch: 158, train_acc: 98.95582866668701, val_acc: 75.63, fidel_score: 77.47, acc_loss: 0.062370024155825377, grad_loss: None
2022-04-22 00:53:57,933 DEBUG epoch: 159, train_acc: 99.8046875, val_acc: 75.74, fidel_score: 77.51, acc_loss: 0.053189247380942106, grad_loss: None
2022-04-22 00:53:59,074 DEBUG epoch: 160, train_acc: 98.805588722229, val_acc: 75.66, fidel_score: 77.39, acc_loss: 0.0690589346922934, grad_loss: None
2022-04-22 00:54:00,209 DEBUG epoch: 161, train_acc: 98.93329334259033, val_acc: 75.59, fidel_score: 77.31, acc_loss: 0.06610139645636082, grad_loss: None
2022-04-22 00:54:01,346 DEBUG epoch: 162, train_acc: 99.70703125, val_acc: 75.56, fidel_score: 77.3, acc_loss: 0.045911014545708895, grad_loss: None
2022-04-22 00:54:02,482 DEBUG epoch: 163, train_acc: 99.31640625, val_acc: 75.52, fidel_score: 77.21, acc_loss: 0.05968852248042822, grad_loss: None
2022-04-22 00:54:03,611 DEBUG epoch: 164, train_acc: 99.70703125, val_acc: 75.51, fidel_score: 77.23, acc_loss: 0.04168330179527402, grad_loss: None
2022-04-22 00:54:04,753 DEBUG epoch: 165, train_acc: 98.805588722229, val_acc: 75.65, fidel_score: 77.46, acc_loss: 0.07085665967315435, grad_loss: None
2022-04-22 00:54:05,900 DEBUG epoch: 166, train_acc: 99.31640625, val_acc: 75.58, fidel_score: 77.41, acc_loss: 0.061846624594181776, grad_loss: None
2022-04-22 00:54:07,016 DEBUG epoch: 167, train_acc: 99.56430244445801, val_acc: 75.51, fidel_score: 77.27, acc_loss: 0.05339393950998783, grad_loss: None
2022-04-22 00:54:08,167 DEBUG epoch: 168, train_acc: 99.196213722229, val_acc: 75.59, fidel_score: 77.4, acc_loss: 0.05025311652570963, grad_loss: None
2022-04-22 00:54:09,298 DEBUG epoch: 169, train_acc: 99.70703125, val_acc: 75.43, fidel_score: 77.21, acc_loss: 0.04313377942889929, grad_loss: None
2022-04-22 00:54:10,437 DEBUG epoch: 170, train_acc: 99.17367744445801, val_acc: 75.38, fidel_score: 77.18, acc_loss: 0.05841708881780505, grad_loss: None
2022-04-22 00:54:11,563 DEBUG epoch: 171, train_acc: 99.684494972229, val_acc: 75.31, fidel_score: 77.14, acc_loss: 0.048231382854282856, grad_loss: None
2022-04-22 00:54:12,702 DEBUG epoch: 172, train_acc: 99.32391834259033, val_acc: 75.46, fidel_score: 77.27, acc_loss: 0.05483294930309057, grad_loss: None
2022-04-22 00:54:13,833 DEBUG epoch: 173, train_acc: 99.609375, val_acc: 75.48, fidel_score: 77.28, acc_loss: 0.04629764938727021, grad_loss: None
2022-04-22 00:54:14,962 DEBUG epoch: 174, train_acc: 99.391526222229, val_acc: 75.48, fidel_score: 77.26, acc_loss: 0.05646862229332328, grad_loss: None
2022-04-22 00:54:16,090 DEBUG epoch: 175, train_acc: 98.903244972229, val_acc: 75.67, fidel_score: 77.4, acc_loss: 0.0678375568240881, grad_loss: None
2022-04-22 00:54:17,210 DEBUG epoch: 176, train_acc: 99.098557472229, val_acc: 75.75, fidel_score: 77.5, acc_loss: 0.06471615727059543, grad_loss: None
2022-04-22 00:54:18,346 DEBUG epoch: 177, train_acc: 98.92578125, val_acc: 75.29, fidel_score: 76.99, acc_loss: 0.06212326465174556, grad_loss: None
2022-04-22 00:54:19,488 DEBUG epoch: 178, train_acc: 98.73046875, val_acc: 75.71, fidel_score: 77.51, acc_loss: 0.06064807903021574, grad_loss: None
2022-04-22 00:54:20,613 DEBUG epoch: 179, train_acc: 99.21875, val_acc: 75.8, fidel_score: 77.58, acc_loss: 0.05485909106209874, grad_loss: None
2022-04-22 00:54:21,750 DEBUG epoch: 180, train_acc: 98.6328125, val_acc: 75.79, fidel_score: 77.58, acc_loss: 0.0739951329305768, grad_loss: None
2022-04-22 00:54:22,877 DEBUG epoch: 181, train_acc: 99.4140625, val_acc: 75.81, fidel_score: 77.51, acc_loss: 0.053835537284612656, grad_loss: None
2022-04-22 00:54:24,001 DEBUG epoch: 182, train_acc: 99.22626209259033, val_acc: 75.52, fidel_score: 77.27, acc_loss: 0.0499572295229882, grad_loss: None
2022-04-22 00:54:25,135 DEBUG epoch: 183, train_acc: 98.66285991668701, val_acc: 75.46, fidel_score: 77.21, acc_loss: 0.07598974462598562, grad_loss: None
2022-04-22 00:54:26,289 DEBUG epoch: 184, train_acc: 99.609375, val_acc: 75.59, fidel_score: 77.32, acc_loss: 0.04511967487633228, grad_loss: None
2022-04-22 00:54:27,427 DEBUG epoch: 185, train_acc: 98.707932472229, val_acc: 75.49, fidel_score: 77.27, acc_loss: 0.06884257635101676, grad_loss: None
2022-04-22 00:54:28,559 DEBUG epoch: 186, train_acc: 99.609375, val_acc: 75.58, fidel_score: 77.19, acc_loss: 0.04833267512731254, grad_loss: None
2022-04-22 00:54:29,684 DEBUG epoch: 187, train_acc: 99.609375, val_acc: 75.51, fidel_score: 77.16, acc_loss: 0.045762861613184214, grad_loss: None
2022-04-22 00:54:30,824 DEBUG epoch: 188, train_acc: 99.21875, val_acc: 75.42, fidel_score: 77.23, acc_loss: 0.05277436412870884, grad_loss: None
2022-04-22 00:54:31,967 DEBUG epoch: 189, train_acc: 98.56520366668701, val_acc: 75.46, fidel_score: 77.27, acc_loss: 0.06420521484687924, grad_loss: None
2022-04-22 00:54:33,105 DEBUG epoch: 190, train_acc: 99.51171875, val_acc: 75.69, fidel_score: 77.45, acc_loss: 0.053134279791265726, grad_loss: None
2022-04-22 00:54:34,223 DEBUG epoch: 191, train_acc: 99.0234375, val_acc: 75.7, fidel_score: 77.41, acc_loss: 0.06438684370368719, grad_loss: None
2022-04-22 00:54:35,369 DEBUG epoch: 192, train_acc: 99.17367744445801, val_acc: 75.7, fidel_score: 77.43, acc_loss: 0.052425075555220246, grad_loss: None
2022-04-22 00:54:36,495 DEBUG epoch: 193, train_acc: 99.684494972229, val_acc: 75.71, fidel_score: 77.38, acc_loss: 0.04408827959559858, grad_loss: None
2022-04-22 00:54:37,621 DEBUG epoch: 194, train_acc: 98.828125, val_acc: 75.53, fidel_score: 77.27, acc_loss: 0.05548469442874193, grad_loss: None
2022-04-22 00:54:38,750 DEBUG epoch: 195, train_acc: 99.489182472229, val_acc: 75.5, fidel_score: 77.31, acc_loss: 0.04559871554374695, grad_loss: None
2022-04-22 00:54:39,874 DEBUG epoch: 196, train_acc: 99.0234375, val_acc: 75.87, fidel_score: 77.5, acc_loss: 0.06351817538961768, grad_loss: None
2022-04-22 00:54:41,015 DEBUG epoch: 197, train_acc: 99.196213722229, val_acc: 75.81, fidel_score: 77.5, acc_loss: 0.05598509404808283, grad_loss: None
2022-04-22 00:54:42,157 DEBUG epoch: 198, train_acc: 99.51171875, val_acc: 75.75, fidel_score: 77.53, acc_loss: 0.04539710935205221, grad_loss: None
2022-04-22 00:54:43,287 DEBUG epoch: 199, train_acc: 99.391526222229, val_acc: 75.67, fidel_score: 77.46, acc_loss: 0.04924887791275978, grad_loss: None
2022-04-22 00:54:44,413 DEBUG epoch: 200, train_acc: 99.293869972229, val_acc: 75.83, fidel_score: 77.6, acc_loss: 0.05074132583104074, grad_loss: None
2022-04-22 00:54:45,540 DEBUG epoch: 201, train_acc: 98.707932472229, val_acc: 75.81, fidel_score: 77.51, acc_loss: 0.0719833760522306, grad_loss: None
2022-04-22 00:54:46,685 DEBUG epoch: 202, train_acc: 99.8046875, val_acc: 75.81, fidel_score: 77.55, acc_loss: 0.04441932449117303, grad_loss: None
2022-04-22 00:54:47,809 DEBUG epoch: 203, train_acc: 99.586838722229, val_acc: 75.66, fidel_score: 77.45, acc_loss: 0.04403040697798133, grad_loss: None
2022-04-22 00:54:48,937 DEBUG epoch: 204, train_acc: 98.24969959259033, val_acc: 75.59, fidel_score: 77.36, acc_loss: 0.07220997801050544, grad_loss: None
2022-04-22 00:54:50,082 DEBUG epoch: 205, train_acc: 99.0234375, val_acc: 75.67, fidel_score: 77.48, acc_loss: 0.05607029935345054, grad_loss: None
2022-04-22 00:54:51,206 DEBUG epoch: 206, train_acc: 98.73046875, val_acc: 75.56, fidel_score: 77.39, acc_loss: 0.059102007653564215, grad_loss: None
2022-04-22 00:54:52,328 DEBUG epoch: 207, train_acc: 99.4140625, val_acc: 75.47, fidel_score: 77.26, acc_loss: 0.050284249475225806, grad_loss: None
2022-04-22 00:54:53,462 DEBUG epoch: 208, train_acc: 99.51171875, val_acc: 75.37, fidel_score: 77.13, acc_loss: 0.050772997085005045, grad_loss: None
2022-04-22 00:54:54,604 DEBUG epoch: 209, train_acc: 99.56430244445801, val_acc: 75.49, fidel_score: 77.15, acc_loss: 0.049236225662752986, grad_loss: None
2022-04-22 00:54:55,745 DEBUG epoch: 210, train_acc: 99.63942241668701, val_acc: 75.37, fidel_score: 77.06, acc_loss: 0.044536072527989745, grad_loss: None
2022-04-22 00:54:56,884 DEBUG epoch: 211, train_acc: 99.609375, val_acc: 75.54, fidel_score: 77.21, acc_loss: 0.05089616752229631, grad_loss: None
2022-04-22 00:54:58,019 DEBUG epoch: 212, train_acc: 98.512619972229, val_acc: 75.57, fidel_score: 77.3, acc_loss: 0.07337028114125133, grad_loss: None
2022-04-22 00:54:59,151 DEBUG epoch: 213, train_acc: 98.73046875, val_acc: 75.5, fidel_score: 77.28, acc_loss: 0.06176749640144408, grad_loss: None
2022-04-22 00:55:00,274 DEBUG epoch: 214, train_acc: 99.70703125, val_acc: 75.55, fidel_score: 77.25, acc_loss: 0.04669387801550329, grad_loss: None
2022-04-22 00:55:01,399 DEBUG epoch: 215, train_acc: 99.70703125, val_acc: 75.71, fidel_score: 77.37, acc_loss: 0.048515960574150085, grad_loss: None
2022-04-22 00:55:02,521 DEBUG epoch: 216, train_acc: 98.121994972229, val_acc: 75.74, fidel_score: 77.39, acc_loss: 0.08404908608645201, grad_loss: None
2022-04-22 00:55:03,646 DEBUG epoch: 217, train_acc: 99.36898994445801, val_acc: 75.46, fidel_score: 77.23, acc_loss: 0.048209152882918715, grad_loss: None
2022-04-22 00:55:04,773 DEBUG epoch: 218, train_acc: 99.31640625, val_acc: 75.43, fidel_score: 77.24, acc_loss: 0.0624548823107034, grad_loss: None
2022-04-22 00:55:05,917 DEBUG epoch: 219, train_acc: 98.73046875, val_acc: 75.91, fidel_score: 77.71, acc_loss: 0.06382129015401006, grad_loss: None
2022-04-22 00:55:07,067 DEBUG epoch: 220, train_acc: 99.0234375, val_acc: 75.91, fidel_score: 77.7, acc_loss: 0.06256540212780237, grad_loss: None
2022-04-22 00:55:08,204 DEBUG epoch: 221, train_acc: 99.90234375, val_acc: 75.82, fidel_score: 77.67, acc_loss: 0.03818366816267371, grad_loss: None
2022-04-22 00:55:09,334 DEBUG epoch: 222, train_acc: 98.97836494445801, val_acc: 75.78, fidel_score: 77.41, acc_loss: 0.06607066793367267, grad_loss: None
2022-04-22 00:55:10,463 DEBUG epoch: 223, train_acc: 99.0234375, val_acc: 75.83, fidel_score: 77.4, acc_loss: 0.05313787888735533, grad_loss: None
2022-04-22 00:55:11,586 DEBUG epoch: 224, train_acc: 98.903244972229, val_acc: 75.82, fidel_score: 77.39, acc_loss: 0.053050166461616755, grad_loss: None
2022-04-22 00:55:12,719 DEBUG epoch: 225, train_acc: 99.31640625, val_acc: 75.91, fidel_score: 77.53, acc_loss: 0.050899507477879524, grad_loss: None
2022-04-22 00:55:13,855 DEBUG epoch: 226, train_acc: 98.2421875, val_acc: 75.69, fidel_score: 77.37, acc_loss: 0.07119894493371248, grad_loss: None
2022-04-22 00:55:14,995 DEBUG epoch: 227, train_acc: 99.098557472229, val_acc: 75.99, fidel_score: 77.69, acc_loss: 0.05315579520538449, grad_loss: None
2022-04-22 00:55:16,122 DEBUG epoch: 228, train_acc: 99.489182472229, val_acc: 75.93, fidel_score: 77.64, acc_loss: 0.0465900378767401, grad_loss: None
2022-04-22 00:55:17,273 DEBUG epoch: 229, train_acc: 99.17367744445801, val_acc: 76.03, fidel_score: 77.74, acc_loss: 0.05290961777791381, grad_loss: None
2022-04-22 00:55:18,403 DEBUG epoch: 230, train_acc: 99.31640625, val_acc: 75.94, fidel_score: 77.57, acc_loss: 0.05253508500754833, grad_loss: None
2022-04-22 00:55:19,536 DEBUG epoch: 231, train_acc: 99.609375, val_acc: 76.14, fidel_score: 77.8, acc_loss: 0.0516642804723233, grad_loss: None
2022-04-22 00:55:20,679 DEBUG epoch: 232, train_acc: 98.85817241668701, val_acc: 76.17, fidel_score: 77.8, acc_loss: 0.0664649847894907, grad_loss: None
2022-04-22 00:55:21,801 DEBUG epoch: 233, train_acc: 99.8046875, val_acc: 76.04, fidel_score: 77.81, acc_loss: 0.03952740039676428, grad_loss: None
2022-04-22 00:55:22,923 DEBUG epoch: 234, train_acc: 99.31640625, val_acc: 75.92, fidel_score: 77.72, acc_loss: 0.04854066716507077, grad_loss: None
2022-04-22 00:55:24,066 DEBUG epoch: 235, train_acc: 99.4140625, val_acc: 75.98, fidel_score: 77.75, acc_loss: 0.05785857979208231, grad_loss: None
2022-04-22 00:55:25,199 DEBUG epoch: 236, train_acc: 99.46664619445801, val_acc: 75.89, fidel_score: 77.65, acc_loss: 0.04911093879491091, grad_loss: None
2022-04-22 00:55:26,328 DEBUG epoch: 237, train_acc: 98.805588722229, val_acc: 75.88, fidel_score: 77.59, acc_loss: 0.06567625282332301, grad_loss: None
2022-04-22 00:55:27,459 DEBUG epoch: 238, train_acc: 99.51171875, val_acc: 75.73, fidel_score: 77.46, acc_loss: 0.05168683174997568, grad_loss: None
2022-04-22 00:55:28,593 DEBUG epoch: 239, train_acc: 99.36898994445801, val_acc: 75.76, fidel_score: 77.5, acc_loss: 0.0498354050796479, grad_loss: None
2022-04-22 00:55:29,723 DEBUG epoch: 240, train_acc: 99.586838722229, val_acc: 75.71, fidel_score: 77.43, acc_loss: 0.04074220731854439, grad_loss: None
2022-04-22 00:55:30,853 DEBUG epoch: 241, train_acc: 99.609375, val_acc: 75.8, fidel_score: 77.51, acc_loss: 0.04321903642266989, grad_loss: None
2022-04-22 00:55:31,990 DEBUG epoch: 242, train_acc: 99.51171875, val_acc: 75.75, fidel_score: 77.48, acc_loss: 0.04830970102921128, grad_loss: None
2022-04-22 00:55:33,123 DEBUG epoch: 243, train_acc: 99.34645366668701, val_acc: 75.72, fidel_score: 77.5, acc_loss: 0.0499868702609092, grad_loss: None
2022-04-22 00:55:34,247 DEBUG epoch: 244, train_acc: 99.391526222229, val_acc: 75.78, fidel_score: 77.52, acc_loss: 0.046766965882852674, grad_loss: None
2022-04-22 00:55:35,377 DEBUG epoch: 245, train_acc: 99.489182472229, val_acc: 75.87, fidel_score: 77.61, acc_loss: 0.047832073643803596, grad_loss: None
2022-04-22 00:55:36,506 DEBUG epoch: 246, train_acc: 99.70703125, val_acc: 75.92, fidel_score: 77.68, acc_loss: 0.04334575356915593, grad_loss: None
2022-04-22 00:55:37,643 DEBUG epoch: 247, train_acc: 99.51171875, val_acc: 75.92, fidel_score: 77.66, acc_loss: 0.04613093566149473, grad_loss: None
2022-04-22 00:55:38,774 DEBUG epoch: 248, train_acc: 99.000901222229, val_acc: 75.94, fidel_score: 77.67, acc_loss: 0.06444947887212038, grad_loss: None
2022-04-22 00:55:39,912 DEBUG epoch: 249, train_acc: 99.609375, val_acc: 75.97, fidel_score: 77.68, acc_loss: 0.04602815047837794, grad_loss: None
2022-04-22 00:55:41,045 DEBUG epoch: 250, train_acc: 99.609375, val_acc: 76.0, fidel_score: 77.72, acc_loss: 0.042067752219736576, grad_loss: None
2022-04-22 00:55:42,183 DEBUG epoch: 251, train_acc: 98.73046875, val_acc: 75.98, fidel_score: 77.69, acc_loss: 0.06265651620924473, grad_loss: None
2022-04-22 00:55:43,305 DEBUG epoch: 252, train_acc: 98.81310081481934, val_acc: 76.0, fidel_score: 77.75, acc_loss: 0.05826060031540692, grad_loss: None
2022-04-22 00:55:44,455 DEBUG epoch: 253, train_acc: 99.12109375, val_acc: 76.1, fidel_score: 77.83, acc_loss: 0.056400734931230545, grad_loss: None
2022-04-22 00:55:45,578 DEBUG epoch: 254, train_acc: 99.51171875, val_acc: 76.09, fidel_score: 77.86, acc_loss: 0.044268613681197166, grad_loss: None
2022-04-22 00:55:46,720 DEBUG epoch: 255, train_acc: 99.391526222229, val_acc: 76.11, fidel_score: 77.88, acc_loss: 0.045839421451091766, grad_loss: None
2022-04-22 00:55:47,865 DEBUG epoch: 256, train_acc: 99.70703125, val_acc: 76.08, fidel_score: 77.85, acc_loss: 0.0457991580478847, grad_loss: None
2022-04-22 00:55:48,995 DEBUG epoch: 257, train_acc: 99.609375, val_acc: 76.08, fidel_score: 77.86, acc_loss: 0.045813129749149084, grad_loss: None
2022-04-22 00:55:50,122 DEBUG epoch: 258, train_acc: 99.70703125, val_acc: 76.06, fidel_score: 77.86, acc_loss: 0.0398143008351326, grad_loss: None
2022-04-22 00:55:51,262 DEBUG epoch: 259, train_acc: 98.97836494445801, val_acc: 76.03, fidel_score: 77.86, acc_loss: 0.06517029600217938, grad_loss: None
2022-04-22 00:55:52,401 DEBUG epoch: 260, train_acc: 99.8046875, val_acc: 75.98, fidel_score: 77.82, acc_loss: 0.03872379055246711, grad_loss: None
2022-04-22 00:55:53,526 DEBUG epoch: 261, train_acc: 99.4140625, val_acc: 76.02, fidel_score: 77.79, acc_loss: 0.04819404613226652, grad_loss: None
2022-04-22 00:55:54,655 DEBUG epoch: 262, train_acc: 99.586838722229, val_acc: 76.06, fidel_score: 77.82, acc_loss: 0.04804780054837465, grad_loss: None
2022-04-22 00:55:55,783 DEBUG epoch: 263, train_acc: 99.36898994445801, val_acc: 76.06, fidel_score: 77.83, acc_loss: 0.050976835656911135, grad_loss: None
2022-04-22 00:55:56,911 DEBUG epoch: 264, train_acc: 99.4140625, val_acc: 76.03, fidel_score: 77.78, acc_loss: 0.053312262520194054, grad_loss: None
2022-04-22 00:55:58,029 DEBUG epoch: 265, train_acc: 99.293869972229, val_acc: 75.99, fidel_score: 77.73, acc_loss: 0.0456277085468173, grad_loss: None
2022-04-22 00:55:59,162 DEBUG epoch: 266, train_acc: 99.27133369445801, val_acc: 75.97, fidel_score: 77.74, acc_loss: 0.04583627125248313, grad_loss: None
2022-04-22 00:56:00,292 DEBUG epoch: 267, train_acc: 99.609375, val_acc: 75.93, fidel_score: 77.69, acc_loss: 0.03949298686347902, grad_loss: None
2022-04-22 00:56:01,433 DEBUG epoch: 268, train_acc: 99.90234375, val_acc: 75.94, fidel_score: 77.71, acc_loss: 0.039026332553476095, grad_loss: None
2022-04-22 00:56:02,573 DEBUG epoch: 269, train_acc: 99.31640625, val_acc: 75.98, fidel_score: 77.71, acc_loss: 0.048579206224530935, grad_loss: None
2022-04-22 00:56:03,701 DEBUG epoch: 270, train_acc: 99.90234375, val_acc: 75.96, fidel_score: 77.68, acc_loss: 0.04055178305134177, grad_loss: None
2022-04-22 00:56:04,836 DEBUG epoch: 271, train_acc: 99.489182472229, val_acc: 75.87, fidel_score: 77.63, acc_loss: 0.04592579207383096, grad_loss: None
2022-04-22 00:56:05,966 DEBUG epoch: 272, train_acc: 99.586838722229, val_acc: 75.8, fidel_score: 77.52, acc_loss: 0.04529788228683174, grad_loss: None
2022-04-22 00:56:07,101 DEBUG epoch: 273, train_acc: 98.76051616668701, val_acc: 75.92, fidel_score: 77.64, acc_loss: 0.07145639671944082, grad_loss: None
2022-04-22 00:56:08,241 DEBUG epoch: 274, train_acc: 99.31640625, val_acc: 76.02, fidel_score: 77.77, acc_loss: 0.05256781540811062, grad_loss: None
2022-04-22 00:56:09,370 DEBUG epoch: 275, train_acc: 99.684494972229, val_acc: 75.92, fidel_score: 77.66, acc_loss: 0.04106641816906631, grad_loss: None
2022-04-22 00:56:10,507 DEBUG epoch: 276, train_acc: 99.586838722229, val_acc: 75.95, fidel_score: 77.69, acc_loss: 0.04246573825366795, grad_loss: None
2022-04-22 00:56:11,640 DEBUG epoch: 277, train_acc: 99.12109375, val_acc: 76.03, fidel_score: 77.77, acc_loss: 0.05998152028769255, grad_loss: None
2022-04-22 00:56:12,752 DEBUG epoch: 278, train_acc: 99.31640625, val_acc: 76.05, fidel_score: 77.8, acc_loss: 0.043042681412771344, grad_loss: None
2022-04-22 00:56:13,884 DEBUG epoch: 279, train_acc: 99.31640625, val_acc: 76.05, fidel_score: 77.78, acc_loss: 0.05024350434541702, grad_loss: None
2022-04-22 00:56:15,031 DEBUG epoch: 280, train_acc: 99.609375, val_acc: 76.07, fidel_score: 77.8, acc_loss: 0.0446120030246675, grad_loss: None
2022-04-22 00:56:16,149 DEBUG epoch: 281, train_acc: 99.70703125, val_acc: 76.04, fidel_score: 77.79, acc_loss: 0.04350416548550129, grad_loss: None
2022-04-22 00:56:17,276 DEBUG epoch: 282, train_acc: 99.609375, val_acc: 76.07, fidel_score: 77.81, acc_loss: 0.04308948526158929, grad_loss: None
2022-04-22 00:56:18,406 DEBUG epoch: 283, train_acc: 99.586838722229, val_acc: 75.95, fidel_score: 77.74, acc_loss: 0.045254451455548406, grad_loss: None
2022-04-22 00:56:19,545 DEBUG epoch: 284, train_acc: 99.31640625, val_acc: 75.94, fidel_score: 77.64, acc_loss: 0.054778956808149815, grad_loss: None
2022-04-22 00:56:20,695 DEBUG epoch: 285, train_acc: 98.512619972229, val_acc: 75.97, fidel_score: 77.7, acc_loss: 0.07486651744693518, grad_loss: None
2022-04-22 00:56:21,824 DEBUG epoch: 286, train_acc: 99.489182472229, val_acc: 75.98, fidel_score: 77.76, acc_loss: 0.050807701889425516, grad_loss: None
2022-04-22 00:56:22,974 DEBUG epoch: 287, train_acc: 99.4140625, val_acc: 76.01, fidel_score: 77.74, acc_loss: 0.044504746329039335, grad_loss: None
2022-04-22 00:56:24,103 DEBUG epoch: 288, train_acc: 99.098557472229, val_acc: 75.84, fidel_score: 77.56, acc_loss: 0.057497431291267276, grad_loss: None
2022-04-22 00:56:25,233 DEBUG epoch: 289, train_acc: 99.0234375, val_acc: 75.84, fidel_score: 77.54, acc_loss: 0.051372665679082274, grad_loss: None
2022-04-22 00:56:26,370 DEBUG epoch: 290, train_acc: 98.707932472229, val_acc: 75.95, fidel_score: 77.66, acc_loss: 0.06588760809972882, grad_loss: None
2022-04-22 00:56:27,513 DEBUG epoch: 291, train_acc: 99.31640625, val_acc: 76.02, fidel_score: 77.76, acc_loss: 0.05444964487105608, grad_loss: None
2022-04-22 00:56:28,651 DEBUG epoch: 292, train_acc: 99.098557472229, val_acc: 76.03, fidel_score: 77.75, acc_loss: 0.051187042612582445, grad_loss: None
2022-04-22 00:56:29,787 DEBUG epoch: 293, train_acc: 99.46664619445801, val_acc: 75.97, fidel_score: 77.72, acc_loss: 0.04311630059964955, grad_loss: None
2022-04-22 00:56:30,915 DEBUG epoch: 294, train_acc: 98.78305244445801, val_acc: 76.06, fidel_score: 77.82, acc_loss: 0.06268214946612716, grad_loss: None
2022-04-22 00:56:32,047 DEBUG epoch: 295, train_acc: 98.805588722229, val_acc: 76.06, fidel_score: 77.89, acc_loss: 0.06424416578374803, grad_loss: None
2022-04-22 00:56:33,164 DEBUG epoch: 296, train_acc: 99.51171875, val_acc: 76.04, fidel_score: 77.86, acc_loss: 0.046516260830685496, grad_loss: None
2022-04-22 00:56:34,302 DEBUG epoch: 297, train_acc: 99.586838722229, val_acc: 75.96, fidel_score: 77.74, acc_loss: 0.043980613350868225, grad_loss: None
2022-04-22 00:56:35,441 DEBUG epoch: 298, train_acc: 99.489182472229, val_acc: 75.92, fidel_score: 77.7, acc_loss: 0.05026421253569424, grad_loss: None
2022-04-22 00:56:36,578 DEBUG epoch: 299, train_acc: 99.8046875, val_acc: 75.84, fidel_score: 77.69, acc_loss: 0.04029568238183856, grad_loss: None
2022-04-22 00:56:37,703 DEBUG epoch: 300, train_acc: 99.489182472229, val_acc: 75.87, fidel_score: 77.64, acc_loss: 0.04613240296021104, grad_loss: None
2022-04-22 00:56:37,703 DEBUG load best stealed model.
2022-04-22 00:56:37,703 DEBUG Best perform model, val_acc: 76.17, fidel_score: 77.8, acc_loss: 0.06424416578374803
2022-04-22 00:56:37,704 DEBUG load cloest stealed model.
2022-04-22 00:56:37,704 DEBUG Closest perform model, val_acc: 76.06, fidel_score: 77.89, acc_loss: 0.06424416578374803
