2022-04-25 14:44:17,408 DEBUG Namespace(arch='vgg11_bn', attack_client=0, attack_epochs=300, attack_style='GM_option_CIFAR10', average_time=1, batch_size=128, bottleneck_option='None', cutlayer=4, data_proportion=1.0, dataset='cifar100', filename='ace_V2_epoch_vgg11_bn_cutlayer_4_client_1_seed125_dataset_cifar100_lr_0.05_200epoch', folder='saves/baseline', learning_rate=0.005, noniid_ratio=1.0, num_client=1, num_epochs='best', num_query=1000, random_seed=123, regularization='None', regularization_strength=0.0, scheme='V2_epoch', surrogate_arch='same', test_best=True, train_clas_layer=2.0)
2022-04-25 14:44:21,466 DEBUG Test (client-0):	Loss 1.2311 (1.7817)	Prec@1 75.000 (68.630)
2022-04-25 14:44:21,467 DEBUG  * Prec@1 68.630
2022-04-25 14:44:21,468 DEBUG load 1.weight to surrogate
2022-04-25 14:44:21,468 DEBUG load 1.bias to surrogate
2022-04-25 14:44:21,469 DEBUG 4
2022-04-25 14:44:21,469 DEBUG surrogate parameter has 4 trainable parameters!
2022-04-25 14:44:26,793 DEBUG epoch: 0, val_acc: 0.98, val_fidelity: 0.99
2022-04-25 14:44:30,444 DEBUG epoch: 1, train_acc: 0.0, val_acc: 1.0, fidel_score: 1.02, acc_loss: 0.0, grad_loss: 3.7279351300831083
2022-04-25 14:44:34,247 DEBUG epoch: 2, train_acc: 0.0, val_acc: 1.0, fidel_score: 1.02, acc_loss: 0.0, grad_loss: 2.889370287520976
2022-04-25 14:44:38,277 DEBUG epoch: 3, train_acc: 0.0, val_acc: 1.0, fidel_score: 1.02, acc_loss: 0.0, grad_loss: 2.7584227187724055
2022-04-25 14:44:42,102 DEBUG epoch: 4, train_acc: 0.0, val_acc: 1.0, fidel_score: 1.02, acc_loss: 0.0, grad_loss: 2.7492409567289715
2022-04-25 14:44:45,702 DEBUG epoch: 5, train_acc: 0.0, val_acc: 1.0, fidel_score: 1.02, acc_loss: 0.0, grad_loss: 2.6616536635386794
2022-04-25 14:44:49,242 DEBUG epoch: 6, train_acc: 0.0, val_acc: 1.0, fidel_score: 1.02, acc_loss: 0.0, grad_loss: 2.5440128996402405
2022-04-25 14:44:52,907 DEBUG epoch: 7, train_acc: 0.0, val_acc: 1.0, fidel_score: 1.02, acc_loss: 0.0, grad_loss: 2.5543009178547917
2022-04-25 14:44:56,695 DEBUG epoch: 8, train_acc: 0.0, val_acc: 1.0, fidel_score: 1.02, acc_loss: 0.0, grad_loss: 2.5232000501849985
2022-04-25 14:45:00,521 DEBUG epoch: 9, train_acc: 0.0, val_acc: 1.0, fidel_score: 1.02, acc_loss: 0.0, grad_loss: 2.4085477771638315
2022-04-25 14:45:04,220 DEBUG epoch: 10, train_acc: 0.0, val_acc: 1.0, fidel_score: 1.02, acc_loss: 0.0, grad_loss: 2.318915596491174
2022-04-25 14:45:07,818 DEBUG epoch: 11, train_acc: 0.0, val_acc: 1.0, fidel_score: 1.02, acc_loss: 0.0, grad_loss: 2.3052992398225807
2022-04-25 14:45:11,445 DEBUG epoch: 12, train_acc: 0.0, val_acc: 1.0, fidel_score: 1.02, acc_loss: 0.0, grad_loss: 2.251783094828642
2022-04-25 14:45:15,233 DEBUG epoch: 13, train_acc: 0.0, val_acc: 1.0, fidel_score: 1.02, acc_loss: 0.0, grad_loss: 2.210082648675653
2022-04-25 14:45:19,243 DEBUG epoch: 14, train_acc: 0.0, val_acc: 1.0, fidel_score: 1.02, acc_loss: 0.0, grad_loss: 2.159516814388806
2022-04-25 14:45:23,087 DEBUG epoch: 15, train_acc: 0.0, val_acc: 1.0, fidel_score: 1.02, acc_loss: 0.0, grad_loss: 2.1590153552308866
2022-04-25 14:45:26,686 DEBUG epoch: 16, train_acc: 0.0, val_acc: 1.0, fidel_score: 1.02, acc_loss: 0.0, grad_loss: 2.1544393980050387
2022-04-25 14:45:30,275 DEBUG epoch: 17, train_acc: 0.0, val_acc: 1.0, fidel_score: 1.02, acc_loss: 0.0, grad_loss: 2.130011363874508
2022-04-25 14:45:33,732 DEBUG epoch: 18, train_acc: 0.0, val_acc: 1.0, fidel_score: 1.02, acc_loss: 0.0, grad_loss: 2.057818055152893
2022-04-25 14:45:36,315 DEBUG epoch: 19, train_acc: 0.0, val_acc: 1.0, fidel_score: 1.02, acc_loss: 0.0, grad_loss: 2.073652843885784
2022-04-25 14:45:39,048 DEBUG epoch: 20, train_acc: 0.0, val_acc: 1.0, fidel_score: 1.02, acc_loss: 0.0, grad_loss: 2.038543284693851
2022-04-25 14:45:41,739 DEBUG epoch: 21, train_acc: 0.0, val_acc: 1.0, fidel_score: 1.02, acc_loss: 0.0, grad_loss: 2.003253526325467
2022-04-25 14:45:44,517 DEBUG epoch: 22, train_acc: 0.0, val_acc: 1.0, fidel_score: 1.02, acc_loss: 0.0, grad_loss: 2.006222124341168
2022-04-25 14:45:47,433 DEBUG epoch: 23, train_acc: 0.0, val_acc: 1.0, fidel_score: 1.02, acc_loss: 0.0, grad_loss: 1.9918233971052532
2022-04-25 14:45:51,369 DEBUG epoch: 24, train_acc: 0.0, val_acc: 2.33, fidel_score: 2.63, acc_loss: 0.0, grad_loss: 2.0596685137929795
2022-04-25 14:45:54,997 DEBUG epoch: 25, train_acc: 0.0, val_acc: 2.32, fidel_score: 2.6, acc_loss: 0.0, grad_loss: 1.8348394104197054
2022-04-25 14:45:58,873 DEBUG epoch: 26, train_acc: 0.0, val_acc: 2.3, fidel_score: 2.59, acc_loss: 0.0, grad_loss: 1.8624640839009345
2022-04-25 14:46:02,576 DEBUG epoch: 27, train_acc: 0.0, val_acc: 2.29, fidel_score: 2.61, acc_loss: 0.0, grad_loss: 1.7446751081490819
2022-04-25 14:46:06,572 DEBUG epoch: 28, train_acc: 0.0, val_acc: 2.31, fidel_score: 2.58, acc_loss: 0.0, grad_loss: 1.8354668511620051
2022-04-25 14:46:10,239 DEBUG epoch: 29, train_acc: 0.0, val_acc: 2.27, fidel_score: 2.53, acc_loss: 0.0, grad_loss: 1.8022491147246542
2022-04-25 14:46:14,180 DEBUG epoch: 30, train_acc: 0.0, val_acc: 2.28, fidel_score: 2.6, acc_loss: 0.0, grad_loss: 1.7415083858031262
2022-04-25 14:46:18,003 DEBUG epoch: 31, train_acc: 0.0, val_acc: 2.32, fidel_score: 2.59, acc_loss: 0.0, grad_loss: 1.7835567344593097
2022-04-25 14:46:21,792 DEBUG epoch: 32, train_acc: 0.0, val_acc: 2.74, fidel_score: 3.16, acc_loss: 0.0, grad_loss: 1.6596518739869324
2022-04-25 14:46:25,540 DEBUG epoch: 33, train_acc: 0.0, val_acc: 2.65, fidel_score: 2.98, acc_loss: 0.0, grad_loss: 1.5550394812716712
2022-04-25 14:46:29,364 DEBUG epoch: 34, train_acc: 0.0, val_acc: 2.8, fidel_score: 3.21, acc_loss: 0.0, grad_loss: 1.5826923032350178
2022-04-25 14:46:33,160 DEBUG epoch: 35, train_acc: 0.0, val_acc: 3.35, fidel_score: 3.83, acc_loss: 0.0, grad_loss: 1.6360802243027506
2022-04-25 14:46:36,880 DEBUG epoch: 36, train_acc: 0.0, val_acc: 3.01, fidel_score: 3.34, acc_loss: 0.0, grad_loss: 1.6138556908957566
2022-04-25 14:46:40,711 DEBUG epoch: 37, train_acc: 0.0, val_acc: 3.33, fidel_score: 3.78, acc_loss: 0.0, grad_loss: 1.5334942868993253
2022-04-25 14:46:44,378 DEBUG epoch: 38, train_acc: 0.0, val_acc: 3.38, fidel_score: 3.87, acc_loss: 0.0, grad_loss: 1.554764448841916
2022-04-25 14:46:48,132 DEBUG epoch: 39, train_acc: 0.0, val_acc: 4.02, fidel_score: 4.68, acc_loss: 0.0, grad_loss: 1.527380572089666
2022-04-25 14:46:51,844 DEBUG epoch: 40, train_acc: 0.0, val_acc: 4.27, fidel_score: 5.0, acc_loss: 0.0, grad_loss: 1.5185166084313695
2022-04-25 14:46:55,749 DEBUG epoch: 41, train_acc: 0.0, val_acc: 4.38, fidel_score: 5.15, acc_loss: 0.0, grad_loss: 1.440783047977882
2022-04-25 14:46:59,412 DEBUG epoch: 42, train_acc: 0.0, val_acc: 4.72, fidel_score: 5.44, acc_loss: 0.0, grad_loss: 1.4048490682734718
2022-04-25 14:47:03,361 DEBUG epoch: 43, train_acc: 0.0, val_acc: 5.55, fidel_score: 6.36, acc_loss: 0.0, grad_loss: 1.4457902546170391
2022-04-25 14:47:07,099 DEBUG epoch: 44, train_acc: 0.0, val_acc: 7.47, fidel_score: 8.86, acc_loss: 0.0, grad_loss: 1.395028457611422
2022-04-25 14:47:11,012 DEBUG epoch: 45, train_acc: 0.0, val_acc: 6.83, fidel_score: 7.91, acc_loss: 0.0, grad_loss: 1.4251626714875427
2022-04-25 14:47:14,698 DEBUG epoch: 46, train_acc: 0.0, val_acc: 9.12, fidel_score: 10.56, acc_loss: 0.0, grad_loss: 1.3461931393116335
2022-04-25 14:47:18,595 DEBUG epoch: 47, train_acc: 0.0, val_acc: 7.39, fidel_score: 8.55, acc_loss: 0.0, grad_loss: 1.530272995369344
2022-04-25 14:47:22,392 DEBUG epoch: 48, train_acc: 0.0, val_acc: 8.41, fidel_score: 9.68, acc_loss: 0.0, grad_loss: 1.411151188838331
2022-04-25 14:47:26,289 DEBUG epoch: 49, train_acc: 0.0, val_acc: 11.81, fidel_score: 13.76, acc_loss: 0.0, grad_loss: 1.4831790275211576
2022-04-25 14:47:30,036 DEBUG epoch: 50, train_acc: 0.0, val_acc: 10.25, fidel_score: 11.83, acc_loss: 0.0, grad_loss: 1.4055007530164114
2022-04-25 14:47:33,960 DEBUG epoch: 51, train_acc: 0.0, val_acc: 11.81, fidel_score: 13.6, acc_loss: 0.0, grad_loss: 1.329869624934619
2022-04-25 14:47:37,781 DEBUG epoch: 52, train_acc: 0.0, val_acc: 12.75, fidel_score: 14.79, acc_loss: 0.0, grad_loss: 1.3535714790790896
2022-04-25 14:47:41,512 DEBUG epoch: 53, train_acc: 0.0, val_acc: 14.81, fidel_score: 17.59, acc_loss: 0.0, grad_loss: 1.2379205596597889
2022-04-25 14:47:45,313 DEBUG epoch: 54, train_acc: 0.0, val_acc: 19.39, fidel_score: 23.49, acc_loss: 0.0, grad_loss: 1.2693247930913032
2022-04-25 14:47:49,161 DEBUG epoch: 55, train_acc: 0.0, val_acc: 21.87, fidel_score: 26.56, acc_loss: 0.0, grad_loss: 1.290044761156734
2022-04-25 14:47:52,952 DEBUG epoch: 56, train_acc: 0.0, val_acc: 23.79, fidel_score: 29.17, acc_loss: 0.0, grad_loss: 1.3151891933211797
2022-04-25 14:47:56,818 DEBUG epoch: 57, train_acc: 0.0, val_acc: 24.69, fidel_score: 29.98, acc_loss: 0.0, grad_loss: 1.2847676412968696
2022-04-25 14:48:00,629 DEBUG epoch: 58, train_acc: 0.0, val_acc: 29.04, fidel_score: 35.49, acc_loss: 0.0, grad_loss: 1.2596170789078822
2022-04-25 14:48:04,463 DEBUG epoch: 59, train_acc: 0.0, val_acc: 29.75, fidel_score: 36.02, acc_loss: 0.0, grad_loss: 1.202334952505329
2022-04-25 14:48:08,338 DEBUG epoch: 60, train_acc: 0.0, val_acc: 29.99, fidel_score: 36.26, acc_loss: 0.0, grad_loss: 1.0987118535403964
2022-04-25 14:48:12,046 DEBUG epoch: 61, train_acc: 0.0, val_acc: 30.38, fidel_score: 36.68, acc_loss: 0.0, grad_loss: 1.1071527977532978
2022-04-25 14:48:16,051 DEBUG epoch: 62, train_acc: 0.0, val_acc: 30.35, fidel_score: 36.74, acc_loss: 0.0, grad_loss: 1.0689622691915006
2022-04-25 14:48:19,783 DEBUG epoch: 63, train_acc: 0.0, val_acc: 30.79, fidel_score: 37.29, acc_loss: 0.0, grad_loss: 1.0315157386321057
2022-04-25 14:48:23,690 DEBUG epoch: 64, train_acc: 0.0, val_acc: 32.9, fidel_score: 40.01, acc_loss: 0.0, grad_loss: 1.0369840452942667
2022-04-25 14:48:27,490 DEBUG epoch: 65, train_acc: 0.0, val_acc: 33.1, fidel_score: 40.11, acc_loss: 0.0, grad_loss: 1.0485451312004765
2022-04-25 14:48:31,366 DEBUG epoch: 66, train_acc: 0.0, val_acc: 32.61, fidel_score: 39.53, acc_loss: 0.0, grad_loss: 1.0572970901863485
2022-04-25 14:48:35,131 DEBUG epoch: 67, train_acc: 0.0, val_acc: 33.23, fidel_score: 40.33, acc_loss: 0.0, grad_loss: 1.0702402086197575
2022-04-25 14:48:38,967 DEBUG epoch: 68, train_acc: 0.0, val_acc: 32.07, fidel_score: 38.71, acc_loss: 0.0, grad_loss: 1.0851839124401914
2022-04-25 14:48:42,767 DEBUG epoch: 69, train_acc: 0.0, val_acc: 33.53, fidel_score: 40.53, acc_loss: 0.0, grad_loss: 1.0304289973234828
2022-04-25 14:48:46,509 DEBUG epoch: 70, train_acc: 0.0, val_acc: 34.35, fidel_score: 41.62, acc_loss: 0.0, grad_loss: 1.059617613689809
2022-04-25 14:48:50,381 DEBUG epoch: 71, train_acc: 0.0, val_acc: 35.22, fidel_score: 42.84, acc_loss: 0.0, grad_loss: 1.0293695119362842
2022-04-25 14:48:54,078 DEBUG epoch: 72, train_acc: 0.0, val_acc: 36.33, fidel_score: 44.31, acc_loss: 0.0, grad_loss: 1.0414811418026308
2022-04-25 14:48:57,979 DEBUG epoch: 73, train_acc: 0.0, val_acc: 36.59, fidel_score: 44.67, acc_loss: 0.0, grad_loss: 1.0933117972144597
2022-04-25 14:49:01,682 DEBUG epoch: 74, train_acc: 0.0, val_acc: 36.06, fidel_score: 43.88, acc_loss: 0.0, grad_loss: 1.0630321012267583
2022-04-25 14:49:05,694 DEBUG epoch: 75, train_acc: 0.0, val_acc: 36.95, fidel_score: 45.15, acc_loss: 0.0, grad_loss: 1.0937099222895466
2022-04-25 14:49:09,407 DEBUG epoch: 76, train_acc: 0.0, val_acc: 36.78, fidel_score: 44.98, acc_loss: 0.0, grad_loss: 1.0645316771314115
2022-04-25 14:49:13,313 DEBUG epoch: 77, train_acc: 0.0, val_acc: 37.63, fidel_score: 46.15, acc_loss: 0.0, grad_loss: 0.9889992973472499
2022-04-25 14:49:17,166 DEBUG epoch: 78, train_acc: 0.0, val_acc: 38.17, fidel_score: 46.92, acc_loss: 0.0, grad_loss: 1.0274865695192843
2022-04-25 14:49:20,868 DEBUG epoch: 79, train_acc: 0.0, val_acc: 38.15, fidel_score: 46.9, acc_loss: 0.0, grad_loss: 0.9730635692801657
2022-04-25 14:49:24,180 DEBUG epoch: 80, train_acc: 0.0, val_acc: 38.04, fidel_score: 46.78, acc_loss: 0.0, grad_loss: 0.9576191426832464
2022-04-25 14:49:26,782 DEBUG epoch: 81, train_acc: 0.0, val_acc: 38.17, fidel_score: 47.0, acc_loss: 0.0, grad_loss: 1.0341107317163973
2022-04-25 14:49:29,585 DEBUG epoch: 82, train_acc: 0.0, val_acc: 38.61, fidel_score: 47.59, acc_loss: 0.0, grad_loss: 0.9703956314280063
2022-04-25 14:49:32,315 DEBUG epoch: 83, train_acc: 0.0, val_acc: 39.58, fidel_score: 48.93, acc_loss: 0.0, grad_loss: 1.0048302268680138
2022-04-25 14:49:35,264 DEBUG epoch: 84, train_acc: 0.0, val_acc: 39.51, fidel_score: 48.79, acc_loss: 0.0, grad_loss: 1.0223140007332912
2022-04-25 14:49:38,604 DEBUG epoch: 85, train_acc: 0.0, val_acc: 40.61, fidel_score: 50.19, acc_loss: 0.0, grad_loss: 0.9883781399907945
2022-04-25 14:49:42,432 DEBUG epoch: 86, train_acc: 0.0, val_acc: 40.87, fidel_score: 50.48, acc_loss: 0.0, grad_loss: 0.9809687997721419
2022-04-25 14:49:46,256 DEBUG epoch: 87, train_acc: 0.0, val_acc: 40.92, fidel_score: 50.65, acc_loss: 0.0, grad_loss: 1.0316225607183915
2022-04-25 14:49:50,038 DEBUG epoch: 88, train_acc: 0.0, val_acc: 41.02, fidel_score: 50.72, acc_loss: 0.0, grad_loss: 0.9619421347787108
2022-04-25 14:49:53,667 DEBUG epoch: 89, train_acc: 0.0, val_acc: 41.28, fidel_score: 51.15, acc_loss: 0.0, grad_loss: 0.9649095844618881
2022-04-25 14:49:57,294 DEBUG epoch: 90, train_acc: 0.0, val_acc: 41.56, fidel_score: 51.63, acc_loss: 0.0, grad_loss: 0.9925666579717323
2022-04-25 14:50:01,118 DEBUG epoch: 91, train_acc: 0.0, val_acc: 41.97, fidel_score: 52.37, acc_loss: 0.0, grad_loss: 0.9804205773751947
2022-04-25 14:50:05,123 DEBUG epoch: 92, train_acc: 0.0, val_acc: 42.29, fidel_score: 52.97, acc_loss: 0.0, grad_loss: 0.9286220466034322
2022-04-25 14:50:08,940 DEBUG epoch: 93, train_acc: 0.0, val_acc: 42.52, fidel_score: 53.01, acc_loss: 0.0, grad_loss: 0.9172524772112882
2022-04-25 14:50:12,538 DEBUG epoch: 94, train_acc: 0.0, val_acc: 42.86, fidel_score: 53.51, acc_loss: 0.0, grad_loss: 1.014505779441399
2022-04-25 14:50:16,116 DEBUG epoch: 95, train_acc: 0.0, val_acc: 42.86, fidel_score: 53.43, acc_loss: 0.0, grad_loss: 1.0196730743480633
2022-04-25 14:50:19,889 DEBUG epoch: 96, train_acc: 0.0, val_acc: 42.17, fidel_score: 52.49, acc_loss: 0.0, grad_loss: 0.9141040580182136
2022-04-25 14:50:23,706 DEBUG epoch: 97, train_acc: 0.0, val_acc: 43.94, fidel_score: 55.21, acc_loss: 0.0, grad_loss: 0.9910313668130319
2022-04-25 14:50:27,478 DEBUG epoch: 98, train_acc: 0.0, val_acc: 43.88, fidel_score: 55.05, acc_loss: 0.0, grad_loss: 0.9368220054650609
2022-04-25 14:50:31,283 DEBUG epoch: 99, train_acc: 0.0, val_acc: 43.39, fidel_score: 54.37, acc_loss: 0.0, grad_loss: 0.986593043502373
2022-04-25 14:50:34,959 DEBUG epoch: 100, train_acc: 0.0, val_acc: 43.93, fidel_score: 55.2, acc_loss: 0.0, grad_loss: 0.9106112024452113
2022-04-25 14:50:38,579 DEBUG epoch: 101, train_acc: 0.0, val_acc: 44.34, fidel_score: 55.7, acc_loss: 0.0, grad_loss: 0.9960305630406247
2022-04-25 14:50:42,441 DEBUG epoch: 102, train_acc: 0.0, val_acc: 44.92, fidel_score: 56.56, acc_loss: 0.0, grad_loss: 0.9511474265327936
2022-04-25 14:50:46,427 DEBUG epoch: 103, train_acc: 0.0, val_acc: 45.54, fidel_score: 57.6, acc_loss: 0.0, grad_loss: 0.9917320058315615
2022-04-25 14:50:50,093 DEBUG epoch: 104, train_acc: 0.0, val_acc: 45.6, fidel_score: 57.64, acc_loss: 0.0, grad_loss: 0.9894388831114467
2022-04-25 14:50:53,654 DEBUG epoch: 105, train_acc: 0.0, val_acc: 45.48, fidel_score: 57.42, acc_loss: 0.0, grad_loss: 0.9580411330054078
2022-04-25 14:50:57,434 DEBUG epoch: 106, train_acc: 0.0, val_acc: 45.13, fidel_score: 56.8, acc_loss: 0.0, grad_loss: 0.9266099499750741
2022-04-25 14:51:01,284 DEBUG epoch: 107, train_acc: 0.0, val_acc: 45.99, fidel_score: 58.09, acc_loss: 0.0, grad_loss: 0.9361467731149891
2022-04-25 14:51:05,129 DEBUG epoch: 108, train_acc: 0.0, val_acc: 46.05, fidel_score: 58.19, acc_loss: 0.0, grad_loss: 0.9564587451234648
2022-04-25 14:51:08,966 DEBUG epoch: 109, train_acc: 0.0, val_acc: 46.83, fidel_score: 59.56, acc_loss: 0.0, grad_loss: 0.916991075382957
2022-04-25 14:51:12,623 DEBUG epoch: 110, train_acc: 0.0, val_acc: 45.85, fidel_score: 57.86, acc_loss: 0.0, grad_loss: 0.9069330752650394
2022-04-25 14:51:16,206 DEBUG epoch: 111, train_acc: 0.0, val_acc: 47.18, fidel_score: 60.12, acc_loss: 0.0, grad_loss: 0.9251169132280953
2022-04-25 14:51:20,020 DEBUG epoch: 112, train_acc: 0.0, val_acc: 47.16, fidel_score: 59.98, acc_loss: 0.0, grad_loss: 0.9356978663915321
2022-04-25 14:51:24,009 DEBUG epoch: 113, train_acc: 0.0, val_acc: 48.45, fidel_score: 61.71, acc_loss: 0.0, grad_loss: 0.9193010186847252
2022-04-25 14:51:27,806 DEBUG epoch: 114, train_acc: 0.0, val_acc: 48.95, fidel_score: 62.42, acc_loss: 0.0, grad_loss: 0.9229174377043036
2022-04-25 14:51:31,360 DEBUG epoch: 115, train_acc: 0.0, val_acc: 49.03, fidel_score: 62.31, acc_loss: 0.0, grad_loss: 0.9830520847175694
2022-04-25 14:51:35,024 DEBUG epoch: 116, train_acc: 0.0, val_acc: 50.0, fidel_score: 63.67, acc_loss: 0.0, grad_loss: 0.9509935318669186
2022-04-25 14:51:38,824 DEBUG epoch: 117, train_acc: 0.0, val_acc: 49.62, fidel_score: 63.18, acc_loss: 0.0, grad_loss: 0.9376562347140494
2022-04-25 14:51:42,606 DEBUG epoch: 118, train_acc: 0.0, val_acc: 50.2, fidel_score: 63.94, acc_loss: 0.0, grad_loss: 0.9851725192009648
2022-04-25 14:51:46,382 DEBUG epoch: 119, train_acc: 0.0, val_acc: 50.52, fidel_score: 64.36, acc_loss: 0.0, grad_loss: 0.9002187893360476
2022-04-25 14:51:50,085 DEBUG epoch: 120, train_acc: 0.0, val_acc: 50.72, fidel_score: 64.63, acc_loss: 0.0, grad_loss: 0.8797188914274867
2022-04-25 14:51:53,680 DEBUG epoch: 121, train_acc: 0.0, val_acc: 50.6, fidel_score: 64.25, acc_loss: 0.0, grad_loss: 0.9357897137539296
2022-04-25 14:51:57,501 DEBUG epoch: 122, train_acc: 0.0, val_acc: 50.61, fidel_score: 64.35, acc_loss: 0.0, grad_loss: 0.8513632529898535
2022-04-25 14:52:01,487 DEBUG epoch: 123, train_acc: 0.0, val_acc: 51.61, fidel_score: 65.88, acc_loss: 0.0, grad_loss: 0.8768054288399371
2022-04-25 14:52:05,195 DEBUG epoch: 124, train_acc: 0.0, val_acc: 51.36, fidel_score: 65.52, acc_loss: 0.0, grad_loss: 0.8454605688022662
2022-04-25 14:52:08,753 DEBUG epoch: 125, train_acc: 0.0, val_acc: 50.49, fidel_score: 64.05, acc_loss: 0.0, grad_loss: 0.8845328824429572
2022-04-25 14:52:12,429 DEBUG epoch: 126, train_acc: 0.0, val_acc: 50.05, fidel_score: 63.3, acc_loss: 0.0, grad_loss: 0.9627810905251322
2022-04-25 14:52:16,238 DEBUG epoch: 127, train_acc: 0.0, val_acc: 51.1, fidel_score: 64.89, acc_loss: 0.0, grad_loss: 0.8713486911375311
2022-04-25 14:52:20,070 DEBUG epoch: 128, train_acc: 0.0, val_acc: 51.36, fidel_score: 65.18, acc_loss: 0.0, grad_loss: 0.9414786383321013
2022-04-25 14:52:23,909 DEBUG epoch: 129, train_acc: 0.0, val_acc: 51.23, fidel_score: 64.91, acc_loss: 0.0, grad_loss: 0.9183643218837206
2022-04-25 14:52:27,717 DEBUG epoch: 130, train_acc: 0.0, val_acc: 51.37, fidel_score: 65.2, acc_loss: 0.0, grad_loss: 0.9341617996179605
2022-04-25 14:52:31,425 DEBUG epoch: 131, train_acc: 0.0, val_acc: 52.13, fidel_score: 66.09, acc_loss: 0.0, grad_loss: 0.9490992019448099
2022-04-25 14:52:35,038 DEBUG epoch: 132, train_acc: 0.0, val_acc: 52.05, fidel_score: 66.23, acc_loss: 0.0, grad_loss: 0.8700427050831951
2022-04-25 14:52:38,710 DEBUG epoch: 133, train_acc: 0.0, val_acc: 52.45, fidel_score: 66.85, acc_loss: 0.0, grad_loss: 0.8402813986132417
2022-04-25 14:52:42,594 DEBUG epoch: 134, train_acc: 0.0, val_acc: 52.34, fidel_score: 66.63, acc_loss: 0.0, grad_loss: 0.877329517014419
2022-04-25 14:52:46,637 DEBUG epoch: 135, train_acc: 0.0, val_acc: 52.59, fidel_score: 66.92, acc_loss: 0.0, grad_loss: 0.9453721932972534
2022-04-25 14:52:50,501 DEBUG epoch: 136, train_acc: 0.0, val_acc: 52.68, fidel_score: 66.95, acc_loss: 0.0, grad_loss: 0.9253666487675679
2022-04-25 14:52:54,035 DEBUG epoch: 137, train_acc: 0.0, val_acc: 52.83, fidel_score: 67.29, acc_loss: 0.0, grad_loss: 0.898200126388405
2022-04-25 14:52:56,772 DEBUG epoch: 138, train_acc: 0.0, val_acc: 52.96, fidel_score: 67.66, acc_loss: 0.0, grad_loss: 0.8429432764083524
2022-04-25 14:52:59,411 DEBUG epoch: 139, train_acc: 0.0, val_acc: 53.52, fidel_score: 68.39, acc_loss: 0.0, grad_loss: 0.9070950814440281
2022-04-25 14:53:02,221 DEBUG epoch: 140, train_acc: 0.0, val_acc: 52.99, fidel_score: 67.54, acc_loss: 0.0, grad_loss: 0.8938788315163383
2022-04-25 14:53:05,102 DEBUG epoch: 141, train_acc: 0.0, val_acc: 53.04, fidel_score: 67.59, acc_loss: 0.0, grad_loss: 0.879328909554059
2022-04-25 14:53:07,862 DEBUG epoch: 142, train_acc: 0.0, val_acc: 53.76, fidel_score: 68.79, acc_loss: 0.0, grad_loss: 0.9210428342789034
2022-04-25 14:53:11,582 DEBUG epoch: 143, train_acc: 0.0, val_acc: 53.71, fidel_score: 68.73, acc_loss: 0.0, grad_loss: 0.9258578046213223
2022-04-25 14:53:15,526 DEBUG epoch: 144, train_acc: 0.0, val_acc: 54.18, fidel_score: 69.43, acc_loss: 0.0, grad_loss: 0.9275443772726422
2022-04-25 14:53:19,219 DEBUG epoch: 145, train_acc: 0.0, val_acc: 54.07, fidel_score: 69.15, acc_loss: 0.0, grad_loss: 0.904968415257297
2022-04-25 14:53:23,153 DEBUG epoch: 146, train_acc: 0.0, val_acc: 54.36, fidel_score: 69.73, acc_loss: 0.0, grad_loss: 0.9117306327518029
2022-04-25 14:53:26,899 DEBUG epoch: 147, train_acc: 0.0, val_acc: 54.14, fidel_score: 69.46, acc_loss: 0.0, grad_loss: 0.948746469201921
2022-04-25 14:53:30,870 DEBUG epoch: 148, train_acc: 0.0, val_acc: 54.13, fidel_score: 69.55, acc_loss: 0.0, grad_loss: 0.9318116518515575
2022-04-25 14:53:34,611 DEBUG epoch: 149, train_acc: 0.0, val_acc: 54.56, fidel_score: 70.32, acc_loss: 0.0, grad_loss: 0.921285874104198
2022-04-25 14:53:38,526 DEBUG epoch: 150, train_acc: 0.0, val_acc: 54.85, fidel_score: 70.68, acc_loss: 0.0, grad_loss: 0.8626455872119227
2022-04-25 14:53:42,288 DEBUG epoch: 151, train_acc: 0.0, val_acc: 54.69, fidel_score: 70.32, acc_loss: 0.0, grad_loss: 0.8556673077842857
2022-04-25 14:53:46,107 DEBUG epoch: 152, train_acc: 0.0, val_acc: 55.12, fidel_score: 70.98, acc_loss: 0.0, grad_loss: 0.7829129533677162
2022-04-25 14:53:49,958 DEBUG epoch: 153, train_acc: 0.0, val_acc: 55.11, fidel_score: 70.91, acc_loss: 0.0, grad_loss: 0.8939914020556438
2022-04-25 14:53:53,692 DEBUG epoch: 154, train_acc: 0.0, val_acc: 54.71, fidel_score: 70.4, acc_loss: 0.0, grad_loss: 0.8578991014746171
2022-04-25 14:53:57,542 DEBUG epoch: 155, train_acc: 0.0, val_acc: 54.82, fidel_score: 70.62, acc_loss: 0.0, grad_loss: 0.8351956379564502
2022-04-25 14:54:01,253 DEBUG epoch: 156, train_acc: 0.0, val_acc: 55.13, fidel_score: 71.06, acc_loss: 0.0, grad_loss: 0.8390150247495386
2022-04-25 14:54:05,214 DEBUG epoch: 157, train_acc: 0.0, val_acc: 55.13, fidel_score: 71.14, acc_loss: 0.0, grad_loss: 0.8203906288629845
2022-04-25 14:54:08,888 DEBUG epoch: 158, train_acc: 0.0, val_acc: 55.38, fidel_score: 71.57, acc_loss: 0.0, grad_loss: 0.8263791294037541
2022-04-25 14:54:12,833 DEBUG epoch: 159, train_acc: 0.0, val_acc: 55.4, fidel_score: 71.55, acc_loss: 0.0, grad_loss: 0.8617416197740579
2022-04-25 14:54:16,591 DEBUG epoch: 160, train_acc: 0.0, val_acc: 55.41, fidel_score: 71.6, acc_loss: 0.0, grad_loss: 0.7727878961382033
2022-04-25 14:54:20,557 DEBUG epoch: 161, train_acc: 0.0, val_acc: 55.64, fidel_score: 71.86, acc_loss: 0.0, grad_loss: 0.7689950726454771
2022-04-25 14:54:24,282 DEBUG epoch: 162, train_acc: 0.0, val_acc: 55.81, fidel_score: 72.14, acc_loss: 0.0, grad_loss: 0.8350249310083027
2022-04-25 14:54:28,179 DEBUG epoch: 163, train_acc: 0.0, val_acc: 55.9, fidel_score: 72.31, acc_loss: 0.0, grad_loss: 0.8429215508925764
2022-04-25 14:54:32,012 DEBUG epoch: 164, train_acc: 0.0, val_acc: 55.99, fidel_score: 72.46, acc_loss: 0.0, grad_loss: 0.8797876189781141
2022-04-25 14:54:35,739 DEBUG epoch: 165, train_acc: 0.0, val_acc: 56.28, fidel_score: 72.75, acc_loss: 0.0, grad_loss: 0.829218481537662
2022-04-25 14:54:39,656 DEBUG epoch: 166, train_acc: 0.0, val_acc: 56.14, fidel_score: 72.45, acc_loss: 0.0, grad_loss: 0.8488736016840874
2022-04-25 14:54:43,317 DEBUG epoch: 167, train_acc: 0.0, val_acc: 56.0, fidel_score: 72.26, acc_loss: 0.0, grad_loss: 0.873567350680315
2022-04-25 14:54:47,260 DEBUG epoch: 168, train_acc: 0.0, val_acc: 55.86, fidel_score: 72.12, acc_loss: 0.0, grad_loss: 0.8594966975948478
2022-04-25 14:54:51,011 DEBUG epoch: 169, train_acc: 0.0, val_acc: 55.88, fidel_score: 72.16, acc_loss: 0.0, grad_loss: 0.8146198229699195
2022-04-25 14:54:54,955 DEBUG epoch: 170, train_acc: 0.0, val_acc: 55.83, fidel_score: 72.12, acc_loss: 0.0, grad_loss: 0.9260167207898973
2022-04-25 14:54:58,693 DEBUG epoch: 171, train_acc: 0.0, val_acc: 55.87, fidel_score: 72.19, acc_loss: 0.0, grad_loss: 0.7724097752118413
2022-04-25 14:55:02,644 DEBUG epoch: 172, train_acc: 0.0, val_acc: 55.7, fidel_score: 71.93, acc_loss: 0.0, grad_loss: 0.800194715774512
2022-04-25 14:55:06,479 DEBUG epoch: 173, train_acc: 0.0, val_acc: 56.03, fidel_score: 72.47, acc_loss: 0.0, grad_loss: 0.9005520004260389
2022-04-25 14:55:10,200 DEBUG epoch: 174, train_acc: 0.0, val_acc: 56.22, fidel_score: 72.71, acc_loss: 0.0, grad_loss: 0.8576690679109549
2022-04-25 14:55:14,119 DEBUG epoch: 175, train_acc: 0.0, val_acc: 56.0, fidel_score: 72.35, acc_loss: 0.0, grad_loss: 0.8321569063995458
2022-04-25 14:55:17,770 DEBUG epoch: 176, train_acc: 0.0, val_acc: 56.25, fidel_score: 72.82, acc_loss: 0.0, grad_loss: 0.8921752349485325
2022-04-25 14:55:21,638 DEBUG epoch: 177, train_acc: 0.0, val_acc: 56.23, fidel_score: 72.85, acc_loss: 0.0, grad_loss: 0.8294330891929095
2022-04-25 14:55:25,347 DEBUG epoch: 178, train_acc: 0.0, val_acc: 56.11, fidel_score: 72.65, acc_loss: 0.0, grad_loss: 0.8583913513376743
2022-04-25 14:55:29,316 DEBUG epoch: 179, train_acc: 0.0, val_acc: 56.19, fidel_score: 72.72, acc_loss: 0.0, grad_loss: 0.8490073620518551
2022-04-25 14:55:32,956 DEBUG epoch: 180, train_acc: 0.0, val_acc: 56.06, fidel_score: 72.55, acc_loss: 0.0, grad_loss: 0.8261901242069051
2022-04-25 14:55:36,899 DEBUG epoch: 181, train_acc: 0.0, val_acc: 56.25, fidel_score: 72.92, acc_loss: 0.0, grad_loss: 0.8093387318562858
2022-04-25 14:55:40,670 DEBUG epoch: 182, train_acc: 0.0, val_acc: 56.4, fidel_score: 73.07, acc_loss: 0.0, grad_loss: 0.8160600081274781
2022-04-25 14:55:44,618 DEBUG epoch: 183, train_acc: 0.0, val_acc: 56.62, fidel_score: 73.44, acc_loss: 0.0, grad_loss: 0.8543241910542114
2022-04-25 14:55:48,329 DEBUG epoch: 184, train_acc: 0.0, val_acc: 56.81, fidel_score: 73.71, acc_loss: 0.0, grad_loss: 0.8254310798041428
2022-04-25 14:55:52,259 DEBUG epoch: 185, train_acc: 0.0, val_acc: 56.54, fidel_score: 73.28, acc_loss: 0.0, grad_loss: 0.7975964067102987
2022-04-25 14:55:56,026 DEBUG epoch: 186, train_acc: 0.0, val_acc: 56.74, fidel_score: 73.57, acc_loss: 0.0, grad_loss: 0.8371741247328022
2022-04-25 14:55:59,969 DEBUG epoch: 187, train_acc: 0.0, val_acc: 56.81, fidel_score: 73.64, acc_loss: 0.0, grad_loss: 0.8199855428707751
2022-04-25 14:56:03,720 DEBUG epoch: 188, train_acc: 0.0, val_acc: 56.85, fidel_score: 73.66, acc_loss: 0.0, grad_loss: 0.8099788649927212
2022-04-25 14:56:07,630 DEBUG epoch: 189, train_acc: 0.0, val_acc: 56.87, fidel_score: 73.65, acc_loss: 0.0, grad_loss: 0.8447711584688742
2022-04-25 14:56:11,458 DEBUG epoch: 190, train_acc: 0.0, val_acc: 56.76, fidel_score: 73.44, acc_loss: 0.0, grad_loss: 0.7999771290187594
2022-04-25 14:56:15,253 DEBUG epoch: 191, train_acc: 0.0, val_acc: 56.63, fidel_score: 73.24, acc_loss: 0.0, grad_loss: 0.8519327534904962
2022-04-25 14:56:19,100 DEBUG epoch: 192, train_acc: 0.0, val_acc: 56.75, fidel_score: 73.59, acc_loss: 0.0, grad_loss: 0.822308740661114
2022-04-25 14:56:22,813 DEBUG epoch: 193, train_acc: 0.0, val_acc: 56.88, fidel_score: 73.74, acc_loss: 0.0, grad_loss: 0.8161979627005661
2022-04-25 14:56:26,675 DEBUG epoch: 194, train_acc: 0.0, val_acc: 56.95, fidel_score: 73.85, acc_loss: 0.0, grad_loss: 0.9016394935831239
2022-04-25 14:56:30,358 DEBUG epoch: 195, train_acc: 0.0, val_acc: 57.0, fidel_score: 73.95, acc_loss: 0.0, grad_loss: 0.811798290361332
2022-04-25 14:56:34,259 DEBUG epoch: 196, train_acc: 0.0, val_acc: 56.98, fidel_score: 73.92, acc_loss: 0.0, grad_loss: 0.8411448035813585
2022-04-25 14:56:37,924 DEBUG epoch: 197, train_acc: 0.0, val_acc: 57.11, fidel_score: 74.21, acc_loss: 0.0, grad_loss: 0.8472243434266199
2022-04-25 14:56:41,883 DEBUG epoch: 198, train_acc: 0.0, val_acc: 56.9, fidel_score: 73.69, acc_loss: 0.0, grad_loss: 0.7899659532534925
2022-04-25 14:56:45,583 DEBUG epoch: 199, train_acc: 0.0, val_acc: 57.01, fidel_score: 73.9, acc_loss: 0.0, grad_loss: 0.8286074886593637
2022-04-25 14:56:48,178 DEBUG epoch: 200, train_acc: 0.0, val_acc: 56.97, fidel_score: 73.81, acc_loss: 0.0, grad_loss: 0.8899116255814516
2022-04-25 14:56:50,888 DEBUG epoch: 201, train_acc: 0.0, val_acc: 57.03, fidel_score: 74.03, acc_loss: 0.0, grad_loss: 0.8103693848169302
2022-04-25 14:56:53,637 DEBUG epoch: 202, train_acc: 0.0, val_acc: 57.11, fidel_score: 74.16, acc_loss: 0.0, grad_loss: 0.7651935736589794
2022-04-25 14:56:56,463 DEBUG epoch: 203, train_acc: 0.0, val_acc: 57.46, fidel_score: 74.7, acc_loss: 0.0, grad_loss: 0.8597992239873621
2022-04-25 14:56:59,779 DEBUG epoch: 204, train_acc: 0.0, val_acc: 57.64, fidel_score: 74.96, acc_loss: 0.0, grad_loss: 0.7971312762061252
2022-04-25 14:57:03,353 DEBUG epoch: 205, train_acc: 0.0, val_acc: 57.5, fidel_score: 74.67, acc_loss: 0.0, grad_loss: 0.8104966199850734
2022-04-25 14:57:07,547 DEBUG epoch: 206, train_acc: 0.0, val_acc: 57.19, fidel_score: 74.23, acc_loss: 0.0, grad_loss: 0.7966565221925325
2022-04-25 14:57:11,495 DEBUG epoch: 207, train_acc: 0.0, val_acc: 57.25, fidel_score: 74.32, acc_loss: 0.0, grad_loss: 0.8625482445276236
2022-04-25 14:57:15,460 DEBUG epoch: 208, train_acc: 0.0, val_acc: 57.5, fidel_score: 74.71, acc_loss: 0.0, grad_loss: 0.8185766309122496
2022-04-25 14:57:19,397 DEBUG epoch: 209, train_acc: 0.0, val_acc: 57.49, fidel_score: 74.7, acc_loss: 0.0, grad_loss: 0.8122943202151528
2022-04-25 14:57:23,216 DEBUG epoch: 210, train_acc: 0.0, val_acc: 57.37, fidel_score: 74.51, acc_loss: 0.0, grad_loss: 0.8737637015837657
2022-04-25 14:57:27,231 DEBUG epoch: 211, train_acc: 0.0, val_acc: 57.35, fidel_score: 74.56, acc_loss: 0.0, grad_loss: 0.8945811356924758
2022-04-25 14:57:31,288 DEBUG epoch: 212, train_acc: 0.0, val_acc: 57.45, fidel_score: 74.73, acc_loss: 0.0, grad_loss: 0.8337436529654491
2022-04-25 14:57:35,001 DEBUG epoch: 213, train_acc: 0.0, val_acc: 57.56, fidel_score: 74.88, acc_loss: 0.0, grad_loss: 0.8084545376934583
2022-04-25 14:57:38,965 DEBUG epoch: 214, train_acc: 0.0, val_acc: 57.24, fidel_score: 74.35, acc_loss: 0.0, grad_loss: 0.8040918462638613
2022-04-25 14:57:43,073 DEBUG epoch: 215, train_acc: 0.0, val_acc: 57.13, fidel_score: 74.21, acc_loss: 0.0, grad_loss: 0.7872164407862893
2022-04-25 14:57:46,802 DEBUG epoch: 216, train_acc: 0.0, val_acc: 57.47, fidel_score: 74.71, acc_loss: 0.0, grad_loss: 0.8768990832039073
2022-04-25 14:57:50,901 DEBUG epoch: 217, train_acc: 0.0, val_acc: 57.66, fidel_score: 75.02, acc_loss: 0.0, grad_loss: 0.8285319107242778
2022-04-25 14:57:54,966 DEBUG epoch: 218, train_acc: 0.0, val_acc: 57.91, fidel_score: 75.5, acc_loss: 0.0, grad_loss: 0.7659929164602787
2022-04-25 14:57:58,745 DEBUG epoch: 219, train_acc: 0.0, val_acc: 57.7, fidel_score: 75.09, acc_loss: 0.0, grad_loss: 0.9147909611840791
2022-04-25 14:58:02,957 DEBUG epoch: 220, train_acc: 0.0, val_acc: 57.35, fidel_score: 74.5, acc_loss: 0.0, grad_loss: 0.8587864192226266
2022-04-25 14:58:06,930 DEBUG epoch: 221, train_acc: 0.0, val_acc: 57.6, fidel_score: 75.04, acc_loss: 0.0, grad_loss: 0.8166794810868516
2022-04-25 14:58:10,718 DEBUG epoch: 222, train_acc: 0.0, val_acc: 57.67, fidel_score: 75.16, acc_loss: 0.0, grad_loss: 0.8714774009547656
2022-04-25 14:58:14,838 DEBUG epoch: 223, train_acc: 0.0, val_acc: 57.47, fidel_score: 74.84, acc_loss: 0.0, grad_loss: 0.8149365877048879
2022-04-25 14:58:18,774 DEBUG epoch: 224, train_acc: 0.0, val_acc: 57.73, fidel_score: 75.29, acc_loss: 0.0, grad_loss: 0.7817465768584723
2022-04-25 14:58:22,756 DEBUG epoch: 225, train_acc: 0.0, val_acc: 57.8, fidel_score: 75.44, acc_loss: 0.0, grad_loss: 0.8422406602509415
2022-04-25 14:58:26,698 DEBUG epoch: 226, train_acc: 0.0, val_acc: 57.77, fidel_score: 75.27, acc_loss: 0.0, grad_loss: 0.8752655424649203
2022-04-25 14:58:30,495 DEBUG epoch: 227, train_acc: 0.0, val_acc: 57.8, fidel_score: 75.33, acc_loss: 0.0, grad_loss: 0.8214259509798847
2022-04-25 14:58:34,626 DEBUG epoch: 228, train_acc: 0.0, val_acc: 57.53, fidel_score: 74.85, acc_loss: 0.0, grad_loss: 0.8662242519704602
2022-04-25 14:58:38,602 DEBUG epoch: 229, train_acc: 0.0, val_acc: 57.97, fidel_score: 75.55, acc_loss: 0.0, grad_loss: 0.8371848324431649
2022-04-25 14:58:42,355 DEBUG epoch: 230, train_acc: 0.0, val_acc: 58.35, fidel_score: 76.21, acc_loss: 0.0, grad_loss: 0.8398629592943795
2022-04-25 14:58:46,308 DEBUG epoch: 231, train_acc: 0.0, val_acc: 57.85, fidel_score: 75.36, acc_loss: 0.0, grad_loss: 0.828868026974835
2022-04-25 14:58:50,445 DEBUG epoch: 232, train_acc: 0.0, val_acc: 57.78, fidel_score: 75.14, acc_loss: 0.0, grad_loss: 0.8737724042391475
2022-04-25 14:58:54,177 DEBUG epoch: 233, train_acc: 0.0, val_acc: 57.92, fidel_score: 75.5, acc_loss: 0.0, grad_loss: 0.7939450080636181
2022-04-25 14:58:58,202 DEBUG epoch: 234, train_acc: 0.0, val_acc: 58.29, fidel_score: 76.17, acc_loss: 0.0, grad_loss: 0.8148081363001957
2022-04-25 14:59:02,301 DEBUG epoch: 235, train_acc: 0.0, val_acc: 58.2, fidel_score: 76.08, acc_loss: 0.0, grad_loss: 0.7925113367883465
2022-04-25 14:59:06,023 DEBUG epoch: 236, train_acc: 0.0, val_acc: 57.89, fidel_score: 75.56, acc_loss: 0.0, grad_loss: 0.8892111197302613
2022-04-25 14:59:10,126 DEBUG epoch: 237, train_acc: 0.0, val_acc: 57.96, fidel_score: 75.74, acc_loss: 0.0, grad_loss: 0.7783872432346586
2022-04-25 14:59:14,222 DEBUG epoch: 238, train_acc: 0.0, val_acc: 58.11, fidel_score: 75.93, acc_loss: 0.0, grad_loss: 0.8470072240769109
2022-04-25 14:59:17,982 DEBUG epoch: 239, train_acc: 0.0, val_acc: 58.51, fidel_score: 76.52, acc_loss: 0.0, grad_loss: 0.8514181424545336
2022-04-25 14:59:22,141 DEBUG epoch: 240, train_acc: 0.0, val_acc: 58.37, fidel_score: 76.23, acc_loss: 0.0, grad_loss: 0.8791712133944789
2022-04-25 14:59:26,147 DEBUG epoch: 241, train_acc: 0.0, val_acc: 58.38, fidel_score: 76.24, acc_loss: 0.0, grad_loss: 0.8502480859243418
2022-04-25 14:59:29,915 DEBUG epoch: 242, train_acc: 0.0, val_acc: 58.23, fidel_score: 76.01, acc_loss: 0.0, grad_loss: 0.881890627025049
2022-04-25 14:59:34,195 DEBUG epoch: 243, train_acc: 0.0, val_acc: 58.28, fidel_score: 76.08, acc_loss: 0.0, grad_loss: 0.8095236978953397
2022-04-25 14:59:38,170 DEBUG epoch: 244, train_acc: 0.0, val_acc: 58.38, fidel_score: 76.26, acc_loss: 0.0, grad_loss: 0.8456217446659184
2022-04-25 14:59:41,992 DEBUG epoch: 245, train_acc: 0.0, val_acc: 58.52, fidel_score: 76.5, acc_loss: 0.0, grad_loss: 0.8453860335712191
2022-04-25 14:59:46,210 DEBUG epoch: 246, train_acc: 0.0, val_acc: 58.52, fidel_score: 76.5, acc_loss: 0.0, grad_loss: 0.7448478442958638
2022-04-25 14:59:50,159 DEBUG epoch: 247, train_acc: 0.0, val_acc: 58.55, fidel_score: 76.56, acc_loss: 0.0, grad_loss: 0.903072876643531
2022-04-25 14:59:54,000 DEBUG epoch: 248, train_acc: 0.0, val_acc: 58.5, fidel_score: 76.51, acc_loss: 0.0, grad_loss: 0.8381910346731355
2022-04-25 14:59:58,039 DEBUG epoch: 249, train_acc: 0.0, val_acc: 58.36, fidel_score: 76.23, acc_loss: 0.0, grad_loss: 0.8618063839930522
2022-04-25 15:00:02,003 DEBUG epoch: 250, train_acc: 0.0, val_acc: 58.37, fidel_score: 76.29, acc_loss: 0.0, grad_loss: 0.8076925326751757
2022-04-25 15:00:06,038 DEBUG epoch: 251, train_acc: 0.0, val_acc: 58.28, fidel_score: 76.1, acc_loss: 0.0, grad_loss: 0.8086385817467412
2022-04-25 15:00:09,977 DEBUG epoch: 252, train_acc: 0.0, val_acc: 58.29, fidel_score: 76.15, acc_loss: 0.0, grad_loss: 0.7808256481267228
2022-04-25 15:00:13,775 DEBUG epoch: 253, train_acc: 0.0, val_acc: 58.33, fidel_score: 76.23, acc_loss: 0.0, grad_loss: 0.809507139875919
2022-04-25 15:00:17,911 DEBUG epoch: 254, train_acc: 0.0, val_acc: 58.25, fidel_score: 76.04, acc_loss: 0.0, grad_loss: 0.8379023773006246
2022-04-25 15:00:21,908 DEBUG epoch: 255, train_acc: 0.0, val_acc: 58.16, fidel_score: 75.9, acc_loss: 0.0, grad_loss: 0.7895611860329592
2022-04-25 15:00:25,671 DEBUG epoch: 256, train_acc: 0.0, val_acc: 58.29, fidel_score: 76.16, acc_loss: 0.0, grad_loss: 0.8863523153564598
2022-04-25 15:00:29,628 DEBUG epoch: 257, train_acc: 0.0, val_acc: 58.29, fidel_score: 76.14, acc_loss: 0.0, grad_loss: 0.8107444376130647
2022-04-25 15:00:33,734 DEBUG epoch: 258, train_acc: 0.0, val_acc: 58.31, fidel_score: 76.17, acc_loss: 0.0, grad_loss: 0.8246717207793948
2022-04-25 15:00:37,497 DEBUG epoch: 259, train_acc: 0.0, val_acc: 58.21, fidel_score: 76.06, acc_loss: 0.0, grad_loss: 0.7988192125966277
2022-04-25 15:00:41,511 DEBUG epoch: 260, train_acc: 0.0, val_acc: 58.25, fidel_score: 76.09, acc_loss: 0.0, grad_loss: 0.7853330705739274
2022-04-25 15:00:45,615 DEBUG epoch: 261, train_acc: 0.0, val_acc: 58.21, fidel_score: 76.03, acc_loss: 0.0, grad_loss: 0.8430101245264464
2022-04-25 15:00:49,308 DEBUG epoch: 262, train_acc: 0.0, val_acc: 58.19, fidel_score: 75.99, acc_loss: 0.0, grad_loss: 0.7412987634350982
2022-04-25 15:00:53,406 DEBUG epoch: 263, train_acc: 0.0, val_acc: 58.07, fidel_score: 75.7, acc_loss: 0.0, grad_loss: 0.7987867548495908
2022-04-25 15:00:57,455 DEBUG epoch: 264, train_acc: 0.0, val_acc: 58.14, fidel_score: 75.84, acc_loss: 0.0, grad_loss: 0.8133526082280316
2022-04-25 15:01:01,193 DEBUG epoch: 265, train_acc: 0.0, val_acc: 58.15, fidel_score: 75.84, acc_loss: 0.0, grad_loss: 0.8655884726138054
2022-04-25 15:01:05,466 DEBUG epoch: 266, train_acc: 0.0, val_acc: 58.28, fidel_score: 76.14, acc_loss: 0.0, grad_loss: 0.8883602815338328
2022-04-25 15:01:09,418 DEBUG epoch: 267, train_acc: 0.0, val_acc: 58.22, fidel_score: 75.96, acc_loss: 0.0, grad_loss: 0.8047808401192291
2022-04-25 15:01:13,281 DEBUG epoch: 268, train_acc: 0.0, val_acc: 58.2, fidel_score: 75.94, acc_loss: 0.0, grad_loss: 0.7556726344024078
2022-04-25 15:01:17,536 DEBUG epoch: 269, train_acc: 0.0, val_acc: 58.18, fidel_score: 75.9, acc_loss: 0.0, grad_loss: 0.7964502063733113
2022-04-25 15:01:21,509 DEBUG epoch: 270, train_acc: 0.0, val_acc: 58.22, fidel_score: 76.05, acc_loss: 0.0, grad_loss: 0.813613506434839
2022-04-25 15:01:25,341 DEBUG epoch: 271, train_acc: 0.0, val_acc: 58.29, fidel_score: 76.1, acc_loss: 0.0, grad_loss: 0.788054801240752
2022-04-25 15:01:29,329 DEBUG epoch: 272, train_acc: 0.0, val_acc: 58.24, fidel_score: 76.0, acc_loss: 0.0, grad_loss: 0.8097547062590152
2022-04-25 15:01:33,189 DEBUG epoch: 273, train_acc: 0.0, val_acc: 58.24, fidel_score: 76.03, acc_loss: 0.0, grad_loss: 0.780574585063548
2022-04-25 15:01:37,278 DEBUG epoch: 274, train_acc: 0.0, val_acc: 58.32, fidel_score: 76.19, acc_loss: 0.0, grad_loss: 0.7919195218931271
2022-04-25 15:01:41,215 DEBUG epoch: 275, train_acc: 0.0, val_acc: 58.32, fidel_score: 76.24, acc_loss: 0.0, grad_loss: 0.812122495868538
2022-04-25 15:01:45,007 DEBUG epoch: 276, train_acc: 0.0, val_acc: 58.26, fidel_score: 76.14, acc_loss: 0.0, grad_loss: 0.7693387820750852
2022-04-25 15:01:49,083 DEBUG epoch: 277, train_acc: 0.0, val_acc: 58.24, fidel_score: 76.05, acc_loss: 0.0, grad_loss: 0.8039976067935364
2022-04-25 15:01:53,135 DEBUG epoch: 278, train_acc: 0.0, val_acc: 58.14, fidel_score: 75.84, acc_loss: 0.0, grad_loss: 0.8097581410709815
2022-04-25 15:01:56,858 DEBUG epoch: 279, train_acc: 0.0, val_acc: 58.16, fidel_score: 75.86, acc_loss: 0.0, grad_loss: 0.758010583210595
2022-04-25 15:02:00,864 DEBUG epoch: 280, train_acc: 0.0, val_acc: 58.11, fidel_score: 75.73, acc_loss: 0.0, grad_loss: 0.799585458975804
2022-04-25 15:02:05,033 DEBUG epoch: 281, train_acc: 0.0, val_acc: 58.2, fidel_score: 75.94, acc_loss: 0.0, grad_loss: 0.819026004287261
2022-04-25 15:02:08,766 DEBUG epoch: 282, train_acc: 0.0, val_acc: 58.1, fidel_score: 75.78, acc_loss: 0.0, grad_loss: 0.8394979178150997
2022-04-25 15:02:12,776 DEBUG epoch: 283, train_acc: 0.0, val_acc: 58.18, fidel_score: 75.88, acc_loss: 0.0, grad_loss: 0.8024085115028333
2022-04-25 15:02:16,845 DEBUG epoch: 284, train_acc: 0.0, val_acc: 58.18, fidel_score: 75.82, acc_loss: 0.0, grad_loss: 0.8955891324749475
2022-04-25 15:02:20,590 DEBUG epoch: 285, train_acc: 0.0, val_acc: 58.19, fidel_score: 75.9, acc_loss: 0.0, grad_loss: 0.846902799757221
2022-04-25 15:02:24,743 DEBUG epoch: 286, train_acc: 0.0, val_acc: 58.18, fidel_score: 75.91, acc_loss: 0.0, grad_loss: 0.8291974675051773
2022-04-25 15:02:28,805 DEBUG epoch: 287, train_acc: 0.0, val_acc: 58.19, fidel_score: 75.99, acc_loss: 0.0, grad_loss: 0.7432261248932609
2022-04-25 15:02:32,602 DEBUG epoch: 288, train_acc: 0.0, val_acc: 58.12, fidel_score: 75.79, acc_loss: 0.0, grad_loss: 0.859452412098269
2022-04-25 15:02:36,859 DEBUG epoch: 289, train_acc: 0.0, val_acc: 58.15, fidel_score: 75.87, acc_loss: 0.0, grad_loss: 0.8538123784185965
2022-04-25 15:02:40,847 DEBUG epoch: 290, train_acc: 0.0, val_acc: 58.2, fidel_score: 75.99, acc_loss: 0.0, grad_loss: 0.7695332226119463
2022-04-25 15:02:44,636 DEBUG epoch: 291, train_acc: 0.0, val_acc: 58.26, fidel_score: 76.09, acc_loss: 0.0, grad_loss: 0.8523724452604221
2022-04-25 15:02:48,828 DEBUG epoch: 292, train_acc: 0.0, val_acc: 58.38, fidel_score: 76.33, acc_loss: 0.0, grad_loss: 0.8311993657033655
2022-04-25 15:02:52,793 DEBUG epoch: 293, train_acc: 0.0, val_acc: 58.39, fidel_score: 76.33, acc_loss: 0.0, grad_loss: 0.8555447183832338
2022-04-25 15:02:56,644 DEBUG epoch: 294, train_acc: 0.0, val_acc: 58.45, fidel_score: 76.44, acc_loss: 0.0, grad_loss: 0.8282974351056015
2022-04-25 15:03:00,733 DEBUG epoch: 295, train_acc: 0.0, val_acc: 58.27, fidel_score: 76.16, acc_loss: 0.0, grad_loss: 0.8694297629821149
2022-04-25 15:03:04,611 DEBUG epoch: 296, train_acc: 0.0, val_acc: 58.39, fidel_score: 76.3, acc_loss: 0.0, grad_loss: 0.8037297876575326
2022-04-25 15:03:08,640 DEBUG epoch: 297, train_acc: 0.0, val_acc: 58.49, fidel_score: 76.53, acc_loss: 0.0, grad_loss: 0.8145115371746353
2022-04-25 15:03:12,583 DEBUG epoch: 298, train_acc: 0.0, val_acc: 58.48, fidel_score: 76.49, acc_loss: 0.0, grad_loss: 0.8170228913615022
2022-04-25 15:03:16,381 DEBUG epoch: 299, train_acc: 0.0, val_acc: 58.53, fidel_score: 76.61, acc_loss: 0.0, grad_loss: 0.8463844879518582
2022-04-25 15:03:20,472 DEBUG epoch: 300, train_acc: 0.0, val_acc: 58.46, fidel_score: 76.59, acc_loss: 0.0, grad_loss: 0.772074122217637
2022-04-25 15:03:20,472 DEBUG load best stealed model.
2022-04-25 15:03:20,472 DEBUG Best perform model, val_acc: 58.55, fidel_score: 76.56, acc_loss: 0.0, grad_loss: 0.8463844879518582
2022-04-25 15:03:20,472 DEBUG load cloest stealed model.
2022-04-25 15:03:20,472 DEBUG Cloest perform model, val_acc: 58.53, fidel_score: 76.61, acc_loss: 0.0, grad_loss: 0.8463844879518582
